Dataset multi Source real Target sketch Labeled num perclass 3 Network alexnet
126 classes in this dataset
Labelled Source Examples:  70358
Unlabelled Target Dataset Size:  23826
Labelled Target Dataset Size:  378
Misc. Labelled Target Dataset Size:  378
torch.Size([70358, 4096])
torch.Size([23826, 4096])
Bank keys - Target:  dict_keys(['feat_vec', 'labels', 'names', 'domain_identifier']) Source:  dict_keys(['feat_vec', 'labels', 'names', 'domain_identifier'])
Num  - Target:  23826 Source:  70358
Unlabeled Target Data Batches: 372
S real T sketch Train Ep: 0 lr0.01 	 Loss Classification: 4.880358 Loss T 0.481876 Method MME

32
32
32
32
32
32
32
32
32
32
32
32
tensor(1134.)

Labeled Target set: Average loss: 4.8541, Accuracy: 8/1134 F1 (0.7055%)


Test set: Average loss: 4.8498, Accuracy: 206/23808 F1 (0.8653%)


Val set: Average loss: 4.8700, Accuracy: 7/352 F1 (1.9886%)

best acc test 0.865255  acc val 1.988636 acc labeled target 0.705467
saving model...
S real T sketch Train Ep: 100 lr0.009925650290240803 	 Loss Classification: 2.313426 Loss T 0.409565 Method MME

S real T sketch Train Ep: 200 lr0.009852577760521605 	 Loss Classification: 1.573048 Loss T 0.367693 Method MME

S real T sketch Train Ep: 300 lr0.009780748269686728 	 Loss Classification: 1.499260 Loss T 0.326700 Method MME

S real T sketch Train Ep: 400 lr0.009710128909124701 	 Loss Classification: 1.050647 Loss T 0.290243 Method MME

S real T sketch Train Ep: 500 lr0.00964068794694323 	 Loss Classification: 1.146373 Loss T 0.279677 Method MME

32
32
32
32
32
32
32
32
32
32
32
32
tensor(1134.)

Labeled Target set: Average loss: 3.9498, Accuracy: 205/1134 F1 (18.0776%)


Test set: Average loss: 3.7207, Accuracy: 5591/23808 F1 (23.4837%)


Val set: Average loss: 3.5786, Accuracy: 91/352 F1 (25.8523%)

best acc test 23.483703  acc val 25.852273 acc labeled target 18.077601
saving model...
S real T sketch Train Ep: 600 lr0.00957239477517603 	 Loss Classification: 1.645330 Loss T 0.274284 Method MME

S real T sketch Train Ep: 700 lr0.009505219859830012 	 Loss Classification: 1.289302 Loss T 0.292153 Method MME

S real T sketch Train Ep: 800 lr0.009439134693595126 	 Loss Classification: 0.973416 Loss T 0.258005 Method MME

S real T sketch Train Ep: 900 lr0.009374111751051751 	 Loss Classification: 0.950887 Loss T 0.247901 Method MME

S real T sketch Train Ep: 1000 lr0.009310124446222227 	 Loss Classification: 1.121133 Loss T 0.228657 Method MME

32
32
32
32
32
32
32
32
32
32
32
32
tensor(1134.)

Labeled Target set: Average loss: 4.0252, Accuracy: 227/1134 F1 (20.0176%)


Test set: Average loss: 3.8181, Accuracy: 5770/23808 F1 (24.2356%)


Val set: Average loss: 3.7564, Accuracy: 85/352 F1 (24.1477%)

best acc test 23.483703  acc val 24.147727 acc labeled target 20.017637
saving model...
S real T sketch Train Ep: 1100 lr0.00924714709232377 	 Loss Classification: 0.903644 Loss T 0.256684 Method MME

S real T sketch Train Ep: 1200 lr0.009185154863590003 	 Loss Classification: 1.427269 Loss T 0.242499 Method MME

S real T sketch Train Ep: 1300 lr0.00912412375903735 	 Loss Classification: 1.094607 Loss T 0.254218 Method MME

S real T sketch Train Ep: 1400 lr0.009064030568061049 	 Loss Classification: 1.512890 Loss T 0.242258 Method MME

S real T sketch Train Ep: 1500 lr0.009004852837753237 	 Loss Classification: 0.994661 Loss T 0.216564 Method MME

32
32
32
32
32
32
32
32
32
32
32
32
tensor(1134.)

Labeled Target set: Average loss: 3.7177, Accuracy: 277/1134 F1 (24.4268%)


Test set: Average loss: 3.5498, Accuracy: 6537/23808 F1 (27.4572%)


Val set: Average loss: 3.5005, Accuracy: 103/352 F1 (29.2614%)

best acc test 27.457157  acc val 29.261364 acc labeled target 24.426808
saving model...
S real T sketch Train Ep: 1600 lr0.008946568841842816 	 Loss Classification: 1.167615 Loss T 0.236558 Method MME

S real T sketch Train Ep: 1700 lr0.008889157551163433 	 Loss Classification: 1.225539 Loss T 0.215520 Method MME

S real T sketch Train Ep: 1800 lr0.008832598605562044 	 Loss Classification: 1.262140 Loss T 0.215650 Method MME

S real T sketch Train Ep: 1900 lr0.008776872287166303 	 Loss Classification: 1.236155 Loss T 0.238940 Method MME

Per Class Accuracy Calculated According to the Labelled Target examples is:  [0.7777778  0.8888889  0.         0.         0.22222222 0.11111111
 0.         0.7777778  0.11111111 0.         0.5555556  1.
 0.         0.         0.         0.         0.6666667  0.6666667
 0.         0.         0.6666667  0.         0.33333334 0.
 0.33333334 0.         0.         0.33333334 0.33333334 0.
 0.         0.33333334 0.         0.7777778  0.11111111 0.33333334
 0.         0.         0.11111111 0.11111111 0.33333334 0.
 0.         0.11111111 0.         0.11111111 0.         0.44444445
 0.5555556  0.7777778  0.22222222 0.         0.7777778  0.
 0.33333334 0.         0.         0.22222222 0.         0.
 0.22222222 0.         0.33333334 0.         0.33333334 0.
 0.         0.22222222 0.         0.7777778  0.         0.
 0.7777778  0.22222222 0.44444445 0.         0.11111111 0.11111111
 0.11111111 0.         0.         0.5555556  0.22222222 0.5555556
 0.22222222 0.11111111 0.5555556  0.6666667  0.         0.33333334
 0.22222222 0.33333334 0.33333334 0.33333334 0.44444445 0.33333334
 0.33333334 0.         0.11111111 0.11111111 0.7777778  0.5555556
 0.         0.22222222 0.6666667  0.         0.         0.6666667
 0.         0.33333334 0.44444445 0.33333334 0.5555556  0.33333334
 0.         1.         0.         0.5555556  0.         0.
 0.33333334 0.11111111 0.         0.         0.         1.        ]
Top k classes which perform poorly are:  [56, 97, 36, 37, 42, 44, 46, 119, 51, 118, 53, 55, 58, 32, 59, 124, 63, 65, 66, 68, 70, 71, 116, 88, 75, 79, 80, 61, 30, 41, 114, 19, 3, 106, 9, 29, 21, 15, 105, 14, 23, 2, 123, 13, 12, 25, 26, 6, 102, 122, 18, 108, 5, 121, 77, 78, 45, 43, 39, 38, 85, 34, 98, 99, 76, 8, 4, 73, 84, 90, 60, 57, 50, 82, 103, 67, 89, 111, 109, 92, 93, 95, 96, 91, 62, 31, 22, 24, 27, 28, 120, 35, 40, 113, 54, 64, 94, 47, 110, 74, 10, 86, 48, 81, 117, 83, 112, 101, 104, 20, 107, 17, 16, 87, 0, 72, 69, 52, 49, 33, 7, 100, 1, 115, 11, 125]
Per cls weights according to the accuracy are:  tensor([1.2297, 1.2056, 1.5000, 1.5000, 1.4004, 1.4474, 1.5000, 1.2297, 1.4474,
        1.5000, 1.2869, 1.1839, 1.5000, 1.5000, 1.5000, 1.5000, 1.2567, 1.2567,
        1.5000, 1.5000, 1.2567, 1.5000, 1.3583, 1.5000, 1.3583, 1.5000, 1.5000,
        1.3583, 1.3583, 1.5000, 1.5000, 1.3583, 1.5000, 1.2297, 1.4474, 1.3583,
        1.5000, 1.5000, 1.4474, 1.4474, 1.3583, 1.5000, 1.5000, 1.4474, 1.5000,
        1.4474, 1.5000, 1.3206, 1.2869, 1.2297, 1.4004, 1.5000, 1.2297, 1.5000,
        1.3583, 1.5000, 1.5000, 1.4004, 1.5000, 1.5000, 1.4004, 1.5000, 1.3583,
        1.5000, 1.3583, 1.5000, 1.5000, 1.4004, 1.5000, 1.2297, 1.5000, 1.5000,
        1.2297, 1.4004, 1.3206, 1.5000, 1.4474, 1.4474, 1.4474, 1.5000, 1.5000,
        1.2869, 1.4004, 1.2869, 1.4004, 1.4474, 1.2869, 1.2567, 1.5000, 1.3583,
        1.4004, 1.3583, 1.3583, 1.3583, 1.3206, 1.3583, 1.3583, 1.5000, 1.4474,
        1.4474, 1.2297, 1.2869, 1.5000, 1.4004, 1.2567, 1.5000, 1.5000, 1.2567,
        1.5000, 1.3583, 1.3206, 1.3583, 1.2869, 1.3583, 1.5000, 1.1839, 1.5000,
        1.2869, 1.5000, 1.5000, 1.3583, 1.4474, 1.5000, 1.5000, 1.5000, 1.1839])
0
1
2
3
4
5
6
7
8
9
10
11
12
13
14
15
16
17
18
19
20
21
22
23
24
25
26
27
28
29
30
31
32
33
34
35
36
37
38
39
40
41
42
43
44
45
46
47
48
49
50
51
52
53
54
55
56
57
58
59
60
61
62
63
64
65
66
67
68
69
70
71
72
73
74
75
76
77
78
79
80
81
82
83
84
85
86
87
88
89
90
91
92
93
94
95
96
97
98
99
100
101
102
103
104
105
106
107
108
109
110
111
112
113
114
115
116
117
118
119
120
121
122
123
124
125
126
127
128
129
130
131
132
133
134
135
136
137
138
139
140
141
142
143
144
145
146
147
148
149
150
151
152
153
154
155
156
157
158
159
160
161
162
163
164
165
166
167
168
169
170
171
172
173
174
175
176
177
178
179
180
181
182
183
184
185
186
187
188
189
190
191
192
193
194
195
196
197
198
199
200
201
202
203
204
205
206
207
208
209
210
211
212
213
214
215
216
217
218
219
220
221
222
223
224
225
226
227
228
229
230
231
232
233
234
235
236
237
238
239
240
241
242
243
244
245
246
247
248
249
250
251
252
253
254
255
256
257
258
259
260
261
262
263
264
265
266
267
268
269
270
271
272
273
274
275
276
277
278
279
280
281
282
283
284
285
286
287
288
289
290
291
292
293
294
295
296
297
298
299
300
301
302
303
304
305
306
307
308
309
310
311
312
313
314
315
316
317
318
319
320
321
322
323
324
325
326
327
328
329
330
331
332
333
334
335
336
337
338
339
340
341
342
343
344
345
346
347
348
349
350
351
352
353
354
355
356
357
358
359
360
361
362
363
364
365
366
367
368
369
370
371
372
373
374
375
376
377
Per cls weights according to the accuracy are:  tensor([0.7703, 0.7944, 0.5000, 0.5000, 0.5996, 0.5526, 0.5000, 0.7703, 0.5526,
        0.5000, 0.7131, 0.8161, 0.5000, 0.5000, 0.5000, 0.5000, 0.7433, 0.7433,
        0.5000, 0.5000, 0.7433, 0.5000, 0.6417, 0.5000, 0.6417, 0.5000, 0.5000,
        0.6417, 0.6417, 0.5000, 0.5000, 0.6417, 0.5000, 0.7703, 0.5526, 0.6417,
        0.5000, 0.5000, 0.5526, 0.5526, 0.6417, 0.5000, 0.5000, 0.5526, 0.5000,
        0.5526, 0.5000, 0.6794, 0.7131, 0.7703, 0.5996, 0.5000, 0.7703, 0.5000,
        0.6417, 0.5000, 0.5000, 0.5996, 0.5000, 0.5000, 0.5996, 0.5000, 0.6417,
        0.5000, 0.6417, 0.5000, 0.5000, 0.5996, 0.5000, 0.7703, 0.5000, 0.5000,
        0.7703, 0.5996, 0.6794, 0.5000, 0.5526, 0.5526, 0.5526, 0.5000, 0.5000,
        0.7131, 0.5996, 0.7131, 0.5996, 0.5526, 0.7131, 0.7433, 0.5000, 0.6417,
        0.5996, 0.6417, 0.6417, 0.6417, 0.6794, 0.6417, 0.6417, 0.5000, 0.5526,
        0.5526, 0.7703, 0.7131, 0.5000, 0.5996, 0.7433, 0.5000, 0.5000, 0.7433,
        0.5000, 0.6417, 0.6794, 0.6417, 0.7131, 0.6417, 0.5000, 0.8161, 0.5000,
        0.7131, 0.5000, 0.5000, 0.6417, 0.5526, 0.5000, 0.5000, 0.5000, 0.8161])
0
1
2
3
4
5
6
7
8
9
10
11
12
13
14
15
16
17
18
19
20
21
22
23
24
25
26
27
28
29
30
31
32
33
34
35
36
37
38
39
40
41
42
43
44
45
46
47
48
49
50
51
52
53
54
55
56
57
58
59
60
61
62
63
64
65
66
67
68
69
70
71
72
73
74
75
76
77
78
79
80
81
82
83
84
85
86
87
88
89
90
91
92
93
94
95
96
97
98
99
100
101
102
103
104
105
106
107
108
109
110
111
112
113
114
115
116
117
118
119
120
121
122
123
124
125
126
127
128
129
130
131
132
133
134
135
136
137
138
139
140
141
142
143
144
145
146
147
148
149
150
151
152
153
154
155
156
157
158
159
160
161
162
163
164
165
166
167
168
169
170
171
172
173
174
175
176
177
178
179
180
181
182
183
184
185
186
187
188
189
190
191
192
193
194
195
196
197
198
199
200
201
202
203
204
205
206
207
208
209
210
211
212
213
214
215
216
217
218
219
220
221
222
223
224
225
226
227
228
229
230
231
232
233
234
235
236
237
238
239
240
241
242
243
244
245
246
247
248
249
250
251
252
253
254
255
256
257
258
259
260
261
262
263
264
265
266
267
268
269
270
271
272
273
274
275
276
277
278
279
280
281
282
283
284
285
286
287
288
289
290
291
292
293
294
295
296
297
298
299
300
301
302
303
304
305
306
307
308
309
310
311
312
313
314
315
316
317
318
319
320
321
322
323
324
325
326
327
328
329
330
331
332
333
334
335
336
337
338
339
340
341
342
343
344
345
346
347
348
349
350
351
352
353
354
355
356
357
358
359
360
361
362
363
364
365
366
367
368
369
370
371
372
373
374
375
376
377
Assigned Classwise weights to source
S real T sketch Train Ep: 2000 lr0.008721959494934213 	 Loss Classification: 1.606565 Loss T 0.219678 Method MME

32
32
32
32
32
32
32
32
32
32
32
32
tensor(1134.)

Labeled Target set: Average loss: 3.5378, Accuracy: 314/1134 F1 (27.6896%)


Test set: Average loss: 3.4211, Accuracy: 7098/23808 F1 (29.8135%)


Val set: Average loss: 3.3655, Accuracy: 111/352 F1 (31.5341%)

best acc test 29.813508  acc val 31.534091 acc labeled target 27.689594
saving model...
S real T sketch Train Ep: 2100 lr0.008667841720414475 	 Loss Classification: 1.311994 Loss T 0.211209 Method MME

S real T sketch Train Ep: 2200 lr0.008614501024650454 	 Loss Classification: 1.445328 Loss T 0.227610 Method MME

S real T sketch Train Ep: 2300 lr0.008561920016164943 	 Loss Classification: 1.335799 Loss T 0.237663 Method MME

S real T sketch Train Ep: 2400 lr0.008510081829966844 	 Loss Classification: 0.957132 Loss T 0.222808 Method MME

S real T sketch Train Ep: 2500 lr0.008458970107524513 	 Loss Classification: 1.312642 Loss T 0.193455 Method MME

32
32
32
32
32
32
32
32
32
32
32
32
tensor(1134.)

Labeled Target set: Average loss: 4.0059, Accuracy: 250/1134 F1 (22.0459%)


Test set: Average loss: 3.9735, Accuracy: 6294/23808 F1 (26.4365%)


Val set: Average loss: 3.7819, Accuracy: 103/352 F1 (29.2614%)

best acc test 29.813508  acc val 29.261364 acc labeled target 22.045855
saving model...
S real T sketch Train Ep: 2600 lr0.008408568977653933 	 Loss Classification: 1.150512 Loss T 0.231180 Method MME

S real T sketch Train Ep: 2700 lr0.00835886303827305 	 Loss Classification: 1.065899 Loss T 0.191625 Method MME

S real T sketch Train Ep: 2800 lr0.008309837338976545 	 Loss Classification: 0.714919 Loss T 0.206731 Method MME

S real T sketch Train Ep: 2900 lr0.008261477364388068 	 Loss Classification: 0.616176 Loss T 0.219520 Method MME

Per Class Accuracy Calculated According to the Labelled Target examples is:  [0.8888889  1.         0.         0.         0.         0.
 0.         0.33333334 0.22222222 0.         0.44444445 0.5555556
 0.         0.         0.         0.         0.5555556  0.7777778
 0.11111111 0.33333334 0.33333334 0.         0.44444445 0.
 0.33333334 0.         0.         0.22222222 0.22222222 0.22222222
 0.         0.44444445 0.         0.22222222 0.         0.11111111
 0.11111111 0.         0.         0.         0.33333334 0.11111111
 0.         1.         0.33333334 0.         0.5555556  0.11111111
 0.33333334 1.         0.         0.         0.5555556  0.
 0.11111111 0.         0.         0.         0.22222222 0.
 0.44444445 0.         0.44444445 0.11111111 0.6666667  0.
 0.         0.22222222 0.22222222 0.33333334 0.22222222 0.
 0.7777778  0.22222222 0.5555556  0.         0.         0.
 0.         0.22222222 0.         0.22222222 0.11111111 0.11111111
 0.33333334 0.         0.22222222 0.6666667  0.         0.44444445
 0.11111111 0.33333334 0.         0.11111111 0.5555556  0.44444445
 0.22222222 0.         0.11111111 0.11111111 0.7777778  0.44444445
 0.         0.22222222 0.         0.         0.         0.33333334
 0.11111111 0.11111111 0.         0.22222222 0.5555556  0.44444445
 0.         1.         0.         0.44444445 0.         0.22222222
 0.5555556  0.33333334 0.11111111 0.         0.         0.7777778 ]
Top k classes which perform poorly are:  [116, 97, 34, 76, 37, 38, 39, 42, 92, 45, 88, 50, 51, 32, 85, 55, 56, 57, 59, 61, 124, 65, 66, 80, 78, 77, 71, 53, 30, 75, 118, 123, 2, 3, 4, 5, 6, 114, 9, 110, 12, 13, 14, 106, 15, 104, 102, 26, 25, 105, 23, 21, 98, 35, 63, 82, 93, 83, 18, 54, 41, 99, 108, 122, 47, 90, 109, 36, 96, 111, 81, 103, 86, 79, 58, 73, 33, 27, 29, 8, 28, 119, 68, 70, 67, 7, 40, 24, 121, 44, 91, 19, 48, 69, 107, 84, 20, 10, 113, 101, 22, 95, 89, 117, 60, 31, 62, 74, 94, 46, 120, 16, 11, 52, 112, 87, 64, 125, 100, 72, 17, 0, 49, 43, 1, 115]
Per cls weights according to the accuracy are:  tensor([1.2056, 1.1839, 1.5000, 1.5000, 1.5000, 1.5000, 1.5000, 1.3583, 1.4004,
        1.5000, 1.3206, 1.2869, 1.5000, 1.5000, 1.5000, 1.5000, 1.2869, 1.2297,
        1.4474, 1.3583, 1.3583, 1.5000, 1.3206, 1.5000, 1.3583, 1.5000, 1.5000,
        1.4004, 1.4004, 1.4004, 1.5000, 1.3206, 1.5000, 1.4004, 1.5000, 1.4474,
        1.4474, 1.5000, 1.5000, 1.5000, 1.3583, 1.4474, 1.5000, 1.1839, 1.3583,
        1.5000, 1.2869, 1.4474, 1.3583, 1.1839, 1.5000, 1.5000, 1.2869, 1.5000,
        1.4474, 1.5000, 1.5000, 1.5000, 1.4004, 1.5000, 1.3206, 1.5000, 1.3206,
        1.4474, 1.2567, 1.5000, 1.5000, 1.4004, 1.4004, 1.3583, 1.4004, 1.5000,
        1.2297, 1.4004, 1.2869, 1.5000, 1.5000, 1.5000, 1.5000, 1.4004, 1.5000,
        1.4004, 1.4474, 1.4474, 1.3583, 1.5000, 1.4004, 1.2567, 1.5000, 1.3206,
        1.4474, 1.3583, 1.5000, 1.4474, 1.2869, 1.3206, 1.4004, 1.5000, 1.4474,
        1.4474, 1.2297, 1.3206, 1.5000, 1.4004, 1.5000, 1.5000, 1.5000, 1.3583,
        1.4474, 1.4474, 1.5000, 1.4004, 1.2869, 1.3206, 1.5000, 1.1839, 1.5000,
        1.3206, 1.5000, 1.4004, 1.2869, 1.3583, 1.4474, 1.5000, 1.5000, 1.2297])
0
1
2
3
4
5
6
7
8
9
10
11
12
13
14
15
16
17
18
19
20
21
22
23
24
25
26
27
28
29
30
31
32
33
34
35
36
37
38
39
40
41
42
43
44
45
46
47
48
49
50
51
52
53
54
55
56
57
58
59
60
61
62
63
64
65
66
67
68
69
70
71
72
73
74
75
76
77
78
79
80
81
82
83
84
85
86
87
88
89
90
91
92
93
94
95
96
97
98
99
100
101
102
103
104
105
106
107
108
109
110
111
112
113
114
115
116
117
118
119
120
121
122
123
124
125
126
127
128
129
130
131
132
133
134
135
136
137
138
139
140
141
142
143
144
145
146
147
148
149
150
151
152
153
154
155
156
157
158
159
160
161
162
163
164
165
166
167
168
169
170
171
172
173
174
175
176
177
178
179
180
181
182
183
184
185
186
187
188
189
190
191
192
193
194
195
196
197
198
199
200
201
202
203
204
205
206
207
208
209
210
211
212
213
214
215
216
217
218
219
220
221
222
223
224
225
226
227
228
229
230
231
232
233
234
235
236
237
238
239
240
241
242
243
244
245
246
247
248
249
250
251
252
253
254
255
256
257
258
259
260
261
262
263
264
265
266
267
268
269
270
271
272
273
274
275
276
277
278
279
280
281
282
283
284
285
286
287
288
289
290
291
292
293
294
295
296
297
298
299
300
301
302
303
304
305
306
307
308
309
310
311
312
313
314
315
316
317
318
319
320
321
322
323
324
325
326
327
328
329
330
331
332
333
334
335
336
337
338
339
340
341
342
343
344
345
346
347
348
349
350
351
352
353
354
355
356
357
358
359
360
361
362
363
364
365
366
367
368
369
370
371
372
373
374
375
376
377
Per cls weights according to the accuracy are:  tensor([0.7944, 0.8161, 0.5000, 0.5000, 0.5000, 0.5000, 0.5000, 0.6417, 0.5996,
        0.5000, 0.6794, 0.7131, 0.5000, 0.5000, 0.5000, 0.5000, 0.7131, 0.7703,
        0.5526, 0.6417, 0.6417, 0.5000, 0.6794, 0.5000, 0.6417, 0.5000, 0.5000,
        0.5996, 0.5996, 0.5996, 0.5000, 0.6794, 0.5000, 0.5996, 0.5000, 0.5526,
        0.5526, 0.5000, 0.5000, 0.5000, 0.6417, 0.5526, 0.5000, 0.8161, 0.6417,
        0.5000, 0.7131, 0.5526, 0.6417, 0.8161, 0.5000, 0.5000, 0.7131, 0.5000,
        0.5526, 0.5000, 0.5000, 0.5000, 0.5996, 0.5000, 0.6794, 0.5000, 0.6794,
        0.5526, 0.7433, 0.5000, 0.5000, 0.5996, 0.5996, 0.6417, 0.5996, 0.5000,
        0.7703, 0.5996, 0.7131, 0.5000, 0.5000, 0.5000, 0.5000, 0.5996, 0.5000,
        0.5996, 0.5526, 0.5526, 0.6417, 0.5000, 0.5996, 0.7433, 0.5000, 0.6794,
        0.5526, 0.6417, 0.5000, 0.5526, 0.7131, 0.6794, 0.5996, 0.5000, 0.5526,
        0.5526, 0.7703, 0.6794, 0.5000, 0.5996, 0.5000, 0.5000, 0.5000, 0.6417,
        0.5526, 0.5526, 0.5000, 0.5996, 0.7131, 0.6794, 0.5000, 0.8161, 0.5000,
        0.6794, 0.5000, 0.5996, 0.7131, 0.6417, 0.5526, 0.5000, 0.5000, 0.7703])
0
1
2
3
4
5
6
7
8
9
10
11
12
13
14
15
16
17
18
19
20
21
22
23
24
25
26
27
28
29
30
31
32
33
34
35
36
37
38
39
40
41
42
43
44
45
46
47
48
49
50
51
52
53
54
55
56
57
58
59
60
61
62
63
64
65
66
67
68
69
70
71
72
73
74
75
76
77
78
79
80
81
82
83
84
85
86
87
88
89
90
91
92
93
94
95
96
97
98
99
100
101
102
103
104
105
106
107
108
109
110
111
112
113
114
115
116
117
118
119
120
121
122
123
124
125
126
127
128
129
130
131
132
133
134
135
136
137
138
139
140
141
142
143
144
145
146
147
148
149
150
151
152
153
154
155
156
157
158
159
160
161
162
163
164
165
166
167
168
169
170
171
172
173
174
175
176
177
178
179
180
181
182
183
184
185
186
187
188
189
190
191
192
193
194
195
196
197
198
199
200
201
202
203
204
205
206
207
208
209
210
211
212
213
214
215
216
217
218
219
220
221
222
223
224
225
226
227
228
229
230
231
232
233
234
235
236
237
238
239
240
241
242
243
244
245
246
247
248
249
250
251
252
253
254
255
256
257
258
259
260
261
262
263
264
265
266
267
268
269
270
271
272
273
274
275
276
277
278
279
280
281
282
283
284
285
286
287
288
289
290
291
292
293
294
295
296
297
298
299
300
301
302
303
304
305
306
307
308
309
310
311
312
313
314
315
316
317
318
319
320
321
322
323
324
325
326
327
328
329
330
331
332
333
334
335
336
337
338
339
340
341
342
343
344
345
346
347
348
349
350
351
352
353
354
355
356
357
358
359
360
361
362
363
364
365
366
367
368
369
370
371
372
373
374
375
376
377
Assigned Classwise weights to source
S real T sketch Train Ep: 3000 lr0.008213769018249545 	 Loss Classification: 0.857219 Loss T 0.258490 Method MME

32
32
32
32
32
32
32
32
32
32
32
32
tensor(1134.)

Labeled Target set: Average loss: 3.6923, Accuracy: 274/1134 F1 (24.1623%)


Test set: Average loss: 3.6374, Accuracy: 6615/23808 F1 (27.7848%)


Val set: Average loss: 3.5821, Accuracy: 105/352 F1 (29.8295%)

best acc test 29.813508  acc val 29.829545 acc labeled target 24.162257
saving model...
S real T sketch Train Ep: 3100 lr0.008166698608209509 	 Loss Classification: 0.718311 Loss T 0.206581 Method MME

S real T sketch Train Ep: 3200 lr0.008120252831274708 	 Loss Classification: 1.171937 Loss T 0.174788 Method MME

S real T sketch Train Ep: 3300 lr0.008074418759891278 	 Loss Classification: 0.533709 Loss T 0.264633 Method MME

S real T sketch Train Ep: 3400 lr0.008029183828623731 	 Loss Classification: 0.897734 Loss T 0.246708 Method MME

S real T sketch Train Ep: 3500 lr0.007984535821401871 	 Loss Classification: 1.263050 Loss T 0.214893 Method MME

32
32
32
32
32
32
32
32
32
32
32
32
tensor(1134.)

Labeled Target set: Average loss: 3.6732, Accuracy: 307/1134 F1 (27.0723%)


Test set: Average loss: 3.5559, Accuracy: 7199/23808 F1 (30.2377%)


Val set: Average loss: 3.4310, Accuracy: 114/352 F1 (32.3864%)

best acc test 30.237735  acc val 32.386364 acc labeled target 27.072310
saving model...
S real T sketch Train Ep: 3600 lr0.007940462859307384 	 Loss Classification: 1.166585 Loss T 0.207192 Method MME

S real T sketch Train Ep: 3700 lr0.007896953388873518 	 Loss Classification: 1.135642 Loss T 0.214561 Method MME

S real T sketch Train Ep: 3800 lr0.007853996170872714 	 Loss Classification: 0.669609 Loss T 0.248733 Method MME

S real T sketch Train Ep: 3900 lr0.00781158026956848 	 Loss Classification: 0.968332 Loss T 0.153065 Method MME

Per Class Accuracy Calculated According to the Labelled Target examples is:  [0.8888889  1.         0.         0.         0.         0.
 0.11111111 0.5555556  0.22222222 0.         0.44444445 1.
 0.         0.         0.         0.         0.6666667  0.6666667
 0.11111111 0.33333334 0.6666667  0.11111111 1.         0.
 0.33333334 0.33333334 0.         0.5555556  0.33333334 0.
 0.         0.         0.         0.33333334 0.44444445 0.44444445
 0.         0.         0.33333334 0.11111111 0.6666667  0.33333334
 0.         0.33333334 0.22222222 0.11111111 0.33333334 0.44444445
 0.33333334 1.         0.22222222 0.22222222 0.6666667  0.
 0.22222222 0.33333334 0.         0.6666667  0.         0.
 0.33333334 0.22222222 0.5555556  0.22222222 0.44444445 0.11111111
 0.         0.6666667  0.         1.         0.         0.
 0.6666667  0.22222222 0.33333334 0.         0.         0.22222222
 0.11111111 0.33333334 0.         0.11111111 0.22222222 0.
 0.33333334 0.         0.33333334 0.6666667  0.         0.11111111
 0.22222222 0.         0.33333334 0.5555556  0.33333334 0.22222222
 0.33333334 0.         0.         0.         0.6666667  0.44444445
 0.         0.         0.6666667  0.         0.         0.22222222
 0.         0.         0.         0.5555556  0.44444445 0.44444445
 0.         1.         0.         0.6666667  0.         0.33333334
 0.6666667  0.5555556  0.22222222 0.         0.         0.8888889 ]
Top k classes which perform poorly are:  [58, 32, 36, 37, 109, 42, 98, 53, 56, 106, 116, 59, 124, 66, 105, 68, 70, 71, 103, 75, 76, 80, 83, 85, 102, 88, 91, 97, 31, 30, 108, 99, 9, 14, 118, 23, 114, 15, 12, 5, 3, 26, 29, 2, 123, 110, 4, 13, 81, 6, 89, 78, 18, 65, 39, 21, 45, 54, 95, 90, 82, 44, 77, 73, 122, 8, 107, 63, 51, 61, 50, 33, 96, 55, 94, 92, 25, 38, 86, 19, 84, 24, 28, 43, 79, 48, 60, 74, 119, 46, 41, 47, 101, 34, 112, 35, 10, 113, 64, 111, 62, 93, 7, 121, 27, 16, 17, 20, 100, 40, 52, 57, 67, 104, 72, 87, 120, 117, 0, 125, 69, 49, 22, 11, 1, 115]
Per cls weights according to the accuracy are:  tensor([1.2056, 1.1839, 1.5000, 1.5000, 1.5000, 1.5000, 1.4474, 1.2869, 1.4004,
        1.5000, 1.3206, 1.1839, 1.5000, 1.5000, 1.5000, 1.5000, 1.2567, 1.2567,
        1.4474, 1.3583, 1.2567, 1.4474, 1.1839, 1.5000, 1.3583, 1.3583, 1.5000,
        1.2869, 1.3583, 1.5000, 1.5000, 1.5000, 1.5000, 1.3583, 1.3206, 1.3206,
        1.5000, 1.5000, 1.3583, 1.4474, 1.2567, 1.3583, 1.5000, 1.3583, 1.4004,
        1.4474, 1.3583, 1.3206, 1.3583, 1.1839, 1.4004, 1.4004, 1.2567, 1.5000,
        1.4004, 1.3583, 1.5000, 1.2567, 1.5000, 1.5000, 1.3583, 1.4004, 1.2869,
        1.4004, 1.3206, 1.4474, 1.5000, 1.2567, 1.5000, 1.1839, 1.5000, 1.5000,
        1.2567, 1.4004, 1.3583, 1.5000, 1.5000, 1.4004, 1.4474, 1.3583, 1.5000,
        1.4474, 1.4004, 1.5000, 1.3583, 1.5000, 1.3583, 1.2567, 1.5000, 1.4474,
        1.4004, 1.5000, 1.3583, 1.2869, 1.3583, 1.4004, 1.3583, 1.5000, 1.5000,
        1.5000, 1.2567, 1.3206, 1.5000, 1.5000, 1.2567, 1.5000, 1.5000, 1.4004,
        1.5000, 1.5000, 1.5000, 1.2869, 1.3206, 1.3206, 1.5000, 1.1839, 1.5000,
        1.2567, 1.5000, 1.3583, 1.2567, 1.2869, 1.4004, 1.5000, 1.5000, 1.2056])
0
1
2
3
4
5
6
7
8
9
10
11
12
13
14
15
16
17
18
19
20
21
22
23
24
25
26
27
28
29
30
31
32
33
34
35
36
37
38
39
40
41
42
43
44
45
46
47
48
49
50
51
52
53
54
55
56
57
58
59
60
61
62
63
64
65
66
67
68
69
70
71
72
73
74
75
76
77
78
79
80
81
82
83
84
85
86
87
88
89
90
91
92
93
94
95
96
97
98
99
100
101
102
103
104
105
106
107
108
109
110
111
112
113
114
115
116
117
118
119
120
121
122
123
124
125
126
127
128
129
130
131
132
133
134
135
136
137
138
139
140
141
142
143
144
145
146
147
148
149
150
151
152
153
154
155
156
157
158
159
160
161
162
163
164
165
166
167
168
169
170
171
172
173
174
175
176
177
178
179
180
181
182
183
184
185
186
187
188
189
190
191
192
193
194
195
196
197
198
199
200
201
202
203
204
205
206
207
208
209
210
211
212
213
214
215
216
217
218
219
220
221
222
223
224
225
226
227
228
229
230
231
232
233
234
235
236
237
238
239
240
241
242
243
244
245
246
247
248
249
250
251
252
253
254
255
256
257
258
259
260
261
262
263
264
265
266
267
268
269
270
271
272
273
274
275
276
277
278
279
280
281
282
283
284
285
286
287
288
289
290
291
292
293
294
295
296
297
298
299
300
301
302
303
304
305
306
307
308
309
310
311
312
313
314
315
316
317
318
319
320
321
322
323
324
325
326
327
328
329
330
331
332
333
334
335
336
337
338
339
340
341
342
343
344
345
346
347
348
349
350
351
352
353
354
355
356
357
358
359
360
361
362
363
364
365
366
367
368
369
370
371
372
373
374
375
376
377
Per cls weights according to the accuracy are:  tensor([0.7944, 0.8161, 0.5000, 0.5000, 0.5000, 0.5000, 0.5526, 0.7131, 0.5996,
        0.5000, 0.6794, 0.8161, 0.5000, 0.5000, 0.5000, 0.5000, 0.7433, 0.7433,
        0.5526, 0.6417, 0.7433, 0.5526, 0.8161, 0.5000, 0.6417, 0.6417, 0.5000,
        0.7131, 0.6417, 0.5000, 0.5000, 0.5000, 0.5000, 0.6417, 0.6794, 0.6794,
        0.5000, 0.5000, 0.6417, 0.5526, 0.7433, 0.6417, 0.5000, 0.6417, 0.5996,
        0.5526, 0.6417, 0.6794, 0.6417, 0.8161, 0.5996, 0.5996, 0.7433, 0.5000,
        0.5996, 0.6417, 0.5000, 0.7433, 0.5000, 0.5000, 0.6417, 0.5996, 0.7131,
        0.5996, 0.6794, 0.5526, 0.5000, 0.7433, 0.5000, 0.8161, 0.5000, 0.5000,
        0.7433, 0.5996, 0.6417, 0.5000, 0.5000, 0.5996, 0.5526, 0.6417, 0.5000,
        0.5526, 0.5996, 0.5000, 0.6417, 0.5000, 0.6417, 0.7433, 0.5000, 0.5526,
        0.5996, 0.5000, 0.6417, 0.7131, 0.6417, 0.5996, 0.6417, 0.5000, 0.5000,
        0.5000, 0.7433, 0.6794, 0.5000, 0.5000, 0.7433, 0.5000, 0.5000, 0.5996,
        0.5000, 0.5000, 0.5000, 0.7131, 0.6794, 0.6794, 0.5000, 0.8161, 0.5000,
        0.7433, 0.5000, 0.6417, 0.7433, 0.7131, 0.5996, 0.5000, 0.5000, 0.7944])
0
1
2
3
4
5
6
7
8
9
10
11
12
13
14
15
16
17
18
19
20
21
22
23
24
25
26
27
28
29
30
31
32
33
34
35
36
37
38
39
40
41
42
43
44
45
46
47
48
49
50
51
52
53
54
55
56
57
58
59
60
61
62
63
64
65
66
67
68
69
70
71
72
73
74
75
76
77
78
79
80
81
82
83
84
85
86
87
88
89
90
91
92
93
94
95
96
97
98
99
100
101
102
103
104
105
106
107
108
109
110
111
112
113
114
115
116
117
118
119
120
121
122
123
124
125
126
127
128
129
130
131
132
133
134
135
136
137
138
139
140
141
142
143
144
145
146
147
148
149
150
151
152
153
154
155
156
157
158
159
160
161
162
163
164
165
166
167
168
169
170
171
172
173
174
175
176
177
178
179
180
181
182
183
184
185
186
187
188
189
190
191
192
193
194
195
196
197
198
199
200
201
202
203
204
205
206
207
208
209
210
211
212
213
214
215
216
217
218
219
220
221
222
223
224
225
226
227
228
229
230
231
232
233
234
235
236
237
238
239
240
241
242
243
244
245
246
247
248
249
250
251
252
253
254
255
256
257
258
259
260
261
262
263
264
265
266
267
268
269
270
271
272
273
274
275
276
277
278
279
280
281
282
283
284
285
286
287
288
289
290
291
292
293
294
295
296
297
298
299
300
301
302
303
304
305
306
307
308
309
310
311
312
313
314
315
316
317
318
319
320
321
322
323
324
325
326
327
328
329
330
331
332
333
334
335
336
337
338
339
340
341
342
343
344
345
346
347
348
349
350
351
352
353
354
355
356
357
358
359
360
361
362
363
364
365
366
367
368
369
370
371
372
373
374
375
376
377
Assigned Classwise weights to source
S real T sketch Train Ep: 4000 lr0.007769695042409123 	 Loss Classification: 1.245161 Loss T 0.211368 Method MME

32
32
32
32
32
32
32
32
32
32
32
32
tensor(1134.)

Labeled Target set: Average loss: 3.7263, Accuracy: 296/1134 F1 (26.1023%)


Test set: Average loss: 3.5988, Accuracy: 7119/23808 F1 (29.9017%)


Val set: Average loss: 3.5322, Accuracy: 113/352 F1 (32.1023%)

best acc test 30.237735  acc val 32.102273 acc labeled target 26.102293
saving model...
S real T sketch Train Ep: 4100 lr0.007728330130142108 	 Loss Classification: 0.862595 Loss T 0.211373 Method MME

S real T sketch Train Ep: 4200 lr0.007687475447329114 	 Loss Classification: 0.826264 Loss T 0.193582 Method MME

S real T sketch Train Ep: 4300 lr0.0076471211732427845 	 Loss Classification: 1.128899 Loss T 0.213683 Method MME

S real T sketch Train Ep: 4400 lr0.007607257743127307 	 Loss Classification: 0.784330 Loss T 0.221265 Method MME

S real T sketch Train Ep: 4500 lr0.007567875839805858 	 Loss Classification: 0.890882 Loss T 0.251528 Method MME

32
32
32
32
32
32
32
32
32
32
32
32
tensor(1134.)

Labeled Target set: Average loss: 3.8108, Accuracy: 248/1134 F1 (21.8695%)


Test set: Average loss: 3.6873, Accuracy: 6319/23808 F1 (26.5415%)


Val set: Average loss: 3.6625, Accuracy: 90/352 F1 (25.5682%)

best acc test 30.237735  acc val 25.568182 acc labeled target 21.869489
saving model...
S real T sketch Train Ep: 4600 lr0.007528966385618854 	 Loss Classification: 0.713760 Loss T 0.184633 Method MME

S real T sketch Train Ep: 4700 lr0.007490520534677821 	 Loss Classification: 0.714911 Loss T 0.221488 Method MME

S real T sketch Train Ep: 4800 lr0.007452529665420465 	 Loss Classification: 0.883536 Loss T 0.077267 Method MME

S real T sketch Train Ep: 4900 lr0.007414985373453289 	 Loss Classification: 0.806411 Loss T 0.221787 Method MME

Per Class Accuracy Calculated According to the Labelled Target examples is:  [1.         1.         0.         0.         0.         0.
 0.11111111 0.44444445 0.         0.         0.11111111 1.
 0.         0.         0.         0.         0.7777778  0.5555556
 0.11111111 0.11111111 0.33333334 0.         0.6666667  0.
 0.44444445 0.33333334 0.         0.         0.11111111 0.
 0.         0.33333334 0.         0.         0.         0.11111111
 0.         0.         0.         0.         0.         0.22222222
 0.         0.         0.33333334 0.11111111 0.22222222 0.44444445
 0.22222222 0.6666667  0.33333334 0.         0.33333334 0.
 0.11111111 0.         0.         0.11111111 0.         0.
 0.33333334 0.         1.         0.         0.6666667  0.
 0.         0.6666667  0.         0.8888889  0.33333334 0.
 0.44444445 0.22222222 0.7777778  0.         0.         0.
 0.         0.33333334 0.         0.22222222 0.33333334 0.5555556
 0.33333334 0.         0.         0.6666667  0.         0.22222222
 0.         0.         0.33333334 0.11111111 0.33333334 0.33333334
 0.         0.         0.11111111 0.5555556  0.33333334 0.33333334
 0.         1.         0.11111111 0.         0.         0.44444445
 0.         0.         0.22222222 0.33333334 0.33333334 0.33333334
 0.         1.         0.         0.5555556  0.         0.22222222
 0.33333334 0.33333334 0.22222222 0.         0.         1.        ]
Top k classes which perform poorly are:  [59, 36, 76, 38, 39, 40, 42, 43, 97, 96, 91, 90, 51, 88, 53, 34, 55, 58, 118, 86, 61, 124, 63, 85, 65, 66, 68, 80, 78, 71, 77, 56, 33, 37, 102, 123, 2, 3, 4, 5, 116, 8, 9, 114, 12, 13, 14, 15, 32, 109, 75, 108, 21, 30, 29, 106, 27, 23, 105, 26, 19, 35, 28, 6, 10, 104, 45, 57, 93, 18, 98, 54, 89, 81, 110, 119, 73, 122, 46, 41, 48, 95, 100, 101, 31, 121, 20, 111, 112, 113, 120, 25, 94, 44, 92, 82, 84, 60, 70, 50, 52, 79, 72, 7, 24, 47, 107, 99, 17, 83, 117, 22, 64, 87, 49, 67, 16, 74, 69, 0, 62, 103, 11, 1, 115, 125]
Per cls weights according to the accuracy are:  tensor([1.1839, 1.1839, 1.5000, 1.5000, 1.5000, 1.5000, 1.4474, 1.3206, 1.5000,
        1.5000, 1.4474, 1.1839, 1.5000, 1.5000, 1.5000, 1.5000, 1.2297, 1.2869,
        1.4474, 1.4474, 1.3583, 1.5000, 1.2567, 1.5000, 1.3206, 1.3583, 1.5000,
        1.5000, 1.4474, 1.5000, 1.5000, 1.3583, 1.5000, 1.5000, 1.5000, 1.4474,
        1.5000, 1.5000, 1.5000, 1.5000, 1.5000, 1.4004, 1.5000, 1.5000, 1.3583,
        1.4474, 1.4004, 1.3206, 1.4004, 1.2567, 1.3583, 1.5000, 1.3583, 1.5000,
        1.4474, 1.5000, 1.5000, 1.4474, 1.5000, 1.5000, 1.3583, 1.5000, 1.1839,
        1.5000, 1.2567, 1.5000, 1.5000, 1.2567, 1.5000, 1.2056, 1.3583, 1.5000,
        1.3206, 1.4004, 1.2297, 1.5000, 1.5000, 1.5000, 1.5000, 1.3583, 1.5000,
        1.4004, 1.3583, 1.2869, 1.3583, 1.5000, 1.5000, 1.2567, 1.5000, 1.4004,
        1.5000, 1.5000, 1.3583, 1.4474, 1.3583, 1.3583, 1.5000, 1.5000, 1.4474,
        1.2869, 1.3583, 1.3583, 1.5000, 1.1839, 1.4474, 1.5000, 1.5000, 1.3206,
        1.5000, 1.5000, 1.4004, 1.3583, 1.3583, 1.3583, 1.5000, 1.1839, 1.5000,
        1.2869, 1.5000, 1.4004, 1.3583, 1.3583, 1.4004, 1.5000, 1.5000, 1.1839])
0
1
2
3
4
5
6
7
8
9
10
11
12
13
14
15
16
17
18
19
20
21
22
23
24
25
26
27
28
29
30
31
32
33
34
35
36
37
38
39
40
41
42
43
44
45
46
47
48
49
50
51
52
53
54
55
56
57
58
59
60
61
62
63
64
65
66
67
68
69
70
71
72
73
74
75
76
77
78
79
80
81
82
83
84
85
86
87
88
89
90
91
92
93
94
95
96
97
98
99
100
101
102
103
104
105
106
107
108
109
110
111
112
113
114
115
116
117
118
119
120
121
122
123
124
125
126
127
128
129
130
131
132
133
134
135
136
137
138
139
140
141
142
143
144
145
146
147
148
149
150
151
152
153
154
155
156
157
158
159
160
161
162
163
164
165
166
167
168
169
170
171
172
173
174
175
176
177
178
179
180
181
182
183
184
185
186
187
188
189
190
191
192
193
194
195
196
197
198
199
200
201
202
203
204
205
206
207
208
209
210
211
212
213
214
215
216
217
218
219
220
221
222
223
224
225
226
227
228
229
230
231
232
233
234
235
236
237
238
239
240
241
242
243
244
245
246
247
248
249
250
251
252
253
254
255
256
257
258
259
260
261
262
263
264
265
266
267
268
269
270
271
272
273
274
275
276
277
278
279
280
281
282
283
284
285
286
287
288
289
290
291
292
293
294
295
296
297
298
299
300
301
302
303
304
305
306
307
308
309
310
311
312
313
314
315
316
317
318
319
320
321
322
323
324
325
326
327
328
329
330
331
332
333
334
335
336
337
338
339
340
341
342
343
344
345
346
347
348
349
350
351
352
353
354
355
356
357
358
359
360
361
362
363
364
365
366
367
368
369
370
371
372
373
374
375
376
377
Per cls weights according to the accuracy are:  tensor([0.8161, 0.8161, 0.5000, 0.5000, 0.5000, 0.5000, 0.5526, 0.6794, 0.5000,
        0.5000, 0.5526, 0.8161, 0.5000, 0.5000, 0.5000, 0.5000, 0.7703, 0.7131,
        0.5526, 0.5526, 0.6417, 0.5000, 0.7433, 0.5000, 0.6794, 0.6417, 0.5000,
        0.5000, 0.5526, 0.5000, 0.5000, 0.6417, 0.5000, 0.5000, 0.5000, 0.5526,
        0.5000, 0.5000, 0.5000, 0.5000, 0.5000, 0.5996, 0.5000, 0.5000, 0.6417,
        0.5526, 0.5996, 0.6794, 0.5996, 0.7433, 0.6417, 0.5000, 0.6417, 0.5000,
        0.5526, 0.5000, 0.5000, 0.5526, 0.5000, 0.5000, 0.6417, 0.5000, 0.8161,
        0.5000, 0.7433, 0.5000, 0.5000, 0.7433, 0.5000, 0.7944, 0.6417, 0.5000,
        0.6794, 0.5996, 0.7703, 0.5000, 0.5000, 0.5000, 0.5000, 0.6417, 0.5000,
        0.5996, 0.6417, 0.7131, 0.6417, 0.5000, 0.5000, 0.7433, 0.5000, 0.5996,
        0.5000, 0.5000, 0.6417, 0.5526, 0.6417, 0.6417, 0.5000, 0.5000, 0.5526,
        0.7131, 0.6417, 0.6417, 0.5000, 0.8161, 0.5526, 0.5000, 0.5000, 0.6794,
        0.5000, 0.5000, 0.5996, 0.6417, 0.6417, 0.6417, 0.5000, 0.8161, 0.5000,
        0.7131, 0.5000, 0.5996, 0.6417, 0.6417, 0.5996, 0.5000, 0.5000, 0.8161])
0
1
2
3
4
5
6
7
8
9
10
11
12
13
14
15
16
17
18
19
20
21
22
23
24
25
26
27
28
29
30
31
32
33
34
35
36
37
38
39
40
41
42
43
44
45
46
47
48
49
50
51
52
53
54
55
56
57
58
59
60
61
62
63
64
65
66
67
68
69
70
71
72
73
74
75
76
77
78
79
80
81
82
83
84
85
86
87
88
89
90
91
92
93
94
95
96
97
98
99
100
101
102
103
104
105
106
107
108
109
110
111
112
113
114
115
116
117
118
119
120
121
122
123
124
125
126
127
128
129
130
131
132
133
134
135
136
137
138
139
140
141
142
143
144
145
146
147
148
149
150
151
152
153
154
155
156
157
158
159
160
161
162
163
164
165
166
167
168
169
170
171
172
173
174
175
176
177
178
179
180
181
182
183
184
185
186
187
188
189
190
191
192
193
194
195
196
197
198
199
200
201
202
203
204
205
206
207
208
209
210
211
212
213
214
215
216
217
218
219
220
221
222
223
224
225
226
227
228
229
230
231
232
233
234
235
236
237
238
239
240
241
242
243
244
245
246
247
248
249
250
251
252
253
254
255
256
257
258
259
260
261
262
263
264
265
266
267
268
269
270
271
272
273
274
275
276
277
278
279
280
281
282
283
284
285
286
287
288
289
290
291
292
293
294
295
296
297
298
299
300
301
302
303
304
305
306
307
308
309
310
311
312
313
314
315
316
317
318
319
320
321
322
323
324
325
326
327
328
329
330
331
332
333
334
335
336
337
338
339
340
341
342
343
344
345
346
347
348
349
350
351
352
353
354
355
356
357
358
359
360
361
362
363
364
365
366
367
368
369
370
371
372
373
374
375
376
377
Assigned Classwise weights to source
S real T sketch Train Ep: 5000 lr0.007377879464668811 	 Loss Classification: 0.622082 Loss T 0.202220 Method MME

32
32
32
32
32
32
32
32
32
32
32
32
tensor(1134.)

Labeled Target set: Average loss: 4.0845, Accuracy: 263/1134 F1 (23.1922%)


Test set: Average loss: 3.9899, Accuracy: 6569/23808 F1 (27.5916%)


Val set: Average loss: 3.8195, Accuracy: 96/352 F1 (27.2727%)

best acc test 30.237735  acc val 27.272727 acc labeled target 23.192240
saving model...
S real T sketch Train Ep: 5100 lr0.007341203948625087 	 Loss Classification: 1.148704 Loss T 0.211228 Method MME

S real T sketch Train Ep: 5200 lr0.007304951032175895 	 Loss Classification: 0.901353 Loss T 0.187378 Method MME

S real T sketch Train Ep: 5300 lr0.007269113113340497 	 Loss Classification: 0.960377 Loss T 0.137103 Method MME

S real T sketch Train Ep: 5400 lr0.007233682775402483 	 Loss Classification: 1.323976 Loss T 0.196045 Method MME

S real T sketch Train Ep: 5500 lr0.007198652781227704 	 Loss Classification: 1.254055 Loss T 0.225009 Method MME

32
32
32
32
32
32
32
32
32
32
32
32
tensor(1134.)

Labeled Target set: Average loss: 3.8302, Accuracy: 290/1134 F1 (25.5732%)


Test set: Average loss: 3.6888, Accuracy: 7049/23808 F1 (29.6077%)


Val set: Average loss: 3.6115, Accuracy: 112/352 F1 (31.8182%)

best acc test 30.237735  acc val 31.818182 acc labeled target 25.573192
saving model...
S real T sketch Train Ep: 5600 lr0.007164016067791809 	 Loss Classification: 0.981026 Loss T 0.172069 Method MME

S real T sketch Train Ep: 5700 lr0.0071297657409083726 	 Loss Classification: 0.830646 Loss T 0.155607 Method MME

S real T sketch Train Ep: 5800 lr0.0070958950701490225 	 Loss Classification: 1.092672 Loss T 0.211865 Method MME

S real T sketch Train Ep: 5900 lr0.007062397483947426 	 Loss Classification: 1.081889 Loss T 0.184300 Method MME

Per Class Accuracy Calculated According to the Labelled Target examples is:  [0.7777778  1.         0.         0.         0.         0.
 0.33333334 0.7777778  0.33333334 0.         0.33333334 0.8888889
 0.         0.         0.         0.         1.         0.6666667
 0.         0.33333334 0.5555556  0.         0.6666667  0.
 0.11111111 0.33333334 0.         0.33333334 0.33333334 0.22222222
 0.         0.         0.         0.33333334 0.33333334 0.11111111
 0.11111111 0.         0.         0.         0.33333334 0.11111111
 0.         0.         0.11111111 0.         0.22222222 0.33333334
 0.44444445 0.7777778  0.33333334 0.         0.33333334 0.
 0.44444445 0.         0.         0.33333334 0.44444445 0.
 0.6666667  0.         0.6666667  0.44444445 0.44444445 0.
 0.         0.11111111 0.         0.5555556  0.         0.
 0.8888889  0.22222222 0.7777778  0.         0.         0.
 0.         0.7777778  0.         0.11111111 0.22222222 0.6666667
 0.11111111 0.         0.22222222 0.6666667  0.         0.33333334
 0.22222222 0.         0.11111111 0.         0.11111111 0.33333334
 0.22222222 0.         0.22222222 0.44444445 0.6666667  0.44444445
 0.         0.33333334 0.33333334 0.         0.         0.5555556
 0.         0.22222222 0.44444445 0.6666667  0.33333334 0.33333334
 0.         0.8888889  0.         0.5555556  0.         0.33333334
 0.11111111 1.         0.33333334 0.         0.         1.        ]
Top k classes which perform poorly are:  [56, 93, 116, 38, 39, 91, 42, 43, 45, 118, 88, 51, 53, 85, 55, 59, 80, 61, 124, 114, 78, 65, 66, 68, 77, 70, 71, 76, 32, 31, 37, 75, 105, 12, 13, 108, 14, 15, 30, 18, 102, 5, 9, 3, 2, 4, 21, 26, 123, 106, 97, 23, 24, 67, 41, 44, 84, 35, 81, 92, 120, 94, 36, 109, 73, 29, 86, 90, 46, 98, 96, 82, 103, 89, 95, 104, 113, 27, 119, 10, 8, 25, 28, 33, 34, 40, 47, 50, 19, 52, 112, 6, 57, 122, 101, 54, 58, 110, 63, 99, 64, 48, 107, 69, 20, 117, 100, 22, 87, 83, 60, 111, 17, 62, 0, 74, 49, 7, 79, 115, 72, 11, 16, 121, 1, 125]
Per cls weights according to the accuracy are:  tensor([1.2297, 1.1839, 1.5000, 1.5000, 1.5000, 1.5000, 1.3583, 1.2297, 1.3583,
        1.5000, 1.3583, 1.2056, 1.5000, 1.5000, 1.5000, 1.5000, 1.1839, 1.2567,
        1.5000, 1.3583, 1.2869, 1.5000, 1.2567, 1.5000, 1.4474, 1.3583, 1.5000,
        1.3583, 1.3583, 1.4004, 1.5000, 1.5000, 1.5000, 1.3583, 1.3583, 1.4474,
        1.4474, 1.5000, 1.5000, 1.5000, 1.3583, 1.4474, 1.5000, 1.5000, 1.4474,
        1.5000, 1.4004, 1.3583, 1.3206, 1.2297, 1.3583, 1.5000, 1.3583, 1.5000,
        1.3206, 1.5000, 1.5000, 1.3583, 1.3206, 1.5000, 1.2567, 1.5000, 1.2567,
        1.3206, 1.3206, 1.5000, 1.5000, 1.4474, 1.5000, 1.2869, 1.5000, 1.5000,
        1.2056, 1.4004, 1.2297, 1.5000, 1.5000, 1.5000, 1.5000, 1.2297, 1.5000,
        1.4474, 1.4004, 1.2567, 1.4474, 1.5000, 1.4004, 1.2567, 1.5000, 1.3583,
        1.4004, 1.5000, 1.4474, 1.5000, 1.4474, 1.3583, 1.4004, 1.5000, 1.4004,
        1.3206, 1.2567, 1.3206, 1.5000, 1.3583, 1.3583, 1.5000, 1.5000, 1.2869,
        1.5000, 1.4004, 1.3206, 1.2567, 1.3583, 1.3583, 1.5000, 1.2056, 1.5000,
        1.2869, 1.5000, 1.3583, 1.4474, 1.1839, 1.3583, 1.5000, 1.5000, 1.1839])
0
1
2
3
4
5
6
7
8
9
10
11
12
13
14
15
16
17
18
19
20
21
22
23
24
25
26
27
28
29
30
31
32
33
34
35
36
37
38
39
40
41
42
43
44
45
46
47
48
49
50
51
52
53
54
55
56
57
58
59
60
61
62
63
64
65
66
67
68
69
70
71
72
73
74
75
76
77
78
79
80
81
82
83
84
85
86
87
88
89
90
91
92
93
94
95
96
97
98
99
100
101
102
103
104
105
106
107
108
109
110
111
112
113
114
115
116
117
118
119
120
121
122
123
124
125
126
127
128
129
130
131
132
133
134
135
136
137
138
139
140
141
142
143
144
145
146
147
148
149
150
151
152
153
154
155
156
157
158
159
160
161
162
163
164
165
166
167
168
169
170
171
172
173
174
175
176
177
178
179
180
181
182
183
184
185
186
187
188
189
190
191
192
193
194
195
196
197
198
199
200
201
202
203
204
205
206
207
208
209
210
211
212
213
214
215
216
217
218
219
220
221
222
223
224
225
226
227
228
229
230
231
232
233
234
235
236
237
238
239
240
241
242
243
244
245
246
247
248
249
250
251
252
253
254
255
256
257
258
259
260
261
262
263
264
265
266
267
268
269
270
271
272
273
274
275
276
277
278
279
280
281
282
283
284
285
286
287
288
289
290
291
292
293
294
295
296
297
298
299
300
301
302
303
304
305
306
307
308
309
310
311
312
313
314
315
316
317
318
319
320
321
322
323
324
325
326
327
328
329
330
331
332
333
334
335
336
337
338
339
340
341
342
343
344
345
346
347
348
349
350
351
352
353
354
355
356
357
358
359
360
361
362
363
364
365
366
367
368
369
370
371
372
373
374
375
376
377
Per cls weights according to the accuracy are:  tensor([0.7703, 0.8161, 0.5000, 0.5000, 0.5000, 0.5000, 0.6417, 0.7703, 0.6417,
        0.5000, 0.6417, 0.7944, 0.5000, 0.5000, 0.5000, 0.5000, 0.8161, 0.7433,
        0.5000, 0.6417, 0.7131, 0.5000, 0.7433, 0.5000, 0.5526, 0.6417, 0.5000,
        0.6417, 0.6417, 0.5996, 0.5000, 0.5000, 0.5000, 0.6417, 0.6417, 0.5526,
        0.5526, 0.5000, 0.5000, 0.5000, 0.6417, 0.5526, 0.5000, 0.5000, 0.5526,
        0.5000, 0.5996, 0.6417, 0.6794, 0.7703, 0.6417, 0.5000, 0.6417, 0.5000,
        0.6794, 0.5000, 0.5000, 0.6417, 0.6794, 0.5000, 0.7433, 0.5000, 0.7433,
        0.6794, 0.6794, 0.5000, 0.5000, 0.5526, 0.5000, 0.7131, 0.5000, 0.5000,
        0.7944, 0.5996, 0.7703, 0.5000, 0.5000, 0.5000, 0.5000, 0.7703, 0.5000,
        0.5526, 0.5996, 0.7433, 0.5526, 0.5000, 0.5996, 0.7433, 0.5000, 0.6417,
        0.5996, 0.5000, 0.5526, 0.5000, 0.5526, 0.6417, 0.5996, 0.5000, 0.5996,
        0.6794, 0.7433, 0.6794, 0.5000, 0.6417, 0.6417, 0.5000, 0.5000, 0.7131,
        0.5000, 0.5996, 0.6794, 0.7433, 0.6417, 0.6417, 0.5000, 0.7944, 0.5000,
        0.7131, 0.5000, 0.6417, 0.5526, 0.8161, 0.6417, 0.5000, 0.5000, 0.8161])
0
1
2
3
4
5
6
7
8
9
10
11
12
13
14
15
16
17
18
19
20
21
22
23
24
25
26
27
28
29
30
31
32
33
34
35
36
37
38
39
40
41
42
43
44
45
46
47
48
49
50
51
52
53
54
55
56
57
58
59
60
61
62
63
64
65
66
67
68
69
70
71
72
73
74
75
76
77
78
79
80
81
82
83
84
85
86
87
88
89
90
91
92
93
94
95
96
97
98
99
100
101
102
103
104
105
106
107
108
109
110
111
112
113
114
115
116
117
118
119
120
121
122
123
124
125
126
127
128
129
130
131
132
133
134
135
136
137
138
139
140
141
142
143
144
145
146
147
148
149
150
151
152
153
154
155
156
157
158
159
160
161
162
163
164
165
166
167
168
169
170
171
172
173
174
175
176
177
178
179
180
181
182
183
184
185
186
187
188
189
190
191
192
193
194
195
196
197
198
199
200
201
202
203
204
205
206
207
208
209
210
211
212
213
214
215
216
217
218
219
220
221
222
223
224
225
226
227
228
229
230
231
232
233
234
235
236
237
238
239
240
241
242
243
244
245
246
247
248
249
250
251
252
253
254
255
256
257
258
259
260
261
262
263
264
265
266
267
268
269
270
271
272
273
274
275
276
277
278
279
280
281
282
283
284
285
286
287
288
289
290
291
292
293
294
295
296
297
298
299
300
301
302
303
304
305
306
307
308
309
310
311
312
313
314
315
316
317
318
319
320
321
322
323
324
325
326
327
328
329
330
331
332
333
334
335
336
337
338
339
340
341
342
343
344
345
346
347
348
349
350
351
352
353
354
355
356
357
358
359
360
361
362
363
364
365
366
367
368
369
370
371
372
373
374
375
376
377
Assigned Classwise weights to source
S real T sketch Train Ep: 6000 lr0.007029266564879363 	 Loss Classification: 1.095632 Loss T 0.130458 Method MME

32
32
32
32
32
32
32
32
32
32
32
32
tensor(1134.)

Labeled Target set: Average loss: 5.5845, Accuracy: 194/1134 F1 (17.1076%)


Test set: Average loss: 5.5901, Accuracy: 4790/23808 F1 (20.1193%)


Val set: Average loss: 5.4650, Accuracy: 68/352 F1 (19.3182%)

best acc test 30.237735  acc val 19.318182 acc labeled target 17.107584
saving model...
S real T sketch Train Ep: 6100 lr0.006996496045111504 	 Loss Classification: 0.923490 Loss T 0.212041 Method MME

S real T sketch Train Ep: 6200 lr0.00696407980201184 	 Loss Classification: 0.866512 Loss T 0.130792 Method MME

S real T sketch Train Ep: 6300 lr0.006932011853915101 	 Loss Classification: 0.301506 Loss T 0.204233 Method MME

S real T sketch Train Ep: 6400 lr0.006900286356036734 	 Loss Classification: 1.101199 Loss T 0.207388 Method MME

S real T sketch Train Ep: 6500 lr0.006868897596529406 	 Loss Classification: 1.201395 Loss T 0.083773 Method MME

32
32
32
32
32
32
32
32
32
32
32
32
tensor(1134.)

Labeled Target set: Average loss: 6.3039, Accuracy: 132/1134 F1 (11.6402%)


Test set: Average loss: 6.3743, Accuracy: 3046/23808 F1 (12.7940%)


Val set: Average loss: 6.2420, Accuracy: 49/352 F1 (13.9205%)

best acc test 30.237735  acc val 13.920455 acc labeled target 11.640212
saving model...
S real T sketch Train Ep: 6600 lr0.006837839992676177 	 Loss Classification: 0.579002 Loss T 0.194395 Method MME

S real T sketch Train Ep: 6700 lr0.006807108087214876 	 Loss Classification: 0.569706 Loss T 0.172066 Method MME

S real T sketch Train Ep: 6800 lr0.006776696544788352 	 Loss Classification: 0.923540 Loss T 0.166348 Method MME

S real T sketch Train Ep: 6900 lr0.006746600148515609 	 Loss Classification: 0.502572 Loss T 0.255240 Method MME

Per Class Accuracy Calculated According to the Labelled Target examples is:  [0.         0.22222222 0.         0.         0.22222222 0.
 0.         0.         0.33333334 0.         0.22222222 0.33333334
 0.         0.         0.         0.         0.44444445 0.
 0.         0.         0.22222222 0.         0.22222222 0.
 0.22222222 0.22222222 0.         0.         0.         0.
 0.         0.         0.         0.         0.         0.22222222
 0.         0.         0.         0.         0.         0.
 0.         0.         0.11111111 0.         0.33333334 0.
 0.33333334 0.22222222 0.22222222 0.         0.33333334 0.
 0.22222222 0.         0.         0.         0.         0.
 0.11111111 0.         0.44444445 0.         0.         0.
 0.         0.33333334 0.         0.         0.         0.
 0.22222222 0.         0.         0.         0.         0.
 0.         0.33333334 0.         0.22222222 0.33333334 0.
 0.33333334 0.         0.         1.         0.         0.
 0.         0.         0.22222222 0.         0.         0.44444445
 0.33333334 0.         0.22222222 0.11111111 0.11111111 0.5555556
 0.         0.6666667  0.33333334 0.         0.11111111 0.44444445
 0.22222222 0.         0.         0.11111111 0.         0.22222222
 0.22222222 0.8888889  0.         0.33333334 0.         0.
 0.33333334 0.11111111 0.33333334 0.         0.         0.33333334]
Top k classes which perform poorly are:  [0, 71, 70, 69, 68, 66, 65, 64, 63, 73, 124, 59, 58, 57, 56, 55, 53, 51, 119, 61, 47, 74, 76, 102, 109, 97, 110, 94, 93, 91, 90, 75, 89, 112, 86, 85, 83, 80, 116, 78, 77, 88, 45, 118, 21, 26, 23, 43, 19, 18, 17, 15, 14, 13, 12, 9, 123, 7, 6, 5, 3, 2, 27, 28, 105, 30, 42, 41, 40, 39, 29, 37, 36, 34, 38, 31, 32, 33, 44, 121, 60, 100, 99, 111, 106, 108, 1, 98, 4, 92, 49, 20, 10, 24, 113, 54, 114, 81, 72, 35, 22, 25, 50, 122, 117, 120, 125, 79, 8, 11, 96, 46, 84, 82, 48, 104, 67, 52, 16, 107, 95, 62, 101, 103, 115, 87]
Per cls weights according to the accuracy are:  tensor([1.5000, 1.4004, 1.5000, 1.5000, 1.4004, 1.5000, 1.5000, 1.5000, 1.3583,
        1.5000, 1.4004, 1.3583, 1.5000, 1.5000, 1.5000, 1.5000, 1.3206, 1.5000,
        1.5000, 1.5000, 1.4004, 1.5000, 1.4004, 1.5000, 1.4004, 1.4004, 1.5000,
        1.5000, 1.5000, 1.5000, 1.5000, 1.5000, 1.5000, 1.5000, 1.5000, 1.4004,
        1.5000, 1.5000, 1.5000, 1.5000, 1.5000, 1.5000, 1.5000, 1.5000, 1.4474,
        1.5000, 1.3583, 1.5000, 1.3583, 1.4004, 1.4004, 1.5000, 1.3583, 1.5000,
        1.4004, 1.5000, 1.5000, 1.5000, 1.5000, 1.5000, 1.4474, 1.5000, 1.3206,
        1.5000, 1.5000, 1.5000, 1.5000, 1.3583, 1.5000, 1.5000, 1.5000, 1.5000,
        1.4004, 1.5000, 1.5000, 1.5000, 1.5000, 1.5000, 1.5000, 1.3583, 1.5000,
        1.4004, 1.3583, 1.5000, 1.3583, 1.5000, 1.5000, 1.1839, 1.5000, 1.5000,
        1.5000, 1.5000, 1.4004, 1.5000, 1.5000, 1.3206, 1.3583, 1.5000, 1.4004,
        1.4474, 1.4474, 1.2869, 1.5000, 1.2567, 1.3583, 1.5000, 1.4474, 1.3206,
        1.4004, 1.5000, 1.5000, 1.4474, 1.5000, 1.4004, 1.4004, 1.2056, 1.5000,
        1.3583, 1.5000, 1.5000, 1.3583, 1.4474, 1.3583, 1.5000, 1.5000, 1.3583])
0
1
2
3
4
5
6
7
8
9
10
11
12
13
14
15
16
17
18
19
20
21
22
23
24
25
26
27
28
29
30
31
32
33
34
35
36
37
38
39
40
41
42
43
44
45
46
47
48
49
50
51
52
53
54
55
56
57
58
59
60
61
62
63
64
65
66
67
68
69
70
71
72
73
74
75
76
77
78
79
80
81
82
83
84
85
86
87
88
89
90
91
92
93
94
95
96
97
98
99
100
101
102
103
104
105
106
107
108
109
110
111
112
113
114
115
116
117
118
119
120
121
122
123
124
125
126
127
128
129
130
131
132
133
134
135
136
137
138
139
140
141
142
143
144
145
146
147
148
149
150
151
152
153
154
155
156
157
158
159
160
161
162
163
164
165
166
167
168
169
170
171
172
173
174
175
176
177
178
179
180
181
182
183
184
185
186
187
188
189
190
191
192
193
194
195
196
197
198
199
200
201
202
203
204
205
206
207
208
209
210
211
212
213
214
215
216
217
218
219
220
221
222
223
224
225
226
227
228
229
230
231
232
233
234
235
236
237
238
239
240
241
242
243
244
245
246
247
248
249
250
251
252
253
254
255
256
257
258
259
260
261
262
263
264
265
266
267
268
269
270
271
272
273
274
275
276
277
278
279
280
281
282
283
284
285
286
287
288
289
290
291
292
293
294
295
296
297
298
299
300
301
302
303
304
305
306
307
308
309
310
311
312
313
314
315
316
317
318
319
320
321
322
323
324
325
326
327
328
329
330
331
332
333
334
335
336
337
338
339
340
341
342
343
344
345
346
347
348
349
350
351
352
353
354
355
356
357
358
359
360
361
362
363
364
365
366
367
368
369
370
371
372
373
374
375
376
377
Per cls weights according to the accuracy are:  tensor([0.5000, 0.5996, 0.5000, 0.5000, 0.5996, 0.5000, 0.5000, 0.5000, 0.6417,
        0.5000, 0.5996, 0.6417, 0.5000, 0.5000, 0.5000, 0.5000, 0.6794, 0.5000,
        0.5000, 0.5000, 0.5996, 0.5000, 0.5996, 0.5000, 0.5996, 0.5996, 0.5000,
        0.5000, 0.5000, 0.5000, 0.5000, 0.5000, 0.5000, 0.5000, 0.5000, 0.5996,
        0.5000, 0.5000, 0.5000, 0.5000, 0.5000, 0.5000, 0.5000, 0.5000, 0.5526,
        0.5000, 0.6417, 0.5000, 0.6417, 0.5996, 0.5996, 0.5000, 0.6417, 0.5000,
        0.5996, 0.5000, 0.5000, 0.5000, 0.5000, 0.5000, 0.5526, 0.5000, 0.6794,
        0.5000, 0.5000, 0.5000, 0.5000, 0.6417, 0.5000, 0.5000, 0.5000, 0.5000,
        0.5996, 0.5000, 0.5000, 0.5000, 0.5000, 0.5000, 0.5000, 0.6417, 0.5000,
        0.5996, 0.6417, 0.5000, 0.6417, 0.5000, 0.5000, 0.8161, 0.5000, 0.5000,
        0.5000, 0.5000, 0.5996, 0.5000, 0.5000, 0.6794, 0.6417, 0.5000, 0.5996,
        0.5526, 0.5526, 0.7131, 0.5000, 0.7433, 0.6417, 0.5000, 0.5526, 0.6794,
        0.5996, 0.5000, 0.5000, 0.5526, 0.5000, 0.5996, 0.5996, 0.7944, 0.5000,
        0.6417, 0.5000, 0.5000, 0.6417, 0.5526, 0.6417, 0.5000, 0.5000, 0.6417])
0
1
2
3
4
5
6
7
8
9
10
11
12
13
14
15
16
17
18
19
20
21
22
23
24
25
26
27
28
29
30
31
32
33
34
35
36
37
38
39
40
41
42
43
44
45
46
47
48
49
50
51
52
53
54
55
56
57
58
59
60
61
62
63
64
65
66
67
68
69
70
71
72
73
74
75
76
77
78
79
80
81
82
83
84
85
86
87
88
89
90
91
92
93
94
95
96
97
98
99
100
101
102
103
104
105
106
107
108
109
110
111
112
113
114
115
116
117
118
119
120
121
122
123
124
125
126
127
128
129
130
131
132
133
134
135
136
137
138
139
140
141
142
143
144
145
146
147
148
149
150
151
152
153
154
155
156
157
158
159
160
161
162
163
164
165
166
167
168
169
170
171
172
173
174
175
176
177
178
179
180
181
182
183
184
185
186
187
188
189
190
191
192
193
194
195
196
197
198
199
200
201
202
203
204
205
206
207
208
209
210
211
212
213
214
215
216
217
218
219
220
221
222
223
224
225
226
227
228
229
230
231
232
233
234
235
236
237
238
239
240
241
242
243
244
245
246
247
248
249
250
251
252
253
254
255
256
257
258
259
260
261
262
263
264
265
266
267
268
269
270
271
272
273
274
275
276
277
278
279
280
281
282
283
284
285
286
287
288
289
290
291
292
293
294
295
296
297
298
299
300
301
302
303
304
305
306
307
308
309
310
311
312
313
314
315
316
317
318
319
320
321
322
323
324
325
326
327
328
329
330
331
332
333
334
335
336
337
338
339
340
341
342
343
344
345
346
347
348
349
350
351
352
353
354
355
356
357
358
359
360
361
362
363
364
365
366
367
368
369
370
371
372
373
374
375
376
377
Assigned Classwise weights to source
S real T sketch Train Ep: 7000 lr0.006716813796678979 	 Loss Classification: 0.669664 Loss T 0.180259 Method MME

32
32
32
32
32
32
32
32
32
32
32
32
tensor(1134.)

Labeled Target set: Average loss: 4.1974, Accuracy: 275/1134 F1 (24.2504%)


Test set: Average loss: 4.0368, Accuracy: 6998/23808 F1 (29.3935%)


Val set: Average loss: 4.0490, Accuracy: 102/352 F1 (28.9773%)

best acc test 30.237735  acc val 28.977273 acc labeled target 24.250441
saving model...
S real T sketch Train Ep: 7100 lr0.006687332499522798 	 Loss Classification: 0.810091 Loss T 0.198938 Method MME

S real T sketch Train Ep: 7200 lr0.006658151376159165 	 Loss Classification: 0.965545 Loss T 0.184301 Method MME

S real T sketch Train Ep: 7300 lr0.00662926565157663 	 Loss Classification: 0.692615 Loss T 0.133749 Method MME

S real T sketch Train Ep: 7400 lr0.006600670653747793 	 Loss Classification: 1.053962 Loss T 0.193051 Method MME

S real T sketch Train Ep: 7500 lr0.0065723618108320175 	 Loss Classification: 0.964279 Loss T 0.185151 Method MME

32
32
32
32
32
32
32
32
32
32
32
32
tensor(1134.)

Labeled Target set: Average loss: 3.9474, Accuracy: 300/1134 F1 (26.4550%)


Test set: Average loss: 3.8724, Accuracy: 7415/23808 F1 (31.1450%)


Val set: Average loss: 3.7247, Accuracy: 108/352 F1 (30.6818%)

best acc test 30.237735  acc val 30.681818 acc labeled target 26.455026
saving model...
S real T sketch Train Ep: 7600 lr0.006544334648469591 	 Loss Classification: 0.538255 Loss T 0.116005 Method MME

S real T sketch Train Ep: 7700 lr0.006516584787163857 	 Loss Classification: 1.020243 Loss T 0.151932 Method MME

S real T sketch Train Ep: 7800 lr0.006489107939747966 	 Loss Classification: 0.702723 Loss T 0.124943 Method MME

S real T sketch Train Ep: 7900 lr0.0064618999089330565 	 Loss Classification: 1.160579 Loss T 0.168540 Method MME

Per Class Accuracy Calculated According to the Labelled Target examples is:  [1.         1.         0.         0.         0.11111111 0.
 0.         0.5555556  0.44444445 0.         0.5555556  0.7777778
 0.         0.         0.         0.         0.7777778  1.
 0.         0.22222222 0.5555556  0.         0.8888889  0.
 0.22222222 0.11111111 0.         0.22222222 0.33333334 0.
 0.         0.         0.11111111 0.22222222 0.11111111 0.
 0.         0.         0.33333334 0.         0.44444445 0.
 0.         0.         0.22222222 0.33333334 0.6666667  0.22222222
 0.33333334 0.7777778  0.33333334 0.         0.33333334 0.
 0.33333334 0.11111111 0.         0.22222222 0.6666667  0.
 0.6666667  0.33333334 0.6666667  0.33333334 0.22222222 0.
 0.         0.22222222 0.         1.         0.         0.
 0.7777778  0.33333334 0.7777778  0.11111111 0.         0.
 0.         0.33333334 0.         0.44444445 0.22222222 0.11111111
 0.6666667  0.         0.33333334 0.6666667  0.         0.5555556
 0.11111111 0.         0.33333334 0.22222222 0.33333334 0.33333334
 0.33333334 0.         0.11111111 0.11111111 0.5555556  0.6666667
 0.         0.6666667  0.33333334 0.         0.         0.33333334
 0.         0.22222222 0.         0.44444445 0.33333334 0.33333334
 0.         1.         0.         0.6666667  0.         0.33333334
 0.33333334 0.5555556  0.33333334 0.         0.         1.        ]
Top k classes which perform poorly are:  [59, 35, 36, 37, 106, 39, 80, 41, 42, 43, 102, 97, 51, 53, 56, 118, 124, 91, 65, 66, 68, 70, 71, 88, 85, 76, 77, 78, 31, 30, 105, 14, 13, 114, 9, 29, 15, 116, 110, 6, 5, 3, 18, 12, 108, 23, 123, 2, 21, 26, 32, 83, 34, 55, 75, 25, 98, 99, 4, 90, 64, 67, 82, 93, 33, 57, 27, 24, 109, 19, 47, 44, 113, 104, 92, 112, 96, 120, 95, 94, 86, 107, 119, 79, 38, 28, 48, 50, 52, 54, 45, 61, 122, 73, 63, 111, 8, 81, 40, 121, 89, 10, 20, 100, 7, 117, 101, 46, 58, 60, 87, 84, 103, 62, 49, 16, 11, 72, 74, 22, 0, 69, 17, 1, 115, 125]
Per cls weights according to the accuracy are:  tensor([1.1839, 1.1839, 1.5000, 1.5000, 1.4474, 1.5000, 1.5000, 1.2869, 1.3206,
        1.5000, 1.2869, 1.2297, 1.5000, 1.5000, 1.5000, 1.5000, 1.2297, 1.1839,
        1.5000, 1.4004, 1.2869, 1.5000, 1.2056, 1.5000, 1.4004, 1.4474, 1.5000,
        1.4004, 1.3583, 1.5000, 1.5000, 1.5000, 1.4474, 1.4004, 1.4474, 1.5000,
        1.5000, 1.5000, 1.3583, 1.5000, 1.3206, 1.5000, 1.5000, 1.5000, 1.4004,
        1.3583, 1.2567, 1.4004, 1.3583, 1.2297, 1.3583, 1.5000, 1.3583, 1.5000,
        1.3583, 1.4474, 1.5000, 1.4004, 1.2567, 1.5000, 1.2567, 1.3583, 1.2567,
        1.3583, 1.4004, 1.5000, 1.5000, 1.4004, 1.5000, 1.1839, 1.5000, 1.5000,
        1.2297, 1.3583, 1.2297, 1.4474, 1.5000, 1.5000, 1.5000, 1.3583, 1.5000,
        1.3206, 1.4004, 1.4474, 1.2567, 1.5000, 1.3583, 1.2567, 1.5000, 1.2869,
        1.4474, 1.5000, 1.3583, 1.4004, 1.3583, 1.3583, 1.3583, 1.5000, 1.4474,
        1.4474, 1.2869, 1.2567, 1.5000, 1.2567, 1.3583, 1.5000, 1.5000, 1.3583,
        1.5000, 1.4004, 1.5000, 1.3206, 1.3583, 1.3583, 1.5000, 1.1839, 1.5000,
        1.2567, 1.5000, 1.3583, 1.3583, 1.2869, 1.3583, 1.5000, 1.5000, 1.1839])
0
1
2
3
4
5
6
7
8
9
10
11
12
13
14
15
16
17
18
19
20
21
22
23
24
25
26
27
28
29
30
31
32
33
34
35
36
37
38
39
40
41
42
43
44
45
46
47
48
49
50
51
52
53
54
55
56
57
58
59
60
61
62
63
64
65
66
67
68
69
70
71
72
73
74
75
76
77
78
79
80
81
82
83
84
85
86
87
88
89
90
91
92
93
94
95
96
97
98
99
100
101
102
103
104
105
106
107
108
109
110
111
112
113
114
115
116
117
118
119
120
121
122
123
124
125
126
127
128
129
130
131
132
133
134
135
136
137
138
139
140
141
142
143
144
145
146
147
148
149
150
151
152
153
154
155
156
157
158
159
160
161
162
163
164
165
166
167
168
169
170
171
172
173
174
175
176
177
178
179
180
181
182
183
184
185
186
187
188
189
190
191
192
193
194
195
196
197
198
199
200
201
202
203
204
205
206
207
208
209
210
211
212
213
214
215
216
217
218
219
220
221
222
223
224
225
226
227
228
229
230
231
232
233
234
235
236
237
238
239
240
241
242
243
244
245
246
247
248
249
250
251
252
253
254
255
256
257
258
259
260
261
262
263
264
265
266
267
268
269
270
271
272
273
274
275
276
277
278
279
280
281
282
283
284
285
286
287
288
289
290
291
292
293
294
295
296
297
298
299
300
301
302
303
304
305
306
307
308
309
310
311
312
313
314
315
316
317
318
319
320
321
322
323
324
325
326
327
328
329
330
331
332
333
334
335
336
337
338
339
340
341
342
343
344
345
346
347
348
349
350
351
352
353
354
355
356
357
358
359
360
361
362
363
364
365
366
367
368
369
370
371
372
373
374
375
376
377
Per cls weights according to the accuracy are:  tensor([0.8161, 0.8161, 0.5000, 0.5000, 0.5526, 0.5000, 0.5000, 0.7131, 0.6794,
        0.5000, 0.7131, 0.7703, 0.5000, 0.5000, 0.5000, 0.5000, 0.7703, 0.8161,
        0.5000, 0.5996, 0.7131, 0.5000, 0.7944, 0.5000, 0.5996, 0.5526, 0.5000,
        0.5996, 0.6417, 0.5000, 0.5000, 0.5000, 0.5526, 0.5996, 0.5526, 0.5000,
        0.5000, 0.5000, 0.6417, 0.5000, 0.6794, 0.5000, 0.5000, 0.5000, 0.5996,
        0.6417, 0.7433, 0.5996, 0.6417, 0.7703, 0.6417, 0.5000, 0.6417, 0.5000,
        0.6417, 0.5526, 0.5000, 0.5996, 0.7433, 0.5000, 0.7433, 0.6417, 0.7433,
        0.6417, 0.5996, 0.5000, 0.5000, 0.5996, 0.5000, 0.8161, 0.5000, 0.5000,
        0.7703, 0.6417, 0.7703, 0.5526, 0.5000, 0.5000, 0.5000, 0.6417, 0.5000,
        0.6794, 0.5996, 0.5526, 0.7433, 0.5000, 0.6417, 0.7433, 0.5000, 0.7131,
        0.5526, 0.5000, 0.6417, 0.5996, 0.6417, 0.6417, 0.6417, 0.5000, 0.5526,
        0.5526, 0.7131, 0.7433, 0.5000, 0.7433, 0.6417, 0.5000, 0.5000, 0.6417,
        0.5000, 0.5996, 0.5000, 0.6794, 0.6417, 0.6417, 0.5000, 0.8161, 0.5000,
        0.7433, 0.5000, 0.6417, 0.6417, 0.7131, 0.6417, 0.5000, 0.5000, 0.8161])
