Dataset multi Source painting Target real Labeled num perclass 3 Network resnet34
126 classes in this dataset
Labelled Source Examples:  31502
Unlabelled Target Dataset Size:  69980
Labelled Target Dataset Size:  378
Misc. Labelled Target Dataset Size:  378
Bank keys - Target:  dict_keys(['feat_vec', 'labels', 'names', 'domain_identifier']) Source:  dict_keys(['feat_vec', 'labels', 'names', 'domain_identifier'])
Num  - Target:  69980 Source:  31502
Unlabeled Target Data Batches: 1457
S painting T real Train Ep: 0 lr0.01 	 Loss Classification: 5.056125 Loss T 0.471925 Method MME

24
24
24
24
24
24
24
24
24
24
24
24
24
24
24
24
tensor(1134.)

Labeled Target set: Average loss: 4.9655, Accuracy: 13/1134 F1 (1.1464%)


Test set: Average loss: 4.9683, Accuracy: 702/69960 F1 (1.0034%)


Val set: Average loss: 4.9738, Accuracy: 4/360 F1 (1.1111%)

best acc test 1.003431  acc val 1.111111 acc labeled target 1.146384
saving model...
S painting T real Train Ep: 100 lr0.009925650290240803 	 Loss Classification: 2.314346 Loss T 0.238985 Method MME

S painting T real Train Ep: 200 lr0.009852577760521605 	 Loss Classification: 2.281322 Loss T 0.188505 Method MME

S painting T real Train Ep: 300 lr0.009780748269686728 	 Loss Classification: 1.066976 Loss T 0.205046 Method MME

S painting T real Train Ep: 400 lr0.009710128909124701 	 Loss Classification: 1.733656 Loss T 0.134330 Method MME

S painting T real Train Ep: 500 lr0.00964068794694323 	 Loss Classification: 1.617916 Loss T 0.180514 Method MME

24
24
24
24
24
24
24
24
24
24
24
24
24
24
24
24
tensor(1134.)

Labeled Target set: Average loss: 1.9369, Accuracy: 610/1134 F1 (53.7919%)


Test set: Average loss: 1.5973, Accuracy: 42841/69960 F1 (61.2364%)


Val set: Average loss: 1.7169, Accuracy: 207/360 F1 (57.5000%)

best acc test 61.236421  acc val 57.500000 acc labeled target 53.791887
saving model...
S painting T real Train Ep: 600 lr0.00957239477517603 	 Loss Classification: 1.849012 Loss T 0.111190 Method MME

S painting T real Train Ep: 700 lr0.009505219859830012 	 Loss Classification: 1.806920 Loss T 0.118199 Method MME

S painting T real Train Ep: 800 lr0.009439134693595126 	 Loss Classification: 1.017984 Loss T 0.143551 Method MME

S painting T real Train Ep: 900 lr0.009374111751051751 	 Loss Classification: 1.362021 Loss T 0.109239 Method MME

S painting T real Train Ep: 1000 lr0.009310124446222227 	 Loss Classification: 1.285767 Loss T 0.136382 Method MME

24
24
24
24
24
24
24
24
24
24
24
24
24
24
24
24
tensor(1134.)

Labeled Target set: Average loss: 2.0425, Accuracy: 607/1134 F1 (53.5273%)


Test set: Average loss: 1.5492, Accuracy: 44605/69960 F1 (63.7579%)


Val set: Average loss: 1.7231, Accuracy: 226/360 F1 (62.7778%)

best acc test 63.757862  acc val 62.777778 acc labeled target 53.527337
saving model...
S painting T real Train Ep: 1100 lr0.00924714709232377 	 Loss Classification: 0.580592 Loss T 0.121623 Method MME

S painting T real Train Ep: 1200 lr0.009185154863590003 	 Loss Classification: 1.703759 Loss T 0.130292 Method MME

S painting T real Train Ep: 1300 lr0.00912412375903735 	 Loss Classification: 1.044624 Loss T 0.114388 Method MME

S painting T real Train Ep: 1400 lr0.009064030568061049 	 Loss Classification: 1.093990 Loss T 0.093519 Method MME

S painting T real Train Ep: 1500 lr0.009004852837753237 	 Loss Classification: 0.707963 Loss T 0.105264 Method MME

24
24
24
24
24
24
24
24
24
24
24
24
24
24
24
24
tensor(1134.)

Labeled Target set: Average loss: 1.9204, Accuracy: 667/1134 F1 (58.8183%)


Test set: Average loss: 1.4029, Accuracy: 47318/69960 F1 (67.6358%)


Val set: Average loss: 1.5910, Accuracy: 230/360 F1 (63.8889%)

best acc test 67.635792  acc val 63.888889 acc labeled target 58.818342
saving model...
S painting T real Train Ep: 1600 lr0.008946568841842816 	 Loss Classification: 0.855667 Loss T 0.092364 Method MME

S painting T real Train Ep: 1700 lr0.008889157551163433 	 Loss Classification: 0.457949 Loss T 0.078337 Method MME

S painting T real Train Ep: 1800 lr0.008832598605562044 	 Loss Classification: 1.147060 Loss T 0.080105 Method MME

S painting T real Train Ep: 1900 lr0.008776872287166303 	 Loss Classification: 0.921783 Loss T 0.084699 Method MME

Per Class Accuracy Calculated According to the Labelled Target examples is:  [1.         0.33333334 0.8888889  0.22222222 0.33333334 0.8888889
 0.5555556  0.7777778  0.6666667  0.6666667  0.6666667  0.6666667
 0.         0.22222222 0.6666667  0.44444445 0.33333334 1.
 0.11111111 0.6666667  0.44444445 0.44444445 1.         0.33333334
 0.         0.8888889  0.6666667  0.6666667  0.5555556  0.7777778
 0.6666667  0.22222222 0.7777778  0.11111111 0.33333334 1.
 0.         1.         0.33333334 0.8888889  0.6666667  1.
 0.33333334 0.22222222 0.8888889  0.8888889  0.5555556  1.
 0.         1.         0.         0.7777778  0.5555556  0.44444445
 0.         0.22222222 0.6666667  0.6666667  0.44444445 0.44444445
 1.         0.         1.         0.         1.         0.6666667
 0.         1.         0.7777778  1.         1.         0.6666667
 1.         0.5555556  0.33333334 0.         0.5555556  0.33333334
 0.         0.7777778  0.         0.6666667  0.44444445 0.
 0.         1.         0.8888889  0.33333334 0.33333334 0.5555556
 0.         0.6666667  0.8888889  0.6666667  1.         0.7777778
 0.22222222 1.         0.5555556  0.8888889  0.6666667  0.6666667
 1.         0.44444445 0.44444445 1.         1.         1.
 0.6666667  0.7777778  0.7777778  0.33333334 1.         0.7777778
 0.33333334 0.7777778  0.7777778  1.         0.11111111 0.7777778
 0.33333334 0.8888889  0.33333334 0.6666667  1.         1.        ]
Top k classes which perform poorly are:  [61, 80, 63, 54, 24, 12, 83, 84, 50, 48, 90, 75, 66, 36, 78, 18, 118, 33, 31, 43, 55, 13, 96, 3, 111, 38, 120, 1, 114, 34, 4, 77, 42, 74, 88, 87, 23, 122, 16, 53, 58, 104, 21, 20, 15, 82, 59, 103, 73, 76, 89, 98, 52, 46, 6, 28, 19, 27, 123, 81, 14, 11, 9, 8, 91, 93, 108, 101, 10, 71, 26, 100, 56, 57, 40, 30, 65, 95, 119, 7, 116, 115, 109, 32, 79, 51, 113, 110, 29, 68, 39, 2, 45, 5, 44, 121, 99, 25, 86, 92, 106, 117, 112, 107, 0, 62, 102, 17, 22, 35, 37, 41, 47, 49, 60, 124, 64, 67, 69, 70, 72, 85, 94, 97, 105, 125]
S painting T real Train Ep: 2000 lr0.008721959494934213 	 Loss Classification: 0.525247 Loss T 0.119235 Method MME

24
24
24
24
24
24
24
24
24
24
24
24
24
24
24
24
tensor(1134.)

Labeled Target set: Average loss: 1.7841, Accuracy: 681/1134 F1 (60.0529%)


Test set: Average loss: 1.3828, Accuracy: 48327/69960 F1 (69.0780%)


Val set: Average loss: 1.6471, Accuracy: 228/360 F1 (63.3333%)

best acc test 67.635792  acc val 63.333333 acc labeled target 60.052910
saving model...
S painting T real Train Ep: 2100 lr0.008667841720414475 	 Loss Classification: 0.927893 Loss T 0.095191 Method MME

S painting T real Train Ep: 2200 lr0.008614501024650454 	 Loss Classification: 1.153630 Loss T 0.099191 Method MME

S painting T real Train Ep: 2300 lr0.008561920016164943 	 Loss Classification: 0.935921 Loss T 0.083716 Method MME

S painting T real Train Ep: 2400 lr0.008510081829966844 	 Loss Classification: 1.602309 Loss T 0.096005 Method MME

S painting T real Train Ep: 2500 lr0.008458970107524513 	 Loss Classification: 0.828044 Loss T 0.091045 Method MME

24
24
24
24
24
24
24
24
24
24
24
24
24
24
24
24
tensor(1134.)

Labeled Target set: Average loss: 1.8653, Accuracy: 674/1134 F1 (59.4356%)


Test set: Average loss: 1.3953, Accuracy: 48112/69960 F1 (68.7707%)


Val set: Average loss: 1.6345, Accuracy: 227/360 F1 (63.0556%)

best acc test 67.635792  acc val 63.055556 acc labeled target 59.435626
saving model...
S painting T real Train Ep: 2600 lr0.008408568977653933 	 Loss Classification: 1.271219 Loss T 0.069646 Method MME

S painting T real Train Ep: 2700 lr0.00835886303827305 	 Loss Classification: 0.339517 Loss T 0.058209 Method MME

S painting T real Train Ep: 2800 lr0.008309837338976545 	 Loss Classification: 0.430140 Loss T 0.070352 Method MME

S painting T real Train Ep: 2900 lr0.008261477364388068 	 Loss Classification: 0.658357 Loss T 0.063634 Method MME

Per Class Accuracy Calculated According to the Labelled Target examples is:  [1.         0.7777778  0.8888889  0.         0.22222222 0.6666667
 0.6666667  0.11111111 0.8888889  0.6666667  0.5555556  0.6666667
 0.         0.         0.6666667  0.5555556  0.44444445 1.
 0.         0.6666667  0.33333334 0.44444445 1.         0.33333334
 0.11111111 0.7777778  0.6666667  0.6666667  0.7777778  0.7777778
 1.         0.         0.6666667  0.         0.33333334 1.
 0.         0.8888889  0.33333334 0.8888889  0.5555556  1.
 0.5555556  0.6666667  1.         0.6666667  1.         0.7777778
 0.22222222 1.         0.5555556  0.44444445 0.22222222 0.33333334
 0.11111111 0.44444445 1.         0.8888889  0.33333334 0.7777778
 0.8888889  0.44444445 0.8888889  0.11111111 1.         0.8888889
 0.         1.         0.6666667  0.8888889  1.         0.44444445
 0.6666667  0.44444445 0.22222222 1.         0.6666667  0.33333334
 0.         1.         0.         0.6666667  0.6666667  0.
 0.22222222 1.         1.         0.33333334 0.         0.44444445
 0.11111111 0.8888889  0.6666667  0.8888889  0.7777778  1.
 0.         0.8888889  1.         0.6666667  1.         0.6666667
 1.         0.6666667  0.33333334 0.8888889  0.7777778  0.7777778
 0.44444445 0.7777778  0.6666667  0.44444445 0.8888889  0.33333334
 0.44444445 1.         0.5555556  1.         0.11111111 1.
 0.5555556  1.         0.22222222 0.22222222 0.33333334 1.        ]
Top k classes which perform poorly are:  [31, 66, 3, 96, 36, 33, 78, 80, 83, 88, 12, 13, 18, 54, 118, 24, 63, 7, 90, 123, 48, 4, 84, 52, 74, 122, 38, 77, 34, 23, 124, 87, 58, 53, 113, 104, 20, 114, 61, 71, 55, 73, 51, 111, 16, 108, 21, 89, 15, 10, 42, 40, 50, 116, 120, 99, 82, 68, 92, 101, 72, 76, 110, 81, 103, 11, 14, 19, 6, 26, 27, 45, 43, 5, 9, 32, 25, 109, 28, 29, 94, 107, 47, 106, 1, 59, 97, 2, 105, 93, 91, 65, 60, 37, 39, 112, 69, 57, 8, 62, 121, 119, 117, 115, 0, 100, 17, 22, 30, 35, 41, 44, 46, 49, 102, 56, 67, 70, 75, 79, 85, 86, 95, 98, 64, 125]
S painting T real Train Ep: 3000 lr0.008213769018249545 	 Loss Classification: 1.304068 Loss T 0.070567 Method MME

24
24
24
24
24
24
24
24
24
24
24
24
24
24
24
24
tensor(1134.)

Labeled Target set: Average loss: 1.7817, Accuracy: 725/1134 F1 (63.9330%)


Test set: Average loss: 1.4512, Accuracy: 49204/69960 F1 (70.3316%)


Val set: Average loss: 1.5405, Accuracy: 241/360 F1 (66.9444%)

best acc test 70.331618  acc val 66.944444 acc labeled target 63.932981
saving model...
S painting T real Train Ep: 3100 lr0.008166698608209509 	 Loss Classification: 0.717107 Loss T 0.088323 Method MME

S painting T real Train Ep: 3200 lr0.008120252831274708 	 Loss Classification: 0.542117 Loss T 0.087544 Method MME

S painting T real Train Ep: 3300 lr0.008074418759891278 	 Loss Classification: 0.803924 Loss T 0.078049 Method MME

S painting T real Train Ep: 3400 lr0.008029183828623731 	 Loss Classification: 0.973738 Loss T 0.066825 Method MME

S painting T real Train Ep: 3500 lr0.007984535821401871 	 Loss Classification: 0.887736 Loss T 0.093300 Method MME

24
24
24
24
24
24
24
24
24
24
24
24
24
24
24
24
tensor(1134.)

Labeled Target set: Average loss: 1.9249, Accuracy: 679/1134 F1 (59.8765%)


Test set: Average loss: 1.4078, Accuracy: 49509/69960 F1 (70.7676%)


Val set: Average loss: 1.6357, Accuracy: 234/360 F1 (65.0000%)

best acc test 70.331618  acc val 65.000000 acc labeled target 59.876543
saving model...
S painting T real Train Ep: 3600 lr0.007940462859307384 	 Loss Classification: 0.456616 Loss T 0.064790 Method MME

S painting T real Train Ep: 3700 lr0.007896953388873518 	 Loss Classification: 0.631929 Loss T 0.072891 Method MME

S painting T real Train Ep: 3800 lr0.007853996170872714 	 Loss Classification: 0.434566 Loss T 0.073912 Method MME

S painting T real Train Ep: 3900 lr0.00781158026956848 	 Loss Classification: 0.935977 Loss T 0.071763 Method MME

Per Class Accuracy Calculated According to the Labelled Target examples is:  [1.         0.44444445 0.6666667  0.11111111 0.44444445 0.7777778
 0.7777778  0.8888889  0.6666667  0.6666667  0.6666667  0.5555556
 0.         0.33333334 0.6666667  0.6666667  0.33333334 1.
 0.22222222 0.7777778  0.         0.33333334 1.         0.33333334
 0.11111111 0.6666667  0.6666667  0.6666667  1.         0.44444445
 0.8888889  0.         0.6666667  0.11111111 0.33333334 0.7777778
 0.         0.8888889  0.5555556  1.         0.6666667  0.8888889
 0.5555556  0.8888889  1.         0.8888889  0.7777778  0.7777778
 0.11111111 1.         0.6666667  0.33333334 0.6666667  0.6666667
 0.         0.7777778  0.8888889  1.         0.5555556  0.22222222
 1.         0.44444445 0.8888889  0.         1.         0.8888889
 0.         1.         0.44444445 1.         0.8888889  0.
 0.7777778  0.6666667  0.         0.5555556  0.6666667  0.44444445
 0.         1.         0.         0.7777778  0.33333334 0.
 0.         1.         1.         0.33333334 0.22222222 0.33333334
 0.         1.         0.7777778  0.6666667  0.7777778  0.7777778
 0.11111111 1.         0.33333334 0.7777778  0.8888889  0.6666667
 0.7777778  0.6666667  0.6666667  1.         0.6666667  0.6666667
 0.5555556  0.6666667  0.7777778  0.33333334 1.         0.7777778
 0.6666667  1.         0.5555556  1.         0.         1.
 0.33333334 1.         0.44444445 0.5555556  0.44444445 1.        ]
Top k classes which perform poorly are:  [12, 71, 83, 90, 31, 84, 118, 20, 78, 74, 66, 63, 54, 80, 36, 48, 24, 3, 33, 96, 59, 18, 88, 82, 34, 111, 89, 23, 21, 16, 13, 51, 98, 87, 120, 77, 68, 124, 61, 29, 122, 1, 4, 58, 116, 42, 75, 123, 11, 38, 108, 104, 103, 93, 114, 109, 73, 76, 101, 53, 106, 40, 14, 15, 25, 26, 27, 32, 9, 8, 10, 50, 107, 2, 52, 55, 19, 5, 110, 94, 95, 102, 46, 35, 47, 113, 92, 99, 6, 72, 81, 7, 100, 56, 30, 37, 41, 43, 45, 70, 65, 62, 117, 112, 119, 115, 121, 0, 97, 17, 22, 28, 39, 44, 49, 57, 60, 64, 67, 69, 79, 85, 86, 91, 105, 125]
S painting T real Train Ep: 4000 lr0.007769695042409123 	 Loss Classification: 0.654003 Loss T 0.038253 Method MME

24
24
24
24
24
24
24
24
24
24
24
24
24
24
24
24
tensor(1134.)

Labeled Target set: Average loss: 1.7555, Accuracy: 716/1134 F1 (63.1393%)


Test set: Average loss: 1.3433, Accuracy: 50296/69960 F1 (71.8925%)


Val set: Average loss: 1.4823, Accuracy: 245/360 F1 (68.0556%)

best acc test 71.892510  acc val 68.055556 acc labeled target 63.139330
saving model...
S painting T real Train Ep: 4100 lr0.007728330130142108 	 Loss Classification: 0.509765 Loss T 0.077311 Method MME

S painting T real Train Ep: 4200 lr0.007687475447329114 	 Loss Classification: 0.437324 Loss T 0.055995 Method MME

S painting T real Train Ep: 4300 lr0.0076471211732427845 	 Loss Classification: 0.527784 Loss T 0.060261 Method MME

S painting T real Train Ep: 4400 lr0.007607257743127307 	 Loss Classification: 0.859216 Loss T 0.067837 Method MME

S painting T real Train Ep: 4500 lr0.007567875839805858 	 Loss Classification: 0.783402 Loss T 0.073711 Method MME

24
24
24
24
24
24
24
24
24
24
24
24
24
24
24
24
tensor(1134.)

Labeled Target set: Average loss: 1.8666, Accuracy: 724/1134 F1 (63.8448%)


Test set: Average loss: 1.3928, Accuracy: 50194/69960 F1 (71.7467%)


Val set: Average loss: 1.4970, Accuracy: 253/360 F1 (70.2778%)

best acc test 71.746712  acc val 70.277778 acc labeled target 63.844797
saving model...
S painting T real Train Ep: 4600 lr0.007528966385618854 	 Loss Classification: 0.648515 Loss T 0.056135 Method MME

S painting T real Train Ep: 4700 lr0.007490520534677821 	 Loss Classification: 0.958514 Loss T 0.057286 Method MME

S painting T real Train Ep: 4800 lr0.007452529665420465 	 Loss Classification: 0.993235 Loss T 0.053671 Method MME

S painting T real Train Ep: 4900 lr0.007414985373453289 	 Loss Classification: 0.778729 Loss T 0.080171 Method MME

Per Class Accuracy Calculated According to the Labelled Target examples is:  [1.         0.7777778  0.8888889  0.8888889  0.44444445 0.8888889
 0.8888889  0.44444445 0.6666667  0.6666667  0.7777778  0.6666667
 0.         0.33333334 0.6666667  0.6666667  0.6666667  1.
 0.5555556  0.44444445 0.         0.8888889  1.         0.33333334
 0.11111111 0.7777778  0.44444445 0.6666667  0.5555556  1.
 0.6666667  0.22222222 1.         0.11111111 0.33333334 0.6666667
 0.         0.7777778  0.33333334 1.         0.5555556  1.
 0.5555556  1.         0.8888889  0.8888889  1.         1.
 0.22222222 1.         0.8888889  0.33333334 0.5555556  0.44444445
 0.44444445 0.6666667  1.         0.8888889  0.44444445 0.6666667
 1.         0.         1.         0.22222222 1.         1.
 0.         1.         1.         1.         1.         0.33333334
 0.6666667  0.6666667  0.22222222 0.5555556  0.6666667  0.33333334
 0.         1.         0.         0.6666667  0.33333334 0.
 0.22222222 1.         0.5555556  0.33333334 0.33333334 0.6666667
 0.22222222 0.7777778  0.6666667  0.7777778  0.6666667  1.
 0.11111111 1.         0.6666667  0.6666667  1.         0.6666667
 1.         0.5555556  0.8888889  1.         0.6666667  0.7777778
 0.44444445 0.7777778  0.8888889  0.22222222 1.         0.7777778
 0.22222222 1.         0.44444445 1.         0.         0.8888889
 0.44444445 0.8888889  0.33333334 0.6666667  1.         0.8888889 ]
Top k classes which perform poorly are:  [61, 78, 20, 66, 83, 118, 80, 12, 36, 24, 96, 33, 31, 84, 114, 48, 90, 63, 111, 74, 71, 34, 51, 38, 77, 122, 88, 23, 13, 82, 87, 19, 54, 53, 4, 7, 108, 116, 26, 58, 120, 40, 42, 18, 28, 103, 86, 75, 52, 101, 94, 73, 92, 106, 76, 72, 81, 59, 89, 99, 14, 27, 9, 30, 35, 8, 15, 11, 98, 16, 55, 123, 107, 93, 10, 91, 109, 37, 1, 113, 25, 104, 3, 2, 5, 6, 125, 57, 121, 119, 44, 45, 110, 50, 21, 117, 105, 115, 102, 112, 0, 97, 17, 22, 29, 32, 39, 41, 43, 46, 47, 49, 100, 56, 124, 64, 65, 67, 68, 69, 70, 79, 85, 95, 60, 62]
S painting T real Train Ep: 5000 lr0.007377879464668811 	 Loss Classification: 0.758790 Loss T 0.072970 Method MME

24
24
24
24
24
24
24
24
24
24
24
24
24
24
24
24
tensor(1134.)

Labeled Target set: Average loss: 1.7517, Accuracy: 723/1134 F1 (63.7566%)


Test set: Average loss: 1.3851, Accuracy: 50387/69960 F1 (72.0226%)


Val set: Average loss: 1.5811, Accuracy: 247/360 F1 (68.6111%)

best acc test 71.746712  acc val 68.611111 acc labeled target 63.756614
saving model...
S painting T real Train Ep: 5100 lr0.007341203948625087 	 Loss Classification: 0.909940 Loss T 0.059251 Method MME

S painting T real Train Ep: 5200 lr0.007304951032175895 	 Loss Classification: 0.532287 Loss T 0.058231 Method MME

S painting T real Train Ep: 5300 lr0.007269113113340497 	 Loss Classification: 0.296058 Loss T 0.040485 Method MME

S painting T real Train Ep: 5400 lr0.007233682775402483 	 Loss Classification: 0.192276 Loss T 0.039890 Method MME

S painting T real Train Ep: 5500 lr0.007198652781227704 	 Loss Classification: 0.632519 Loss T 0.070417 Method MME

24
24
24
24
24
24
24
24
24
24
24
24
24
24
24
24
tensor(1134.)

Labeled Target set: Average loss: 1.7840, Accuracy: 750/1134 F1 (66.1376%)


Test set: Average loss: 1.4077, Accuracy: 51064/69960 F1 (72.9903%)


Val set: Average loss: 1.6182, Accuracy: 243/360 F1 (67.5000%)

best acc test 71.746712  acc val 67.500000 acc labeled target 66.137566
saving model...
S painting T real Train Ep: 5600 lr0.007164016067791809 	 Loss Classification: 0.624361 Loss T 0.050636 Method MME

S painting T real Train Ep: 5700 lr0.0071297657409083726 	 Loss Classification: 1.502822 Loss T 0.045681 Method MME

S painting T real Train Ep: 5800 lr0.0070958950701490225 	 Loss Classification: 0.729906 Loss T 0.056690 Method MME

S painting T real Train Ep: 5900 lr0.007062397483947426 	 Loss Classification: 0.735997 Loss T 0.056803 Method MME

Per Class Accuracy Calculated According to the Labelled Target examples is:  [1.         1.         1.         0.8888889  0.44444445 0.8888889
 0.7777778  0.5555556  0.8888889  0.6666667  1.         0.6666667
 0.         0.         0.6666667  0.7777778  0.         1.
 0.44444445 1.         0.         0.44444445 1.         0.11111111
 0.22222222 0.7777778  0.44444445 0.6666667  1.         1.
 0.8888889  0.         0.8888889  0.11111111 0.33333334 0.7777778
 0.         0.8888889  0.33333334 1.         0.6666667  0.8888889
 0.33333334 1.         1.         1.         0.8888889  1.
 0.         1.         0.8888889  0.33333334 0.5555556  0.8888889
 0.11111111 0.6666667  1.         1.         0.22222222 1.
 1.         0.11111111 1.         0.11111111 1.         1.
 0.         1.         0.8888889  0.8888889  1.         0.5555556
 0.6666667  0.6666667  0.44444445 0.7777778  0.6666667  0.44444445
 0.         1.         0.         1.         0.6666667  0.
 0.         1.         1.         0.33333334 0.11111111 0.33333334
 0.33333334 0.8888889  0.6666667  0.8888889  0.7777778  1.
 0.22222222 1.         0.8888889  0.6666667  1.         0.5555556
 1.         0.6666667  0.33333334 0.7777778  0.7777778  0.8888889
 0.33333334 0.6666667  0.7777778  0.6666667  1.         0.7777778
 0.5555556  1.         0.44444445 0.8888889  0.         1.
 0.6666667  1.         0.6666667  0.8888889  1.         1.        ]
Top k classes which perform poorly are:  [13, 118, 20, 66, 36, 16, 78, 80, 12, 31, 84, 83, 48, 63, 33, 61, 23, 88, 54, 24, 58, 96, 34, 38, 42, 104, 108, 51, 89, 87, 90, 77, 4, 21, 74, 26, 116, 18, 101, 71, 7, 114, 52, 92, 55, 109, 72, 73, 103, 76, 82, 99, 111, 120, 27, 14, 11, 9, 122, 40, 15, 6, 35, 75, 25, 106, 113, 94, 110, 105, 5, 91, 98, 8, 123, 93, 3, 53, 50, 46, 117, 30, 32, 69, 68, 107, 41, 37, 112, 97, 102, 119, 121, 100, 115, 0, 62, 86, 1, 2, 10, 17, 19, 22, 28, 29, 39, 43, 44, 45, 95, 47, 56, 57, 59, 60, 124, 64, 65, 67, 70, 79, 81, 85, 49, 125]
S painting T real Train Ep: 6000 lr0.007029266564879363 	 Loss Classification: 0.592032 Loss T 0.054661 Method MME

24
24
24
24
24
24
24
24
24
24
24
24
24
24
24
24
tensor(1134.)

Labeled Target set: Average loss: 1.8343, Accuracy: 732/1134 F1 (64.5503%)


Test set: Average loss: 1.3427, Accuracy: 51401/69960 F1 (73.4720%)


Val set: Average loss: 1.4056, Accuracy: 252/360 F1 (70.0000%)

best acc test 71.746712  acc val 70.000000 acc labeled target 64.550265
saving model...
S painting T real Train Ep: 6100 lr0.006996496045111504 	 Loss Classification: 0.913524 Loss T 0.049761 Method MME

S painting T real Train Ep: 6200 lr0.00696407980201184 	 Loss Classification: 0.657877 Loss T 0.057709 Method MME

S painting T real Train Ep: 6300 lr0.006932011853915101 	 Loss Classification: 0.283898 Loss T 0.067866 Method MME

S painting T real Train Ep: 6400 lr0.006900286356036734 	 Loss Classification: 0.510575 Loss T 0.053529 Method MME

S painting T real Train Ep: 6500 lr0.006868897596529406 	 Loss Classification: 0.460062 Loss T 0.051300 Method MME

24
24
24
24
24
24
24
24
24
24
24
24
24
24
24
24
tensor(1134.)

Labeled Target set: Average loss: 1.7802, Accuracy: 748/1134 F1 (65.9612%)


Test set: Average loss: 1.4145, Accuracy: 50803/69960 F1 (72.6172%)


Val set: Average loss: 1.4530, Accuracy: 255/360 F1 (70.8333%)

best acc test 72.617210  acc val 70.833333 acc labeled target 65.961199
saving model...
S painting T real Train Ep: 6600 lr0.006837839992676177 	 Loss Classification: 0.449840 Loss T 0.062497 Method MME

S painting T real Train Ep: 6700 lr0.006807108087214876 	 Loss Classification: 0.218255 Loss T 0.074400 Method MME

S painting T real Train Ep: 6800 lr0.006776696544788352 	 Loss Classification: 0.913975 Loss T 0.060579 Method MME

S painting T real Train Ep: 6900 lr0.006746600148515609 	 Loss Classification: 0.670087 Loss T 0.052724 Method MME

Per Class Accuracy Calculated According to the Labelled Target examples is:  [1.         1.         0.7777778  0.7777778  0.44444445 1.
 0.8888889  0.5555556  0.7777778  0.6666667  0.8888889  0.5555556
 0.         0.5555556  0.6666667  0.6666667  0.7777778  1.
 0.6666667  0.6666667  0.22222222 0.6666667  1.         0.33333334
 0.44444445 0.7777778  0.6666667  0.6666667  0.8888889  0.7777778
 1.         0.         1.         0.44444445 0.22222222 0.6666667
 0.         0.7777778  0.44444445 1.         0.6666667  0.8888889
 0.33333334 0.7777778  1.         0.8888889  0.8888889  1.
 0.         1.         1.         0.33333334 0.5555556  0.6666667
 0.         0.5555556  1.         1.         0.33333334 0.6666667
 1.         0.44444445 0.8888889  0.33333334 1.         0.8888889
 0.         1.         1.         0.8888889  1.         0.
 0.6666667  0.6666667  0.5555556  1.         0.6666667  0.33333334
 0.         0.8888889  0.         0.8888889  0.22222222 0.
 0.11111111 1.         1.         0.33333334 0.22222222 0.33333334
 0.33333334 1.         0.6666667  0.8888889  0.6666667  0.8888889
 0.22222222 1.         0.7777778  0.6666667  1.         0.6666667
 1.         0.44444445 0.5555556  1.         0.8888889  0.6666667
 0.22222222 0.7777778  0.6666667  0.         1.         1.
 0.5555556  1.         0.7777778  1.         0.         1.
 0.6666667  0.8888889  0.5555556  0.44444445 1.         1.        ]
Top k classes which perform poorly are:  [83, 118, 31, 66, 78, 80, 71, 12, 36, 54, 111, 48, 84, 96, 20, 108, 82, 88, 34, 87, 42, 58, 23, 89, 77, 51, 63, 90, 123, 33, 4, 24, 103, 61, 38, 55, 114, 52, 74, 104, 13, 11, 7, 122, 72, 73, 110, 59, 101, 92, 94, 107, 76, 99, 26, 18, 120, 53, 27, 35, 15, 14, 21, 9, 19, 40, 8, 98, 2, 25, 3, 16, 29, 116, 43, 109, 37, 121, 95, 10, 6, 93, 62, 79, 46, 45, 41, 81, 106, 65, 28, 69, 117, 105, 102, 119, 115, 112, 100, 113, 0, 91, 1, 5, 17, 22, 30, 32, 39, 44, 47, 49, 97, 50, 57, 60, 124, 64, 67, 68, 70, 75, 85, 86, 56, 125]
S painting T real Train Ep: 7000 lr0.006716813796678979 	 Loss Classification: 1.080759 Loss T 0.042134 Method MME

24
24
24
24
24
24
24
24
24
24
24
24
24
24
24
24
tensor(1134.)

Labeled Target set: Average loss: 1.7711, Accuracy: 759/1134 F1 (66.9312%)


Test set: Average loss: 1.3692, Accuracy: 51584/69960 F1 (73.7336%)


Val set: Average loss: 1.5034, Accuracy: 254/360 F1 (70.5556%)

best acc test 72.617210  acc val 70.555556 acc labeled target 66.931217
saving model...
S painting T real Train Ep: 7100 lr0.006687332499522798 	 Loss Classification: 0.457743 Loss T 0.057814 Method MME

S painting T real Train Ep: 7200 lr0.006658151376159165 	 Loss Classification: 0.674074 Loss T 0.069011 Method MME

S painting T real Train Ep: 7300 lr0.00662926565157663 	 Loss Classification: 0.417571 Loss T 0.070455 Method MME

S painting T real Train Ep: 7400 lr0.006600670653747793 	 Loss Classification: 0.651577 Loss T 0.049946 Method MME

S painting T real Train Ep: 7500 lr0.0065723618108320175 	 Loss Classification: 0.550992 Loss T 0.053809 Method MME

24
24
24
24
24
24
24
24
24
24
24
24
24
24
24
24
tensor(1134.)

Labeled Target set: Average loss: 1.7695, Accuracy: 752/1134 F1 (66.3139%)


Test set: Average loss: 1.3934, Accuracy: 51678/69960 F1 (73.8679%)


Val set: Average loss: 1.5968, Accuracy: 250/360 F1 (69.4444%)

best acc test 72.617210  acc val 69.444444 acc labeled target 66.313933
saving model...
S painting T real Train Ep: 7600 lr0.006544334648469591 	 Loss Classification: 0.609044 Loss T 0.053996 Method MME

S painting T real Train Ep: 7700 lr0.006516584787163857 	 Loss Classification: 1.030644 Loss T 0.051901 Method MME

S painting T real Train Ep: 7800 lr0.006489107939747966 	 Loss Classification: 0.677091 Loss T 0.046066 Method MME

S painting T real Train Ep: 7900 lr0.0064618999089330565 	 Loss Classification: 0.558784 Loss T 0.050170 Method MME

Per Class Accuracy Calculated According to the Labelled Target examples is:  [1.         0.6666667  1.         1.         0.44444445 1.
 0.8888889  0.6666667  0.8888889  0.6666667  0.7777778  0.6666667
 0.         0.5555556  0.6666667  0.5555556  0.6666667  0.7777778
 0.33333334 0.7777778  0.         0.6666667  1.         0.22222222
 0.22222222 0.7777778  0.5555556  0.6666667  0.7777778  1.
 0.8888889  0.         1.         0.         0.5555556  1.
 0.         0.8888889  0.33333334 1.         0.6666667  0.8888889
 0.5555556  0.8888889  1.         0.7777778  0.8888889  0.8888889
 0.         1.         1.         0.6666667  0.5555556  0.7777778
 0.33333334 0.6666667  0.8888889  1.         0.33333334 0.8888889
 1.         0.22222222 1.         0.22222222 1.         0.7777778
 0.         1.         1.         1.         1.         0.11111111
 0.7777778  0.5555556  0.6666667  0.6666667  0.5555556  0.33333334
 0.         0.8888889  0.11111111 1.         0.44444445 0.
 0.11111111 0.8888889  1.         0.33333334 0.22222222 0.44444445
 0.6666667  0.8888889  0.6666667  0.6666667  0.8888889  0.8888889
 0.11111111 1.         0.5555556  0.8888889  1.         0.6666667
 1.         0.6666667  0.5555556  0.8888889  0.8888889  0.7777778
 0.44444445 0.7777778  0.5555556  0.22222222 0.8888889  1.
 0.44444445 1.         1.         1.         0.         1.
 0.6666667  1.         0.33333334 0.5555556  0.44444445 1.        ]
Top k classes which perform poorly are:  [83, 48, 78, 36, 33, 20, 118, 12, 31, 66, 96, 71, 84, 80, 23, 24, 111, 63, 61, 88, 38, 54, 58, 18, 77, 122, 87, 114, 108, 124, 82, 4, 89, 76, 42, 123, 104, 34, 52, 13, 15, 98, 26, 110, 73, 101, 74, 75, 90, 55, 51, 93, 9, 16, 21, 120, 11, 27, 103, 40, 14, 92, 1, 7, 10, 53, 17, 19, 45, 25, 72, 28, 109, 65, 107, 91, 105, 99, 85, 6, 8, 47, 94, 106, 30, 37, 41, 43, 59, 95, 112, 56, 79, 46, 0, 115, 116, 117, 119, 121, 102, 113, 62, 97, 2, 3, 5, 22, 29, 32, 35, 39, 44, 100, 49, 57, 60, 64, 67, 68, 69, 70, 81, 86, 50, 125]
S painting T real Train Ep: 8000 lr0.006434956584934828 	 Loss Classification: 0.639146 Loss T 0.040091 Method MME

24
24
24
24
24
24
24
24
24
24
24
24
24
24
24
24
tensor(1134.)

Labeled Target set: Average loss: 1.7672, Accuracy: 757/1134 F1 (66.7549%)


Test set: Average loss: 1.3986, Accuracy: 52151/69960 F1 (74.5440%)


Val set: Average loss: 1.5184, Accuracy: 255/360 F1 (70.8333%)

best acc test 74.544025  acc val 70.833333 acc labeled target 66.754850
saving model...
S painting T real Train Ep: 8100 lr0.006408273943175546 	 Loss Classification: 0.637049 Loss T 0.064803 Method MME

S painting T real Train Ep: 8200 lr0.006381848042058713 	 Loss Classification: 0.289507 Loss T 0.040596 Method MME

S painting T real Train Ep: 8300 lr0.0063556750208137005 	 Loss Classification: 0.303947 Loss T 0.068773 Method MME

S painting T real Train Ep: 8400 lr0.006329751097407787 	 Loss Classification: 0.190254 Loss T 0.035326 Method MME

S painting T real Train Ep: 8500 lr0.0063040725665231365 	 Loss Classification: 0.261654 Loss T 0.029159 Method MME

24
24
24
24
24
24
24
24
24
24
24
24
24
24
24
24
tensor(1134.)

Labeled Target set: Average loss: 0.1119, Accuracy: 1098/1134 F1 (96.8254%)


Test set: Average loss: 1.0535, Accuracy: 54533/69960 F1 (77.9488%)


Val set: Average loss: 1.1324, Accuracy: 274/360 F1 (76.1111%)

best acc test 77.948828  acc val 76.111111 acc labeled target 96.825397
saving model...
S painting T real Train Ep: 8600 lr0.006278635797596355 	 Loss Classification: 0.576606 Loss T 0.047952 Method MME

S painting T real Train Ep: 8700 lr0.006253437232918371 	 Loss Classification: 0.676120 Loss T 0.049621 Method MME

S painting T real Train Ep: 8800 lr0.0062284733857924735 	 Loss Classification: 0.388510 Loss T 0.036090 Method MME

S painting T real Train Ep: 8900 lr0.006203740838748417 	 Loss Classification: 0.239441 Loss T 0.037011 Method MME

Per Class Accuracy Calculated According to the Labelled Target examples is:  [1.        1.        1.        1.        0.8888889 1.        1.
 1.        1.        1.        0.8888889 1.        0.8888889 1.
 1.        1.        1.        1.        0.8888889 0.8888889 1.
 0.7777778 1.        1.        0.8888889 1.        1.        1.
 1.        1.        1.        0.8888889 1.        0.8888889 1.
 1.        1.        1.        0.8888889 1.        1.        0.8888889
 1.        0.8888889 1.        1.        1.        1.        1.
 1.        1.        0.8888889 1.        1.        0.7777778 1.
 1.        1.        1.        1.        1.        1.        1.
 1.        1.        1.        0.8888889 0.7777778 1.        1.
 1.        1.        1.        1.        1.        0.8888889 1.
 1.        0.7777778 1.        0.8888889 1.        1.        1.
 1.        0.8888889 0.8888889 1.        0.7777778 1.        0.8888889
 1.        1.        1.        1.        1.        1.        1.
 1.        1.        1.        1.        0.8888889 1.        1.
 1.        0.8888889 1.        0.8888889 1.        1.        1.
 0.6666667 1.        1.        0.8888889 1.        1.        1.
 0.8888889 1.        1.        1.        1.        1.        1.       ]
Top k classes which perform poorly are:  [112, 21, 67, 88, 78, 54, 108, 24, 106, 85, 102, 51, 31, 86, 33, 90, 38, 41, 19, 43, 75, 80, 66, 12, 115, 10, 4, 18, 119, 92, 91, 73, 89, 87, 82, 76, 77, 84, 79, 83, 81, 74, 0, 99, 94, 123, 122, 121, 120, 118, 117, 116, 114, 113, 111, 110, 109, 107, 105, 104, 103, 101, 100, 72, 98, 97, 96, 95, 93, 71, 62, 69, 32, 30, 29, 28, 27, 26, 25, 23, 22, 20, 17, 34, 16, 14, 13, 11, 9, 8, 7, 6, 5, 3, 2, 1, 15, 70, 35, 37, 68, 65, 64, 63, 124, 61, 60, 59, 58, 57, 56, 36, 55, 52, 50, 49, 48, 47, 46, 45, 44, 42, 40, 39, 53, 125]
S painting T real Train Ep: 9000 lr0.006179236241810624 	 Loss Classification: 0.320741 Loss T 0.051947 Method MME

24
24
24
24
24
24
24
24
24
24
24
24
24
24
24
24
tensor(1134.)

Labeled Target set: Average loss: 0.1444, Accuracy: 1092/1134 F1 (96.2963%)


Test set: Average loss: 1.1172, Accuracy: 54354/69960 F1 (77.6930%)


Val set: Average loss: 1.2465, Accuracy: 270/360 F1 (75.0000%)

best acc test 77.948828  acc val 75.000000 acc labeled target 96.296296
saving model...
S painting T real Train Ep: 9100 lr0.006154956310818535 	 Loss Classification: 0.743674 Loss T 0.027045 Method MME

S painting T real Train Ep: 9200 lr0.0061308978257973165 	 Loss Classification: 0.261248 Loss T 0.043902 Method MME

S painting T real Train Ep: 9300 lr0.0061070576293771285 	 Loss Classification: 0.440039 Loss T 0.040487 Method MME

S painting T real Train Ep: 9400 lr0.006083432625259276 	 Loss Classification: 0.182023 Loss T 0.022823 Method MME

S painting T real Train Ep: 9500 lr0.006060019776727621 	 Loss Classification: 0.150765 Loss T 0.054683 Method MME

24
24
24
24
24
24
24
24
24
24
24
24
24
24
24
24
tensor(1134.)

Labeled Target set: Average loss: 0.0940, Accuracy: 1108/1134 F1 (97.7072%)


Test set: Average loss: 1.0928, Accuracy: 54798/69960 F1 (78.3276%)


Val set: Average loss: 1.2741, Accuracy: 270/360 F1 (75.0000%)

best acc test 77.948828  acc val 75.000000 acc labeled target 97.707231
saving model...
S painting T real Train Ep: 9600 lr0.00603681610520369 	 Loss Classification: 0.540555 Loss T 0.042719 Method MME

S painting T real Train Ep: 9700 lr0.0060138186888439825 	 Loss Classification: 0.535524 Loss T 0.051470 Method MME

S painting T real Train Ep: 9800 lr0.005991024661178045 	 Loss Classification: 0.205173 Loss T 0.037834 Method MME

S painting T real Train Ep: 9900 lr0.0059684312097859115 	 Loss Classification: 0.405985 Loss T 0.037644 Method MME

Per Class Accuracy Calculated According to the Labelled Target examples is:  [1.        1.        0.8888889 1.        1.        1.        0.8888889
 1.        1.        1.        1.        1.        0.7777778 1.
 1.        1.        1.        0.8888889 1.        1.        1.
 1.        1.        0.8888889 1.        1.        1.        1.
 1.        0.8888889 0.8888889 0.8888889 1.        1.        1.
 1.        1.        1.        1.        1.        1.        1.
 1.        1.        1.        1.        1.        1.        1.
 1.        1.        1.        1.        1.        1.        1.
 1.        1.        1.        1.        1.        0.8888889 1.
 1.        1.        0.8888889 0.8888889 1.        1.        0.8888889
 1.        1.        1.        1.        1.        0.8888889 1.
 1.        1.        1.        0.7777778 1.        0.8888889 1.
 1.        1.        1.        1.        1.        0.8888889 1.
 1.        1.        1.        1.        1.        1.        1.
 1.        1.        1.        1.        1.        0.8888889 0.8888889
 1.        1.        1.        0.8888889 1.        1.        1.
 1.        1.        0.8888889 1.        1.        0.8888889 0.8888889
 1.        1.        1.        0.8888889 1.        0.8888889 1.       ]
Top k classes which perform poorly are:  [80, 12, 69, 66, 31, 30, 29, 82, 103, 104, 23, 89, 17, 75, 108, 114, 61, 117, 118, 124, 6, 65, 2, 122, 74, 88, 87, 86, 85, 84, 83, 81, 71, 73, 79, 78, 77, 76, 72, 70, 90, 0, 92, 123, 121, 120, 119, 116, 115, 113, 112, 111, 110, 109, 107, 106, 105, 102, 101, 100, 98, 97, 96, 95, 94, 93, 91, 99, 62, 67, 33, 32, 28, 27, 26, 25, 24, 22, 21, 20, 19, 18, 16, 15, 14, 13, 11, 10, 9, 8, 7, 5, 4, 3, 1, 34, 68, 35, 37, 64, 63, 60, 59, 58, 57, 56, 55, 54, 53, 52, 51, 50, 49, 48, 47, 46, 45, 44, 43, 42, 41, 40, 39, 38, 36, 125]
S painting T real Train Ep: 10000 lr0.005946035575013605 	 Loss Classification: 0.631648 Loss T 0.038276 Method MME

24
24
24
24
24
24
24
24
24
24
24
24
24
24
24
24
tensor(1134.)

Labeled Target set: Average loss: 0.1018, Accuracy: 1103/1134 F1 (97.2663%)


Test set: Average loss: 1.1273, Accuracy: 54768/69960 F1 (78.2847%)


Val set: Average loss: 1.3195, Accuracy: 263/360 F1 (73.0556%)

best acc test 77.948828  acc val 73.055556 acc labeled target 97.266314
saving model...
S painting T real Train Ep: 10100 lr0.005923835048725393 	 Loss Classification: 0.345084 Loss T 0.034663 Method MME

S painting T real Train Ep: 10200 lr0.005901826973091593 	 Loss Classification: 0.302717 Loss T 0.052973 Method MME

S painting T real Train Ep: 10300 lr0.005880008739410735 	 Loss Classification: 0.083085 Loss T 0.023725 Method MME

S painting T real Train Ep: 10400 lr0.005858377786964935 	 Loss Classification: 0.532990 Loss T 0.042226 Method MME

S painting T real Train Ep: 10500 lr0.005836931601907399 	 Loss Classification: 0.450267 Loss T 0.053463 Method MME

24
24
24
24
24
24
24
24
24
24
24
24
24
24
24
24
tensor(1134.)

Labeled Target set: Average loss: 0.0973, Accuracy: 1105/1134 F1 (97.4427%)


Test set: Average loss: 1.1461, Accuracy: 54798/69960 F1 (78.3276%)


Val set: Average loss: 1.3926, Accuracy: 264/360 F1 (73.3333%)

best acc test 77.948828  acc val 73.333333 acc labeled target 97.442681
saving model...
S painting T real Train Ep: 10600 lr0.005815667716181004 	 Loss Classification: 0.203418 Loss T 0.040798 Method MME

S painting T real Train Ep: 10700 lr0.005794583706466925 	 Loss Classification: 0.332274 Loss T 0.050091 Method MME

S painting T real Train Ep: 10800 lr0.005773677193162352 	 Loss Classification: 0.108423 Loss T 0.047882 Method MME

S painting T real Train Ep: 10900 lr0.005752945839386346 	 Loss Classification: 0.179497 Loss T 0.040597 Method MME

Per Class Accuracy Calculated According to the Labelled Target examples is:  [1.        0.8888889 1.        1.        1.        1.        1.
 1.        1.        1.        1.        1.        1.        1.
 1.        1.        1.        1.        1.        1.        1.
 0.8888889 1.        0.8888889 0.8888889 1.        1.        1.
 0.8888889 1.        1.        0.8888889 1.        0.8888889 1.
 1.        0.8888889 0.8888889 1.        1.        1.        1.
 1.        1.        1.        0.8888889 0.8888889 1.        1.
 1.        1.        0.8888889 1.        0.8888889 1.        0.8888889
 1.        1.        1.        1.        1.        1.        1.
 0.8888889 1.        0.8888889 0.8888889 1.        1.        1.
 0.8888889 0.8888889 1.        1.        1.        1.        1.
 0.8888889 1.        1.        0.7777778 1.        1.        1.
 1.        1.        1.        0.8888889 0.8888889 1.        1.
 1.        1.        1.        1.        1.        0.8888889 1.
 1.        1.        1.        0.8888889 1.        1.        1.
 1.        1.        1.        1.        1.        1.        1.
 0.8888889 1.        0.7777778 1.        1.        1.        1.
 1.        1.        1.        1.        1.        1.        1.       ]
Top k classes which perform poorly are:  [114, 80, 101, 28, 31, 33, 70, 36, 37, 45, 46, 96, 88, 87, 51, 53, 55, 77, 63, 65, 66, 24, 23, 71, 21, 112, 1, 85, 117, 84, 118, 83, 119, 82, 81, 120, 79, 78, 121, 76, 122, 75, 123, 74, 73, 72, 86, 116, 115, 113, 103, 102, 105, 106, 100, 99, 107, 98, 108, 104, 97, 110, 111, 95, 94, 93, 92, 91, 90, 89, 109, 0, 62, 68, 27, 26, 25, 22, 20, 19, 18, 17, 16, 15, 14, 13, 12, 11, 10, 9, 8, 7, 6, 5, 4, 3, 2, 29, 69, 30, 34, 67, 64, 124, 61, 60, 59, 58, 57, 56, 54, 52, 50, 49, 48, 47, 44, 43, 42, 41, 40, 39, 38, 35, 32, 125]
S painting T real Train Ep: 11000 lr0.005732387350012933 	 Loss Classification: 0.277813 Loss T 0.045567 Method MME

24
24
24
24
24
24
24
24
24
24
24
24
24
24
24
24
tensor(1134.)

Labeled Target set: Average loss: 0.0973, Accuracy: 1107/1134 F1 (97.6190%)


Test set: Average loss: 1.1373, Accuracy: 55050/69960 F1 (78.6878%)


Val set: Average loss: 1.3408, Accuracy: 269/360 F1 (74.7222%)

best acc test 77.948828  acc val 74.722222 acc labeled target 97.619048
saving model...
S painting T real Train Ep: 11100 lr0.005711999470730565 	 Loss Classification: 0.440642 Loss T 0.053109 Method MME

S painting T real Train Ep: 11200 lr0.005691779987127103 	 Loss Classification: 0.237495 Loss T 0.032138 Method MME

S painting T real Train Ep: 11300 lr0.005671726723799515 	 Loss Classification: 0.239994 Loss T 0.046941 Method MME

S painting T real Train Ep: 11400 lr0.005651837543487509 	 Loss Classification: 0.099761 Loss T 0.040771 Method MME

S painting T real Train Ep: 11500 lr0.005632110346230358 	 Loss Classification: 0.588173 Loss T 0.033380 Method MME

24
24
24
24
24
24
24
24
24
24
24
24
24
24
24
24
tensor(1134.)

Labeled Target set: Average loss: 0.0834, Accuracy: 1106/1134 F1 (97.5309%)


Test set: Average loss: 1.0788, Accuracy: 55639/69960 F1 (79.5297%)


Val set: Average loss: 1.3114, Accuracy: 272/360 F1 (75.5556%)

