Dataset office_home Source Real Target Product Labeled num perclass 1 Network alexnet
65 classes in this dataset
Labelled Source Examples:  4357
Unlabelled Target Dataset Size:  4374
Labelled Target Dataset Size:  65
Misc. Labelled Target Dataset Size:  65
Bank keys - Target:  dict_keys(['feat_vec', 'labels', 'names', 'domain_identifier']) Source:  dict_keys(['feat_vec', 'labels', 'names', 'domain_identifier'])
Num  - Target:  4374 Source:  4357
Unlabeled Target Data Batches: 68
S Real T Product Train Ep: 0 lr0.01 	 Loss Classification: 4.202294 Loss T 0.415661 Method MME

32
32
32
tensor(195.)

Labeled Target set: Average loss: 4.1120, Accuracy: 11/195 F1 (5.6410%)


Test set: Average loss: 4.1661, Accuracy: 126/4352 F1 (2.8952%)


Val set: Average loss: 4.1564, Accuracy: 7/192 F1 (3.6458%)

Patience Reset, Counter is: 0
best acc test 2.895221  acc val 3.645833 acc labeled target 5.641026
saving model...
S Real T Product Train Ep: 100 lr0.009925650290240803 	 Loss Classification: 1.670287 Loss T 0.255369 Method MME

S Real T Product Train Ep: 200 lr0.009852577760521605 	 Loss Classification: 1.190386 Loss T 0.181482 Method MME

S Real T Product Train Ep: 300 lr0.009780748269686728 	 Loss Classification: 0.795213 Loss T 0.144469 Method MME

S Real T Product Train Ep: 400 lr0.009710128909124701 	 Loss Classification: 0.833270 Loss T 0.114113 Method MME

S Real T Product Train Ep: 500 lr0.00964068794694323 	 Loss Classification: 0.296730 Loss T 0.110504 Method MME

32
32
32
tensor(195.)

Labeled Target set: Average loss: 1.0306, Accuracy: 113/195 F1 (57.9487%)


Test set: Average loss: 1.5954, Accuracy: 2595/4352 F1 (59.6278%)


Val set: Average loss: 1.6573, Accuracy: 110/192 F1 (57.2917%)

Patience Reset, Counter is: 0
best acc test 59.627757  acc val 57.291667 acc labeled target 57.948718
saving model...
S Real T Product Train Ep: 600 lr0.00957239477517603 	 Loss Classification: 0.381549 Loss T 0.116607 Method MME

S Real T Product Train Ep: 700 lr0.009505219859830012 	 Loss Classification: 0.173875 Loss T 0.085380 Method MME

S Real T Product Train Ep: 800 lr0.009439134693595126 	 Loss Classification: 0.227647 Loss T 0.083128 Method MME

S Real T Product Train Ep: 900 lr0.009374111751051751 	 Loss Classification: 0.172046 Loss T 0.070003 Method MME

S Real T Product Train Ep: 1000 lr0.009310124446222227 	 Loss Classification: 0.302158 Loss T 0.056599 Method MME

32
32
32
tensor(195.)

Labeled Target set: Average loss: 1.0036, Accuracy: 124/195 F1 (63.5897%)


Test set: Average loss: 1.6649, Accuracy: 2816/4352 F1 (64.7059%)


Val set: Average loss: 1.7794, Accuracy: 116/192 F1 (60.4167%)

Patience Reset, Counter is: 0
best acc test 64.705882  acc val 60.416667 acc labeled target 63.589744
saving model...
S Real T Product Train Ep: 1100 lr0.00924714709232377 	 Loss Classification: 0.118972 Loss T 0.052773 Method MME

S Real T Product Train Ep: 1200 lr0.009185154863590003 	 Loss Classification: 0.204769 Loss T 0.063262 Method MME

S Real T Product Train Ep: 1300 lr0.00912412375903735 	 Loss Classification: 0.152412 Loss T 0.056336 Method MME

S Real T Product Train Ep: 1400 lr0.009064030568061049 	 Loss Classification: 0.108617 Loss T 0.056780 Method MME

S Real T Product Train Ep: 1500 lr0.009004852837753237 	 Loss Classification: 0.086968 Loss T 0.061756 Method MME

32
32
32
tensor(195.)

Labeled Target set: Average loss: 1.3041, Accuracy: 126/195 F1 (64.6154%)


Test set: Average loss: 1.7950, Accuracy: 2911/4352 F1 (66.8888%)


Val set: Average loss: 1.9261, Accuracy: 121/192 F1 (63.0208%)

Patience Reset, Counter is: 0
best acc test 66.888787  acc val 63.020833 acc labeled target 64.615385
saving model...
S Real T Product Train Ep: 1600 lr0.008946568841842816 	 Loss Classification: 0.167992 Loss T 0.058102 Method MME

S Real T Product Train Ep: 1700 lr0.008889157551163433 	 Loss Classification: 0.098975 Loss T 0.062196 Method MME

S Real T Product Train Ep: 1800 lr0.008832598605562044 	 Loss Classification: 0.052655 Loss T 0.042039 Method MME

S Real T Product Train Ep: 1900 lr0.008776872287166303 	 Loss Classification: 0.066370 Loss T 0.041429 Method MME

Per Class Accuracy Calculated According to the Labelled Target examples is:  [1.         1.         0.6666667  0.33333334 1.         0.6666667
 1.         1.         1.         0.33333334 1.         0.
 0.6666667  0.         1.         0.33333334 1.         0.
 1.         1.         1.         0.         1.         0.6666667
 0.6666667  1.         1.         0.6666667  1.         1.
 0.         1.         1.         0.         0.6666667  0.6666667
 1.         1.         1.         1.         1.         0.6666667
 0.         0.         1.         0.         0.         0.33333334
 1.         1.         1.         1.         0.         0.6666667
 1.         0.33333334 0.33333334 0.33333334 0.         1.
 0.         0.         1.         0.         1.        ]
Top k classes which perform poorly are:  [52, 30, 21, 42, 46, 63, 17, 13, 11, 33, 58, 60, 61, 45, 43, 57, 47, 56, 15, 55, 3, 9, 34, 35, 27, 41, 24, 23, 53, 12, 5, 2, 49, 48, 51, 54, 59, 44, 62, 50, 0, 32, 39, 1, 4, 6, 7, 8, 10, 14, 16, 18, 40, 19, 22, 25, 26, 28, 29, 31, 36, 37, 38, 20, 64]
Per cls weights according to the accuracy are:  tensor([1.1839, 1.1839, 1.2567, 1.3583, 1.1839, 1.2567, 1.1839, 1.1839, 1.1839,
        1.3583, 1.1839, 1.5000, 1.2567, 1.5000, 1.1839, 1.3583, 1.1839, 1.5000,
        1.1839, 1.1839, 1.1839, 1.5000, 1.1839, 1.2567, 1.2567, 1.1839, 1.1839,
        1.2567, 1.1839, 1.1839, 1.5000, 1.1839, 1.1839, 1.5000, 1.2567, 1.2567,
        1.1839, 1.1839, 1.1839, 1.1839, 1.1839, 1.2567, 1.5000, 1.5000, 1.1839,
        1.5000, 1.5000, 1.3583, 1.1839, 1.1839, 1.1839, 1.1839, 1.5000, 1.2567,
        1.1839, 1.3583, 1.3583, 1.3583, 1.5000, 1.1839, 1.5000, 1.5000, 1.1839,
        1.5000, 1.1839])
0
1
2
3
4
5
6
7
8
9
10
11
12
13
14
15
16
17
18
19
20
21
22
23
24
25
26
27
28
29
30
31
32
33
34
35
36
37
38
39
40
41
42
43
44
45
46
47
48
49
50
51
52
53
54
55
56
57
58
59
60
61
62
63
64
Per cls weights according to the accuracy are:  tensor([0.8161, 0.8161, 0.7433, 0.6417, 0.8161, 0.7433, 0.8161, 0.8161, 0.8161,
        0.6417, 0.8161, 0.5000, 0.7433, 0.5000, 0.8161, 0.6417, 0.8161, 0.5000,
        0.8161, 0.8161, 0.8161, 0.5000, 0.8161, 0.7433, 0.7433, 0.8161, 0.8161,
        0.7433, 0.8161, 0.8161, 0.5000, 0.8161, 0.8161, 0.5000, 0.7433, 0.7433,
        0.8161, 0.8161, 0.8161, 0.8161, 0.8161, 0.7433, 0.5000, 0.5000, 0.8161,
        0.5000, 0.5000, 0.6417, 0.8161, 0.8161, 0.8161, 0.8161, 0.5000, 0.7433,
        0.8161, 0.6417, 0.6417, 0.6417, 0.5000, 0.8161, 0.5000, 0.5000, 0.8161,
        0.5000, 0.8161])
0
1
2
3
4
5
6
7
8
9
10
11
12
13
14
15
16
17
18
19
20
21
22
23
24
25
26
27
28
29
30
31
32
33
34
35
36
37
38
39
40
41
42
43
44
45
46
47
48
49
50
51
52
53
54
55
56
57
58
59
60
61
62
63
64
Assigned Classwise weights to source
S Real T Product Train Ep: 2000 lr0.008721959494934213 	 Loss Classification: 0.081190 Loss T 0.039282 Method MME

32
32
32
tensor(195.)

Labeled Target set: Average loss: 1.1039, Accuracy: 131/195 F1 (67.1795%)


Test set: Average loss: 1.9046, Accuracy: 2967/4352 F1 (68.1756%)


Val set: Average loss: 1.9965, Accuracy: 127/192 F1 (66.1458%)

Patience Reset, Counter is: 0
best acc test 68.175551  acc val 66.145833 acc labeled target 67.179487
saving model...
S Real T Product Train Ep: 2100 lr0.008667841720414475 	 Loss Classification: 0.134704 Loss T 0.029322 Method MME

S Real T Product Train Ep: 2200 lr0.008614501024650454 	 Loss Classification: 0.055995 Loss T 0.029371 Method MME

S Real T Product Train Ep: 2300 lr0.008561920016164943 	 Loss Classification: 0.171469 Loss T 0.036764 Method MME

S Real T Product Train Ep: 2400 lr0.008510081829966844 	 Loss Classification: 0.077265 Loss T 0.017874 Method MME

S Real T Product Train Ep: 2500 lr0.008458970107524513 	 Loss Classification: 0.046177 Loss T 0.023975 Method MME

32
32
32
tensor(195.)

Labeled Target set: Average loss: 1.2949, Accuracy: 131/195 F1 (67.1795%)


Test set: Average loss: 2.1154, Accuracy: 2997/4352 F1 (68.8649%)


Val set: Average loss: 2.0485, Accuracy: 128/192 F1 (66.6667%)

Patience Reset, Counter is: 0
best acc test 68.864890  acc val 66.666667 acc labeled target 67.179487
saving model...
S Real T Product Train Ep: 2600 lr0.008408568977653933 	 Loss Classification: 0.033292 Loss T 0.031072 Method MME

S Real T Product Train Ep: 2700 lr0.00835886303827305 	 Loss Classification: 0.478495 Loss T 0.068718 Method MME

S Real T Product Train Ep: 2800 lr0.008309837338976545 	 Loss Classification: 0.337905 Loss T 0.046004 Method MME

S Real T Product Train Ep: 2900 lr0.008261477364388068 	 Loss Classification: 0.094996 Loss T 0.046433 Method MME

Per Class Accuracy Calculated According to the Labelled Target examples is:  [1.         1.         0.6666667  1.         1.         0.6666667
 1.         1.         1.         0.         1.         0.
 0.6666667  0.         1.         1.         1.         0.
 1.         1.         1.         0.         1.         1.
 1.         1.         1.         1.         1.         1.
 0.         1.         1.         0.         1.         0.6666667
 1.         0.6666667  1.         1.         1.         1.
 0.         0.         1.         0.33333334 0.         0.33333334
 1.         1.         1.         1.         0.         1.
 1.         0.33333334 0.         0.         0.         0.33333334
 0.         0.         1.         0.         1.        ]
Top k classes which perform poorly are:  [52, 46, 17, 43, 42, 13, 30, 11, 9, 56, 58, 63, 60, 61, 33, 57, 21, 47, 59, 55, 45, 35, 37, 12, 5, 2, 48, 50, 51, 39, 44, 53, 54, 41, 40, 62, 49, 0, 32, 36, 1, 3, 4, 6, 7, 8, 10, 14, 15, 16, 18, 19, 20, 22, 23, 24, 25, 26, 27, 28, 29, 31, 34, 38, 64]
Per cls weights according to the accuracy are:  tensor([1.1839, 1.1839, 1.2567, 1.1839, 1.1839, 1.2567, 1.1839, 1.1839, 1.1839,
        1.5000, 1.1839, 1.5000, 1.2567, 1.5000, 1.1839, 1.1839, 1.1839, 1.5000,
        1.1839, 1.1839, 1.1839, 1.5000, 1.1839, 1.1839, 1.1839, 1.1839, 1.1839,
        1.1839, 1.1839, 1.1839, 1.5000, 1.1839, 1.1839, 1.5000, 1.1839, 1.2567,
        1.1839, 1.2567, 1.1839, 1.1839, 1.1839, 1.1839, 1.5000, 1.5000, 1.1839,
        1.3583, 1.5000, 1.3583, 1.1839, 1.1839, 1.1839, 1.1839, 1.5000, 1.1839,
        1.1839, 1.3583, 1.5000, 1.5000, 1.5000, 1.3583, 1.5000, 1.5000, 1.1839,
        1.5000, 1.1839])
0
1
2
3
4
5
6
7
8
9
10
11
12
13
14
15
16
17
18
19
20
21
22
23
24
25
26
27
28
29
30
31
32
33
34
35
36
37
38
39
40
41
42
43
44
45
46
47
48
49
50
51
52
53
54
55
56
57
58
59
60
61
62
63
64
Per cls weights according to the accuracy are:  tensor([0.8161, 0.8161, 0.7433, 0.8161, 0.8161, 0.7433, 0.8161, 0.8161, 0.8161,
        0.5000, 0.8161, 0.5000, 0.7433, 0.5000, 0.8161, 0.8161, 0.8161, 0.5000,
        0.8161, 0.8161, 0.8161, 0.5000, 0.8161, 0.8161, 0.8161, 0.8161, 0.8161,
        0.8161, 0.8161, 0.8161, 0.5000, 0.8161, 0.8161, 0.5000, 0.8161, 0.7433,
        0.8161, 0.7433, 0.8161, 0.8161, 0.8161, 0.8161, 0.5000, 0.5000, 0.8161,
        0.6417, 0.5000, 0.6417, 0.8161, 0.8161, 0.8161, 0.8161, 0.5000, 0.8161,
        0.8161, 0.6417, 0.5000, 0.5000, 0.5000, 0.6417, 0.5000, 0.5000, 0.8161,
        0.5000, 0.8161])
0
1
2
3
4
5
6
7
8
9
10
11
12
13
14
15
16
17
18
19
20
21
22
23
24
25
26
27
28
29
30
31
32
33
34
35
36
37
38
39
40
41
42
43
44
45
46
47
48
49
50
51
52
53
54
55
56
57
58
59
60
61
62
63
64
Assigned Classwise weights to source
S Real T Product Train Ep: 3000 lr0.008213769018249545 	 Loss Classification: 0.209731 Loss T 0.049520 Method MME

32
32
32
tensor(195.)

Labeled Target set: Average loss: 0.0553, Accuracy: 191/195 F1 (97.9487%)


Test set: Average loss: 1.9593, Accuracy: 2986/4352 F1 (68.6121%)


Val set: Average loss: 2.0097, Accuracy: 132/192 F1 (68.7500%)

Patience Reset, Counter is: 0
best acc test 68.612132  acc val 68.750000 acc labeled target 97.948718
saving model...
S Real T Product Train Ep: 3100 lr0.008166698608209509 	 Loss Classification: 0.098152 Loss T 0.042975 Method MME

S Real T Product Train Ep: 3200 lr0.008120252831274708 	 Loss Classification: 0.134844 Loss T 0.034092 Method MME

S Real T Product Train Ep: 3300 lr0.008074418759891278 	 Loss Classification: 0.164115 Loss T 0.032060 Method MME

S Real T Product Train Ep: 3400 lr0.008029183828623731 	 Loss Classification: 0.198061 Loss T 0.015351 Method MME

S Real T Product Train Ep: 3500 lr0.007984535821401871 	 Loss Classification: 0.054540 Loss T 0.040462 Method MME

32
32
32
tensor(195.)

Labeled Target set: Average loss: 0.0698, Accuracy: 191/195 F1 (97.9487%)


Test set: Average loss: 2.0697, Accuracy: 3038/4352 F1 (69.8070%)


Val set: Average loss: 1.9415, Accuracy: 130/192 F1 (67.7083%)

Patience getting saturated, current counter is:  0
best acc test 68.612132  acc val 67.708333 acc labeled target 97.948718
saving model...
S Real T Product Train Ep: 3600 lr0.007940462859307384 	 Loss Classification: 0.021661 Loss T 0.024185 Method MME

S Real T Product Train Ep: 3700 lr0.007896953388873518 	 Loss Classification: 0.059569 Loss T 0.013395 Method MME

S Real T Product Train Ep: 3800 lr0.007853996170872714 	 Loss Classification: 0.047950 Loss T 0.030370 Method MME

S Real T Product Train Ep: 3900 lr0.00781158026956848 	 Loss Classification: 0.156091 Loss T 0.019033 Method MME

Per Class Accuracy Calculated According to the Labelled Target examples is:  [1.        1.        1.        0.6666667 1.        1.        1.
 1.        1.        1.        1.        1.        1.        0.6666667
 1.        1.        1.        1.        1.        1.        1.
 0.6666667 1.        1.        1.        1.        1.        1.
 1.        1.        1.        1.        1.        1.        1.
 1.        1.        1.        1.        1.        1.        1.
 1.        1.        1.        1.        1.        1.        1.
 1.        1.        1.        0.6666667 1.        1.        1.
 1.        1.        1.        1.        1.        1.        1.
 1.        1.       ]
Top k classes which perform poorly are:  [13, 3, 52, 21, 0, 45, 44, 43, 42, 41, 40, 39, 38, 37, 36, 46, 47, 49, 35, 50, 51, 53, 54, 55, 56, 57, 58, 59, 60, 61, 62, 48, 34, 32, 63, 1, 2, 4, 5, 6, 7, 8, 9, 10, 11, 12, 14, 15, 33, 16, 18, 19, 20, 22, 23, 24, 25, 26, 27, 28, 29, 30, 31, 17, 64]
Per cls weights according to the accuracy are:  tensor([1.1839, 1.1839, 1.1839, 1.2567, 1.1839, 1.1839, 1.1839, 1.1839, 1.1839,
        1.1839, 1.1839, 1.1839, 1.1839, 1.2567, 1.1839, 1.1839, 1.1839, 1.1839,
        1.1839, 1.1839, 1.1839, 1.2567, 1.1839, 1.1839, 1.1839, 1.1839, 1.1839,
        1.1839, 1.1839, 1.1839, 1.1839, 1.1839, 1.1839, 1.1839, 1.1839, 1.1839,
        1.1839, 1.1839, 1.1839, 1.1839, 1.1839, 1.1839, 1.1839, 1.1839, 1.1839,
        1.1839, 1.1839, 1.1839, 1.1839, 1.1839, 1.1839, 1.1839, 1.2567, 1.1839,
        1.1839, 1.1839, 1.1839, 1.1839, 1.1839, 1.1839, 1.1839, 1.1839, 1.1839,
        1.1839, 1.1839])
0
1
2
3
4
5
6
7
8
9
10
11
12
13
14
15
16
17
18
19
20
21
22
23
24
25
26
27
28
29
30
31
32
33
34
35
36
37
38
39
40
41
42
43
44
45
46
47
48
49
50
51
52
53
54
55
56
57
58
59
60
61
62
63
64
Per cls weights according to the accuracy are:  tensor([0.8161, 0.8161, 0.8161, 0.7433, 0.8161, 0.8161, 0.8161, 0.8161, 0.8161,
        0.8161, 0.8161, 0.8161, 0.8161, 0.7433, 0.8161, 0.8161, 0.8161, 0.8161,
        0.8161, 0.8161, 0.8161, 0.7433, 0.8161, 0.8161, 0.8161, 0.8161, 0.8161,
        0.8161, 0.8161, 0.8161, 0.8161, 0.8161, 0.8161, 0.8161, 0.8161, 0.8161,
        0.8161, 0.8161, 0.8161, 0.8161, 0.8161, 0.8161, 0.8161, 0.8161, 0.8161,
        0.8161, 0.8161, 0.8161, 0.8161, 0.8161, 0.8161, 0.8161, 0.7433, 0.8161,
        0.8161, 0.8161, 0.8161, 0.8161, 0.8161, 0.8161, 0.8161, 0.8161, 0.8161,
        0.8161, 0.8161])
0
1
2
3
4
5
6
7
8
9
10
11
12
13
14
15
16
17
18
19
20
21
22
23
24
25
26
27
28
29
30
31
32
33
34
35
36
37
38
39
40
41
42
43
44
45
46
47
48
49
50
51
52
53
54
55
56
57
58
59
60
61
62
63
64
Assigned Classwise weights to source
S Real T Product Train Ep: 4000 lr0.007769695042409123 	 Loss Classification: 0.020915 Loss T 0.019691 Method MME

32
32
32
tensor(195.)

Labeled Target set: Average loss: 0.0440, Accuracy: 192/195 F1 (98.4615%)


Test set: Average loss: 2.2310, Accuracy: 3036/4352 F1 (69.7610%)


Val set: Average loss: 2.2491, Accuracy: 131/192 F1 (68.2292%)

Patience getting saturated, current counter is:  1
best acc test 68.612132  acc val 68.229167 acc labeled target 98.461538
saving model...
S Real T Product Train Ep: 4100 lr0.007728330130142108 	 Loss Classification: 0.028111 Loss T 0.015875 Method MME

S Real T Product Train Ep: 4200 lr0.007687475447329114 	 Loss Classification: 0.075640 Loss T 0.025108 Method MME

S Real T Product Train Ep: 4300 lr0.0076471211732427845 	 Loss Classification: 0.082884 Loss T 0.011708 Method MME

S Real T Product Train Ep: 4400 lr0.007607257743127307 	 Loss Classification: 0.058087 Loss T 0.016198 Method MME

S Real T Product Train Ep: 4500 lr0.007567875839805858 	 Loss Classification: 0.035538 Loss T 0.026225 Method MME

32
32
32
tensor(195.)

Labeled Target set: Average loss: 0.0352, Accuracy: 193/195 F1 (98.9744%)


Test set: Average loss: 2.3532, Accuracy: 3042/4352 F1 (69.8989%)


Val set: Average loss: 2.3376, Accuracy: 132/192 F1 (68.7500%)

Patience Reset, Counter is: 2
best acc test 69.898897  acc val 68.750000 acc labeled target 98.974359
saving model...
S Real T Product Train Ep: 4600 lr0.007528966385618854 	 Loss Classification: 0.010612 Loss T 0.017863 Method MME

S Real T Product Train Ep: 4700 lr0.007490520534677821 	 Loss Classification: 0.066931 Loss T 0.011748 Method MME

S Real T Product Train Ep: 4800 lr0.007452529665420465 	 Loss Classification: 0.054432 Loss T 0.014071 Method MME

S Real T Product Train Ep: 4900 lr0.007414985373453289 	 Loss Classification: 0.088382 Loss T 0.018583 Method MME

Per Class Accuracy Calculated According to the Labelled Target examples is:  [1.        1.        1.        0.6666667 1.        1.        1.
 1.        1.        1.        1.        1.        1.        1.
 1.        1.        1.        1.        1.        1.        1.
 1.        1.        1.        1.        1.        1.        1.
 1.        1.        1.        1.        1.        1.        1.
 1.        1.        1.        1.        1.        1.        1.
 1.        1.        1.        1.        1.        1.        1.
 1.        1.        1.        1.        1.        1.        1.
 1.        1.        1.        1.        1.        1.        1.
 0.6666667 1.       ]
Top k classes which perform poorly are:  [63, 3, 34, 35, 36, 37, 38, 39, 40, 41, 42, 43, 44, 45, 46, 47, 0, 49, 50, 51, 52, 53, 54, 55, 56, 57, 58, 59, 60, 61, 62, 33, 48, 32, 30, 1, 2, 4, 5, 6, 7, 8, 9, 10, 11, 12, 13, 14, 31, 15, 17, 18, 19, 20, 21, 22, 23, 24, 25, 26, 27, 28, 29, 16, 64]
Per cls weights according to the accuracy are:  tensor([1.1839, 1.1839, 1.1839, 1.2567, 1.1839, 1.1839, 1.1839, 1.1839, 1.1839,
        1.1839, 1.1839, 1.1839, 1.1839, 1.1839, 1.1839, 1.1839, 1.1839, 1.1839,
        1.1839, 1.1839, 1.1839, 1.1839, 1.1839, 1.1839, 1.1839, 1.1839, 1.1839,
        1.1839, 1.1839, 1.1839, 1.1839, 1.1839, 1.1839, 1.1839, 1.1839, 1.1839,
        1.1839, 1.1839, 1.1839, 1.1839, 1.1839, 1.1839, 1.1839, 1.1839, 1.1839,
        1.1839, 1.1839, 1.1839, 1.1839, 1.1839, 1.1839, 1.1839, 1.1839, 1.1839,
        1.1839, 1.1839, 1.1839, 1.1839, 1.1839, 1.1839, 1.1839, 1.1839, 1.1839,
        1.2567, 1.1839])
0
1
2
3
4
5
6
7
8
9
10
11
12
13
14
15
16
17
18
19
20
21
22
23
24
25
26
27
28
29
30
31
32
33
34
35
36
37
38
39
40
41
42
43
44
45
46
47
48
49
50
51
52
53
54
55
56
57
58
59
60
61
62
63
64
Per cls weights according to the accuracy are:  tensor([0.8161, 0.8161, 0.8161, 0.7433, 0.8161, 0.8161, 0.8161, 0.8161, 0.8161,
        0.8161, 0.8161, 0.8161, 0.8161, 0.8161, 0.8161, 0.8161, 0.8161, 0.8161,
        0.8161, 0.8161, 0.8161, 0.8161, 0.8161, 0.8161, 0.8161, 0.8161, 0.8161,
        0.8161, 0.8161, 0.8161, 0.8161, 0.8161, 0.8161, 0.8161, 0.8161, 0.8161,
        0.8161, 0.8161, 0.8161, 0.8161, 0.8161, 0.8161, 0.8161, 0.8161, 0.8161,
        0.8161, 0.8161, 0.8161, 0.8161, 0.8161, 0.8161, 0.8161, 0.8161, 0.8161,
        0.8161, 0.8161, 0.8161, 0.8161, 0.8161, 0.8161, 0.8161, 0.8161, 0.8161,
        0.7433, 0.8161])
0
1
2
3
4
5
6
7
8
9
10
11
12
13
14
15
16
17
18
19
20
21
22
23
24
25
26
27
28
29
30
31
32
33
34
35
36
37
38
39
40
41
42
43
44
45
46
47
48
49
50
51
52
53
54
55
56
57
58
59
60
61
62
63
64
Assigned Classwise weights to source
S Real T Product Train Ep: 5000 lr0.007377879464668811 	 Loss Classification: 0.022153 Loss T 0.018095 Method MME

32
32
32
tensor(195.)

Labeled Target set: Average loss: 0.0280, Accuracy: 192/195 F1 (98.4615%)


Test set: Average loss: 2.4330, Accuracy: 3064/4352 F1 (70.4044%)


Val set: Average loss: 2.3828, Accuracy: 131/192 F1 (68.2292%)

Patience getting saturated, current counter is:  0
best acc test 69.898897  acc val 68.229167 acc labeled target 98.461538
saving model...
S Real T Product Train Ep: 5100 lr0.007341203948625087 	 Loss Classification: 0.136938 Loss T 0.010938 Method MME

S Real T Product Train Ep: 5200 lr0.007304951032175895 	 Loss Classification: 0.051967 Loss T 0.013153 Method MME

S Real T Product Train Ep: 5300 lr0.007269113113340497 	 Loss Classification: 0.061712 Loss T 0.016402 Method MME

S Real T Product Train Ep: 5400 lr0.007233682775402483 	 Loss Classification: 0.026719 Loss T 0.009484 Method MME

S Real T Product Train Ep: 5500 lr0.007198652781227704 	 Loss Classification: 0.112291 Loss T 0.013490 Method MME

32
32
32
tensor(195.)

Labeled Target set: Average loss: 0.0667, Accuracy: 191/195 F1 (97.9487%)


Test set: Average loss: 2.5190, Accuracy: 3057/4352 F1 (70.2436%)


Val set: Average loss: 2.5682, Accuracy: 131/192 F1 (68.2292%)

Patience getting saturated, current counter is:  1
best acc test 69.898897  acc val 68.229167 acc labeled target 97.948718
saving model...
S Real T Product Train Ep: 5600 lr0.007164016067791809 	 Loss Classification: 0.014462 Loss T 0.011683 Method MME

S Real T Product Train Ep: 5700 lr0.0071297657409083726 	 Loss Classification: 0.038532 Loss T 0.015147 Method MME

S Real T Product Train Ep: 5800 lr0.0070958950701490225 	 Loss Classification: 0.043612 Loss T 0.009811 Method MME

S Real T Product Train Ep: 5900 lr0.007062397483947426 	 Loss Classification: 0.015181 Loss T 0.008202 Method MME

Per Class Accuracy Calculated According to the Labelled Target examples is:  [1.        1.        1.        1.        1.        1.        1.
 1.        1.        1.        1.        1.        1.        1.
 1.        0.6666667 1.        1.        1.        1.        1.
 1.        1.        1.        1.        1.        1.        1.
 1.        1.        1.        0.6666667 1.        1.        1.
 1.        1.        1.        0.6666667 1.        1.        1.
 1.        1.        1.        1.        1.        1.        1.
 1.        1.        1.        1.        1.        1.        1.
 1.        1.        0.6666667 1.        1.        1.        1.
 1.        1.       ]
Top k classes which perform poorly are:  [31, 58, 38, 15, 46, 45, 44, 43, 42, 0, 39, 37, 36, 35, 34, 41, 40, 48, 49, 50, 51, 52, 53, 54, 55, 56, 57, 59, 60, 61, 62, 47, 33, 32, 30, 1, 2, 3, 4, 5, 6, 7, 8, 9, 10, 11, 12, 13, 63, 14, 17, 18, 19, 20, 21, 22, 23, 24, 25, 26, 27, 28, 29, 16, 64]
Per cls weights according to the accuracy are:  tensor([1.1839, 1.1839, 1.1839, 1.1839, 1.1839, 1.1839, 1.1839, 1.1839, 1.1839,
        1.1839, 1.1839, 1.1839, 1.1839, 1.1839, 1.1839, 1.2567, 1.1839, 1.1839,
        1.1839, 1.1839, 1.1839, 1.1839, 1.1839, 1.1839, 1.1839, 1.1839, 1.1839,
        1.1839, 1.1839, 1.1839, 1.1839, 1.2567, 1.1839, 1.1839, 1.1839, 1.1839,
        1.1839, 1.1839, 1.2567, 1.1839, 1.1839, 1.1839, 1.1839, 1.1839, 1.1839,
        1.1839, 1.1839, 1.1839, 1.1839, 1.1839, 1.1839, 1.1839, 1.1839, 1.1839,
        1.1839, 1.1839, 1.1839, 1.1839, 1.2567, 1.1839, 1.1839, 1.1839, 1.1839,
        1.1839, 1.1839])
0
1
2
3
4
5
6
7
8
9
10
11
12
13
14
15
16
17
18
19
20
21
22
23
24
25
26
27
28
29
30
31
32
33
34
35
36
37
38
39
40
41
42
43
44
45
46
47
48
49
50
51
52
53
54
55
56
57
58
59
60
61
62
63
64
Per cls weights according to the accuracy are:  tensor([0.8161, 0.8161, 0.8161, 0.8161, 0.8161, 0.8161, 0.8161, 0.8161, 0.8161,
        0.8161, 0.8161, 0.8161, 0.8161, 0.8161, 0.8161, 0.7433, 0.8161, 0.8161,
        0.8161, 0.8161, 0.8161, 0.8161, 0.8161, 0.8161, 0.8161, 0.8161, 0.8161,
        0.8161, 0.8161, 0.8161, 0.8161, 0.7433, 0.8161, 0.8161, 0.8161, 0.8161,
        0.8161, 0.8161, 0.7433, 0.8161, 0.8161, 0.8161, 0.8161, 0.8161, 0.8161,
        0.8161, 0.8161, 0.8161, 0.8161, 0.8161, 0.8161, 0.8161, 0.8161, 0.8161,
        0.8161, 0.8161, 0.8161, 0.8161, 0.7433, 0.8161, 0.8161, 0.8161, 0.8161,
        0.8161, 0.8161])
0
1
2
3
4
5
6
7
8
9
10
11
12
13
14
15
16
17
18
19
20
21
22
23
24
25
26
27
28
29
30
31
32
33
34
35
36
37
38
39
40
41
42
43
44
45
46
47
48
49
50
51
52
53
54
55
56
57
58
59
60
61
62
63
64
Assigned Classwise weights to source
S Real T Product Train Ep: 6000 lr0.007029266564879363 	 Loss Classification: 0.037860 Loss T 0.011729 Method MME

32
32
32
tensor(195.)

Labeled Target set: Average loss: 0.0106, Accuracy: 194/195 F1 (99.4872%)


Test set: Average loss: 2.5710, Accuracy: 3062/4352 F1 (70.3585%)


Val set: Average loss: 2.5962, Accuracy: 131/192 F1 (68.2292%)

Patience getting saturated, current counter is:  2
best acc test 69.898897  acc val 68.229167 acc labeled target 99.487179
saving model...
S Real T Product Train Ep: 6100 lr0.006996496045111504 	 Loss Classification: 0.040647 Loss T 0.016180 Method MME

S Real T Product Train Ep: 6200 lr0.00696407980201184 	 Loss Classification: 0.018225 Loss T 0.007507 Method MME

S Real T Product Train Ep: 6300 lr0.006932011853915101 	 Loss Classification: 0.025181 Loss T 0.009107 Method MME

S Real T Product Train Ep: 6400 lr0.006900286356036734 	 Loss Classification: 0.046924 Loss T 0.006132 Method MME

S Real T Product Train Ep: 6500 lr0.006868897596529406 	 Loss Classification: 0.334244 Loss T 0.008012 Method MME

32
32
32
tensor(195.)

Labeled Target set: Average loss: 0.1008, Accuracy: 188/195 F1 (96.4103%)


Test set: Average loss: 2.5801, Accuracy: 3047/4352 F1 (70.0138%)


Val set: Average loss: 2.7112, Accuracy: 131/192 F1 (68.2292%)

Patience getting saturated, current counter is:  3
best acc test 69.898897  acc val 68.229167 acc labeled target 96.410256
saving model...
S Real T Product Train Ep: 6600 lr0.006837839992676177 	 Loss Classification: 0.020623 Loss T 0.008555 Method MME

S Real T Product Train Ep: 6700 lr0.006807108087214876 	 Loss Classification: 0.012740 Loss T 0.010354 Method MME

S Real T Product Train Ep: 6800 lr0.006776696544788352 	 Loss Classification: 0.021190 Loss T 0.007671 Method MME

S Real T Product Train Ep: 6900 lr0.006746600148515609 	 Loss Classification: 0.058559 Loss T 0.008021 Method MME

Per Class Accuracy Calculated According to the Labelled Target examples is:  [1.        1.        1.        0.6666667 1.        1.        1.
 1.        1.        1.        1.        1.        1.        1.
 1.        1.        1.        1.        1.        1.        1.
 1.        1.        0.6666667 1.        1.        1.        1.
 1.        1.        1.        1.        1.        1.        1.
 1.        1.        1.        0.6666667 1.        1.        1.
 1.        1.        1.        1.        0.6666667 1.        1.
 1.        1.        0.6666667 0.6666667 1.        1.        1.
 1.        1.        1.        1.        0.6666667 1.        1.
 1.        1.       ]
Top k classes which perform poorly are:  [46, 3, 60, 51, 38, 52, 23, 44, 43, 42, 0, 45, 39, 37, 36, 35, 41, 40, 48, 34, 49, 50, 53, 54, 55, 56, 57, 58, 59, 61, 62, 47, 33, 32, 31, 1, 2, 4, 5, 6, 7, 8, 9, 10, 11, 12, 13, 14, 63, 15, 17, 18, 19, 20, 21, 22, 24, 25, 26, 27, 28, 29, 30, 16, 64]
Per cls weights according to the accuracy are:  tensor([1.1839, 1.1839, 1.1839, 1.2567, 1.1839, 1.1839, 1.1839, 1.1839, 1.1839,
        1.1839, 1.1839, 1.1839, 1.1839, 1.1839, 1.1839, 1.1839, 1.1839, 1.1839,
        1.1839, 1.1839, 1.1839, 1.1839, 1.1839, 1.2567, 1.1839, 1.1839, 1.1839,
        1.1839, 1.1839, 1.1839, 1.1839, 1.1839, 1.1839, 1.1839, 1.1839, 1.1839,
        1.1839, 1.1839, 1.2567, 1.1839, 1.1839, 1.1839, 1.1839, 1.1839, 1.1839,
        1.1839, 1.2567, 1.1839, 1.1839, 1.1839, 1.1839, 1.2567, 1.2567, 1.1839,
        1.1839, 1.1839, 1.1839, 1.1839, 1.1839, 1.1839, 1.2567, 1.1839, 1.1839,
        1.1839, 1.1839])
0
1
2
3
4
5
6
7
8
9
10
11
12
13
14
15
16
17
18
19
20
21
22
23
24
25
26
27
28
29
30
31
32
33
34
35
36
37
38
39
40
41
42
43
44
45
46
47
48
49
50
51
52
53
54
55
56
57
58
59
60
61
62
63
64
Per cls weights according to the accuracy are:  tensor([0.8161, 0.8161, 0.8161, 0.7433, 0.8161, 0.8161, 0.8161, 0.8161, 0.8161,
        0.8161, 0.8161, 0.8161, 0.8161, 0.8161, 0.8161, 0.8161, 0.8161, 0.8161,
        0.8161, 0.8161, 0.8161, 0.8161, 0.8161, 0.7433, 0.8161, 0.8161, 0.8161,
        0.8161, 0.8161, 0.8161, 0.8161, 0.8161, 0.8161, 0.8161, 0.8161, 0.8161,
        0.8161, 0.8161, 0.7433, 0.8161, 0.8161, 0.8161, 0.8161, 0.8161, 0.8161,
        0.8161, 0.7433, 0.8161, 0.8161, 0.8161, 0.8161, 0.7433, 0.7433, 0.8161,
        0.8161, 0.8161, 0.8161, 0.8161, 0.8161, 0.8161, 0.7433, 0.8161, 0.8161,
        0.8161, 0.8161])
0
1
2
3
4
5
6
7
8
9
10
11
12
13
14
15
16
17
18
19
20
21
22
23
24
25
26
27
28
29
30
31
32
33
34
35
36
37
38
39
40
41
42
43
44
45
46
47
48
49
50
51
52
53
54
55
56
57
58
59
60
61
62
63
64
Assigned Classwise weights to source
S Real T Product Train Ep: 7000 lr0.006716813796678979 	 Loss Classification: 0.044530 Loss T 0.009369 Method MME

32
32
32
tensor(195.)

Labeled Target set: Average loss: 0.0798, Accuracy: 189/195 F1 (96.9231%)


Test set: Average loss: 2.7487, Accuracy: 3070/4352 F1 (70.5423%)


Val set: Average loss: 2.7330, Accuracy: 133/192 F1 (69.2708%)

Patience Reset, Counter is: 4
best acc test 70.542279  acc val 69.270833 acc labeled target 96.923077
saving model...
S Real T Product Train Ep: 7100 lr0.006687332499522798 	 Loss Classification: 0.014158 Loss T 0.006220 Method MME

S Real T Product Train Ep: 7200 lr0.006658151376159165 	 Loss Classification: 0.090973 Loss T 0.008924 Method MME

S Real T Product Train Ep: 7300 lr0.00662926565157663 	 Loss Classification: 0.042966 Loss T 0.010834 Method MME

S Real T Product Train Ep: 7400 lr0.006600670653747793 	 Loss Classification: 0.007024 Loss T 0.004773 Method MME

S Real T Product Train Ep: 7500 lr0.0065723618108320175 	 Loss Classification: 0.024236 Loss T 0.004898 Method MME

32
32
32
tensor(195.)

Labeled Target set: Average loss: 0.0860, Accuracy: 188/195 F1 (96.4103%)


Test set: Average loss: 2.7600, Accuracy: 3068/4352 F1 (70.4963%)


Val set: Average loss: 2.8249, Accuracy: 132/192 F1 (68.7500%)

Patience getting saturated, current counter is:  0
best acc test 70.542279  acc val 68.750000 acc labeled target 96.410256
saving model...
S Real T Product Train Ep: 7600 lr0.006544334648469591 	 Loss Classification: 0.017837 Loss T 0.008951 Method MME

S Real T Product Train Ep: 7700 lr0.006516584787163857 	 Loss Classification: 0.043052 Loss T 0.004976 Method MME

S Real T Product Train Ep: 7800 lr0.006489107939747966 	 Loss Classification: 0.016661 Loss T 0.012190 Method MME

S Real T Product Train Ep: 7900 lr0.0064618999089330565 	 Loss Classification: 0.043427 Loss T 0.007212 Method MME

Per Class Accuracy Calculated According to the Labelled Target examples is:  [1.        1.        1.        1.        1.        1.        1.
 1.        1.        1.        1.        1.        1.        0.6666667
 1.        0.6666667 1.        1.        1.        1.        1.
 1.        1.        1.        1.        1.        1.        1.
 1.        1.        0.6666667 1.        1.        0.6666667 1.
 0.6666667 1.        1.        1.        1.        1.        1.
 1.        1.        1.        1.        0.6666667 1.        1.
 1.        1.        1.        1.        1.        1.        1.
 1.        1.        1.        0.6666667 1.        1.        1.
 1.        1.       ]
Top k classes which perform poorly are:  [33, 35, 30, 15, 59, 13, 46, 45, 44, 43, 40, 41, 39, 38, 37, 36, 42, 47, 0, 34, 50, 51, 52, 53, 54, 55, 56, 57, 58, 60, 61, 62, 48, 49, 32, 31, 1, 2, 3, 4, 5, 6, 7, 8, 9, 10, 11, 12, 14, 16, 17, 18, 19, 20, 21, 22, 23, 24, 25, 26, 27, 28, 29, 63, 64]
Per cls weights according to the accuracy are:  tensor([1.1839, 1.1839, 1.1839, 1.1839, 1.1839, 1.1839, 1.1839, 1.1839, 1.1839,
        1.1839, 1.1839, 1.1839, 1.1839, 1.2567, 1.1839, 1.2567, 1.1839, 1.1839,
        1.1839, 1.1839, 1.1839, 1.1839, 1.1839, 1.1839, 1.1839, 1.1839, 1.1839,
        1.1839, 1.1839, 1.1839, 1.2567, 1.1839, 1.1839, 1.2567, 1.1839, 1.2567,
        1.1839, 1.1839, 1.1839, 1.1839, 1.1839, 1.1839, 1.1839, 1.1839, 1.1839,
        1.1839, 1.2567, 1.1839, 1.1839, 1.1839, 1.1839, 1.1839, 1.1839, 1.1839,
        1.1839, 1.1839, 1.1839, 1.1839, 1.1839, 1.2567, 1.1839, 1.1839, 1.1839,
        1.1839, 1.1839])
0
1
2
3
4
5
6
7
8
9
10
11
12
13
14
15
16
17
18
19
20
21
22
23
24
25
26
27
28
29
30
31
32
33
34
35
36
37
38
39
40
41
42
43
44
45
46
47
48
49
50
51
52
53
54
55
56
57
58
59
60
61
62
63
64
Per cls weights according to the accuracy are:  tensor([0.8161, 0.8161, 0.8161, 0.8161, 0.8161, 0.8161, 0.8161, 0.8161, 0.8161,
        0.8161, 0.8161, 0.8161, 0.8161, 0.7433, 0.8161, 0.7433, 0.8161, 0.8161,
        0.8161, 0.8161, 0.8161, 0.8161, 0.8161, 0.8161, 0.8161, 0.8161, 0.8161,
        0.8161, 0.8161, 0.8161, 0.7433, 0.8161, 0.8161, 0.7433, 0.8161, 0.7433,
        0.8161, 0.8161, 0.8161, 0.8161, 0.8161, 0.8161, 0.8161, 0.8161, 0.8161,
        0.8161, 0.7433, 0.8161, 0.8161, 0.8161, 0.8161, 0.8161, 0.8161, 0.8161,
        0.8161, 0.8161, 0.8161, 0.8161, 0.8161, 0.7433, 0.8161, 0.8161, 0.8161,
        0.8161, 0.8161])
0
1
2
3
4
5
6
7
8
9
10
11
12
13
14
15
16
17
18
19
20
21
22
23
24
25
26
27
28
29
30
31
32
33
34
35
36
37
38
39
40
41
42
43
44
45
46
47
48
49
50
51
52
53
54
55
56
57
58
59
60
61
62
63
64
Assigned Classwise weights to source
S Real T Product Train Ep: 8000 lr0.006434956584934828 	 Loss Classification: 0.015222 Loss T 0.005146 Method MME

32
32
32
tensor(195.)

Labeled Target set: Average loss: 0.0304, Accuracy: 193/195 F1 (98.9744%)


Test set: Average loss: 2.8241, Accuracy: 3073/4352 F1 (70.6112%)


Val set: Average loss: 2.9403, Accuracy: 135/192 F1 (70.3125%)

Patience Reset, Counter is: 1
best acc test 70.611213  acc val 70.312500 acc labeled target 98.974359
saving model...
S Real T Product Train Ep: 8100 lr0.006408273943175546 	 Loss Classification: 0.040954 Loss T 0.005304 Method MME

S Real T Product Train Ep: 8200 lr0.006381848042058713 	 Loss Classification: 0.029096 Loss T 0.006629 Method MME

S Real T Product Train Ep: 8300 lr0.0063556750208137005 	 Loss Classification: 0.006493 Loss T 0.009451 Method MME

S Real T Product Train Ep: 8400 lr0.006329751097407787 	 Loss Classification: 0.011442 Loss T 0.007805 Method MME

S Real T Product Train Ep: 8500 lr0.0063040725665231365 	 Loss Classification: 0.024286 Loss T 0.002513 Method MME

32
32
32
tensor(195.)

Labeled Target set: Average loss: 0.0565, Accuracy: 189/195 F1 (96.9231%)


Test set: Average loss: 2.9091, Accuracy: 3071/4352 F1 (70.5653%)


Val set: Average loss: 3.1464, Accuracy: 132/192 F1 (68.7500%)

Patience getting saturated, current counter is:  0
best acc test 70.611213  acc val 68.750000 acc labeled target 96.923077
saving model...
S Real T Product Train Ep: 8600 lr0.006278635797596355 	 Loss Classification: 0.059185 Loss T 0.009586 Method MME

S Real T Product Train Ep: 8700 lr0.006253437232918371 	 Loss Classification: 0.058526 Loss T 0.002880 Method MME

Terminated
