Dataset multi Source clipart Target sketch Labeled num perclass 3 Network resnet34
126 classes in this dataset
Labelled Source Examples:  18703
Unlabelled Target Dataset Size:  23826
Labelled Target Dataset Size:  378
Misc. Labelled Target Dataset Size:  378
Bank keys - Target:  dict_keys(['feat_vec', 'labels', 'names', 'domain_identifier']) Source:  dict_keys(['feat_vec', 'labels', 'names', 'domain_identifier'])
Num  - Target:  23826 Source:  18703
Unlabeled Target Data Batches: 496
S clipart T sketch Train Ep: 0 lr0.01 	 Loss Classification: 5.004481 Loss T 0.472593 Method MME

24
24
24
24
24
24
24
24
24
24
24
24
24
24
24
24
tensor(1134.)

Labeled Target set: Average loss: 4.9366, Accuracy: 12/1134 F1 (1.0582%)


Test set: Average loss: 4.9337, Accuracy: 422/23808 F1 (1.7725%)


Val set: Average loss: 4.9264, Accuracy: 4/360 F1 (1.1111%)

best acc test 1.772513  acc val 1.111111 acc labeled target 1.058201
saving model...
S clipart T sketch Train Ep: 100 lr0.009925650290240803 	 Loss Classification: 2.265271 Loss T 0.293218 Method MME

S clipart T sketch Train Ep: 200 lr0.009852577760521605 	 Loss Classification: 1.938507 Loss T 0.234885 Method MME

S clipart T sketch Train Ep: 300 lr0.009780748269686728 	 Loss Classification: 1.044260 Loss T 0.209840 Method MME

S clipart T sketch Train Ep: 400 lr0.009710128909124701 	 Loss Classification: 1.338484 Loss T 0.193454 Method MME

S clipart T sketch Train Ep: 500 lr0.00964068794694323 	 Loss Classification: 1.252751 Loss T 0.186515 Method MME

24
24
24
24
24
24
24
24
24
24
24
24
24
24
24
24
tensor(1134.)

Labeled Target set: Average loss: 2.5306, Accuracy: 489/1134 F1 (43.1217%)


Test set: Average loss: 2.3690, Accuracy: 11436/23808 F1 (48.0343%)


Val set: Average loss: 2.2951, Accuracy: 174/360 F1 (48.3333%)

best acc test 48.034274  acc val 48.333333 acc labeled target 43.121693
saving model...
S clipart T sketch Train Ep: 600 lr0.00957239477517603 	 Loss Classification: 0.965986 Loss T 0.161685 Method MME

S clipart T sketch Train Ep: 700 lr0.009505219859830012 	 Loss Classification: 0.844306 Loss T 0.157573 Method MME

S clipart T sketch Train Ep: 800 lr0.009439134693595126 	 Loss Classification: 0.964425 Loss T 0.171414 Method MME

S clipart T sketch Train Ep: 900 lr0.009374111751051751 	 Loss Classification: 1.514027 Loss T 0.103963 Method MME

S clipart T sketch Train Ep: 1000 lr0.009310124446222227 	 Loss Classification: 1.715393 Loss T 0.098191 Method MME

24
24
24
24
24
24
24
24
24
24
24
24
24
24
24
24
tensor(1134.)

Labeled Target set: Average loss: 2.5443, Accuracy: 549/1134 F1 (48.4127%)


Test set: Average loss: 2.2779, Accuracy: 12433/23808 F1 (52.2219%)


Val set: Average loss: 2.2773, Accuracy: 187/360 F1 (51.9444%)

best acc test 52.221942  acc val 51.944444 acc labeled target 48.412698
saving model...
S clipart T sketch Train Ep: 1100 lr0.00924714709232377 	 Loss Classification: 1.276516 Loss T 0.126568 Method MME

S clipart T sketch Train Ep: 1200 lr0.009185154863590003 	 Loss Classification: 0.601989 Loss T 0.128122 Method MME

S clipart T sketch Train Ep: 1300 lr0.00912412375903735 	 Loss Classification: 1.035246 Loss T 0.130539 Method MME

S clipart T sketch Train Ep: 1400 lr0.009064030568061049 	 Loss Classification: 0.828024 Loss T 0.117351 Method MME

S clipart T sketch Train Ep: 1500 lr0.009004852837753237 	 Loss Classification: 0.603563 Loss T 0.116484 Method MME

24
24
24
24
24
24
24
24
24
24
24
24
24
24
24
24
tensor(1134.)

Labeled Target set: Average loss: 2.4277, Accuracy: 560/1134 F1 (49.3827%)


Test set: Average loss: 2.2870, Accuracy: 12864/23808 F1 (54.0323%)


Val set: Average loss: 2.2257, Accuracy: 192/360 F1 (53.3333%)

best acc test 54.032258  acc val 53.333333 acc labeled target 49.382716
saving model...
S clipart T sketch Train Ep: 1600 lr0.008946568841842816 	 Loss Classification: 0.961934 Loss T 0.114162 Method MME

S clipart T sketch Train Ep: 1700 lr0.008889157551163433 	 Loss Classification: 1.190113 Loss T 0.101647 Method MME

S clipart T sketch Train Ep: 1800 lr0.008832598605562044 	 Loss Classification: 0.560039 Loss T 0.092841 Method MME

S clipart T sketch Train Ep: 1900 lr0.008776872287166303 	 Loss Classification: 1.057068 Loss T 0.117468 Method MME

Per Class Accuracy Calculated According to the Labelled Target examples is:  [0.7777778  1.         0.5555556  0.6666667  0.         0.
 0.11111111 0.5555556  1.         0.         0.5555556  0.7777778
 0.8888889  0.         0.22222222 0.5555556  0.33333334 0.6666667
 0.5555556  0.11111111 0.6666667  0.6666667  0.33333334 0.8888889
 0.33333334 0.         0.11111111 0.33333334 0.         0.8888889
 0.5555556  0.6666667  0.44444445 0.5555556  1.         0.
 0.6666667  0.         0.5555556  0.44444445 0.6666667  0.
 0.33333334 0.44444445 0.6666667  0.33333334 1.         0.44444445
 0.33333334 1.         0.33333334 0.33333334 1.         0.33333334
 0.11111111 0.44444445 0.44444445 0.6666667  1.         1.
 0.7777778  0.11111111 0.7777778  0.22222222 0.5555556  0.5555556
 0.8888889  0.         0.         0.22222222 0.33333334 0.7777778
 1.         0.11111111 0.33333334 0.11111111 0.         0.6666667
 0.33333334 0.33333334 0.         1.         0.11111111 0.
 0.11111111 0.         1.         0.6666667  0.         0.
 0.         1.         0.8888889  0.8888889  0.7777778  0.6666667
 0.33333334 1.         0.6666667  0.11111111 0.8888889  0.44444445
 0.6666667  1.         1.         0.         0.44444445 0.33333334
 0.5555556  0.5555556  0.22222222 0.22222222 0.6666667  0.8888889
 0.5555556  0.6666667  0.6666667  0.6666667  0.         0.6666667
 1.         0.7777778  1.         0.33333334 0.33333334 1.        ]
Top k classes which perform poorly are:  [76, 68, 88, 28, 85, 89, 83, 35, 13, 67, 90, 118, 9, 37, 105, 5, 4, 41, 80, 25, 75, 84, 61, 26, 82, 54, 19, 73, 6, 99, 110, 111, 69, 63, 14, 45, 48, 123, 79, 50, 51, 96, 78, 22, 74, 24, 70, 124, 16, 107, 53, 42, 27, 56, 106, 47, 43, 39, 32, 101, 55, 114, 2, 7, 10, 15, 18, 30, 64, 33, 108, 109, 65, 38, 87, 98, 102, 95, 57, 3, 119, 17, 20, 21, 77, 117, 31, 115, 36, 40, 44, 112, 116, 121, 0, 62, 94, 60, 71, 11, 93, 29, 66, 23, 12, 100, 92, 113, 120, 8, 122, 1, 34, 46, 58, 52, 59, 72, 104, 103, 81, 86, 91, 97, 49, 125]
S clipart T sketch Train Ep: 2000 lr0.008721959494934213 	 Loss Classification: 0.871431 Loss T 0.100457 Method MME

24
24
24
24
24
24
24
24
24
24
24
24
24
24
24
24
tensor(1134.)

Labeled Target set: Average loss: 2.3992, Accuracy: 570/1134 F1 (50.2645%)


Test set: Average loss: 2.2516, Accuracy: 13282/23808 F1 (55.7880%)


Val set: Average loss: 2.0922, Accuracy: 200/360 F1 (55.5556%)

best acc test 55.787970  acc val 55.555556 acc labeled target 50.264550
saving model...
S clipart T sketch Train Ep: 2100 lr0.008667841720414475 	 Loss Classification: 0.410282 Loss T 0.091887 Method MME

S clipart T sketch Train Ep: 2200 lr0.008614501024650454 	 Loss Classification: 0.534984 Loss T 0.087955 Method MME

S clipart T sketch Train Ep: 2300 lr0.008561920016164943 	 Loss Classification: 0.851869 Loss T 0.133901 Method MME

S clipart T sketch Train Ep: 2400 lr0.008510081829966844 	 Loss Classification: 0.179805 Loss T 0.101560 Method MME

S clipart T sketch Train Ep: 2500 lr0.008458970107524513 	 Loss Classification: 0.252668 Loss T 0.105637 Method MME

24
24
24
24
24
24
24
24
24
24
24
24
24
24
24
24
tensor(1134.)

Labeled Target set: Average loss: 2.4553, Accuracy: 605/1134 F1 (53.3510%)


Test set: Average loss: 2.2192, Accuracy: 13751/23808 F1 (57.7579%)


Val set: Average loss: 2.2780, Accuracy: 197/360 F1 (54.7222%)

best acc test 55.787970  acc val 54.722222 acc labeled target 53.350970
saving model...
S clipart T sketch Train Ep: 2600 lr0.008408568977653933 	 Loss Classification: 0.270086 Loss T 0.073597 Method MME

S clipart T sketch Train Ep: 2700 lr0.00835886303827305 	 Loss Classification: 0.351335 Loss T 0.086967 Method MME

S clipart T sketch Train Ep: 2800 lr0.008309837338976545 	 Loss Classification: 0.425378 Loss T 0.078253 Method MME

S clipart T sketch Train Ep: 2900 lr0.008261477364388068 	 Loss Classification: 0.101203 Loss T 0.097932 Method MME

Per Class Accuracy Calculated According to the Labelled Target examples is:  [0.44444445 1.         0.         0.6666667  0.         0.
 0.33333334 1.         1.         0.33333334 0.6666667  0.8888889
 0.         0.         0.11111111 0.6666667  1.         0.7777778
 0.44444445 0.         0.6666667  0.8888889  0.44444445 0.8888889
 0.33333334 0.11111111 0.11111111 0.22222222 0.         0.6666667
 0.5555556  0.5555556  0.33333334 0.8888889  1.         0.
 0.6666667  0.         0.33333334 0.7777778  0.6666667  0.11111111
 0.22222222 0.22222222 0.5555556  0.5555556  1.         0.6666667
 0.33333334 0.7777778  0.33333334 0.33333334 0.7777778  0.6666667
 0.7777778  0.7777778  0.33333334 0.5555556  1.         1.
 0.8888889  0.33333334 0.5555556  0.33333334 0.7777778  0.8888889
 0.8888889  0.22222222 0.11111111 0.         0.33333334 0.7777778
 0.8888889  0.33333334 0.33333334 0.11111111 0.         0.33333334
 0.7777778  0.22222222 0.         1.         0.         0.
 0.         0.         0.8888889  0.6666667  0.         0.22222222
 0.11111111 0.7777778  1.         0.8888889  1.         0.6666667
 0.5555556  1.         0.6666667  0.33333334 1.         0.44444445
 0.6666667  0.8888889  0.8888889  0.22222222 0.6666667  0.5555556
 0.8888889  0.7777778  0.6666667  0.7777778  0.6666667  0.33333334
 0.5555556  1.         0.6666667  0.6666667  0.22222222 0.8888889
 0.7777778  0.7777778  0.8888889  0.6666667  0.33333334 1.        ]
Top k classes which perform poorly are:  [28, 37, 35, 80, 82, 83, 84, 85, 88, 69, 13, 12, 19, 76, 2, 4, 5, 41, 68, 25, 26, 90, 14, 75, 118, 79, 42, 89, 105, 27, 67, 43, 63, 50, 70, 124, 74, 48, 73, 51, 56, 77, 32, 61, 24, 99, 9, 113, 6, 38, 22, 18, 101, 0, 96, 107, 114, 62, 31, 57, 44, 45, 30, 112, 87, 20, 36, 40, 95, 116, 117, 98, 15, 102, 10, 106, 53, 3, 110, 123, 47, 29, 17, 109, 111, 91, 52, 55, 121, 78, 39, 54, 64, 71, 49, 120, 60, 108, 65, 104, 103, 66, 86, 122, 72, 93, 119, 21, 33, 11, 23, 115, 1, 58, 8, 100, 97, 16, 94, 92, 81, 34, 46, 59, 7, 125]
S clipart T sketch Train Ep: 3000 lr0.008213769018249545 	 Loss Classification: 0.282020 Loss T 0.074003 Method MME

24
24
24
24
24
24
24
24
24
24
24
24
24
24
24
24
tensor(1134.)

Labeled Target set: Average loss: 2.3669, Accuracy: 611/1134 F1 (53.8801%)


Test set: Average loss: 2.2089, Accuracy: 13911/23808 F1 (58.4299%)


Val set: Average loss: 2.0586, Accuracy: 204/360 F1 (56.6667%)

best acc test 58.429940  acc val 56.666667 acc labeled target 53.880071
saving model...
S clipart T sketch Train Ep: 3100 lr0.008166698608209509 	 Loss Classification: 0.409394 Loss T 0.077740 Method MME

S clipart T sketch Train Ep: 3200 lr0.008120252831274708 	 Loss Classification: 0.414526 Loss T 0.072361 Method MME

S clipart T sketch Train Ep: 3300 lr0.008074418759891278 	 Loss Classification: 0.334450 Loss T 0.075349 Method MME

S clipart T sketch Train Ep: 3400 lr0.008029183828623731 	 Loss Classification: 0.683932 Loss T 0.077764 Method MME

S clipart T sketch Train Ep: 3500 lr0.007984535821401871 	 Loss Classification: 0.521516 Loss T 0.090018 Method MME

24
24
24
24
24
24
24
24
24
24
24
24
24
24
24
24
tensor(1134.)

Labeled Target set: Average loss: 2.2676, Accuracy: 623/1134 F1 (54.9383%)


Test set: Average loss: 2.1082, Accuracy: 14346/23808 F1 (60.2571%)


Val set: Average loss: 1.9514, Accuracy: 226/360 F1 (62.7778%)

best acc test 60.257056  acc val 62.777778 acc labeled target 54.938272
saving model...
S clipart T sketch Train Ep: 3600 lr0.007940462859307384 	 Loss Classification: 0.360966 Loss T 0.070987 Method MME

S clipart T sketch Train Ep: 3700 lr0.007896953388873518 	 Loss Classification: 0.322620 Loss T 0.089457 Method MME

S clipart T sketch Train Ep: 3800 lr0.007853996170872714 	 Loss Classification: 0.070376 Loss T 0.092220 Method MME

S clipart T sketch Train Ep: 3900 lr0.00781158026956848 	 Loss Classification: 0.203039 Loss T 0.075225 Method MME

Per Class Accuracy Calculated According to the Labelled Target examples is:  [0.44444445 1.         0.5555556  0.6666667  0.         0.
 0.11111111 1.         0.8888889  0.11111111 0.8888889  1.
 0.11111111 0.         0.33333334 0.8888889  1.         1.
 0.6666667  0.22222222 0.8888889  0.6666667  0.5555556  1.
 0.33333334 0.33333334 0.22222222 0.44444445 0.         0.6666667
 0.33333334 0.5555556  0.44444445 0.33333334 1.         0.
 0.6666667  0.         0.44444445 1.         0.5555556  0.22222222
 0.11111111 0.5555556  0.6666667  0.22222222 1.         0.6666667
 0.22222222 1.         0.44444445 0.33333334 0.8888889  0.6666667
 0.22222222 0.44444445 0.8888889  0.6666667  0.7777778  1.
 1.         0.33333334 0.5555556  0.44444445 0.6666667  0.6666667
 0.5555556  0.33333334 0.         0.33333334 0.33333334 0.5555556
 1.         0.5555556  0.33333334 0.11111111 0.         0.5555556
 1.         0.44444445 0.         0.6666667  0.         0.
 0.11111111 0.         0.8888889  0.6666667  0.         0.6666667
 0.11111111 1.         0.8888889  0.6666667  0.7777778  0.6666667
 0.33333334 1.         0.5555556  0.22222222 1.         0.6666667
 0.6666667  1.         1.         0.         0.5555556  0.6666667
 1.         0.6666667  0.8888889  0.5555556  0.6666667  0.5555556
 0.5555556  0.8888889  0.6666667  0.6666667  0.44444445 1.
 0.33333334 0.7777778  0.8888889  0.5555556  0.33333334 0.8888889 ]
Top k classes which perform poorly are:  [80, 35, 105, 13, 88, 76, 28, 85, 5, 4, 68, 37, 82, 83, 6, 9, 12, 42, 75, 84, 90, 41, 26, 99, 45, 48, 54, 19, 74, 70, 51, 69, 67, 30, 61, 124, 120, 25, 24, 96, 14, 33, 32, 63, 55, 118, 50, 0, 27, 38, 79, 106, 111, 98, 113, 114, 77, 123, 66, 73, 71, 62, 2, 40, 43, 31, 22, 29, 112, 81, 93, 21, 89, 109, 107, 95, 18, 87, 102, 101, 116, 44, 117, 3, 47, 53, 36, 64, 57, 65, 58, 121, 94, 115, 122, 110, 10, 15, 8, 125, 56, 52, 92, 20, 86, 100, 1, 49, 119, 72, 46, 39, 78, 7, 23, 16, 91, 108, 11, 60, 104, 103, 97, 17, 34, 59]
S clipart T sketch Train Ep: 4000 lr0.007769695042409123 	 Loss Classification: 0.181437 Loss T 0.095134 Method MME

24
24
24
24
24
24
24
24
24
24
24
24
24
24
24
24
tensor(1134.)

Labeled Target set: Average loss: 2.4175, Accuracy: 620/1134 F1 (54.6737%)


Test set: Average loss: 2.2290, Accuracy: 14276/23808 F1 (59.9630%)


Val set: Average loss: 2.1615, Accuracy: 211/360 F1 (58.6111%)

best acc test 60.257056  acc val 58.611111 acc labeled target 54.673721
saving model...
S clipart T sketch Train Ep: 4100 lr0.007728330130142108 	 Loss Classification: 0.530759 Loss T 0.061996 Method MME

S clipart T sketch Train Ep: 4200 lr0.007687475447329114 	 Loss Classification: 0.092141 Loss T 0.093025 Method MME

S clipart T sketch Train Ep: 4300 lr0.0076471211732427845 	 Loss Classification: 0.142659 Loss T 0.071511 Method MME

S clipart T sketch Train Ep: 4400 lr0.007607257743127307 	 Loss Classification: 0.508714 Loss T 0.071032 Method MME

S clipart T sketch Train Ep: 4500 lr0.007567875839805858 	 Loss Classification: 0.432144 Loss T 0.047639 Method MME

24
24
24
24
24
24
24
24
24
24
24
24
24
24
24
24
tensor(1134.)

Labeled Target set: Average loss: 2.4774, Accuracy: 632/1134 F1 (55.7319%)


Test set: Average loss: 2.2745, Accuracy: 14352/23808 F1 (60.2823%)


Val set: Average loss: 2.3312, Accuracy: 212/360 F1 (58.8889%)

best acc test 60.257056  acc val 58.888889 acc labeled target 55.731922
saving model...
S clipart T sketch Train Ep: 4600 lr0.007528966385618854 	 Loss Classification: 0.219612 Loss T 0.068987 Method MME

S clipart T sketch Train Ep: 4700 lr0.007490520534677821 	 Loss Classification: 0.040472 Loss T 0.080922 Method MME

S clipart T sketch Train Ep: 4800 lr0.007452529665420465 	 Loss Classification: 0.246452 Loss T 0.071033 Method MME

S clipart T sketch Train Ep: 4900 lr0.007414985373453289 	 Loss Classification: 0.110354 Loss T 0.066972 Method MME

Per Class Accuracy Calculated According to the Labelled Target examples is:  [0.5555556  1.         0.         0.6666667  0.33333334 0.11111111
 0.33333334 0.8888889  1.         0.22222222 0.6666667  0.8888889
 0.11111111 0.         0.22222222 0.8888889  1.         0.8888889
 0.6666667  0.11111111 1.         0.8888889  0.33333334 1.
 0.44444445 0.         0.         0.5555556  0.         0.11111111
 0.5555556  0.33333334 0.22222222 0.44444445 1.         0.
 0.44444445 0.         0.33333334 1.         0.8888889  0.22222222
 0.22222222 1.         0.6666667  0.33333334 1.         0.7777778
 0.33333334 1.         0.33333334 0.33333334 1.         0.8888889
 0.8888889  0.6666667  0.7777778  0.6666667  0.8888889  1.
 0.8888889  0.33333334 0.8888889  0.33333334 1.         0.8888889
 0.6666667  0.33333334 0.         0.         0.33333334 0.8888889
 1.         0.5555556  0.22222222 0.33333334 0.         0.44444445
 0.7777778  0.7777778  0.         1.         0.         0.
 0.11111111 0.         0.6666667  0.6666667  0.         0.22222222
 0.33333334 1.         1.         0.8888889  1.         0.6666667
 0.5555556  1.         0.6666667  0.33333334 0.8888889  0.44444445
 0.6666667  0.8888889  1.         0.         0.6666667  0.33333334
 0.8888889  0.6666667  0.7777778  0.44444445 0.6666667  0.5555556
 0.6666667  0.6666667  0.5555556  0.6666667  0.         1.
 0.33333334 0.8888889  0.8888889  0.44444445 0.44444445 0.8888889 ]
Top k classes which perform poorly are:  [25, 35, 13, 28, 26, 76, 37, 118, 80, 83, 68, 105, 85, 2, 88, 82, 69, 19, 12, 5, 84, 29, 32, 89, 41, 42, 74, 14, 9, 63, 99, 67, 70, 51, 50, 107, 48, 75, 61, 45, 90, 38, 4, 22, 6, 31, 120, 111, 124, 33, 77, 36, 123, 24, 101, 73, 96, 116, 113, 0, 30, 27, 112, 109, 87, 86, 3, 44, 10, 102, 117, 95, 98, 18, 115, 114, 66, 57, 106, 55, 47, 78, 79, 56, 110, 93, 108, 122, 121, 103, 100, 62, 125, 21, 17, 53, 54, 58, 40, 60, 15, 65, 11, 71, 7, 16, 8, 20, 1, 23, 119, 34, 92, 43, 91, 49, 52, 104, 59, 64, 97, 72, 94, 81, 39, 46]
S clipart T sketch Train Ep: 5000 lr0.007377879464668811 	 Loss Classification: 0.370583 Loss T 0.076734 Method MME

24
24
24
24
24
24
24
24
24
24
24
24
24
24
24
24
tensor(1134.)

Labeled Target set: Average loss: 2.5249, Accuracy: 616/1134 F1 (54.3210%)


Test set: Average loss: 2.2764, Accuracy: 14482/23808 F1 (60.8283%)


Val set: Average loss: 2.3185, Accuracy: 212/360 F1 (58.8889%)

best acc test 60.257056  acc val 58.888889 acc labeled target 54.320988
saving model...
S clipart T sketch Train Ep: 5100 lr0.007341203948625087 	 Loss Classification: 0.360426 Loss T 0.062908 Method MME

S clipart T sketch Train Ep: 5200 lr0.007304951032175895 	 Loss Classification: 0.442912 Loss T 0.053702 Method MME

S clipart T sketch Train Ep: 5300 lr0.007269113113340497 	 Loss Classification: 0.326694 Loss T 0.059937 Method MME

S clipart T sketch Train Ep: 5400 lr0.007233682775402483 	 Loss Classification: 0.255873 Loss T 0.067341 Method MME

S clipart T sketch Train Ep: 5500 lr0.007198652781227704 	 Loss Classification: 0.103810 Loss T 0.057487 Method MME

24
24
24
24
24
24
24
24
24
24
24
24
24
24
24
24
tensor(1134.)

Labeled Target set: Average loss: 2.5603, Accuracy: 628/1134 F1 (55.3792%)


Test set: Average loss: 2.3559, Accuracy: 14466/23808 F1 (60.7611%)


Val set: Average loss: 2.3129, Accuracy: 210/360 F1 (58.3333%)

best acc test 60.257056  acc val 58.333333 acc labeled target 55.379189
saving model...
S clipart T sketch Train Ep: 5600 lr0.007164016067791809 	 Loss Classification: 0.539276 Loss T 0.081199 Method MME

S clipart T sketch Train Ep: 5700 lr0.0071297657409083726 	 Loss Classification: 0.365700 Loss T 0.058925 Method MME

S clipart T sketch Train Ep: 5800 lr0.0070958950701490225 	 Loss Classification: 0.257204 Loss T 0.057570 Method MME

S clipart T sketch Train Ep: 5900 lr0.007062397483947426 	 Loss Classification: 0.294790 Loss T 0.069314 Method MME

Per Class Accuracy Calculated According to the Labelled Target examples is:  [0.33333334 1.         0.         0.6666667  0.33333334 0.
 0.33333334 0.6666667  1.         0.22222222 1.         1.
 0.         0.         0.33333334 0.7777778  0.8888889  0.6666667
 0.33333334 0.         0.8888889  0.8888889  0.33333334 1.
 0.5555556  0.22222222 0.11111111 0.6666667  0.         0.7777778
 0.33333334 0.11111111 0.11111111 0.33333334 0.7777778  0.
 0.6666667  0.         0.6666667  0.8888889  0.6666667  0.44444445
 0.44444445 0.5555556  0.6666667  0.33333334 1.         0.22222222
 0.33333334 0.8888889  0.44444445 0.33333334 1.         1.
 1.         0.6666667  0.8888889  0.6666667  0.8888889  1.
 1.         0.22222222 0.7777778  0.44444445 1.         0.6666667
 0.44444445 0.         0.         0.         0.33333334 0.5555556
 0.8888889  0.5555556  0.22222222 0.11111111 0.         0.33333334
 1.         0.5555556  0.         1.         0.         0.
 0.11111111 0.         0.8888889  0.6666667  0.         0.44444445
 0.11111111 1.         0.5555556  1.         1.         0.6666667
 0.5555556  0.8888889  0.6666667  0.33333334 1.         0.5555556
 0.6666667  1.         1.         0.         0.6666667  0.5555556
 1.         0.6666667  0.6666667  0.7777778  0.7777778  0.6666667
 0.33333334 1.         0.6666667  0.6666667  0.         0.7777778
 1.         1.         1.         0.6666667  0.33333334 1.        ]
Top k classes which perform poorly are:  [85, 28, 105, 19, 35, 68, 69, 13, 12, 118, 67, 37, 76, 88, 5, 80, 82, 83, 2, 84, 32, 31, 26, 75, 90, 25, 61, 47, 74, 9, 51, 124, 48, 70, 45, 77, 99, 0, 22, 4, 6, 14, 114, 18, 33, 30, 89, 66, 63, 50, 42, 41, 24, 71, 73, 92, 96, 43, 107, 101, 79, 116, 87, 7, 117, 3, 109, 123, 40, 17, 44, 106, 65, 113, 110, 36, 95, 57, 98, 55, 102, 27, 38, 112, 119, 111, 62, 34, 15, 29, 39, 86, 49, 21, 20, 16, 97, 56, 72, 58, 11, 10, 115, 8, 120, 121, 23, 122, 1, 81, 46, 104, 103, 52, 53, 100, 54, 59, 94, 93, 60, 91, 64, 78, 108, 125]
S clipart T sketch Train Ep: 6000 lr0.007029266564879363 	 Loss Classification: 0.022603 Loss T 0.067460 Method MME

24
24
24
24
24
24
24
24
24
24
24
24
24
24
24
24
tensor(1134.)

Labeled Target set: Average loss: 2.5734, Accuracy: 619/1134 F1 (54.5855%)


Test set: Average loss: 2.3444, Accuracy: 14490/23808 F1 (60.8619%)


Val set: Average loss: 2.3547, Accuracy: 216/360 F1 (60.0000%)

best acc test 60.257056  acc val 60.000000 acc labeled target 54.585538
saving model...
S clipart T sketch Train Ep: 6100 lr0.006996496045111504 	 Loss Classification: 0.329810 Loss T 0.059996 Method MME

S clipart T sketch Train Ep: 6200 lr0.00696407980201184 	 Loss Classification: 0.076228 Loss T 0.084626 Method MME

S clipart T sketch Train Ep: 6300 lr0.006932011853915101 	 Loss Classification: 0.213284 Loss T 0.060727 Method MME

S clipart T sketch Train Ep: 6400 lr0.006900286356036734 	 Loss Classification: 0.155179 Loss T 0.044356 Method MME

S clipart T sketch Train Ep: 6500 lr0.006868897596529406 	 Loss Classification: 0.091664 Loss T 0.059202 Method MME

24
24
24
24
24
24
24
24
24
24
24
24
24
24
24
24
tensor(1134.)

Labeled Target set: Average loss: 2.4797, Accuracy: 635/1134 F1 (55.9965%)


Test set: Average loss: 2.3032, Accuracy: 14730/23808 F1 (61.8700%)


Val set: Average loss: 2.2313, Accuracy: 222/360 F1 (61.6667%)

