Dataset office_home Source Real Target Product Labeled num perclass 3 Network resnet34
65 classes in this dataset
Labelled Source Examples:  4357
Unlabelled Target Dataset Size:  4244
Labelled Target Dataset Size:  195
Misc. Labelled Target Dataset Size:  195
Bank keys - Target:  dict_keys(['feat_vec', 'labels', 'names', 'domain_identifier']) Source:  dict_keys(['feat_vec', 'labels', 'names', 'domain_identifier'])
Num  - Target:  4244 Source:  4357
Unlabeled Target Data Batches: 88
S Real T Product Train Ep: 0 lr0.01 	 Loss Classification: 4.330998 Loss T 0.405392 Method MME

24
24
24
24
24
24
24
24
24
tensor(585.)

Labeled Target set: Average loss: 4.3330, Accuracy: 3/585 F1 (0.5128%)


Test set: Average loss: 4.2675, Accuracy: 35/4224 F1 (0.8286%)


Val set: Average loss: 4.3033, Accuracy: 2/192 F1 (1.0417%)

Patience Reset, Counter is: 0
best acc test 0.828598  acc val 1.041667 acc labeled target 0.512821
saving model...
S Real T Product Train Ep: 100 lr0.009925650290240803 	 Loss Classification: 1.343153 Loss T 0.100674 Method MME

S Real T Product Train Ep: 200 lr0.009852577760521605 	 Loss Classification: 0.178913 Loss T 0.083142 Method MME

S Real T Product Train Ep: 300 lr0.009780748269686728 	 Loss Classification: 0.312972 Loss T 0.058694 Method MME

S Real T Product Train Ep: 400 lr0.009710128909124701 	 Loss Classification: 0.389963 Loss T 0.057309 Method MME

S Real T Product Train Ep: 500 lr0.00964068794694323 	 Loss Classification: 0.063677 Loss T 0.044166 Method MME

24
24
24
24
24
24
24
24
24
tensor(585.)

Labeled Target set: Average loss: 1.2654, Accuracy: 408/585 F1 (69.7436%)


Test set: Average loss: 1.0221, Accuracy: 3246/4224 F1 (76.8466%)


Val set: Average loss: 1.1938, Accuracy: 142/192 F1 (73.9583%)

Patience Reset, Counter is: 0
best acc test 76.846591  acc val 73.958333 acc labeled target 69.743590
saving model...
S Real T Product Train Ep: 600 lr0.00957239477517603 	 Loss Classification: 0.248173 Loss T 0.051029 Method MME

S Real T Product Train Ep: 700 lr0.009505219859830012 	 Loss Classification: 0.147629 Loss T 0.035657 Method MME

S Real T Product Train Ep: 800 lr0.009439134693595126 	 Loss Classification: 0.054568 Loss T 0.026978 Method MME

S Real T Product Train Ep: 900 lr0.009374111751051751 	 Loss Classification: 0.179150 Loss T 0.025767 Method MME

S Real T Product Train Ep: 1000 lr0.009310124446222227 	 Loss Classification: 0.107533 Loss T 0.025206 Method MME

24
24
24
24
24
24
24
24
24
tensor(585.)

Labeled Target set: Average loss: 1.6340, Accuracy: 424/585 F1 (72.4786%)


Test set: Average loss: 1.0933, Accuracy: 3380/4224 F1 (80.0189%)


Val set: Average loss: 1.1992, Accuracy: 153/192 F1 (79.6875%)

Patience Reset, Counter is: 0
best acc test 80.018939  acc val 79.687500 acc labeled target 72.478632
saving model...
S Real T Product Train Ep: 1100 lr0.00924714709232377 	 Loss Classification: 0.087943 Loss T 0.023903 Method MME

S Real T Product Train Ep: 1200 lr0.009185154863590003 	 Loss Classification: 0.158806 Loss T 0.020672 Method MME

S Real T Product Train Ep: 1300 lr0.00912412375903735 	 Loss Classification: 0.122398 Loss T 0.020722 Method MME

S Real T Product Train Ep: 1400 lr0.009064030568061049 	 Loss Classification: 0.226369 Loss T 0.011055 Method MME

S Real T Product Train Ep: 1500 lr0.009004852837753237 	 Loss Classification: 0.113863 Loss T 0.019639 Method MME

24
24
24
24
24
24
24
24
24
tensor(585.)

Labeled Target set: Average loss: 1.3345, Accuracy: 423/585 F1 (72.3077%)


Test set: Average loss: 1.2148, Accuracy: 3419/4224 F1 (80.9422%)


Val set: Average loss: 1.3905, Accuracy: 151/192 F1 (78.6458%)

Patience getting saturated, current counter is:  0
best acc test 80.018939  acc val 78.645833 acc labeled target 72.307692
saving model...
S Real T Product Train Ep: 1600 lr0.008946568841842816 	 Loss Classification: 0.145978 Loss T 0.021646 Method MME

S Real T Product Train Ep: 1700 lr0.008889157551163433 	 Loss Classification: 0.100502 Loss T 0.015712 Method MME

S Real T Product Train Ep: 1800 lr0.008832598605562044 	 Loss Classification: 0.099167 Loss T 0.013926 Method MME

S Real T Product Train Ep: 1900 lr0.008776872287166303 	 Loss Classification: 0.010368 Loss T 0.009969 Method MME

Per Class Accuracy Calculated According to the Labelled Target examples is:  [0.7777778  1.         0.44444445 0.8888889  1.         0.33333334
 0.6666667  0.7777778  1.         0.8888889  1.         0.6666667
 0.         1.         0.7777778  0.7777778  1.         0.8888889
 0.8888889  0.6666667  0.7777778  0.6666667  1.         0.33333334
 0.5555556  1.         1.         1.         1.         1.
 0.11111111 0.8888889  0.5555556  0.5555556  1.         0.6666667
 1.         0.6666667  0.         0.8888889  1.         1.
 0.8888889  0.44444445 1.         1.         0.44444445 0.6666667
 0.7777778  0.33333334 1.         0.5555556  1.         1.
 0.44444445 0.33333334 0.6666667  0.6666667  1.         0.33333334
 0.5555556  0.33333334 0.7777778  0.         0.6666667 ]
Top k classes which perform poorly are:  [63, 38, 12, 30, 49, 55, 23, 5, 61, 59, 43, 54, 2, 46, 33, 60, 32, 24, 51, 37, 35, 47, 57, 56, 64, 11, 21, 6, 19, 14, 15, 7, 48, 0, 62, 20, 18, 31, 3, 39, 9, 42, 17, 58, 4, 8, 1, 53, 52, 10, 25, 13, 45, 22, 41, 40, 16, 36, 34, 29, 28, 27, 26, 50, 44]
Per cls weights according to the accuracy are:  tensor([1.2297, 1.1839, 1.3206, 1.2056, 1.1839, 1.3583, 1.2567, 1.2297, 1.1839,
        1.2056, 1.1839, 1.2567, 1.5000, 1.1839, 1.2297, 1.2297, 1.1839, 1.2056,
        1.2056, 1.2567, 1.2297, 1.2567, 1.1839, 1.3583, 1.2869, 1.1839, 1.1839,
        1.1839, 1.1839, 1.1839, 1.4474, 1.2056, 1.2869, 1.2869, 1.1839, 1.2567,
        1.1839, 1.2567, 1.5000, 1.2056, 1.1839, 1.1839, 1.2056, 1.3206, 1.1839,
        1.1839, 1.3206, 1.2567, 1.2297, 1.3583, 1.1839, 1.2869, 1.1839, 1.1839,
        1.3206, 1.3583, 1.2567, 1.2567, 1.1839, 1.3583, 1.2869, 1.3583, 1.2297,
        1.5000, 1.2567])
0
1
2
3
4
5
6
7
8
9
10
11
12
13
14
15
16
17
18
19
20
21
22
23
24
25
26
27
28
29
30
31
32
33
34
35
36
37
38
39
40
41
42
43
44
45
46
47
48
49
50
51
52
53
54
55
56
57
58
59
60
61
62
63
64
65
66
67
68
69
70
71
72
73
74
75
76
77
78
79
80
81
82
83
84
85
86
87
88
89
90
91
92
93
94
95
96
97
98
99
100
101
102
103
104
105
106
107
108
109
110
111
112
113
114
115
116
117
118
119
120
121
122
123
124
125
126
127
128
129
130
131
132
133
134
135
136
137
138
139
140
141
142
143
144
145
146
147
148
149
150
151
152
153
154
155
156
157
158
159
160
161
162
163
164
165
166
167
168
169
170
171
172
173
174
175
176
177
178
179
180
181
182
183
184
185
186
187
188
189
190
191
192
193
194
Per cls weights according to the accuracy are:  tensor([0.7703, 0.8161, 0.6794, 0.7944, 0.8161, 0.6417, 0.7433, 0.7703, 0.8161,
        0.7944, 0.8161, 0.7433, 0.5000, 0.8161, 0.7703, 0.7703, 0.8161, 0.7944,
        0.7944, 0.7433, 0.7703, 0.7433, 0.8161, 0.6417, 0.7131, 0.8161, 0.8161,
        0.8161, 0.8161, 0.8161, 0.5526, 0.7944, 0.7131, 0.7131, 0.8161, 0.7433,
        0.8161, 0.7433, 0.5000, 0.7944, 0.8161, 0.8161, 0.7944, 0.6794, 0.8161,
        0.8161, 0.6794, 0.7433, 0.7703, 0.6417, 0.8161, 0.7131, 0.8161, 0.8161,
        0.6794, 0.6417, 0.7433, 0.7433, 0.8161, 0.6417, 0.7131, 0.6417, 0.7703,
        0.5000, 0.7433])
0
1
2
3
4
5
6
7
8
9
10
11
12
13
14
15
16
17
18
19
20
21
22
23
24
25
26
27
28
29
30
31
32
33
34
35
36
37
38
39
40
41
42
43
44
45
46
47
48
49
50
51
52
53
54
55
56
57
58
59
60
61
62
63
64
65
66
67
68
69
70
71
72
73
74
75
76
77
78
79
80
81
82
83
84
85
86
87
88
89
90
91
92
93
94
95
96
97
98
99
100
101
102
103
104
105
106
107
108
109
110
111
112
113
114
115
116
117
118
119
120
121
122
123
124
125
126
127
128
129
130
131
132
133
134
135
136
137
138
139
140
141
142
143
144
145
146
147
148
149
150
151
152
153
154
155
156
157
158
159
160
161
162
163
164
165
166
167
168
169
170
171
172
173
174
175
176
177
178
179
180
181
182
183
184
185
186
187
188
189
190
191
192
193
194
Assigned Classwise weights to source
S Real T Product Train Ep: 2000 lr0.008721959494934213 	 Loss Classification: 0.056891 Loss T 0.008358 Method MME

24
24
24
24
24
24
24
24
24
tensor(585.)

Labeled Target set: Average loss: 1.4663, Accuracy: 419/585 F1 (71.6239%)


Test set: Average loss: 1.2892, Accuracy: 3363/4224 F1 (79.6165%)


Val set: Average loss: 1.5066, Accuracy: 149/192 F1 (77.6042%)

Patience getting saturated, current counter is:  1
best acc test 80.018939  acc val 77.604167 acc labeled target 71.623932
saving model...
S Real T Product Train Ep: 2100 lr0.008667841720414475 	 Loss Classification: 0.012455 Loss T 0.011336 Method MME

S Real T Product Train Ep: 2200 lr0.008614501024650454 	 Loss Classification: 0.141077 Loss T 0.015608 Method MME

S Real T Product Train Ep: 2300 lr0.008561920016164943 	 Loss Classification: 0.038468 Loss T 0.007821 Method MME

S Real T Product Train Ep: 2400 lr0.008510081829966844 	 Loss Classification: 0.051828 Loss T 0.005869 Method MME

S Real T Product Train Ep: 2500 lr0.008458970107524513 	 Loss Classification: 0.012966 Loss T 0.006682 Method MME

24
24
24
24
24
24
24
24
24
tensor(585.)

Labeled Target set: Average loss: 1.4224, Accuracy: 441/585 F1 (75.3846%)


Test set: Average loss: 1.4273, Accuracy: 3424/4224 F1 (81.0606%)


Val set: Average loss: 1.6182, Accuracy: 153/192 F1 (79.6875%)

Patience Reset, Counter is: 2
best acc test 81.060606  acc val 79.687500 acc labeled target 75.384615
saving model...
S Real T Product Train Ep: 2600 lr0.008408568977653933 	 Loss Classification: 0.493093 Loss T 0.015805 Method MME

S Real T Product Train Ep: 2700 lr0.00835886303827305 	 Loss Classification: 0.340436 Loss T 0.016630 Method MME

S Real T Product Train Ep: 2800 lr0.008309837338976545 	 Loss Classification: 0.028805 Loss T 0.015629 Method MME

S Real T Product Train Ep: 2900 lr0.008261477364388068 	 Loss Classification: 0.238423 Loss T 0.016124 Method MME

Per Class Accuracy Calculated According to the Labelled Target examples is:  [0.8888889  1.         0.6666667  0.8888889  1.         0.33333334
 1.         1.         1.         1.         1.         0.6666667
 0.         1.         0.6666667  1.         1.         0.8888889
 1.         0.6666667  1.         0.5555556  1.         0.33333334
 0.5555556  1.         1.         1.         1.         1.
 0.         1.         0.6666667  0.6666667  1.         0.6666667
 1.         0.6666667  0.         1.         1.         0.8888889
 0.7777778  0.6666667  1.         0.8888889  0.33333334 0.6666667
 0.7777778  0.33333334 1.         0.6666667  0.8888889  1.
 0.6666667  0.33333334 0.8888889  0.7777778  1.         0.
 0.6666667  0.33333334 1.         0.         0.6666667 ]
Top k classes which perform poorly are:  [59, 30, 63, 38, 12, 46, 61, 55, 5, 49, 23, 24, 21, 47, 37, 35, 33, 51, 54, 60, 43, 32, 64, 11, 19, 2, 14, 57, 48, 42, 3, 56, 52, 45, 41, 0, 17, 36, 62, 1, 25, 26, 58, 27, 28, 4, 6, 53, 29, 7, 50, 8, 18, 9, 10, 31, 44, 22, 16, 40, 39, 13, 34, 15, 20]
Per cls weights according to the accuracy are:  tensor([1.2056, 1.1839, 1.2567, 1.2056, 1.1839, 1.3583, 1.1839, 1.1839, 1.1839,
        1.1839, 1.1839, 1.2567, 1.5000, 1.1839, 1.2567, 1.1839, 1.1839, 1.2056,
        1.1839, 1.2567, 1.1839, 1.2869, 1.1839, 1.3583, 1.2869, 1.1839, 1.1839,
        1.1839, 1.1839, 1.1839, 1.5000, 1.1839, 1.2567, 1.2567, 1.1839, 1.2567,
        1.1839, 1.2567, 1.5000, 1.1839, 1.1839, 1.2056, 1.2297, 1.2567, 1.1839,
        1.2056, 1.3583, 1.2567, 1.2297, 1.3583, 1.1839, 1.2567, 1.2056, 1.1839,
        1.2567, 1.3583, 1.2056, 1.2297, 1.1839, 1.5000, 1.2567, 1.3583, 1.1839,
        1.5000, 1.2567])
0
1
2
3
4
5
6
7
8
9
10
11
12
13
14
15
16
17
18
19
20
21
22
23
24
25
26
27
28
29
30
31
32
33
34
35
36
37
38
39
40
41
42
43
44
45
46
47
48
49
50
51
52
53
54
55
56
57
58
59
60
61
62
63
64
65
66
67
68
69
70
71
72
73
74
75
76
77
78
79
80
81
82
83
84
85
86
87
88
89
90
91
92
93
94
95
96
97
98
99
100
101
102
103
104
105
106
107
108
109
110
111
112
113
114
115
116
117
118
119
120
121
122
123
124
125
126
127
128
129
130
131
132
133
134
135
136
137
138
139
140
141
142
143
144
145
146
147
148
149
150
151
152
153
154
155
156
157
158
159
160
161
162
163
164
165
166
167
168
169
170
171
172
173
174
175
176
177
178
179
180
181
182
183
184
185
186
187
188
189
190
191
192
193
194
Per cls weights according to the accuracy are:  tensor([0.7944, 0.8161, 0.7433, 0.7944, 0.8161, 0.6417, 0.8161, 0.8161, 0.8161,
        0.8161, 0.8161, 0.7433, 0.5000, 0.8161, 0.7433, 0.8161, 0.8161, 0.7944,
        0.8161, 0.7433, 0.8161, 0.7131, 0.8161, 0.6417, 0.7131, 0.8161, 0.8161,
        0.8161, 0.8161, 0.8161, 0.5000, 0.8161, 0.7433, 0.7433, 0.8161, 0.7433,
        0.8161, 0.7433, 0.5000, 0.8161, 0.8161, 0.7944, 0.7703, 0.7433, 0.8161,
        0.7944, 0.6417, 0.7433, 0.7703, 0.6417, 0.8161, 0.7433, 0.7944, 0.8161,
        0.7433, 0.6417, 0.7944, 0.7703, 0.8161, 0.5000, 0.7433, 0.6417, 0.8161,
        0.5000, 0.7433])
0
1
2
3
4
5
6
7
8
9
10
11
12
13
14
15
16
17
18
19
20
21
22
23
24
25
26
27
28
29
30
31
32
33
34
35
36
37
38
39
40
41
42
43
44
45
46
47
48
49
50
51
52
53
54
55
56
57
58
59
60
61
62
63
64
65
66
67
68
69
70
71
72
73
74
75
76
77
78
79
80
81
82
83
84
85
86
87
88
89
90
91
92
93
94
95
96
97
98
99
100
101
102
103
104
105
106
107
108
109
110
111
112
113
114
115
116
117
118
119
120
121
122
123
124
125
126
127
128
129
130
131
132
133
134
135
136
137
138
139
140
141
142
143
144
145
146
147
148
149
150
151
152
153
154
155
156
157
158
159
160
161
162
163
164
165
166
167
168
169
170
171
172
173
174
175
176
177
178
179
180
181
182
183
184
185
186
187
188
189
190
191
192
193
194
Assigned Classwise weights to source
S Real T Product Train Ep: 3000 lr0.008213769018249545 	 Loss Classification: 0.200485 Loss T 0.017881 Method MME

24
24
24
24
24
24
24
24
24
tensor(585.)

Labeled Target set: Average loss: 0.1745, Accuracy: 556/585 F1 (95.0427%)


Test set: Average loss: 1.2810, Accuracy: 3385/4224 F1 (80.1373%)


Val set: Average loss: 1.3966, Accuracy: 152/192 F1 (79.1667%)

Patience getting saturated, current counter is:  0
best acc test 81.060606  acc val 79.166667 acc labeled target 95.042735
saving model...
S Real T Product Train Ep: 3100 lr0.008166698608209509 	 Loss Classification: 0.367008 Loss T 0.017064 Method MME

S Real T Product Train Ep: 3200 lr0.008120252831274708 	 Loss Classification: 0.325221 Loss T 0.006181 Method MME

S Real T Product Train Ep: 3300 lr0.008074418759891278 	 Loss Classification: 0.031101 Loss T 0.027412 Method MME

S Real T Product Train Ep: 3400 lr0.008029183828623731 	 Loss Classification: 0.038777 Loss T 0.009183 Method MME

S Real T Product Train Ep: 3500 lr0.007984535821401871 	 Loss Classification: 0.358326 Loss T 0.014611 Method MME

24
24
24
24
24
24
24
24
24
tensor(585.)

Labeled Target set: Average loss: 0.0716, Accuracy: 576/585 F1 (98.4615%)


Test set: Average loss: 1.1996, Accuracy: 3458/4224 F1 (81.8655%)


Val set: Average loss: 1.1690, Accuracy: 160/192 F1 (83.3333%)

Patience Reset, Counter is: 1
best acc test 81.865530  acc val 83.333333 acc labeled target 98.461538
saving model...
S Real T Product Train Ep: 3600 lr0.007940462859307384 	 Loss Classification: 0.303457 Loss T 0.006942 Method MME

S Real T Product Train Ep: 3700 lr0.007896953388873518 	 Loss Classification: 0.134005 Loss T 0.010101 Method MME

S Real T Product Train Ep: 3800 lr0.007853996170872714 	 Loss Classification: 0.035375 Loss T 0.008305 Method MME

S Real T Product Train Ep: 3900 lr0.00781158026956848 	 Loss Classification: 0.133400 Loss T 0.008907 Method MME

Per Class Accuracy Calculated According to the Labelled Target examples is:  [1.        1.        1.        1.        1.        1.        1.
 1.        1.        1.        1.        1.        1.        1.
 1.        1.        1.        1.        1.        1.        1.
 0.8888889 1.        1.        0.8888889 1.        1.        1.
 1.        1.        1.        1.        1.        0.8888889 1.
 0.8888889 1.        1.        0.6666667 1.        1.        1.
 1.        1.        1.        1.        1.        1.        1.
 1.        1.        1.        1.        1.        1.        1.
 0.8888889 1.        1.        1.        1.        1.        1.
 1.        0.8888889]
Top k classes which perform poorly are:  [38, 64, 35, 24, 21, 56, 33, 58, 62, 36, 37, 61, 39, 40, 60, 41, 42, 59, 43, 44, 45, 46, 34, 48, 49, 50, 51, 52, 53, 54, 55, 57, 47, 0, 31, 1, 2, 3, 4, 5, 6, 7, 8, 9, 10, 11, 12, 13, 63, 14, 16, 17, 18, 19, 20, 22, 23, 25, 26, 27, 28, 29, 30, 15, 32]
Per cls weights according to the accuracy are:  tensor([1.1839, 1.1839, 1.1839, 1.1839, 1.1839, 1.1839, 1.1839, 1.1839, 1.1839,
        1.1839, 1.1839, 1.1839, 1.1839, 1.1839, 1.1839, 1.1839, 1.1839, 1.1839,
        1.1839, 1.1839, 1.1839, 1.2056, 1.1839, 1.1839, 1.2056, 1.1839, 1.1839,
        1.1839, 1.1839, 1.1839, 1.1839, 1.1839, 1.1839, 1.2056, 1.1839, 1.2056,
        1.1839, 1.1839, 1.2567, 1.1839, 1.1839, 1.1839, 1.1839, 1.1839, 1.1839,
        1.1839, 1.1839, 1.1839, 1.1839, 1.1839, 1.1839, 1.1839, 1.1839, 1.1839,
        1.1839, 1.1839, 1.2056, 1.1839, 1.1839, 1.1839, 1.1839, 1.1839, 1.1839,
        1.1839, 1.2056])
0
1
2
3
4
5
6
7
8
9
10
11
12
13
14
15
16
17
18
19
20
21
22
23
24
25
26
27
28
29
30
31
32
33
34
35
36
37
38
39
40
41
42
43
44
45
46
47
48
49
50
51
52
53
54
55
56
57
58
59
60
61
62
63
64
65
66
67
68
69
70
71
72
73
74
75
76
77
78
79
80
81
82
83
84
85
86
87
88
89
90
91
92
93
94
95
96
97
98
99
100
101
102
103
104
105
106
107
108
109
110
111
112
113
114
115
116
117
118
119
120
121
122
123
124
125
126
127
128
129
130
131
132
133
134
135
136
137
138
139
140
141
142
143
144
145
146
147
148
149
150
151
152
153
154
155
156
157
158
159
160
161
162
163
164
165
166
167
168
169
170
171
172
173
174
175
176
177
178
179
180
181
182
183
184
185
186
187
188
189
190
191
192
193
194
Per cls weights according to the accuracy are:  tensor([0.8161, 0.8161, 0.8161, 0.8161, 0.8161, 0.8161, 0.8161, 0.8161, 0.8161,
        0.8161, 0.8161, 0.8161, 0.8161, 0.8161, 0.8161, 0.8161, 0.8161, 0.8161,
        0.8161, 0.8161, 0.8161, 0.7944, 0.8161, 0.8161, 0.7944, 0.8161, 0.8161,
        0.8161, 0.8161, 0.8161, 0.8161, 0.8161, 0.8161, 0.7944, 0.8161, 0.7944,
        0.8161, 0.8161, 0.7433, 0.8161, 0.8161, 0.8161, 0.8161, 0.8161, 0.8161,
        0.8161, 0.8161, 0.8161, 0.8161, 0.8161, 0.8161, 0.8161, 0.8161, 0.8161,
        0.8161, 0.8161, 0.7944, 0.8161, 0.8161, 0.8161, 0.8161, 0.8161, 0.8161,
        0.8161, 0.7944])
0
1
2
3
4
5
6
7
8
9
10
11
12
13
14
15
16
17
18
19
20
21
22
23
24
25
26
27
28
29
30
31
32
33
34
35
36
37
38
39
40
41
42
43
44
45
46
47
48
49
50
51
52
53
54
55
56
57
58
59
60
61
62
63
64
65
66
67
68
69
70
71
72
73
74
75
76
77
78
79
80
81
82
83
84
85
86
87
88
89
90
91
92
93
94
95
96
97
98
99
100
101
102
103
104
105
106
107
108
109
110
111
112
113
114
115
116
117
118
119
120
121
122
123
124
125
126
127
128
129
130
131
132
133
134
135
136
137
138
139
140
141
142
143
144
145
146
147
148
149
150
151
152
153
154
155
156
157
158
159
160
161
162
163
164
165
166
167
168
169
170
171
172
173
174
175
176
177
178
179
180
181
182
183
184
185
186
187
188
189
190
191
192
193
194
Assigned Classwise weights to source
S Real T Product Train Ep: 4000 lr0.007769695042409123 	 Loss Classification: 0.020012 Loss T 0.008744 Method MME

24
24
24
24
24
24
24
24
24
tensor(585.)

Labeled Target set: Average loss: 0.1265, Accuracy: 569/585 F1 (97.2650%)


Test set: Average loss: 1.2599, Accuracy: 3498/4224 F1 (82.8125%)


Val set: Average loss: 1.3242, Accuracy: 161/192 F1 (83.8542%)

Patience Reset, Counter is: 0
best acc test 82.812500  acc val 83.854167 acc labeled target 97.264957
saving model...
S Real T Product Train Ep: 4100 lr0.007728330130142108 	 Loss Classification: 0.416502 Loss T 0.020131 Method MME

S Real T Product Train Ep: 4200 lr0.007687475447329114 	 Loss Classification: 0.090634 Loss T 0.015303 Method MME

S Real T Product Train Ep: 4300 lr0.0076471211732427845 	 Loss Classification: 0.122125 Loss T 0.009622 Method MME

S Real T Product Train Ep: 4400 lr0.007607257743127307 	 Loss Classification: 0.045376 Loss T 0.010685 Method MME

S Real T Product Train Ep: 4500 lr0.007567875839805858 	 Loss Classification: 0.020994 Loss T 0.007100 Method MME

24
24
24
24
24
24
24
24
24
tensor(585.)

Labeled Target set: Average loss: 0.0495, Accuracy: 579/585 F1 (98.9744%)


Test set: Average loss: 1.2224, Accuracy: 3588/4224 F1 (84.9432%)


Val set: Average loss: 1.3412, Accuracy: 162/192 F1 (84.3750%)

Patience Reset, Counter is: 0
best acc test 84.943182  acc val 84.375000 acc labeled target 98.974359
saving model...
S Real T Product Train Ep: 4600 lr0.007528966385618854 	 Loss Classification: 0.006129 Loss T 0.008631 Method MME

S Real T Product Train Ep: 4700 lr0.007490520534677821 	 Loss Classification: 0.085173 Loss T 0.011669 Method MME

S Real T Product Train Ep: 4800 lr0.007452529665420465 	 Loss Classification: 0.076439 Loss T 0.006828 Method MME

S Real T Product Train Ep: 4900 lr0.007414985373453289 	 Loss Classification: 0.011102 Loss T 0.006184 Method MME

Per Class Accuracy Calculated According to the Labelled Target examples is:  [1.        1.        1.        1.        1.        1.        1.
 1.        1.        1.        1.        1.        1.        1.
 1.        1.        1.        1.        1.        1.        1.
 1.        1.        1.        1.        1.        1.        1.
 1.        1.        1.        1.        0.8888889 1.        1.
 1.        1.        0.8888889 0.8888889 1.        1.        1.
 1.        1.        0.8888889 1.        1.        1.        1.
 1.        1.        0.8888889 1.        1.        1.        1.
 1.        1.        1.        1.        1.        1.        1.
 1.        0.8888889]
Top k classes which perform poorly are:  [32, 51, 44, 38, 37, 64, 6, 4, 3, 39, 40, 41, 42, 43, 2, 45, 46, 47, 48, 36, 49, 1, 52, 53, 54, 55, 56, 57, 58, 59, 60, 61, 62, 50, 5, 35, 33, 7, 8, 9, 10, 11, 12, 13, 14, 15, 16, 17, 18, 34, 19, 21, 22, 23, 24, 25, 26, 27, 28, 29, 30, 31, 63, 20, 0]
Per cls weights according to the accuracy are:  tensor([1.1839, 1.1839, 1.1839, 1.1839, 1.1839, 1.1839, 1.1839, 1.1839, 1.1839,
        1.1839, 1.1839, 1.1839, 1.1839, 1.1839, 1.1839, 1.1839, 1.1839, 1.1839,
        1.1839, 1.1839, 1.1839, 1.1839, 1.1839, 1.1839, 1.1839, 1.1839, 1.1839,
        1.1839, 1.1839, 1.1839, 1.1839, 1.1839, 1.2056, 1.1839, 1.1839, 1.1839,
        1.1839, 1.2056, 1.2056, 1.1839, 1.1839, 1.1839, 1.1839, 1.1839, 1.2056,
        1.1839, 1.1839, 1.1839, 1.1839, 1.1839, 1.1839, 1.2056, 1.1839, 1.1839,
        1.1839, 1.1839, 1.1839, 1.1839, 1.1839, 1.1839, 1.1839, 1.1839, 1.1839,
        1.1839, 1.2056])
0
1
2
3
4
5
6
7
8
9
10
11
12
13
14
15
16
17
18
19
20
21
22
23
24
25
26
27
28
29
30
31
32
33
34
35
36
37
38
39
40
41
42
43
44
45
46
47
48
49
50
51
52
53
54
55
56
57
58
59
60
61
62
63
64
65
66
67
68
69
70
71
72
73
74
75
76
77
78
79
80
81
82
83
84
85
86
87
88
89
90
91
92
93
94
95
96
97
98
99
100
101
102
103
104
105
106
107
108
109
110
111
112
113
114
115
116
117
118
119
120
121
122
123
124
125
126
127
128
129
130
131
132
133
134
135
136
137
138
139
140
141
142
143
144
145
146
147
148
149
150
151
152
153
154
155
156
157
158
159
160
161
162
163
164
165
166
167
168
169
170
171
172
173
174
175
176
177
178
179
180
181
182
183
184
185
186
187
188
189
190
191
192
193
194
Per cls weights according to the accuracy are:  tensor([0.8161, 0.8161, 0.8161, 0.8161, 0.8161, 0.8161, 0.8161, 0.8161, 0.8161,
        0.8161, 0.8161, 0.8161, 0.8161, 0.8161, 0.8161, 0.8161, 0.8161, 0.8161,
        0.8161, 0.8161, 0.8161, 0.8161, 0.8161, 0.8161, 0.8161, 0.8161, 0.8161,
        0.8161, 0.8161, 0.8161, 0.8161, 0.8161, 0.7944, 0.8161, 0.8161, 0.8161,
        0.8161, 0.7944, 0.7944, 0.8161, 0.8161, 0.8161, 0.8161, 0.8161, 0.7944,
        0.8161, 0.8161, 0.8161, 0.8161, 0.8161, 0.8161, 0.7944, 0.8161, 0.8161,
        0.8161, 0.8161, 0.8161, 0.8161, 0.8161, 0.8161, 0.8161, 0.8161, 0.8161,
        0.8161, 0.7944])
0
1
2
3
4
5
6
7
8
9
10
11
12
13
14
15
16
17
18
19
20
21
22
23
24
25
26
27
28
29
30
31
32
33
34
35
36
37
38
39
40
41
42
43
44
45
46
47
48
49
50
51
52
53
54
55
56
57
58
59
60
61
62
63
64
65
66
67
68
69
70
71
72
73
74
75
76
77
78
79
80
81
82
83
84
85
86
87
88
89
90
91
92
93
94
95
96
97
98
99
100
101
102
103
104
105
106
107
108
109
110
111
112
113
114
115
116
117
118
119
120
121
122
123
124
125
126
127
128
129
130
131
132
133
134
135
136
137
138
139
140
141
142
143
144
145
146
147
148
149
150
151
152
153
154
155
156
157
158
159
160
161
162
163
164
165
166
167
168
169
170
171
172
173
174
175
176
177
178
179
180
181
182
183
184
185
186
187
188
189
190
191
192
193
194
Assigned Classwise weights to source
S Real T Product Train Ep: 5000 lr0.007377879464668811 	 Loss Classification: 0.026208 Loss T 0.005323 Method MME

24
24
24
24
24
24
24
24
24
tensor(585.)

Labeled Target set: Average loss: 0.0426, Accuracy: 578/585 F1 (98.8034%)


Test set: Average loss: 1.2879, Accuracy: 3553/4224 F1 (84.1146%)


Val set: Average loss: 1.3247, Accuracy: 159/192 F1 (82.8125%)

Patience getting saturated, current counter is:  0
best acc test 84.943182  acc val 82.812500 acc labeled target 98.803419
saving model...
S Real T Product Train Ep: 5100 lr0.007341203948625087 	 Loss Classification: 0.026715 Loss T 0.013507 Method MME

S Real T Product Train Ep: 5200 lr0.007304951032175895 	 Loss Classification: 0.145207 Loss T 0.005218 Method MME

S Real T Product Train Ep: 5300 lr0.007269113113340497 	 Loss Classification: 0.027300 Loss T 0.004512 Method MME

S Real T Product Train Ep: 5400 lr0.007233682775402483 	 Loss Classification: 0.011192 Loss T 0.007636 Method MME

S Real T Product Train Ep: 5500 lr0.007198652781227704 	 Loss Classification: 0.183675 Loss T 0.007081 Method MME

24
24
24
24
24
24
24
24
24
tensor(585.)

Labeled Target set: Average loss: 0.0291, Accuracy: 580/585 F1 (99.1453%)


Test set: Average loss: 1.2519, Accuracy: 3601/4224 F1 (85.2509%)


Val set: Average loss: 1.2168, Accuracy: 167/192 F1 (86.9792%)

Patience Reset, Counter is: 1
best acc test 85.250947  acc val 86.979167 acc labeled target 99.145299
saving model...
S Real T Product Train Ep: 5600 lr0.007164016067791809 	 Loss Classification: 0.044734 Loss T 0.007510 Method MME

S Real T Product Train Ep: 5700 lr0.0071297657409083726 	 Loss Classification: 0.103414 Loss T 0.006410 Method MME

S Real T Product Train Ep: 5800 lr0.0070958950701490225 	 Loss Classification: 0.025278 Loss T 0.007517 Method MME

S Real T Product Train Ep: 5900 lr0.007062397483947426 	 Loss Classification: 0.003106 Loss T 0.005195 Method MME

Per Class Accuracy Calculated According to the Labelled Target examples is:  [0.8888889 1.        1.        1.        1.        1.        1.
 1.        1.        1.        1.        1.        1.        1.
 1.        1.        1.        1.        1.        1.        1.
 1.        1.        1.        1.        1.        1.        1.
 1.        1.        0.7777778 1.        1.        1.        1.
 1.        1.        0.8888889 1.        1.        1.        1.
 1.        1.        1.        1.        1.        1.        0.8888889
 1.        1.        1.        1.        1.        1.        1.
 1.        1.        1.        1.        1.        1.        1.
 1.        1.       ]
Top k classes which perform poorly are:  [30, 0, 37, 48, 59, 34, 35, 36, 62, 38, 39, 40, 41, 42, 43, 44, 45, 46, 47, 61, 49, 50, 51, 52, 53, 54, 55, 56, 57, 58, 60, 33, 32, 31, 1, 2, 3, 4, 5, 6, 7, 8, 9, 10, 11, 12, 13, 14, 15, 16, 17, 18, 19, 20, 21, 22, 23, 24, 25, 26, 27, 28, 29, 63, 64]
Per cls weights according to the accuracy are:  tensor([1.2056, 1.1839, 1.1839, 1.1839, 1.1839, 1.1839, 1.1839, 1.1839, 1.1839,
        1.1839, 1.1839, 1.1839, 1.1839, 1.1839, 1.1839, 1.1839, 1.1839, 1.1839,
        1.1839, 1.1839, 1.1839, 1.1839, 1.1839, 1.1839, 1.1839, 1.1839, 1.1839,
        1.1839, 1.1839, 1.1839, 1.2297, 1.1839, 1.1839, 1.1839, 1.1839, 1.1839,
        1.1839, 1.2056, 1.1839, 1.1839, 1.1839, 1.1839, 1.1839, 1.1839, 1.1839,
        1.1839, 1.1839, 1.1839, 1.2056, 1.1839, 1.1839, 1.1839, 1.1839, 1.1839,
        1.1839, 1.1839, 1.1839, 1.1839, 1.1839, 1.1839, 1.1839, 1.1839, 1.1839,
        1.1839, 1.1839])
0
1
2
3
4
5
6
7
8
9
10
11
12
13
14
15
16
17
18
19
20
21
22
23
24
25
26
27
28
29
30
31
32
33
34
35
36
37
38
39
40
41
42
43
44
45
46
47
48
49
50
51
52
53
54
55
56
57
58
59
60
61
62
63
64
65
66
67
68
69
70
71
72
73
74
75
76
77
78
79
80
81
82
83
84
85
86
87
88
89
90
91
92
93
94
95
96
97
98
99
100
101
102
103
104
105
106
107
108
109
110
111
112
113
114
115
116
117
118
119
120
121
122
123
124
125
126
127
128
129
130
131
132
133
134
135
136
137
138
139
140
141
142
143
144
145
146
147
148
149
150
151
152
153
154
155
156
157
158
159
160
161
162
163
164
165
166
167
168
169
170
171
172
173
174
175
176
177
178
179
180
181
182
183
184
185
186
187
188
189
190
191
192
193
194
Per cls weights according to the accuracy are:  tensor([0.7944, 0.8161, 0.8161, 0.8161, 0.8161, 0.8161, 0.8161, 0.8161, 0.8161,
        0.8161, 0.8161, 0.8161, 0.8161, 0.8161, 0.8161, 0.8161, 0.8161, 0.8161,
        0.8161, 0.8161, 0.8161, 0.8161, 0.8161, 0.8161, 0.8161, 0.8161, 0.8161,
        0.8161, 0.8161, 0.8161, 0.7703, 0.8161, 0.8161, 0.8161, 0.8161, 0.8161,
        0.8161, 0.7944, 0.8161, 0.8161, 0.8161, 0.8161, 0.8161, 0.8161, 0.8161,
        0.8161, 0.8161, 0.8161, 0.7944, 0.8161, 0.8161, 0.8161, 0.8161, 0.8161,
        0.8161, 0.8161, 0.8161, 0.8161, 0.8161, 0.8161, 0.8161, 0.8161, 0.8161,
        0.8161, 0.8161])
0
1
2
3
4
5
6
7
8
9
10
11
12
13
14
15
16
17
18
19
20
21
22
23
24
25
26
27
28
29
30
31
32
33
34
35
36
37
38
39
40
41
42
43
44
45
46
47
48
49
50
51
52
53
54
55
56
57
58
59
60
61
62
63
64
65
66
67
68
69
70
71
72
73
74
75
76
77
78
79
80
81
82
83
84
85
86
87
88
89
90
91
92
93
94
95
96
97
98
99
100
101
102
103
104
105
106
107
108
109
110
111
112
113
114
115
116
117
118
119
120
121
122
123
124
125
126
127
128
129
130
131
132
133
134
135
136
137
138
139
140
141
142
143
144
145
146
147
148
149
150
151
152
153
154
155
156
157
158
159
160
161
162
163
164
165
166
167
168
169
170
171
172
173
174
175
176
177
178
179
180
181
182
183
184
185
186
187
188
189
190
191
192
193
194
Assigned Classwise weights to source
S Real T Product Train Ep: 6000 lr0.007029266564879363 	 Loss Classification: 0.033240 Loss T 0.003228 Method MME

24
24
24
24
24
24
24
24
24
tensor(585.)

Labeled Target set: Average loss: 0.0687, Accuracy: 573/585 F1 (97.9487%)


Test set: Average loss: 1.3673, Accuracy: 3520/4224 F1 (83.3333%)


Val set: Average loss: 1.5290, Accuracy: 162/192 F1 (84.3750%)

Patience getting saturated, current counter is:  0
best acc test 85.250947  acc val 84.375000 acc labeled target 97.948718
saving model...
Terminated
