Dataset multi Source sketch Target painting Labeled num perclass 3 Network resnet34
126 classes in this dataset
Labelled Source Examples:  24582
Unlabelled Target Dataset Size:  31124
Labelled Target Dataset Size:  378
Misc. Labelled Target Dataset Size:  378
Bank keys - Target:  dict_keys(['feat_vec', 'labels', 'names', 'domain_identifier']) Source:  dict_keys(['feat_vec', 'labels', 'names', 'domain_identifier'])
Num  - Target:  31124 Source:  24582
Unlabeled Target Data Batches: 648
S sketch T painting Train Ep: 0 lr0.01 	 Loss Classification: 4.985562 Loss T 0.471620 Method MME

24
24
24
24
24
24
24
24
24
24
24
24
24
24
24
24
tensor(1134.)

Labeled Target set: Average loss: 4.9767, Accuracy: 9/1134 F1 (0.7937%)


Test set: Average loss: 4.9509, Accuracy: 247/31104 F1 (0.7941%)


Val set: Average loss: 4.9761, Accuracy: 1/360 F1 (0.2778%)

best acc test 0.794110  acc val 0.277778 acc labeled target 0.793651
saving model...
S sketch T painting Train Ep: 100 lr0.009925650290240803 	 Loss Classification: 2.831370 Loss T 0.317064 Method MME

S sketch T painting Train Ep: 200 lr0.009852577760521605 	 Loss Classification: 1.815181 Loss T 0.245007 Method MME

S sketch T painting Train Ep: 300 lr0.009780748269686728 	 Loss Classification: 2.155874 Loss T 0.192036 Method MME

S sketch T painting Train Ep: 400 lr0.009710128909124701 	 Loss Classification: 1.853416 Loss T 0.186079 Method MME

S sketch T painting Train Ep: 500 lr0.00964068794694323 	 Loss Classification: 1.503557 Loss T 0.161296 Method MME

24
24
24
24
24
24
24
24
24
24
24
24
24
24
24
24
tensor(1134.)

Labeled Target set: Average loss: 2.8167, Accuracy: 453/1134 F1 (39.9471%)


Test set: Average loss: 2.1643, Accuracy: 16014/31104 F1 (51.4853%)


Val set: Average loss: 2.3172, Accuracy: 163/360 F1 (45.2778%)

best acc test 51.485340  acc val 45.277778 acc labeled target 39.947090
saving model...
S sketch T painting Train Ep: 600 lr0.00957239477517603 	 Loss Classification: 1.290907 Loss T 0.162114 Method MME

S sketch T painting Train Ep: 700 lr0.009505219859830012 	 Loss Classification: 1.933965 Loss T 0.124716 Method MME

S sketch T painting Train Ep: 800 lr0.009439134693595126 	 Loss Classification: 2.216554 Loss T 0.135451 Method MME

S sketch T painting Train Ep: 900 lr0.009374111751051751 	 Loss Classification: 0.842839 Loss T 0.122575 Method MME

S sketch T painting Train Ep: 1000 lr0.009310124446222227 	 Loss Classification: 1.674284 Loss T 0.128476 Method MME

24
24
24
24
24
24
24
24
24
24
24
24
24
24
24
24
tensor(1134.)

Labeled Target set: Average loss: 2.8329, Accuracy: 458/1134 F1 (40.3880%)


Test set: Average loss: 2.1164, Accuracy: 17064/31104 F1 (54.8611%)


Val set: Average loss: 2.4004, Accuracy: 173/360 F1 (48.0556%)

best acc test 54.861111  acc val 48.055556 acc labeled target 40.388007
saving model...
S sketch T painting Train Ep: 1100 lr0.00924714709232377 	 Loss Classification: 1.273977 Loss T 0.186210 Method MME

S sketch T painting Train Ep: 1200 lr0.009185154863590003 	 Loss Classification: 0.724515 Loss T 0.158718 Method MME

S sketch T painting Train Ep: 1300 lr0.00912412375903735 	 Loss Classification: 1.622942 Loss T 0.122862 Method MME

S sketch T painting Train Ep: 1400 lr0.009064030568061049 	 Loss Classification: 1.118915 Loss T 0.135391 Method MME

S sketch T painting Train Ep: 1500 lr0.009004852837753237 	 Loss Classification: 1.269967 Loss T 0.126284 Method MME

24
24
24
24
24
24
24
24
24
24
24
24
24
24
24
24
tensor(1134.)

Labeled Target set: Average loss: 2.7092, Accuracy: 494/1134 F1 (43.5626%)


Test set: Average loss: 2.0566, Accuracy: 17918/31104 F1 (57.6067%)


Val set: Average loss: 2.2592, Accuracy: 183/360 F1 (50.8333%)

best acc test 57.606739  acc val 50.833333 acc labeled target 43.562610
saving model...
S sketch T painting Train Ep: 1600 lr0.008946568841842816 	 Loss Classification: 1.456047 Loss T 0.134006 Method MME

S sketch T painting Train Ep: 1700 lr0.008889157551163433 	 Loss Classification: 0.912919 Loss T 0.130187 Method MME

S sketch T painting Train Ep: 1800 lr0.008832598605562044 	 Loss Classification: 1.652939 Loss T 0.118746 Method MME

S sketch T painting Train Ep: 1900 lr0.008776872287166303 	 Loss Classification: 1.757707 Loss T 0.106308 Method MME

Per Class Accuracy Calculated According to the Labelled Target examples is:  [0.11111111 0.8888889  0.44444445 0.33333334 0.44444445 0.11111111
 0.         0.11111111 0.         0.33333334 1.         0.6666667
 0.         0.33333334 0.33333334 0.22222222 0.5555556  0.7777778
 0.         0.33333334 0.6666667  0.33333334 0.5555556  0.33333334
 0.44444445 0.22222222 0.11111111 0.         0.8888889  0.11111111
 0.5555556  0.         0.11111111 0.11111111 0.         0.
 0.         0.         0.33333334 0.44444445 0.5555556  0.22222222
 0.6666667  0.22222222 0.44444445 0.11111111 0.44444445 0.8888889
 0.         0.8888889  0.22222222 0.44444445 1.         0.5555556
 0.         0.11111111 0.6666667  1.         0.44444445 1.
 0.6666667  0.22222222 0.33333334 0.22222222 1.         0.33333334
 0.11111111 0.33333334 0.5555556  0.8888889  0.33333334 0.8888889
 1.         0.6666667  0.         0.         0.5555556  0.22222222
 0.22222222 0.7777778  0.         0.8888889  0.         0.
 0.8888889  0.44444445 0.         0.5555556  0.33333334 0.11111111
 0.22222222 0.22222222 0.6666667  0.33333334 0.5555556  0.6666667
 0.44444445 1.         0.44444445 0.6666667  1.         0.33333334
 0.33333334 0.8888889  0.6666667  0.33333334 0.6666667  0.5555556
 0.         0.44444445 0.44444445 0.44444445 0.44444445 0.6666667
 0.33333334 0.8888889  0.44444445 1.         0.         0.8888889
 0.44444445 0.8888889  0.7777778  0.22222222 0.8888889  1.        ]
Top k classes which perform poorly are:  [54, 80, 82, 83, 86, 75, 18, 31, 34, 35, 36, 12, 74, 8, 6, 108, 48, 118, 37, 27, 29, 33, 32, 66, 45, 55, 0, 89, 5, 7, 26, 50, 123, 61, 63, 43, 41, 25, 91, 15, 90, 78, 77, 105, 101, 67, 93, 65, 88, 114, 102, 70, 62, 21, 38, 19, 9, 3, 23, 13, 14, 24, 110, 111, 39, 112, 44, 46, 116, 4, 2, 58, 120, 96, 98, 51, 85, 109, 53, 94, 87, 16, 76, 107, 30, 68, 40, 22, 104, 56, 95, 60, 113, 42, 73, 20, 99, 106, 92, 11, 122, 17, 79, 103, 1, 49, 84, 81, 28, 121, 71, 69, 124, 115, 47, 119, 10, 57, 64, 117, 100, 72, 52, 97, 59, 125]
Per cls weights according to the accuracy are:  tensor([1.4474, 1.2056, 1.3206, 1.3583, 1.3206, 1.4474, 1.5000, 1.4474, 1.5000,
        1.3583, 1.1839, 1.2567, 1.5000, 1.3583, 1.3583, 1.4004, 1.2869, 1.2297,
        1.5000, 1.3583, 1.2567, 1.3583, 1.2869, 1.3583, 1.3206, 1.4004, 1.4474,
        1.5000, 1.2056, 1.4474, 1.2869, 1.5000, 1.4474, 1.4474, 1.5000, 1.5000,
        1.5000, 1.5000, 1.3583, 1.3206, 1.2869, 1.4004, 1.2567, 1.4004, 1.3206,
        1.4474, 1.3206, 1.2056, 1.5000, 1.2056, 1.4004, 1.3206, 1.1839, 1.2869,
        1.5000, 1.4474, 1.2567, 1.1839, 1.3206, 1.1839, 1.2567, 1.4004, 1.3583,
        1.4004, 1.1839, 1.3583, 1.4474, 1.3583, 1.2869, 1.2056, 1.3583, 1.2056,
        1.1839, 1.2567, 1.5000, 1.5000, 1.2869, 1.4004, 1.4004, 1.2297, 1.5000,
        1.2056, 1.5000, 1.5000, 1.2056, 1.3206, 1.5000, 1.2869, 1.3583, 1.4474,
        1.4004, 1.4004, 1.2567, 1.3583, 1.2869, 1.2567, 1.3206, 1.1839, 1.3206,
        1.2567, 1.1839, 1.3583, 1.3583, 1.2056, 1.2567, 1.3583, 1.2567, 1.2869,
        1.5000, 1.3206, 1.3206, 1.3206, 1.3206, 1.2567, 1.3583, 1.2056, 1.3206,
        1.1839, 1.5000, 1.2056, 1.3206, 1.2056, 1.2297, 1.4004, 1.2056, 1.1839])
0
1
2
3
4
5
6
7
8
9
10
11
12
13
14
15
16
17
18
19
20
21
22
23
24
25
26
27
28
29
30
31
32
33
34
35
36
37
38
39
40
41
42
43
44
45
46
47
48
49
50
51
52
53
54
55
56
57
58
59
60
61
62
63
64
65
66
67
68
69
70
71
72
73
74
75
76
77
78
79
80
81
82
83
84
85
86
87
88
89
90
91
92
93
94
95
96
97
98
99
100
101
102
103
104
105
106
107
108
109
110
111
112
113
114
115
116
117
118
119
120
121
122
123
124
125
126
127
128
129
130
131
132
133
134
135
136
137
138
139
140
141
142
143
144
145
146
147
148
149
150
151
152
153
154
155
156
157
158
159
160
161
162
163
164
165
166
167
168
169
170
171
172
173
174
175
176
177
178
179
180
181
182
183
184
185
186
187
188
189
190
191
192
193
194
195
196
197
198
199
200
201
202
203
204
205
206
207
208
209
210
211
212
213
214
215
216
217
218
219
220
221
222
223
224
225
226
227
228
229
230
231
232
233
234
235
236
237
238
239
240
241
242
243
244
245
246
247
248
249
250
251
252
253
254
255
256
257
258
259
260
261
262
263
264
265
266
267
268
269
270
271
272
273
274
275
276
277
278
279
280
281
282
283
284
285
286
287
288
289
290
291
292
293
294
295
296
297
298
299
300
301
302
303
304
305
306
307
308
309
310
311
312
313
314
315
316
317
318
319
320
321
322
323
324
325
326
327
328
329
330
331
332
333
334
335
336
337
338
339
340
341
342
343
344
345
346
347
348
349
350
351
352
353
354
355
356
357
358
359
360
361
362
363
364
365
366
367
368
369
370
371
372
373
374
375
376
377
Per cls weights according to the accuracy are:  tensor([0.5526, 0.7944, 0.6794, 0.6417, 0.6794, 0.5526, 0.5000, 0.5526, 0.5000,
        0.6417, 0.8161, 0.7433, 0.5000, 0.6417, 0.6417, 0.5996, 0.7131, 0.7703,
        0.5000, 0.6417, 0.7433, 0.6417, 0.7131, 0.6417, 0.6794, 0.5996, 0.5526,
        0.5000, 0.7944, 0.5526, 0.7131, 0.5000, 0.5526, 0.5526, 0.5000, 0.5000,
        0.5000, 0.5000, 0.6417, 0.6794, 0.7131, 0.5996, 0.7433, 0.5996, 0.6794,
        0.5526, 0.6794, 0.7944, 0.5000, 0.7944, 0.5996, 0.6794, 0.8161, 0.7131,
        0.5000, 0.5526, 0.7433, 0.8161, 0.6794, 0.8161, 0.7433, 0.5996, 0.6417,
        0.5996, 0.8161, 0.6417, 0.5526, 0.6417, 0.7131, 0.7944, 0.6417, 0.7944,
        0.8161, 0.7433, 0.5000, 0.5000, 0.7131, 0.5996, 0.5996, 0.7703, 0.5000,
        0.7944, 0.5000, 0.5000, 0.7944, 0.6794, 0.5000, 0.7131, 0.6417, 0.5526,
        0.5996, 0.5996, 0.7433, 0.6417, 0.7131, 0.7433, 0.6794, 0.8161, 0.6794,
        0.7433, 0.8161, 0.6417, 0.6417, 0.7944, 0.7433, 0.6417, 0.7433, 0.7131,
        0.5000, 0.6794, 0.6794, 0.6794, 0.6794, 0.7433, 0.6417, 0.7944, 0.6794,
        0.8161, 0.5000, 0.7944, 0.6794, 0.7944, 0.7703, 0.5996, 0.7944, 0.8161])
0
1
2
3
4
5
6
7
8
9
10
11
12
13
14
15
16
17
18
19
20
21
22
23
24
25
26
27
28
29
30
31
32
33
34
35
36
37
38
39
40
41
42
43
44
45
46
47
48
49
50
51
52
53
54
55
56
57
58
59
60
61
62
63
64
65
66
67
68
69
70
71
72
73
74
75
76
77
78
79
80
81
82
83
84
85
86
87
88
89
90
91
92
93
94
95
96
97
98
99
100
101
102
103
104
105
106
107
108
109
110
111
112
113
114
115
116
117
118
119
120
121
122
123
124
125
126
127
128
129
130
131
132
133
134
135
136
137
138
139
140
141
142
143
144
145
146
147
148
149
150
151
152
153
154
155
156
157
158
159
160
161
162
163
164
165
166
167
168
169
170
171
172
173
174
175
176
177
178
179
180
181
182
183
184
185
186
187
188
189
190
191
192
193
194
195
196
197
198
199
200
201
202
203
204
205
206
207
208
209
210
211
212
213
214
215
216
217
218
219
220
221
222
223
224
225
226
227
228
229
230
231
232
233
234
235
236
237
238
239
240
241
242
243
244
245
246
247
248
249
250
251
252
253
254
255
256
257
258
259
260
261
262
263
264
265
266
267
268
269
270
271
272
273
274
275
276
277
278
279
280
281
282
283
284
285
286
287
288
289
290
291
292
293
294
295
296
297
298
299
300
301
302
303
304
305
306
307
308
309
310
311
312
313
314
315
316
317
318
319
320
321
322
323
324
325
326
327
328
329
330
331
332
333
334
335
336
337
338
339
340
341
342
343
344
345
346
347
348
349
350
351
352
353
354
355
356
357
358
359
360
361
362
363
364
365
366
367
368
369
370
371
372
373
374
375
376
377
Assigned Classwise weights to source
S sketch T painting Train Ep: 2000 lr0.008721959494934213 	 Loss Classification: 0.648726 Loss T 0.124557 Method MME

24
24
24
24
24
24
24
24
24
24
24
24
24
24
24
24
tensor(1134.)

Labeled Target set: Average loss: 2.7539, Accuracy: 520/1134 F1 (45.8554%)


Test set: Average loss: 2.0754, Accuracy: 18119/31104 F1 (58.2530%)


Val set: Average loss: 2.3137, Accuracy: 186/360 F1 (51.6667%)

best acc test 58.252958  acc val 51.666667 acc labeled target 45.855379
saving model...
S sketch T painting Train Ep: 2100 lr0.008667841720414475 	 Loss Classification: 1.298432 Loss T 0.122101 Method MME

S sketch T painting Train Ep: 2200 lr0.008614501024650454 	 Loss Classification: 1.367401 Loss T 0.141895 Method MME

S sketch T painting Train Ep: 2300 lr0.008561920016164943 	 Loss Classification: 0.627838 Loss T 0.100042 Method MME

S sketch T painting Train Ep: 2400 lr0.008510081829966844 	 Loss Classification: 1.061379 Loss T 0.097518 Method MME

S sketch T painting Train Ep: 2500 lr0.008458970107524513 	 Loss Classification: 0.801698 Loss T 0.113093 Method MME

24
24
24
24
24
24
24
24
24
24
24
24
24
24
24
24
tensor(1134.)

Labeled Target set: Average loss: 2.6511, Accuracy: 534/1134 F1 (47.0899%)


Test set: Average loss: 1.9661, Accuracy: 19023/31104 F1 (61.1593%)


Val set: Average loss: 2.2676, Accuracy: 187/360 F1 (51.9444%)

best acc test 61.159336  acc val 51.944444 acc labeled target 47.089947
saving model...
S sketch T painting Train Ep: 2600 lr0.008408568977653933 	 Loss Classification: 0.679626 Loss T 0.087678 Method MME

S sketch T painting Train Ep: 2700 lr0.00835886303827305 	 Loss Classification: 1.508298 Loss T 0.095368 Method MME

S sketch T painting Train Ep: 2800 lr0.008309837338976545 	 Loss Classification: 0.439079 Loss T 0.114416 Method MME

S sketch T painting Train Ep: 2900 lr0.008261477364388068 	 Loss Classification: 0.593537 Loss T 0.121310 Method MME

Per Class Accuracy Calculated According to the Labelled Target examples is:  [0.6666667  0.6666667  0.22222222 0.22222222 0.33333334 0.11111111
 0.         0.5555556  0.         0.5555556  0.6666667  0.5555556
 0.         0.6666667  0.33333334 0.8888889  0.6666667  0.8888889
 0.44444445 0.44444445 0.6666667  0.33333334 0.44444445 0.5555556
 0.44444445 0.5555556  0.         0.         0.7777778  0.
 0.5555556  0.         0.33333334 0.         0.33333334 0.
 0.         0.         0.5555556  0.5555556  0.6666667  0.
 0.         0.         0.22222222 0.5555556  0.5555556  0.8888889
 0.22222222 0.7777778  0.11111111 0.33333334 0.8888889  0.7777778
 0.         0.         0.6666667  0.8888889  0.33333334 1.
 0.6666667  0.11111111 0.22222222 0.         1.         0.5555556
 0.         0.22222222 1.         0.6666667  0.33333334 1.
 0.8888889  0.7777778  0.11111111 0.22222222 0.8888889  0.6666667
 0.44444445 0.7777778  0.22222222 1.         0.11111111 0.
 0.44444445 0.22222222 0.         0.6666667  0.33333334 0.11111111
 0.         0.22222222 0.6666667  0.44444445 0.6666667  0.6666667
 0.         0.8888889  0.5555556  0.7777778  0.6666667  0.33333334
 0.8888889  0.8888889  0.6666667  0.44444445 0.6666667  0.22222222
 0.         0.44444445 0.7777778  0.33333334 0.5555556  0.5555556
 0.33333334 1.         0.8888889  1.         0.44444445 1.
 0.7777778  1.         0.6666667  0.33333334 1.         1.        ]
Top k classes which perform poorly are:  [42, 37, 33, 108, 31, 41, 29, 83, 27, 26, 43, 54, 55, 35, 63, 96, 36, 86, 12, 90, 6, 8, 66, 82, 5, 74, 50, 61, 89, 44, 107, 75, 48, 91, 80, 85, 67, 62, 2, 3, 51, 70, 34, 58, 101, 111, 14, 21, 114, 88, 4, 32, 123, 84, 78, 105, 93, 19, 24, 22, 109, 118, 18, 7, 9, 11, 38, 112, 113, 39, 30, 98, 25, 45, 46, 65, 23, 94, 104, 122, 100, 95, 92, 87, 106, 0, 60, 77, 1, 10, 69, 13, 56, 40, 16, 20, 53, 28, 110, 79, 120, 73, 99, 49, 17, 15, 116, 52, 103, 102, 57, 76, 97, 72, 47, 81, 121, 71, 119, 64, 117, 115, 124, 59, 68, 125]
Per cls weights according to the accuracy are:  tensor([1.2567, 1.2567, 1.4004, 1.4004, 1.3583, 1.4474, 1.5000, 1.2869, 1.5000,
        1.2869, 1.2567, 1.2869, 1.5000, 1.2567, 1.3583, 1.2056, 1.2567, 1.2056,
        1.3206, 1.3206, 1.2567, 1.3583, 1.3206, 1.2869, 1.3206, 1.2869, 1.5000,
        1.5000, 1.2297, 1.5000, 1.2869, 1.5000, 1.3583, 1.5000, 1.3583, 1.5000,
        1.5000, 1.5000, 1.2869, 1.2869, 1.2567, 1.5000, 1.5000, 1.5000, 1.4004,
        1.2869, 1.2869, 1.2056, 1.4004, 1.2297, 1.4474, 1.3583, 1.2056, 1.2297,
        1.5000, 1.5000, 1.2567, 1.2056, 1.3583, 1.1839, 1.2567, 1.4474, 1.4004,
        1.5000, 1.1839, 1.2869, 1.5000, 1.4004, 1.1839, 1.2567, 1.3583, 1.1839,
        1.2056, 1.2297, 1.4474, 1.4004, 1.2056, 1.2567, 1.3206, 1.2297, 1.4004,
        1.1839, 1.4474, 1.5000, 1.3206, 1.4004, 1.5000, 1.2567, 1.3583, 1.4474,
        1.5000, 1.4004, 1.2567, 1.3206, 1.2567, 1.2567, 1.5000, 1.2056, 1.2869,
        1.2297, 1.2567, 1.3583, 1.2056, 1.2056, 1.2567, 1.3206, 1.2567, 1.4004,
        1.5000, 1.3206, 1.2297, 1.3583, 1.2869, 1.2869, 1.3583, 1.1839, 1.2056,
        1.1839, 1.3206, 1.1839, 1.2297, 1.1839, 1.2567, 1.3583, 1.1839, 1.1839])
0
1
2
3
4
5
6
7
8
9
10
11
12
13
14
15
16
17
18
19
20
21
22
23
24
25
26
27
28
29
30
31
32
33
34
35
36
37
38
39
40
41
42
43
44
45
46
47
48
49
50
51
52
53
54
55
56
57
58
59
60
61
62
63
64
65
66
67
68
69
70
71
72
73
74
75
76
77
78
79
80
81
82
83
84
85
86
87
88
89
90
91
92
93
94
95
96
97
98
99
100
101
102
103
104
105
106
107
108
109
110
111
112
113
114
115
116
117
118
119
120
121
122
123
124
125
126
127
128
129
130
131
132
133
134
135
136
137
138
139
140
141
142
143
144
145
146
147
148
149
150
151
152
153
154
155
156
157
158
159
160
161
162
163
164
165
166
167
168
169
170
171
172
173
174
175
176
177
178
179
180
181
182
183
184
185
186
187
188
189
190
191
192
193
194
195
196
197
198
199
200
201
202
203
204
205
206
207
208
209
210
211
212
213
214
215
216
217
218
219
220
221
222
223
224
225
226
227
228
229
230
231
232
233
234
235
236
237
238
239
240
241
242
243
244
245
246
247
248
249
250
251
252
253
254
255
256
257
258
259
260
261
262
263
264
265
266
267
268
269
270
271
272
273
274
275
276
277
278
279
280
281
282
283
284
285
286
287
288
289
290
291
292
293
294
295
296
297
298
299
300
301
302
303
304
305
306
307
308
309
310
311
312
313
314
315
316
317
318
319
320
321
322
323
324
325
326
327
328
329
330
331
332
333
334
335
336
337
338
339
340
341
342
343
344
345
346
347
348
349
350
351
352
353
354
355
356
357
358
359
360
361
362
363
364
365
366
367
368
369
370
371
372
373
374
375
376
377
Per cls weights according to the accuracy are:  tensor([0.7433, 0.7433, 0.5996, 0.5996, 0.6417, 0.5526, 0.5000, 0.7131, 0.5000,
        0.7131, 0.7433, 0.7131, 0.5000, 0.7433, 0.6417, 0.7944, 0.7433, 0.7944,
        0.6794, 0.6794, 0.7433, 0.6417, 0.6794, 0.7131, 0.6794, 0.7131, 0.5000,
        0.5000, 0.7703, 0.5000, 0.7131, 0.5000, 0.6417, 0.5000, 0.6417, 0.5000,
        0.5000, 0.5000, 0.7131, 0.7131, 0.7433, 0.5000, 0.5000, 0.5000, 0.5996,
        0.7131, 0.7131, 0.7944, 0.5996, 0.7703, 0.5526, 0.6417, 0.7944, 0.7703,
        0.5000, 0.5000, 0.7433, 0.7944, 0.6417, 0.8161, 0.7433, 0.5526, 0.5996,
        0.5000, 0.8161, 0.7131, 0.5000, 0.5996, 0.8161, 0.7433, 0.6417, 0.8161,
        0.7944, 0.7703, 0.5526, 0.5996, 0.7944, 0.7433, 0.6794, 0.7703, 0.5996,
        0.8161, 0.5526, 0.5000, 0.6794, 0.5996, 0.5000, 0.7433, 0.6417, 0.5526,
        0.5000, 0.5996, 0.7433, 0.6794, 0.7433, 0.7433, 0.5000, 0.7944, 0.7131,
        0.7703, 0.7433, 0.6417, 0.7944, 0.7944, 0.7433, 0.6794, 0.7433, 0.5996,
        0.5000, 0.6794, 0.7703, 0.6417, 0.7131, 0.7131, 0.6417, 0.8161, 0.7944,
        0.8161, 0.6794, 0.8161, 0.7703, 0.8161, 0.7433, 0.6417, 0.8161, 0.8161])
0
1
2
3
4
5
6
7
8
9
10
11
12
13
14
15
16
17
18
19
20
21
22
23
24
25
26
27
28
29
30
31
32
33
34
35
36
37
38
39
40
41
42
43
44
45
46
47
48
49
50
51
52
53
54
55
56
57
58
59
60
61
62
63
64
65
66
67
68
69
70
71
72
73
74
75
76
77
78
79
80
81
82
83
84
85
86
87
88
89
90
91
92
93
94
95
96
97
98
99
100
101
102
103
104
105
106
107
108
109
110
111
112
113
114
115
116
117
118
119
120
121
122
123
124
125
126
127
128
129
130
131
132
133
134
135
136
137
138
139
140
141
142
143
144
145
146
147
148
149
150
151
152
153
154
155
156
157
158
159
160
161
162
163
164
165
166
167
168
169
170
171
172
173
174
175
176
177
178
179
180
181
182
183
184
185
186
187
188
189
190
191
192
193
194
195
196
197
198
199
200
201
202
203
204
205
206
207
208
209
210
211
212
213
214
215
216
217
218
219
220
221
222
223
224
225
226
227
228
229
230
231
232
233
234
235
236
237
238
239
240
241
242
243
244
245
246
247
248
249
250
251
252
253
254
255
256
257
258
259
260
261
262
263
264
265
266
267
268
269
270
271
272
273
274
275
276
277
278
279
280
281
282
283
284
285
286
287
288
289
290
291
292
293
294
295
296
297
298
299
300
301
302
303
304
305
306
307
308
309
310
311
312
313
314
315
316
317
318
319
320
321
322
323
324
325
326
327
328
329
330
331
332
333
334
335
336
337
338
339
340
341
342
343
344
345
346
347
348
349
350
351
352
353
354
355
356
357
358
359
360
361
362
363
364
365
366
367
368
369
370
371
372
373
374
375
376
377
Assigned Classwise weights to source
S sketch T painting Train Ep: 3000 lr0.008213769018249545 	 Loss Classification: 0.901490 Loss T 0.090644 Method MME

24
24
24
24
24
24
24
24
24
24
24
24
24
24
24
24
tensor(1134.)

Labeled Target set: Average loss: 2.7615, Accuracy: 540/1134 F1 (47.6190%)


Test set: Average loss: 2.0542, Accuracy: 18754/31104 F1 (60.2945%)


Val set: Average loss: 2.3946, Accuracy: 197/360 F1 (54.7222%)

best acc test 60.294496  acc val 54.722222 acc labeled target 47.619048
saving model...
S sketch T painting Train Ep: 3100 lr0.008166698608209509 	 Loss Classification: 1.196582 Loss T 0.107706 Method MME

S sketch T painting Train Ep: 3200 lr0.008120252831274708 	 Loss Classification: 0.584768 Loss T 0.093914 Method MME

S sketch T painting Train Ep: 3300 lr0.008074418759891278 	 Loss Classification: 0.822565 Loss T 0.097558 Method MME

S sketch T painting Train Ep: 3400 lr0.008029183828623731 	 Loss Classification: 0.876347 Loss T 0.105607 Method MME

S sketch T painting Train Ep: 3500 lr0.007984535821401871 	 Loss Classification: 0.579604 Loss T 0.060571 Method MME

24
24
24
24
24
24
24
24
24
24
24
24
24
24
24
24
tensor(1134.)

Labeled Target set: Average loss: 2.4728, Accuracy: 595/1134 F1 (52.4691%)


Test set: Average loss: 1.9533, Accuracy: 19635/31104 F1 (63.1269%)


Val set: Average loss: 2.1552, Accuracy: 210/360 F1 (58.3333%)

best acc test 63.126929  acc val 58.333333 acc labeled target 52.469136
saving model...
S sketch T painting Train Ep: 3600 lr0.007940462859307384 	 Loss Classification: 0.978109 Loss T 0.077285 Method MME

S sketch T painting Train Ep: 3700 lr0.007896953388873518 	 Loss Classification: 0.429960 Loss T 0.080179 Method MME

S sketch T painting Train Ep: 3800 lr0.007853996170872714 	 Loss Classification: 0.418111 Loss T 0.095494 Method MME

S sketch T painting Train Ep: 3900 lr0.00781158026956848 	 Loss Classification: 1.186235 Loss T 0.079040 Method MME

Per Class Accuracy Calculated According to the Labelled Target examples is:  [0.44444445 0.8888889  0.33333334 0.33333334 0.5555556  0.
 0.         0.5555556  0.33333334 0.33333334 0.7777778  0.6666667
 0.         0.22222222 0.33333334 0.5555556  0.5555556  0.7777778
 0.7777778  0.33333334 0.5555556  0.22222222 0.6666667  0.44444445
 0.5555556  0.6666667  0.33333334 0.         0.44444445 0.44444445
 0.5555556  0.         0.7777778  0.22222222 0.33333334 0.
 0.         0.         0.6666667  0.8888889  0.6666667  0.33333334
 0.44444445 0.         0.5555556  0.         0.7777778  0.6666667
 0.5555556  0.6666667  0.11111111 0.5555556  0.7777778  0.8888889
 0.         0.         0.7777778  1.         0.22222222 0.8888889
 0.6666667  0.44444445 0.44444445 0.22222222 1.         0.6666667
 0.         0.6666667  0.7777778  0.8888889  0.5555556  1.
 1.         0.8888889  0.22222222 0.44444445 0.8888889  0.33333334
 0.6666667  1.         0.22222222 1.         0.         0.
 1.         0.33333334 0.         0.6666667  0.22222222 0.22222222
 0.11111111 0.5555556  0.6666667  0.8888889  0.6666667  0.6666667
 0.22222222 1.         0.5555556  1.         0.8888889  0.
 0.7777778  1.         0.6666667  0.5555556  0.6666667  0.6666667
 0.         0.33333334 0.6666667  0.33333334 0.6666667  0.6666667
 0.33333334 1.         0.8888889  1.         0.11111111 1.
 0.7777778  1.         0.7777778  0.5555556  0.5555556  1.        ]
Top k classes which perform poorly are:  [108, 83, 36, 82, 31, 101, 37, 35, 12, 54, 86, 27, 6, 5, 43, 55, 45, 66, 90, 118, 50, 80, 33, 96, 88, 89, 13, 63, 58, 21, 74, 41, 34, 85, 77, 26, 19, 14, 109, 9, 8, 111, 114, 3, 2, 61, 75, 0, 62, 28, 23, 29, 42, 15, 91, 16, 98, 20, 105, 124, 48, 70, 7, 44, 24, 4, 51, 123, 30, 92, 22, 49, 95, 104, 106, 107, 11, 110, 112, 113, 94, 25, 87, 38, 47, 78, 60, 40, 65, 67, 46, 56, 10, 102, 120, 52, 32, 122, 18, 17, 68, 69, 76, 116, 73, 59, 39, 1, 100, 53, 93, 121, 119, 117, 79, 64, 57, 81, 103, 99, 97, 71, 72, 84, 115, 125]
Per cls weights according to the accuracy are:  tensor([1.3206, 1.2056, 1.3583, 1.3583, 1.2869, 1.5000, 1.5000, 1.2869, 1.3583,
        1.3583, 1.2297, 1.2567, 1.5000, 1.4004, 1.3583, 1.2869, 1.2869, 1.2297,
        1.2297, 1.3583, 1.2869, 1.4004, 1.2567, 1.3206, 1.2869, 1.2567, 1.3583,
        1.5000, 1.3206, 1.3206, 1.2869, 1.5000, 1.2297, 1.4004, 1.3583, 1.5000,
        1.5000, 1.5000, 1.2567, 1.2056, 1.2567, 1.3583, 1.3206, 1.5000, 1.2869,
        1.5000, 1.2297, 1.2567, 1.2869, 1.2567, 1.4474, 1.2869, 1.2297, 1.2056,
        1.5000, 1.5000, 1.2297, 1.1839, 1.4004, 1.2056, 1.2567, 1.3206, 1.3206,
        1.4004, 1.1839, 1.2567, 1.5000, 1.2567, 1.2297, 1.2056, 1.2869, 1.1839,
        1.1839, 1.2056, 1.4004, 1.3206, 1.2056, 1.3583, 1.2567, 1.1839, 1.4004,
        1.1839, 1.5000, 1.5000, 1.1839, 1.3583, 1.5000, 1.2567, 1.4004, 1.4004,
        1.4474, 1.2869, 1.2567, 1.2056, 1.2567, 1.2567, 1.4004, 1.1839, 1.2869,
        1.1839, 1.2056, 1.5000, 1.2297, 1.1839, 1.2567, 1.2869, 1.2567, 1.2567,
        1.5000, 1.3583, 1.2567, 1.3583, 1.2567, 1.2567, 1.3583, 1.1839, 1.2056,
        1.1839, 1.4474, 1.1839, 1.2297, 1.1839, 1.2297, 1.2869, 1.2869, 1.1839])
0
1
2
3
4
5
6
7
8
9
10
11
12
13
14
15
16
17
18
19
20
21
22
23
24
25
26
27
28
29
30
31
32
33
34
35
36
37
38
39
40
41
42
43
44
45
46
47
48
49
50
51
52
53
54
55
56
57
58
59
60
61
62
63
64
65
66
67
68
69
70
71
72
73
74
75
76
77
78
79
80
81
82
83
84
85
86
87
88
89
90
91
92
93
94
95
96
97
98
99
100
101
102
103
104
105
106
107
108
109
110
111
112
113
114
115
116
117
118
119
120
121
122
123
124
125
126
127
128
129
130
131
132
133
134
135
136
137
138
139
140
141
142
143
144
145
146
147
148
149
150
151
152
153
154
155
156
157
158
159
160
161
162
163
164
165
166
167
168
169
170
171
172
173
174
175
176
177
178
179
180
181
182
183
184
185
186
187
188
189
190
191
192
193
194
195
196
197
198
199
200
201
202
203
204
205
206
207
208
209
210
211
212
213
214
215
216
217
218
219
220
221
222
223
224
225
226
227
228
229
230
231
232
233
234
235
236
237
238
239
240
241
242
243
244
245
246
247
248
249
250
251
252
253
254
255
256
257
258
259
260
261
262
263
264
265
266
267
268
269
270
271
272
273
274
275
276
277
278
279
280
281
282
283
284
285
286
287
288
289
290
291
292
293
294
295
296
297
298
299
300
301
302
303
304
305
306
307
308
309
310
311
312
313
314
315
316
317
318
319
320
321
322
323
324
325
326
327
328
329
330
331
332
333
334
335
336
337
338
339
340
341
342
343
344
345
346
347
348
349
350
351
352
353
354
355
356
357
358
359
360
361
362
363
364
365
366
367
368
369
370
371
372
373
374
375
376
377
Per cls weights according to the accuracy are:  tensor([0.6794, 0.7944, 0.6417, 0.6417, 0.7131, 0.5000, 0.5000, 0.7131, 0.6417,
        0.6417, 0.7703, 0.7433, 0.5000, 0.5996, 0.6417, 0.7131, 0.7131, 0.7703,
        0.7703, 0.6417, 0.7131, 0.5996, 0.7433, 0.6794, 0.7131, 0.7433, 0.6417,
        0.5000, 0.6794, 0.6794, 0.7131, 0.5000, 0.7703, 0.5996, 0.6417, 0.5000,
        0.5000, 0.5000, 0.7433, 0.7944, 0.7433, 0.6417, 0.6794, 0.5000, 0.7131,
        0.5000, 0.7703, 0.7433, 0.7131, 0.7433, 0.5526, 0.7131, 0.7703, 0.7944,
        0.5000, 0.5000, 0.7703, 0.8161, 0.5996, 0.7944, 0.7433, 0.6794, 0.6794,
        0.5996, 0.8161, 0.7433, 0.5000, 0.7433, 0.7703, 0.7944, 0.7131, 0.8161,
        0.8161, 0.7944, 0.5996, 0.6794, 0.7944, 0.6417, 0.7433, 0.8161, 0.5996,
        0.8161, 0.5000, 0.5000, 0.8161, 0.6417, 0.5000, 0.7433, 0.5996, 0.5996,
        0.5526, 0.7131, 0.7433, 0.7944, 0.7433, 0.7433, 0.5996, 0.8161, 0.7131,
        0.8161, 0.7944, 0.5000, 0.7703, 0.8161, 0.7433, 0.7131, 0.7433, 0.7433,
        0.5000, 0.6417, 0.7433, 0.6417, 0.7433, 0.7433, 0.6417, 0.8161, 0.7944,
        0.8161, 0.5526, 0.8161, 0.7703, 0.8161, 0.7703, 0.7131, 0.7131, 0.8161])
0
1
2
3
4
5
6
7
8
9
10
11
12
13
14
15
16
17
18
19
20
21
22
23
24
25
26
27
28
29
30
31
32
33
34
35
36
37
38
39
40
41
42
43
44
45
46
47
48
49
50
51
52
53
54
55
56
57
58
59
60
61
62
63
64
65
66
67
68
69
70
71
72
73
74
75
76
77
78
79
80
81
82
83
84
85
86
87
88
89
90
91
92
93
94
95
96
97
98
99
100
101
102
103
104
105
106
107
108
109
110
111
112
113
114
115
116
117
118
119
120
121
122
123
124
125
126
127
128
129
130
131
132
133
134
135
136
137
138
139
140
141
142
143
144
145
146
147
148
149
150
151
152
153
154
155
156
157
158
159
160
161
162
163
164
165
166
167
168
169
170
171
172
173
174
175
176
177
178
179
180
181
182
183
184
185
186
187
188
189
190
191
192
193
194
195
196
197
198
199
200
201
202
203
204
205
206
207
208
209
210
211
212
213
214
215
216
217
218
219
220
221
222
223
224
225
226
227
228
229
230
231
232
233
234
235
236
237
238
239
240
241
242
243
244
245
246
247
248
249
250
251
252
253
254
255
256
257
258
259
260
261
262
263
264
265
266
267
268
269
270
271
272
273
274
275
276
277
278
279
280
281
282
283
284
285
286
287
288
289
290
291
292
293
294
295
296
297
298
299
300
301
302
303
304
305
306
307
308
309
310
311
312
313
314
315
316
317
318
319
320
321
322
323
324
325
326
327
328
329
330
331
332
333
334
335
336
337
338
339
340
341
342
343
344
345
346
347
348
349
350
351
352
353
354
355
356
357
358
359
360
361
362
363
364
365
366
367
368
369
370
371
372
373
374
375
376
377
Assigned Classwise weights to source
S sketch T painting Train Ep: 4000 lr0.007769695042409123 	 Loss Classification: 0.624275 Loss T 0.086093 Method MME

24
24
24
24
24
24
24
24
24
24
24
24
24
24
24
24
tensor(1134.)

Labeled Target set: Average loss: 2.9680, Accuracy: 531/1134 F1 (46.8254%)


Test set: Average loss: 2.0686, Accuracy: 19146/31104 F1 (61.5548%)


Val set: Average loss: 2.3315, Accuracy: 198/360 F1 (55.0000%)

best acc test 63.126929  acc val 55.000000 acc labeled target 46.825397
saving model...
S sketch T painting Train Ep: 4100 lr0.007728330130142108 	 Loss Classification: 0.658381 Loss T 0.089561 Method MME

S sketch T painting Train Ep: 4200 lr0.007687475447329114 	 Loss Classification: 0.720225 Loss T 0.076763 Method MME

S sketch T painting Train Ep: 4300 lr0.0076471211732427845 	 Loss Classification: 0.950551 Loss T 0.089180 Method MME

S sketch T painting Train Ep: 4400 lr0.007607257743127307 	 Loss Classification: 0.291899 Loss T 0.077585 Method MME

S sketch T painting Train Ep: 4500 lr0.007567875839805858 	 Loss Classification: 0.302582 Loss T 0.067505 Method MME

24
24
24
24
24
24
24
24
24
24
24
24
24
24
24
24
tensor(1134.)

Labeled Target set: Average loss: 2.5574, Accuracy: 579/1134 F1 (51.0582%)


Test set: Average loss: 1.9096, Accuracy: 20100/31104 F1 (64.6219%)


Val set: Average loss: 2.2565, Accuracy: 203/360 F1 (56.3889%)

best acc test 63.126929  acc val 56.388889 acc labeled target 51.058201
saving model...
S sketch T painting Train Ep: 4600 lr0.007528966385618854 	 Loss Classification: 0.439382 Loss T 0.061942 Method MME

S sketch T painting Train Ep: 4700 lr0.007490520534677821 	 Loss Classification: 0.550439 Loss T 0.083248 Method MME

S sketch T painting Train Ep: 4800 lr0.007452529665420465 	 Loss Classification: 0.324795 Loss T 0.063281 Method MME

S sketch T painting Train Ep: 4900 lr0.007414985373453289 	 Loss Classification: 0.815141 Loss T 0.086948 Method MME

Per Class Accuracy Calculated According to the Labelled Target examples is:  [0.6666667  0.7777778  0.33333334 0.33333334 0.33333334 0.11111111
 0.44444445 0.5555556  0.22222222 0.33333334 1.         0.6666667
 0.         0.33333334 0.33333334 0.5555556  0.5555556  0.8888889
 0.22222222 0.33333334 0.11111111 0.33333334 0.6666667  0.33333334
 0.33333334 0.6666667  0.22222222 0.11111111 1.         0.5555556
 0.22222222 0.         0.         0.22222222 0.         0.
 0.         0.         0.6666667  1.         0.6666667  0.11111111
 0.         0.11111111 0.5555556  0.7777778  0.33333334 0.6666667
 0.22222222 0.7777778  0.33333334 0.33333334 0.8888889  0.6666667
 0.11111111 0.         0.6666667  1.         0.44444445 0.6666667
 0.5555556  0.44444445 0.11111111 0.22222222 1.         0.33333334
 0.         0.5555556  1.         1.         0.5555556  0.8888889
 0.8888889  0.8888889  0.33333334 0.44444445 0.6666667  0.5555556
 0.6666667  1.         0.22222222 1.         0.11111111 0.
 0.44444445 0.6666667  0.         0.6666667  0.33333334 0.44444445
 0.11111111 0.6666667  0.5555556  0.8888889  0.6666667  0.7777778
 0.33333334 1.         0.5555556  1.         0.5555556  0.22222222
 0.7777778  0.8888889  0.6666667  0.44444445 0.6666667  0.44444445
 0.11111111 0.6666667  0.7777778  0.33333334 0.44444445 0.6666667
 0.33333334 0.8888889  0.6666667  1.         0.         1.
 0.7777778  1.         1.         0.6666667  1.         1.        ]
Top k classes which perform poorly are:  [83, 86, 32, 66, 55, 34, 35, 42, 31, 118, 36, 12, 37, 62, 41, 43, 54, 90, 108, 27, 82, 20, 5, 18, 48, 101, 33, 80, 30, 8, 26, 63, 65, 4, 96, 3, 88, 2, 50, 74, 46, 21, 51, 9, 111, 19, 114, 23, 24, 13, 14, 58, 112, 6, 107, 61, 105, 75, 84, 89, 67, 77, 70, 7, 92, 60, 98, 16, 100, 15, 44, 29, 123, 106, 85, 91, 113, 109, 104, 94, 116, 87, 0, 56, 38, 40, 47, 11, 53, 25, 59, 22, 78, 76, 120, 110, 45, 1, 102, 95, 49, 71, 52, 103, 72, 73, 115, 93, 17, 117, 121, 119, 122, 10, 79, 39, 81, 99, 97, 57, 124, 64, 68, 69, 28, 125]
Per cls weights according to the accuracy are:  tensor([1.2567, 1.2297, 1.3583, 1.3583, 1.3583, 1.4474, 1.3206, 1.2869, 1.4004,
        1.3583, 1.1839, 1.2567, 1.5000, 1.3583, 1.3583, 1.2869, 1.2869, 1.2056,
        1.4004, 1.3583, 1.4474, 1.3583, 1.2567, 1.3583, 1.3583, 1.2567, 1.4004,
        1.4474, 1.1839, 1.2869, 1.4004, 1.5000, 1.5000, 1.4004, 1.5000, 1.5000,
        1.5000, 1.5000, 1.2567, 1.1839, 1.2567, 1.4474, 1.5000, 1.4474, 1.2869,
        1.2297, 1.3583, 1.2567, 1.4004, 1.2297, 1.3583, 1.3583, 1.2056, 1.2567,
        1.4474, 1.5000, 1.2567, 1.1839, 1.3206, 1.2567, 1.2869, 1.3206, 1.4474,
        1.4004, 1.1839, 1.3583, 1.5000, 1.2869, 1.1839, 1.1839, 1.2869, 1.2056,
        1.2056, 1.2056, 1.3583, 1.3206, 1.2567, 1.2869, 1.2567, 1.1839, 1.4004,
        1.1839, 1.4474, 1.5000, 1.3206, 1.2567, 1.5000, 1.2567, 1.3583, 1.3206,
        1.4474, 1.2567, 1.2869, 1.2056, 1.2567, 1.2297, 1.3583, 1.1839, 1.2869,
        1.1839, 1.2869, 1.4004, 1.2297, 1.2056, 1.2567, 1.3206, 1.2567, 1.3206,
        1.4474, 1.2567, 1.2297, 1.3583, 1.3206, 1.2567, 1.3583, 1.2056, 1.2567,
        1.1839, 1.5000, 1.1839, 1.2297, 1.1839, 1.1839, 1.2567, 1.1839, 1.1839])
0
1
2
3
4
5
6
7
8
9
10
11
12
13
14
15
16
17
18
19
20
21
22
23
24
25
26
27
28
29
30
31
32
33
34
35
36
37
38
39
40
41
42
43
44
45
46
47
48
49
50
51
52
53
54
55
56
57
58
59
60
61
62
63
64
65
66
67
68
69
70
71
72
73
74
75
76
77
78
79
80
81
82
83
84
85
86
87
88
89
90
91
92
93
94
95
96
97
98
99
100
101
102
103
104
105
106
107
108
109
110
111
112
113
114
115
116
117
118
119
120
121
122
123
124
125
126
127
128
129
130
131
132
133
134
135
136
137
138
139
140
141
142
143
144
145
146
147
148
149
150
151
152
153
154
155
156
157
158
159
160
161
162
163
164
165
166
167
168
169
170
171
172
173
174
175
176
177
178
179
180
181
182
183
184
185
186
187
188
189
190
191
192
193
194
195
196
197
198
199
200
201
202
203
204
205
206
207
208
209
210
211
212
213
214
215
216
217
218
219
220
221
222
223
224
225
226
227
228
229
230
231
232
233
234
235
236
237
238
239
240
241
242
243
244
245
246
247
248
249
250
251
252
253
254
255
256
257
258
259
260
261
262
263
264
265
266
267
268
269
270
271
272
273
274
275
276
277
278
279
280
281
282
283
284
285
286
287
288
289
290
291
292
293
294
295
296
297
298
299
300
301
302
303
304
305
306
307
308
309
310
311
312
313
314
315
316
317
318
319
320
321
322
323
324
325
326
327
328
329
330
331
332
333
334
335
336
337
338
339
340
341
342
343
344
345
346
347
348
349
350
351
352
353
354
355
356
357
358
359
360
361
362
363
364
365
366
367
368
369
370
371
372
373
374
375
376
377
Per cls weights according to the accuracy are:  tensor([0.7433, 0.7703, 0.6417, 0.6417, 0.6417, 0.5526, 0.6794, 0.7131, 0.5996,
        0.6417, 0.8161, 0.7433, 0.5000, 0.6417, 0.6417, 0.7131, 0.7131, 0.7944,
        0.5996, 0.6417, 0.5526, 0.6417, 0.7433, 0.6417, 0.6417, 0.7433, 0.5996,
        0.5526, 0.8161, 0.7131, 0.5996, 0.5000, 0.5000, 0.5996, 0.5000, 0.5000,
        0.5000, 0.5000, 0.7433, 0.8161, 0.7433, 0.5526, 0.5000, 0.5526, 0.7131,
        0.7703, 0.6417, 0.7433, 0.5996, 0.7703, 0.6417, 0.6417, 0.7944, 0.7433,
        0.5526, 0.5000, 0.7433, 0.8161, 0.6794, 0.7433, 0.7131, 0.6794, 0.5526,
        0.5996, 0.8161, 0.6417, 0.5000, 0.7131, 0.8161, 0.8161, 0.7131, 0.7944,
        0.7944, 0.7944, 0.6417, 0.6794, 0.7433, 0.7131, 0.7433, 0.8161, 0.5996,
        0.8161, 0.5526, 0.5000, 0.6794, 0.7433, 0.5000, 0.7433, 0.6417, 0.6794,
        0.5526, 0.7433, 0.7131, 0.7944, 0.7433, 0.7703, 0.6417, 0.8161, 0.7131,
        0.8161, 0.7131, 0.5996, 0.7703, 0.7944, 0.7433, 0.6794, 0.7433, 0.6794,
        0.5526, 0.7433, 0.7703, 0.6417, 0.6794, 0.7433, 0.6417, 0.7944, 0.7433,
        0.8161, 0.5000, 0.8161, 0.7703, 0.8161, 0.8161, 0.7433, 0.8161, 0.8161])
0
1
2
3
4
5
6
7
8
9
10
11
12
13
14
15
16
17
18
19
20
21
22
23
24
25
26
27
28
29
30
31
32
33
34
35
36
37
38
39
40
41
42
43
44
45
46
47
48
49
50
51
52
53
54
55
56
57
58
59
60
61
62
63
64
65
66
67
68
69
70
71
72
73
74
75
76
77
78
79
80
81
82
83
84
85
86
87
88
89
90
91
92
93
94
95
96
97
98
99
100
101
102
103
104
105
106
107
108
109
110
111
112
113
114
115
116
117
118
119
120
121
122
123
124
125
126
127
128
129
130
131
132
133
134
135
136
137
138
139
140
141
142
143
144
145
146
147
148
149
150
151
152
153
154
155
156
157
158
159
160
161
162
163
164
165
166
167
168
169
170
171
172
173
174
175
176
177
178
179
180
181
182
183
184
185
186
187
188
189
190
191
192
193
194
195
196
197
198
199
200
201
202
203
204
205
206
207
208
209
210
211
212
213
214
215
216
217
218
219
220
221
222
223
224
225
226
227
228
229
230
231
232
233
234
235
236
237
238
239
240
241
242
243
244
245
246
247
248
249
250
251
252
253
254
255
256
257
258
259
260
261
262
263
264
265
266
267
268
269
270
271
272
273
274
275
276
277
278
279
280
281
282
283
284
285
286
287
288
289
290
291
292
293
294
295
296
297
298
299
300
301
302
303
304
305
306
307
308
309
310
311
312
313
314
315
316
317
318
319
320
321
322
323
324
325
326
327
328
329
330
331
332
333
334
335
336
337
338
339
340
341
342
343
344
345
346
347
348
349
350
351
352
353
354
355
356
357
358
359
360
361
362
363
364
365
366
367
368
369
370
371
372
373
374
375
376
377
Assigned Classwise weights to source
S sketch T painting Train Ep: 5000 lr0.007377879464668811 	 Loss Classification: 1.048293 Loss T 0.063082 Method MME

24
24
24
24
24
24
24
24
24
24
24
24
24
24
24
24
tensor(1134.)

Labeled Target set: Average loss: 2.8848, Accuracy: 545/1134 F1 (48.0600%)


Test set: Average loss: 2.1269, Accuracy: 19127/31104 F1 (61.4937%)


Val set: Average loss: 2.4190, Accuracy: 195/360 F1 (54.1667%)

best acc test 63.126929  acc val 54.166667 acc labeled target 48.059965
saving model...
S sketch T painting Train Ep: 5100 lr0.007341203948625087 	 Loss Classification: 1.001494 Loss T 0.073620 Method MME

S sketch T painting Train Ep: 5200 lr0.007304951032175895 	 Loss Classification: 0.547172 Loss T 0.079314 Method MME

S sketch T painting Train Ep: 5300 lr0.007269113113340497 	 Loss Classification: 0.517436 Loss T 0.080091 Method MME

S sketch T painting Train Ep: 5400 lr0.007233682775402483 	 Loss Classification: 0.318426 Loss T 0.064056 Method MME

S sketch T painting Train Ep: 5500 lr0.007198652781227704 	 Loss Classification: 0.294533 Loss T 0.082979 Method MME

24
24
24
24
24
24
24
24
24
24
24
24
24
24
24
24
tensor(1134.)

Labeled Target set: Average loss: 2.6854, Accuracy: 589/1134 F1 (51.9400%)


Test set: Average loss: 2.0244, Accuracy: 19998/31104 F1 (64.2940%)


Val set: Average loss: 2.3473, Accuracy: 208/360 F1 (57.7778%)

best acc test 63.126929  acc val 57.777778 acc labeled target 51.940035
saving model...
S sketch T painting Train Ep: 5600 lr0.007164016067791809 	 Loss Classification: 0.421181 Loss T 0.067372 Method MME

S sketch T painting Train Ep: 5700 lr0.0071297657409083726 	 Loss Classification: 0.358598 Loss T 0.076045 Method MME

S sketch T painting Train Ep: 5800 lr0.0070958950701490225 	 Loss Classification: 0.732225 Loss T 0.057282 Method MME

S sketch T painting Train Ep: 5900 lr0.007062397483947426 	 Loss Classification: 0.413282 Loss T 0.062010 Method MME

Per Class Accuracy Calculated According to the Labelled Target examples is:  [0.44444445 0.8888889  0.33333334 0.33333334 0.5555556  0.22222222
 0.         0.5555556  0.11111111 0.44444445 0.6666667  0.6666667
 0.22222222 0.33333334 0.33333334 0.44444445 0.44444445 1.
 0.44444445 0.5555556  0.44444445 0.33333334 0.6666667  0.44444445
 0.5555556  0.22222222 0.33333334 0.         0.6666667  0.33333334
 0.33333334 0.         0.22222222 0.6666667  0.         0.22222222
 0.         0.         0.5555556  0.5555556  0.6666667  0.11111111
 0.         0.         0.5555556  0.33333334 0.44444445 0.6666667
 0.33333334 0.6666667  0.22222222 0.44444445 1.         0.7777778
 0.         0.11111111 0.5555556  0.8888889  1.         0.8888889
 0.6666667  0.44444445 0.6666667  0.44444445 1.         0.33333334
 0.         0.44444445 1.         0.6666667  0.33333334 0.8888889
 0.8888889  0.8888889  0.5555556  0.33333334 1.         0.44444445
 0.5555556  0.8888889  0.22222222 1.         0.         0.
 0.8888889  0.22222222 0.         0.6666667  0.22222222 0.6666667
 0.11111111 0.44444445 0.6666667  0.7777778  0.6666667  0.8888889
 0.33333334 1.         0.33333334 0.7777778  1.         0.22222222
 0.8888889  0.7777778  0.7777778  1.         0.6666667  0.5555556
 0.11111111 0.6666667  0.6666667  0.33333334 0.44444445 0.6666667
 0.33333334 1.         0.8888889  1.         0.         1.
 0.33333334 0.8888889  1.         0.7777778  1.         0.8888889 ]
Top k classes which perform poorly are:  [82, 54, 66, 27, 43, 42, 6, 83, 31, 86, 118, 34, 37, 36, 90, 41, 8, 55, 108, 50, 32, 35, 80, 25, 12, 5, 85, 88, 101, 29, 120, 48, 2, 3, 45, 98, 21, 75, 111, 114, 65, 13, 14, 26, 70, 30, 96, 61, 77, 91, 67, 63, 0, 51, 9, 15, 16, 18, 112, 23, 20, 46, 38, 78, 24, 4, 39, 7, 19, 107, 44, 74, 56, 113, 92, 89, 106, 94, 110, 87, 109, 62, 28, 49, 10, 47, 69, 11, 22, 40, 60, 33, 99, 104, 103, 123, 93, 53, 102, 116, 1, 121, 79, 125, 57, 84, 73, 95, 59, 72, 71, 76, 122, 119, 117, 81, 100, 17, 64, 124, 58, 97, 52, 105, 115, 68]
Per cls weights according to the accuracy are:  tensor([1.3206, 1.2056, 1.3583, 1.3583, 1.2869, 1.4004, 1.5000, 1.2869, 1.4474,
        1.3206, 1.2567, 1.2567, 1.4004, 1.3583, 1.3583, 1.3206, 1.3206, 1.1839,
        1.3206, 1.2869, 1.3206, 1.3583, 1.2567, 1.3206, 1.2869, 1.4004, 1.3583,
        1.5000, 1.2567, 1.3583, 1.3583, 1.5000, 1.4004, 1.2567, 1.5000, 1.4004,
        1.5000, 1.5000, 1.2869, 1.2869, 1.2567, 1.4474, 1.5000, 1.5000, 1.2869,
        1.3583, 1.3206, 1.2567, 1.3583, 1.2567, 1.4004, 1.3206, 1.1839, 1.2297,
        1.5000, 1.4474, 1.2869, 1.2056, 1.1839, 1.2056, 1.2567, 1.3206, 1.2567,
        1.3206, 1.1839, 1.3583, 1.5000, 1.3206, 1.1839, 1.2567, 1.3583, 1.2056,
        1.2056, 1.2056, 1.2869, 1.3583, 1.1839, 1.3206, 1.2869, 1.2056, 1.4004,
        1.1839, 1.5000, 1.5000, 1.2056, 1.4004, 1.5000, 1.2567, 1.4004, 1.2567,
        1.4474, 1.3206, 1.2567, 1.2297, 1.2567, 1.2056, 1.3583, 1.1839, 1.3583,
        1.2297, 1.1839, 1.4004, 1.2056, 1.2297, 1.2297, 1.1839, 1.2567, 1.2869,
        1.4474, 1.2567, 1.2567, 1.3583, 1.3206, 1.2567, 1.3583, 1.1839, 1.2056,
        1.1839, 1.5000, 1.1839, 1.3583, 1.2056, 1.1839, 1.2297, 1.1839, 1.2056])
0
1
2
3
4
5
6
7
8
9
10
11
12
13
14
15
16
17
18
19
20
21
22
23
24
25
26
27
28
29
30
31
32
33
34
35
36
37
38
39
40
41
42
43
44
45
46
47
48
49
50
51
52
53
54
55
56
57
58
59
60
61
62
63
64
65
66
67
68
69
70
71
72
73
74
75
76
77
78
79
80
81
82
83
84
85
86
87
88
89
90
91
92
93
94
95
96
97
98
99
100
101
102
103
104
105
106
107
108
109
110
111
112
113
114
115
116
117
118
119
120
121
122
123
124
125
126
127
128
129
130
131
132
133
134
135
136
137
138
139
140
141
142
143
144
145
146
147
148
149
150
151
152
153
154
155
156
157
158
159
160
161
162
163
164
165
166
167
168
169
170
171
172
173
174
175
176
177
178
179
180
181
182
183
184
185
186
187
188
189
190
191
192
193
194
195
196
197
198
199
200
201
202
203
204
205
206
207
208
209
210
211
212
213
214
215
216
217
218
219
220
221
222
223
224
225
226
227
228
229
230
231
232
233
234
235
236
237
238
239
240
241
242
243
244
245
246
247
248
249
250
251
252
253
254
255
256
257
258
259
260
261
262
263
264
265
266
267
268
269
270
271
272
273
274
275
276
277
278
279
280
281
282
283
284
285
286
287
288
289
290
291
292
293
294
295
296
297
298
299
300
301
302
303
304
305
306
307
308
309
310
311
312
313
314
315
316
317
318
319
320
321
322
323
324
325
326
327
328
329
330
331
332
333
334
335
336
337
338
339
340
341
342
343
344
345
346
347
348
349
350
351
352
353
354
355
356
357
358
359
360
361
362
363
364
365
366
367
368
369
370
371
372
373
374
375
376
377
Per cls weights according to the accuracy are:  tensor([0.6794, 0.7944, 0.6417, 0.6417, 0.7131, 0.5996, 0.5000, 0.7131, 0.5526,
        0.6794, 0.7433, 0.7433, 0.5996, 0.6417, 0.6417, 0.6794, 0.6794, 0.8161,
        0.6794, 0.7131, 0.6794, 0.6417, 0.7433, 0.6794, 0.7131, 0.5996, 0.6417,
        0.5000, 0.7433, 0.6417, 0.6417, 0.5000, 0.5996, 0.7433, 0.5000, 0.5996,
        0.5000, 0.5000, 0.7131, 0.7131, 0.7433, 0.5526, 0.5000, 0.5000, 0.7131,
        0.6417, 0.6794, 0.7433, 0.6417, 0.7433, 0.5996, 0.6794, 0.8161, 0.7703,
        0.5000, 0.5526, 0.7131, 0.7944, 0.8161, 0.7944, 0.7433, 0.6794, 0.7433,
        0.6794, 0.8161, 0.6417, 0.5000, 0.6794, 0.8161, 0.7433, 0.6417, 0.7944,
        0.7944, 0.7944, 0.7131, 0.6417, 0.8161, 0.6794, 0.7131, 0.7944, 0.5996,
        0.8161, 0.5000, 0.5000, 0.7944, 0.5996, 0.5000, 0.7433, 0.5996, 0.7433,
        0.5526, 0.6794, 0.7433, 0.7703, 0.7433, 0.7944, 0.6417, 0.8161, 0.6417,
        0.7703, 0.8161, 0.5996, 0.7944, 0.7703, 0.7703, 0.8161, 0.7433, 0.7131,
        0.5526, 0.7433, 0.7433, 0.6417, 0.6794, 0.7433, 0.6417, 0.8161, 0.7944,
        0.8161, 0.5000, 0.8161, 0.6417, 0.7944, 0.8161, 0.7703, 0.8161, 0.7944])
0
1
2
3
4
5
6
7
8
9
10
11
12
13
14
15
16
17
18
19
20
21
22
23
24
25
26
27
28
29
30
31
32
33
34
35
36
37
38
39
40
41
42
43
44
45
46
47
48
49
50
51
52
53
54
55
56
57
58
59
60
61
62
63
64
65
66
67
68
69
70
71
72
73
74
75
76
77
78
79
80
81
82
83
84
85
86
87
88
89
90
91
92
93
94
95
96
97
98
99
100
101
102
103
104
105
106
107
108
109
110
111
112
113
114
115
116
117
118
119
120
121
122
123
124
125
126
127
128
129
130
131
132
133
134
135
136
137
138
139
140
141
142
143
144
145
146
147
148
149
150
151
152
153
154
155
156
157
158
159
160
161
162
163
164
165
166
167
168
169
170
171
172
173
174
175
176
177
178
179
180
181
182
183
184
185
186
187
188
189
190
191
192
193
194
195
196
197
198
199
200
201
202
203
204
205
206
207
208
209
210
211
212
213
214
215
216
217
218
219
220
221
222
223
224
225
226
227
228
229
230
231
232
233
234
235
236
237
238
239
240
241
242
243
244
245
246
247
248
249
250
251
252
253
254
255
256
257
258
259
260
261
262
263
264
265
266
267
268
269
270
271
272
273
274
275
276
277
278
279
280
281
282
283
284
285
286
287
288
289
290
291
292
293
294
295
296
297
298
299
300
301
302
303
304
305
306
307
308
309
310
311
312
313
314
315
316
317
318
319
320
321
322
323
324
325
326
327
328
329
330
331
332
333
334
335
336
337
338
339
340
341
342
343
344
345
346
347
348
349
350
351
352
353
354
355
356
357
358
359
360
361
362
363
364
365
366
367
368
369
370
371
372
373
374
375
376
377
Assigned Classwise weights to source
S sketch T painting Train Ep: 6000 lr0.007029266564879363 	 Loss Classification: 0.651047 Loss T 0.060999 Method MME

24
24
24
24
24
24
24
24
24
24
24
24
24
24
24
24
tensor(1134.)

Labeled Target set: Average loss: 2.9647, Accuracy: 549/1134 F1 (48.4127%)


Test set: Average loss: 2.1050, Accuracy: 19678/31104 F1 (63.2652%)


Val set: Average loss: 2.5216, Accuracy: 203/360 F1 (56.3889%)

best acc test 63.126929  acc val 56.388889 acc labeled target 48.412698
saving model...
S sketch T painting Train Ep: 6100 lr0.006996496045111504 	 Loss Classification: 0.540026 Loss T 0.073964 Method MME

S sketch T painting Train Ep: 6200 lr0.00696407980201184 	 Loss Classification: 0.659325 Loss T 0.059792 Method MME

S sketch T painting Train Ep: 6300 lr0.006932011853915101 	 Loss Classification: 0.211053 Loss T 0.060070 Method MME

S sketch T painting Train Ep: 6400 lr0.006900286356036734 	 Loss Classification: 0.512649 Loss T 0.077102 Method MME

S sketch T painting Train Ep: 6500 lr0.006868897596529406 	 Loss Classification: 0.208663 Loss T 0.064451 Method MME

24
24
24
24
24
24
24
24
24
24
24
24
24
24
24
24
tensor(1134.)

Labeled Target set: Average loss: 2.6645, Accuracy: 590/1134 F1 (52.0282%)


Test set: Average loss: 1.9997, Accuracy: 20297/31104 F1 (65.2553%)


Val set: Average loss: 2.3896, Accuracy: 204/360 F1 (56.6667%)

