Dataset office_home Source Art Target Real Labeled num perclass 3 Network alexnet
65 classes in this dataset
Labelled Source Examples:  2427
Unlabelled Target Dataset Size:  4162
Labelled Target Dataset Size:  195
Misc. Labelled Target Dataset Size:  195
Bank keys - Target:  dict_keys(['feat_vec', 'labels', 'names', 'domain_identifier']) Source:  dict_keys(['feat_vec', 'labels', 'names', 'domain_identifier'])
Num  - Target:  4162 Source:  2427
Unlabeled Target Data Batches: 65
S Art T Real Train Ep: 0 lr0.01 	 Loss Classification: 4.229089 Loss T 0.415777 Method MME

32
32
32
32
32
32
32
tensor(585.)

Labeled Target set: Average loss: 4.1419, Accuracy: 11/585 F1 (1.8803%)


Test set: Average loss: 4.1724, Accuracy: 90/4160 F1 (2.1635%)


Val set: Average loss: 4.1725, Accuracy: 4/192 F1 (2.0833%)

Patience Reset, Counter is: 0
best acc test 2.163462  acc val 2.083333 acc labeled target 1.880342
saving model...
S Art T Real Train Ep: 100 lr0.009925650290240803 	 Loss Classification: 1.331679 Loss T 0.285626 Method MME

S Art T Real Train Ep: 200 lr0.009852577760521605 	 Loss Classification: 0.921337 Loss T 0.198136 Method MME

S Art T Real Train Ep: 300 lr0.009780748269686728 	 Loss Classification: 0.533807 Loss T 0.180748 Method MME

S Art T Real Train Ep: 400 lr0.009710128909124701 	 Loss Classification: 0.431378 Loss T 0.175021 Method MME

S Art T Real Train Ep: 500 lr0.00964068794694323 	 Loss Classification: 0.155917 Loss T 0.162069 Method MME

32
32
32
32
32
32
32
tensor(585.)

Labeled Target set: Average loss: 2.3747, Accuracy: 252/585 F1 (43.0769%)


Test set: Average loss: 1.9242, Accuracy: 2136/4160 F1 (51.3462%)


Val set: Average loss: 1.8443, Accuracy: 103/192 F1 (53.6458%)

Patience Reset, Counter is: 0
best acc test 51.346154  acc val 53.645833 acc labeled target 43.076923
saving model...
S Art T Real Train Ep: 600 lr0.00957239477517603 	 Loss Classification: 0.123978 Loss T 0.134259 Method MME

S Art T Real Train Ep: 700 lr0.009505219859830012 	 Loss Classification: 0.112065 Loss T 0.116632 Method MME

S Art T Real Train Ep: 800 lr0.009439134693595126 	 Loss Classification: 0.133211 Loss T 0.138322 Method MME

S Art T Real Train Ep: 900 lr0.009374111751051751 	 Loss Classification: 0.056169 Loss T 0.123990 Method MME

S Art T Real Train Ep: 1000 lr0.009310124446222227 	 Loss Classification: 0.065436 Loss T 0.120924 Method MME

32
32
32
32
32
32
32
tensor(585.)

Labeled Target set: Average loss: 2.4101, Accuracy: 248/585 F1 (42.3932%)


Test set: Average loss: 2.0653, Accuracy: 2165/4160 F1 (52.0433%)


Val set: Average loss: 1.8323, Accuracy: 104/192 F1 (54.1667%)

Patience Reset, Counter is: 0
best acc test 52.043269  acc val 54.166667 acc labeled target 42.393162
saving model...
S Art T Real Train Ep: 1100 lr0.00924714709232377 	 Loss Classification: 0.081626 Loss T 0.122176 Method MME

S Art T Real Train Ep: 1200 lr0.009185154863590003 	 Loss Classification: 0.037389 Loss T 0.153445 Method MME

S Art T Real Train Ep: 1300 lr0.00912412375903735 	 Loss Classification: 0.091265 Loss T 0.111616 Method MME

S Art T Real Train Ep: 1400 lr0.009064030568061049 	 Loss Classification: 0.059061 Loss T 0.113237 Method MME

S Art T Real Train Ep: 1500 lr0.009004852837753237 	 Loss Classification: 0.054426 Loss T 0.116762 Method MME

32
32
32
32
32
32
32
tensor(585.)

Labeled Target set: Average loss: 2.5068, Accuracy: 258/585 F1 (44.1026%)


Test set: Average loss: 2.2153, Accuracy: 2184/4160 F1 (52.5000%)


Val set: Average loss: 2.0545, Accuracy: 102/192 F1 (53.1250%)

Patience getting saturated, current counter is:  0
best acc test 52.043269  acc val 53.125000 acc labeled target 44.102564
saving model...
S Art T Real Train Ep: 1600 lr0.008946568841842816 	 Loss Classification: 0.036428 Loss T 0.127001 Method MME

S Art T Real Train Ep: 1700 lr0.008889157551163433 	 Loss Classification: 0.088533 Loss T 0.110776 Method MME

S Art T Real Train Ep: 1800 lr0.008832598605562044 	 Loss Classification: 0.067456 Loss T 0.133948 Method MME

S Art T Real Train Ep: 1900 lr0.008776872287166303 	 Loss Classification: 0.082453 Loss T 0.125010 Method MME

Per Class Accuracy Calculated According to the Labelled Target examples is:  [0.33333334 0.6666667  0.8888889  0.6666667  1.         0.6666667
 0.         0.8888889  0.5555556  0.33333334 0.6666667  0.5555556
 0.22222222 0.11111111 0.33333334 0.22222222 0.         0.11111111
 1.         0.33333334 0.         0.5555556  1.         0.44444445
 0.22222222 0.8888889  0.5555556  0.8888889  1.         1.
 0.33333334 0.44444445 0.5555556  0.22222222 0.8888889  0.
 0.6666667  0.8888889  0.11111111 0.33333334 0.33333334 0.22222222
 0.33333334 0.         0.         0.7777778  0.6666667  0.5555556
 0.5555556  0.44444445 0.5555556  0.11111111 0.44444445 0.5555556
 0.6666667  0.7777778  0.         0.         0.         0.
 0.33333334 0.         0.33333334 0.         0.44444445]
Top k classes which perform poorly are:  [16, 35, 43, 44, 20, 56, 57, 63, 58, 61, 6, 59, 13, 17, 38, 51, 12, 15, 33, 41, 24, 30, 62, 39, 40, 9, 60, 19, 14, 42, 0, 52, 49, 64, 31, 23, 32, 53, 11, 50, 48, 47, 8, 21, 26, 54, 46, 5, 3, 36, 10, 1, 45, 55, 2, 7, 34, 25, 27, 37, 4, 28, 29, 22, 18]
S Art T Real Train Ep: 2000 lr0.008721959494934213 	 Loss Classification: 0.066607 Loss T 0.113913 Method MME

32
32
32
32
32
32
32
tensor(585.)

Labeled Target set: Average loss: 2.4641, Accuracy: 262/585 F1 (44.7863%)


Test set: Average loss: 2.4208, Accuracy: 2205/4160 F1 (53.0048%)


Val set: Average loss: 2.0687, Accuracy: 110/192 F1 (57.2917%)

Patience Reset, Counter is: 1
best acc test 53.004808  acc val 57.291667 acc labeled target 44.786325
saving model...
S Art T Real Train Ep: 2100 lr0.008667841720414475 	 Loss Classification: 0.038664 Loss T 0.092141 Method MME

S Art T Real Train Ep: 2200 lr0.008614501024650454 	 Loss Classification: 0.062061 Loss T 0.117514 Method MME

S Art T Real Train Ep: 2300 lr0.008561920016164943 	 Loss Classification: 0.050901 Loss T 0.116914 Method MME

S Art T Real Train Ep: 2400 lr0.008510081829966844 	 Loss Classification: 0.041861 Loss T 0.095346 Method MME

S Art T Real Train Ep: 2500 lr0.008458970107524513 	 Loss Classification: 0.039804 Loss T 0.100095 Method MME

32
32
32
32
32
32
32
tensor(585.)

Labeled Target set: Average loss: 2.6951, Accuracy: 257/585 F1 (43.9316%)


Test set: Average loss: 2.6529, Accuracy: 2229/4160 F1 (53.5817%)


Val set: Average loss: 2.2325, Accuracy: 106/192 F1 (55.2083%)

Patience getting saturated, current counter is:  0
best acc test 53.004808  acc val 55.208333 acc labeled target 43.931624
saving model...
S Art T Real Train Ep: 2600 lr0.008408568977653933 	 Loss Classification: 0.037748 Loss T 0.092083 Method MME

S Art T Real Train Ep: 2700 lr0.00835886303827305 	 Loss Classification: 0.045091 Loss T 0.075611 Method MME

S Art T Real Train Ep: 2800 lr0.008309837338976545 	 Loss Classification: 0.035418 Loss T 0.090499 Method MME

S Art T Real Train Ep: 2900 lr0.008261477364388068 	 Loss Classification: 0.051925 Loss T 0.094436 Method MME

Per Class Accuracy Calculated According to the Labelled Target examples is:  [0.44444445 0.8888889  1.         0.6666667  1.         0.6666667
 0.         0.7777778  0.5555556  0.22222222 0.6666667  0.5555556
 0.22222222 0.         0.11111111 0.         0.         0.
 0.8888889  0.33333334 0.11111111 0.6666667  1.         0.44444445
 0.22222222 0.6666667  0.5555556  1.         0.5555556  1.
 0.44444445 0.5555556  0.6666667  0.22222222 0.8888889  0.
 0.6666667  0.8888889  0.11111111 0.44444445 0.22222222 0.5555556
 0.5555556  0.         0.11111111 0.7777778  0.7777778  0.6666667
 0.5555556  0.44444445 0.33333334 0.33333334 0.5555556  0.22222222
 0.5555556  0.5555556  0.         0.22222222 0.         0.
 0.33333334 0.         0.33333334 0.         0.33333334]
Top k classes which perform poorly are:  [15, 35, 43, 17, 16, 13, 56, 63, 6, 58, 59, 61, 14, 38, 20, 44, 9, 53, 12, 33, 40, 57, 24, 62, 19, 50, 60, 51, 64, 39, 49, 0, 30, 23, 8, 55, 54, 52, 11, 31, 42, 48, 26, 28, 41, 25, 3, 5, 36, 10, 47, 21, 32, 46, 7, 45, 18, 37, 34, 1, 27, 29, 4, 22, 2]
S Art T Real Train Ep: 3000 lr0.008213769018249545 	 Loss Classification: 0.069615 Loss T 0.073651 Method MME

32
32
32
32
32
32
32
tensor(585.)

Labeled Target set: Average loss: 2.3901, Accuracy: 265/585 F1 (45.2991%)


Test set: Average loss: 2.9231, Accuracy: 2232/4160 F1 (53.6538%)


Val set: Average loss: 2.3921, Accuracy: 105/192 F1 (54.6875%)

Patience getting saturated, current counter is:  1
best acc test 53.004808  acc val 54.687500 acc labeled target 45.299145
saving model...
S Art T Real Train Ep: 3100 lr0.008166698608209509 	 Loss Classification: 0.086696 Loss T 0.077909 Method MME

S Art T Real Train Ep: 3200 lr0.008120252831274708 	 Loss Classification: 0.033410 Loss T 0.078712 Method MME

S Art T Real Train Ep: 3300 lr0.008074418759891278 	 Loss Classification: 0.042183 Loss T 0.085436 Method MME

