Dataset office_home Source Art Target Real Labeled num perclass 3 Network alexnet
65 classes in this dataset
Labelled Source Examples:  2427
Unlabelled Target Dataset Size:  4162
Labelled Target Dataset Size:  195
Misc. Labelled Target Dataset Size:  195
Bank keys - Target:  dict_keys(['feat_vec', 'labels', 'names', 'domain_identifier']) Source:  dict_keys(['feat_vec', 'labels', 'names', 'domain_identifier'])
Num  - Target:  4162 Source:  2427
Unlabeled Target Data Batches: 65
S Art T Real Train Ep: 0 lr0.01 	 Loss Classification: 4.197933 Loss T 0.415858 Method MME

32
32
32
32
32
32
32
tensor(585.)

Labeled Target set: Average loss: 4.1759, Accuracy: 17/585 F1 (2.9060%)


Test set: Average loss: 4.1731, Accuracy: 105/4160 F1 (2.5240%)


Val set: Average loss: 4.1606, Accuracy: 9/192 F1 (4.6875%)

Patience Reset, Counter is: 0
best acc test 2.524038  acc val 4.687500 acc labeled target 2.905983
saving model...
S Art T Real Train Ep: 100 lr0.009925650290240803 	 Loss Classification: 1.815933 Loss T 0.220181 Method MME

S Art T Real Train Ep: 200 lr0.009852577760521605 	 Loss Classification: 1.444953 Loss T 0.165160 Method MME

S Art T Real Train Ep: 300 lr0.009780748269686728 	 Loss Classification: 0.795469 Loss T 0.130745 Method MME

S Art T Real Train Ep: 400 lr0.009710128909124701 	 Loss Classification: 0.526779 Loss T 0.108081 Method MME

S Art T Real Train Ep: 500 lr0.00964068794694323 	 Loss Classification: 0.481616 Loss T 0.112978 Method MME

32
32
32
32
32
32
32
tensor(585.)

Labeled Target set: Average loss: 2.5754, Accuracy: 230/585 F1 (39.3162%)


Test set: Average loss: 2.3076, Accuracy: 2013/4160 F1 (48.3894%)


Val set: Average loss: 2.2422, Accuracy: 97/192 F1 (50.5208%)

Patience Reset, Counter is: 0
best acc test 48.389423  acc val 50.520833 acc labeled target 39.316239
saving model...
S Art T Real Train Ep: 600 lr0.00957239477517603 	 Loss Classification: 0.311227 Loss T 0.083717 Method MME

S Art T Real Train Ep: 700 lr0.009505219859830012 	 Loss Classification: 0.154295 Loss T 0.087761 Method MME

S Art T Real Train Ep: 800 lr0.009439134693595126 	 Loss Classification: 0.219768 Loss T 0.076742 Method MME

S Art T Real Train Ep: 900 lr0.009374111751051751 	 Loss Classification: 0.084185 Loss T 0.081471 Method MME

S Art T Real Train Ep: 1000 lr0.009310124446222227 	 Loss Classification: 0.111363 Loss T 0.083929 Method MME

32
32
32
32
32
32
32
tensor(585.)

Labeled Target set: Average loss: 3.1506, Accuracy: 258/585 F1 (44.1026%)


Test set: Average loss: 2.8103, Accuracy: 2046/4160 F1 (49.1827%)


Val set: Average loss: 2.7568, Accuracy: 94/192 F1 (48.9583%)

Patience getting saturated, current counter is:  0
best acc test 48.389423  acc val 48.958333 acc labeled target 44.102564
saving model...
S Art T Real Train Ep: 1100 lr0.00924714709232377 	 Loss Classification: 0.050600 Loss T 0.065349 Method MME

S Art T Real Train Ep: 1200 lr0.009185154863590003 	 Loss Classification: 0.045407 Loss T 0.057841 Method MME

S Art T Real Train Ep: 1300 lr0.00912412375903735 	 Loss Classification: 0.147379 Loss T 0.038870 Method MME

S Art T Real Train Ep: 1400 lr0.009064030568061049 	 Loss Classification: 0.124930 Loss T 0.053725 Method MME

S Art T Real Train Ep: 1500 lr0.009004852837753237 	 Loss Classification: 0.049372 Loss T 0.047014 Method MME

32
32
32
32
32
32
32
tensor(585.)

Labeled Target set: Average loss: 2.7300, Accuracy: 243/585 F1 (41.5385%)


Test set: Average loss: 3.0984, Accuracy: 2054/4160 F1 (49.3750%)


Val set: Average loss: 3.0519, Accuracy: 94/192 F1 (48.9583%)

Patience getting saturated, current counter is:  1
best acc test 48.389423  acc val 48.958333 acc labeled target 41.538462
saving model...
S Art T Real Train Ep: 1600 lr0.008946568841842816 	 Loss Classification: 0.102050 Loss T 0.054186 Method MME

S Art T Real Train Ep: 1700 lr0.008889157551163433 	 Loss Classification: 0.086467 Loss T 0.055733 Method MME

S Art T Real Train Ep: 1800 lr0.008832598605562044 	 Loss Classification: 0.064216 Loss T 0.045053 Method MME

S Art T Real Train Ep: 1900 lr0.008776872287166303 	 Loss Classification: 0.072012 Loss T 0.050506 Method MME

Per Class Accuracy Calculated According to the Labelled Target examples is:  [0.5555556  0.         1.         0.7777778  1.         0.8888889
 0.33333334 0.6666667  1.         0.33333334 0.6666667  0.5555556
 0.         0.         0.6666667  0.         0.         0.
 1.         0.33333334 0.11111111 0.5555556  1.         0.22222222
 0.         0.8888889  0.22222222 0.7777778  0.8888889  0.7777778
 0.7777778  0.44444445 0.8888889  0.         0.8888889  0.
 0.6666667  1.         0.         0.11111111 0.44444445 0.22222222
 0.44444445 0.         0.         0.33333334 0.5555556  0.7777778
 0.7777778  0.11111111 0.22222222 0.22222222 0.33333334 0.44444445
 0.7777778  0.22222222 0.         0.         0.         0.
 0.33333334 0.         0.         0.         0.7777778 ]
Top k classes which perform poorly are:  [57, 17, 16, 15, 24, 13, 12, 43, 44, 56, 58, 63, 33, 59, 35, 61, 62, 1, 38, 39, 49, 20, 41, 50, 51, 26, 23, 55, 9, 45, 6, 19, 60, 52, 53, 42, 40, 31, 0, 46, 21, 11, 14, 10, 7, 36, 54, 48, 64, 30, 29, 27, 3, 47, 34, 28, 25, 5, 32, 37, 22, 18, 8, 4, 2]
S Art T Real Train Ep: 2000 lr0.008721959494934213 	 Loss Classification: 0.091620 Loss T 0.043256 Method MME

32
32
32
32
32
32
32
tensor(585.)

Labeled Target set: Average loss: 3.0817, Accuracy: 242/585 F1 (41.3675%)


Test set: Average loss: 3.4080, Accuracy: 2060/4160 F1 (49.5192%)


Val set: Average loss: 3.3279, Accuracy: 93/192 F1 (48.4375%)

Patience getting saturated, current counter is:  2
best acc test 48.389423  acc val 48.437500 acc labeled target 41.367521
saving model...
S Art T Real Train Ep: 2100 lr0.008667841720414475 	 Loss Classification: 0.051136 Loss T 0.040125 Method MME

S Art T Real Train Ep: 2200 lr0.008614501024650454 	 Loss Classification: 0.085316 Loss T 0.030299 Method MME

S Art T Real Train Ep: 2300 lr0.008561920016164943 	 Loss Classification: 0.087215 Loss T 0.032712 Method MME

S Art T Real Train Ep: 2400 lr0.008510081829966844 	 Loss Classification: 0.088576 Loss T 0.040435 Method MME

S Art T Real Train Ep: 2500 lr0.008458970107524513 	 Loss Classification: 0.044476 Loss T 0.029297 Method MME

32
32
32
32
32
32
32
tensor(585.)

Labeled Target set: Average loss: 2.7808, Accuracy: 264/585 F1 (45.1282%)


Test set: Average loss: 3.4949, Accuracy: 2063/4160 F1 (49.5913%)


Val set: Average loss: 3.3805, Accuracy: 93/192 F1 (48.4375%)

Patience getting saturated, current counter is:  3
best acc test 48.389423  acc val 48.437500 acc labeled target 45.128205
saving model...
S Art T Real Train Ep: 2600 lr0.008408568977653933 	 Loss Classification: 0.087256 Loss T 0.063153 Method MME

S Art T Real Train Ep: 2700 lr0.00835886303827305 	 Loss Classification: 0.060395 Loss T 0.033917 Method MME

S Art T Real Train Ep: 2800 lr0.008309837338976545 	 Loss Classification: 0.034672 Loss T 0.034705 Method MME

S Art T Real Train Ep: 2900 lr0.008261477364388068 	 Loss Classification: 0.019338 Loss T 0.034397 Method MME

Per Class Accuracy Calculated According to the Labelled Target examples is:  [0.5555556  0.         1.         0.6666667  1.         1.
 0.44444445 0.6666667  1.         0.33333334 0.7777778  0.5555556
 0.         0.         0.44444445 0.         0.         0.
 1.         0.33333334 0.33333334 0.5555556  1.         0.33333334
 0.         0.8888889  0.33333334 0.8888889  0.8888889  0.33333334
 1.         0.5555556  0.8888889  0.         1.         0.22222222
 0.8888889  1.         0.33333334 0.11111111 0.44444445 0.44444445
 0.22222222 0.         0.         0.8888889  0.5555556  0.8888889
 1.         0.33333334 0.         0.33333334 0.33333334 0.33333334
 0.6666667  0.33333334 0.         0.         0.         0.
 0.33333334 0.         0.         0.         0.8888889 ]
Top k classes which perform poorly are:  [58, 33, 63, 56, 24, 57, 17, 16, 15, 13, 12, 50, 61, 1, 59, 43, 62, 44, 39, 35, 42, 29, 9, 52, 38, 53, 20, 51, 23, 26, 19, 49, 60, 55, 41, 6, 14, 40, 0, 21, 11, 31, 46, 54, 7, 3, 10, 32, 25, 47, 27, 28, 64, 36, 45, 30, 37, 22, 18, 8, 5, 4, 2, 34, 48]
S Art T Real Train Ep: 3000 lr0.008213769018249545 	 Loss Classification: 0.033485 Loss T 0.036127 Method MME

32
32
32
32
32
32
32
tensor(585.)

Labeled Target set: Average loss: 0.1073, Accuracy: 567/585 F1 (96.9231%)


Test set: Average loss: 2.9313, Accuracy: 2271/4160 F1 (54.5913%)


Val set: Average loss: 2.7242, Accuracy: 100/192 F1 (52.0833%)

Patience Reset, Counter is: 4
best acc test 54.591346  acc val 52.083333 acc labeled target 96.923077
saving model...
S Art T Real Train Ep: 3100 lr0.008166698608209509 	 Loss Classification: 0.093801 Loss T 0.039528 Method MME

S Art T Real Train Ep: 3200 lr0.008120252831274708 	 Loss Classification: 0.054107 Loss T 0.038405 Method MME

S Art T Real Train Ep: 3300 lr0.008074418759891278 	 Loss Classification: 0.025372 Loss T 0.041604 Method MME

S Art T Real Train Ep: 3400 lr0.008029183828623731 	 Loss Classification: 0.098301 Loss T 0.024985 Method MME

S Art T Real Train Ep: 3500 lr0.007984535821401871 	 Loss Classification: 0.049315 Loss T 0.019630 Method MME

32
32
32
32
32
32
32
tensor(585.)

Labeled Target set: Average loss: 0.0741, Accuracy: 571/585 F1 (97.6068%)


Test set: Average loss: 3.2368, Accuracy: 2305/4160 F1 (55.4087%)


Val set: Average loss: 2.9968, Accuracy: 102/192 F1 (53.1250%)

Patience Reset, Counter is: 0
best acc test 55.408654  acc val 53.125000 acc labeled target 97.606838
saving model...
S Art T Real Train Ep: 3600 lr0.007940462859307384 	 Loss Classification: 0.048027 Loss T 0.015611 Method MME

S Art T Real Train Ep: 3700 lr0.007896953388873518 	 Loss Classification: 0.121444 Loss T 0.028630 Method MME

S Art T Real Train Ep: 3800 lr0.007853996170872714 	 Loss Classification: 0.035523 Loss T 0.016716 Method MME

S Art T Real Train Ep: 3900 lr0.00781158026956848 	 Loss Classification: 0.032618 Loss T 0.025106 Method MME

Per Class Accuracy Calculated According to the Labelled Target examples is:  [1.        1.        1.        1.        1.        1.        1.
 1.        1.        1.        1.        1.        1.        1.
 1.        1.        1.        1.        1.        1.        1.
 1.        1.        1.        0.8888889 1.        1.        1.
 1.        1.        0.8888889 1.        1.        1.        1.
 1.        1.        1.        0.8888889 0.8888889 0.8888889 1.
 0.8888889 1.        1.        1.        1.        0.8888889 1.
 0.8888889 0.8888889 1.        0.8888889 1.        1.        1.
 1.        1.        0.7777778 0.8888889 0.8888889 1.        1.
 1.        1.       ]
Top k classes which perform poorly are:  [58, 47, 42, 49, 50, 40, 52, 24, 39, 59, 60, 30, 38, 43, 37, 36, 35, 41, 44, 0, 46, 34, 48, 51, 53, 54, 55, 56, 57, 61, 62, 45, 33, 32, 31, 1, 2, 3, 4, 5, 6, 7, 8, 9, 10, 11, 12, 13, 63, 14, 16, 17, 18, 19, 20, 21, 22, 23, 25, 26, 27, 28, 29, 15, 64]
S Art T Real Train Ep: 4000 lr0.007769695042409123 	 Loss Classification: 0.017432 Loss T 0.019299 Method MME

32
32
32
32
32
32
32
tensor(585.)

Labeled Target set: Average loss: 0.2055, Accuracy: 565/585 F1 (96.5812%)


Test set: Average loss: 3.4398, Accuracy: 2308/4160 F1 (55.4808%)


Val set: Average loss: 3.2935, Accuracy: 99/192 F1 (51.5625%)

Patience getting saturated, current counter is:  0
best acc test 55.408654  acc val 51.562500 acc labeled target 96.581197
saving model...
S Art T Real Train Ep: 4100 lr0.007728330130142108 	 Loss Classification: 0.023767 Loss T 0.015192 Method MME

S Art T Real Train Ep: 4200 lr0.007687475447329114 	 Loss Classification: 0.019973 Loss T 0.024521 Method MME

S Art T Real Train Ep: 4300 lr0.0076471211732427845 	 Loss Classification: 0.040660 Loss T 0.017099 Method MME

S Art T Real Train Ep: 4400 lr0.007607257743127307 	 Loss Classification: 0.042076 Loss T 0.013504 Method MME

S Art T Real Train Ep: 4500 lr0.007567875839805858 	 Loss Classification: 0.065491 Loss T 0.012907 Method MME

32
32
32
32
32
32
32
tensor(585.)

Labeled Target set: Average loss: 0.0979, Accuracy: 568/585 F1 (97.0940%)


Test set: Average loss: 3.6461, Accuracy: 2294/4160 F1 (55.1442%)


Val set: Average loss: 3.5457, Accuracy: 100/192 F1 (52.0833%)

Patience getting saturated, current counter is:  1
best acc test 55.408654  acc val 52.083333 acc labeled target 97.094017
saving model...
S Art T Real Train Ep: 4600 lr0.007528966385618854 	 Loss Classification: 0.023331 Loss T 0.017500 Method MME

S Art T Real Train Ep: 4700 lr0.007490520534677821 	 Loss Classification: 0.027348 Loss T 0.013246 Method MME

S Art T Real Train Ep: 4800 lr0.007452529665420465 	 Loss Classification: 0.015077 Loss T 0.013348 Method MME

S Art T Real Train Ep: 4900 lr0.007414985373453289 	 Loss Classification: 0.152460 Loss T 0.019515 Method MME

Per Class Accuracy Calculated According to the Labelled Target examples is:  [1.        1.        1.        0.8888889 1.        1.        1.
 1.        0.8888889 0.8888889 1.        1.        1.        1.
 1.        1.        0.8888889 0.8888889 1.        1.        1.
 0.8888889 1.        0.8888889 0.8888889 1.        0.8888889 1.
 1.        1.        1.        0.8888889 1.        1.        1.
 1.        0.7777778 1.        1.        1.        1.        1.
 1.        1.        1.        1.        1.        1.        0.8888889
 1.        1.        1.        1.        1.        1.        1.
 1.        1.        0.8888889 0.8888889 0.8888889 1.        0.8888889
 1.        1.       ]
Top k classes which perform poorly are:  [36, 21, 48, 26, 17, 16, 24, 9, 31, 58, 59, 60, 3, 62, 8, 23, 40, 41, 42, 43, 44, 45, 46, 39, 0, 49, 38, 51, 52, 53, 54, 55, 56, 57, 61, 47, 50, 32, 35, 1, 2, 4, 5, 6, 7, 10, 11, 12, 13, 14, 37, 15, 19, 20, 22, 25, 27, 28, 29, 30, 63, 33, 34, 18, 64]
S Art T Real Train Ep: 5000 lr0.007377879464668811 	 Loss Classification: 0.037290 Loss T 0.016204 Method MME

32
32
32
32
32
32
32
tensor(585.)

Labeled Target set: Average loss: 0.1438, Accuracy: 564/585 F1 (96.4103%)


Test set: Average loss: 3.8311, Accuracy: 2288/4160 F1 (55.0000%)


Val set: Average loss: 3.6898, Accuracy: 100/192 F1 (52.0833%)

Patience getting saturated, current counter is:  2
best acc test 55.408654  acc val 52.083333 acc labeled target 96.410256
saving model...
S Art T Real Train Ep: 5100 lr0.007341203948625087 	 Loss Classification: 0.025892 Loss T 0.015057 Method MME

S Art T Real Train Ep: 5200 lr0.007304951032175895 	 Loss Classification: 0.051768 Loss T 0.009758 Method MME

S Art T Real Train Ep: 5300 lr0.007269113113340497 	 Loss Classification: 0.045370 Loss T 0.015215 Method MME

S Art T Real Train Ep: 5400 lr0.007233682775402483 	 Loss Classification: 0.020121 Loss T 0.011128 Method MME

S Art T Real Train Ep: 5500 lr0.007198652781227704 	 Loss Classification: 0.027909 Loss T 0.014853 Method MME

32
32
32
32
32
32
32
tensor(585.)

Labeled Target set: Average loss: 0.0785, Accuracy: 571/585 F1 (97.6068%)


Test set: Average loss: 3.9488, Accuracy: 2292/4160 F1 (55.0962%)


Val set: Average loss: 3.6601, Accuracy: 102/192 F1 (53.1250%)

Patience Reset, Counter is: 3
best acc test 55.096154  acc val 53.125000 acc labeled target 97.606838
saving model...
S Art T Real Train Ep: 5600 lr0.007164016067791809 	 Loss Classification: 0.017296 Loss T 0.009846 Method MME

S Art T Real Train Ep: 5700 lr0.0071297657409083726 	 Loss Classification: 0.016075 Loss T 0.007831 Method MME

S Art T Real Train Ep: 5800 lr0.0070958950701490225 	 Loss Classification: 0.018476 Loss T 0.013337 Method MME

S Art T Real Train Ep: 5900 lr0.007062397483947426 	 Loss Classification: 0.010182 Loss T 0.009666 Method MME

Per Class Accuracy Calculated According to the Labelled Target examples is:  [1.        0.8888889 1.        1.        1.        1.        1.
 1.        0.8888889 1.        1.        1.        1.        1.
 1.        0.8888889 1.        1.        1.        1.        0.8888889
 1.        1.        1.        1.        1.        1.        1.
 1.        1.        1.        1.        1.        0.8888889 1.
 1.        1.        1.        0.8888889 1.        1.        0.8888889
 1.        0.8888889 0.8888889 1.        1.        1.        1.
 1.        1.        1.        0.8888889 1.        1.        0.8888889
 0.7777778 1.        0.8888889 1.        1.        1.        1.
 1.        1.       ]
Top k classes which perform poorly are:  [56, 44, 15, 43, 52, 41, 55, 8, 33, 58, 38, 1, 20, 46, 39, 42, 37, 36, 45, 40, 0, 48, 49, 35, 51, 53, 54, 57, 59, 60, 61, 62, 47, 50, 32, 63, 2, 3, 4, 5, 6, 7, 9, 10, 11, 12, 13, 14, 16, 17, 18, 19, 21, 22, 23, 24, 25, 26, 27, 28, 29, 30, 31, 34, 64]
S Art T Real Train Ep: 6000 lr0.007029266564879363 	 Loss Classification: 0.034989 Loss T 0.012780 Method MME

32
32
32
32
32
32
32
tensor(585.)

Labeled Target set: Average loss: 0.1244, Accuracy: 563/585 F1 (96.2393%)


Test set: Average loss: 4.0943, Accuracy: 2290/4160 F1 (55.0481%)


Val set: Average loss: 4.0588, Accuracy: 99/192 F1 (51.5625%)

Patience getting saturated, current counter is:  0
best acc test 55.096154  acc val 51.562500 acc labeled target 96.239316
saving model...
S Art T Real Train Ep: 6100 lr0.006996496045111504 	 Loss Classification: 0.012899 Loss T 0.010611 Method MME

S Art T Real Train Ep: 6200 lr0.00696407980201184 	 Loss Classification: 0.026528 Loss T 0.011784 Method MME

S Art T Real Train Ep: 6300 lr0.006932011853915101 	 Loss Classification: 0.034412 Loss T 0.008687 Method MME

S Art T Real Train Ep: 6400 lr0.006900286356036734 	 Loss Classification: 0.020763 Loss T 0.011632 Method MME

S Art T Real Train Ep: 6500 lr0.006868897596529406 	 Loss Classification: 0.013074 Loss T 0.007953 Method MME

32
32
32
32
32
32
32
tensor(585.)

Labeled Target set: Average loss: 0.0890, Accuracy: 569/585 F1 (97.2650%)


Test set: Average loss: 4.1366, Accuracy: 2285/4160 F1 (54.9279%)


Val set: Average loss: 3.9426, Accuracy: 102/192 F1 (53.1250%)

Patience Reset, Counter is: 1
best acc test 54.927885  acc val 53.125000 acc labeled target 97.264957
saving model...
S Art T Real Train Ep: 6600 lr0.006837839992676177 	 Loss Classification: 0.023526 Loss T 0.011962 Method MME

S Art T Real Train Ep: 6700 lr0.006807108087214876 	 Loss Classification: 0.010349 Loss T 0.009295 Method MME

S Art T Real Train Ep: 6800 lr0.006776696544788352 	 Loss Classification: 0.008216 Loss T 0.014818 Method MME

S Art T Real Train Ep: 6900 lr0.006746600148515609 	 Loss Classification: 0.014219 Loss T 0.007520 Method MME

Per Class Accuracy Calculated According to the Labelled Target examples is:  [1.        1.        1.        1.        1.        1.        0.8888889
 1.        1.        1.        0.8888889 1.        1.        0.8888889
 0.8888889 1.        1.        0.8888889 1.        1.        1.
 1.        1.        0.7777778 1.        1.        1.        1.
 1.        1.        1.        0.8888889 1.        1.        1.
 0.7777778 1.        1.        1.        1.        0.8888889 1.
 1.        1.        1.        1.        1.        1.        1.
 1.        1.        1.        1.        1.        1.        0.8888889
 0.7777778 0.8888889 1.        1.        1.        1.        0.8888889
 1.        1.       ]
Top k classes which perform poorly are:  [35, 23, 56, 31, 40, 14, 13, 10, 55, 17, 6, 62, 57, 37, 38, 39, 61, 41, 42, 43, 44, 45, 60, 46, 48, 49, 50, 36, 51, 52, 59, 58, 53, 54, 47, 0, 32, 33, 1, 2, 3, 4, 5, 7, 8, 9, 11, 12, 15, 16, 18, 19, 20, 21, 22, 24, 25, 26, 27, 28, 29, 30, 63, 34, 64]
S Art T Real Train Ep: 7000 lr0.006716813796678979 	 Loss Classification: 0.012210 Loss T 0.009338 Method MME

32
32
32
32
32
32
32
tensor(585.)

Labeled Target set: Average loss: 0.1234, Accuracy: 566/585 F1 (96.7521%)


Test set: Average loss: 4.3675, Accuracy: 2282/4160 F1 (54.8558%)


Val set: Average loss: 4.3393, Accuracy: 100/192 F1 (52.0833%)

Patience getting saturated, current counter is:  0
best acc test 54.927885  acc val 52.083333 acc labeled target 96.752137
saving model...
S Art T Real Train Ep: 7100 lr0.006687332499522798 	 Loss Classification: 0.043924 Loss T 0.008387 Method MME

S Art T Real Train Ep: 7200 lr0.006658151376159165 	 Loss Classification: 0.014093 Loss T 0.010899 Method MME

S Art T Real Train Ep: 7300 lr0.00662926565157663 	 Loss Classification: 0.021375 Loss T 0.005578 Method MME

S Art T Real Train Ep: 7400 lr0.006600670653747793 	 Loss Classification: 0.104060 Loss T 0.007479 Method MME

S Art T Real Train Ep: 7500 lr0.0065723618108320175 	 Loss Classification: 0.009056 Loss T 0.006036 Method MME

32
32
32
32
32
32
32
tensor(585.)

Labeled Target set: Average loss: 0.1300, Accuracy: 563/585 F1 (96.2393%)


Test set: Average loss: 4.3928, Accuracy: 2289/4160 F1 (55.0240%)


Val set: Average loss: 4.2259, Accuracy: 100/192 F1 (52.0833%)

Patience getting saturated, current counter is:  1
best acc test 54.927885  acc val 52.083333 acc labeled target 96.239316
saving model...
S Art T Real Train Ep: 7600 lr0.006544334648469591 	 Loss Classification: 0.017252 Loss T 0.004265 Method MME

S Art T Real Train Ep: 7700 lr0.006516584787163857 	 Loss Classification: 0.069460 Loss T 0.007380 Method MME

S Art T Real Train Ep: 7800 lr0.006489107939747966 	 Loss Classification: 0.003927 Loss T 0.006555 Method MME

S Art T Real Train Ep: 7900 lr0.0064618999089330565 	 Loss Classification: 0.010127 Loss T 0.005440 Method MME

Per Class Accuracy Calculated According to the Labelled Target examples is:  [0.7777778 1.        0.8888889 1.        1.        1.        1.
 1.        1.        0.8888889 1.        1.        1.        1.
 1.        0.8888889 1.        0.8888889 1.        1.        0.8888889
 1.        1.        1.        1.        0.8888889 1.        1.
 1.        1.        1.        1.        1.        0.8888889 1.
 0.8888889 1.        1.        1.        0.8888889 1.        0.8888889
 1.        0.8888889 0.8888889 0.8888889 0.8888889 0.8888889 1.
 1.        1.        0.8888889 1.        1.        1.        1.
 0.8888889 1.        1.        0.8888889 1.        1.        0.8888889
 1.        0.8888889]
Top k classes which perform poorly are:  [0, 25, 33, 35, 39, 41, 43, 20, 44, 46, 47, 51, 56, 59, 62, 45, 17, 64, 15, 2, 9, 18, 8, 7, 6, 5, 48, 49, 50, 4, 53, 54, 55, 3, 57, 58, 60, 61, 1, 52, 42, 10, 40, 19, 21, 22, 23, 24, 14, 26, 27, 28, 16, 29, 31, 63, 13, 34, 12, 36, 37, 38, 11, 30, 32]
S Art T Real Train Ep: 8000 lr0.006434956584934828 	 Loss Classification: 0.005594 Loss T 0.009528 Method MME

32
32
32
32
32
32
32
tensor(585.)

Labeled Target set: Average loss: 0.0977, Accuracy: 570/585 F1 (97.4359%)


Test set: Average loss: 4.4498, Accuracy: 2291/4160 F1 (55.0721%)


Val set: Average loss: 4.3767, Accuracy: 100/192 F1 (52.0833%)

Patience getting saturated, current counter is:  2
best acc test 54.927885  acc val 52.083333 acc labeled target 97.435897
saving model...
S Art T Real Train Ep: 8100 lr0.006408273943175546 	 Loss Classification: 0.062031 Loss T 0.006876 Method MME

S Art T Real Train Ep: 8200 lr0.006381848042058713 	 Loss Classification: 0.023529 Loss T 0.005224 Method MME

S Art T Real Train Ep: 8300 lr0.0063556750208137005 	 Loss Classification: 0.008646 Loss T 0.009358 Method MME

S Art T Real Train Ep: 8400 lr0.006329751097407787 	 Loss Classification: 0.031174 Loss T 0.004492 Method MME

S Art T Real Train Ep: 8500 lr0.0063040725665231365 	 Loss Classification: 0.013658 Loss T 0.006171 Method MME

32
32
32
32
32
32
32
tensor(585.)

Labeled Target set: Average loss: 0.0889, Accuracy: 570/585 F1 (97.4359%)


Test set: Average loss: 4.4903, Accuracy: 2292/4160 F1 (55.0962%)


Val set: Average loss: 4.5727, Accuracy: 98/192 F1 (51.0417%)

Patience getting saturated, current counter is:  3
best acc test 54.927885  acc val 51.041667 acc labeled target 97.435897
saving model...
S Art T Real Train Ep: 8600 lr0.006278635797596355 	 Loss Classification: 0.006182 Loss T 0.005191 Method MME

S Art T Real Train Ep: 8700 lr0.006253437232918371 	 Loss Classification: 0.023131 Loss T 0.003726 Method MME

S Art T Real Train Ep: 8800 lr0.0062284733857924735 	 Loss Classification: 0.016050 Loss T 0.005562 Method MME

S Art T Real Train Ep: 8900 lr0.006203740838748417 	 Loss Classification: 0.007713 Loss T 0.003777 Method MME

Per Class Accuracy Calculated According to the Labelled Target examples is:  [1.        1.        1.        1.        1.        1.        1.
 1.        1.        1.        1.        1.        1.        0.8888889
 1.        0.7777778 1.        0.8888889 1.        1.        1.
 1.        1.        1.        1.        1.        0.8888889 1.
 1.        0.8888889 1.        1.        1.        0.8888889 1.
 1.        0.8888889 1.        1.        1.        1.        1.
 1.        1.        1.        1.        1.        1.        1.
 1.        1.        1.        1.        1.        1.        0.8888889
 0.8888889 0.8888889 1.        0.8888889 0.7777778 1.        1.
 1.        0.8888889]
Top k classes which perform poorly are:  [60, 15, 64, 36, 29, 26, 33, 13, 17, 56, 57, 59, 55, 54, 62, 37, 38, 61, 39, 40, 41, 42, 43, 45, 46, 47, 48, 58, 49, 50, 51, 52, 53, 44, 35, 0, 63, 1, 2, 3, 4, 5, 6, 7, 8, 9, 10, 11, 12, 34, 14, 18, 19, 20, 21, 22, 23, 24, 25, 27, 28, 30, 31, 16, 32]
S Art T Real Train Ep: 9000 lr0.006179236241810624 	 Loss Classification: 0.032062 Loss T 0.003585 Method MME

32
32
32
32
32
32
32
tensor(585.)

Labeled Target set: Average loss: 0.1028, Accuracy: 567/585 F1 (96.9231%)


Test set: Average loss: 4.6827, Accuracy: 2286/4160 F1 (54.9519%)


Val set: Average loss: 4.7959, Accuracy: 98/192 F1 (51.0417%)

Patience getting saturated, current counter is:  4
best acc test 54.927885  acc val 51.041667 acc labeled target 96.923077
saving model...
S Art T Real Train Ep: 9100 lr0.006154956310818535 	 Loss Classification: 0.007193 Loss T 0.005393 Method MME

S Art T Real Train Ep: 9200 lr0.0061308978257973165 	 Loss Classification: 0.028541 Loss T 0.004060 Method MME

S Art T Real Train Ep: 9300 lr0.0061070576293771285 	 Loss Classification: 0.029228 Loss T 0.004994 Method MME

S Art T Real Train Ep: 9400 lr0.006083432625259276 	 Loss Classification: 0.004659 Loss T 0.006871 Method MME

S Art T Real Train Ep: 9500 lr0.006060019776727621 	 Loss Classification: 0.011542 Loss T 0.002227 Method MME

32
32
32
32
32
32
32
tensor(585.)

Labeled Target set: Average loss: 0.1337, Accuracy: 562/585 F1 (96.0684%)


Test set: Average loss: 4.7204, Accuracy: 2287/4160 F1 (54.9760%)


Val set: Average loss: 4.5625, Accuracy: 99/192 F1 (51.5625%)

Patience getting saturated, current counter is:  5
best acc test 54.927885  acc val 51.562500 acc labeled target 96.068376
saving model...
S Art T Real Train Ep: 9600 lr0.00603681610520369 	 Loss Classification: 0.019231 Loss T 0.002990 Method MME

S Art T Real Train Ep: 9700 lr0.0060138186888439825 	 Loss Classification: 0.067151 Loss T 0.004203 Method MME

S Art T Real Train Ep: 9800 lr0.005991024661178045 	 Loss Classification: 0.014753 Loss T 0.004819 Method MME

S Art T Real Train Ep: 9900 lr0.0059684312097859115 	 Loss Classification: 0.007245 Loss T 0.005475 Method MME

Per Class Accuracy Calculated According to the Labelled Target examples is:  [1.        1.        1.        1.        1.        1.        0.8888889
 1.        1.        1.        1.        1.        1.        0.7777778
 1.        0.8888889 0.7777778 0.8888889 1.        1.        1.
 1.        1.        1.        0.7777778 1.        1.        1.
 1.        1.        1.        1.        1.        0.8888889 1.
 1.        1.        0.8888889 0.8888889 1.        1.        1.
 1.        0.7777778 1.        1.        1.        1.        1.
 1.        0.8888889 1.        1.        1.        1.        0.8888889
 0.8888889 0.8888889 0.8888889 1.        1.        0.8888889 0.7777778
 0.8888889 1.       ]
Top k classes which perform poorly are:  [24, 62, 43, 16, 13, 50, 37, 15, 38, 17, 56, 57, 6, 58, 63, 33, 61, 55, 44, 40, 41, 42, 39, 0, 46, 47, 48, 49, 51, 52, 53, 54, 59, 60, 45, 36, 32, 34, 1, 2, 3, 4, 5, 7, 8, 9, 10, 11, 12, 14, 18, 19, 20, 21, 22, 23, 25, 26, 27, 28, 29, 30, 31, 35, 64]
S Art T Real Train Ep: 10000 lr0.005946035575013605 	 Loss Classification: 0.007286 Loss T 0.003960 Method MME

32
32
32
32
32
32
32
tensor(585.)

Labeled Target set: Average loss: 0.0973, Accuracy: 573/585 F1 (97.9487%)


Test set: Average loss: 4.7385, Accuracy: 2286/4160 F1 (54.9519%)


Val set: Average loss: 4.8328, Accuracy: 98/192 F1 (51.0417%)

Patience getting saturated, current counter is:  6
best acc test 54.927885  acc val 51.041667 acc labeled target 97.948718
saving model...
S Art T Real Train Ep: 10100 lr0.005923835048725393 	 Loss Classification: 0.005094 Loss T 0.003438 Method MME

S Art T Real Train Ep: 10200 lr0.005901826973091593 	 Loss Classification: 0.009859 Loss T 0.006297 Method MME

S Art T Real Train Ep: 10300 lr0.005880008739410735 	 Loss Classification: 0.006271 Loss T 0.006068 Method MME

S Art T Real Train Ep: 10400 lr0.005858377786964935 	 Loss Classification: 0.088679 Loss T 0.002268 Method MME

S Art T Real Train Ep: 10500 lr0.005836931601907399 	 Loss Classification: 0.006122 Loss T 0.003483 Method MME

32
32
32
32
32
32
32
tensor(585.)

Labeled Target set: Average loss: 0.1112, Accuracy: 565/585 F1 (96.5812%)


Test set: Average loss: 4.7893, Accuracy: 2287/4160 F1 (54.9760%)


Val set: Average loss: 4.6958, Accuracy: 100/192 F1 (52.0833%)

Patience getting saturated, current counter is:  7
best acc test 54.927885  acc val 52.083333 acc labeled target 96.581197
saving model...
S Art T Real Train Ep: 10600 lr0.005815667716181004 	 Loss Classification: 0.009804 Loss T 0.004626 Method MME

S Art T Real Train Ep: 10700 lr0.005794583706466925 	 Loss Classification: 0.016561 Loss T 0.002286 Method MME

S Art T Real Train Ep: 10800 lr0.005773677193162352 	 Loss Classification: 0.027594 Loss T 0.002813 Method MME

S Art T Real Train Ep: 10900 lr0.005752945839386346 	 Loss Classification: 0.021780 Loss T 0.003674 Method MME

Per Class Accuracy Calculated According to the Labelled Target examples is:  [1.        1.        1.        0.8888889 1.        1.        1.
 1.        1.        1.        1.        1.        1.        1.
 1.        0.7777778 0.8888889 1.        1.        0.8888889 0.8888889
 1.        1.        1.        0.8888889 1.        1.        1.
 1.        1.        1.        1.        1.        0.8888889 1.
 0.8888889 1.        1.        1.        1.        0.8888889 1.
 0.8888889 1.        0.8888889 1.        1.        1.        1.
 1.        1.        0.8888889 1.        1.        1.        1.
 0.8888889 0.8888889 0.8888889 0.8888889 1.        0.8888889 0.8888889
 0.8888889 1.       ]
Top k classes which perform poorly are:  [15, 35, 20, 19, 42, 16, 51, 40, 44, 24, 56, 57, 58, 59, 33, 3, 61, 62, 63, 38, 41, 43, 39, 0, 46, 47, 48, 37, 50, 52, 53, 54, 55, 60, 45, 49, 32, 34, 1, 2, 4, 5, 6, 7, 8, 9, 10, 11, 12, 13, 14, 17, 18, 21, 22, 23, 25, 26, 27, 28, 29, 30, 31, 36, 64]
S Art T Real Train Ep: 11000 lr0.005732387350012933 	 Loss Classification: 0.007215 Loss T 0.005424 Method MME

32
32
32
32
32
32
32
tensor(585.)

Labeled Target set: Average loss: 0.0655, Accuracy: 574/585 F1 (98.1197%)


Test set: Average loss: 4.8414, Accuracy: 2283/4160 F1 (54.8798%)


Val set: Average loss: 4.7719, Accuracy: 100/192 F1 (52.0833%)

Patience getting saturated, current counter is:  8
best acc test 54.927885  acc val 52.083333 acc labeled target 98.119658
saving model...
S Art T Real Train Ep: 11100 lr0.005711999470730565 	 Loss Classification: 0.013971 Loss T 0.003374 Method MME

S Art T Real Train Ep: 11200 lr0.005691779987127103 	 Loss Classification: 0.006544 Loss T 0.003377 Method MME

S Art T Real Train Ep: 11300 lr0.005671726723799515 	 Loss Classification: 0.018570 Loss T 0.003293 Method MME

S Art T Real Train Ep: 11400 lr0.005651837543487509 	 Loss Classification: 0.014669 Loss T 0.003236 Method MME

S Art T Real Train Ep: 11500 lr0.005632110346230358 	 Loss Classification: 0.004388 Loss T 0.001532 Method MME

32
32
32
32
32
32
32
tensor(585.)

Labeled Target set: Average loss: 0.0819, Accuracy: 571/585 F1 (97.6068%)


Test set: Average loss: 4.9967, Accuracy: 2287/4160 F1 (54.9760%)


Val set: Average loss: 4.9090, Accuracy: 101/192 F1 (52.6042%)

Patience getting saturated, current counter is:  9
best acc test 54.927885  acc val 52.604167 acc labeled target 97.606838
saving model...
S Art T Real Train Ep: 11600 lr0.005612543068546177 	 Loss Classification: 0.013001 Loss T 0.003008 Method MME

S Art T Real Train Ep: 11700 lr0.005593133682632953 	 Loss Classification: 0.010567 Loss T 0.003891 Method MME

S Art T Real Train Ep: 11800 lr0.005573880195590681 	 Loss Classification: 0.003156 Loss T 0.003562 Method MME

S Art T Real Train Ep: 11900 lr0.0055547806486639095 	 Loss Classification: 0.064921 Loss T 0.003972 Method MME

Per Class Accuracy Calculated According to the Labelled Target examples is:  [1.        1.        1.        0.8888889 1.        1.        1.
 1.        1.        0.8888889 1.        0.8888889 1.        0.8888889
 0.8888889 1.        1.        1.        1.        1.        1.
 1.        1.        1.        1.        1.        1.        1.
 1.        1.        0.8888889 1.        1.        1.        1.
 1.        0.8888889 1.        1.        1.        0.8888889 1.
 0.8888889 0.8888889 1.        1.        1.        1.        1.
 1.        1.        1.        1.        0.8888889 1.        1.
 1.        1.        1.        1.        0.8888889 1.        0.7777778
 1.        1.       ]
Top k classes which perform poorly are:  [62, 3, 60, 36, 30, 43, 40, 9, 53, 11, 42, 13, 14, 0, 44, 41, 39, 38, 37, 45, 46, 51, 48, 49, 50, 52, 54, 55, 56, 57, 58, 59, 61, 47, 35, 32, 33, 1, 2, 4, 5, 6, 7, 8, 10, 12, 15, 16, 17, 34, 18, 20, 21, 22, 23, 24, 25, 26, 27, 28, 29, 31, 63, 19, 64]
S Art T Real Train Ep: 12000 lr0.005535833116504121 	 Loss Classification: 0.013467 Loss T 0.001992 Method MME

32
32
32
32
32
32
32
tensor(585.)

Labeled Target set: Average loss: 0.1140, Accuracy: 566/585 F1 (96.7521%)


Test set: Average loss: 4.9875, Accuracy: 2286/4160 F1 (54.9519%)


Val set: Average loss: 5.1028, Accuracy: 97/192 F1 (50.5208%)

Patience getting saturated, current counter is:  10
