Dataset multi Source painting Target real Labeled num perclass 3 Network alexnet
126 classes in this dataset
Labelled Source Examples:  31502
Unlabelled Target Dataset Size:  69980
Labelled Target Dataset Size:  378
Misc. Labelled Target Dataset Size:  378
Bank keys - Target:  dict_keys(['feat_vec', 'labels', 'names', 'domain_identifier']) Source:  dict_keys(['feat_vec', 'labels', 'names', 'domain_identifier'])
Num  - Target:  69980 Source:  31502
Unlabeled Target Data Batches: 1093
S painting T real Train Ep: 0 lr0.01 	 Loss Classification: 4.854565 Loss T 0.481848 Method MME

32
32
32
32
32
32
32
32
32
32
32
32
tensor(1134.)

Labeled Target set: Average loss: 4.8536, Accuracy: 10/1134 F1 (0.8818%)


Test set: Average loss: 4.8511, Accuracy: 547/69952 F1 (0.7820%)


Val set: Average loss: 4.8531, Accuracy: 2/352 F1 (0.5682%)

best acc test 0.781965  acc val 0.568182 acc labeled target 0.881834
saving model...
S painting T real Train Ep: 100 lr0.009925650290240803 	 Loss Classification: 3.244153 Loss T 0.381040 Method MME

S painting T real Train Ep: 200 lr0.009852577760521605 	 Loss Classification: 2.196549 Loss T 0.309384 Method MME

S painting T real Train Ep: 300 lr0.009780748269686728 	 Loss Classification: 2.682752 Loss T 0.290802 Method MME

S painting T real Train Ep: 400 lr0.009710128909124701 	 Loss Classification: 2.297412 Loss T 0.274455 Method MME

S painting T real Train Ep: 500 lr0.00964068794694323 	 Loss Classification: 2.481914 Loss T 0.242178 Method MME

32
32
32
32
32
32
32
32
32
32
32
32
tensor(1134.)

Labeled Target set: Average loss: 2.8052, Accuracy: 400/1134 F1 (35.2734%)


Test set: Average loss: 2.4409, Accuracy: 29354/69952 F1 (41.9631%)


Val set: Average loss: 2.5389, Accuracy: 133/352 F1 (37.7841%)

best acc test 41.963060  acc val 37.784091 acc labeled target 35.273369
saving model...
S painting T real Train Ep: 600 lr0.00957239477517603 	 Loss Classification: 1.801578 Loss T 0.242585 Method MME

S painting T real Train Ep: 700 lr0.009505219859830012 	 Loss Classification: 1.807433 Loss T 0.213084 Method MME

S painting T real Train Ep: 800 lr0.009439134693595126 	 Loss Classification: 2.208296 Loss T 0.223394 Method MME

S painting T real Train Ep: 900 lr0.009374111751051751 	 Loss Classification: 1.202193 Loss T 0.249576 Method MME

S painting T real Train Ep: 1000 lr0.009310124446222227 	 Loss Classification: 1.554158 Loss T 0.215523 Method MME

32
32
32
32
32
32
32
32
32
32
32
32
tensor(1134.)

Labeled Target set: Average loss: 2.5889, Accuracy: 412/1134 F1 (36.3316%)


Test set: Average loss: 2.2775, Accuracy: 31663/69952 F1 (45.2639%)


Val set: Average loss: 2.3505, Accuracy: 154/352 F1 (43.7500%)

best acc test 45.263895  acc val 43.750000 acc labeled target 36.331570
saving model...
S painting T real Train Ep: 1100 lr0.00924714709232377 	 Loss Classification: 1.188338 Loss T 0.204756 Method MME

S painting T real Train Ep: 1200 lr0.009185154863590003 	 Loss Classification: 1.287062 Loss T 0.221185 Method MME

S painting T real Train Ep: 1300 lr0.00912412375903735 	 Loss Classification: 2.144727 Loss T 0.199275 Method MME

S painting T real Train Ep: 1400 lr0.009064030568061049 	 Loss Classification: 1.443213 Loss T 0.224964 Method MME

S painting T real Train Ep: 1500 lr0.009004852837753237 	 Loss Classification: 1.865826 Loss T 0.209374 Method MME

32
32
32
32
32
32
32
32
32
32
32
32
tensor(1134.)

Labeled Target set: Average loss: 2.5827, Accuracy: 467/1134 F1 (41.1817%)


Test set: Average loss: 2.2036, Accuracy: 33465/69952 F1 (47.8399%)


Val set: Average loss: 2.2742, Accuracy: 161/352 F1 (45.7386%)

best acc test 47.839947  acc val 45.738636 acc labeled target 41.181658
saving model...
S painting T real Train Ep: 1600 lr0.008946568841842816 	 Loss Classification: 1.560603 Loss T 0.201203 Method MME

S painting T real Train Ep: 1700 lr0.008889157551163433 	 Loss Classification: 1.973404 Loss T 0.192018 Method MME

S painting T real Train Ep: 1800 lr0.008832598605562044 	 Loss Classification: 1.473498 Loss T 0.176832 Method MME

S painting T real Train Ep: 1900 lr0.008776872287166303 	 Loss Classification: 1.603366 Loss T 0.195820 Method MME

Per Class Accuracy Calculated According to the Labelled Target examples is:  [0.8888889  0.         0.6666667  0.11111111 0.5555556  0.11111111
 0.33333334 0.11111111 0.33333334 0.6666667  0.8888889  0.6666667
 0.         0.         0.44444445 0.33333334 0.         1.
 0.         0.6666667  0.         0.22222222 0.5555556  0.
 0.         0.33333334 0.6666667  0.6666667  0.44444445 0.11111111
 0.33333334 0.         0.44444445 0.22222222 0.33333334 0.8888889
 0.         0.5555556  0.44444445 0.6666667  0.6666667  0.6666667
 0.22222222 0.22222222 0.7777778  0.33333334 0.33333334 0.6666667
 0.         0.6666667  0.11111111 0.33333334 0.22222222 0.33333334
 0.         0.         0.7777778  0.5555556  0.7777778  0.44444445
 0.8888889  0.         0.7777778  0.         1.         0.33333334
 0.         0.7777778  0.6666667  0.5555556  0.44444445 0.11111111
 0.         0.33333334 0.         0.44444445 0.7777778  0.33333334
 0.         0.5555556  0.         1.         0.33333334 0.
 0.         0.7777778  0.11111111 0.33333334 0.33333334 0.33333334
 0.         0.7777778  0.8888889  0.33333334 0.5555556  1.
 0.         0.7777778  0.33333334 0.6666667  0.22222222 0.22222222
 0.33333334 0.44444445 0.         0.8888889  0.6666667  0.44444445
 0.         0.6666667  0.6666667  0.         0.7777778  0.8888889
 0.22222222 0.8888889  0.6666667  1.         0.         1.
 0.44444445 0.5555556  0.         0.         0.5555556  1.        ]
Top k classes which perform poorly are:  [20, 66, 108, 31, 24, 23, 72, 74, 61, 78, 18, 122, 16, 80, 83, 13, 12, 84, 123, 111, 90, 55, 104, 54, 36, 48, 96, 1, 118, 63, 50, 71, 86, 7, 5, 3, 29, 43, 114, 52, 100, 42, 101, 21, 33, 87, 25, 65, 88, 30, 6, 73, 77, 93, 34, 53, 15, 51, 89, 82, 102, 98, 46, 45, 8, 107, 75, 14, 70, 28, 103, 32, 120, 59, 38, 94, 124, 4, 57, 121, 79, 37, 69, 22, 2, 99, 40, 106, 11, 116, 19, 41, 68, 26, 27, 109, 49, 39, 47, 110, 9, 62, 56, 91, 85, 76, 67, 58, 44, 97, 112, 115, 113, 0, 92, 60, 35, 10, 105, 95, 81, 117, 64, 119, 17, 125]
Per cls weights according to the accuracy are:  tensor([1.2056, 1.5000, 1.2567, 1.4474, 1.2869, 1.4474, 1.3583, 1.4474, 1.3583,
        1.2567, 1.2056, 1.2567, 1.5000, 1.5000, 1.3206, 1.3583, 1.5000, 1.1839,
        1.5000, 1.2567, 1.5000, 1.4004, 1.2869, 1.5000, 1.5000, 1.3583, 1.2567,
        1.2567, 1.3206, 1.4474, 1.3583, 1.5000, 1.3206, 1.4004, 1.3583, 1.2056,
        1.5000, 1.2869, 1.3206, 1.2567, 1.2567, 1.2567, 1.4004, 1.4004, 1.2297,
        1.3583, 1.3583, 1.2567, 1.5000, 1.2567, 1.4474, 1.3583, 1.4004, 1.3583,
        1.5000, 1.5000, 1.2297, 1.2869, 1.2297, 1.3206, 1.2056, 1.5000, 1.2297,
        1.5000, 1.1839, 1.3583, 1.5000, 1.2297, 1.2567, 1.2869, 1.3206, 1.4474,
        1.5000, 1.3583, 1.5000, 1.3206, 1.2297, 1.3583, 1.5000, 1.2869, 1.5000,
        1.1839, 1.3583, 1.5000, 1.5000, 1.2297, 1.4474, 1.3583, 1.3583, 1.3583,
        1.5000, 1.2297, 1.2056, 1.3583, 1.2869, 1.1839, 1.5000, 1.2297, 1.3583,
        1.2567, 1.4004, 1.4004, 1.3583, 1.3206, 1.5000, 1.2056, 1.2567, 1.3206,
        1.5000, 1.2567, 1.2567, 1.5000, 1.2297, 1.2056, 1.4004, 1.2056, 1.2567,
        1.1839, 1.5000, 1.1839, 1.3206, 1.2869, 1.5000, 1.5000, 1.2869, 1.1839])
0
1
2
3
4
5
6
7
8
9
10
11
12
13
14
15
16
17
18
19
20
21
22
23
24
25
26
27
28
29
30
31
32
33
34
35
36
37
38
39
40
41
42
43
44
45
46
47
48
49
50
51
52
53
54
55
56
57
58
59
60
61
62
63
64
65
66
67
68
69
70
71
72
73
74
75
76
77
78
79
80
81
82
83
84
85
86
87
88
89
90
91
92
93
94
95
96
97
98
99
100
101
102
103
104
105
106
107
108
109
110
111
112
113
114
115
116
117
118
119
120
121
122
123
124
125
126
127
128
129
130
131
132
133
134
135
136
137
138
139
140
141
142
143
144
145
146
147
148
149
150
151
152
153
154
155
156
157
158
159
160
161
162
163
164
165
166
167
168
169
170
171
172
173
174
175
176
177
178
179
180
181
182
183
184
185
186
187
188
189
190
191
192
193
194
195
196
197
198
199
200
201
202
203
204
205
206
207
208
209
210
211
212
213
214
215
216
217
218
219
220
221
222
223
224
225
226
227
228
229
230
231
232
233
234
235
236
237
238
239
240
241
242
243
244
245
246
247
248
249
250
251
252
253
254
255
256
257
258
259
260
261
262
263
264
265
266
267
268
269
270
271
272
273
274
275
276
277
278
279
280
281
282
283
284
285
286
287
288
289
290
291
292
293
294
295
296
297
298
299
300
301
302
303
304
305
306
307
308
309
310
311
312
313
314
315
316
317
318
319
320
321
322
323
324
325
326
327
328
329
330
331
332
333
334
335
336
337
338
339
340
341
342
343
344
345
346
347
348
349
350
351
352
353
354
355
356
357
358
359
360
361
362
363
364
365
366
367
368
369
370
371
372
373
374
375
376
377
Per cls weights according to the accuracy are:  tensor([0.7944, 0.5000, 0.7433, 0.5526, 0.7131, 0.5526, 0.6417, 0.5526, 0.6417,
        0.7433, 0.7944, 0.7433, 0.5000, 0.5000, 0.6794, 0.6417, 0.5000, 0.8161,
        0.5000, 0.7433, 0.5000, 0.5996, 0.7131, 0.5000, 0.5000, 0.6417, 0.7433,
        0.7433, 0.6794, 0.5526, 0.6417, 0.5000, 0.6794, 0.5996, 0.6417, 0.7944,
        0.5000, 0.7131, 0.6794, 0.7433, 0.7433, 0.7433, 0.5996, 0.5996, 0.7703,
        0.6417, 0.6417, 0.7433, 0.5000, 0.7433, 0.5526, 0.6417, 0.5996, 0.6417,
        0.5000, 0.5000, 0.7703, 0.7131, 0.7703, 0.6794, 0.7944, 0.5000, 0.7703,
        0.5000, 0.8161, 0.6417, 0.5000, 0.7703, 0.7433, 0.7131, 0.6794, 0.5526,
        0.5000, 0.6417, 0.5000, 0.6794, 0.7703, 0.6417, 0.5000, 0.7131, 0.5000,
        0.8161, 0.6417, 0.5000, 0.5000, 0.7703, 0.5526, 0.6417, 0.6417, 0.6417,
        0.5000, 0.7703, 0.7944, 0.6417, 0.7131, 0.8161, 0.5000, 0.7703, 0.6417,
        0.7433, 0.5996, 0.5996, 0.6417, 0.6794, 0.5000, 0.7944, 0.7433, 0.6794,
        0.5000, 0.7433, 0.7433, 0.5000, 0.7703, 0.7944, 0.5996, 0.7944, 0.7433,
        0.8161, 0.5000, 0.8161, 0.6794, 0.7131, 0.5000, 0.5000, 0.7131, 0.8161])
0
1
2
3
4
5
6
7
8
9
10
11
12
13
14
15
16
17
18
19
20
21
22
23
24
25
26
27
28
29
30
31
32
33
34
35
36
37
38
39
40
41
42
43
44
45
46
47
48
49
50
51
52
53
54
55
56
57
58
59
60
61
62
63
64
65
66
67
68
69
70
71
72
73
74
75
76
77
78
79
80
81
82
83
84
85
86
87
88
89
90
91
92
93
94
95
96
97
98
99
100
101
102
103
104
105
106
107
108
109
110
111
112
113
114
115
116
117
118
119
120
121
122
123
124
125
126
127
128
129
130
131
132
133
134
135
136
137
138
139
140
141
142
143
144
145
146
147
148
149
150
151
152
153
154
155
156
157
158
159
160
161
162
163
164
165
166
167
168
169
170
171
172
173
174
175
176
177
178
179
180
181
182
183
184
185
186
187
188
189
190
191
192
193
194
195
196
197
198
199
200
201
202
203
204
205
206
207
208
209
210
211
212
213
214
215
216
217
218
219
220
221
222
223
224
225
226
227
228
229
230
231
232
233
234
235
236
237
238
239
240
241
242
243
244
245
246
247
248
249
250
251
252
253
254
255
256
257
258
259
260
261
262
263
264
265
266
267
268
269
270
271
272
273
274
275
276
277
278
279
280
281
282
283
284
285
286
287
288
289
290
291
292
293
294
295
296
297
298
299
300
301
302
303
304
305
306
307
308
309
310
311
312
313
314
315
316
317
318
319
320
321
322
323
324
325
326
327
328
329
330
331
332
333
334
335
336
337
338
339
340
341
342
343
344
345
346
347
348
349
350
351
352
353
354
355
356
357
358
359
360
361
362
363
364
365
366
367
368
369
370
371
372
373
374
375
376
377
Assigned Classwise weights to source
S painting T real Train Ep: 2000 lr0.008721959494934213 	 Loss Classification: 1.071588 Loss T 0.169401 Method MME

32
32
32
32
32
32
32
32
32
32
32
32
tensor(1134.)

Labeled Target set: Average loss: 2.5280, Accuracy: 455/1134 F1 (40.1235%)


Test set: Average loss: 2.1511, Accuracy: 34340/69952 F1 (49.0908%)


Val set: Average loss: 2.3201, Accuracy: 153/352 F1 (43.4659%)

best acc test 47.839947  acc val 43.465909 acc labeled target 40.123457
saving model...
S painting T real Train Ep: 2100 lr0.008667841720414475 	 Loss Classification: 1.510593 Loss T 0.170435 Method MME

S painting T real Train Ep: 2200 lr0.008614501024650454 	 Loss Classification: 1.457091 Loss T 0.203370 Method MME

S painting T real Train Ep: 2300 lr0.008561920016164943 	 Loss Classification: 1.303066 Loss T 0.167216 Method MME

S painting T real Train Ep: 2400 lr0.008510081829966844 	 Loss Classification: 1.444652 Loss T 0.178957 Method MME

S painting T real Train Ep: 2500 lr0.008458970107524513 	 Loss Classification: 0.884927 Loss T 0.176258 Method MME

32
32
32
32
32
32
32
32
32
32
32
32
tensor(1134.)

Labeled Target set: Average loss: 2.4388, Accuracy: 494/1134 F1 (43.5626%)


Test set: Average loss: 2.0934, Accuracy: 35982/69952 F1 (51.4381%)


Val set: Average loss: 2.2271, Accuracy: 165/352 F1 (46.8750%)

best acc test 51.438129  acc val 46.875000 acc labeled target 43.562610
saving model...
S painting T real Train Ep: 2600 lr0.008408568977653933 	 Loss Classification: 1.436969 Loss T 0.139579 Method MME

S painting T real Train Ep: 2700 lr0.00835886303827305 	 Loss Classification: 1.752901 Loss T 0.180350 Method MME

S painting T real Train Ep: 2800 lr0.008309837338976545 	 Loss Classification: 1.020907 Loss T 0.184806 Method MME

S painting T real Train Ep: 2900 lr0.008261477364388068 	 Loss Classification: 1.020344 Loss T 0.177714 Method MME

Per Class Accuracy Calculated According to the Labelled Target examples is:  [0.6666667  0.         0.6666667  0.22222222 0.44444445 0.33333334
 0.5555556  0.11111111 0.11111111 0.6666667  0.5555556  0.33333334
 0.         0.11111111 0.6666667  0.6666667  0.         1.
 0.         0.5555556  0.33333334 0.         0.33333334 0.22222222
 0.         0.6666667  0.6666667  0.6666667  0.5555556  0.22222222
 0.5555556  0.         0.33333334 0.22222222 0.11111111 0.8888889
 0.         0.6666667  0.7777778  0.44444445 0.6666667  0.7777778
 0.22222222 0.22222222 0.8888889  0.33333334 0.33333334 0.6666667
 0.         0.8888889  0.11111111 0.44444445 0.22222222 0.44444445
 0.         0.11111111 0.7777778  0.6666667  0.7777778  0.7777778
 0.8888889  0.11111111 0.8888889  0.         1.         0.33333334
 0.         1.         0.6666667  0.6666667  0.33333334 0.33333334
 0.         0.33333334 0.22222222 1.         0.6666667  0.33333334
 0.         1.         0.         1.         0.         0.
 0.11111111 0.8888889  0.22222222 0.33333334 0.33333334 0.6666667
 0.         0.6666667  0.6666667  1.         0.6666667  0.5555556
 0.         0.33333334 0.6666667  0.5555556  0.44444445 0.33333334
 0.22222222 0.6666667  0.33333334 0.7777778  0.6666667  0.7777778
 0.33333334 0.44444445 0.5555556  0.11111111 0.44444445 0.44444445
 0.         1.         0.33333334 0.8888889  0.         0.6666667
 0.33333334 0.5555556  0.22222222 0.11111111 0.11111111 1.        ]
Top k classes which perform poorly are:  [36, 24, 96, 90, 31, 83, 82, 21, 48, 80, 114, 78, 63, 118, 66, 54, 18, 72, 16, 1, 12, 124, 61, 7, 50, 8, 123, 84, 34, 55, 111, 13, 29, 23, 33, 122, 74, 86, 102, 52, 42, 43, 3, 88, 5, 77, 108, 65, 97, 116, 73, 70, 20, 104, 45, 101, 11, 32, 120, 71, 87, 46, 22, 39, 112, 109, 100, 4, 53, 113, 51, 99, 95, 110, 30, 6, 10, 19, 28, 121, 68, 94, 26, 25, 15, 14, 9, 103, 106, 2, 98, 27, 92, 91, 76, 119, 69, 47, 57, 40, 37, 89, 0, 56, 38, 58, 59, 105, 107, 41, 117, 62, 85, 60, 49, 44, 35, 81, 79, 115, 75, 67, 64, 17, 93, 125]
Per cls weights according to the accuracy are:  tensor([1.2567, 1.5000, 1.2567, 1.4004, 1.3206, 1.3583, 1.2869, 1.4474, 1.4474,
        1.2567, 1.2869, 1.3583, 1.5000, 1.4474, 1.2567, 1.2567, 1.5000, 1.1839,
        1.5000, 1.2869, 1.3583, 1.5000, 1.3583, 1.4004, 1.5000, 1.2567, 1.2567,
        1.2567, 1.2869, 1.4004, 1.2869, 1.5000, 1.3583, 1.4004, 1.4474, 1.2056,
        1.5000, 1.2567, 1.2297, 1.3206, 1.2567, 1.2297, 1.4004, 1.4004, 1.2056,
        1.3583, 1.3583, 1.2567, 1.5000, 1.2056, 1.4474, 1.3206, 1.4004, 1.3206,
        1.5000, 1.4474, 1.2297, 1.2567, 1.2297, 1.2297, 1.2056, 1.4474, 1.2056,
        1.5000, 1.1839, 1.3583, 1.5000, 1.1839, 1.2567, 1.2567, 1.3583, 1.3583,
        1.5000, 1.3583, 1.4004, 1.1839, 1.2567, 1.3583, 1.5000, 1.1839, 1.5000,
        1.1839, 1.5000, 1.5000, 1.4474, 1.2056, 1.4004, 1.3583, 1.3583, 1.2567,
        1.5000, 1.2567, 1.2567, 1.1839, 1.2567, 1.2869, 1.5000, 1.3583, 1.2567,
        1.2869, 1.3206, 1.3583, 1.4004, 1.2567, 1.3583, 1.2297, 1.2567, 1.2297,
        1.3583, 1.3206, 1.2869, 1.4474, 1.3206, 1.3206, 1.5000, 1.1839, 1.3583,
        1.2056, 1.5000, 1.2567, 1.3583, 1.2869, 1.4004, 1.4474, 1.4474, 1.1839])
0
1
2
3
4
5
6
7
8
9
10
11
12
13
14
15
16
17
18
19
20
21
22
23
24
25
26
27
28
29
30
31
32
33
34
35
36
37
38
39
40
41
42
43
44
45
46
47
48
49
50
51
52
53
54
55
56
57
58
59
60
61
62
63
64
65
66
67
68
69
70
71
72
73
74
75
76
77
78
79
80
81
82
83
84
85
86
87
88
89
90
91
92
93
94
95
96
97
98
99
100
101
102
103
104
105
106
107
108
109
110
111
112
113
114
115
116
117
118
119
120
121
122
123
124
125
126
127
128
129
130
131
132
133
134
135
136
137
138
139
140
141
142
143
144
145
146
147
148
149
150
151
152
153
154
155
156
157
158
159
160
161
162
163
164
165
166
167
168
169
170
171
172
173
174
175
176
177
178
179
180
181
182
183
184
185
186
187
188
189
190
191
192
193
194
195
196
197
198
199
200
201
202
203
204
205
206
207
208
209
210
211
212
213
214
215
216
217
218
219
220
221
222
223
224
225
226
227
228
229
230
231
232
233
234
235
236
237
238
239
240
241
242
243
244
245
246
247
248
249
250
251
252
253
254
255
256
257
258
259
260
261
262
263
264
265
266
267
268
269
270
271
272
273
274
275
276
277
278
279
280
281
282
283
284
285
286
287
288
289
290
291
292
293
294
295
296
297
298
299
300
301
302
303
304
305
306
307
308
309
310
311
312
313
314
315
316
317
318
319
320
321
322
323
324
325
326
327
328
329
330
331
332
333
334
335
336
337
338
339
340
341
342
343
344
345
346
347
348
349
350
351
352
353
354
355
356
357
358
359
360
361
362
363
364
365
366
367
368
369
370
371
372
373
374
375
376
377
Per cls weights according to the accuracy are:  tensor([0.7433, 0.5000, 0.7433, 0.5996, 0.6794, 0.6417, 0.7131, 0.5526, 0.5526,
        0.7433, 0.7131, 0.6417, 0.5000, 0.5526, 0.7433, 0.7433, 0.5000, 0.8161,
        0.5000, 0.7131, 0.6417, 0.5000, 0.6417, 0.5996, 0.5000, 0.7433, 0.7433,
        0.7433, 0.7131, 0.5996, 0.7131, 0.5000, 0.6417, 0.5996, 0.5526, 0.7944,
        0.5000, 0.7433, 0.7703, 0.6794, 0.7433, 0.7703, 0.5996, 0.5996, 0.7944,
        0.6417, 0.6417, 0.7433, 0.5000, 0.7944, 0.5526, 0.6794, 0.5996, 0.6794,
        0.5000, 0.5526, 0.7703, 0.7433, 0.7703, 0.7703, 0.7944, 0.5526, 0.7944,
        0.5000, 0.8161, 0.6417, 0.5000, 0.8161, 0.7433, 0.7433, 0.6417, 0.6417,
        0.5000, 0.6417, 0.5996, 0.8161, 0.7433, 0.6417, 0.5000, 0.8161, 0.5000,
        0.8161, 0.5000, 0.5000, 0.5526, 0.7944, 0.5996, 0.6417, 0.6417, 0.7433,
        0.5000, 0.7433, 0.7433, 0.8161, 0.7433, 0.7131, 0.5000, 0.6417, 0.7433,
        0.7131, 0.6794, 0.6417, 0.5996, 0.7433, 0.6417, 0.7703, 0.7433, 0.7703,
        0.6417, 0.6794, 0.7131, 0.5526, 0.6794, 0.6794, 0.5000, 0.8161, 0.6417,
        0.7944, 0.5000, 0.7433, 0.6417, 0.7131, 0.5996, 0.5526, 0.5526, 0.8161])
0
1
2
3
4
5
6
7
8
9
10
11
12
13
14
15
16
17
18
19
20
21
22
23
24
25
26
27
28
29
30
31
32
33
34
35
36
37
38
39
40
41
42
43
44
45
46
47
48
49
50
51
52
53
54
55
56
57
58
59
60
61
62
63
64
65
66
67
68
69
70
71
72
73
74
75
76
77
78
79
80
81
82
83
84
85
86
87
88
89
90
91
92
93
94
95
96
97
98
99
100
101
102
103
104
105
106
107
108
109
110
111
112
113
114
115
116
117
118
119
120
121
122
123
124
125
126
127
128
129
130
131
132
133
134
135
136
137
138
139
140
141
142
143
144
145
146
147
148
149
150
151
152
153
154
155
156
157
158
159
160
161
162
163
164
165
166
167
168
169
170
171
172
173
174
175
176
177
178
179
180
181
182
183
184
185
186
187
188
189
190
191
192
193
194
195
196
197
198
199
200
201
202
203
204
205
206
207
208
209
210
211
212
213
214
215
216
217
218
219
220
221
222
223
224
225
226
227
228
229
230
231
232
233
234
235
236
237
238
239
240
241
242
243
244
245
246
247
248
249
250
251
252
253
254
255
256
257
258
259
260
261
262
263
264
265
266
267
268
269
270
271
272
273
274
275
276
277
278
279
280
281
282
283
284
285
286
287
288
289
290
291
292
293
294
295
296
297
298
299
300
301
302
303
304
305
306
307
308
309
310
311
312
313
314
315
316
317
318
319
320
321
322
323
324
325
326
327
328
329
330
331
332
333
334
335
336
337
338
339
340
341
342
343
344
345
346
347
348
349
350
351
352
353
354
355
356
357
358
359
360
361
362
363
364
365
366
367
368
369
370
371
372
373
374
375
376
377
Assigned Classwise weights to source
S painting T real Train Ep: 3000 lr0.008213769018249545 	 Loss Classification: 1.430504 Loss T 0.152088 Method MME

32
32
32
32
32
32
32
32
32
32
32
32
tensor(1134.)

Labeled Target set: Average loss: 2.3752, Accuracy: 534/1134 F1 (47.0899%)


Test set: Average loss: 2.0498, Accuracy: 36906/69952 F1 (52.7590%)


Val set: Average loss: 2.1662, Accuracy: 171/352 F1 (48.5795%)

best acc test 52.759035  acc val 48.579545 acc labeled target 47.089947
saving model...
S painting T real Train Ep: 3100 lr0.008166698608209509 	 Loss Classification: 1.087990 Loss T 0.160534 Method MME

S painting T real Train Ep: 3200 lr0.008120252831274708 	 Loss Classification: 1.587581 Loss T 0.151792 Method MME

S painting T real Train Ep: 3300 lr0.008074418759891278 	 Loss Classification: 1.393284 Loss T 0.159171 Method MME

S painting T real Train Ep: 3400 lr0.008029183828623731 	 Loss Classification: 1.421400 Loss T 0.139155 Method MME

S painting T real Train Ep: 3500 lr0.007984535821401871 	 Loss Classification: 1.001665 Loss T 0.165284 Method MME

32
32
32
32
32
32
32
32
32
32
32
32
tensor(1134.)

Labeled Target set: Average loss: 2.3366, Accuracy: 535/1134 F1 (47.1781%)


Test set: Average loss: 2.0205, Accuracy: 37670/69952 F1 (53.8512%)


Val set: Average loss: 2.0629, Accuracy: 188/352 F1 (53.4091%)

best acc test 53.851212  acc val 53.409091 acc labeled target 47.178131
saving model...
S painting T real Train Ep: 3600 lr0.007940462859307384 	 Loss Classification: 0.867865 Loss T 0.138667 Method MME

S painting T real Train Ep: 3700 lr0.007896953388873518 	 Loss Classification: 1.414250 Loss T 0.162652 Method MME

S painting T real Train Ep: 3800 lr0.007853996170872714 	 Loss Classification: 1.077372 Loss T 0.167241 Method MME

S painting T real Train Ep: 3900 lr0.00781158026956848 	 Loss Classification: 1.172612 Loss T 0.136650 Method MME

Per Class Accuracy Calculated According to the Labelled Target examples is:  [0.5555556  0.11111111 0.6666667  0.         0.6666667  0.22222222
 0.44444445 0.44444445 0.22222222 0.6666667  0.6666667  0.5555556
 0.         0.11111111 0.5555556  0.44444445 0.         1.
 0.         0.7777778  0.22222222 0.11111111 0.33333334 0.22222222
 0.         0.33333334 0.6666667  0.6666667  0.7777778  0.5555556
 0.33333334 0.         0.5555556  0.22222222 0.33333334 0.6666667
 0.         0.6666667  0.44444445 0.6666667  0.6666667  0.8888889
 0.33333334 0.6666667  0.8888889  0.33333334 0.44444445 0.6666667
 0.         0.7777778  0.33333334 0.44444445 0.22222222 0.6666667
 0.11111111 0.11111111 0.6666667  0.7777778  0.5555556  0.8888889
 0.8888889  0.11111111 0.8888889  0.         0.8888889  0.7777778
 0.         1.         1.         0.7777778  0.7777778  0.6666667
 0.33333334 0.33333334 0.11111111 0.5555556  0.5555556  0.33333334
 0.         0.6666667  0.         1.         0.         0.
 0.11111111 0.8888889  0.22222222 0.33333334 0.22222222 0.33333334
 0.         0.6666667  0.6666667  1.         0.5555556  0.8888889
 0.         0.7777778  0.5555556  0.5555556  0.33333334 0.33333334
 0.33333334 0.6666667  0.33333334 0.7777778  0.6666667  0.6666667
 0.22222222 0.44444445 0.5555556  0.11111111 0.44444445 1.
 0.         0.6666667  0.6666667  1.         0.         0.7777778
 0.6666667  0.7777778  0.11111111 0.22222222 0.8888889  1.        ]
Top k classes which perform poorly are:  [31, 18, 114, 16, 118, 78, 12, 80, 66, 82, 24, 48, 90, 3, 96, 36, 83, 63, 55, 61, 122, 54, 13, 84, 111, 1, 21, 74, 33, 52, 86, 88, 108, 20, 23, 8, 123, 5, 30, 73, 22, 77, 25, 87, 50, 89, 72, 104, 45, 34, 101, 42, 102, 100, 38, 46, 112, 51, 6, 15, 109, 7, 76, 75, 110, 99, 98, 94, 14, 11, 0, 29, 58, 32, 71, 106, 35, 103, 37, 39, 40, 2, 43, 47, 92, 91, 4, 27, 53, 107, 56, 9, 10, 79, 115, 26, 120, 116, 49, 69, 105, 19, 28, 119, 97, 57, 121, 65, 70, 62, 85, 64, 124, 60, 59, 44, 41, 95, 93, 81, 113, 68, 67, 117, 17, 125]
Per cls weights according to the accuracy are:  tensor([1.2869, 1.4474, 1.2567, 1.5000, 1.2567, 1.4004, 1.3206, 1.3206, 1.4004,
        1.2567, 1.2567, 1.2869, 1.5000, 1.4474, 1.2869, 1.3206, 1.5000, 1.1839,
        1.5000, 1.2297, 1.4004, 1.4474, 1.3583, 1.4004, 1.5000, 1.3583, 1.2567,
        1.2567, 1.2297, 1.2869, 1.3583, 1.5000, 1.2869, 1.4004, 1.3583, 1.2567,
        1.5000, 1.2567, 1.3206, 1.2567, 1.2567, 1.2056, 1.3583, 1.2567, 1.2056,
        1.3583, 1.3206, 1.2567, 1.5000, 1.2297, 1.3583, 1.3206, 1.4004, 1.2567,
        1.4474, 1.4474, 1.2567, 1.2297, 1.2869, 1.2056, 1.2056, 1.4474, 1.2056,
        1.5000, 1.2056, 1.2297, 1.5000, 1.1839, 1.1839, 1.2297, 1.2297, 1.2567,
        1.3583, 1.3583, 1.4474, 1.2869, 1.2869, 1.3583, 1.5000, 1.2567, 1.5000,
        1.1839, 1.5000, 1.5000, 1.4474, 1.2056, 1.4004, 1.3583, 1.4004, 1.3583,
        1.5000, 1.2567, 1.2567, 1.1839, 1.2869, 1.2056, 1.5000, 1.2297, 1.2869,
        1.2869, 1.3583, 1.3583, 1.3583, 1.2567, 1.3583, 1.2297, 1.2567, 1.2567,
        1.4004, 1.3206, 1.2869, 1.4474, 1.3206, 1.1839, 1.5000, 1.2567, 1.2567,
        1.1839, 1.5000, 1.2297, 1.2567, 1.2297, 1.4474, 1.4004, 1.2056, 1.1839])
0
1
2
3
4
5
6
7
8
9
10
11
12
13
14
15
16
17
18
19
20
21
22
23
24
25
26
27
28
29
30
31
32
33
34
35
36
37
38
39
40
41
42
43
44
45
46
47
48
49
50
51
52
53
54
55
56
57
58
59
60
61
62
63
64
65
66
67
68
69
70
71
72
73
74
75
76
77
78
79
80
81
82
83
84
85
86
87
88
89
90
91
92
93
94
95
96
97
98
99
100
101
102
103
104
105
106
107
108
109
110
111
112
113
114
115
116
117
118
119
120
121
122
123
124
125
126
127
128
129
130
131
132
133
134
135
136
137
138
139
140
141
142
143
144
145
146
147
148
149
150
151
152
153
154
155
156
157
158
159
160
161
162
163
164
165
166
167
168
169
170
171
172
173
174
175
176
177
178
179
180
181
182
183
184
185
186
187
188
189
190
191
192
193
194
195
196
197
198
199
200
201
202
203
204
205
206
207
208
209
210
211
212
213
214
215
216
217
218
219
220
221
222
223
224
225
226
227
228
229
230
231
232
233
234
235
236
237
238
239
240
241
242
243
244
245
246
247
248
249
250
251
252
253
254
255
256
257
258
259
260
261
262
263
264
265
266
267
268
269
270
271
272
273
274
275
276
277
278
279
280
281
282
283
284
285
286
287
288
289
290
291
292
293
294
295
296
297
298
299
300
301
302
303
304
305
306
307
308
309
310
311
312
313
314
315
316
317
318
319
320
321
322
323
324
325
326
327
328
329
330
331
332
333
334
335
336
337
338
339
340
341
342
343
344
345
346
347
348
349
350
351
352
353
354
355
356
357
358
359
360
361
362
363
364
365
366
367
368
369
370
371
372
373
374
375
376
377
Per cls weights according to the accuracy are:  tensor([0.7131, 0.5526, 0.7433, 0.5000, 0.7433, 0.5996, 0.6794, 0.6794, 0.5996,
        0.7433, 0.7433, 0.7131, 0.5000, 0.5526, 0.7131, 0.6794, 0.5000, 0.8161,
        0.5000, 0.7703, 0.5996, 0.5526, 0.6417, 0.5996, 0.5000, 0.6417, 0.7433,
        0.7433, 0.7703, 0.7131, 0.6417, 0.5000, 0.7131, 0.5996, 0.6417, 0.7433,
        0.5000, 0.7433, 0.6794, 0.7433, 0.7433, 0.7944, 0.6417, 0.7433, 0.7944,
        0.6417, 0.6794, 0.7433, 0.5000, 0.7703, 0.6417, 0.6794, 0.5996, 0.7433,
        0.5526, 0.5526, 0.7433, 0.7703, 0.7131, 0.7944, 0.7944, 0.5526, 0.7944,
        0.5000, 0.7944, 0.7703, 0.5000, 0.8161, 0.8161, 0.7703, 0.7703, 0.7433,
        0.6417, 0.6417, 0.5526, 0.7131, 0.7131, 0.6417, 0.5000, 0.7433, 0.5000,
        0.8161, 0.5000, 0.5000, 0.5526, 0.7944, 0.5996, 0.6417, 0.5996, 0.6417,
        0.5000, 0.7433, 0.7433, 0.8161, 0.7131, 0.7944, 0.5000, 0.7703, 0.7131,
        0.7131, 0.6417, 0.6417, 0.6417, 0.7433, 0.6417, 0.7703, 0.7433, 0.7433,
        0.5996, 0.6794, 0.7131, 0.5526, 0.6794, 0.8161, 0.5000, 0.7433, 0.7433,
        0.8161, 0.5000, 0.7703, 0.7433, 0.7703, 0.5526, 0.5996, 0.7944, 0.8161])
0
1
2
3
4
5
6
7
8
9
10
11
12
13
14
15
16
17
18
19
20
21
22
23
24
25
26
27
28
29
30
31
32
33
34
35
36
37
38
39
40
41
42
43
44
45
46
47
48
49
50
51
52
53
54
55
56
57
58
59
60
61
62
63
64
65
66
67
68
69
70
71
72
73
74
75
76
77
78
79
80
81
82
83
84
85
86
87
88
89
90
91
92
93
94
95
96
97
98
99
100
101
102
103
104
105
106
107
108
109
110
111
112
113
114
115
116
117
118
119
120
121
122
123
124
125
126
127
128
129
130
131
132
133
134
135
136
137
138
139
140
141
142
143
144
145
146
147
148
149
150
151
152
153
154
155
156
157
158
159
160
161
162
163
164
165
166
167
168
169
170
171
172
173
174
175
176
177
178
179
180
181
182
183
184
185
186
187
188
189
190
191
192
193
194
195
196
197
198
199
200
201
202
203
204
205
206
207
208
209
210
211
212
213
214
215
216
217
218
219
220
221
222
223
224
225
226
227
228
229
230
231
232
233
234
235
236
237
238
239
240
241
242
243
244
245
246
247
248
249
250
251
252
253
254
255
256
257
258
259
260
261
262
263
264
265
266
267
268
269
270
271
272
273
274
275
276
277
278
279
280
281
282
283
284
285
286
287
288
289
290
291
292
293
294
295
296
297
298
299
300
301
302
303
304
305
306
307
308
309
310
311
312
313
314
315
316
317
318
319
320
321
322
323
324
325
326
327
328
329
330
331
332
333
334
335
336
337
338
339
340
341
342
343
344
345
346
347
348
349
350
351
352
353
354
355
356
357
358
359
360
361
362
363
364
365
366
367
368
369
370
371
372
373
374
375
376
377
Assigned Classwise weights to source
S painting T real Train Ep: 4000 lr0.007769695042409123 	 Loss Classification: 0.699899 Loss T 0.138179 Method MME

32
32
32
32
32
32
32
32
32
32
32
32
tensor(1134.)

Labeled Target set: Average loss: 2.4813, Accuracy: 511/1134 F1 (45.0617%)


Test set: Average loss: 2.1116, Accuracy: 37012/69952 F1 (52.9106%)


Val set: Average loss: 2.1915, Accuracy: 185/352 F1 (52.5568%)

best acc test 53.851212  acc val 52.556818 acc labeled target 45.061728
saving model...
S painting T real Train Ep: 4100 lr0.007728330130142108 	 Loss Classification: 1.085361 Loss T 0.135538 Method MME

S painting T real Train Ep: 4200 lr0.007687475447329114 	 Loss Classification: 0.695015 Loss T 0.113387 Method MME

S painting T real Train Ep: 4300 lr0.0076471211732427845 	 Loss Classification: 0.783131 Loss T 0.106101 Method MME

S painting T real Train Ep: 4400 lr0.007607257743127307 	 Loss Classification: 0.809720 Loss T 0.162160 Method MME

S painting T real Train Ep: 4500 lr0.007567875839805858 	 Loss Classification: 0.805220 Loss T 0.126439 Method MME

32
32
32
32
32
32
32
32
32
32
32
32
tensor(1134.)

Labeled Target set: Average loss: 2.3730, Accuracy: 545/1134 F1 (48.0600%)


Test set: Average loss: 2.0993, Accuracy: 37904/69952 F1 (54.1857%)


Val set: Average loss: 2.3405, Accuracy: 171/352 F1 (48.5795%)

best acc test 53.851212  acc val 48.579545 acc labeled target 48.059965
saving model...
S painting T real Train Ep: 4600 lr0.007528966385618854 	 Loss Classification: 1.007390 Loss T 0.138429 Method MME

S painting T real Train Ep: 4700 lr0.007490520534677821 	 Loss Classification: 1.224690 Loss T 0.137535 Method MME

S painting T real Train Ep: 4800 lr0.007452529665420465 	 Loss Classification: 0.574910 Loss T 0.149618 Method MME

S painting T real Train Ep: 4900 lr0.007414985373453289 	 Loss Classification: 0.850305 Loss T 0.130307 Method MME

