Dataset multi Source clipart Target sketch Labeled num perclass 3 Network resnet34
126 classes in this dataset
Labelled Source Examples:  18703
Unlabelled Target Dataset Size:  23826
Labelled Target Dataset Size:  378
Misc. Labelled Target Dataset Size:  378
Bank keys - Target:  dict_keys(['feat_vec', 'labels', 'names', 'domain_identifier']) Source:  dict_keys(['feat_vec', 'labels', 'names', 'domain_identifier'])
Num  - Target:  23826 Source:  18703
Unlabeled Target Data Batches: 496
S clipart T sketch Train Ep: 0 lr0.01 	 Loss Classification: 4.986557 Loss T 0.470885 Method MME

24
24
24
24
24
24
24
24
24
24
24
24
24
24
24
24
tensor(1134.)

Labeled Target set: Average loss: 4.9669, Accuracy: 12/1134 F1 (1.0582%)


Test set: Average loss: 4.9357, Accuracy: 206/23808 F1 (0.8653%)


Val set: Average loss: 4.9334, Accuracy: 4/360 F1 (1.1111%)

Patience Reset, Counter is: 0
best acc test 0.865255  acc val 1.111111 acc labeled target 1.058201
saving model...
S clipart T sketch Train Ep: 100 lr0.009925650290240803 	 Loss Classification: 2.247219 Loss T 0.281004 Method MME

S clipart T sketch Train Ep: 200 lr0.009852577760521605 	 Loss Classification: 0.992654 Loss T 0.214470 Method MME

S clipart T sketch Train Ep: 300 lr0.009780748269686728 	 Loss Classification: 1.158541 Loss T 0.193180 Method MME

S clipart T sketch Train Ep: 400 lr0.009710128909124701 	 Loss Classification: 1.023344 Loss T 0.157222 Method MME

S clipart T sketch Train Ep: 500 lr0.00964068794694323 	 Loss Classification: 1.077323 Loss T 0.139281 Method MME

24
24
24
24
24
24
24
24
24
24
24
24
24
24
24
24
tensor(1134.)

Labeled Target set: Average loss: 2.6232, Accuracy: 488/1134 F1 (43.0335%)


Test set: Average loss: 2.4440, Accuracy: 11371/23808 F1 (47.7613%)


Val set: Average loss: 2.2768, Accuracy: 178/360 F1 (49.4444%)

Patience Reset, Counter is: 0
best acc test 47.761257  acc val 49.444444 acc labeled target 43.033510
saving model...
S clipart T sketch Train Ep: 600 lr0.00957239477517603 	 Loss Classification: 0.968672 Loss T 0.158914 Method MME

S clipart T sketch Train Ep: 700 lr0.009505219859830012 	 Loss Classification: 0.634279 Loss T 0.169151 Method MME

S clipart T sketch Train Ep: 800 lr0.009439134693595126 	 Loss Classification: 0.858855 Loss T 0.135087 Method MME

S clipart T sketch Train Ep: 900 lr0.009374111751051751 	 Loss Classification: 0.614481 Loss T 0.136823 Method MME

S clipart T sketch Train Ep: 1000 lr0.009310124446222227 	 Loss Classification: 0.539990 Loss T 0.123926 Method MME

24
24
24
24
24
24
24
24
24
24
24
24
24
24
24
24
tensor(1134.)

Labeled Target set: Average loss: 2.4349, Accuracy: 551/1134 F1 (48.5891%)


Test set: Average loss: 2.2206, Accuracy: 12931/23808 F1 (54.3137%)


Val set: Average loss: 2.1998, Accuracy: 190/360 F1 (52.7778%)

Patience Reset, Counter is: 0
best acc test 54.313676  acc val 52.777778 acc labeled target 48.589065
saving model...
S clipart T sketch Train Ep: 1100 lr0.00924714709232377 	 Loss Classification: 0.673505 Loss T 0.115100 Method MME

S clipart T sketch Train Ep: 1200 lr0.009185154863590003 	 Loss Classification: 0.851017 Loss T 0.129653 Method MME

S clipart T sketch Train Ep: 1300 lr0.00912412375903735 	 Loss Classification: 0.711009 Loss T 0.121709 Method MME

S clipart T sketch Train Ep: 1400 lr0.009064030568061049 	 Loss Classification: 0.850994 Loss T 0.151916 Method MME

S clipart T sketch Train Ep: 1500 lr0.009004852837753237 	 Loss Classification: 0.995366 Loss T 0.105632 Method MME

24
24
24
24
24
24
24
24
24
24
24
24
24
24
24
24
tensor(1134.)

Labeled Target set: Average loss: 2.3876, Accuracy: 573/1134 F1 (50.5291%)


Test set: Average loss: 2.2064, Accuracy: 13100/23808 F1 (55.0235%)


Val set: Average loss: 2.0754, Accuracy: 199/360 F1 (55.2778%)

Patience Reset, Counter is: 0
best acc test 55.023522  acc val 55.277778 acc labeled target 50.529101
saving model...
S clipart T sketch Train Ep: 1600 lr0.008946568841842816 	 Loss Classification: 0.562889 Loss T 0.106999 Method MME

S clipart T sketch Train Ep: 1700 lr0.008889157551163433 	 Loss Classification: 0.452199 Loss T 0.097584 Method MME

S clipart T sketch Train Ep: 1800 lr0.008832598605562044 	 Loss Classification: 0.516720 Loss T 0.129450 Method MME

S clipart T sketch Train Ep: 1900 lr0.008776872287166303 	 Loss Classification: 0.927673 Loss T 0.099589 Method MME

Per Class Accuracy Calculated According to the Labelled Target examples is:  [0.5555556  1.         0.         0.5555556  0.         0.
 0.22222222 0.8888889  1.         0.44444445 0.8888889  0.8888889
 0.11111111 0.         0.33333334 0.6666667  0.8888889  1.
 0.33333334 0.11111111 0.6666667  0.6666667  0.5555556  0.8888889
 0.33333334 0.22222222 0.         0.33333334 0.22222222 0.8888889
 0.44444445 0.5555556  0.33333334 0.33333334 0.7777778  0.
 0.6666667  0.         0.5555556  0.6666667  0.         0.33333334
 0.11111111 0.7777778  0.33333334 0.22222222 1.         0.5555556
 0.44444445 1.         0.33333334 0.33333334 1.         0.5555556
 0.         0.6666667  0.5555556  0.33333334 1.         1.
 0.6666667  0.22222222 0.6666667  0.22222222 0.6666667  1.
 0.33333334 0.         0.         0.11111111 0.22222222 0.6666667
 1.         0.44444445 0.33333334 0.33333334 0.         1.
 0.44444445 0.         0.         0.5555556  0.         0.
 0.11111111 0.         0.8888889  0.6666667  0.         0.11111111
 0.33333334 1.         0.6666667  0.7777778  0.8888889  0.5555556
 0.33333334 0.8888889  0.6666667  0.33333334 0.8888889  0.6666667
 0.6666667  0.8888889  1.         0.         0.5555556  0.33333334
 0.5555556  0.6666667  0.8888889  0.8888889  0.7777778  0.44444445
 0.8888889  1.         0.22222222 0.6666667  0.33333334 0.8888889
 0.7777778  0.7777778  0.6666667  0.22222222 0.33333334 1.        ]
Top k classes which perform poorly are:  [79, 88, 54, 83, 40, 67, 37, 35, 68, 26, 105, 82, 13, 85, 5, 76, 80, 2, 4, 84, 12, 69, 42, 89, 19, 123, 45, 116, 61, 6, 28, 63, 25, 70, 50, 66, 124, 44, 57, 51, 96, 90, 14, 24, 99, 118, 33, 32, 27, 74, 41, 75, 107, 18, 113, 73, 78, 9, 48, 30, 81, 0, 56, 53, 3, 47, 95, 38, 31, 22, 106, 108, 122, 117, 102, 87, 101, 92, 109, 98, 62, 15, 71, 36, 64, 60, 39, 55, 21, 20, 112, 43, 93, 34, 120, 121, 23, 16, 110, 111, 11, 114, 103, 100, 10, 94, 119, 7, 86, 29, 97, 115, 8, 1, 72, 104, 77, 46, 49, 91, 52, 58, 59, 65, 17, 125]
S clipart T sketch Train Ep: 2000 lr0.008721959494934213 	 Loss Classification: 0.615773 Loss T 0.073810 Method MME

24
24
24
24
24
24
24
24
24
24
24
24
24
24
24
24
tensor(1134.)

Labeled Target set: Average loss: 2.4077, Accuracy: 589/1134 F1 (51.9400%)


Test set: Average loss: 2.2737, Accuracy: 13350/23808 F1 (56.0736%)


Val set: Average loss: 2.2585, Accuracy: 192/360 F1 (53.3333%)

Patience getting saturated, current counter is:  0
best acc test 55.023522  acc val 53.333333 acc labeled target 51.940035
saving model...
S clipart T sketch Train Ep: 2100 lr0.008667841720414475 	 Loss Classification: 0.405142 Loss T 0.098713 Method MME

S clipart T sketch Train Ep: 2200 lr0.008614501024650454 	 Loss Classification: 0.511563 Loss T 0.104289 Method MME

S clipart T sketch Train Ep: 2300 lr0.008561920016164943 	 Loss Classification: 0.290770 Loss T 0.090812 Method MME

S clipart T sketch Train Ep: 2400 lr0.008510081829966844 	 Loss Classification: 0.287065 Loss T 0.126287 Method MME

S clipart T sketch Train Ep: 2500 lr0.008458970107524513 	 Loss Classification: 0.648127 Loss T 0.086552 Method MME

24
24
24
24
24
24
24
24
24
24
24
24
24
24
24
24
tensor(1134.)

Labeled Target set: Average loss: 2.5851, Accuracy: 575/1134 F1 (50.7055%)


Test set: Average loss: 2.3096, Accuracy: 13645/23808 F1 (57.3127%)


Val set: Average loss: 2.3073, Accuracy: 206/360 F1 (57.2222%)

Patience Reset, Counter is: 1
best acc test 57.312668  acc val 57.222222 acc labeled target 50.705467
saving model...
S clipart T sketch Train Ep: 2600 lr0.008408568977653933 	 Loss Classification: 0.273869 Loss T 0.091055 Method MME

S clipart T sketch Train Ep: 2700 lr0.00835886303827305 	 Loss Classification: 0.062433 Loss T 0.077437 Method MME

S clipart T sketch Train Ep: 2800 lr0.008309837338976545 	 Loss Classification: 0.439985 Loss T 0.096329 Method MME

S clipart T sketch Train Ep: 2900 lr0.008261477364388068 	 Loss Classification: 0.256051 Loss T 0.088992 Method MME

Per Class Accuracy Calculated According to the Labelled Target examples is:  [0.33333334 1.         0.         0.6666667  0.         0.
 0.         0.7777778  1.         0.         0.7777778  1.
 0.         0.         0.22222222 1.         0.6666667  0.7777778
 0.44444445 0.         0.8888889  0.8888889  0.33333334 1.
 0.33333334 0.         0.         0.         0.         0.5555556
 0.5555556  0.11111111 0.33333334 0.7777778  1.         0.11111111
 0.7777778  0.         0.6666667  0.44444445 0.7777778  0.11111111
 0.33333334 0.7777778  0.8888889  0.33333334 0.8888889  0.6666667
 0.33333334 1.         0.33333334 0.33333334 1.         0.5555556
 0.5555556  0.44444445 0.8888889  0.6666667  1.         0.8888889
 0.8888889  0.33333334 0.7777778  0.22222222 0.7777778  0.7777778
 0.11111111 0.11111111 0.         0.         0.33333334 0.5555556
 0.8888889  0.22222222 0.33333334 0.         0.         0.7777778
 0.44444445 0.11111111 0.         0.8888889  0.         0.
 0.11111111 0.         0.7777778  0.6666667  0.         0.33333334
 0.22222222 1.         0.6666667  0.6666667  0.8888889  0.6666667
 0.5555556  1.         0.6666667  0.33333334 1.         0.6666667
 0.6666667  1.         1.         0.         0.6666667  0.5555556
 0.5555556  0.6666667  1.         0.33333334 0.6666667  0.5555556
 0.44444445 1.         0.33333334 0.6666667  0.         1.
 0.5555556  0.6666667  0.6666667  0.5555556  0.33333334 1.        ]
Top k classes which perform poorly are:  [85, 37, 28, 27, 26, 25, 68, 19, 75, 76, 13, 12, 69, 88, 83, 118, 82, 4, 5, 6, 2, 105, 80, 9, 84, 67, 41, 79, 66, 35, 31, 14, 63, 90, 73, 124, 61, 99, 74, 51, 50, 48, 45, 89, 70, 0, 42, 116, 22, 24, 32, 111, 78, 39, 18, 114, 55, 123, 120, 71, 113, 29, 30, 96, 107, 54, 53, 108, 93, 47, 3, 87, 122, 121, 101, 117, 38, 109, 98, 57, 112, 95, 106, 92, 16, 102, 62, 43, 77, 7, 65, 10, 64, 17, 33, 36, 40, 86, 20, 21, 44, 46, 81, 94, 72, 56, 60, 59, 1, 8, 91, 119, 11, 15, 115, 103, 23, 58, 110, 34, 97, 52, 100, 104, 49, 125]
S clipart T sketch Train Ep: 3000 lr0.008213769018249545 	 Loss Classification: 0.569386 Loss T 0.078350 Method MME

24
24
24
24
24
24
24
24
24
24
24
24
24
24
24
24
tensor(1134.)

Labeled Target set: Average loss: 2.6443, Accuracy: 580/1134 F1 (51.1464%)


Test set: Average loss: 2.2908, Accuracy: 13893/23808 F1 (58.3543%)


Val set: Average loss: 2.3826, Accuracy: 201/360 F1 (55.8333%)

Patience getting saturated, current counter is:  0
best acc test 57.312668  acc val 55.833333 acc labeled target 51.146384
saving model...
S clipart T sketch Train Ep: 3100 lr0.008166698608209509 	 Loss Classification: 0.602077 Loss T 0.082339 Method MME

S clipart T sketch Train Ep: 3200 lr0.008120252831274708 	 Loss Classification: 0.335242 Loss T 0.066647 Method MME

S clipart T sketch Train Ep: 3300 lr0.008074418759891278 	 Loss Classification: 0.572214 Loss T 0.103148 Method MME

S clipart T sketch Train Ep: 3400 lr0.008029183828623731 	 Loss Classification: 0.256293 Loss T 0.063262 Method MME

S clipart T sketch Train Ep: 3500 lr0.007984535821401871 	 Loss Classification: 0.327463 Loss T 0.070926 Method MME

24
24
24
24
24
24
24
24
24
24
24
24
24
24
24
24
tensor(1134.)

Labeled Target set: Average loss: 2.4716, Accuracy: 618/1134 F1 (54.4974%)


Test set: Average loss: 2.2541, Accuracy: 14272/23808 F1 (59.9462%)


Val set: Average loss: 2.2251, Accuracy: 216/360 F1 (60.0000%)

Patience Reset, Counter is: 1
best acc test 59.946237  acc val 60.000000 acc labeled target 54.497354
saving model...
S clipart T sketch Train Ep: 3600 lr0.007940462859307384 	 Loss Classification: 0.388751 Loss T 0.074116 Method MME

S clipart T sketch Train Ep: 3700 lr0.007896953388873518 	 Loss Classification: 0.606568 Loss T 0.076088 Method MME

S clipart T sketch Train Ep: 3800 lr0.007853996170872714 	 Loss Classification: 0.198539 Loss T 0.060994 Method MME

S clipart T sketch Train Ep: 3900 lr0.00781158026956848 	 Loss Classification: 0.113733 Loss T 0.105862 Method MME

Per Class Accuracy Calculated According to the Labelled Target examples is:  [0.33333334 1.         0.         0.6666667  0.         0.
 0.11111111 0.8888889  1.         0.11111111 0.6666667  1.
 0.11111111 0.         0.22222222 1.         1.         1.
 0.44444445 0.         0.6666667  0.8888889  0.44444445 1.
 0.33333334 0.33333334 0.11111111 0.         0.         0.6666667
 0.44444445 0.6666667  0.11111111 0.33333334 0.8888889  0.
 0.6666667  0.         0.5555556  0.7777778  0.8888889  0.22222222
 0.5555556  0.6666667  0.8888889  0.6666667  1.         0.22222222
 0.44444445 1.         0.33333334 0.33333334 0.8888889  0.8888889
 0.33333334 0.6666667  0.6666667  0.6666667  1.         1.
 0.8888889  0.33333334 0.7777778  0.44444445 0.8888889  0.6666667
 0.7777778  0.11111111 0.         0.11111111 0.22222222 0.7777778
 1.         0.44444445 0.33333334 0.         0.         0.8888889
 1.         0.         0.         1.         0.         0.
 0.5555556  0.         1.         0.6666667  0.         0.22222222
 0.44444445 0.6666667  0.6666667  0.8888889  1.         0.5555556
 0.33333334 1.         0.6666667  0.22222222 1.         0.44444445
 0.6666667  0.8888889  1.         0.         0.5555556  0.6666667
 0.7777778  0.5555556  0.6666667  0.6666667  0.6666667  0.6666667
 0.7777778  0.8888889  0.5555556  0.6666667  0.11111111 0.7777778
 0.6666667  0.8888889  0.7777778  0.6666667  0.33333334 1.        ]
Top k classes which perform poorly are:  [37, 68, 75, 28, 27, 76, 88, 105, 19, 35, 13, 79, 85, 2, 4, 5, 82, 83, 80, 12, 26, 67, 6, 9, 69, 118, 32, 70, 47, 99, 14, 89, 41, 0, 51, 96, 50, 54, 74, 124, 33, 61, 24, 25, 101, 63, 18, 90, 22, 30, 73, 48, 38, 106, 109, 42, 116, 84, 95, 91, 65, 98, 92, 43, 57, 123, 3, 120, 10, 117, 20, 113, 102, 31, 29, 36, 111, 110, 45, 107, 55, 56, 112, 87, 114, 119, 108, 122, 62, 39, 71, 66, 34, 103, 115, 21, 60, 64, 44, 121, 93, 7, 77, 40, 52, 53, 81, 16, 15, 8, 1, 17, 11, 49, 46, 86, 104, 58, 59, 100, 97, 94, 72, 78, 23, 125]
S clipart T sketch Train Ep: 4000 lr0.007769695042409123 	 Loss Classification: 0.156510 Loss T 0.060209 Method MME

24
24
24
24
24
24
24
24
24
24
24
24
24
24
24
24
tensor(1134.)

Labeled Target set: Average loss: 2.5342, Accuracy: 613/1134 F1 (54.0564%)


Test set: Average loss: 2.3034, Accuracy: 14287/23808 F1 (60.0092%)


Val set: Average loss: 2.2536, Accuracy: 211/360 F1 (58.6111%)

Patience getting saturated, current counter is:  0
best acc test 59.946237  acc val 58.611111 acc labeled target 54.056437
saving model...
S clipart T sketch Train Ep: 4100 lr0.007728330130142108 	 Loss Classification: 0.316096 Loss T 0.067836 Method MME

S clipart T sketch Train Ep: 4200 lr0.007687475447329114 	 Loss Classification: 0.444982 Loss T 0.064164 Method MME

S clipart T sketch Train Ep: 4300 lr0.0076471211732427845 	 Loss Classification: 0.284621 Loss T 0.065200 Method MME

S clipart T sketch Train Ep: 4400 lr0.007607257743127307 	 Loss Classification: 0.357914 Loss T 0.052735 Method MME

S clipart T sketch Train Ep: 4500 lr0.007567875839805858 	 Loss Classification: 0.543959 Loss T 0.084441 Method MME

24
24
24
24
24
24
24
24
24
24
24
24
24
24
24
24
tensor(1134.)

Labeled Target set: Average loss: 2.4571, Accuracy: 622/1134 F1 (54.8501%)


Test set: Average loss: 2.2671, Accuracy: 14346/23808 F1 (60.2571%)


Val set: Average loss: 2.2352, Accuracy: 211/360 F1 (58.6111%)

Patience getting saturated, current counter is:  1
best acc test 59.946237  acc val 58.611111 acc labeled target 54.850088
saving model...
S clipart T sketch Train Ep: 4600 lr0.007528966385618854 	 Loss Classification: 0.158434 Loss T 0.086225 Method MME

S clipart T sketch Train Ep: 4700 lr0.007490520534677821 	 Loss Classification: 0.104085 Loss T 0.054706 Method MME

S clipart T sketch Train Ep: 4800 lr0.007452529665420465 	 Loss Classification: 0.183554 Loss T 0.095251 Method MME

S clipart T sketch Train Ep: 4900 lr0.007414985373453289 	 Loss Classification: 0.171445 Loss T 0.082869 Method MME

Per Class Accuracy Calculated According to the Labelled Target examples is:  [0.22222222 1.         0.         0.5555556  0.         0.
 0.33333334 0.8888889  1.         0.22222222 0.8888889  0.8888889
 0.11111111 0.         0.         0.8888889  1.         0.8888889
 0.5555556  0.11111111 0.5555556  0.8888889  0.5555556  0.8888889
 0.33333334 0.         0.         0.11111111 0.         0.6666667
 0.5555556  0.6666667  0.22222222 0.33333334 1.         0.22222222
 0.6666667  0.         0.22222222 0.5555556  0.7777778  0.22222222
 0.44444445 0.8888889  0.7777778  0.33333334 1.         0.5555556
 0.33333334 1.         0.44444445 0.33333334 1.         0.8888889
 0.22222222 0.5555556  0.6666667  0.6666667  1.         1.
 0.7777778  0.22222222 0.7777778  0.44444445 0.8888889  1.
 0.6666667  0.         0.         0.22222222 0.33333334 0.5555556
 1.         0.22222222 0.22222222 0.         0.22222222 0.8888889
 0.6666667  0.11111111 0.         1.         0.         0.
 0.33333334 0.         0.8888889  0.6666667  0.         0.33333334
 0.44444445 0.8888889  0.7777778  0.8888889  0.8888889  0.5555556
 0.33333334 1.         0.6666667  0.22222222 1.         0.5555556
 0.6666667  0.6666667  1.         0.11111111 0.5555556  0.6666667
 0.8888889  0.5555556  1.         0.7777778  1.         0.7777778
 0.7777778  1.         0.8888889  0.6666667  0.33333334 1.
 0.44444445 0.6666667  0.8888889  0.6666667  0.33333334 1.        ]
Top k classes which perform poorly are:  [83, 37, 28, 26, 25, 82, 88, 67, 14, 13, 68, 80, 75, 2, 85, 4, 5, 12, 27, 79, 19, 105, 69, 38, 99, 54, 61, 76, 35, 74, 73, 32, 0, 41, 9, 84, 6, 118, 70, 89, 124, 96, 51, 48, 45, 33, 24, 50, 42, 120, 63, 90, 101, 106, 3, 30, 71, 18, 39, 22, 47, 109, 20, 95, 55, 102, 57, 123, 103, 78, 56, 121, 98, 36, 29, 31, 107, 117, 66, 87, 114, 113, 111, 92, 62, 40, 60, 44, 122, 7, 10, 11, 116, 15, 17, 21, 108, 23, 43, 77, 86, 53, 64, 94, 91, 93, 100, 1, 72, 8, 119, 65, 115, 59, 112, 49, 110, 58, 34, 81, 104, 97, 52, 46, 16, 125]
S clipart T sketch Train Ep: 5000 lr0.007377879464668811 	 Loss Classification: 0.356652 Loss T 0.075372 Method MME

24
24
24
24
24
24
24
24
24
24
24
24
24
24
24
24
tensor(1134.)

Labeled Target set: Average loss: 2.3871, Accuracy: 625/1134 F1 (55.1146%)


Test set: Average loss: 2.2568, Accuracy: 14552/23808 F1 (61.1223%)


Val set: Average loss: 2.2074, Accuracy: 211/360 F1 (58.6111%)

Patience getting saturated, current counter is:  2
best acc test 59.946237  acc val 58.611111 acc labeled target 55.114638
saving model...
S clipart T sketch Train Ep: 5100 lr0.007341203948625087 	 Loss Classification: 0.277605 Loss T 0.055488 Method MME

S clipart T sketch Train Ep: 5200 lr0.007304951032175895 	 Loss Classification: 0.380479 Loss T 0.070059 Method MME

S clipart T sketch Train Ep: 5300 lr0.007269113113340497 	 Loss Classification: 0.316705 Loss T 0.059362 Method MME

S clipart T sketch Train Ep: 5400 lr0.007233682775402483 	 Loss Classification: 0.274349 Loss T 0.058490 Method MME

S clipart T sketch Train Ep: 5500 lr0.007198652781227704 	 Loss Classification: 0.167141 Loss T 0.061713 Method MME

24
24
24
24
24
24
24
24
24
24
24
24
24
24
24
24
tensor(1134.)

Labeled Target set: Average loss: 2.4710, Accuracy: 619/1134 F1 (54.5855%)


Test set: Average loss: 2.2803, Accuracy: 14642/23808 F1 (61.5003%)


Val set: Average loss: 2.3372, Accuracy: 203/360 F1 (56.3889%)

Patience getting saturated, current counter is:  3
best acc test 59.946237  acc val 56.388889 acc labeled target 54.585538
saving model...
S clipart T sketch Train Ep: 5600 lr0.007164016067791809 	 Loss Classification: 0.153725 Loss T 0.069883 Method MME

S clipart T sketch Train Ep: 5700 lr0.0071297657409083726 	 Loss Classification: 0.260127 Loss T 0.074165 Method MME

S clipart T sketch Train Ep: 5800 lr0.0070958950701490225 	 Loss Classification: 0.366307 Loss T 0.050837 Method MME

S clipart T sketch Train Ep: 5900 lr0.007062397483947426 	 Loss Classification: 0.074617 Loss T 0.063854 Method MME

Per Class Accuracy Calculated According to the Labelled Target examples is:  [0.6666667  1.         0.         0.6666667  0.22222222 0.
 0.33333334 1.         0.8888889  0.33333334 0.8888889  1.
 0.         0.         0.22222222 0.5555556  0.6666667  0.7777778
 0.5555556  0.         0.5555556  0.8888889  0.6666667  1.
 0.33333334 0.22222222 0.22222222 0.11111111 0.         0.6666667
 0.6666667  0.5555556  0.33333334 0.5555556  1.         0.
 0.33333334 0.         0.         0.7777778  0.5555556  0.22222222
 0.5555556  1.         0.8888889  0.33333334 1.         0.6666667
 0.44444445 1.         0.33333334 0.33333334 1.         1.
 0.33333334 0.33333334 0.6666667  0.6666667  0.8888889  1.
 0.8888889  0.33333334 0.6666667  0.33333334 0.6666667  0.6666667
 0.44444445 0.         0.         0.         0.33333334 0.33333334
 1.         0.33333334 0.33333334 0.         0.         1.
 0.6666667  0.         0.         1.         0.         0.
 0.22222222 0.         0.8888889  0.6666667  0.         0.33333334
 0.33333334 1.         1.         1.         0.8888889  0.6666667
 0.7777778  1.         0.6666667  0.33333334 1.         0.6666667
 0.6666667  1.         1.         0.22222222 0.44444445 0.6666667
 0.8888889  0.6666667  0.6666667  0.7777778  0.7777778  0.44444445
 0.8888889  0.8888889  0.6666667  0.6666667  0.33333334 1.
 0.44444445 0.6666667  0.7777778  0.44444445 0.44444445 1.        ]
Top k classes which perform poorly are:  [37, 35, 88, 28, 85, 83, 82, 80, 79, 13, 12, 19, 76, 75, 2, 5, 69, 38, 67, 68, 27, 25, 41, 84, 4, 26, 105, 14, 45, 90, 89, 70, 51, 63, 54, 55, 61, 50, 71, 74, 99, 73, 6, 36, 118, 9, 24, 32, 113, 106, 124, 48, 120, 123, 66, 15, 18, 40, 20, 31, 33, 42, 110, 107, 87, 102, 116, 78, 117, 101, 95, 98, 121, 109, 0, 62, 65, 30, 16, 29, 47, 56, 57, 22, 3, 64, 17, 111, 122, 39, 112, 96, 108, 21, 58, 44, 114, 115, 60, 10, 8, 86, 94, 119, 1, 7, 11, 100, 104, 77, 59, 81, 53, 52, 49, 46, 91, 92, 93, 97, 43, 72, 34, 103, 23, 125]
S clipart T sketch Train Ep: 6000 lr0.007029266564879363 	 Loss Classification: 0.162021 Loss T 0.041950 Method MME

24
24
24
24
24
24
24
24
24
24
24
24
24
24
24
24
tensor(1134.)

Labeled Target set: Average loss: 2.3850, Accuracy: 637/1134 F1 (56.1728%)


Test set: Average loss: 2.2599, Accuracy: 14744/23808 F1 (61.9288%)


Val set: Average loss: 2.2035, Accuracy: 218/360 F1 (60.5556%)

Patience Reset, Counter is: 4
best acc test 61.928763  acc val 60.555556 acc labeled target 56.172840
saving model...
S clipart T sketch Train Ep: 6100 lr0.006996496045111504 	 Loss Classification: 0.341398 Loss T 0.064158 Method MME

S clipart T sketch Train Ep: 6200 lr0.00696407980201184 	 Loss Classification: 0.279709 Loss T 0.062517 Method MME

S clipart T sketch Train Ep: 6300 lr0.006932011853915101 	 Loss Classification: 0.069044 Loss T 0.067635 Method MME

S clipart T sketch Train Ep: 6400 lr0.006900286356036734 	 Loss Classification: 0.122202 Loss T 0.052027 Method MME

S clipart T sketch Train Ep: 6500 lr0.006868897596529406 	 Loss Classification: 0.272589 Loss T 0.057111 Method MME

24
24
24
24
24
24
24
24
24
24
24
24
24
24
24
24
tensor(1134.)

Labeled Target set: Average loss: 2.5093, Accuracy: 607/1134 F1 (53.5273%)


Test set: Average loss: 2.3269, Accuracy: 14725/23808 F1 (61.8490%)


Val set: Average loss: 2.2548, Accuracy: 215/360 F1 (59.7222%)

Patience getting saturated, current counter is:  0
best acc test 61.928763  acc val 59.722222 acc labeled target 53.527337
saving model...
S clipart T sketch Train Ep: 6600 lr0.006837839992676177 	 Loss Classification: 0.147020 Loss T 0.047263 Method MME

S clipart T sketch Train Ep: 6700 lr0.006807108087214876 	 Loss Classification: 0.195941 Loss T 0.047856 Method MME

S clipart T sketch Train Ep: 6800 lr0.006776696544788352 	 Loss Classification: 0.159910 Loss T 0.044103 Method MME

S clipart T sketch Train Ep: 6900 lr0.006746600148515609 	 Loss Classification: 0.162266 Loss T 0.055000 Method MME

Per Class Accuracy Calculated According to the Labelled Target examples is:  [0.44444445 1.         0.11111111 0.6666667  0.33333334 0.
 0.33333334 1.         1.         0.         1.         1.
 0.         0.         0.22222222 0.6666667  1.         0.6666667
 0.44444445 0.         0.8888889  0.8888889  0.22222222 1.
 0.33333334 0.         0.33333334 0.         0.         0.5555556
 0.5555556  0.44444445 0.22222222 0.11111111 1.         0.33333334
 0.7777778  0.         0.         0.7777778  0.5555556  0.6666667
 0.6666667  0.6666667  0.8888889  0.33333334 1.         0.44444445
 0.33333334 1.         0.44444445 0.33333334 1.         0.8888889
 0.22222222 0.44444445 0.7777778  0.6666667  1.         1.
 0.8888889  0.33333334 0.8888889  0.33333334 0.7777778  0.6666667
 0.7777778  0.         0.         0.         0.33333334 0.6666667
 0.6666667  0.44444445 0.33333334 0.         0.         1.
 0.6666667  0.         0.         0.8888889  0.         0.
 0.         0.         0.7777778  0.6666667  0.         0.33333334
 0.33333334 1.         0.7777778  1.         0.7777778  0.5555556
 0.5555556  1.         0.6666667  0.33333334 1.         0.6666667
 0.6666667  1.         1.         0.11111111 0.5555556  0.6666667
 0.8888889  0.6666667  0.8888889  0.33333334 0.7777778  1.
 0.6666667  0.8888889  0.5555556  0.6666667  0.22222222 0.7777778
 0.11111111 0.7777778  0.8888889  0.33333334 0.22222222 1.        ]
Top k classes which perform poorly are:  [25, 69, 75, 76, 28, 27, 68, 67, 79, 80, 82, 19, 83, 38, 85, 84, 37, 13, 12, 88, 9, 5, 120, 33, 105, 2, 32, 118, 14, 124, 22, 54, 45, 111, 63, 61, 48, 35, 74, 26, 24, 89, 90, 6, 4, 99, 123, 70, 51, 73, 55, 0, 31, 18, 50, 47, 116, 29, 30, 40, 96, 106, 95, 78, 98, 3, 87, 15, 17, 117, 101, 102, 57, 109, 72, 43, 42, 114, 41, 107, 65, 71, 39, 66, 36, 86, 64, 119, 121, 92, 56, 94, 112, 115, 108, 122, 110, 62, 81, 60, 20, 53, 21, 44, 93, 1, 7, 8, 10, 11, 16, 23, 34, 46, 97, 49, 52, 58, 59, 104, 103, 77, 100, 91, 113, 125]
S clipart T sketch Train Ep: 7000 lr0.006716813796678979 	 Loss Classification: 0.208800 Loss T 0.044507 Method MME

24
24
24
24
24
24
24
24
24
24
24
24
24
24
24
24
tensor(1134.)

Labeled Target set: Average loss: 2.4988, Accuracy: 634/1134 F1 (55.9083%)


Test set: Average loss: 2.3649, Accuracy: 14748/23808 F1 (61.9456%)


Val set: Average loss: 2.2362, Accuracy: 222/360 F1 (61.6667%)

Patience Reset, Counter is: 1
best acc test 61.945565  acc val 61.666667 acc labeled target 55.908289
saving model...
S clipart T sketch Train Ep: 7100 lr0.006687332499522798 	 Loss Classification: 0.144119 Loss T 0.043679 Method MME

S clipart T sketch Train Ep: 7200 lr0.006658151376159165 	 Loss Classification: 0.041891 Loss T 0.049071 Method MME

S clipart T sketch Train Ep: 7300 lr0.00662926565157663 	 Loss Classification: 0.026420 Loss T 0.053759 Method MME

S clipart T sketch Train Ep: 7400 lr0.006600670653747793 	 Loss Classification: 0.139790 Loss T 0.046226 Method MME

S clipart T sketch Train Ep: 7500 lr0.0065723618108320175 	 Loss Classification: 0.069190 Loss T 0.043189 Method MME

24
24
24
24
24
24
24
24
24
24
24
24
24
24
24
24
tensor(1134.)

Labeled Target set: Average loss: 2.5079, Accuracy: 643/1134 F1 (56.7019%)


Test set: Average loss: 2.3185, Accuracy: 14887/23808 F1 (62.5294%)


Val set: Average loss: 2.2931, Accuracy: 218/360 F1 (60.5556%)

Patience getting saturated, current counter is:  0
best acc test 61.945565  acc val 60.555556 acc labeled target 56.701940
saving model...
S clipart T sketch Train Ep: 7600 lr0.006544334648469591 	 Loss Classification: 0.279659 Loss T 0.073392 Method MME

S clipart T sketch Train Ep: 7700 lr0.006516584787163857 	 Loss Classification: 0.015192 Loss T 0.041483 Method MME

S clipart T sketch Train Ep: 7800 lr0.006489107939747966 	 Loss Classification: 0.185006 Loss T 0.059030 Method MME

S clipart T sketch Train Ep: 7900 lr0.0064618999089330565 	 Loss Classification: 0.019919 Loss T 0.048358 Method MME

Per Class Accuracy Calculated According to the Labelled Target examples is:  [0.33333334 1.         0.         0.5555556  0.22222222 0.
 0.33333334 1.         1.         0.44444445 0.8888889  1.
 0.         0.11111111 0.22222222 1.         1.         0.6666667
 0.7777778  0.         0.6666667  0.7777778  0.33333334 0.8888889
 0.22222222 0.         0.33333334 0.11111111 0.         0.8888889
 0.6666667  0.44444445 0.11111111 0.5555556  1.         0.
 0.6666667  0.         0.44444445 0.8888889  0.7777778  0.44444445
 0.7777778  0.7777778  1.         0.44444445 1.         0.5555556
 0.44444445 1.         0.33333334 0.33333334 1.         0.8888889
 1.         0.5555556  0.8888889  0.5555556  1.         0.8888889
 1.         0.33333334 1.         0.44444445 0.7777778  0.8888889
 0.7777778  0.         0.         0.         0.33333334 0.7777778
 0.5555556  0.44444445 0.11111111 0.         0.         1.
 0.7777778  0.11111111 0.         1.         0.         0.
 0.44444445 0.         1.         0.6666667  0.         0.22222222
 0.5555556  1.         0.7777778  1.         0.8888889  0.5555556
 0.7777778  0.8888889  0.6666667  0.22222222 1.         0.6666667
 0.6666667  1.         1.         0.11111111 0.5555556  0.7777778
 1.         0.5555556  0.5555556  0.6666667  0.8888889  0.
 1.         1.         0.5555556  0.6666667  0.         0.6666667
 0.33333334 0.8888889  0.6666667  0.6666667  0.33333334 1.        ]
Top k classes which perform poorly are:  [76, 113, 28, 67, 25, 68, 69, 19, 75, 37, 118, 12, 35, 82, 83, 85, 88, 2, 5, 80, 13, 32, 79, 74, 27, 105, 99, 24, 89, 14, 4, 124, 61, 70, 50, 0, 51, 22, 120, 26, 6, 73, 63, 9, 84, 48, 31, 45, 38, 41, 47, 109, 110, 106, 95, 57, 3, 116, 33, 90, 55, 72, 87, 122, 98, 119, 123, 17, 20, 117, 102, 101, 36, 111, 30, 40, 96, 42, 43, 92, 21, 107, 78, 66, 18, 64, 71, 97, 23, 94, 65, 39, 53, 112, 29, 121, 56, 10, 59, 104, 108, 114, 115, 62, 100, 1, 7, 8, 11, 15, 16, 34, 44, 46, 49, 52, 54, 58, 60, 77, 81, 86, 91, 93, 103, 125]
S clipart T sketch Train Ep: 8000 lr0.006434956584934828 	 Loss Classification: 0.068106 Loss T 0.058557 Method MME

24
24
24
24
24
24
24
24
24
24
24
24
24
24
24
24
tensor(1134.)

Labeled Target set: Average loss: 2.3898, Accuracy: 670/1134 F1 (59.0829%)


Test set: Average loss: 2.3518, Accuracy: 14996/23808 F1 (62.9872%)


Val set: Average loss: 2.3964, Accuracy: 213/360 F1 (59.1667%)

Patience getting saturated, current counter is:  1
best acc test 61.945565  acc val 59.166667 acc labeled target 59.082892
saving model...
S clipart T sketch Train Ep: 8100 lr0.006408273943175546 	 Loss Classification: 0.077540 Loss T 0.063788 Method MME

S clipart T sketch Train Ep: 8200 lr0.006381848042058713 	 Loss Classification: 0.075819 Loss T 0.059957 Method MME

S clipart T sketch Train Ep: 8300 lr0.0063556750208137005 	 Loss Classification: 0.223230 Loss T 0.047177 Method MME

S clipart T sketch Train Ep: 8400 lr0.006329751097407787 	 Loss Classification: 0.376370 Loss T 0.060532 Method MME

S clipart T sketch Train Ep: 8500 lr0.0063040725665231365 	 Loss Classification: 0.057429 Loss T 0.067054 Method MME

24
24
24
24
24
24
24
24
24
24
24
24
24
24
24
24
tensor(1134.)

Labeled Target set: Average loss: 0.1924, Accuracy: 1080/1134 F1 (95.2381%)


Test set: Average loss: 1.9836, Accuracy: 15803/23808 F1 (66.3768%)


Val set: Average loss: 1.6674, Accuracy: 243/360 F1 (67.5000%)

Patience Reset, Counter is: 2
best acc test 66.376848  acc val 67.500000 acc labeled target 95.238095
saving model...
S clipart T sketch Train Ep: 8600 lr0.006278635797596355 	 Loss Classification: 0.227936 Loss T 0.050854 Method MME

S clipart T sketch Train Ep: 8700 lr0.006253437232918371 	 Loss Classification: 0.024487 Loss T 0.061203 Method MME

S clipart T sketch Train Ep: 8800 lr0.0062284733857924735 	 Loss Classification: 0.044609 Loss T 0.040155 Method MME

S clipart T sketch Train Ep: 8900 lr0.006203740838748417 	 Loss Classification: 0.041538 Loss T 0.039158 Method MME

Per Class Accuracy Calculated According to the Labelled Target examples is:  [1.        1.        1.        0.8888889 1.        1.        0.8888889
 1.        1.        1.        1.        1.        1.        0.8888889
 1.        1.        1.        1.        0.8888889 0.7777778 0.8888889
 1.        1.        1.        1.        0.8888889 0.8888889 1.
 0.8888889 0.8888889 1.        0.7777778 1.        1.        1.
 0.7777778 1.        1.        0.8888889 0.8888889 1.        0.8888889
 0.8888889 1.        1.        1.        1.        0.8888889 0.8888889
 1.        1.        1.        0.8888889 0.8888889 0.8888889 1.
 1.        1.        1.        1.        1.        1.        0.8888889
 1.        1.        0.8888889 1.        0.8888889 0.8888889 1.
 0.8888889 1.        0.8888889 1.        1.        0.8888889 1.
 0.8888889 1.        1.        1.        0.8888889 0.8888889 0.8888889
 0.8888889 0.7777778 1.        1.        0.8888889 1.        1.
 0.8888889 1.        1.        1.        1.        1.        0.7777778
 1.        0.8888889 0.8888889 1.        1.        1.        1.
 1.        0.8888889 1.        0.8888889 1.        0.7777778 1.
 1.        0.8888889 0.8888889 1.        1.        1.        0.8888889
 1.        0.7777778 1.        1.        0.8888889 1.        1.       ]
Top k classes which perform poorly are:  [31, 120, 97, 19, 85, 110, 35, 100, 38, 39, 41, 42, 47, 48, 91, 52, 62, 88, 84, 83, 82, 81, 65, 67, 68, 70, 72, 77, 53, 54, 99, 29, 123, 3, 6, 118, 114, 13, 113, 18, 20, 108, 75, 106, 28, 26, 25, 102, 79, 121, 101, 115, 80, 119, 122, 103, 117, 116, 78, 105, 86, 87, 76, 89, 90, 104, 111, 92, 93, 98, 109, 94, 95, 96, 107, 112, 0, 73, 32, 30, 27, 24, 23, 22, 21, 17, 16, 15, 14, 12, 11, 10, 9, 8, 7, 5, 4, 2, 1, 33, 74, 34, 37, 71, 69, 66, 64, 63, 124, 61, 60, 59, 58, 57, 56, 55, 51, 50, 49, 46, 45, 44, 43, 40, 36, 125]
S clipart T sketch Train Ep: 9000 lr0.006179236241810624 	 Loss Classification: 0.069018 Loss T 0.043777 Method MME

24
24
24
24
24
24
24
24
24
24
24
24
24
24
24
24
tensor(1134.)

Labeled Target set: Average loss: 0.1676, Accuracy: 1096/1134 F1 (96.6490%)


Test set: Average loss: 1.9619, Accuracy: 15998/23808 F1 (67.1959%)


Val set: Average loss: 1.7822, Accuracy: 238/360 F1 (66.1111%)

Patience getting saturated, current counter is:  0
best acc test 66.376848  acc val 66.111111 acc labeled target 96.649030
saving model...
S clipart T sketch Train Ep: 9100 lr0.006154956310818535 	 Loss Classification: 0.015982 Loss T 0.046604 Method MME

S clipart T sketch Train Ep: 9200 lr0.0061308978257973165 	 Loss Classification: 0.033745 Loss T 0.034380 Method MME

S clipart T sketch Train Ep: 9300 lr0.0061070576293771285 	 Loss Classification: 0.029549 Loss T 0.050937 Method MME

S clipart T sketch Train Ep: 9400 lr0.006083432625259276 	 Loss Classification: 0.103585 Loss T 0.055209 Method MME

S clipart T sketch Train Ep: 9500 lr0.006060019776727621 	 Loss Classification: 0.020213 Loss T 0.048480 Method MME

24
24
24
24
24
24
24
24
24
24
24
24
24
24
24
24
tensor(1134.)

Labeled Target set: Average loss: 0.1230, Accuracy: 1107/1134 F1 (97.6190%)


Test set: Average loss: 1.9840, Accuracy: 16068/23808 F1 (67.4899%)


Val set: Average loss: 1.6441, Accuracy: 237/360 F1 (65.8333%)

Patience getting saturated, current counter is:  1
best acc test 66.376848  acc val 65.833333 acc labeled target 97.619048
saving model...
S clipart T sketch Train Ep: 9600 lr0.00603681610520369 	 Loss Classification: 0.140920 Loss T 0.036929 Method MME

S clipart T sketch Train Ep: 9700 lr0.0060138186888439825 	 Loss Classification: 0.153705 Loss T 0.030518 Method MME

S clipart T sketch Train Ep: 9800 lr0.005991024661178045 	 Loss Classification: 0.084127 Loss T 0.047243 Method MME

S clipart T sketch Train Ep: 9900 lr0.0059684312097859115 	 Loss Classification: 0.341272 Loss T 0.033956 Method MME

Per Class Accuracy Calculated According to the Labelled Target examples is:  [0.8888889 1.        1.        1.        1.        0.8888889 1.
 1.        1.        1.        1.        1.        1.        1.
 1.        1.        1.        1.        0.8888889 0.8888889 1.
 1.        1.        1.        1.        1.        1.        1.
 1.        0.8888889 1.        0.8888889 1.        1.        1.
 1.        1.        1.        1.        1.        1.        1.
 1.        1.        0.8888889 0.8888889 1.        1.        1.
 1.        1.        1.        1.        1.        0.8888889 1.
 0.8888889 1.        1.        1.        1.        0.7777778 1.
 1.        1.        1.        1.        1.        1.        1.
 1.        1.        0.8888889 0.8888889 1.        0.8888889 0.8888889
 1.        1.        1.        1.        1.        1.        1.
 1.        1.        1.        1.        1.        0.8888889 1.
 1.        1.        1.        1.        1.        0.8888889 0.8888889
 1.        1.        1.        0.8888889 1.        1.        1.
 0.8888889 1.        1.        1.        1.        0.8888889 1.
 1.        1.        1.        1.        1.        0.8888889 0.6666667
 1.        1.        1.        1.        1.        0.8888889 1.       ]
Top k classes which perform poorly are:  [118, 61, 0, 101, 29, 31, 97, 89, 44, 45, 54, 56, 76, 75, 73, 124, 72, 105, 19, 96, 117, 110, 5, 18, 122, 85, 84, 83, 82, 81, 80, 79, 78, 116, 77, 115, 119, 70, 71, 74, 120, 121, 123, 107, 86, 87, 106, 108, 104, 103, 102, 109, 100, 99, 98, 114, 111, 69, 95, 94, 93, 92, 91, 90, 113, 88, 112, 68, 62, 66, 28, 27, 26, 25, 24, 23, 22, 21, 20, 17, 16, 15, 14, 13, 12, 11, 10, 9, 8, 7, 6, 4, 3, 2, 1, 30, 67, 32, 34, 65, 64, 63, 60, 59, 58, 57, 55, 53, 52, 51, 50, 49, 48, 47, 46, 43, 42, 41, 40, 39, 38, 37, 36, 35, 33, 125]
S clipart T sketch Train Ep: 10000 lr0.005946035575013605 	 Loss Classification: 0.180896 Loss T 0.049947 Method MME

24
24
24
24
24
24
24
24
24
24
24
24
24
24
24
24
tensor(1134.)

Labeled Target set: Average loss: 0.1315, Accuracy: 1100/1134 F1 (97.0018%)


Test set: Average loss: 2.0697, Accuracy: 16112/23808 F1 (67.6747%)


Val set: Average loss: 1.7315, Accuracy: 242/360 F1 (67.2222%)

Patience getting saturated, current counter is:  2
best acc test 66.376848  acc val 67.222222 acc labeled target 97.001764
saving model...
S clipart T sketch Train Ep: 10100 lr0.005923835048725393 	 Loss Classification: 0.322451 Loss T 0.043160 Method MME

S clipart T sketch Train Ep: 10200 lr0.005901826973091593 	 Loss Classification: 0.069665 Loss T 0.050105 Method MME

S clipart T sketch Train Ep: 10300 lr0.005880008739410735 	 Loss Classification: 0.032051 Loss T 0.052548 Method MME

S clipart T sketch Train Ep: 10400 lr0.005858377786964935 	 Loss Classification: 0.111447 Loss T 0.047282 Method MME

S clipart T sketch Train Ep: 10500 lr0.005836931601907399 	 Loss Classification: 0.397323 Loss T 0.030554 Method MME

24
24
24
24
24
24
24
24
24
24
24
24
24
24
24
24
tensor(1134.)

Labeled Target set: Average loss: 0.1138, Accuracy: 1112/1134 F1 (98.0600%)


Test set: Average loss: 2.0850, Accuracy: 16118/23808 F1 (67.6999%)


Val set: Average loss: 1.7572, Accuracy: 247/360 F1 (68.6111%)

Patience Reset, Counter is: 3
best acc test 67.699933  acc val 68.611111 acc labeled target 98.059965
saving model...
S clipart T sketch Train Ep: 10600 lr0.005815667716181004 	 Loss Classification: 0.036681 Loss T 0.040170 Method MME

S clipart T sketch Train Ep: 10700 lr0.005794583706466925 	 Loss Classification: 0.022278 Loss T 0.032407 Method MME

S clipart T sketch Train Ep: 10800 lr0.005773677193162352 	 Loss Classification: 0.012737 Loss T 0.045150 Method MME

S clipart T sketch Train Ep: 10900 lr0.005752945839386346 	 Loss Classification: 0.037278 Loss T 0.059554 Method MME

Per Class Accuracy Calculated According to the Labelled Target examples is:  [1.        1.        1.        0.8888889 1.        1.        1.
 1.        1.        1.        1.        1.        1.        1.
 1.        1.        1.        0.8888889 1.        1.        1.
 1.        1.        1.        1.        1.        0.7777778 1.
 0.8888889 1.        0.8888889 1.        1.        0.8888889 1.
 1.        1.        1.        1.        0.8888889 0.8888889 0.8888889
 1.        1.        1.        1.        1.        0.8888889 1.
 1.        1.        1.        1.        1.        0.8888889 1.
 1.        1.        1.        1.        1.        1.        1.
 1.        1.        0.8888889 1.        1.        1.        1.
 1.        1.        1.        1.        1.        1.        1.
 1.        1.        1.        0.8888889 1.        1.        1.
 0.8888889 1.        1.        1.        0.8888889 1.        1.
 0.8888889 1.        0.8888889 1.        1.        1.        1.
 1.        1.        1.        1.        1.        1.        1.
 1.        0.8888889 1.        1.        1.        0.8888889 1.
 1.        1.        1.        1.        1.        1.        0.8888889
 1.        1.        1.        1.        1.        0.8888889 1.       ]
Top k classes which perform poorly are:  [26, 39, 106, 93, 17, 54, 110, 80, 28, 88, 84, 30, 33, 118, 124, 91, 41, 3, 65, 40, 47, 90, 87, 89, 0, 85, 83, 81, 79, 78, 77, 76, 75, 74, 73, 72, 71, 86, 82, 96, 94, 123, 122, 121, 120, 119, 117, 116, 115, 114, 113, 112, 111, 92, 109, 107, 105, 104, 103, 102, 101, 100, 99, 98, 97, 70, 95, 108, 69, 62, 67, 27, 25, 24, 23, 22, 21, 20, 19, 18, 16, 15, 29, 14, 12, 11, 10, 9, 8, 7, 6, 5, 4, 2, 1, 13, 31, 32, 34, 66, 64, 63, 61, 60, 59, 58, 57, 56, 55, 53, 52, 51, 50, 49, 48, 46, 45, 44, 43, 42, 38, 37, 36, 35, 68, 125]
S clipart T sketch Train Ep: 11000 lr0.005732387350012933 	 Loss Classification: 0.029571 Loss T 0.045975 Method MME

24
24
24
24
24
24
24
24
24
24
24
24
24
24
24
24
tensor(1134.)

Labeled Target set: Average loss: 0.1419, Accuracy: 1103/1134 F1 (97.2663%)


Test set: Average loss: 2.0722, Accuracy: 16171/23808 F1 (67.9225%)


Val set: Average loss: 1.8728, Accuracy: 238/360 F1 (66.1111%)

Patience getting saturated, current counter is:  0
best acc test 67.699933  acc val 66.111111 acc labeled target 97.266314
saving model...
S clipart T sketch Train Ep: 11100 lr0.005711999470730565 	 Loss Classification: 0.193336 Loss T 0.042114 Method MME

S clipart T sketch Train Ep: 11200 lr0.005691779987127103 	 Loss Classification: 0.027963 Loss T 0.060658 Method MME

S clipart T sketch Train Ep: 11300 lr0.005671726723799515 	 Loss Classification: 0.051796 Loss T 0.035275 Method MME

S clipart T sketch Train Ep: 11400 lr0.005651837543487509 	 Loss Classification: 0.159216 Loss T 0.047802 Method MME

S clipart T sketch Train Ep: 11500 lr0.005632110346230358 	 Loss Classification: 0.051409 Loss T 0.044882 Method MME

24
24
24
24
24
24
24
24
24
24
24
24
24
24
24
24
tensor(1134.)

Labeled Target set: Average loss: 0.1072, Accuracy: 1108/1134 F1 (97.7072%)


Test set: Average loss: 2.0252, Accuracy: 16286/23808 F1 (68.4056%)


Val set: Average loss: 1.6875, Accuracy: 238/360 F1 (66.1111%)

Patience getting saturated, current counter is:  1
best acc test 67.699933  acc val 66.111111 acc labeled target 97.707231
saving model...
S clipart T sketch Train Ep: 11600 lr0.005612543068546177 	 Loss Classification: 0.047397 Loss T 0.036128 Method MME

S clipart T sketch Train Ep: 11700 lr0.005593133682632953 	 Loss Classification: 0.038860 Loss T 0.021414 Method MME

S clipart T sketch Train Ep: 11800 lr0.005573880195590681 	 Loss Classification: 0.167455 Loss T 0.037916 Method MME

S clipart T sketch Train Ep: 11900 lr0.0055547806486639095 	 Loss Classification: 0.197294 Loss T 0.036963 Method MME

Per Class Accuracy Calculated According to the Labelled Target examples is:  [1.        1.        1.        1.        0.8888889 1.        1.
 1.        1.        0.7777778 1.        1.        1.        1.
 0.8888889 1.        1.        1.        0.8888889 0.8888889 1.
 1.        1.        1.        1.        1.        0.7777778 1.
 0.8888889 1.        1.        0.8888889 0.8888889 1.        1.
 0.8888889 0.8888889 1.        1.        1.        1.        1.
 1.        1.        0.8888889 0.8888889 1.        0.8888889 0.8888889
 1.        1.        1.        1.        1.        1.        1.
 0.8888889 1.        1.        1.        0.8888889 1.        1.
 1.        0.8888889 1.        1.        1.        1.        1.
 1.        1.        1.        1.        1.        0.8888889 1.
 1.        1.        1.        1.        1.        1.        1.
 0.8888889 1.        1.        1.        1.        1.        1.
 1.        0.8888889 1.        1.        0.8888889 1.        1.
 1.        0.8888889 1.        1.        1.        1.        1.
 1.        1.        1.        1.        1.        1.        1.
 1.        1.        1.        1.        1.        1.        1.
 1.        1.        1.        1.        1.        0.8888889 1.       ]
Top k classes which perform poorly are:  [9, 26, 35, 92, 44, 36, 45, 99, 32, 31, 47, 48, 28, 19, 18, 56, 84, 95, 14, 75, 4, 60, 64, 124, 74, 76, 77, 91, 78, 79, 82, 90, 89, 88, 87, 86, 85, 93, 81, 83, 80, 0, 96, 123, 122, 121, 120, 119, 118, 117, 116, 115, 114, 113, 112, 111, 110, 109, 108, 107, 106, 105, 104, 103, 102, 101, 100, 73, 98, 97, 94, 72, 62, 70, 30, 29, 27, 25, 24, 23, 22, 21, 20, 17, 16, 15, 13, 12, 11, 10, 8, 7, 6, 5, 3, 2, 1, 33, 71, 34, 38, 69, 68, 67, 66, 65, 63, 61, 59, 58, 57, 55, 54, 53, 52, 51, 50, 49, 46, 43, 42, 41, 40, 39, 37, 125]
S clipart T sketch Train Ep: 12000 lr0.005535833116504121 	 Loss Classification: 0.034739 Loss T 0.025575 Method MME

24
24
24
24
24
24
24
24
24
24
24
24
24
24
24
24
tensor(1134.)

Labeled Target set: Average loss: 0.1709, Accuracy: 1094/1134 F1 (96.4727%)


Test set: Average loss: 2.1127, Accuracy: 16227/23808 F1 (68.1578%)


Val set: Average loss: 1.8337, Accuracy: 244/360 F1 (67.7778%)

Patience getting saturated, current counter is:  2
best acc test 67.699933  acc val 67.777778 acc labeled target 96.472663
saving model...
S clipart T sketch Train Ep: 12100 lr0.00551703570645129 	 Loss Classification: 0.079499 Loss T 0.043140 Method MME

S clipart T sketch Train Ep: 12200 lr0.005498386557834078 	 Loss Classification: 0.020110 Loss T 0.031323 Method MME

S clipart T sketch Train Ep: 12300 lr0.00547988384128807 	 Loss Classification: 0.108847 Loss T 0.032525 Method MME

S clipart T sketch Train Ep: 12400 lr0.005461525758091539 	 Loss Classification: 0.038461 Loss T 0.036633 Method MME

S clipart T sketch Train Ep: 12500 lr0.005443310539518174 	 Loss Classification: 0.091960 Loss T 0.038052 Method MME

24
24
24
24
24
24
24
24
24
24
24
24
24
24
24
24
tensor(1134.)

Labeled Target set: Average loss: 0.0942, Accuracy: 1106/1134 F1 (97.5309%)


Test set: Average loss: 2.0889, Accuracy: 16292/23808 F1 (68.4308%)


Val set: Average loss: 1.7529, Accuracy: 238/360 F1 (66.1111%)

Patience getting saturated, current counter is:  3
best acc test 67.699933  acc val 66.111111 acc labeled target 97.530864
saving model...
S clipart T sketch Train Ep: 12600 lr0.005425236446206295 	 Loss Classification: 0.042640 Loss T 0.023662 Method MME

S clipart T sketch Train Ep: 12700 lr0.005407301767544059 	 Loss Classification: 0.041188 Loss T 0.043011 Method MME

S clipart T sketch Train Ep: 12800 lr0.005389504821070177 	 Loss Classification: 0.090163 Loss T 0.042919 Method MME

S clipart T sketch Train Ep: 12900 lr0.005371843951889677 	 Loss Classification: 0.171974 Loss T 0.038751 Method MME

Per Class Accuracy Calculated According to the Labelled Target examples is:  [1.        1.        1.        1.        1.        1.        0.8888889
 1.        1.        0.8888889 1.        1.        0.8888889 1.
 1.        1.        1.        1.        1.        1.        1.
 1.        1.        0.8888889 1.        1.        1.        1.
 1.        1.        1.        1.        1.        1.        1.
 1.        1.        1.        1.        1.        1.        0.8888889
 1.        1.        1.        1.        1.        1.        1.
 1.        1.        1.        1.        1.        1.        1.
 0.8888889 0.8888889 1.        1.        1.        1.        1.
 1.        1.        1.        1.        0.8888889 0.8888889 1.
 1.        1.        0.8888889 1.        1.        0.8888889 0.8888889
 0.8888889 1.        1.        0.8888889 1.        0.8888889 0.8888889
 1.        1.        1.        0.8888889 1.        1.        1.
 1.        1.        1.        0.7777778 1.        1.        1.
 1.        0.8888889 1.        1.        1.        1.        1.
 1.        0.8888889 0.8888889 1.        1.        0.8888889 1.
 1.        1.        1.        0.8888889 0.8888889 0.8888889 1.
 1.        1.        0.8888889 1.        1.        0.8888889 1.       ]
Top k classes which perform poorly are:  [94, 67, 87, 68, 83, 99, 82, 80, 23, 77, 106, 107, 41, 75, 110, 76, 57, 12, 115, 116, 9, 117, 124, 72, 56, 6, 121, 74, 69, 86, 85, 81, 70, 71, 79, 78, 73, 84, 88, 0, 90, 123, 122, 120, 119, 118, 114, 113, 112, 111, 109, 108, 105, 104, 103, 102, 101, 100, 98, 97, 95, 93, 92, 91, 89, 96, 62, 65, 30, 29, 28, 27, 26, 25, 24, 22, 21, 20, 19, 18, 31, 17, 15, 14, 13, 11, 10, 8, 7, 5, 4, 3, 2, 1, 16, 66, 32, 34, 64, 63, 61, 60, 59, 58, 55, 54, 53, 52, 51, 50, 33, 49, 47, 46, 45, 44, 43, 42, 40, 39, 38, 37, 36, 35, 48, 125]
S clipart T sketch Train Ep: 13000 lr0.0053543175321042955 	 Loss Classification: 0.034337 Loss T 0.026767 Method MME

24
24
24
24
24
24
24
24
24
24
24
24
24
24
24
24
tensor(1134.)

Labeled Target set: Average loss: 0.1582, Accuracy: 1096/1134 F1 (96.6490%)


Test set: Average loss: 2.0944, Accuracy: 16299/23808 F1 (68.4602%)


Val set: Average loss: 1.8024, Accuracy: 247/360 F1 (68.6111%)

Patience Reset, Counter is: 4
best acc test 68.460181  acc val 68.611111 acc labeled target 96.649030
saving model...
S clipart T sketch Train Ep: 13100 lr0.005336923960257046 	 Loss Classification: 0.042834 Loss T 0.047761 Method MME

S clipart T sketch Train Ep: 13200 lr0.0053196616607905645 	 Loss Classification: 0.032686 Loss T 0.041720 Method MME

S clipart T sketch Train Ep: 13300 lr0.0053025290835188275 	 Loss Classification: 0.056508 Loss T 0.035609 Method MME

S clipart T sketch Train Ep: 13400 lr0.005285524703111859 	 Loss Classification: 0.024953 Loss T 0.030997 Method MME

S clipart T sketch Train Ep: 13500 lr0.005268647018593052 	 Loss Classification: 0.016965 Loss T 0.038355 Method MME

24
24
24
24
24
24
24
24
24
24
24
24
24
24
24
24
tensor(1134.)

Labeled Target set: Average loss: 0.0969, Accuracy: 1107/1134 F1 (97.6190%)


Test set: Average loss: 2.1252, Accuracy: 16398/23808 F1 (68.8760%)


Val set: Average loss: 1.7472, Accuracy: 246/360 F1 (68.3333%)

Patience getting saturated, current counter is:  0
best acc test 68.460181  acc val 68.333333 acc labeled target 97.619048
saving model...
S clipart T sketch Train Ep: 13600 lr0.005251894552848747 	 Loss Classification: 0.012602 Loss T 0.038070 Method MME

S clipart T sketch Train Ep: 13700 lr0.005235265852149712 	 Loss Classification: 0.040441 Loss T 0.050653 Method MME

S clipart T sketch Train Ep: 13800 lr0.005218759485684187 	 Loss Classification: 0.031591 Loss T 0.033248 Method MME

S clipart T sketch Train Ep: 13900 lr0.005202374045102174 	 Loss Classification: 0.072606 Loss T 0.025594 Method MME

Per Class Accuracy Calculated According to the Labelled Target examples is:  [0.7777778 1.        1.        1.        1.        1.        1.
 1.        1.        1.        1.        1.        1.        1.
 0.8888889 1.        1.        1.        1.        1.        1.
 0.8888889 1.        1.        1.        0.8888889 1.        1.
 0.8888889 1.        1.        1.        1.        1.        0.8888889
 1.        0.8888889 1.        1.        1.        1.        0.8888889
 1.        1.        0.8888889 1.        1.        1.        1.
 1.        1.        1.        1.        1.        1.        1.
 1.        1.        1.        0.8888889 1.        1.        0.8888889
 1.        0.8888889 1.        1.        1.        0.8888889 1.
 1.        1.        0.8888889 0.8888889 1.        1.        1.
 1.        1.        1.        0.8888889 0.8888889 1.        1.
 1.        1.        1.        1.        1.        1.        1.
 1.        1.        1.        0.8888889 1.        1.        0.8888889
 1.        1.        1.        1.        1.        1.        1.
 0.8888889 0.8888889 1.        1.        0.8888889 1.        1.
 1.        0.8888889 1.        1.        1.        1.        0.8888889
 0.8888889 1.        0.8888889 1.        1.        1.        1.       ]
Top k classes which perform poorly are:  [0, 34, 36, 41, 44, 59, 64, 68, 72, 73, 28, 80, 94, 97, 105, 106, 109, 113, 118, 119, 121, 81, 25, 62, 21, 14, 24, 8, 96, 95, 9, 93, 92, 91, 90, 89, 88, 87, 86, 85, 84, 83, 82, 10, 11, 79, 78, 98, 99, 100, 101, 123, 122, 1, 120, 2, 3, 117, 116, 115, 114, 77, 4, 111, 110, 5, 108, 107, 6, 7, 104, 103, 102, 112, 76, 74, 23, 46, 45, 17, 43, 42, 18, 40, 39, 38, 37, 19, 35, 20, 33, 32, 31, 30, 29, 27, 26, 22, 47, 48, 49, 50, 12, 13, 71, 70, 69, 67, 66, 65, 15, 63, 75, 124, 60, 16, 58, 57, 56, 55, 54, 53, 52, 51, 61, 125]
S clipart T sketch Train Ep: 14000 lr0.005186108144070652 	 Loss Classification: 0.237903 Loss T 0.013608 Method MME

24
24
24
24
24
24
24
24
24
24
24
24
24
24
24
24
tensor(1134.)

Labeled Target set: Average loss: 0.1564, Accuracy: 1098/1134 F1 (96.8254%)


Test set: Average loss: 2.1241, Accuracy: 16425/23808 F1 (68.9894%)


Val set: Average loss: 1.7709, Accuracy: 248/360 F1 (68.8889%)

Patience Reset, Counter is: 1
best acc test 68.989415  acc val 68.888889 acc labeled target 96.825397
saving model...
S clipart T sketch Train Ep: 14100 lr0.005169960417839403 	 Loss Classification: 0.037203 Loss T 0.047842 Method MME

S clipart T sketch Train Ep: 14200 lr0.005153929522817161 	 Loss Classification: 0.170694 Loss T 0.047811 Method MME

S clipart T sketch Train Ep: 14300 lr0.005138014136157799 	 Loss Classification: 0.021594 Loss T 0.035525 Method MME

S clipart T sketch Train Ep: 14400 lr0.005122212955356274 	 Loss Classification: 0.039956 Loss T 0.032341 Method MME

S clipart T sketch Train Ep: 14500 lr0.005106524697854057 	 Loss Classification: 0.011471 Loss T 0.035996 Method MME

24
24
24
24
24
24
24
24
24
24
24
24
24
24
24
24
tensor(1134.)

Labeled Target set: Average loss: 0.1202, Accuracy: 1106/1134 F1 (97.5309%)


Test set: Average loss: 2.1569, Accuracy: 16321/23808 F1 (68.5526%)


Val set: Average loss: 1.7837, Accuracy: 244/360 F1 (67.7778%)

Patience getting saturated, current counter is:  0
best acc test 68.989415  acc val 67.777778 acc labeled target 97.530864
saving model...
S clipart T sketch Train Ep: 14600 lr0.005090948100653781 	 Loss Classification: 0.217106 Loss T 0.029263 Method MME

S clipart T sketch Train Ep: 14700 lr0.0050754819199428855 	 Loss Classification: 0.014967 Loss T 0.025281 Method MME

S clipart T sketch Train Ep: 14800 lr0.005060124930725974 	 Loss Classification: 0.038717 Loss T 0.048325 Method MME

S clipart T sketch Train Ep: 14900 lr0.00504487592646567 	 Loss Classification: 0.137251 Loss T 0.035197 Method MME

Per Class Accuracy Calculated According to the Labelled Target examples is:  [1.        1.        1.        1.        1.        1.        1.
 1.        1.        0.8888889 1.        1.        1.        0.8888889
 1.        1.        1.        1.        1.        0.8888889 1.
 0.8888889 1.        0.8888889 0.8888889 0.8888889 0.7777778 1.
 0.7777778 1.        1.        1.        1.        1.        1.
 1.        1.        0.7777778 1.        1.        0.8888889 1.
 1.        1.        1.        0.8888889 0.8888889 1.        1.
 1.        0.7777778 1.        1.        1.        1.        1.
 1.        1.        1.        1.        1.        1.        0.8888889
 0.8888889 1.        1.        1.        1.        0.8888889 1.
 1.        1.        1.        1.        1.        1.        1.
 1.        1.        1.        1.        1.        1.        1.
 1.        1.        1.        1.        1.        1.        1.
 1.        1.        1.        0.8888889 1.        1.        1.
 1.        1.        1.        1.        1.        1.        1.
 0.8888889 1.        0.8888889 1.        1.        1.        0.8888889
 1.        1.        1.        1.        0.8888889 1.        1.
 0.8888889 1.        1.        1.        1.        0.8888889 1.       ]
Top k classes which perform poorly are:  [37, 50, 28, 26, 62, 40, 45, 46, 105, 25, 24, 23, 94, 107, 19, 21, 68, 13, 124, 9, 116, 63, 111, 119, 80, 73, 74, 75, 90, 89, 88, 87, 84, 85, 76, 77, 83, 78, 79, 82, 81, 86, 91, 98, 93, 123, 122, 121, 120, 118, 117, 115, 114, 113, 112, 110, 92, 109, 106, 104, 103, 102, 101, 100, 99, 72, 97, 96, 95, 108, 71, 0, 69, 32, 31, 30, 29, 27, 22, 20, 18, 17, 16, 15, 14, 12, 11, 10, 8, 7, 6, 5, 4, 3, 2, 1, 33, 34, 35, 36, 67, 66, 65, 64, 61, 60, 59, 58, 57, 56, 55, 70, 54, 52, 51, 49, 48, 47, 44, 43, 42, 41, 39, 38, 53, 125]
S clipart T sketch Train Ep: 15000 lr0.005029733718731741 	 Loss Classification: 0.014732 Loss T 0.017055 Method MME

24
24
24
24
24
24
24
24
24
24
24
24
24
24
24
24
tensor(1134.)

Labeled Target set: Average loss: 0.1120, Accuracy: 1108/1134 F1 (97.7072%)


Test set: Average loss: 2.1479, Accuracy: 16387/23808 F1 (68.8298%)


Val set: Average loss: 1.7242, Accuracy: 246/360 F1 (68.3333%)

Patience getting saturated, current counter is:  1
best acc test 68.989415  acc val 68.333333 acc labeled target 97.707231
saving model...
S clipart T sketch Train Ep: 15100 lr0.005014697136858264 	 Loss Classification: 0.006701 Loss T 0.041148 Method MME

S clipart T sketch Train Ep: 15200 lr0.004999765027608607 	 Loss Classification: 0.083128 Loss T 0.042317 Method MME

S clipart T sketch Train Ep: 15300 lr0.004984936254848047 	 Loss Classification: 0.057289 Loss T 0.026318 Method MME

S clipart T sketch Train Ep: 15400 lr0.004970209699223787 	 Loss Classification: 0.142244 Loss T 0.027568 Method MME

S clipart T sketch Train Ep: 15500 lr0.0049555842578521995 	 Loss Classification: 0.042885 Loss T 0.032512 Method MME

24
24
24
24
24
24
24
24
24
24
24
24
24
24
24
24
tensor(1134.)

Labeled Target set: Average loss: 0.1077, Accuracy: 1108/1134 F1 (97.7072%)


Test set: Average loss: 2.2047, Accuracy: 16384/23808 F1 (68.8172%)


Val set: Average loss: 1.8219, Accuracy: 240/360 F1 (66.6667%)

Patience getting saturated, current counter is:  2
best acc test 68.989415  acc val 66.666667 acc labeled target 97.707231
saving model...
S clipart T sketch Train Ep: 15600 lr0.004941058844013093 	 Loss Classification: 0.045725 Loss T 0.036648 Method MME

S clipart T sketch Train Ep: 15700 lr0.004926632386850831 	 Loss Classification: 0.025688 Loss T 0.031575 Method MME

S clipart T sketch Train Ep: 15800 lr0.004912303831082109 	 Loss Classification: 0.042054 Loss T 0.051286 Method MME

S clipart T sketch Train Ep: 15900 lr0.004898072136710217 	 Loss Classification: 0.186817 Loss T 0.027701 Method MME

Per Class Accuracy Calculated According to the Labelled Target examples is:  [1.        1.        1.        1.        1.        1.        1.
 1.        1.        1.        1.        1.        1.        1.
 0.8888889 1.        1.        1.        1.        0.7777778 1.
 1.        1.        1.        1.        0.8888889 1.        1.
 0.8888889 1.        1.        0.8888889 1.        0.8888889 0.8888889
 1.        0.8888889 1.        0.8888889 1.        0.8888889 0.8888889
 1.        1.        1.        1.        1.        1.        1.
 1.        0.8888889 1.        1.        1.        1.        1.
 0.8888889 1.        1.        1.        0.8888889 1.        1.
 1.        1.        0.8888889 1.        1.        1.        1.
 0.8888889 1.        1.        1.        1.        0.8888889 0.8888889
 1.        1.        0.8888889 1.        1.        1.        1.
 1.        1.        0.8888889 0.8888889 1.        1.        1.
 1.        1.        1.        1.        1.        1.        1.
 1.        0.8888889 1.        1.        1.        1.        1.
 1.        1.        1.        0.8888889 1.        1.        1.
 1.        1.        1.        1.        0.8888889 1.        1.
 1.        1.        1.        1.        0.8888889 1.        1.       ]
Top k classes which perform poorly are:  [19, 28, 99, 31, 33, 36, 38, 40, 41, 34, 86, 50, 56, 79, 60, 76, 75, 65, 25, 87, 70, 14, 116, 123, 108, 115, 117, 85, 84, 83, 82, 81, 118, 80, 105, 119, 78, 120, 77, 121, 122, 74, 73, 72, 88, 89, 90, 91, 104, 103, 102, 107, 101, 100, 109, 98, 110, 106, 97, 96, 111, 95, 112, 94, 113, 114, 93, 92, 71, 0, 62, 68, 27, 26, 24, 23, 22, 21, 20, 18, 17, 16, 15, 29, 13, 11, 10, 9, 8, 7, 6, 5, 4, 3, 2, 1, 12, 69, 30, 35, 67, 66, 64, 63, 124, 61, 59, 58, 57, 55, 54, 32, 53, 51, 49, 48, 47, 46, 45, 44, 43, 42, 39, 37, 52, 125]
S clipart T sketch Train Ep: 16000 lr0.004883936278745637 	 Loss Classification: 0.035335 Loss T 0.020724 Method MME

24
24
24
24
24
24
24
24
24
24
24
24
24
24
24
24
tensor(1134.)

Labeled Target set: Average loss: 0.1518, Accuracy: 1102/1134 F1 (97.1781%)


Test set: Average loss: 2.2507, Accuracy: 16411/23808 F1 (68.9306%)


Val set: Average loss: 1.7784, Accuracy: 243/360 F1 (67.5000%)

Patience getting saturated, current counter is:  3
best acc test 68.989415  acc val 67.500000 acc labeled target 97.178131
saving model...
S clipart T sketch Train Ep: 16100 lr0.004869895246932789 	 Loss Classification: 0.014809 Loss T 0.025826 Method MME

S clipart T sketch Train Ep: 16200 lr0.004855948045482784 	 Loss Classification: 0.137772 Loss T 0.034995 Method MME

S clipart T sketch Train Ep: 16300 lr0.004842093692812012 	 Loss Classification: 0.002788 Loss T 0.020567 Method MME

Terminated
