Dataset multi Source real Target sketch Labeled num perclass 3 Network resnet34
126 classes in this dataset
Unlabelled Target Dataset Size:  23826
Labelled Target Dataset Size:  378
Misc. Labelled Target Dataset Size:  378
Bank keys - Target:  dict_keys(['feat_vec', 'labels', 'names', 'domain_identifier']) Source:  dict_keys(['feat_vec', 'labels', 'names', 'domain_identifier'])
Num  - Target:  23826 Source:  70358
Unlabeled Target Data Size: 496
S real T sketch Train Ep: 0 lr0.01 	 Loss Classification: 5.215180 Loss T 0.470698 Method MME

S real T sketch Train Ep: 100 lr0.009925650290240803 	 Loss Classification: 1.389628 Loss T 0.287860 Method MME

S real T sketch Train Ep: 200 lr0.009852577760521605 	 Loss Classification: 0.687434 Loss T 0.229894 Method MME

S real T sketch Train Ep: 300 lr0.009780748269686728 	 Loss Classification: 1.690748 Loss T 0.199393 Method MME

S real T sketch Train Ep: 400 lr0.009710128909124701 	 Loss Classification: 1.231765 Loss T 0.189034 Method MME

S real T sketch Train Ep: 500 lr0.00964068794694323 	 Loss Classification: 0.606140 Loss T 0.145792 Method MME


Labeled Target set: Average loss: 2.5499, Accuracy: 446/1080 F1 (41.2963%)


Test set: Average loss: 2.5356, Accuracy: 10892/23808 F1 (45.7493%)


Val set: Average loss: 2.2513, Accuracy: 174/360 F1 (48.3333%)

best acc test 45.749328  acc val 48.333333 acc labeled target 41.296296
saving model...
S real T sketch Train Ep: 600 lr0.00957239477517603 	 Loss Classification: 1.256785 Loss T 0.163018 Method MME

S real T sketch Train Ep: 700 lr0.009505219859830012 	 Loss Classification: 0.854368 Loss T 0.154192 Method MME

S real T sketch Train Ep: 800 lr0.009439134693595126 	 Loss Classification: 0.465655 Loss T 0.137073 Method MME

S real T sketch Train Ep: 900 lr0.009374111751051751 	 Loss Classification: 0.913087 Loss T 0.124653 Method MME

S real T sketch Train Ep: 1000 lr0.009310124446222227 	 Loss Classification: 0.752417 Loss T 0.139215 Method MME


Labeled Target set: Average loss: 2.4163, Accuracy: 525/1080 F1 (48.6111%)


Test set: Average loss: 2.3914, Accuracy: 11975/23808 F1 (50.2982%)


Val set: Average loss: 2.1675, Accuracy: 195/360 F1 (54.1667%)

best acc test 50.298219  acc val 54.166667 acc labeled target 48.611111
saving model...
S real T sketch Train Ep: 1100 lr0.00924714709232377 	 Loss Classification: 0.631907 Loss T 0.136033 Method MME

S real T sketch Train Ep: 1200 lr0.009185154863590003 	 Loss Classification: 0.586685 Loss T 0.110224 Method MME

S real T sketch Train Ep: 1300 lr0.00912412375903735 	 Loss Classification: 0.626219 Loss T 0.129907 Method MME

S real T sketch Train Ep: 1400 lr0.009064030568061049 	 Loss Classification: 1.022072 Loss T 0.133596 Method MME

S real T sketch Train Ep: 1500 lr0.009004852837753237 	 Loss Classification: 1.010057 Loss T 0.117560 Method MME


Labeled Target set: Average loss: 2.3140, Accuracy: 503/1080 F1 (46.5741%)


Test set: Average loss: 2.1477, Accuracy: 13328/23808 F1 (55.9812%)


Val set: Average loss: 2.0496, Accuracy: 208/360 F1 (57.7778%)

best acc test 55.981183  acc val 57.777778 acc labeled target 46.574074
saving model...
S real T sketch Train Ep: 1600 lr0.008946568841842816 	 Loss Classification: 1.009941 Loss T 0.133960 Method MME

S real T sketch Train Ep: 1700 lr0.008889157551163433 	 Loss Classification: 0.670163 Loss T 0.130143 Method MME

S real T sketch Train Ep: 1800 lr0.008832598605562044 	 Loss Classification: 0.594162 Loss T 0.124558 Method MME

S real T sketch Train Ep: 1900 lr0.008776872287166303 	 Loss Classification: 1.111740 Loss T 0.108049 Method MME

Per Class Accuracy Calculated According to the Labelled Target examples is:  [0.8888889  1.         0.33333334 0.22222222 0.33333334 0.11111111
 0.         0.6666667  0.44444445 0.         0.7777778  0.8888889
 0.         0.         0.33333334 0.33333334 1.         1.
 0.33333334 0.5        0.6666667  0.6666667  0.44444445 0.5555556
 0.5        0.22222222 0.         0.7777778  0.33333334 0.22222222
 0.5555556  0.44444445 0.33333334 0.5555556  0.6666667  0.6666667
 0.22222222 0.         0.8888889  0.33333334 0.33333334 0.6666667
 0.5555556  0.22222222 0.11111111 0.44444445 1.         0.8888889
 0.33333334 1.         0.         0.33333334 0.8888889  0.6666667
 0.6666667  0.33333334 0.5555556  0.7777778  0.8888889  0.8888889
 0.7777778  0.22222222 1.         0.22222222 0.33333334 0.5555556
 0.         0.8888889  0.22222222 0.16666667 0.11111111 0.11111111
 0.5555556  0.5        1.         0.33333334 0.         0.44444445
 0.44444445 0.33333334 0.         0.33333334 0.11111111 0.22222222
 0.6666667  0.22222222 1.         0.6666667  0.         0.33333334
 0.16666667 0.8888889  0.         0.5        0.8888889  0.33333334
 0.44444445 0.5555556  0.11111111 0.         0.6666667  0.33333334
 0.6666667  0.33333334 0.33333334 0.         0.33333334 0.33333334
 0.44444445 0.33333334 0.5555556  1.         0.5555556  1.
 0.33333334 1.         0.         0.6666667  0.         0.22222222
 0.7777778  1.         0.6666667  0.         0.11111111 1.        ]
Top k classes which perform poorly are:  [118, 26, 66, 50, 76, 80, 37, 13, 12, 116, 88, 9, 99, 92, 123, 6, 105, 70, 71, 44, 98, 5, 82, 124, 90, 69, 63, 36, 61, 68, 43, 119, 25, 3, 83, 85, 29, 51, 95, 89, 55, 103, 101, 81, 79, 75, 64, 104, 114, 48, 106, 107, 28, 2, 4, 14, 40, 15, 39, 109, 18, 32, 31, 22, 77, 108, 8, 45, 78, 96, 19, 93, 24, 73, 30, 42, 56, 112, 72, 110, 97, 23, 33, 65, 34, 53, 54, 7, 100, 41, 102, 87, 117, 84, 21, 35, 20, 122, 57, 60, 120, 27, 10, 91, 67, 59, 58, 52, 47, 38, 11, 94, 0, 115, 121, 62, 111, 86, 74, 49, 46, 17, 16, 1, 113, 125]
0
1
2
3
4
5
6
7
8
9
10
11
12
13
14
15
16
17
18
19
20
21
22
23
24
25
26
27
28
29
30
31
32
33
34
35
36
37
38
39
40
41
42
43
44
45
46
47
48
49
50
51
52
53
54
55
56
57
58
59
60
61
62
63
64
65
66
67
68
69
70
71
72
73
74
75
76
77
78
79
80
81
82
83
84
85
86
87
88
89
90
91
92
93
94
95
96
97
98
99
100
101
102
103
104
105
106
107
108
109
110
111
112
113
114
115
116
117
118
119
120
121
122
123
124
125
126
127
128
129
130
131
132
133
134
135
136
137
138
139
140
141
142
143
144
145
146
147
148
149
150
151
152
153
154
155
156
157
158
159
160
161
162
163
164
165
166
167
168
169
170
171
172
173
174
175
176
177
178
179
180
181
182
183
184
185
186
187
188
189
190
191
192
193
194
195
196
197
198
199
200
201
202
203
204
205
206
207
208
209
210
211
212
213
214
215
216
217
218
219
220
221
222
223
224
225
226
227
228
229
230
231
232
233
234
235
236
237
238
239
240
241
242
243
244
245
246
247
248
249
250
251
252
253
254
255
256
257
258
259
260
261
262
263
264
265
266
267
268
269
270
271
272
273
274
275
276
277
278
279
280
281
282
283
284
285
286
287
288
289
290
291
292
293
294
295
296
297
298
299
300
301
302
303
304
305
306
307
308
309
310
311
312
313
314
315
316
317
318
319
320
321
322
323
324
325
326
327
328
329
330
331
332
333
334
335
336
337
338
339
340
341
342
343
344
345
346
347
348
349
350
351
352
353
354
355
356
357
358
359
360
361
362
363
364
365
366
367
368
369
370
371
372
373
374
375
376
377
0
1
2
3
4
5
6
7
8
9
10
11
12
13
14
15
16
17
18
19
20
21
22
23
24
25
26
27
28
29
30
31
32
33
34
35
36
37
38
39
40
41
42
43
44
45
46
47
48
49
50
51
52
53
54
55
56
57
58
59
60
61
62
63
64
65
66
67
68
69
70
71
72
73
74
75
76
77
78
79
80
81
82
83
84
85
86
87
88
89
90
91
92
93
94
95
96
97
98
99
100
101
102
103
104
105
106
107
108
109
110
111
112
113
114
115
116
117
118
119
120
121
122
123
124
125
126
127
128
129
130
131
132
133
134
135
136
137
138
139
140
141
142
143
144
145
146
147
148
149
150
151
152
153
154
155
156
157
158
159
160
161
162
163
164
165
166
167
168
169
170
171
172
173
174
175
176
177
178
179
180
181
182
183
184
185
186
187
188
189
190
191
192
193
194
195
196
197
198
199
200
201
202
203
204
205
206
207
208
209
210
211
212
213
214
215
216
217
218
219
220
221
222
223
224
225
226
227
228
229
230
231
232
233
234
235
236
237
238
239
240
241
242
243
244
245
246
247
248
249
250
251
252
253
254
255
256
257
258
259
260
261
262
263
264
265
266
267
268
269
270
271
272
273
274
275
276
277
278
279
280
281
282
283
284
285
286
287
288
289
290
291
292
293
294
295
296
297
298
299
300
301
302
303
304
305
306
307
308
309
310
311
312
313
314
315
316
317
318
319
320
321
322
323
324
325
326
327
328
329
330
331
332
333
334
335
336
337
338
339
340
341
342
343
344
345
346
347
348
349
350
351
352
353
354
355
356
357
358
359
360
361
362
363
364
365
366
367
368
369
370
371
372
373
374
375
376
377
Assigned Classwise weights to source
CBFL per class weights: tensor([1.0081, 0.9934, 1.0100, 1.0245, 0.9894, 1.0098, 1.0680, 0.9996, 0.9936,
        0.9909, 0.9987, 0.9884, 0.9914, 0.9887, 0.9903, 0.9892, 0.9886, 0.9894,
        0.9894, 0.9885, 1.0117, 0.9951, 0.9961, 0.9900, 1.0391, 0.9889, 0.9915,
        0.9891, 0.9884, 1.1139, 0.9989, 0.9934, 1.0294, 1.0075, 0.9896, 1.0568,
        1.0148, 0.9924, 0.9888, 0.9889, 0.9898, 0.9885, 0.9910, 0.9957, 0.9885,
        1.0054, 0.9910, 0.9885, 0.9892, 0.9943, 0.9885, 0.9962, 0.9924, 1.0153,
        0.9917, 1.0180, 0.9886, 0.9906, 0.9916, 0.9887, 0.9898, 1.0193, 0.9884,
        0.9900, 0.9896, 0.9902, 0.9931, 1.0087, 1.0037, 0.9937, 0.9994, 0.9896,
        0.9916, 0.9890, 0.9916, 1.2803, 0.9905, 0.9885, 0.9905, 0.9908, 1.0024,
        1.0004, 0.9892, 0.9978, 0.9890, 0.9911, 0.9895, 0.9892, 0.9903, 0.9900,
        0.9923, 0.9890, 0.9892, 0.9891, 0.9934, 0.9959, 1.0033, 0.9900, 1.0560,
        0.9884, 0.9908, 0.9918, 0.9946, 0.9900, 0.9907, 0.9890, 0.9985, 0.9976,
        0.9953, 0.9903, 1.0269, 0.9916, 0.9898, 0.9930, 1.0062, 0.9919, 0.9929,
        0.9903, 1.0165, 0.9891, 0.9892, 1.0148, 0.9898, 0.9893, 0.9893, 0.9891],
       device='cuda:0')
S real T sketch Train Ep: 2000 lr0.008721959494934213 	 Loss Classification: 0.447640 Loss T 0.123513 Method MME


Labeled Target set: Average loss: 2.6789, Accuracy: 522/1080 F1 (48.3333%)

