Dataset multi Source real Target sketch Labeled num perclass 3 Network resnet34
126 classes in this dataset
Unlabelled Target Dataset Size:  23826
Labelled Target Dataset Size:  378
Bank keys - Target:  dict_keys(['feat_vec', 'labels', 'names', 'domain_identifier']) Source:  dict_keys(['feat_vec', 'labels', 'names', 'domain_identifier'])
Num  - Target:  23826 Source:  70358
Passed except
S real T sketch Train Ep: 0 lr0.01 	 Loss Classification: 4.885841 Loss T 0.468207 Method MME

Passed except
Passed except
Passed except
Passed except
Passed except
Passed except
Passed except
Passed except
Passed except
Passed except
Passed except
Passed except
Passed except
Passed except
Passed except
Passed except
Passed except
Passed except
Passed except
Passed except
Passed except
Passed except
Passed except
Passed except
Passed except
Passed except
Passed except
Passed except
Passed except
Passed except
Passed except
Passed except
Passed except
Passed except
Passed except
Passed except
Passed except
Passed except
Passed except
Passed except
Passed except
Passed except
Passed except
Passed except
Passed except
Passed except
Passed except
Passed except
Passed except
Passed except
Passed except
Passed except
Passed except
Passed except
Passed except
Passed except
Passed except
Passed except
Passed except
Passed except
Passed except
Passed except
Passed except
Passed except
Passed except
Passed except
Passed except
Passed except
Passed except
Passed except
Passed except
Passed except
Passed except
Passed except
Passed except
Passed except
Passed except
Passed except
Passed except
Passed except
Passed except
Passed except
Passed except
Passed except
Passed except
Passed except
Passed except
Passed except
Passed except
Passed except
Passed except
Passed except
Passed except
Passed except
Passed except
Passed except
Passed except
Passed except
Passed except
Passed except
S real T sketch Train Ep: 100 lr0.009925650290240803 	 Loss Classification: 1.673462 Loss T 0.305536 Method MME

Passed except
Passed except
Passed except
Passed except
Passed except
Passed except
Passed except
Passed except
Passed except
Passed except
Passed except
Passed except
Passed except
Passed except
Passed except
Passed except
Passed except
Passed except
Passed except
Passed except
Passed except
Passed except
Passed except
Passed except
Passed except
Passed except
Passed except
Passed except
Passed except
Passed except
Passed except
Passed except
Passed except
Passed except
Passed except
Passed except
Passed except
Passed except
Passed except
Passed except
Passed except
Passed except
Passed except
Passed except
Passed except
Passed except
Passed except
Passed except
Passed except
Passed except
Passed except
Passed except
Passed except
Passed except
Passed except
Passed except
Passed except
Passed except
Passed except
Passed except
Passed except
Passed except
Passed except
Passed except
Passed except
Passed except
Passed except
Passed except
Passed except
Passed except
Passed except
Passed except
Passed except
Passed except
Passed except
Passed except
Passed except
Passed except
Passed except
Passed except
Passed except
Passed except
Passed except
Passed except
Passed except
Passed except
Passed except
Passed except
Passed except
Passed except
Passed except
Passed except
Passed except
Passed except
Passed except
Passed except
Passed except
Passed except
Passed except
Passed except
S real T sketch Train Ep: 200 lr0.009852577760521605 	 Loss Classification: 0.984992 Loss T 0.233746 Method MME

Passed except
Passed except
Passed except
Passed except
Passed except
Passed except
Passed except
Passed except
Passed except
Passed except
Passed except
Passed except
Passed except
Passed except
Passed except
Passed except
Passed except
Passed except
Passed except
Passed except
Passed except
Passed except
Passed except
Passed except
Passed except
Passed except
Passed except
Passed except
Passed except
Passed except
Passed except
Passed except
Passed except
Passed except
Passed except
Passed except
Passed except
Passed except
Passed except
Passed except
Passed except
Passed except
Passed except
Passed except
Passed except
Passed except
Passed except
Passed except
Passed except
Passed except
Passed except
Passed except
Passed except
Passed except
Passed except
Passed except
Passed except
Passed except
Passed except
Passed except
Passed except
Passed except
Passed except
Passed except
Passed except
Passed except
Passed except
Passed except
Passed except
Passed except
Passed except
Passed except
Passed except
Passed except
Passed except
Passed except
Passed except
Passed except
Passed except
Passed except
Passed except
Passed except
Passed except
Passed except
Passed except
Passed except
Passed except
Passed except
Passed except
Passed except
Passed except
Passed except
Passed except
Passed except
Passed except
Passed except
Passed except
Passed except
Passed except
Passed except
S real T sketch Train Ep: 300 lr0.009780748269686728 	 Loss Classification: 1.141118 Loss T 0.206287 Method MME

Passed except
Passed except
Passed except
Passed except
Passed except
Passed except
Passed except
Passed except
Passed except
Passed except
Passed except
Passed except
Passed except
Passed except
Passed except
Passed except
Passed except
Passed except
Passed except
Passed except
Passed except
Passed except
Passed except
Passed except
Passed except
Passed except
Passed except
Passed except
Passed except
Passed except
Passed except
Passed except
Passed except
Passed except
Passed except
Passed except
Passed except
Passed except
Passed except
Passed except
Passed except
Passed except
Passed except
Passed except
Passed except
Passed except
Passed except
Passed except
Passed except
Passed except
Passed except
Passed except
Passed except
Passed except
Passed except
Passed except
Passed except
Passed except
Passed except
Passed except
Passed except
Passed except
Passed except
Passed except
Passed except
Passed except
Passed except
Passed except
Passed except
Passed except
Passed except
Passed except
Passed except
Passed except
Passed except
Passed except
Passed except
Passed except
Passed except
Passed except
Passed except
Passed except
Passed except
Passed except
Passed except
Passed except
Passed except
Passed except
Passed except
Passed except
Passed except
Passed except
Passed except
Passed except
Passed except
Passed except
Passed except
Passed except
Passed except
Passed except
S real T sketch Train Ep: 400 lr0.009710128909124701 	 Loss Classification: 1.329594 Loss T 0.176475 Method MME

Passed except
Passed except
Passed except
Passed except
Passed except
Passed except
Passed except
Passed except
Passed except
Passed except
Passed except
Passed except
Passed except
Passed except
Passed except
Passed except
Passed except
Passed except
Passed except
Passed except
Passed except
Passed except
Passed except
Passed except
Passed except
Passed except
Passed except
Passed except
Passed except
Passed except
Passed except
Passed except
Passed except
Passed except
Passed except
Passed except
Passed except
Passed except
Passed except
Passed except
Passed except
Passed except
Passed except
Passed except
Passed except
Passed except
Passed except
Passed except
Passed except
Passed except
Passed except
Passed except
Passed except
Passed except
Passed except
Passed except
Passed except
Passed except
Passed except
Passed except
Passed except
Passed except
Passed except
Passed except
Passed except
Passed except
Passed except
Passed except
Passed except
Passed except
Passed except
Passed except
Passed except
Passed except
Passed except
Passed except
Passed except
Passed except
Passed except
Passed except
Passed except
Passed except
Passed except
Passed except
Passed except
Passed except
Passed except
Passed except
Passed except
Passed except
Passed except
Passed except
Passed except
Passed except
Passed except
Passed except
Passed except
Passed except
Passed except
Passed except
S real T sketch Train Ep: 500 lr0.00964068794694323 	 Loss Classification: 1.495698 Loss T 0.167743 Method MME


Labeled Target set: Average loss: 2.8052, Accuracy: 441/1080 F1 (40.8333%)


Test set: Average loss: 2.5988, Accuracy: 11004/23808 F1 (46.2198%)


Val set: Average loss: 2.3875, Accuracy: 176/360 F1 (48.8889%)

best acc test 46.219758  acc val 48.888889 acc labeled target 40.833333
saving model...
Passed except
Passed except
Passed except
Passed except
Passed except
Passed except
Passed except
Passed except
Passed except
Passed except
Passed except
Passed except
Passed except
Passed except
Passed except
Passed except
Passed except
Passed except
Passed except
Passed except
Passed except
Passed except
Passed except
Passed except
Passed except
Passed except
Passed except
Passed except
Passed except
Passed except
Passed except
Passed except
Passed except
Passed except
Passed except
Passed except
Passed except
Passed except
Passed except
Passed except
Passed except
Passed except
Passed except
Passed except
Passed except
Passed except
Passed except
Passed except
Passed except
Passed except
Passed except
Passed except
Passed except
Passed except
Passed except
Passed except
Passed except
Passed except
Passed except
Passed except
Passed except
Passed except
Passed except
Passed except
Passed except
Passed except
Passed except
Passed except
Passed except
Passed except
Passed except
Passed except
Passed except
Passed except
Passed except
Passed except
Passed except
Passed except
Passed except
Passed except
Passed except
Passed except
Passed except
Passed except
Passed except
Passed except
Passed except
Passed except
Passed except
Passed except
Passed except
Passed except
Passed except
Passed except
Passed except
Passed except
Passed except
Passed except
Passed except
Passed except
S real T sketch Train Ep: 600 lr0.00957239477517603 	 Loss Classification: 0.567260 Loss T 0.156246 Method MME

Passed except
Passed except
Passed except
Passed except
Passed except
Passed except
Passed except
Passed except
Passed except
Passed except
Passed except
Passed except
Passed except
Passed except
Passed except
Passed except
Passed except
Passed except
Passed except
Passed except
Passed except
Passed except
Passed except
Passed except
Passed except
Passed except
Passed except
Passed except
Passed except
Passed except
Passed except
Passed except
Passed except
Passed except
Passed except
Passed except
Passed except
Passed except
Passed except
Passed except
Passed except
Passed except
Passed except
Passed except
Passed except
Passed except
Passed except
Passed except
Passed except
Passed except
Passed except
Passed except
Passed except
Passed except
Passed except
Passed except
Passed except
Passed except
Passed except
Passed except
Passed except
Passed except
Passed except
Passed except
Passed except
Passed except
Passed except
Passed except
Passed except
Passed except
Passed except
Passed except
Passed except
Passed except
Passed except
Passed except
Passed except
Passed except
Passed except
Passed except
Passed except
Passed except
Passed except
Passed except
Passed except
Passed except
Passed except
Passed except
Passed except
Passed except
Passed except
Passed except
Passed except
Passed except
Passed except
Passed except
Passed except
Passed except
Passed except
Passed except
S real T sketch Train Ep: 700 lr0.009505219859830012 	 Loss Classification: 0.589922 Loss T 0.177952 Method MME

Passed except
Passed except
Passed except
Passed except
Passed except
Passed except
Passed except
Passed except
Passed except
Passed except
Passed except
Passed except
Passed except
Passed except
Passed except
Passed except
Passed except
Passed except
Passed except
Passed except
Passed except
Passed except
Passed except
Passed except
Passed except
Passed except
Passed except
Passed except
Passed except
Passed except
Passed except
Passed except
Passed except
Passed except
Passed except
Passed except
Passed except
Passed except
Passed except
Passed except
Passed except
Passed except
Passed except
Passed except
Passed except
Passed except
Passed except
Passed except
Passed except
Passed except
Passed except
Passed except
Passed except
Passed except
Passed except
Passed except
Passed except
Passed except
Passed except
Passed except
Passed except
Passed except
Passed except
Passed except
Passed except
Passed except
Passed except
Passed except
Passed except
Passed except
Passed except
Passed except
Passed except
Passed except
Passed except
Passed except
Passed except
Passed except
Passed except
Passed except
Passed except
Passed except
Passed except
Passed except
Passed except
Passed except
Passed except
Passed except
Passed except
Passed except
Passed except
Passed except
Passed except
Passed except
Passed except
Passed except
Passed except
Passed except
Passed except
Passed except
S real T sketch Train Ep: 800 lr0.009439134693595126 	 Loss Classification: 0.951996 Loss T 0.149248 Method MME

Passed except
Passed except
Passed except
Passed except
Passed except
Passed except
Passed except
Passed except
Passed except
Passed except
Passed except
Passed except
Passed except
Passed except
Passed except
Passed except
Passed except
Passed except
Passed except
Passed except
Passed except
Passed except
Passed except
Passed except
Passed except
Passed except
Passed except
Passed except
Passed except
Passed except
Passed except
Passed except
Passed except
Passed except
Passed except
Passed except
Passed except
Passed except
Passed except
Passed except
Passed except
Passed except
Passed except
Passed except
Passed except
Passed except
Passed except
Passed except
Passed except
Passed except
Passed except
Passed except
Passed except
Passed except
Passed except
Passed except
Passed except
Passed except
Passed except
Passed except
Passed except
Passed except
Passed except
Passed except
Passed except
Passed except
Passed except
Passed except
Passed except
Passed except
Passed except
Passed except
Passed except
Passed except
Passed except
Passed except
Passed except
Passed except
Passed except
Passed except
Passed except
Passed except
Passed except
Passed except
Passed except
Passed except
Passed except
Passed except
Passed except
Passed except
Passed except
Passed except
Passed except
Passed except
Passed except
Passed except
Passed except
Passed except
Passed except
Passed except
S real T sketch Train Ep: 900 lr0.009374111751051751 	 Loss Classification: 0.360502 Loss T 0.154932 Method MME

Passed except
Passed except
Passed except
Passed except
Passed except
Passed except
Passed except
Passed except
Passed except
Passed except
Passed except
Passed except
Passed except
Passed except
Passed except
Passed except
Passed except
Passed except
Passed except
Passed except
Passed except
Passed except
Passed except
Passed except
Passed except
Passed except
Passed except
Passed except
Passed except
Passed except
Passed except
Passed except
Passed except
Passed except
Passed except
Passed except
Passed except
Passed except
Passed except
Passed except
Passed except
Passed except
Passed except
Passed except
Passed except
Passed except
Passed except
Passed except
Passed except
Passed except
Passed except
Passed except
Passed except
Passed except
Passed except
Passed except
Passed except
Passed except
Passed except
