Dataset multi Source real Target sketch Labeled num perclass 3 Network resnet34
126 classes in this dataset
Unlabelled Target Dataset Size:  23826
Labelled Target Dataset Size:  378
Misc. Labelled Target Dataset Size:  378
Bank keys - Target:  dict_keys(['feat_vec', 'labels', 'names', 'domain_identifier']) Source:  dict_keys(['feat_vec', 'labels', 'names', 'domain_identifier'])
Num  - Target:  23826 Source:  70358
Unlabeled Target Data Size: 496
S real T sketch Train Ep: 0 lr0.01 	 Loss Classification: 4.889557 Loss T 0.471940 Method MME

S real T sketch Train Ep: 100 lr0.009925650290240803 	 Loss Classification: 2.051186 Loss T 0.278307 Method MME

S real T sketch Train Ep: 200 lr0.009852577760521605 	 Loss Classification: 0.503961 Loss T 0.237668 Method MME

S real T sketch Train Ep: 300 lr0.009780748269686728 	 Loss Classification: 0.877042 Loss T 0.216870 Method MME

S real T sketch Train Ep: 400 lr0.009710128909124701 	 Loss Classification: 0.883017 Loss T 0.172092 Method MME

S real T sketch Train Ep: 500 lr0.00964068794694323 	 Loss Classification: 0.639745 Loss T 0.168480 Method MME


Labeled Target set: Average loss: 2.6538, Accuracy: 423/1080 F1 (39.1667%)


Test set: Average loss: 2.4746, Accuracy: 10923/23808 F1 (45.8795%)


Val set: Average loss: 2.2787, Accuracy: 175/360 F1 (48.6111%)

best acc test 45.879536  acc val 48.611111 acc labeled target 39.166667
saving model...
S real T sketch Train Ep: 600 lr0.00957239477517603 	 Loss Classification: 0.882255 Loss T 0.170185 Method MME

S real T sketch Train Ep: 700 lr0.009505219859830012 	 Loss Classification: 0.553039 Loss T 0.122426 Method MME

S real T sketch Train Ep: 800 lr0.009439134693595126 	 Loss Classification: 0.857041 Loss T 0.141097 Method MME

S real T sketch Train Ep: 900 lr0.009374111751051751 	 Loss Classification: 1.147164 Loss T 0.128524 Method MME

S real T sketch Train Ep: 1000 lr0.009310124446222227 	 Loss Classification: 0.627403 Loss T 0.138594 Method MME


Labeled Target set: Average loss: 2.3152, Accuracy: 523/1080 F1 (48.4259%)


Test set: Average loss: 2.3492, Accuracy: 12436/23808 F1 (52.2345%)


Val set: Average loss: 2.2303, Accuracy: 186/360 F1 (51.6667%)

best acc test 52.234543  acc val 51.666667 acc labeled target 48.425926
saving model...
S real T sketch Train Ep: 1100 lr0.00924714709232377 	 Loss Classification: 0.708268 Loss T 0.143233 Method MME

S real T sketch Train Ep: 1200 lr0.009185154863590003 	 Loss Classification: 0.699481 Loss T 0.142426 Method MME

S real T sketch Train Ep: 1300 lr0.00912412375903735 	 Loss Classification: 0.736364 Loss T 0.121056 Method MME

S real T sketch Train Ep: 1400 lr0.009064030568061049 	 Loss Classification: 0.871781 Loss T 0.120279 Method MME

S real T sketch Train Ep: 1500 lr0.009004852837753237 	 Loss Classification: 0.757326 Loss T 0.120200 Method MME


Labeled Target set: Average loss: 2.3421, Accuracy: 552/1080 F1 (51.1111%)


Test set: Average loss: 2.2683, Accuracy: 13036/23808 F1 (54.7547%)


Val set: Average loss: 2.0472, Accuracy: 206/360 F1 (57.2222%)

best acc test 54.754704  acc val 57.222222 acc labeled target 51.111111
saving model...
S real T sketch Train Ep: 1600 lr0.008946568841842816 	 Loss Classification: 0.478965 Loss T 0.122129 Method MME

S real T sketch Train Ep: 1700 lr0.008889157551163433 	 Loss Classification: 0.282348 Loss T 0.103700 Method MME

S real T sketch Train Ep: 1800 lr0.008832598605562044 	 Loss Classification: 0.604929 Loss T 0.117710 Method MME

S real T sketch Train Ep: 1900 lr0.008776872287166303 	 Loss Classification: 0.705925 Loss T 0.139756 Method MME

Per Class Accuracy Calculated According to the Labelled Target examples is:  [1.         1.         0.5        0.22222222 0.11111111 0.11111111
 0.44444445 0.8333333  0.         0.11111111 1.         0.6666667
 0.         0.16666667 0.33333334 0.5555556  0.8888889  1.
 0.5        0.22222222 0.6666667  0.8888889  0.8888889  0.33333334
 0.33333334 0.33333334 0.         0.6666667  0.5        0.22222222
 0.22222222 0.22222222 0.11111111 1.         0.6666667  0.33333334
 0.         0.11111111 0.7777778  0.8888889  0.44444445 0.6666667
 0.33333334 0.         0.44444445 0.5555556  1.         0.8888889
 0.6666667  1.         0.33333334 0.33333334 1.         0.44444445
 1.         0.44444445 0.7777778  0.7777778  0.6666667  0.5555556
 0.8888889  0.33333334 1.         0.33333334 0.44444445 0.22222222
 0.6666667  0.6666667  0.44444445 0.7777778  0.6666667  0.44444445
 0.11111111 0.7777778  1.         0.33333334 0.33333334 0.6666667
 0.8333333  0.5555556  0.         0.7777778  0.33333334 0.5555556
 0.33333334 0.33333334 1.         0.5        0.         0.33333334
 0.22222222 1.         0.5555556  0.8888889  1.         0.6666667
 0.33333334 0.33333334 0.44444445 0.         0.5555556  0.6666667
 0.6666667  0.7777778  0.44444445 0.         0.33333334 0.44444445
 0.11111111 0.44444445 0.44444445 0.8888889  0.33333334 1.
 0.33333334 1.         0.         0.6666667  0.         0.33333334
 0.33333334 1.         1.         0.         0.         1.        ]
Top k classes which perform poorly are:  [118, 124, 43, 36, 80, 26, 105, 88, 12, 116, 123, 8, 99, 32, 108, 72, 37, 9, 4, 5, 13, 65, 3, 31, 30, 29, 90, 19, 82, 89, 63, 119, 51, 14, 96, 42, 61, 25, 114, 75, 85, 35, 76, 120, 84, 106, 112, 23, 24, 97, 50, 110, 68, 64, 71, 55, 98, 6, 104, 40, 109, 44, 107, 53, 2, 28, 18, 87, 83, 15, 45, 100, 92, 59, 79, 20, 27, 95, 11, 77, 34, 58, 102, 117, 48, 67, 41, 66, 70, 101, 103, 73, 38, 81, 57, 69, 56, 78, 7, 111, 60, 47, 39, 22, 21, 16, 93, 113, 115, 121, 122, 0, 62, 91, 86, 74, 54, 52, 49, 46, 33, 17, 10, 1, 94, 125]
0
1
2
3
4
5
6
7
8
9
10
11
12
13
14
15
16
17
18
19
20
21
22
23
24
25
26
27
28
29
30
31
32
33
34
35
36
37
38
39
40
41
42
43
44
45
46
47
48
49
50
51
52
53
54
55
56
57
58
59
60
61
62
63
64
65
66
67
68
69
70
71
72
73
74
75
76
77
78
79
80
81
82
83
84
85
86
87
88
89
90
91
92
93
94
95
96
97
98
99
100
101
102
103
104
105
106
107
108
109
110
111
112
113
114
115
116
117
118
119
120
121
122
123
124
125
126
127
128
129
130
131
132
133
134
135
136
137
138
139
140
141
142
143
144
145
146
147
148
149
150
151
152
153
154
155
156
157
158
159
160
161
162
163
164
165
166
167
168
169
170
171
172
173
174
175
176
177
178
179
180
181
182
183
184
185
186
187
188
189
190
191
192
193
194
195
196
197
198
199
200
201
202
203
204
205
206
207
208
209
210
211
212
213
214
215
216
217
218
219
220
221
222
223
224
225
226
227
228
229
230
231
232
233
234
235
236
237
238
239
240
241
242
243
244
245
246
247
248
249
250
251
252
253
254
255
256
257
258
259
260
261
262
263
264
265
266
267
268
269
270
271
272
273
274
275
276
277
278
279
280
281
282
283
284
285
286
287
288
289
290
291
292
293
294
295
296
297
298
299
300
301
302
303
304
305
306
307
308
309
310
311
312
313
314
315
316
317
318
319
320
321
322
323
324
325
326
327
328
329
330
331
332
333
334
335
336
337
338
339
340
341
342
343
344
345
346
347
348
349
350
351
352
353
354
355
356
357
358
359
360
361
362
363
364
365
366
367
368
369
370
371
372
373
374
375
376
377
0
1
2
3
4
5
6
7
8
9
10
11
12
13
14
15
16
17
18
19
20
21
22
23
24
25
26
27
28
29
30
31
32
33
34
35
36
37
38
39
40
41
42
43
44
45
46
47
48
49
50
51
52
53
54
55
56
57
58
59
60
61
62
63
64
65
66
67
68
69
70
71
72
73
74
75
76
77
78
79
80
81
82
83
84
85
86
87
88
89
90
91
92
93
94
95
96
97
98
99
100
101
102
103
104
105
106
107
108
109
110
111
112
113
114
115
116
117
118
119
120
121
122
123
124
125
126
127
128
129
130
131
132
133
134
135
136
137
138
139
140
141
142
143
144
145
146
147
148
149
150
151
152
153
154
155
156
157
158
159
160
161
162
163
164
165
166
167
168
169
170
171
172
173
174
175
176
177
178
179
180
181
182
183
184
185
186
187
188
189
190
191
192
193
194
195
196
197
198
199
200
201
202
203
204
205
206
207
208
209
210
211
212
213
214
215
216
217
218
219
220
221
222
223
224
225
226
227
228
229
230
231
232
233
234
235
236
237
238
239
240
241
242
243
244
245
246
247
248
249
250
251
252
253
254
255
256
257
258
259
260
261
262
263
264
265
266
267
268
269
270
271
272
273
274
275
276
277
278
279
280
281
282
283
284
285
286
287
288
289
290
291
292
293
294
295
296
297
298
299
300
301
302
303
304
305
306
307
308
309
310
311
312
313
314
315
316
317
318
319
320
321
322
323
324
325
326
327
328
329
330
331
332
333
334
335
336
337
338
339
340
341
342
343
344
345
346
347
348
349
350
351
352
353
354
355
356
357
358
359
360
361
362
363
364
365
366
367
368
369
370
371
372
373
374
375
376
377
Assigned Classwise weights to source
S real T sketch Train Ep: 2000 lr0.008721959494934213 	 Loss Classification: 0.325484 Loss T 0.100148 Method MME


Labeled Target set: Average loss: 2.5729, Accuracy: 517/1080 F1 (47.8704%)


Test set: Average loss: 2.4783, Accuracy: 12443/23808 F1 (52.2639%)


Val set: Average loss: 2.2918, Accuracy: 191/360 F1 (53.0556%)

best acc test 54.754704  acc val 53.055556 acc labeled target 47.870370
saving model...
S real T sketch Train Ep: 2100 lr0.008667841720414475 	 Loss Classification: 0.785491 Loss T 0.117528 Method MME

S real T sketch Train Ep: 2200 lr0.008614501024650454 	 Loss Classification: 0.713883 Loss T 0.097681 Method MME

S real T sketch Train Ep: 2300 lr0.008561920016164943 	 Loss Classification: 0.823584 Loss T 0.106372 Method MME

S real T sketch Train Ep: 2400 lr0.008510081829966844 	 Loss Classification: 0.993168 Loss T 0.111145 Method MME

S real T sketch Train Ep: 2500 lr0.008458970107524513 	 Loss Classification: 0.694130 Loss T 0.081320 Method MME


Labeled Target set: Average loss: 2.2460, Accuracy: 585/1080 F1 (54.1667%)


Test set: Average loss: 2.1566, Accuracy: 13545/23808 F1 (56.8926%)


Val set: Average loss: 1.9289, Accuracy: 212/360 F1 (58.8889%)

best acc test 56.892641  acc val 58.888889 acc labeled target 54.166667
saving model...
S real T sketch Train Ep: 2600 lr0.008408568977653933 	 Loss Classification: 0.384506 Loss T 0.123732 Method MME

S real T sketch Train Ep: 2700 lr0.00835886303827305 	 Loss Classification: 1.036870 Loss T 0.110249 Method MME

S real T sketch Train Ep: 2800 lr0.008309837338976545 	 Loss Classification: 1.003424 Loss T 0.092755 Method MME

S real T sketch Train Ep: 2900 lr0.008261477364388068 	 Loss Classification: 0.281679 Loss T 0.106132 Method MME

Per Class Accuracy Calculated According to the Labelled Target examples is:  [1.         1.         0.44444445 0.44444445 0.7777778  0.
 0.44444445 0.8888889  0.22222222 0.         0.7777778  1.
 0.         0.         0.8888889  0.33333334 1.         1.
 0.         0.33333334 0.6666667  1.         0.6666667  0.22222222
 0.22222222 0.33333334 0.         1.         0.6666667  0.33333334
 0.         0.33333334 0.6666667  0.6666667  0.8888889  0.44444445
 0.33333334 0.         0.6666667  1.         0.6666667  1.
 0.7777778  0.11111111 0.5555556  0.5555556  1.         0.7777778
 0.44444445 1.         0.33333334 0.33333334 1.         0.44444445
 1.         0.5        0.6666667  0.6666667  0.8888889  0.8888889
 0.8888889  0.33333334 1.         0.33333334 0.5555556  0.6666667
 0.6666667  0.33333334 0.         0.8888889  0.         0.6666667
 0.44444445 0.5        1.         0.22222222 0.         0.6666667
 0.6666667  0.7777778  0.         0.8888889  0.33333334 0.
 0.5555556  0.6666667  0.8888889  0.6666667  0.11111111 0.7777778
 0.33333334 0.7777778  0.33333334 0.6666667  1.         0.5555556
 0.5        0.8888889  0.         0.         0.8888889  0.6666667
 0.6666667  0.         0.6666667  0.         0.33333334 0.33333334
 0.         0.44444445 0.6666667  0.7777778  0.33333334 1.
 0.8888889  1.         0.5        0.5        0.         0.33333334
 0.6666667  1.         0.6666667  0.         0.         1.        ]
Top k classes which perform poorly are:  [124, 37, 68, 26, 18, 83, 30, 118, 13, 12, 80, 108, 9, 76, 99, 103, 5, 105, 70, 123, 98, 88, 43, 24, 23, 8, 75, 67, 63, 61, 51, 36, 112, 29, 25, 50, 119, 82, 19, 15, 90, 92, 106, 107, 31, 72, 53, 48, 109, 2, 35, 3, 6, 96, 117, 73, 116, 55, 95, 84, 44, 64, 45, 122, 28, 77, 78, 120, 20, 93, 110, 85, 87, 22, 32, 33, 71, 101, 102, 38, 56, 66, 65, 40, 104, 57, 42, 91, 89, 79, 4, 111, 47, 10, 97, 100, 7, 114, 86, 81, 34, 69, 60, 59, 58, 14, 121, 113, 115, 0, 62, 74, 54, 52, 49, 46, 41, 39, 27, 21, 17, 16, 11, 1, 94, 125]
0
1
2
3
4
5
6
7
8
9
10
11
12
13
14
15
16
17
18
19
20
21
22
23
24
25
26
27
28
29
30
31
32
33
34
35
36
37
38
39
40
41
42
43
44
45
46
47
48
49
50
51
52
53
54
55
56
57
58
59
60
61
62
63
64
65
66
67
68
69
70
71
72
73
74
75
76
77
78
79
80
81
82
83
84
85
86
87
88
89
90
91
92
93
94
95
96
97
98
99
100
101
102
103
104
105
106
107
108
109
110
111
112
113
114
115
116
117
118
119
120
121
122
123
124
125
126
127
128
129
130
131
132
133
134
135
136
137
138
139
140
141
142
143
144
145
146
147
148
149
150
151
152
153
154
155
156
157
158
159
160
161
162
163
164
165
166
167
168
169
170
171
172
173
174
175
176
177
178
179
180
181
182
183
184
185
186
187
188
189
190
191
192
193
194
195
196
197
198
199
200
201
202
203
204
205
206
207
208
209
210
211
212
213
214
215
216
217
218
219
220
221
222
223
224
225
226
227
228
229
230
231
232
233
234
235
236
237
238
239
240
241
242
243
244
245
246
247
248
249
250
251
252
253
254
255
256
257
258
259
260
261
262
263
264
265
266
267
268
269
270
271
272
273
274
275
276
277
278
279
280
281
282
283
284
285
286
287
288
289
290
291
292
293
294
295
296
297
298
299
300
301
302
303
304
305
306
307
308
309
310
311
312
313
314
315
316
317
318
319
320
321
322
323
324
325
326
327
328
329
330
331
332
333
334
335
336
337
338
339
340
341
342
343
344
345
346
347
348
349
350
351
352
353
354
355
356
357
358
359
360
361
362
363
364
365
366
367
368
369
370
371
372
373
374
375
376
377
0
1
2
3
4
5
6
7
8
9
10
11
12
13
14
15
16
17
18
19
20
21
22
23
24
25
26
27
28
29
30
31
32
33
34
35
36
37
38
39
40
41
42
43
44
45
46
47
48
49
50
51
52
53
54
55
56
57
58
59
60
61
62
63
64
65
66
67
68
69
70
71
72
73
74
75
76
77
78
79
80
81
82
83
84
85
86
87
88
89
90
91
92
93
94
95
96
97
98
99
100
101
102
103
104
105
106
107
108
109
110
111
112
113
114
115
116
117
118
119
120
121
122
123
124
125
126
127
128
129
130
131
132
133
134
135
136
137
138
139
140
141
142
143
144
145
146
147
148
149
150
151
152
153
154
155
156
157
158
159
160
161
162
163
164
165
166
167
168
169
170
171
172
173
174
175
176
177
178
179
180
181
182
183
184
185
186
187
188
189
190
191
192
193
194
195
196
197
198
199
200
201
202
203
204
205
206
207
208
209
210
211
212
213
214
215
216
217
218
219
220
221
222
223
224
225
226
227
228
229
230
231
232
233
234
235
236
237
238
239
240
241
242
243
244
245
246
247
248
249
250
251
252
253
254
255
256
257
258
259
260
261
262
263
264
265
266
267
268
269
270
271
272
273
274
275
276
277
278
279
280
281
282
283
284
285
286
287
288
289
290
291
292
293
294
295
296
297
298
299
300
301
302
303
304
305
306
307
308
309
310
311
312
313
314
315
316
317
318
319
320
321
322
323
324
325
326
327
328
329
330
331
332
333
334
335
336
337
338
339
340
341
342
343
344
345
346
347
348
349
350
351
352
353
354
355
356
357
358
359
360
361
362
363
364
365
366
367
368
369
370
371
372
373
374
375
376
377
Assigned Classwise weights to source
S real T sketch Train Ep: 3000 lr0.008213769018249545 	 Loss Classification: 0.625156 Loss T 0.095832 Method MME


Labeled Target set: Average loss: 2.3509, Accuracy: 565/1080 F1 (52.3148%)

