Dataset multi Target clipart Network resnet34 Num per class 3
126 classes in this dataset
THCudaCheck FAIL file=/opt/conda/conda-bld/pytorch_1535493744281/work/aten/src/THC/THCGeneral.cpp line=663 error=11 : invalid argument
T clipart Ep: 0 lr0.01 	 Loss Class: 4.933825 RotLab: 1.5312589406967163 Ent: 0.47093573212623596 RotUnl: 1.4363716840744019 

T clipart Ep: 100 lr0.009925650290240803 	 Loss Class: 0.850776 RotLab: 1.0468828678131104 Ent: 0.3266181945800781 RotUnl: 1.072169303894043 

T clipart Ep: 200 lr0.009852577760521605 	 Loss Class: 0.208213 RotLab: 0.5478212237358093 Ent: 0.28010737895965576 RotUnl: 0.5862279534339905 

T clipart Ep: 300 lr0.009780748269686728 	 Loss Class: 0.063828 RotLab: 0.3527944087982178 Ent: 0.26877132058143616 RotUnl: 0.6227115392684937 

T clipart Ep: 400 lr0.009710128909124701 	 Loss Class: 0.359142 RotLab: 0.21972155570983887 Ent: 0.24536477029323578 RotUnl: 0.7985684275627136 

T clipart Ep: 500 lr0.00964068794694323 	 Loss Class: 0.108046 RotLab: 0.5890747308731079 Ent: 0.26361510157585144 RotUnl: 0.9291785359382629 

\Target: Average loss: 3.3476, Accuracy: 5323/18288 F1 (29%)

\Rotation: Average loss: 0.6553, Accuracy: 13462/18288 F1 (73%)

best acc class 29.106518
record record/multi/net_resnet34_clipart
saving model
T clipart Ep: 600 lr0.00957239477517603 	 Loss Class: 0.034316 RotLab: 0.029211783781647682 Ent: 0.2497256100177765 RotUnl: 0.873212993144989 

T clipart Ep: 700 lr0.009505219859830012 	 Loss Class: 0.053767 RotLab: 0.057969462126493454 Ent: 0.25876328349113464 RotUnl: 0.589668869972229 

T clipart Ep: 800 lr0.009439134693595126 	 Loss Class: 0.033217 RotLab: 0.12953682243824005 Ent: 0.26041099429130554 RotUnl: 0.5744183659553528 

T clipart Ep: 900 lr0.009374111751051751 	 Loss Class: 0.038056 RotLab: 0.19033066928386688 Ent: 0.2963145673274994 RotUnl: 0.7083652019500732 

T clipart Ep: 1000 lr0.009310124446222227 	 Loss Class: 0.048631 RotLab: 0.06654928624629974 Ent: 0.27299296855926514 RotUnl: 0.27689626812934875 

\Target: Average loss: 3.3381, Accuracy: 5519/18288 F1 (30%)

\Rotation: Average loss: 0.5469, Accuracy: 14287/18288 F1 (78%)

best acc class 30.178259
record record/multi/net_resnet34_clipart
saving model
T clipart Ep: 1100 lr0.00924714709232377 	 Loss Class: 0.040494 RotLab: 0.04673982784152031 Ent: 0.2855496108531952 RotUnl: 0.49849367141723633 

T clipart Ep: 1200 lr0.009185154863590003 	 Loss Class: 0.040954 RotLab: 0.04404999688267708 Ent: 0.27976521849632263 RotUnl: 0.5800259113311768 

T clipart Ep: 1300 lr0.00912412375903735 	 Loss Class: 0.036674 RotLab: 0.13019712269306183 Ent: 0.28626367449760437 RotUnl: 0.33104950189590454 

T clipart Ep: 1400 lr0.009064030568061049 	 Loss Class: 0.094316 RotLab: 0.0571151077747345 Ent: 0.2818649113178253 RotUnl: 0.45329782366752625 

T clipart Ep: 1500 lr0.009004852837753237 	 Loss Class: 0.124354 RotLab: 0.19272346794605255 Ent: 0.2887924313545227 RotUnl: 0.6792616844177246 

\Target: Average loss: 3.4539, Accuracy: 5397/18288 F1 (29%)

\Rotation: Average loss: 0.4566, Accuracy: 14985/18288 F1 (81%)

best acc class 30.178259
record record/multi/net_resnet34_clipart
saving model
T clipart Ep: 1600 lr0.008946568841842816 	 Loss Class: 0.116049 RotLab: 0.061782341450452805 Ent: 0.27122947573661804 RotUnl: 0.5971450209617615 

T clipart Ep: 1700 lr0.008889157551163433 	 Loss Class: 0.040938 RotLab: 0.04102163389325142 Ent: 0.2695801556110382 RotUnl: 0.5134643316268921 

T clipart Ep: 1800 lr0.008832598605562044 	 Loss Class: 0.093512 RotLab: 0.08821744471788406 Ent: 0.3062213957309723 RotUnl: 0.8597335815429688 

T clipart Ep: 1900 lr0.008776872287166303 	 Loss Class: 0.050818 RotLab: 0.016613295301795006 Ent: 0.2957668900489807 RotUnl: 0.34337958693504333 

T clipart Ep: 2000 lr0.008721959494934213 	 Loss Class: 0.046977 RotLab: 0.035080138593912125 Ent: 0.2992800772190094 RotUnl: 0.6190731525421143 

\Target: Average loss: 3.5436, Accuracy: 5489/18288 F1 (30%)

\Rotation: Average loss: 0.4068, Accuracy: 15364/18288 F1 (84%)

best acc class 30.178259
record record/multi/net_resnet34_clipart
saving model
T clipart Ep: 2100 lr0.008667841720414475 	 Loss Class: 0.046851 RotLab: 0.025502344593405724 Ent: 0.3090612292289734 RotUnl: 0.4090808928012848 

T clipart Ep: 2200 lr0.008614501024650454 	 Loss Class: 0.117917 RotLab: 0.07910511642694473 Ent: 0.2925798296928406 RotUnl: 0.3210102617740631 

T clipart Ep: 2300 lr0.008561920016164943 	 Loss Class: 0.039070 RotLab: 0.007940809242427349 Ent: 0.2959289252758026 RotUnl: 0.5160731673240662 

T clipart Ep: 2400 lr0.008510081829966844 	 Loss Class: 0.054750 RotLab: 0.07253339141607285 Ent: 0.292509526014328 RotUnl: 0.33205729722976685 

T clipart Ep: 2500 lr0.008458970107524513 	 Loss Class: 0.170763 RotLab: 0.09963849931955338 Ent: 0.3107396960258484 RotUnl: 0.4074030816555023 

\Target: Average loss: 3.5731, Accuracy: 5534/18288 F1 (30%)

\Rotation: Average loss: 0.3464, Accuracy: 15763/18288 F1 (86%)

best acc class 30.260280
record record/multi/net_resnet34_clipart
saving model
T clipart Ep: 2600 lr0.008408568977653933 	 Loss Class: 0.035525 RotLab: 0.0466337651014328 Ent: 0.2983816862106323 RotUnl: 0.3230131268501282 

T clipart Ep: 2700 lr0.00835886303827305 	 Loss Class: 0.051326 RotLab: 0.03478427603840828 Ent: 0.31759679317474365 RotUnl: 0.15446683764457703 

T clipart Ep: 2800 lr0.008309837338976545 	 Loss Class: 0.047056 RotLab: 0.0024644334334880114 Ent: 0.2868397831916809 RotUnl: 0.3447786867618561 

T clipart Ep: 2900 lr0.008261477364388068 	 Loss Class: 0.114794 RotLab: 0.07529442757368088 Ent: 0.2978534400463104 RotUnl: 0.35129663348197937 

T clipart Ep: 3000 lr0.008213769018249545 	 Loss Class: 0.040097 RotLab: 0.07173153012990952 Ent: 0.2904749810695648 RotUnl: 0.35959097743034363 

\Target: Average loss: 3.6551, Accuracy: 5527/18288 F1 (30%)

\Rotation: Average loss: 0.3028, Accuracy: 16062/18288 F1 (87%)

best acc class 30.260280
record record/multi/net_resnet34_clipart
saving model
T clipart Ep: 3100 lr0.008166698608209509 	 Loss Class: 0.040572 RotLab: 0.004768788814544678 Ent: 0.3131043612957001 RotUnl: 0.4357374608516693 

T clipart Ep: 3200 lr0.008120252831274708 	 Loss Class: 0.044329 RotLab: 0.007023205514997244 Ent: 0.32471272349357605 RotUnl: 0.23993457853794098 

T clipart Ep: 3300 lr0.008074418759891278 	 Loss Class: 0.043834 RotLab: 0.009945511817932129 Ent: 0.31364646553993225 RotUnl: 0.4535091817378998 

T clipart Ep: 3400 lr0.008029183828623731 	 Loss Class: 0.051234 RotLab: 0.0659712478518486 Ent: 0.30952104926109314 RotUnl: 0.3270530700683594 

T clipart Ep: 3500 lr0.007984535821401871 	 Loss Class: 0.050893 RotLab: 0.03493066504597664 Ent: 0.3288852572441101 RotUnl: 0.3964337408542633 

\Target: Average loss: 3.6830, Accuracy: 5698/18288 F1 (31%)

\Rotation: Average loss: 0.2898, Accuracy: 16111/18288 F1 (88%)

best acc class 31.157043
record record/multi/net_resnet34_clipart
saving model
T clipart Ep: 3600 lr0.007940462859307384 	 Loss Class: 0.048258 RotLab: 0.007250934839248657 Ent: 0.2933127284049988 RotUnl: 0.4100905954837799 

T clipart Ep: 3700 lr0.007896953388873518 	 Loss Class: 0.124054 RotLab: 0.1618388444185257 Ent: 0.3023982048034668 RotUnl: 0.43515291810035706 

T clipart Ep: 3800 lr0.007853996170872714 	 Loss Class: 0.033700 RotLab: 0.0025013089179992676 Ent: 0.29658326506614685 RotUnl: 0.44053351879119873 

T clipart Ep: 3900 lr0.00781158026956848 	 Loss Class: 0.040685 RotLab: 0.005892693996429443 Ent: 0.2921321392059326 RotUnl: 0.26119741797447205 

T clipart Ep: 4000 lr0.007769695042409123 	 Loss Class: 0.136033 RotLab: 0.08903428167104721 Ent: 0.33397600054740906 RotUnl: 0.3204716145992279 

\Target: Average loss: 3.7312, Accuracy: 5686/18288 F1 (31%)

\Rotation: Average loss: 0.2453, Accuracy: 16528/18288 F1 (90%)

best acc class 31.157043
record record/multi/net_resnet34_clipart
saving model
T clipart Ep: 4100 lr0.007728330130142108 	 Loss Class: 0.110526 RotLab: 0.05601860582828522 Ent: 0.3087631165981293 RotUnl: 0.18880073726177216 

T clipart Ep: 4200 lr0.007687475447329114 	 Loss Class: 0.047438 RotLab: 0.024346301332116127 Ent: 0.34260812401771545 RotUnl: 0.15463906526565552 

T clipart Ep: 4300 lr0.0076471211732427845 	 Loss Class: 0.054753 RotLab: 0.004033267498016357 Ent: 0.3006129264831543 RotUnl: 0.2989422678947449 

T clipart Ep: 4400 lr0.007607257743127307 	 Loss Class: 0.036151 RotLab: 0.0024716060142964125 Ent: 0.28388306498527527 RotUnl: 0.2134569138288498 

T clipart Ep: 4500 lr0.007567875839805858 	 Loss Class: 0.037828 RotLab: 0.007011791225522757 Ent: 0.3218771815299988 RotUnl: 0.15072834491729736 

\Target: Average loss: 3.7919, Accuracy: 5759/18288 F1 (31%)

\Rotation: Average loss: 0.2282, Accuracy: 16608/18288 F1 (90%)

best acc class 31.490595
record record/multi/net_resnet34_clipart
saving model
T clipart Ep: 4600 lr0.007528966385618854 	 Loss Class: 0.049616 RotLab: 0.0029288530349731445 Ent: 0.2942430377006531 RotUnl: 0.3344557583332062 

T clipart Ep: 4700 lr0.007490520534677821 	 Loss Class: 0.059074 RotLab: 0.04778211936354637 Ent: 0.30065807700157166 RotUnl: 0.2906731963157654 

T clipart Ep: 4800 lr0.007452529665420465 	 Loss Class: 0.083882 RotLab: 0.05718168616294861 Ent: 0.30740004777908325 RotUnl: 0.2692406475543976 

T clipart Ep: 4900 lr0.007414985373453289 	 Loss Class: 0.039196 RotLab: 0.00028864541673101485 Ent: 0.2945072650909424 RotUnl: 0.23607511818408966 

T clipart Ep: 5000 lr0.007377879464668811 	 Loss Class: 0.054539 RotLab: 0.03171495348215103 Ent: 0.2944854497909546 RotUnl: 0.2777058780193329 

\Target: Average loss: 3.7858, Accuracy: 5747/18288 F1 (31%)

\Rotation: Average loss: 0.2114, Accuracy: 16771/18288 F1 (91%)

best acc class 31.490595
record record/multi/net_resnet34_clipart
saving model
T clipart Ep: 5100 lr0.007341203948625087 	 Loss Class: 0.048807 RotLab: 0.023202190175652504 Ent: 0.32625269889831543 RotUnl: 0.22094738483428955 

T clipart Ep: 5200 lr0.007304951032175895 	 Loss Class: 0.034841 RotLab: 0.07501714676618576 Ent: 0.3098732829093933 RotUnl: 0.10633864998817444 

T clipart Ep: 5300 lr0.007269113113340497 	 Loss Class: 0.042019 RotLab: 0.006185978651046753 Ent: 0.3175959587097168 RotUnl: 0.5850666761398315 

T clipart Ep: 5400 lr0.007233682775402483 	 Loss Class: 0.046385 RotLab: 0.0012530684471130371 Ent: 0.2997109293937683 RotUnl: 0.15434958040714264 

T clipart Ep: 5500 lr0.007198652781227704 	 Loss Class: 0.030113 RotLab: 0.006606678012758493 Ent: 0.27488410472869873 RotUnl: 0.38698455691337585 

\Target: Average loss: 3.8062, Accuracy: 5832/18288 F1 (31%)

\Rotation: Average loss: 0.2129, Accuracy: 16740/18288 F1 (91%)

best acc class 31.889764
record record/multi/net_resnet34_clipart
saving model
T clipart Ep: 5600 lr0.007164016067791809 	 Loss Class: 0.099195 RotLab: 0.06171727553009987 Ent: 0.2974851727485657 RotUnl: 0.27823150157928467 

T clipart Ep: 5700 lr0.0071297657409083726 	 Loss Class: 0.081470 RotLab: 0.06569129973649979 Ent: 0.32283368706703186 RotUnl: 0.3760659396648407 

T clipart Ep: 5800 lr0.0070958950701490225 	 Loss Class: 0.032651 RotLab: 0.0008797049522399902 Ent: 0.29676899313926697 RotUnl: 0.32661333680152893 

T clipart Ep: 5900 lr0.007062397483947426 	 Loss Class: 0.090718 RotLab: 0.05794362351298332 Ent: 0.3140741288661957 RotUnl: 0.32029226422309875 

T clipart Ep: 6000 lr0.007029266564879363 	 Loss Class: 0.044810 RotLab: 0.07741060107946396 Ent: 0.27796706557273865 RotUnl: 0.12642280757427216 

\Target: Average loss: 3.8273, Accuracy: 5912/18288 F1 (32%)

\Rotation: Average loss: 0.2090, Accuracy: 16799/18288 F1 (91%)

best acc class 32.327209
record record/multi/net_resnet34_clipart
saving model
T clipart Ep: 6100 lr0.006996496045111504 	 Loss Class: 0.039312 RotLab: 0.004108399152755737 Ent: 0.31702983379364014 RotUnl: 0.09461912512779236 

T clipart Ep: 6200 lr0.00696407980201184 	 Loss Class: 0.042595 RotLab: 0.0020884971600025892 Ent: 0.3260612487792969 RotUnl: 0.13517363369464874 

T clipart Ep: 6300 lr0.006932011853915101 	 Loss Class: 0.043234 RotLab: 0.06207883358001709 Ent: 0.3120843768119812 RotUnl: 0.27255067229270935 

T clipart Ep: 6400 lr0.006900286356036734 	 Loss Class: 0.050559 RotLab: 0.0013991197338327765 Ent: 0.32399359345436096 RotUnl: 0.21777719259262085 

T clipart Ep: 6500 lr0.006868897596529406 	 Loss Class: 0.032880 RotLab: 0.0009506940841674805 Ent: 0.29786497354507446 RotUnl: 0.22576914727687836 

\Target: Average loss: 3.8398, Accuracy: 6050/18288 F1 (33%)

\Rotation: Average loss: 0.1686, Accuracy: 17056/18288 F1 (93%)

best acc class 33.081802
record record/multi/net_resnet34_clipart
saving model
T clipart Ep: 6600 lr0.006837839992676177 	 Loss Class: 0.047849 RotLab: 0.005497316364198923 Ent: 0.28188687562942505 RotUnl: 0.17125006020069122 

T clipart Ep: 6700 lr0.006807108087214876 	 Loss Class: 0.056255 RotLab: 0.0021379392128437757 Ent: 0.2792007029056549 RotUnl: 0.19354099035263062 

T clipart Ep: 6800 lr0.006776696544788352 	 Loss Class: 0.036097 RotLab: 0.008836627006530762 Ent: 0.3019486963748932 RotUnl: 0.2852296531200409 

T clipart Ep: 6900 lr0.006746600148515609 	 Loss Class: 0.050571 RotLab: 0.08000736683607101 Ent: 0.3133697509765625 RotUnl: 0.3696853220462799 

T clipart Ep: 7000 lr0.006716813796678979 	 Loss Class: 0.044517 RotLab: 0.002210259437561035 Ent: 0.3131687641143799 RotUnl: 0.21601159870624542 

\Target: Average loss: 3.8503, Accuracy: 6001/18288 F1 (32%)

\Rotation: Average loss: 0.1663, Accuracy: 17083/18288 F1 (93%)

best acc class 33.081802
record record/multi/net_resnet34_clipart
saving model
T clipart Ep: 7100 lr0.006687332499522798 	 Loss Class: 0.046891 RotLab: 0.0010214050998911262 Ent: 0.297373503446579 RotUnl: 0.290933221578598 

T clipart Ep: 7200 lr0.006658151376159165 	 Loss Class: 0.048242 RotLab: 0.019370248541235924 Ent: 0.27431827783584595 RotUnl: 0.3375803530216217 

T clipart Ep: 7300 lr0.00662926565157663 	 Loss Class: 0.034954 RotLab: 0.00257033109664917 Ent: 0.2849723994731903 RotUnl: 0.33071044087409973 

T clipart Ep: 7400 lr0.006600670653747793 	 Loss Class: 0.057664 RotLab: 0.0010004242649301887 Ent: 0.29335522651672363 RotUnl: 0.288502961397171 

T clipart Ep: 7500 lr0.0065723618108320175 	 Loss Class: 0.060320 RotLab: 0.02700701355934143 Ent: 0.3031979203224182 RotUnl: 0.06441235542297363 

\Target: Average loss: 3.8710, Accuracy: 6016/18288 F1 (32%)

\Rotation: Average loss: 0.1535, Accuracy: 17178/18288 F1 (93%)

best acc class 33.081802
record record/multi/net_resnet34_clipart
saving model
T clipart Ep: 7600 lr0.006544334648469591 	 Loss Class: 0.040704 RotLab: 0.0030442674178630114 Ent: 0.27089372277259827 RotUnl: 0.36893102526664734 

T clipart Ep: 7700 lr0.006516584787163857 	 Loss Class: 0.046296 RotLab: 0.009825438261032104 Ent: 0.30924052000045776 RotUnl: 0.04754279926419258 

T clipart Ep: 7800 lr0.006489107939747966 	 Loss Class: 0.132284 RotLab: 0.14337782561779022 Ent: 0.26545581221580505 RotUnl: 0.16630405187606812 

T clipart Ep: 7900 lr0.0064618999089330565 	 Loss Class: 0.029907 RotLab: 0.017708251252770424 Ent: 0.3100331723690033 RotUnl: 0.07786252349615097 

T clipart Ep: 8000 lr0.006434956584934828 	 Loss Class: 0.047153 RotLab: 0.01247058343142271 Ent: 0.2663586735725403 RotUnl: 0.1509542614221573 

\Target: Average loss: 3.8465, Accuracy: 6182/18288 F1 (33%)

\Rotation: Average loss: 0.1368, Accuracy: 17301/18288 F1 (94%)

best acc class 33.803587
record record/multi/net_resnet34_clipart
saving model
T clipart Ep: 8100 lr0.006408273943175546 	 Loss Class: 0.043378 RotLab: 0.0005567471380345523 Ent: 0.2967068552970886 RotUnl: 0.1554943174123764 

T clipart Ep: 8200 lr0.006381848042058713 	 Loss Class: 0.037431 RotLab: 0.0033114750403910875 Ent: 0.2926144301891327 RotUnl: 0.07097544521093369 

T clipart Ep: 8300 lr0.0063556750208137005 	 Loss Class: 0.103531 RotLab: 0.05346187576651573 Ent: 0.2938997745513916 RotUnl: 0.15788696706295013 

T clipart Ep: 8400 lr0.006329751097407787 	 Loss Class: 0.045470 RotLab: 0.0005917549133300781 Ent: 0.2830969989299774 RotUnl: 0.23334474861621857 

T clipart Ep: 8500 lr0.0063040725665231365 	 Loss Class: 0.070574 RotLab: 0.0023595988750457764 Ent: 0.2834908664226532 RotUnl: 0.07940199226140976 

\Target: Average loss: 3.8534, Accuracy: 6218/18288 F1 (34%)

\Rotation: Average loss: 0.1232, Accuracy: 17405/18288 F1 (95%)

best acc class 34.000437
record record/multi/net_resnet34_clipart
saving model
T clipart Ep: 8600 lr0.006278635797596355 	 Loss Class: 0.131256 RotLab: 0.050325196236371994 Ent: 0.30850672721862793 RotUnl: 0.1201745867729187 

T clipart Ep: 8700 lr0.006253437232918371 	 Loss Class: 0.114802 RotLab: 0.0700816735625267 Ent: 0.3174575865268707 RotUnl: 0.1064949557185173 

T clipart Ep: 8800 lr0.0062284733857924735 	 Loss Class: 0.055949 RotLab: 0.0009176731109619141 Ent: 0.29564228653907776 RotUnl: 0.08228546380996704 

T clipart Ep: 8900 lr0.006203740838748417 	 Loss Class: 0.096297 RotLab: 0.0883573666214943 Ent: 0.29729944467544556 RotUnl: 0.15998665988445282 

T clipart Ep: 9000 lr0.006179236241810624 	 Loss Class: 0.045034 RotLab: 0.0042533972300589085 Ent: 0.26724639534950256 RotUnl: 0.08355947583913803 

\Target: Average loss: 3.8961, Accuracy: 6225/18288 F1 (34%)

\Rotation: Average loss: 0.1202, Accuracy: 17444/18288 F1 (95%)

best acc class 34.038714
record record/multi/net_resnet34_clipart
saving model
T clipart Ep: 9100 lr0.006154956310818535 	 Loss Class: 0.043235 RotLab: 0.004721025470644236 Ent: 0.28026282787323 RotUnl: 0.13287217915058136 

T clipart Ep: 9200 lr0.0061308978257973165 	 Loss Class: 0.056327 RotLab: 0.007068166974931955 Ent: 0.3058486878871918 RotUnl: 0.13022823631763458 

T clipart Ep: 9300 lr0.0061070576293771285 	 Loss Class: 0.069312 RotLab: 0.05488390848040581 Ent: 0.29402947425842285 RotUnl: 0.06862145662307739 

T clipart Ep: 9400 lr0.006083432625259276 	 Loss Class: 0.125549 RotLab: 0.06833282858133316 Ent: 0.28612956404685974 RotUnl: 0.19035221636295319 

T clipart Ep: 9500 lr0.006060019776727621 	 Loss Class: 0.054645 RotLab: 0.0033618013840168715 Ent: 0.27860113978385925 RotUnl: 0.14327064156532288 

\Target: Average loss: 3.9001, Accuracy: 6250/18288 F1 (34%)

\Rotation: Average loss: 0.1251, Accuracy: 17393/18288 F1 (95%)

best acc class 34.175416
record record/multi/net_resnet34_clipart
saving model
T clipart Ep: 9600 lr0.00603681610520369 	 Loss Class: 0.050396 RotLab: 0.005642791744321585 Ent: 0.2764420509338379 RotUnl: 0.15242895483970642 

T clipart Ep: 9700 lr0.0060138186888439825 	 Loss Class: 0.044671 RotLab: 0.015196263790130615 Ent: 0.3029212951660156 RotUnl: 0.11539014428853989 

T clipart Ep: 9800 lr0.005991024661178045 	 Loss Class: 0.047251 RotLab: 0.0014767050743103027 Ent: 0.2962248623371124 RotUnl: 0.027688538655638695 

T clipart Ep: 9900 lr0.0059684312097859115 	 Loss Class: 0.098350 RotLab: 0.0966840460896492 Ent: 0.2403641939163208 RotUnl: 0.17003653943538666 

T clipart Ep: 10000 lr0.005946035575013605 	 Loss Class: 0.042418 RotLab: 0.0021984379272907972 Ent: 0.2759760320186615 RotUnl: 0.1389239877462387 

\Target: Average loss: 3.9256, Accuracy: 6246/18288 F1 (34%)

\Rotation: Average loss: 0.1099, Accuracy: 17497/18288 F1 (95%)

best acc class 34.175416
record record/multi/net_resnet34_clipart
saving model
T clipart Ep: 10100 lr0.005923835048725393 	 Loss Class: 0.092127 RotLab: 0.06225866079330444 Ent: 0.24037472903728485 RotUnl: 0.2234642058610916 

T clipart Ep: 10200 lr0.005901826973091593 	 Loss Class: 0.067086 RotLab: 0.0017748078098520637 Ent: 0.27204403281211853 RotUnl: 0.13489535450935364 

T clipart Ep: 10300 lr0.005880008739410735 	 Loss Class: 0.032395 RotLab: 0.00027495622634887695 Ent: 0.2542281448841095 RotUnl: 0.0894966721534729 

T clipart Ep: 10400 lr0.005858377786964935 	 Loss Class: 0.048131 RotLab: 0.0006422002916224301 Ent: 0.27794376015663147 RotUnl: 0.08802983164787292 

T clipart Ep: 10500 lr0.005836931601907399 	 Loss Class: 0.040764 RotLab: 0.00013993184256833047 Ent: 0.2843669056892395 RotUnl: 0.14386288821697235 

\Target: Average loss: 3.8975, Accuracy: 6318/18288 F1 (34%)

\Rotation: Average loss: 0.1125, Accuracy: 17477/18288 F1 (95%)

best acc class 34.547244
record record/multi/net_resnet34_clipart
saving model
T clipart Ep: 10600 lr0.005815667716181004 	 Loss Class: 0.055987 RotLab: 0.004056374076753855 Ent: 0.28116193413734436 RotUnl: 0.09214526414871216 

T clipart Ep: 10700 lr0.005794583706466925 	 Loss Class: 0.113201 RotLab: 0.11983653903007507 Ent: 0.2735063433647156 RotUnl: 0.1710212230682373 

T clipart Ep: 10800 lr0.005773677193162352 	 Loss Class: 0.080726 RotLab: 0.026924094185233116 Ent: 0.2808088958263397 RotUnl: 0.11150270700454712 

T clipart Ep: 10900 lr0.005752945839386346 	 Loss Class: 0.057818 RotLab: 0.04312926530838013 Ent: 0.29109448194503784 RotUnl: 0.07356678694486618 

T clipart Ep: 11000 lr0.005732387350012933 	 Loss Class: 0.054667 RotLab: 0.051210835576057434 Ent: 0.27158352732658386 RotUnl: 0.10324857383966446 

\Target: Average loss: 3.9350, Accuracy: 6285/18288 F1 (34%)

\Rotation: Average loss: 0.0980, Accuracy: 17584/18288 F1 (96%)

best acc class 34.547244
record record/multi/net_resnet34_clipart
saving model
T clipart Ep: 11100 lr0.005711999470730565 	 Loss Class: 0.036347 RotLab: 0.00286875176243484 Ent: 0.2956473231315613 RotUnl: 0.15776146948337555 

T clipart Ep: 11200 lr0.005691779987127103 	 Loss Class: 0.042064 RotLab: 0.0002293388097314164 Ent: 0.27221009135246277 RotUnl: 0.06431744247674942 

T clipart Ep: 11300 lr0.005671726723799515 	 Loss Class: 0.055613 RotLab: 0.0007849137182347476 Ent: 0.2820243537425995 RotUnl: 0.10690546035766602 

T clipart Ep: 11400 lr0.005651837543487509 	 Loss Class: 0.048350 RotLab: 0.0016148885479196906 Ent: 0.29257550835609436 RotUnl: 0.1293080598115921 

T clipart Ep: 11500 lr0.005632110346230358 	 Loss Class: 0.070251 RotLab: 0.0006739298696629703 Ent: 0.2773345708847046 RotUnl: 0.1329559087753296 

\Target: Average loss: 3.9354, Accuracy: 6392/18288 F1 (34%)

\Rotation: Average loss: 0.0915, Accuracy: 17632/18288 F1 (96%)

best acc class 34.951881
record record/multi/net_resnet34_clipart
saving model
T clipart Ep: 11600 lr0.005612543068546177 	 Loss Class: 0.052155 RotLab: 0.003661890747025609 Ent: 0.2510144114494324 RotUnl: 0.20304246246814728 

T clipart Ep: 11700 lr0.005593133682632953 	 Loss Class: 0.049792 RotLab: 0.0017319917678833008 Ent: 0.23292477428913116 RotUnl: 0.1460958570241928 

T clipart Ep: 11800 lr0.005573880195590681 	 Loss Class: 0.052134 RotLab: 0.0002636710705701262 Ent: 0.27394920587539673 RotUnl: 0.10293716192245483 

T clipart Ep: 11900 lr0.0055547806486639095 	 Loss Class: 0.049827 RotLab: 0.00031457343720830977 Ent: 0.285576730966568 RotUnl: 0.04404321685433388 

T clipart Ep: 12000 lr0.005535833116504121 	 Loss Class: 0.068589 RotLab: 0.00014829635620117188 Ent: 0.2951897084712982 RotUnl: 0.19151566922664642 

\Target: Average loss: 3.9579, Accuracy: 6369/18288 F1 (34%)

\Rotation: Average loss: 0.0923, Accuracy: 17619/18288 F1 (96%)

best acc class 34.951881
record record/multi/net_resnet34_clipart
saving model
T clipart Ep: 12100 lr0.00551703570645129 	 Loss Class: 0.051796 RotLab: 0.006920337677001953 Ent: 0.25169554352760315 RotUnl: 0.050702985376119614 

T clipart Ep: 12200 lr0.005498386557834078 	 Loss Class: 0.043529 RotLab: 0.05797835811972618 Ent: 0.24951671063899994 RotUnl: 0.18182902038097382 

T clipart Ep: 12300 lr0.00547988384128807 	 Loss Class: 0.039896 RotLab: 0.0001685817987890914 Ent: 0.2766026258468628 RotUnl: 0.07053997367620468 

T clipart Ep: 12400 lr0.005461525758091539 	 Loss Class: 0.060990 RotLab: 0.0008293986320495605 Ent: 0.2753508388996124 RotUnl: 0.0793997123837471 

T clipart Ep: 12500 lr0.005443310539518174 	 Loss Class: 0.058513 RotLab: 0.0003351966443005949 Ent: 0.2729741930961609 RotUnl: 0.13919049501419067 

\Target: Average loss: 3.9520, Accuracy: 6491/18288 F1 (35%)

\Rotation: Average loss: 0.0893, Accuracy: 17682/18288 F1 (96%)

best acc class 35.493220
record record/multi/net_resnet34_clipart
saving model
T clipart Ep: 12600 lr0.005425236446206295 	 Loss Class: 0.050585 RotLab: 0.00040682157850824296 Ent: 0.26119887828826904 RotUnl: 0.18658269941806793 

T clipart Ep: 12700 lr0.005407301767544059 	 Loss Class: 0.049292 RotLab: 0.0004544059338513762 Ent: 0.27443110942840576 RotUnl: 0.04165390133857727 

T clipart Ep: 12800 lr0.005389504821070177 	 Loss Class: 0.053503 RotLab: 0.0026738245505839586 Ent: 0.26874929666519165 RotUnl: 0.013442650437355042 

T clipart Ep: 12900 lr0.005371843951889677 	 Loss Class: 0.170764 RotLab: 0.11232685297727585 Ent: 0.26882684230804443 RotUnl: 0.1074344590306282 

T clipart Ep: 13000 lr0.0053543175321042955 	 Loss Class: 0.118820 RotLab: 0.11018839478492737 Ent: 0.2719731032848358 RotUnl: 0.1453651636838913 

\Target: Average loss: 3.9328, Accuracy: 6483/18288 F1 (35%)

\Rotation: Average loss: 0.0866, Accuracy: 17667/18288 F1 (96%)

best acc class 35.493220
record record/multi/net_resnet34_clipart
saving model
T clipart Ep: 13100 lr0.005336923960257046 	 Loss Class: 0.052852 RotLab: 0.0019132295856252313 Ent: 0.2865050733089447 RotUnl: 0.05672715604305267 

T clipart Ep: 13200 lr0.0053196616607905645 	 Loss Class: 0.044325 RotLab: 0.00020549695182126015 Ent: 0.28156936168670654 RotUnl: 0.14748714864253998 

T clipart Ep: 13300 lr0.0053025290835188275 	 Loss Class: 0.055570 RotLab: 0.04475544020533562 Ent: 0.2901836037635803 RotUnl: 0.15820665657520294 

T clipart Ep: 13400 lr0.005285524703111859 	 Loss Class: 0.061554 RotLab: 0.00021978218865115196 Ent: 0.2768614888191223 RotUnl: 0.0580156147480011 

T clipart Ep: 13500 lr0.005268647018593052 	 Loss Class: 0.046083 RotLab: 0.0022754669189453125 Ent: 0.2852909564971924 RotUnl: 0.14841222763061523 

\Target: Average loss: 3.9688, Accuracy: 6497/18288 F1 (35%)

\Rotation: Average loss: 0.0817, Accuracy: 17692/18288 F1 (96%)

best acc class 35.526028
record record/multi/net_resnet34_clipart
saving model
T clipart Ep: 13600 lr0.005251894552848747 	 Loss Class: 0.047334 RotLab: 0.021820127964019775 Ent: 0.26206517219543457 RotUnl: 0.11977007985115051 

T clipart Ep: 13700 lr0.005235265852149712 	 Loss Class: 0.049482 RotLab: 0.0003964702191296965 Ent: 0.2530418336391449 RotUnl: 0.042712707072496414 

T clipart Ep: 13800 lr0.005218759485684187 	 Loss Class: 0.040730 RotLab: 6.836652755737305e-05 Ent: 0.27021002769470215 RotUnl: 0.1600564867258072 

T clipart Ep: 13900 lr0.005202374045102174 	 Loss Class: 0.126833 RotLab: 0.06286050379276276 Ent: 0.24857906997203827 RotUnl: 0.05394291877746582 

T clipart Ep: 14000 lr0.005186108144070652 	 Loss Class: 0.053519 RotLab: 0.002469003200531006 Ent: 0.28742143511772156 RotUnl: 0.125654399394989 

\Target: Average loss: 4.0099, Accuracy: 6468/18288 F1 (35%)

\Rotation: Average loss: 0.0854, Accuracy: 17684/18288 F1 (96%)

best acc class 35.526028
record record/multi/net_resnet34_clipart
saving model
T clipart Ep: 14100 lr0.005169960417839403 	 Loss Class: 0.057707 RotLab: 0.0017994046211242676 Ent: 0.26499125361442566 RotUnl: 0.15593954920768738 

T clipart Ep: 14200 lr0.005153929522817161 	 Loss Class: 0.058838 RotLab: 0.0004440148768480867 Ent: 0.25471219420433044 RotUnl: 0.11987444758415222 

T clipart Ep: 14300 lr0.005138014136157799 	 Loss Class: 0.066413 RotLab: 0.000513354956638068 Ent: 0.25211507081985474 RotUnl: 0.05445192754268646 

T clipart Ep: 14400 lr0.005122212955356274 	 Loss Class: 0.042631 RotLab: 0.00029681125306524336 Ent: 0.2475086897611618 RotUnl: 0.03654538094997406 

T clipart Ep: 14500 lr0.005106524697854057 	 Loss Class: 0.061350 RotLab: 0.01461741328239441 Ent: 0.28195247054100037 RotUnl: 0.19765067100524902 

\Target: Average loss: 3.9791, Accuracy: 6539/18288 F1 (35%)

\Rotation: Average loss: 0.0758, Accuracy: 17729/18288 F1 (96%)

best acc class 35.755687
record record/multi/net_resnet34_clipart
saving model
T clipart Ep: 14600 lr0.005090948100653781 	 Loss Class: 0.049027 RotLab: 0.0016726255416870117 Ent: 0.29667240381240845 RotUnl: 0.05868116021156311 

T clipart Ep: 14700 lr0.0050754819199428855 	 Loss Class: 0.098205 RotLab: 0.05345699191093445 Ent: 0.2367819845676422 RotUnl: 0.055601298809051514 

T clipart Ep: 14800 lr0.005060124930725974 	 Loss Class: 0.064307 RotLab: 0.0011837879428640008 Ent: 0.2695002555847168 RotUnl: 0.011402152478694916 

T clipart Ep: 14900 lr0.00504487592646567 	 Loss Class: 0.050238 RotLab: 0.0011258125305175781 Ent: 0.2428048700094223 RotUnl: 0.03670549765229225 

T clipart Ep: 15000 lr0.005029733718731741 	 Loss Class: 0.125584 RotLab: 0.06557538360357285 Ent: 0.2455657571554184 RotUnl: 0.17309121787548065 

\Target: Average loss: 4.0276, Accuracy: 6457/18288 F1 (35%)

\Rotation: Average loss: 0.0721, Accuracy: 17767/18288 F1 (97%)

best acc class 35.755687
record record/multi/net_resnet34_clipart
saving model
T clipart Ep: 15100 lr0.005014697136858264 	 Loss Class: 0.053481 RotLab: 0.0022189717274159193 Ent: 0.25837182998657227 RotUnl: 0.1903849095106125 

T clipart Ep: 15200 lr0.004999765027608607 	 Loss Class: 0.048548 RotLab: 0.0001537799835205078 Ent: 0.2797606885433197 RotUnl: 0.04469457268714905 

T clipart Ep: 15300 lr0.004984936254848047 	 Loss Class: 0.043362 RotLab: 8.163849270204082e-05 Ent: 0.2596651613712311 RotUnl: 0.05249737203121185 

T clipart Ep: 15400 lr0.004970209699223787 	 Loss Class: 0.124289 RotLab: 0.08348531275987625 Ent: 0.24582929909229279 RotUnl: 0.0737919732928276 

T clipart Ep: 15500 lr0.0049555842578521995 	 Loss Class: 0.106386 RotLab: 0.06279122084379196 Ent: 0.262419193983078 RotUnl: 0.029110277071595192 

\Target: Average loss: 4.0285, Accuracy: 6483/18288 F1 (35%)

\Rotation: Average loss: 0.0660, Accuracy: 17817/18288 F1 (97%)

best acc class 35.755687
record record/multi/net_resnet34_clipart
saving model
T clipart Ep: 15600 lr0.004941058844013093 	 Loss Class: 0.040815 RotLab: 6.119409954408184e-05 Ent: 0.2657908499240875 RotUnl: 0.07512790709733963 

T clipart Ep: 15700 lr0.004926632386850831 	 Loss Class: 0.121526 RotLab: 0.056398745626211166 Ent: 0.2616996467113495 RotUnl: 0.0693134143948555 

T clipart Ep: 15800 lr0.004912303831082109 	 Loss Class: 0.106175 RotLab: 0.059913452714681625 Ent: 0.23306424915790558 RotUnl: 0.09488778561353683 

T clipart Ep: 15900 lr0.004898072136710217 	 Loss Class: 0.040272 RotLab: 0.002821723697707057 Ent: 0.29111629724502563 RotUnl: 0.09869027882814407 

T clipart Ep: 16000 lr0.004883936278745637 	 Loss Class: 0.109102 RotLab: 0.05548170581459999 Ent: 0.2634863555431366 RotUnl: 0.042698562145233154 

\Target: Average loss: 4.0498, Accuracy: 6516/18288 F1 (35%)

\Rotation: Average loss: 0.0642, Accuracy: 17841/18288 F1 (97%)

best acc class 35.755687
record record/multi/net_resnet34_clipart
saving model
T clipart Ep: 16100 lr0.004869895246932789 	 Loss Class: 0.054431 RotLab: 0.00016299884009640664 Ent: 0.23363374173641205 RotUnl: 0.025030875578522682 

T clipart Ep: 16200 lr0.004855948045482784 	 Loss Class: 0.066944 RotLab: 0.0004995067720301449 Ent: 0.21763765811920166 RotUnl: 0.04210099205374718 

T clipart Ep: 16300 lr0.004842093692812012 	 Loss Class: 0.051050 RotLab: 0.0009566943044774234 Ent: 0.23638716340065002 RotUnl: 0.05548596382141113 

T clipart Ep: 16400 lr0.004828331221286437 	 Loss Class: 0.028658 RotLab: 0.0033961336594074965 Ent: 0.2488204687833786 RotUnl: 0.0998852550983429 

T clipart Ep: 16500 lr0.004814659676971443 	 Loss Class: 0.114216 RotLab: 0.061592116951942444 Ent: 0.2797509729862213 RotUnl: 0.2169215828180313 

\Target: Average loss: 4.0600, Accuracy: 6554/18288 F1 (35%)

\Rotation: Average loss: 0.0613, Accuracy: 17848/18288 F1 (97%)

best acc class 35.837708
record record/multi/net_resnet34_clipart
saving model
T clipart Ep: 16600 lr0.004801078119387078 	 Loss Class: 0.143303 RotLab: 0.07683853060007095 Ent: 0.24113798141479492 RotUnl: 0.07413094490766525 

T clipart Ep: 16700 lr0.004787585621268585 	 Loss Class: 0.058218 RotLab: 0.00027191638946533203 Ent: 0.24351368844509125 RotUnl: 0.05564605072140694 

T clipart Ep: 16800 lr0.0047741812683320655 	 Loss Class: 0.088991 RotLab: 0.058621350675821304 Ent: 0.2531666159629822 RotUnl: 0.049883294850587845 

T clipart Ep: 16900 lr0.004760864159045157 	 Loss Class: 0.122204 RotLab: 0.06528905779123306 Ent: 0.25279340147972107 RotUnl: 0.010982319712638855 

T clipart Ep: 17000 lr0.0047476334044026 	 Loss Class: 0.041507 RotLab: 0.0016022721538320184 Ent: 0.2554900646209717 RotUnl: 0.016190191730856895 

\Target: Average loss: 4.0591, Accuracy: 6590/18288 F1 (36%)

\Rotation: Average loss: 0.0691, Accuracy: 17789/18288 F1 (97%)

best acc class 36.034558
record record/multi/net_resnet34_clipart
saving model
T clipart Ep: 17100 lr0.004734488127706559 	 Loss Class: 0.068086 RotLab: 0.0009516875143162906 Ent: 0.2536829710006714 RotUnl: 0.14570273458957672 

T clipart Ep: 17200 lr0.004721427464351597 	 Loss Class: 0.064600 RotLab: 0.00025844573974609375 Ent: 0.23839612305164337 RotUnl: 0.07369798421859741 

T clipart Ep: 17300 lr0.004708450561614184 	 Loss Class: 0.109378 RotLab: 0.05942946672439575 Ent: 0.256190687417984 RotUnl: 0.07806258648633957 

T clipart Ep: 17400 lr0.004695556578446619 	 Loss Class: 0.130617 RotLab: 0.06149746850132942 Ent: 0.267015665769577 RotUnl: 0.13752178847789764 

T clipart Ep: 17500 lr0.004682744685275263 	 Loss Class: 0.099918 RotLab: 0.05879524350166321 Ent: 0.2363211214542389 RotUnl: 0.09910108894109726 

\Target: Average loss: 4.0721, Accuracy: 6532/18288 F1 (35%)

\Rotation: Average loss: 0.0617, Accuracy: 17825/18288 F1 (97%)

best acc class 36.034558
record record/multi/net_resnet34_clipart
saving model
T clipart Ep: 17600 lr0.004670014063802979 	 Loss Class: 0.063506 RotLab: 0.0036167700309306383 Ent: 0.2640160024166107 RotUnl: 0.17182688415050507 

T clipart Ep: 17700 lr0.004657363906815676 	 Loss Class: 0.119739 RotLab: 0.06519193947315216 Ent: 0.21900852024555206 RotUnl: 0.07614318281412125 

T clipart Ep: 17800 lr0.004644793417992855 	 Loss Class: 0.060561 RotLab: 0.0002455512585584074 Ent: 0.2735669016838074 RotUnl: 0.0636642798781395 

T clipart Ep: 17900 lr0.004632301811722062 	 Loss Class: 0.123029 RotLab: 0.0582941472530365 Ent: 0.26069632172584534 RotUnl: 0.11127126216888428 

T clipart Ep: 18000 lr0.004619888312917149 	 Loss Class: 0.065399 RotLab: 0.0002835988998413086 Ent: 0.23429608345031738 RotUnl: 0.04066081345081329 

\Target: Average loss: 4.0970, Accuracy: 6489/18288 F1 (35%)

\Rotation: Average loss: 0.0677, Accuracy: 17810/18288 F1 (97%)

best acc class 36.034558
record record/multi/net_resnet34_clipart
saving model
T clipart Ep: 18100 lr0.00460755215684026 	 Loss Class: 0.043457 RotLab: 0.0002688169479370117 Ent: 0.2523188292980194 RotUnl: 0.025716712698340416 

T clipart Ep: 18200 lr0.00459529258892745 	 Loss Class: 0.058384 RotLab: 0.0006867448682896793 Ent: 0.20954369008541107 RotUnl: 0.06204783543944359 

T clipart Ep: 18300 lr0.004583108864617844 	 Loss Class: 0.046799 RotLab: 0.000631352246273309 Ent: 0.2378833144903183 RotUnl: 0.11342114955186844 

T clipart Ep: 18400 lr0.0045710002491862545 	 Loss Class: 0.069669 RotLab: 0.0018812617054209113 Ent: 0.23720231652259827 RotUnl: 0.18903426826000214 

T clipart Ep: 18500 lr0.0045589660175791875 	 Loss Class: 0.127247 RotLab: 0.08723893016576767 Ent: 0.23515498638153076 RotUnl: 0.10926423221826553 

\Target: Average loss: 4.1243, Accuracy: 6581/18288 F1 (35%)

\Rotation: Average loss: 0.0652, Accuracy: 17817/18288 F1 (97%)

best acc class 36.034558
record record/multi/net_resnet34_clipart
saving model
T clipart Ep: 18600 lr0.004547005454254138 	 Loss Class: 0.063293 RotLab: 0.011373251676559448 Ent: 0.2500292956829071 RotUnl: 0.02147502638399601 

T clipart Ep: 18700 lr0.004535117853022106 	 Loss Class: 0.163161 RotLab: 0.07892104238271713 Ent: 0.2490721195936203 RotUnl: 0.021452641114592552 

T clipart Ep: 18800 lr0.004523302516893268 	 Loss Class: 0.044420 RotLab: 0.002535780193284154 Ent: 0.2578459680080414 RotUnl: 0.08809579163789749 

T clipart Ep: 18900 lr0.004511558757925708 	 Loss Class: 0.045592 RotLab: 0.00083978968905285 Ent: 0.2548843026161194 RotUnl: 0.08192700892686844 

T clipart Ep: 19000 lr0.004499885897077159 	 Loss Class: 0.120697 RotLab: 0.07341592758893967 Ent: 0.24171653389930725 RotUnl: 0.17259137332439423 

\Target: Average loss: 4.1033, Accuracy: 6623/18288 F1 (36%)

\Rotation: Average loss: 0.0553, Accuracy: 17911/18288 F1 (97%)

best acc class 36.215004
record record/multi/net_resnet34_clipart
saving model
T clipart Ep: 19100 lr0.004488283264059669 	 Loss Class: 0.124658 RotLab: 0.05310874059796333 Ent: 0.2246944159269333 RotUnl: 0.030243203043937683 

T clipart Ep: 19200 lr0.004476750197197131 	 Loss Class: 0.080657 RotLab: 0.054440151900053024 Ent: 0.23375701904296875 RotUnl: 0.008046726696193218 

T clipart Ep: 19300 lr0.004465286043285614 	 Loss Class: 0.062237 RotLab: 7.752577221253887e-05 Ent: 0.2300749570131302 RotUnl: 0.05131477490067482 

T clipart Ep: 19400 lr0.004453890157456425 	 Loss Class: 0.067866 RotLab: 0.03989563509821892 Ent: 0.21316848695278168 RotUnl: 0.0484674908220768 

T clipart Ep: 19500 lr0.004442561903041838 	 Loss Class: 0.069732 RotLab: 0.0034450888633728027 Ent: 0.22342462837696075 RotUnl: 0.01983780227601528 

\Target: Average loss: 4.1407, Accuracy: 6568/18288 F1 (35%)

\Rotation: Average loss: 0.0550, Accuracy: 17896/18288 F1 (97%)

best acc class 36.215004
record record/multi/net_resnet34_clipart
saving model
T clipart Ep: 19600 lr0.004431300651443432 	 Loss Class: 0.075435 RotLab: 0.06780681014060974 Ent: 0.24478505551815033 RotUnl: 0.19980674982070923 

T clipart Ep: 19700 lr0.004420105782002992 	 Loss Class: 0.045039 RotLab: 0.0009263157844543457 Ent: 0.2617243230342865 RotUnl: 0.05815226957201958 

T clipart Ep: 19800 lr0.004408976681875879 	 Loss Class: 0.062408 RotLab: 0.00018852949142456055 Ent: 0.24381831288337708 RotUnl: 0.08956629782915115 

T clipart Ep: 19900 lr0.004397912745906863 	 Loss Class: 0.072321 RotLab: 0.00013830263924319297 Ent: 0.260838121175766 RotUnl: 0.09540519118309021 

T clipart Ep: 20000 lr0.004386913376508308 	 Loss Class: 0.151554 RotLab: 0.04964308440685272 Ent: 0.23502187430858612 RotUnl: 0.02874828316271305 

\Target: Average loss: 4.1389, Accuracy: 6598/18288 F1 (36%)

\Rotation: Average loss: 0.0512, Accuracy: 17905/18288 F1 (97%)

best acc class 36.215004
record record/multi/net_resnet34_clipart
saving model
T clipart Ep: 20100 lr0.004375977983540715 	 Loss Class: 0.074516 RotLab: 0.00012753407645504922 Ent: 0.2378072291612625 RotUnl: 0.02537546120584011 

T clipart Ep: 20200 lr0.004365105984195512 	 Loss Class: 0.124207 RotLab: 0.05459004268050194 Ent: 0.20563331246376038 RotUnl: 0.1349480003118515 

T clipart Ep: 20300 lr0.004354296802880095 	 Loss Class: 0.047523 RotLab: 0.0019564826507121325 Ent: 0.22302822768688202 RotUnl: 0.09837941080331802 

T clipart Ep: 20400 lr0.004343549871105023 	 Loss Class: 0.051371 RotLab: 0.012113690376281738 Ent: 0.25949668884277344 RotUnl: 0.036585912108421326 

T clipart Ep: 20500 lr0.0043328646273733526 	 Loss Class: 0.069265 RotLab: 0.004128456115722656 Ent: 0.2305346578359604 RotUnl: 0.13045074045658112 

\Target: Average loss: 4.1438, Accuracy: 6624/18288 F1 (36%)

\Rotation: Average loss: 0.0527, Accuracy: 17902/18288 F1 (97%)

best acc class 36.220472
record record/multi/net_resnet34_clipart
saving model
T clipart Ep: 20600 lr0.00432224051707205 	 Loss Class: 0.066677 RotLab: 8.857250213623047e-05 Ent: 0.26265308260917664 RotUnl: 0.054056424647569656 

T clipart Ep: 20700 lr0.0043116769923654385 	 Loss Class: 0.071381 RotLab: 7.363160693785176e-05 Ent: 0.21819840371608734 RotUnl: 0.10299012809991837 

T clipart Ep: 20800 lr0.004301173512090631 	 Loss Class: 0.065146 RotLab: 0.0003859996795654297 Ent: 0.2416190207004547 RotUnl: 0.0872165635228157 

T clipart Ep: 20900 lr0.004290729541654919 	 Loss Class: 0.067471 RotLab: 0.07090450078248978 Ent: 0.2026180773973465 RotUnl: 0.05218879505991936 

T clipart Ep: 21000 lr0.0042803445529350555 	 Loss Class: 0.056083 RotLab: 6.38564451946877e-05 Ent: 0.24574100971221924 RotUnl: 0.04069671779870987 

\Target: Average loss: 4.1844, Accuracy: 6609/18288 F1 (36%)

\Rotation: Average loss: 0.0520, Accuracy: 17913/18288 F1 (97%)

best acc class 36.220472
record record/multi/net_resnet34_clipart
saving model
T clipart Ep: 21100 lr0.0042700180241784045 	 Loss Class: 0.041999 RotLab: 0.0001038511618389748 Ent: 0.20561741292476654 RotUnl: 0.05633467063307762 

T clipart Ep: 21200 lr0.004259749439905917 	 Loss Class: 0.053250 RotLab: 0.06381990760564804 Ent: 0.23216377198696136 RotUnl: 0.02238672971725464 

T clipart Ep: 21300 lr0.004249538290816886 	 Loss Class: 0.056107 RotLab: 0.07445714622735977 Ent: 0.25099095702171326 RotUnl: 0.01596791110932827 

T clipart Ep: 21400 lr0.004239384073695442 	 Loss Class: 0.055393 RotLab: 0.006497462745755911 Ent: 0.2222520112991333 RotUnl: 0.3091556131839752 

T clipart Ep: 21500 lr0.004229286291318768 	 Loss Class: 0.133039 RotLab: 0.06219584122300148 Ent: 0.25292354822158813 RotUnl: 0.04845159873366356 

\Target: Average loss: 4.1900, Accuracy: 6612/18288 F1 (36%)

\Rotation: Average loss: 0.0513, Accuracy: 17911/18288 F1 (97%)

best acc class 36.220472
record record/multi/net_resnet34_clipart
saving model
T clipart Ep: 21600 lr0.004219244452366975 	 Loss Class: 0.051358 RotLab: 0.0019012689590454102 Ent: 0.24460501968860626 RotUnl: 0.03216761723160744 

T clipart Ep: 21700 lr0.004209258071334615 	 Loss Class: 0.064888 RotLab: 0.0006392796640284359 Ent: 0.2460828572511673 RotUnl: 0.006033162120729685 

T clipart Ep: 21800 lr0.004199326668443797 	 Loss Class: 0.143880 RotLab: 0.0584968626499176 Ent: 0.2184310257434845 RotUnl: 0.1992417722940445 

T clipart Ep: 21900 lr0.004189449769558871 	 Loss Class: 0.063510 RotLab: 0.0001571178436279297 Ent: 0.2267734855413437 RotUnl: 0.15250322222709656 

T clipart Ep: 22000 lr0.004179626906102638 	 Loss Class: 0.082164 RotLab: 0.0002130270004272461 Ent: 0.21897874772548676 RotUnl: 0.050514962524175644 

\Target: Average loss: 4.1812, Accuracy: 6647/18288 F1 (36%)

\Rotation: Average loss: 0.0455, Accuracy: 17967/18288 F1 (98%)

best acc class 36.346238
record record/multi/net_resnet34_clipart
saving model
T clipart Ep: 22100 lr0.004169857614974071 	 Loss Class: 0.041404 RotLab: 0.0003123283386230469 Ent: 0.23737302422523499 RotUnl: 0.0418219231069088 

T clipart Ep: 22200 lr0.004160141438467499 	 Loss Class: 0.073449 RotLab: 0.007138053420931101 Ent: 0.2330053150653839 RotUnl: 0.09859714657068253 

T clipart Ep: 22300 lr0.004150477924193236 	 Loss Class: 0.201657 RotLab: 0.11515718698501587 Ent: 0.1877129077911377 RotUnl: 0.17934732139110565 

T clipart Ep: 22400 lr0.00414086662499961 	 Loss Class: 0.051792 RotLab: 0.0001341700553894043 Ent: 0.23370607197284698 RotUnl: 0.1597413420677185 

T clipart Ep: 22500 lr0.004131307098896385 	 Loss Class: 0.060317 RotLab: 0.0014802416553720832 Ent: 0.2438710778951645 RotUnl: 0.04913676902651787 

\Target: Average loss: 4.1930, Accuracy: 6611/18288 F1 (36%)

\Rotation: Average loss: 0.0465, Accuracy: 17947/18288 F1 (98%)

best acc class 36.346238
record record/multi/net_resnet34_clipart
saving model
T clipart Ep: 22600 lr0.0041217989089795196 	 Loss Class: 0.135021 RotLab: 0.13565556704998016 Ent: 0.22761738300323486 RotUnl: 0.08404824882745743 

T clipart Ep: 22700 lr0.004112341623357265 	 Loss Class: 0.073816 RotLab: 0.0007316867704503238 Ent: 0.21702232956886292 RotUnl: 0.10313252359628677 

T clipart Ep: 22800 lr0.004102934815077543 	 Loss Class: 0.110284 RotLab: 0.05622434243559837 Ent: 0.21572475135326385 RotUnl: 0.011167198419570923 

T clipart Ep: 22900 lr0.004093578062056604 	 Loss Class: 0.113545 RotLab: 0.0681467056274414 Ent: 0.20221805572509766 RotUnl: 0.0769893005490303 

T clipart Ep: 23000 lr0.00408427094700893 	 Loss Class: 0.053369 RotLab: 0.0003341237606946379 Ent: 0.2134346216917038 RotUnl: 0.09518047422170639 

\Target: Average loss: 4.2210, Accuracy: 6657/18288 F1 (36%)

\Rotation: Average loss: 0.0422, Accuracy: 17986/18288 F1 (98%)

best acc class 36.400919
record record/multi/net_resnet34_clipart
saving model
T clipart Ep: 23100 lr0.004075013057378346 	 Loss Class: 0.054983 RotLab: 0.0582105927169323 Ent: 0.24218259751796722 RotUnl: 0.03424214944243431 

T clipart Ep: 23200 lr0.004065803985270331 	 Loss Class: 0.070452 RotLab: 6.35981559753418e-05 Ent: 0.21663899719715118 RotUnl: 0.01550041139125824 

T clipart Ep: 23300 lr0.004056643327385506 	 Loss Class: 0.078815 RotLab: 0.0012259483337402344 Ent: 0.20138385891914368 RotUnl: 0.060178160667419434 

T clipart Ep: 23400 lr0.004047530684954247 	 Loss Class: 0.073441 RotLab: 0.07994882762432098 Ent: 0.23287402093410492 RotUnl: 0.03385946527123451 

T clipart Ep: 23500 lr0.0040384656636724406 	 Loss Class: 0.081578 RotLab: 0.0002816319465637207 Ent: 0.21848492324352264 RotUnl: 0.023832514882087708 

\Target: Average loss: 4.2375, Accuracy: 6692/18288 F1 (36%)

\Rotation: Average loss: 0.0455, Accuracy: 17971/18288 F1 (98%)

best acc class 36.592301
record record/multi/net_resnet34_clipart
saving model
T clipart Ep: 23600 lr0.004029447873638333 	 Loss Class: 0.069016 RotLab: 0.00048122802400030196 Ent: 0.22890391945838928 RotUnl: 0.054629135876894 

T clipart Ep: 23700 lr0.00402047692929045 	 Loss Class: 0.127115 RotLab: 0.061782628297805786 Ent: 0.2076646387577057 RotUnl: 0.07015916705131531 

T clipart Ep: 23800 lr0.004011552449346588 	 Loss Class: 0.060799 RotLab: 0.001042485237121582 Ent: 0.24464336037635803 RotUnl: 0.0044807144440710545 

T clipart Ep: 23900 lr0.004002674056743821 	 Loss Class: 0.139903 RotLab: 0.0577043853700161 Ent: 0.22280628979206085 RotUnl: 0.10473991185426712 

T clipart Ep: 24000 lr0.0039938413785795416 	 Loss Class: 0.072701 RotLab: 0.00011124213779112324 Ent: 0.19107483327388763 RotUnl: 0.06408100575208664 

\Target: Average loss: 4.2678, Accuracy: 6598/18288 F1 (36%)

\Rotation: Average loss: 0.0446, Accuracy: 17953/18288 F1 (98%)

best acc class 36.592301
record record/multi/net_resnet34_clipart
saving model
T clipart Ep: 24100 lr0.003985054046053481 	 Loss Class: 0.061381 RotLab: 0.016277313232421875 Ent: 0.19691550731658936 RotUnl: 0.02105591632425785 

T clipart Ep: 24200 lr0.003976311694410721 	 Loss Class: 0.163611 RotLab: 0.11402808874845505 Ent: 0.2568940818309784 RotUnl: 0.009349008090794086 

T clipart Ep: 24300 lr0.00396761396288564 	 Loss Class: 0.055456 RotLab: 0.00010552009189268574 Ent: 0.2340097427368164 RotUnl: 0.03290233388543129 

T clipart Ep: 24400 lr0.003958960494646819 	 Loss Class: 0.070826 RotLab: 0.0005508661270141602 Ent: 0.2239009439945221 RotUnl: 0.009764273650944233 

T clipart Ep: 24500 lr0.0039503509367428465 	 Loss Class: 0.057569 RotLab: 0.08001086115837097 Ent: 0.21565313637256622 RotUnl: 0.005301599856466055 

\Target: Average loss: 4.2651, Accuracy: 6680/18288 F1 (36%)

\Rotation: Average loss: 0.0443, Accuracy: 17972/18288 F1 (98%)

best acc class 36.592301
record record/multi/net_resnet34_clipart
saving model
T clipart Ep: 24600 lr0.00394178494004904 	 Loss Class: 0.130085 RotLab: 0.05700333043932915 Ent: 0.21407349407672882 RotUnl: 0.04190116003155708 

T clipart Ep: 24700 lr0.003933262159215038 	 Loss Class: 0.075916 RotLab: 0.09393900632858276 Ent: 0.1954440325498581 RotUnl: 0.14096757769584656 

T clipart Ep: 24800 lr0.00392478225261327 	 Loss Class: 0.190866 RotLab: 0.11896321177482605 Ent: 0.19225510954856873 RotUnl: 0.012323101051151752 

T clipart Ep: 24900 lr0.003916344882288264 	 Loss Class: 0.052836 RotLab: 0.00015846888709347695 Ent: 0.2327447384595871 RotUnl: 0.031427279114723206 

T clipart Ep: 25000 lr0.003907949713906802 	 Loss Class: 0.115102 RotLab: 0.054366886615753174 Ent: 0.23784895241260529 RotUnl: 0.057299841195344925 

\Target: Average loss: 4.2920, Accuracy: 6688/18288 F1 (36%)

\Rotation: Average loss: 0.0422, Accuracy: 17980/18288 F1 (98%)

best acc class 36.592301
record record/multi/net_resnet34_clipart
saving model
T clipart Ep: 25100 lr0.003899596416708869 	 Loss Class: 0.061622 RotLab: 0.00011189778888365254 Ent: 0.23274293541908264 RotUnl: 0.0019138455390930176 

T clipart Ep: 25200 lr0.0038912846634594346 	 Loss Class: 0.066490 RotLab: 0.000721494376193732 Ent: 0.22784653306007385 RotUnl: 0.06141204759478569 

T clipart Ep: 25300 lr0.0038830141304009892 	 Loss Class: 0.068707 RotLab: 0.0002941687998827547 Ent: 0.20896604657173157 RotUnl: 0.08461833745241165 

T clipart Ep: 25400 lr0.003874784497206876 	 Loss Class: 0.059382 RotLab: 0.0003081361355725676 Ent: 0.1858057975769043 RotUnl: 0.03933760151267052 

T clipart Ep: 25500 lr0.003866595446935362 	 Loss Class: 0.110025 RotLab: 0.05809314548969269 Ent: 0.21338748931884766 RotUnl: 0.10357701778411865 

\Target: Average loss: 4.2663, Accuracy: 6760/18288 F1 (36%)

\Rotation: Average loss: 0.0439, Accuracy: 17965/18288 F1 (98%)

best acc class 36.964129
record record/multi/net_resnet34_clipart
saving model
T clipart Ep: 25600 lr0.003858446665984465 	 Loss Class: 0.047707 RotLab: 4.00543212890625e-05 Ent: 0.2087252140045166 RotUnl: 0.08768222481012344 

T clipart Ep: 25700 lr0.0038503378440474917 	 Loss Class: 0.070241 RotLab: 0.002048413036391139 Ent: 0.21695569157600403 RotUnl: 0.03900403156876564 

T clipart Ep: 25800 lr0.003842268674069313 	 Loss Class: 0.109503 RotLab: 0.0572572685778141 Ent: 0.21021170914173126 RotUnl: 0.09425608068704605 

T clipart Ep: 25900 lr0.0038342388522033147 	 Loss Class: 0.061125 RotLab: 0.00014851491141598672 Ent: 0.2074473351240158 RotUnl: 0.025402406230568886 

T clipart Ep: 26000 lr0.0038262480777690546 	 Loss Class: 0.061742 RotLab: 0.0002207358629675582 Ent: 0.23692074418067932 RotUnl: 0.06991495937108994 

\Target: Average loss: 4.3258, Accuracy: 6639/18288 F1 (36%)

\Rotation: Average loss: 0.0404, Accuracy: 17997/18288 F1 (98%)

best acc class 36.964129
record record/multi/net_resnet34_clipart
saving model
T clipart Ep: 26100 lr0.0038182960532105875 	 Loss Class: 0.117732 RotLab: 0.05842965841293335 Ent: 0.21894286572933197 RotUnl: 0.031225167214870453 

T clipart Ep: 26200 lr0.0038103824840554513 	 Loss Class: 0.057908 RotLab: 6.165107333799824e-05 Ent: 0.1949373483657837 RotUnl: 0.05214555189013481 

T clipart Ep: 26300 lr0.0038025070788743048 	 Loss Class: 0.064821 RotLab: 0.06202830746769905 Ent: 0.23309794068336487 RotUnl: 0.05021589994430542 

T clipart Ep: 26400 lr0.003794669549241204 	 Loss Class: 0.037993 RotLab: 0.00014412403106689453 Ent: 0.20310531556606293 RotUnl: 0.07884399592876434 

T clipart Ep: 26500 lr0.0037868696096944997 	 Loss Class: 0.080648 RotLab: 0.0012594262370839715 Ent: 0.22337447106838226 RotUnl: 0.03658090904355049 

\Target: Average loss: 4.3324, Accuracy: 6715/18288 F1 (36%)

\Rotation: Average loss: 0.0378, Accuracy: 18005/18288 F1 (98%)

best acc class 36.964129
record record/multi/net_resnet34_clipart
saving model
T clipart Ep: 26600 lr0.00377910697769836 	 Loss Class: 0.077112 RotLab: 0.0007534424657933414 Ent: 0.20763273537158966 RotUnl: 0.018735850229859352 

T clipart Ep: 26700 lr0.0037713813736048834 	 Loss Class: 0.048944 RotLab: 0.00022164981055539101 Ent: 0.19824336469173431 RotUnl: 0.06625339388847351 

T clipart Ep: 26800 lr0.0037636925206168117 	 Loss Class: 0.047831 RotLab: 0.00019137065100949258 Ent: 0.20736117660999298 RotUnl: 0.15306955575942993 

T clipart Ep: 26900 lr0.0037560401447508216 	 Loss Class: 0.108653 RotLab: 0.0591508150100708 Ent: 0.19644521176815033 RotUnl: 0.022302353754639626 

T clipart Ep: 27000 lr0.003748423974801389 	 Loss Class: 0.038501 RotLab: 0.00031606355332769454 Ent: 0.21508093178272247 RotUnl: 0.04924565181136131 

\Target: Average loss: 4.3064, Accuracy: 6705/18288 F1 (36%)

\Rotation: Average loss: 0.0386, Accuracy: 18007/18288 F1 (98%)

best acc class 36.964129
record record/multi/net_resnet34_clipart
saving model
T clipart Ep: 27100 lr0.003740843742305213 	 Loss Class: 0.069284 RotLab: 0.004805535078048706 Ent: 0.21469981968402863 RotUnl: 0.005669469479471445 

T clipart Ep: 27200 lr0.0037332991815061845 	 Loss Class: 0.084366 RotLab: 0.056311871856451035 Ent: 0.21751971542835236 RotUnl: 0.05441328510642052 

T clipart Ep: 27300 lr0.003725790029320905 	 Loss Class: 0.088236 RotLab: 0.0158461332321167 Ent: 0.23809628188610077 RotUnl: 0.02506219409406185 

T clipart Ep: 27400 lr0.0037183160253047272 	 Loss Class: 0.139272 RotLab: 0.06044156849384308 Ent: 0.22891560196876526 RotUnl: 0.004500518087297678 

T clipart Ep: 27500 lr0.003710876911618321 	 Loss Class: 0.080152 RotLab: 0.001007119775749743 Ent: 0.20701304078102112 RotUnl: 0.101808100938797 

\Target: Average loss: 4.3509, Accuracy: 6671/18288 F1 (36%)

\Rotation: Average loss: 0.0368, Accuracy: 18015/18288 F1 (98%)

best acc class 36.964129
record record/multi/net_resnet34_clipart
saving model
T clipart Ep: 27600 lr0.0037034724329947483 	 Loss Class: 0.057156 RotLab: 0.0001019438132061623 Ent: 0.1907227337360382 RotUnl: 0.020730456337332726 

T clipart Ep: 27700 lr0.0036961023367070435 	 Loss Class: 0.047570 RotLab: 0.0021059811115264893 Ent: 0.22263498604297638 RotUnl: 0.003825634717941284 

T clipart Ep: 27800 lr0.003688766372536283 	 Loss Class: 0.053830 RotLab: 0.0005870262975804508 Ent: 0.20861057937145233 RotUnl: 0.015103374607861042 

T clipart Ep: 27900 lr0.0036814642927401444 	 Loss Class: 0.055297 RotLab: 0.0001470049173804 Ent: 0.19105233252048492 RotUnl: 0.02082308940589428 

T clipart Ep: 28000 lr0.003674195852021934 	 Loss Class: 0.069485 RotLab: 0.00019629795860964805 Ent: 0.1993282288312912 RotUnl: 0.007908016443252563 

\Target: Average loss: 4.3310, Accuracy: 6698/18288 F1 (36%)

\Rotation: Average loss: 0.0395, Accuracy: 18009/18288 F1 (98%)

best acc class 36.964129
record record/multi/net_resnet34_clipart
saving model
T clipart Ep: 28100 lr0.0036669608075000928 	 Loss Class: 0.045070 RotLab: 0.0001308123319176957 Ent: 0.2125837653875351 RotUnl: 0.084769606590271 

T clipart Ep: 28200 lr0.00365975891867815 	 Loss Class: 0.059893 RotLab: 0.00014636914420407265 Ent: 0.1932315081357956 RotUnl: 0.09594252705574036 

T clipart Ep: 28300 lr0.003652589947415138 	 Loss Class: 0.069085 RotLab: 0.0009936889400705695 Ent: 0.21096061170101166 RotUnl: 0.0451376773416996 

T clipart Ep: 28400 lr0.0036454536578964408 	 Loss Class: 0.106017 RotLab: 0.0002029736788244918 Ent: 0.23014746606349945 RotUnl: 0.0172201469540596 

T clipart Ep: 28500 lr0.0036383498166050877 	 Loss Class: 0.073942 RotLab: 0.0010642806300893426 Ent: 0.2291865199804306 RotUnl: 0.008007739670574665 

\Target: Average loss: 4.3606, Accuracy: 6728/18288 F1 (36%)

\Rotation: Average loss: 0.0402, Accuracy: 17998/18288 F1 (98%)

