Dataset multi Source real Target sketch Labeled num perclass 3 Network resnet34
126 classes in this dataset
Unlabelled Target Dataset Size:  23826
Labelled Target Dataset Size:  378
Misc. Labelled Target Dataset Size:  378
Bank keys - Target:  dict_keys(['feat_vec', 'labels', 'names', 'domain_identifier']) Source:  dict_keys(['feat_vec', 'labels', 'names', 'domain_identifier'])
Num  - Target:  23826 Source:  70358
S real T sketch Train Ep: 0 lr0.01 	 Loss Classification: 4.833039 Loss T 0.471684 Method MME

S real T sketch Train Ep: 100 lr0.009925650290240803 	 Loss Classification: 0.943485 Loss T 0.158954 Method MME

S real T sketch Train Ep: 200 lr0.009852577760521605 	 Loss Classification: 0.989894 Loss T 0.134633 Method MME

S real T sketch Train Ep: 300 lr0.009780748269686728 	 Loss Classification: 0.549178 Loss T 0.118578 Method MME

S real T sketch Train Ep: 400 lr0.009710128909124701 	 Loss Classification: 1.670103 Loss T 0.097271 Method MME

S real T sketch Train Ep: 500 lr0.00964068794694323 	 Loss Classification: 1.589906 Loss T 0.100761 Method MME


Labeled Target set: Average loss: 0.0619, Accuracy: 1070/1080 F1 (99.0741%)


Test set: Average loss: 2.5067, Accuracy: 12527/23808 F1 (52.6168%)


Val set: Average loss: 2.2020, Accuracy: 198/360 F1 (55.0000%)

best acc test 52.616767  acc val 55.000000 acc labeled target 99.074074
saving model...
S real T sketch Train Ep: 600 lr0.00957239477517603 	 Loss Classification: 1.411412 Loss T 0.101012 Method MME

S real T sketch Train Ep: 700 lr0.009505219859830012 	 Loss Classification: 1.630852 Loss T 0.115058 Method MME

S real T sketch Train Ep: 800 lr0.009439134693595126 	 Loss Classification: 0.980979 Loss T 0.097548 Method MME

S real T sketch Train Ep: 900 lr0.009374111751051751 	 Loss Classification: 0.997065 Loss T 0.067940 Method MME

S real T sketch Train Ep: 1000 lr0.009310124446222227 	 Loss Classification: 1.120848 Loss T 0.115241 Method MME


Labeled Target set: Average loss: 0.0139, Accuracy: 1078/1080 F1 (99.8148%)


Test set: Average loss: 2.4040, Accuracy: 13287/23808 F1 (55.8090%)


Val set: Average loss: 2.0978, Accuracy: 208/360 F1 (57.7778%)

best acc test 55.808972  acc val 57.777778 acc labeled target 99.814815
saving model...
S real T sketch Train Ep: 1100 lr0.00924714709232377 	 Loss Classification: 0.455014 Loss T 0.093735 Method MME

S real T sketch Train Ep: 1200 lr0.009185154863590003 	 Loss Classification: 1.272188 Loss T 0.105824 Method MME

S real T sketch Train Ep: 1300 lr0.00912412375903735 	 Loss Classification: 0.967186 Loss T 0.109572 Method MME

S real T sketch Train Ep: 1400 lr0.009064030568061049 	 Loss Classification: 1.897012 Loss T 0.086830 Method MME

here
[1.        1.        1.        1.        1.        1.        1.
 1.        1.        1.        1.        1.        1.        1.
 1.        1.        1.        1.        1.        1.        1.
 1.        1.        1.        1.        1.        1.        1.
 1.        1.        1.        1.        1.        1.        1.
 1.        1.        1.        1.        1.        1.        1.
 1.        1.        1.        0.8888889 1.        1.        1.
 1.        1.        1.        1.        1.        1.        1.
 1.        1.        1.        1.        1.        1.        1.
 1.        1.        1.        1.        1.        1.        1.
 1.        1.        1.        1.        1.        1.        1.
 1.        1.        1.        1.        1.        1.        1.
 1.        1.        1.        1.        1.        1.        1.
 1.        1.        1.        1.        1.        1.        1.
 1.        1.        1.        1.        1.        1.        1.
 1.        1.        1.        1.        1.        1.        1.
 1.        0.8888889 1.        1.        1.        1.        1.
 1.        1.        1.        1.        1.        1.        1.       ]
[113, 45, 0, 90, 89, 88, 87, 86, 85, 84, 83, 82, 81, 80, 79, 78, 77, 76, 75, 74, 73, 72, 71, 70, 69, 68, 67, 66, 65, 91, 92, 93, 94, 123, 122, 121, 120, 119, 118, 117, 116, 115, 114, 112, 111, 110, 64, 109, 107, 106, 105, 104, 103, 102, 101, 100, 99, 98, 97, 96, 95, 108, 63, 62, 61, 27, 26, 25, 24, 23, 22, 21, 20, 19, 18, 17, 16, 15, 14, 13, 12, 11, 10, 9, 8, 7, 6, 5, 4, 3, 2, 1, 28, 29, 30, 31, 60, 59, 58, 57, 56, 55, 54, 53, 52, 51, 50, 49, 48, 124, 47, 44, 43, 42, 41, 40, 39, 38, 37, 36, 35, 34, 33, 32, 46]
0
1
2
3
4
5
6
7
8
9
10
11
12
13
14
15
16
17
18
19
20
21
22
23
24
25
26
27
28
29
30
31
32
33
34
35
36
37
38
39
40
41
42
43
44
45
46
47
48
49
50
51
52
53
54
55
56
57
58
59
60
61
62
63
64
65
66
67
68
69
70
71
72
73
74
75
76
77
78
79
80
81
82
83
84
85
86
87
88
89
90
91
92
93
94
95
96
97
98
99
100
101
102
103
104
105
106
107
108
109
110
111
112
113
114
115
116
117
118
119
120
121
122
123
124
125
126
127
128
129
130
131
132
133
134
135
136
137
138
139
140
141
142
143
144
145
146
147
148
149
150
151
152
153
154
155
156
157
158
159
160
161
162
163
164
165
166
167
168
169
170
171
172
173
174
175
176
177
178
179
180
181
182
183
184
185
186
187
188
189
190
191
192
193
194
195
196
197
198
199
200
201
202
203
204
205
206
207
208
209
210
211
212
213
214
215
216
217
218
219
220
221
222
223
224
225
226
227
228
229
230
231
232
233
234
235
236
237
238
239
240
241
242
243
244
245
246
247
248
249
250
251
252
253
254
255
256
257
258
259
260
261
262
263
264
265
266
267
268
269
270
271
272
273
274
275
276
277
278
279
280
281
282
283
284
285
286
287
288
289
290
291
292
293
294
295
296
297
298
299
300
301
302
303
304
305
306
307
308
309
310
311
312
313
314
315
316
317
318
319
320
321
322
323
324
325
326
327
328
329
330
331
332
333
334
335
336
337
338
339
340
341
342
343
344
345
346
347
348
349
350
351
352
353
354
355
356
357
358
359
360
361
362
363
364
365
366
367
368
369
370
371
372
373
374
375
376
377
0
1
2
3
4
5
6
7
8
9
10
11
12
13
14
15
16
17
18
19
20
21
22
23
24
25
26
27
28
29
30
31
32
33
34
35
36
37
38
39
40
41
42
43
44
45
46
47
48
49
50
51
52
53
54
55
56
57
58
59
60
61
62
63
64
65
66
67
68
69
70
71
72
73
74
75
76
77
78
79
80
81
82
83
84
85
86
87
88
89
90
91
92
93
94
95
96
97
98
99
100
101
102
103
104
105
106
107
108
109
110
111
112
113
114
115
116
117
118
119
120
121
122
123
124
125
126
127
128
129
130
131
132
133
134
135
136
137
138
139
140
141
142
143
144
145
146
147
148
149
150
151
152
153
154
155
156
157
158
159
160
161
162
163
164
165
166
167
168
169
170
171
172
173
174
175
176
177
178
179
180
181
182
183
184
185
186
187
188
189
190
191
192
193
194
195
196
197
198
199
200
201
202
203
204
205
206
207
208
209
210
211
212
213
214
215
216
217
218
219
220
221
222
223
224
225
226
227
228
229
230
231
232
233
234
235
236
237
238
239
240
241
242
243
244
245
246
247
248
249
250
251
252
253
254
255
256
257
258
259
260
261
262
263
264
265
266
267
268
269
270
271
272
273
274
275
276
277
278
279
280
281
282
283
284
285
286
287
288
289
290
291
292
293
294
295
296
297
298
299
300
301
302
303
304
305
306
307
308
309
310
311
312
313
314
315
316
317
318
319
320
321
322
323
324
325
326
327
328
329
330
331
332
333
334
335
336
337
338
339
340
341
342
343
344
345
346
347
348
349
350
351
352
353
354
355
356
357
358
359
360
361
362
363
364
365
366
367
368
369
370
371
372
373
374
375
376
377
Assigned Classwise weights to source
1890
1890
S real T sketch Train Ep: 1500 lr0.009004852837753237 	 Loss Classification: 0.980356 Loss T 0.083297 Method MME


Labeled Target set: Average loss: 0.0283, Accuracy: 1071/1080 F1 (99.1667%)


Test set: Average loss: 2.4446, Accuracy: 13385/23808 F1 (56.2206%)


Val set: Average loss: 2.2106, Accuracy: 206/360 F1 (57.2222%)

best acc test 55.808972  acc val 57.222222 acc labeled target 99.166667
saving model...
S real T sketch Train Ep: 1600 lr0.008946568841842816 	 Loss Classification: 1.556316 Loss T 0.077787 Method MME

S real T sketch Train Ep: 1700 lr0.008889157551163433 	 Loss Classification: 0.716029 Loss T 0.081633 Method MME

S real T sketch Train Ep: 1800 lr0.008832598605562044 	 Loss Classification: 0.613847 Loss T 0.085098 Method MME

S real T sketch Train Ep: 1900 lr0.008776872287166303 	 Loss Classification: 0.693363 Loss T 0.073802 Method MME

S real T sketch Train Ep: 2000 lr0.008721959494934213 	 Loss Classification: 0.877693 Loss T 0.069863 Method MME


Labeled Target set: Average loss: 0.0290, Accuracy: 1073/1080 F1 (99.3519%)


Test set: Average loss: 2.1619, Accuracy: 14239/23808 F1 (59.8076%)


Val set: Average loss: 1.8927, Accuracy: 213/360 F1 (59.1667%)

best acc test 59.807628  acc val 59.166667 acc labeled target 99.351852
saving model...
S real T sketch Train Ep: 2100 lr0.008667841720414475 	 Loss Classification: 1.261996 Loss T 0.073917 Method MME

S real T sketch Train Ep: 2200 lr0.008614501024650454 	 Loss Classification: 0.610437 Loss T 0.084807 Method MME

S real T sketch Train Ep: 2300 lr0.008561920016164943 	 Loss Classification: 1.098201 Loss T 0.081084 Method MME

S real T sketch Train Ep: 2400 lr0.008510081829966844 	 Loss Classification: 0.164466 Loss T 0.089802 Method MME

S real T sketch Train Ep: 2500 lr0.008458970107524513 	 Loss Classification: 0.847137 Loss T 0.070627 Method MME


Labeled Target set: Average loss: 0.0033, Accuracy: 1079/1080 F1 (99.9074%)


Test set: Average loss: 2.0854, Accuracy: 14738/23808 F1 (61.9036%)


Val set: Average loss: 1.8730, Accuracy: 228/360 F1 (63.3333%)

best acc test 61.903562  acc val 63.333333 acc labeled target 99.907407
saving model...
S real T sketch Train Ep: 2600 lr0.008408568977653933 	 Loss Classification: 0.925235 Loss T 0.067096 Method MME

S real T sketch Train Ep: 2700 lr0.00835886303827305 	 Loss Classification: 0.353844 Loss T 0.094980 Method MME

S real T sketch Train Ep: 2800 lr0.008309837338976545 	 Loss Classification: 0.764611 Loss T 0.066054 Method MME

S real T sketch Train Ep: 2900 lr0.008261477364388068 	 Loss Classification: 0.709631 Loss T 0.073170 Method MME

here
[1.        1.        1.        1.        1.        1.        1.
 1.        1.        1.        1.        1.        1.        1.
 1.        1.        1.        1.        1.        1.        1.
 1.        1.        1.        1.        1.        1.        1.
 1.        1.        1.        1.        1.        1.        1.
 1.        1.        1.        1.        1.        1.        1.
 1.        1.        1.        1.        1.        1.        1.
 1.        1.        1.        1.        1.        1.        1.
 1.        1.        1.        1.        1.        1.        1.
 1.        1.        1.        1.        1.        1.        1.
 1.        1.        1.        1.        1.        1.        1.
 1.        1.        1.        0.8888889 1.        1.        1.
 1.        1.        1.        1.        1.        1.        1.
 1.        1.        1.        1.        1.        1.        1.
 1.        1.        1.        1.        1.        1.        1.
 1.        1.        1.        1.        1.        1.        1.
 1.        1.        1.        1.        1.        1.        1.
 1.        1.        1.        1.        1.        1.        1.       ]
[80, 0, 91, 90, 89, 88, 87, 86, 85, 84, 83, 82, 81, 79, 78, 77, 76, 75, 74, 73, 72, 71, 70, 69, 68, 67, 66, 65, 92, 93, 94, 95, 123, 122, 121, 120, 119, 118, 117, 116, 115, 114, 113, 112, 111, 64, 110, 108, 107, 106, 105, 104, 103, 102, 101, 100, 99, 98, 97, 96, 109, 63, 62, 61, 28, 27, 26, 25, 24, 23, 22, 21, 20, 19, 18, 17, 16, 29, 15, 13, 12, 11, 10, 9, 8, 7, 6, 5, 4, 3, 2, 1, 14, 124, 30, 32, 60, 59, 58, 57, 56, 55, 54, 53, 52, 51, 50, 49, 48, 31, 47, 45, 44, 43, 42, 41, 40, 39, 38, 37, 36, 35, 34, 33, 46]
0
1
2
3
4
5
6
7
8
9
10
11
12
13
14
15
16
17
18
19
20
21
22
23
24
25
26
27
28
29
30
31
32
33
34
35
36
37
38
39
40
41
42
43
44
45
46
47
48
49
50
51
52
53
54
55
56
57
58
59
60
61
62
63
64
65
66
67
68
69
70
71
72
73
74
75
76
77
78
79
80
81
82
83
84
85
86
87
88
89
90
91
92
93
94
95
96
97
98
99
100
101
102
103
104
105
106
107
108
109
110
111
112
113
114
115
116
117
118
119
120
121
122
123
124
125
126
127
128
129
130
131
132
133
134
135
136
137
138
139
140
141
142
143
144
145
146
147
148
149
150
151
152
153
154
155
156
157
158
159
160
161
162
163
164
165
166
167
168
169
170
171
172
173
174
175
176
177
178
179
180
181
182
183
184
185
186
187
188
189
190
191
192
193
194
195
196
197
198
199
200
201
202
203
204
205
206
207
208
209
210
211
212
213
214
215
216
217
218
219
220
221
222
223
224
225
226
227
228
229
230
231
232
233
234
235
236
237
238
239
240
241
242
243
244
245
246
247
248
249
250
251
252
253
254
255
256
257
258
259
260
261
262
263
264
265
266
267
268
269
270
271
272
273
274
275
276
277
278
279
280
281
282
283
284
285
286
287
288
289
290
291
292
293
294
295
296
297
298
299
300
301
302
303
304
305
306
307
308
309
310
311
312
313
314
315
316
317
318
319
320
321
322
323
324
325
326
327
328
329
330
331
332
333
334
335
336
337
338
339
340
341
342
343
344
345
346
347
348
349
350
351
352
353
354
355
356
357
358
359
360
361
362
363
364
365
366
367
368
369
370
371
372
373
374
375
376
377
0
1
2
3
4
5
6
7
8
9
10
11
12
13
14
15
16
17
18
19
20
21
22
23
24
25
26
27
28
29
30
31
32
33
34
35
36
37
38
39
40
41
42
43
44
45
46
47
48
49
50
51
52
53
54
55
56
57
58
59
60
61
62
63
64
65
66
67
68
69
70
71
72
73
74
75
76
77
78
79
80
81
82
83
84
85
86
87
88
89
90
91
92
93
94
95
96
97
98
99
100
101
102
103
104
105
106
107
108
109
110
111
112
113
114
115
116
117
118
119
120
121
122
123
124
125
126
127
128
129
130
131
132
133
134
135
136
137
138
139
140
141
142
143
144
145
146
147
148
149
150
151
152
153
154
155
156
157
158
159
160
161
162
163
164
165
166
167
168
169
170
171
172
173
174
175
176
177
178
179
180
181
182
183
184
185
186
187
188
189
190
191
192
193
194
195
196
197
198
199
200
201
202
203
204
205
206
207
208
209
210
211
212
213
214
215
216
217
218
219
220
221
222
223
224
225
226
227
228
229
230
231
232
233
234
235
236
237
238
239
240
241
242
243
244
245
246
247
248
249
250
251
252
253
254
255
256
257
258
259
260
261
262
263
264
265
266
267
268
269
270
271
272
273
274
275
276
277
278
279
280
281
282
283
284
285
286
287
288
289
290
291
292
293
294
295
296
297
298
299
300
301
302
303
304
305
306
307
308
309
310
311
312
313
314
315
316
317
318
319
320
321
322
323
324
325
326
327
328
329
330
331
332
333
334
335
336
337
338
339
340
341
342
343
344
345
346
347
348
349
350
351
352
353
354
355
356
357
358
359
360
361
362
363
364
365
366
367
368
369
370
371
372
373
374
375
376
377
Assigned Classwise weights to source
1890
1890
S real T sketch Train Ep: 3000 lr0.008213769018249545 	 Loss Classification: 0.454442 Loss T 0.055394 Method MME


Labeled Target set: Average loss: 0.0218, Accuracy: 1076/1080 F1 (99.6296%)


Test set: Average loss: 2.2200, Accuracy: 14473/23808 F1 (60.7905%)


Val set: Average loss: 1.8586, Accuracy: 227/360 F1 (63.0556%)

best acc test 61.903562  acc val 63.055556 acc labeled target 99.629630
saving model...
S real T sketch Train Ep: 3100 lr0.008166698608209509 	 Loss Classification: 0.339407 Loss T 0.092377 Method MME

S real T sketch Train Ep: 3200 lr0.008120252831274708 	 Loss Classification: 0.861307 Loss T 0.087971 Method MME

S real T sketch Train Ep: 3300 lr0.008074418759891278 	 Loss Classification: 0.149735 Loss T 0.075726 Method MME

S real T sketch Train Ep: 3400 lr0.008029183828623731 	 Loss Classification: 0.527214 Loss T 0.067902 Method MME

S real T sketch Train Ep: 3500 lr0.007984535821401871 	 Loss Classification: 0.538382 Loss T 0.081015 Method MME


Labeled Target set: Average loss: 0.0062, Accuracy: 1078/1080 F1 (99.8148%)


Test set: Average loss: 2.0569, Accuracy: 15258/23808 F1 (64.0877%)


Val set: Average loss: 1.7302, Accuracy: 231/360 F1 (64.1667%)

best acc test 64.087702  acc val 64.166667 acc labeled target 99.814815
saving model...
S real T sketch Train Ep: 3600 lr0.007940462859307384 	 Loss Classification: 0.547866 Loss T 0.073871 Method MME

S real T sketch Train Ep: 3700 lr0.007896953388873518 	 Loss Classification: 0.545285 Loss T 0.056146 Method MME

S real T sketch Train Ep: 3800 lr0.007853996170872714 	 Loss Classification: 1.181025 Loss T 0.061928 Method MME

S real T sketch Train Ep: 3900 lr0.00781158026956848 	 Loss Classification: 0.473361 Loss T 0.069215 Method MME

S real T sketch Train Ep: 4000 lr0.007769695042409123 	 Loss Classification: 0.784715 Loss T 0.087221 Method MME


Labeled Target set: Average loss: 0.0065, Accuracy: 1078/1080 F1 (99.8148%)


Test set: Average loss: 2.0612, Accuracy: 15175/23808 F1 (63.7391%)


Val set: Average loss: 1.8986, Accuracy: 233/360 F1 (64.7222%)

best acc test 63.739079  acc val 64.722222 acc labeled target 99.814815
saving model...
S real T sketch Train Ep: 4100 lr0.007728330130142108 	 Loss Classification: 0.239845 Loss T 0.069446 Method MME

S real T sketch Train Ep: 4200 lr0.007687475447329114 	 Loss Classification: 0.472644 Loss T 0.066384 Method MME

S real T sketch Train Ep: 4300 lr0.0076471211732427845 	 Loss Classification: 0.709987 Loss T 0.082894 Method MME

S real T sketch Train Ep: 4400 lr0.007607257743127307 	 Loss Classification: 0.606064 Loss T 0.077257 Method MME

here
[1.        1.        1.        1.        1.        1.        1.
 1.        1.        0.8888889 1.        1.        1.        1.
 1.        1.        1.        1.        1.        1.        1.
 1.        1.        1.        1.        1.        1.        1.
 1.        1.        1.        1.        1.        1.        1.
 1.        1.        1.        1.        1.        1.        1.
 1.        1.        1.        1.        1.        1.        1.
 1.        1.        1.        1.        1.        1.        1.
 1.        1.        1.        1.        1.        1.        1.
 1.        1.        1.        1.        1.        1.        1.
 1.        1.        1.        1.        1.        1.        1.
 1.        1.        1.        0.8888889 1.        1.        1.
 1.        1.        1.        1.        1.        1.        1.
 1.        1.        1.        1.        1.        1.        1.
 1.        1.        1.        1.        1.        1.        1.
 1.        1.        1.        1.        1.        1.        1.
 1.        1.        1.        1.        1.        1.        1.
 1.        1.        1.        1.        1.        1.        1.       ]
[9, 80, 0, 91, 90, 89, 88, 87, 86, 85, 84, 83, 82, 81, 79, 78, 77, 76, 75, 74, 73, 72, 71, 70, 69, 68, 67, 66, 65, 92, 93, 94, 95, 123, 122, 121, 120, 119, 118, 117, 116, 115, 114, 113, 112, 111, 64, 110, 108, 107, 106, 105, 104, 103, 102, 101, 100, 99, 98, 97, 96, 109, 63, 62, 61, 28, 27, 26, 25, 24, 23, 22, 21, 20, 19, 18, 17, 16, 15, 14, 13, 12, 11, 10, 8, 7, 6, 5, 4, 3, 2, 1, 29, 30, 31, 32, 60, 59, 58, 57, 56, 55, 54, 53, 52, 51, 50, 49, 48, 124, 47, 45, 44, 43, 42, 41, 40, 39, 38, 37, 36, 35, 34, 33, 46]
0
1
2
3
4
5
6
7
8
9
10
11
12
13
14
15
16
17
18
19
20
21
22
23
24
25
26
27
28
29
30
31
32
33
34
35
36
37
38
39
40
41
42
43
44
45
46
47
48
49
50
51
52
53
54
55
56
57
58
59
60
61
62
63
64
65
66
67
68
69
70
71
72
73
74
75
76
77
78
79
80
81
82
83
84
85
86
87
88
89
90
91
92
93
94
95
96
97
98
99
100
101
102
103
104
105
106
107
108
109
110
111
112
113
114
115
116
117
118
119
120
121
122
123
124
125
126
127
128
129
130
131
132
133
134
135
136
137
138
139
140
141
142
143
144
145
146
147
148
149
150
151
152
153
154
155
156
157
158
159
160
161
162
163
164
165
166
167
168
169
170
171
172
173
174
175
176
177
178
179
180
181
182
183
184
185
186
187
188
189
190
191
192
193
194
195
196
197
198
199
200
201
202
203
204
205
206
207
208
209
210
211
212
213
214
215
216
217
218
219
220
221
222
223
224
225
226
227
228
229
230
231
232
233
234
235
236
237
238
239
240
241
242
243
244
245
246
247
248
249
250
251
252
253
254
255
256
257
258
259
260
261
262
263
264
265
266
267
268
269
270
271
272
273
274
275
276
277
278
279
280
281
282
283
284
285
286
287
288
289
290
291
292
293
294
295
296
297
298
299
300
301
302
303
304
305
306
307
308
309
310
311
312
313
314
315
316
317
318
319
320
321
322
323
324
325
326
327
328
329
330
331
332
333
334
335
336
337
338
339
340
341
342
343
344
345
346
347
348
349
350
351
352
353
354
355
356
357
358
359
360
361
362
363
364
365
366
367
368
369
370
371
372
373
374
375
376
377
0
1
2
3
4
5
6
7
8
9
10
11
12
13
14
15
16
17
18
19
20
21
22
23
24
25
26
27
28
29
30
31
32
33
34
35
36
37
38
39
40
41
42
43
44
45
46
47
48
49
50
51
52
53
54
55
56
57
58
59
60
61
62
63
64
65
66
67
68
69
70
71
72
73
74
75
76
77
78
79
80
81
82
83
84
85
86
87
88
89
90
91
92
93
94
95
96
97
98
99
100
101
102
103
104
105
106
107
108
109
110
111
112
113
114
115
116
117
118
119
120
121
122
123
124
125
126
127
128
129
130
131
132
133
134
135
136
137
138
139
140
141
142
143
144
145
146
147
148
149
150
151
152
153
154
155
156
157
158
159
160
161
162
163
164
165
166
167
168
169
170
171
172
173
174
175
176
177
178
179
180
181
182
183
184
185
186
187
188
189
190
191
192
193
194
195
196
197
198
199
200
201
202
203
204
205
206
207
208
209
210
211
212
213
214
215
216
217
218
219
220
221
222
223
224
225
226
227
228
229
230
231
232
233
234
235
236
237
238
239
240
241
242
243
244
245
246
247
248
249
250
251
252
253
254
255
256
257
258
259
260
261
262
263
264
265
266
267
268
269
270
271
272
273
274
275
276
277
278
279
280
281
282
283
284
285
286
287
288
289
290
291
292
293
294
295
296
297
298
299
300
301
302
303
304
305
306
307
308
309
310
311
312
313
314
315
316
317
318
319
320
321
322
323
324
325
326
327
328
329
330
331
332
333
334
335
336
337
338
339
340
341
342
343
344
345
346
347
348
349
350
351
352
353
354
355
356
357
358
359
360
361
362
363
364
365
366
367
368
369
370
371
372
373
374
375
376
377
Assigned Classwise weights to source
1890
1890
S real T sketch Train Ep: 4500 lr0.007567875839805858 	 Loss Classification: 0.474471 Loss T 0.076345 Method MME


Labeled Target set: Average loss: 0.0272, Accuracy: 1074/1080 F1 (99.4444%)


Test set: Average loss: 2.2096, Accuracy: 14794/23808 F1 (62.1388%)


Val set: Average loss: 1.8470, Accuracy: 226/360 F1 (62.7778%)

best acc test 63.739079  acc val 62.777778 acc labeled target 99.444444
saving model...
S real T sketch Train Ep: 4600 lr0.007528966385618854 	 Loss Classification: 1.223574 Loss T 0.051887 Method MME

S real T sketch Train Ep: 4700 lr0.007490520534677821 	 Loss Classification: 0.792851 Loss T 0.064630 Method MME

S real T sketch Train Ep: 4800 lr0.007452529665420465 	 Loss Classification: 0.881450 Loss T 0.067477 Method MME

S real T sketch Train Ep: 4900 lr0.007414985373453289 	 Loss Classification: 0.450449 Loss T 0.056458 Method MME

S real T sketch Train Ep: 5000 lr0.007377879464668811 	 Loss Classification: 0.549995 Loss T 0.066908 Method MME


Labeled Target set: Average loss: 0.0024, Accuracy: 1079/1080 F1 (99.9074%)


Test set: Average loss: 1.9714, Accuracy: 15634/23808 F1 (65.6670%)


Val set: Average loss: 1.7234, Accuracy: 238/360 F1 (66.1111%)

best acc test 65.667003  acc val 66.111111 acc labeled target 99.907407
saving model...
S real T sketch Train Ep: 5100 lr0.007341203948625087 	 Loss Classification: 0.149453 Loss T 0.063210 Method MME

S real T sketch Train Ep: 5200 lr0.007304951032175895 	 Loss Classification: 0.735372 Loss T 0.079767 Method MME

S real T sketch Train Ep: 5300 lr0.007269113113340497 	 Loss Classification: 0.164301 Loss T 0.052380 Method MME

S real T sketch Train Ep: 5400 lr0.007233682775402483 	 Loss Classification: 0.555224 Loss T 0.053507 Method MME

S real T sketch Train Ep: 5500 lr0.007198652781227704 	 Loss Classification: 0.455010 Loss T 0.084626 Method MME


Labeled Target set: Average loss: 0.0067, Accuracy: 1079/1080 F1 (99.9074%)


Test set: Average loss: 1.9826, Accuracy: 15754/23808 F1 (66.1710%)


Val set: Average loss: 1.8059, Accuracy: 237/360 F1 (65.8333%)

best acc test 65.667003  acc val 65.833333 acc labeled target 99.907407
saving model...
S real T sketch Train Ep: 5600 lr0.007164016067791809 	 Loss Classification: 0.779543 Loss T 0.058860 Method MME

S real T sketch Train Ep: 5700 lr0.0071297657409083726 	 Loss Classification: 0.428260 Loss T 0.069079 Method MME

S real T sketch Train Ep: 5800 lr0.0070958950701490225 	 Loss Classification: 0.814478 Loss T 0.073454 Method MME

S real T sketch Train Ep: 5900 lr0.007062397483947426 	 Loss Classification: 0.353973 Loss T 0.074870 Method MME

here
[1.        1.        1.        1.        1.        1.        1.
 1.        1.        1.        1.        1.        1.        1.
 1.        1.        1.        1.        1.        1.        1.
 1.        1.        1.        1.        1.        1.        1.
 1.        1.        1.        1.        1.        1.        1.
 1.        1.        1.        1.        1.        1.        1.
 1.        1.        1.        1.        1.        1.        1.
 1.        1.        1.        1.        1.        1.        1.
 1.        1.        1.        1.        1.        1.        1.
 1.        1.        1.        1.        1.        0.8333333 1.
 1.        1.        1.        1.        1.        1.        1.
 1.        1.        1.        1.        1.        1.        1.
 1.        1.        1.        1.        1.        1.        1.
 1.        1.        1.        1.        1.        1.        1.
 1.        1.        1.        1.        1.        1.        1.
 1.        1.        1.        1.        1.        1.        1.
 1.        1.        1.        1.        1.        1.        1.
 1.        1.        1.        1.        1.        1.        1.       ]
[68, 0, 91, 90, 89, 88, 87, 86, 85, 84, 83, 82, 81, 80, 79, 78, 77, 76, 75, 74, 73, 72, 71, 70, 69, 67, 66, 65, 92, 93, 94, 95, 123, 122, 121, 120, 119, 118, 117, 116, 115, 114, 113, 112, 111, 64, 110, 108, 107, 106, 105, 104, 103, 102, 101, 100, 99, 98, 97, 96, 109, 63, 62, 61, 28, 27, 26, 25, 24, 23, 22, 21, 20, 19, 18, 17, 16, 29, 15, 13, 12, 11, 10, 9, 8, 7, 6, 5, 4, 3, 2, 1, 14, 124, 30, 32, 60, 59, 58, 57, 56, 55, 54, 53, 52, 51, 50, 49, 48, 31, 47, 45, 44, 43, 42, 41, 40, 39, 38, 37, 36, 35, 34, 33, 46]
0
1
2
3
4
5
6
7
8
9
10
11
12
13
14
15
16
17
18
19
20
21
22
23
24
25
26
27
28
29
30
31
32
33
34
35
36
37
38
39
40
41
42
43
44
45
46
47
48
49
50
51
52
53
54
55
56
57
58
59
60
61
62
63
64
65
66
67
68
69
70
71
72
73
74
75
76
77
78
79
80
81
82
83
84
85
86
87
88
89
90
91
92
93
94
95
96
97
98
99
100
101
102
103
104
105
106
107
108
109
110
111
112
113
114
115
116
117
118
119
120
121
122
123
124
125
126
127
128
129
130
131
132
133
134
135
136
137
138
139
140
141
142
143
144
145
146
147
148
149
150
151
152
153
154
155
156
157
158
159
160
161
162
163
164
165
166
167
168
169
170
171
172
173
174
175
176
177
178
179
180
181
182
183
184
185
186
187
188
189
190
191
192
193
194
195
196
197
198
199
200
201
202
203
204
205
206
207
208
209
210
211
212
213
214
215
216
217
218
219
220
221
222
223
224
225
226
227
228
229
230
231
232
233
234
235
236
237
238
239
240
241
242
243
244
245
246
247
248
249
250
251
252
253
254
255
256
257
258
259
260
261
262
263
264
265
266
267
268
269
270
271
272
273
274
275
276
277
278
279
280
281
282
283
284
285
286
287
288
289
290
291
292
293
294
295
296
297
298
299
300
301
302
303
304
305
306
307
308
309
310
311
312
313
314
315
316
317
318
319
320
321
322
323
324
325
326
327
328
329
330
331
332
333
334
335
336
337
338
339
340
341
342
343
344
345
346
347
348
349
350
351
352
353
354
355
356
357
358
359
360
361
362
363
364
365
366
367
368
369
370
371
372
373
374
375
376
377
0
1
2
3
4
5
6
7
8
9
10
11
12
13
14
15
16
17
18
19
20
21
22
23
24
25
26
27
28
29
30
31
32
33
34
35
36
37
38
39
40
41
42
43
44
45
46
47
48
49
50
51
52
53
54
55
56
57
58
59
60
61
62
63
64
65
66
67
68
69
70
71
72
73
74
75
76
77
78
79
80
81
82
83
84
85
86
87
88
89
90
91
92
93
94
95
96
97
98
99
100
101
102
103
104
105
106
107
108
109
110
111
112
113
114
115
116
117
118
119
120
121
122
123
124
125
126
127
128
129
130
131
132
133
134
135
136
137
138
139
140
141
142
143
144
145
146
147
148
149
150
151
152
153
154
155
156
157
158
159
160
161
162
163
164
165
166
167
168
169
170
171
172
173
174
175
176
177
178
179
180
181
182
183
184
185
186
187
188
189
190
191
192
193
194
195
196
197
198
199
200
201
202
203
204
205
206
207
208
209
210
211
212
213
214
215
216
217
218
219
220
221
222
223
224
225
226
227
228
229
230
231
232
233
234
235
236
237
238
239
240
241
242
243
244
245
246
247
248
249
250
251
252
253
254
255
256
257
258
259
260
261
262
263
264
265
266
267
268
269
270
271
272
273
274
275
276
277
278
279
280
281
282
283
284
285
286
287
288
289
290
291
292
293
294
295
296
297
298
299
300
301
302
303
304
305
306
307
308
309
310
311
312
313
314
315
316
317
318
319
320
321
322
323
324
325
326
327
328
329
330
331
332
333
334
335
336
337
338
339
340
341
342
343
344
345
346
347
348
349
350
351
352
353
354
355
356
357
358
359
360
361
362
363
364
365
366
367
368
369
370
371
372
373
374
375
376
377
Assigned Classwise weights to source
1890
1890
S real T sketch Train Ep: 6000 lr0.007029266564879363 	 Loss Classification: 0.844158 Loss T 0.045341 Method MME


Labeled Target set: Average loss: 0.0116, Accuracy: 1077/1080 F1 (99.7222%)


Test set: Average loss: 2.0975, Accuracy: 15589/23808 F1 (65.4780%)


Val set: Average loss: 1.9239, Accuracy: 228/360 F1 (63.3333%)

best acc test 65.667003  acc val 63.333333 acc labeled target 99.722222
saving model...
S real T sketch Train Ep: 6100 lr0.006996496045111504 	 Loss Classification: 0.510036 Loss T 0.072113 Method MME

S real T sketch Train Ep: 6200 lr0.00696407980201184 	 Loss Classification: 0.413784 Loss T 0.063959 Method MME

S real T sketch Train Ep: 6300 lr0.006932011853915101 	 Loss Classification: 0.183394 Loss T 0.055701 Method MME

S real T sketch Train Ep: 6400 lr0.006900286356036734 	 Loss Classification: 0.547631 Loss T 0.053022 Method MME

S real T sketch Train Ep: 6500 lr0.006868897596529406 	 Loss Classification: 0.241155 Loss T 0.039610 Method MME


Labeled Target set: Average loss: 0.0015, Accuracy: 1080/1080 F1 (100.0000%)


Test set: Average loss: 1.9453, Accuracy: 16139/23808 F1 (67.7881%)


Val set: Average loss: 1.6879, Accuracy: 240/360 F1 (66.6667%)

best acc test 67.788138  acc val 66.666667 acc labeled target 100.000000
saving model...
S real T sketch Train Ep: 6600 lr0.006837839992676177 	 Loss Classification: 0.340025 Loss T 0.051316 Method MME

S real T sketch Train Ep: 6700 lr0.006807108087214876 	 Loss Classification: 0.906107 Loss T 0.060824 Method MME

S real T sketch Train Ep: 6800 lr0.006776696544788352 	 Loss Classification: 1.163722 Loss T 0.062308 Method MME

S real T sketch Train Ep: 6900 lr0.006746600148515609 	 Loss Classification: 0.799011 Loss T 0.062553 Method MME

S real T sketch Train Ep: 7000 lr0.006716813796678979 	 Loss Classification: 0.704003 Loss T 0.070700 Method MME


Labeled Target set: Average loss: 0.0027, Accuracy: 1079/1080 F1 (99.9074%)


Test set: Average loss: 2.0079, Accuracy: 16054/23808 F1 (67.4311%)


Val set: Average loss: 1.7991, Accuracy: 240/360 F1 (66.6667%)

best acc test 67.431116  acc val 66.666667 acc labeled target 99.907407
saving model...
S real T sketch Train Ep: 7100 lr0.006687332499522798 	 Loss Classification: 0.496172 Loss T 0.052858 Method MME

S real T sketch Train Ep: 7200 lr0.006658151376159165 	 Loss Classification: 0.197663 Loss T 0.046031 Method MME

S real T sketch Train Ep: 7300 lr0.00662926565157663 	 Loss Classification: 0.244111 Loss T 0.067841 Method MME

S real T sketch Train Ep: 7400 lr0.006600670653747793 	 Loss Classification: 0.282909 Loss T 0.054089 Method MME

here
[1.        1.        1.        1.        1.        1.        1.
 1.        1.        1.        1.        1.        1.        1.
 1.        1.        1.        1.        1.        1.        1.
 1.        1.        1.        1.        1.        1.        1.
 1.        1.        1.        1.        1.        1.        1.
 1.        1.        1.        1.        1.        1.        1.
 1.        1.        1.        1.        1.        1.        1.
 1.        1.        1.        1.        1.        1.        1.
 1.        1.        1.        1.        1.        1.        1.
 1.        1.        1.        1.        1.        1.        1.
 1.        1.        1.        0.8888889 1.        1.        1.
 1.        1.        1.        1.        1.        1.        1.
 1.        1.        1.        1.        1.        1.        1.
 1.        1.        1.        1.        1.        1.        1.
 1.        1.        1.        1.        1.        1.        1.
 1.        1.        1.        1.        1.        1.        1.
 1.        1.        1.        1.        1.        1.        1.
 1.        1.        1.        1.        1.        1.        1.       ]
[73, 0, 91, 90, 89, 88, 87, 86, 85, 84, 83, 82, 81, 80, 79, 78, 77, 76, 75, 74, 72, 71, 70, 69, 68, 67, 66, 65, 92, 93, 94, 95, 123, 122, 121, 120, 119, 118, 117, 116, 115, 114, 113, 112, 111, 64, 110, 108, 107, 106, 105, 104, 103, 102, 101, 100, 99, 98, 97, 96, 109, 63, 62, 61, 28, 27, 26, 25, 24, 23, 22, 21, 20, 19, 18, 17, 16, 29, 15, 13, 12, 11, 10, 9, 8, 7, 6, 5, 4, 3, 2, 1, 14, 124, 30, 32, 60, 59, 58, 57, 56, 55, 54, 53, 52, 51, 50, 49, 48, 31, 47, 45, 44, 43, 42, 41, 40, 39, 38, 37, 36, 35, 34, 33, 46]
0
1
2
3
4
5
6
7
8
9
10
11
12
13
14
15
16
17
18
19
20
21
22
23
24
25
26
27
28
29
30
31
32
33
34
35
36
37
38
39
40
41
42
43
44
45
46
47
48
49
50
51
52
53
54
55
56
57
58
59
60
61
62
63
64
65
66
67
68
69
70
71
72
73
74
75
76
77
78
79
80
81
82
83
84
85
86
87
88
89
90
91
92
93
94
95
96
97
98
99
100
101
102
103
104
105
106
107
108
109
110
111
112
113
114
115
116
117
118
119
120
121
122
123
124
125
126
127
128
129
130
131
132
133
134
135
136
137
138
139
140
141
142
143
144
145
146
147
148
149
150
151
152
153
154
155
156
157
158
159
160
161
162
163
164
165
166
167
168
169
170
171
172
173
174
175
176
177
178
179
180
181
182
183
184
185
186
187
188
189
190
191
192
193
194
195
196
197
198
199
200
201
202
203
204
205
206
207
208
209
210
211
212
213
214
215
216
217
218
219
220
221
222
223
224
225
226
227
228
229
230
231
232
233
234
235
236
237
238
239
240
241
242
243
244
245
246
247
248
249
250
251
252
253
254
255
256
257
258
259
260
261
262
263
264
265
266
267
268
269
270
271
272
273
274
275
276
277
278
279
280
281
282
283
284
285
286
287
288
289
290
291
292
293
294
295
296
297
298
299
300
301
302
303
304
305
306
307
308
309
310
311
312
313
314
315
316
317
318
319
320
321
322
323
324
325
326
327
328
329
330
331
332
333
334
335
336
337
338
339
340
341
342
343
344
345
346
347
348
349
350
351
352
353
354
355
356
357
358
359
360
361
362
363
364
365
366
367
368
369
370
371
372
373
374
375
376
377
0
1
2
3
4
5
6
7
8
9
10
11
12
13
14
15
16
17
18
19
20
21
22
23
24
25
26
27
28
29
30
31
32
33
34
35
36
37
38
39
40
41
42
43
44
45
46
47
48
49
50
51
52
53
54
55
56
57
58
59
60
61
62
63
64
65
66
67
68
69
70
71
72
73
74
75
76
77
78
79
80
81
82
83
84
85
86
87
88
89
90
91
92
93
94
95
96
97
98
99
100
101
102
103
104
105
106
107
108
109
110
111
112
113
114
115
116
117
118
119
120
121
122
123
124
125
126
127
128
129
130
131
132
133
134
135
136
137
138
139
140
141
142
143
144
145
146
147
148
149
150
151
152
153
154
155
156
157
158
159
160
161
162
163
164
165
166
167
168
169
170
171
172
173
174
175
176
177
178
179
180
181
182
183
184
185
186
187
188
189
190
191
192
193
194
195
196
197
198
199
200
201
202
203
204
205
206
207
208
209
210
211
212
213
214
215
216
217
218
219
220
221
222
223
224
225
226
227
228
229
230
231
232
233
234
235
236
237
238
239
240
241
242
243
244
245
246
247
248
249
250
251
252
253
254
255
256
257
258
259
260
261
262
263
264
265
266
267
268
269
270
271
272
273
274
275
276
277
278
279
280
281
282
283
284
285
286
287
288
289
290
291
292
293
294
295
296
297
298
299
300
301
302
303
304
305
306
307
308
309
310
311
312
313
314
315
316
317
318
319
320
321
322
323
324
325
326
327
328
329
330
331
332
333
334
335
336
337
338
339
340
341
342
343
344
345
346
347
348
349
350
351
352
353
354
355
356
357
358
359
360
361
362
363
364
365
366
367
368
369
370
371
372
373
374
375
376
377
Assigned Classwise weights to source
1890
1890
S real T sketch Train Ep: 7500 lr0.0065723618108320175 	 Loss Classification: 0.890436 Loss T 0.045921 Method MME


Labeled Target set: Average loss: 0.0113, Accuracy: 1079/1080 F1 (99.9074%)


Test set: Average loss: 2.0783, Accuracy: 15842/23808 F1 (66.5407%)


Val set: Average loss: 1.9333, Accuracy: 234/360 F1 (65.0000%)

best acc test 67.431116  acc val 65.000000 acc labeled target 99.907407
saving model...
S real T sketch Train Ep: 7600 lr0.006544334648469591 	 Loss Classification: 0.370727 Loss T 0.063287 Method MME

S real T sketch Train Ep: 7700 lr0.006516584787163857 	 Loss Classification: 1.063903 Loss T 0.038614 Method MME

S real T sketch Train Ep: 7800 lr0.006489107939747966 	 Loss Classification: 0.313908 Loss T 0.050001 Method MME

S real T sketch Train Ep: 7900 lr0.0064618999089330565 	 Loss Classification: 0.295427 Loss T 0.060715 Method MME

S real T sketch Train Ep: 8000 lr0.006434956584934828 	 Loss Classification: 0.534154 Loss T 0.040502 Method MME


Labeled Target set: Average loss: 0.0073, Accuracy: 1078/1080 F1 (99.8148%)


Test set: Average loss: 1.9459, Accuracy: 16286/23808 F1 (68.4056%)


Val set: Average loss: 1.5895, Accuracy: 255/360 F1 (70.8333%)

best acc test 68.405578  acc val 70.833333 acc labeled target 99.814815
saving model...
S real T sketch Train Ep: 8100 lr0.006408273943175546 	 Loss Classification: 0.419496 Loss T 0.051487 Method MME

S real T sketch Train Ep: 8200 lr0.006381848042058713 	 Loss Classification: 0.600748 Loss T 0.053399 Method MME

S real T sketch Train Ep: 8300 lr0.0063556750208137005 	 Loss Classification: 0.688928 Loss T 0.034567 Method MME

S real T sketch Train Ep: 8400 lr0.006329751097407787 	 Loss Classification: 0.408934 Loss T 0.063282 Method MME

S real T sketch Train Ep: 8500 lr0.0063040725665231365 	 Loss Classification: 0.283357 Loss T 0.056793 Method MME


Labeled Target set: Average loss: 0.0086, Accuracy: 1078/1080 F1 (99.8148%)


Test set: Average loss: 1.9366, Accuracy: 16365/23808 F1 (68.7374%)


Val set: Average loss: 1.6631, Accuracy: 251/360 F1 (69.7222%)

best acc test 68.405578  acc val 69.722222 acc labeled target 99.814815
saving model...
S real T sketch Train Ep: 8600 lr0.006278635797596355 	 Loss Classification: 0.485151 Loss T 0.061793 Method MME

S real T sketch Train Ep: 8700 lr0.006253437232918371 	 Loss Classification: 0.405862 Loss T 0.048460 Method MME

S real T sketch Train Ep: 8800 lr0.0062284733857924735 	 Loss Classification: 0.608175 Loss T 0.040938 Method MME

S real T sketch Train Ep: 8900 lr0.006203740838748417 	 Loss Classification: 0.686672 Loss T 0.063147 Method MME

here
[1.        1.        1.        1.        1.        1.        1.
 1.        1.        0.8888889 1.        1.        1.        1.
 1.        1.        1.        1.        1.        1.        1.
 1.        1.        1.        1.        1.        1.        1.
 1.        1.        1.        1.        1.        1.        1.
 1.        1.        1.        1.        1.        1.        1.
 1.        1.        1.        1.        1.        1.        1.
 1.        1.        1.        1.        1.        1.        1.
 1.        1.        1.        1.        0.8888889 1.        1.
 1.        1.        1.        1.        1.        1.        1.
 1.        1.        1.        1.        1.        1.        1.
 1.        1.        1.        1.        1.        1.        1.
 1.        1.        1.        1.        1.        1.        1.
 1.        1.        1.        1.        1.        1.        1.
 1.        1.        1.        1.        1.        1.        1.
 1.        1.        1.        1.        1.        1.        1.
 1.        1.        1.        1.        1.        1.        1.
 1.        1.        1.        1.        1.        1.        1.       ]
[60, 9, 0, 91, 90, 89, 88, 87, 86, 85, 84, 83, 82, 81, 80, 79, 78, 77, 76, 75, 74, 73, 72, 71, 70, 69, 68, 67, 66, 92, 93, 94, 95, 123, 122, 121, 120, 119, 118, 117, 116, 115, 114, 113, 112, 111, 65, 110, 108, 107, 106, 105, 104, 103, 102, 101, 100, 99, 98, 97, 96, 109, 64, 62, 124, 28, 27, 26, 25, 24, 23, 22, 21, 20, 19, 18, 17, 16, 15, 14, 13, 12, 11, 10, 8, 7, 6, 5, 4, 3, 2, 1, 29, 30, 31, 32, 61, 59, 58, 57, 56, 55, 54, 53, 52, 51, 50, 49, 48, 63, 47, 45, 44, 43, 42, 41, 40, 39, 38, 37, 36, 35, 34, 33, 46]
0
1
2
3
4
5
6
7
8
9
10
11
12
13
14
15
16
17
18
19
20
21
22
23
24
25
26
27
28
29
30
31
32
33
34
35
36
37
38
39
40
41
42
43
44
45
46
47
48
49
50
51
52
53
54
55
56
57
58
59
60
61
62
63
64
65
66
67
68
69
70
71
72
73
74
75
76
77
78
79
80
81
82
83
84
85
86
87
88
89
90
91
92
93
94
95
96
97
98
99
100
101
102
103
104
105
106
107
108
109
110
111
112
113
114
115
116
117
118
119
120
121
122
123
124
125
126
127
128
129
130
131
132
133
134
135
136
137
138
139
140
141
142
143
144
145
146
147
148
149
150
151
152
153
154
155
156
157
158
159
160
161
162
163
164
165
166
167
168
169
170
171
172
173
174
175
176
177
178
179
180
181
182
183
184
185
186
187
188
189
190
191
192
193
194
195
196
197
198
199
200
201
202
203
204
205
206
207
208
209
210
211
212
213
214
215
216
217
218
219
220
221
222
223
224
225
226
227
228
229
230
231
232
233
234
235
236
237
238
239
240
241
242
243
244
245
246
247
248
249
250
251
252
253
254
255
256
257
258
259
260
261
262
263
264
265
266
267
268
269
270
271
272
273
274
275
276
277
278
279
280
281
282
283
284
285
286
287
288
289
290
291
292
293
294
295
296
297
298
299
300
301
302
303
304
305
306
307
308
309
310
311
312
313
314
315
316
317
318
319
320
321
322
323
324
325
326
327
328
329
330
331
332
333
334
335
336
337
338
339
340
341
342
343
344
345
346
347
348
349
350
351
352
353
354
355
356
357
358
359
360
361
362
363
364
365
366
367
368
369
370
371
372
373
374
375
376
377
