Dataset multi Source real Target sketch Labeled num perclass 3 Network resnet34
126 classes in this dataset
S real T sketch Train Ep: 0 lr0.01 	 Loss Classification: 4.965036 Loss T -0.471560 Method ENT

/home/megh/projects/domain-adaptation/SSAL/utils/loss.py:30: UserWarning: Implicit dimension choice for softmax has been deprecated. Change the call to include dim=X as an argument.
  out_t1 = F.softmax(out_t1)
S real T sketch Train Ep: 100 lr0.009925650290240803 	 Loss Classification: 0.720674 Loss T -0.255774 Method ENT

S real T sketch Train Ep: 200 lr0.009852577760521605 	 Loss Classification: 0.575959 Loss T -0.202881 Method ENT

S real T sketch Train Ep: 300 lr0.009780748269686728 	 Loss Classification: 0.420121 Loss T -0.143495 Method ENT

S real T sketch Train Ep: 400 lr0.009710128909124701 	 Loss Classification: 0.333574 Loss T -0.149943 Method ENT

S real T sketch Train Ep: 500 lr0.00964068794694323 	 Loss Classification: 0.268636 Loss T -0.108593 Method ENT


Test set: Average loss: 3.8177, Accuracy: 6900/23808 F1 (29%)


Test set: Average loss: 3.8051, Accuracy: 99/360 F1 (28%)

best acc test 28.981855 best acc val 27.500000
record record/multi/ENT/ENT_net_resnet34_real_to_sketch_num_3
saving model...
S real T sketch Train Ep: 600 lr0.00957239477517603 	 Loss Classification: 0.504422 Loss T -0.118285 Method ENT

S real T sketch Train Ep: 700 lr0.009505219859830012 	 Loss Classification: 0.855268 Loss T -0.118830 Method ENT

S real T sketch Train Ep: 800 lr0.009439134693595126 	 Loss Classification: 0.411419 Loss T -0.075589 Method ENT

S real T sketch Train Ep: 900 lr0.009374111751051751 	 Loss Classification: 0.545482 Loss T -0.107828 Method ENT

S real T sketch Train Ep: 1000 lr0.009310124446222227 	 Loss Classification: 0.505151 Loss T -0.098951 Method ENT


Test set: Average loss: 4.4591, Accuracy: 6408/23808 F1 (27%)


Test set: Average loss: 4.2740, Accuracy: 103/360 F1 (29%)

best acc test 26.915323 best acc val 28.611111
record record/multi/ENT/ENT_net_resnet34_real_to_sketch_num_3
saving model...
S real T sketch Train Ep: 1100 lr0.00924714709232377 	 Loss Classification: 0.553167 Loss T -0.096300 Method ENT

S real T sketch Train Ep: 1200 lr0.009185154863590003 	 Loss Classification: 0.349364 Loss T -0.111579 Method ENT

S real T sketch Train Ep: 1300 lr0.00912412375903735 	 Loss Classification: 0.493807 Loss T -0.115223 Method ENT

S real T sketch Train Ep: 1400 lr0.009064030568061049 	 Loss Classification: 0.413475 Loss T -0.088529 Method ENT

S real T sketch Train Ep: 1500 lr0.009004852837753237 	 Loss Classification: 0.329496 Loss T -0.079750 Method ENT


Test set: Average loss: 4.6212, Accuracy: 7202/23808 F1 (30%)


Test set: Average loss: 4.4000, Accuracy: 115/360 F1 (32%)

best acc test 30.250336 best acc val 31.944444
record record/multi/ENT/ENT_net_resnet34_real_to_sketch_num_3
saving model...
S real T sketch Train Ep: 1600 lr0.008946568841842816 	 Loss Classification: 0.239847 Loss T -0.073088 Method ENT

S real T sketch Train Ep: 1700 lr0.008889157551163433 	 Loss Classification: 0.581168 Loss T -0.075393 Method ENT

S real T sketch Train Ep: 1800 lr0.008832598605562044 	 Loss Classification: 0.408248 Loss T -0.082145 Method ENT

S real T sketch Train Ep: 1900 lr0.008776872287166303 	 Loss Classification: 0.139944 Loss T -0.078009 Method ENT

S real T sketch Train Ep: 2000 lr0.008721959494934213 	 Loss Classification: 0.334651 Loss T -0.079868 Method ENT


Test set: Average loss: 5.0657, Accuracy: 6863/23808 F1 (29%)


Test set: Average loss: 4.9088, Accuracy: 102/360 F1 (28%)

best acc test 30.250336 best acc val 28.333333
record record/multi/ENT/ENT_net_resnet34_real_to_sketch_num_3
saving model...
S real T sketch Train Ep: 2100 lr0.008667841720414475 	 Loss Classification: 0.357344 Loss T -0.065290 Method ENT

S real T sketch Train Ep: 2200 lr0.008614501024650454 	 Loss Classification: 0.496517 Loss T -0.091145 Method ENT

S real T sketch Train Ep: 2300 lr0.008561920016164943 	 Loss Classification: 0.404473 Loss T -0.086898 Method ENT

S real T sketch Train Ep: 2400 lr0.008510081829966844 	 Loss Classification: 0.105809 Loss T -0.083455 Method ENT

S real T sketch Train Ep: 2500 lr0.008458970107524513 	 Loss Classification: 0.331338 Loss T -0.074860 Method ENT


Test set: Average loss: 4.3356, Accuracy: 8263/23808 F1 (35%)


Test set: Average loss: 4.5005, Accuracy: 113/360 F1 (31%)

best acc test 30.250336 best acc val 31.388889
record record/multi/ENT/ENT_net_resnet34_real_to_sketch_num_3
saving model...
S real T sketch Train Ep: 2600 lr0.008408568977653933 	 Loss Classification: 0.157001 Loss T -0.079608 Method ENT

S real T sketch Train Ep: 2700 lr0.00835886303827305 	 Loss Classification: 0.121283 Loss T -0.056673 Method ENT

S real T sketch Train Ep: 2800 lr0.008309837338976545 	 Loss Classification: 0.518270 Loss T -0.052935 Method ENT

S real T sketch Train Ep: 2900 lr0.008261477364388068 	 Loss Classification: 0.209413 Loss T -0.064297 Method ENT

S real T sketch Train Ep: 3000 lr0.008213769018249545 	 Loss Classification: 0.274553 Loss T -0.075403 Method ENT


Test set: Average loss: 4.0194, Accuracy: 9669/23808 F1 (41%)


Test set: Average loss: 3.8872, Accuracy: 145/360 F1 (40%)

best acc test 40.612399 best acc val 40.277778
record record/multi/ENT/ENT_net_resnet34_real_to_sketch_num_3
saving model...
S real T sketch Train Ep: 3100 lr0.008166698608209509 	 Loss Classification: 0.443757 Loss T -0.069296 Method ENT

S real T sketch Train Ep: 3200 lr0.008120252831274708 	 Loss Classification: 0.263217 Loss T -0.073700 Method ENT

S real T sketch Train Ep: 3300 lr0.008074418759891278 	 Loss Classification: 0.292144 Loss T -0.060469 Method ENT

S real T sketch Train Ep: 3400 lr0.008029183828623731 	 Loss Classification: 0.159945 Loss T -0.053055 Method ENT

S real T sketch Train Ep: 3500 lr0.007984535821401871 	 Loss Classification: 0.437339 Loss T -0.165049 Method ENT


Test set: Average loss: 2.7316, Accuracy: 11330/23808 F1 (48%)


Test set: Average loss: 2.5267, Accuracy: 174/360 F1 (48%)

best acc test 47.589046 best acc val 48.333333
record record/multi/ENT/ENT_net_resnet34_real_to_sketch_num_3
saving model...
S real T sketch Train Ep: 3600 lr0.007940462859307384 	 Loss Classification: 0.255306 Loss T -0.086595 Method ENT

S real T sketch Train Ep: 3700 lr0.007896953388873518 	 Loss Classification: 0.355142 Loss T -0.084420 Method ENT

S real T sketch Train Ep: 3800 lr0.007853996170872714 	 Loss Classification: 0.248235 Loss T -0.086204 Method ENT

S real T sketch Train Ep: 3900 lr0.00781158026956848 	 Loss Classification: 0.413820 Loss T -0.063346 Method ENT

S real T sketch Train Ep: 4000 lr0.007769695042409123 	 Loss Classification: 0.552056 Loss T -0.093898 Method ENT


Test set: Average loss: 4.0564, Accuracy: 7908/23808 F1 (33%)


Test set: Average loss: 3.8301, Accuracy: 127/360 F1 (35%)

best acc test 47.589046 best acc val 35.277778
record record/multi/ENT/ENT_net_resnet34_real_to_sketch_num_3
saving model...
S real T sketch Train Ep: 4100 lr0.007728330130142108 	 Loss Classification: 0.423605 Loss T -0.061783 Method ENT

S real T sketch Train Ep: 4200 lr0.007687475447329114 	 Loss Classification: 0.434833 Loss T -0.062499 Method ENT

S real T sketch Train Ep: 4300 lr0.0076471211732427845 	 Loss Classification: 0.319880 Loss T -0.075968 Method ENT

S real T sketch Train Ep: 4400 lr0.007607257743127307 	 Loss Classification: 0.134845 Loss T -0.070763 Method ENT

S real T sketch Train Ep: 4500 lr0.007567875839805858 	 Loss Classification: 0.404362 Loss T -0.059456 Method ENT


Test set: Average loss: 3.2539, Accuracy: 10652/23808 F1 (45%)


Test set: Average loss: 3.1336, Accuracy: 157/360 F1 (44%)

best acc test 47.589046 best acc val 43.611111
record record/multi/ENT/ENT_net_resnet34_real_to_sketch_num_3
saving model...
S real T sketch Train Ep: 4600 lr0.007528966385618854 	 Loss Classification: 0.144358 Loss T -0.083597 Method ENT

S real T sketch Train Ep: 4700 lr0.007490520534677821 	 Loss Classification: 0.076386 Loss T -0.080128 Method ENT

S real T sketch Train Ep: 4800 lr0.007452529665420465 	 Loss Classification: 0.066931 Loss T -0.070220 Method ENT

S real T sketch Train Ep: 4900 lr0.007414985373453289 	 Loss Classification: 0.156436 Loss T -0.080718 Method ENT

S real T sketch Train Ep: 5000 lr0.007377879464668811 	 Loss Classification: 0.173602 Loss T -0.054546 Method ENT


Test set: Average loss: 4.1175, Accuracy: 9152/23808 F1 (38%)


Test set: Average loss: 3.8532, Accuracy: 135/360 F1 (38%)

best acc test 47.589046 best acc val 37.500000
record record/multi/ENT/ENT_net_resnet34_real_to_sketch_num_3
saving model...
S real T sketch Train Ep: 5100 lr0.007341203948625087 	 Loss Classification: 0.404993 Loss T -0.046626 Method ENT

S real T sketch Train Ep: 5200 lr0.007304951032175895 	 Loss Classification: 0.419867 Loss T -0.061020 Method ENT

S real T sketch Train Ep: 5300 lr0.007269113113340497 	 Loss Classification: 0.337498 Loss T -0.056552 Method ENT

S real T sketch Train Ep: 5400 lr0.007233682775402483 	 Loss Classification: 0.221839 Loss T -0.070340 Method ENT

S real T sketch Train Ep: 5500 lr0.007198652781227704 	 Loss Classification: 0.216725 Loss T -0.066146 Method ENT


Test set: Average loss: 4.1749, Accuracy: 9776/23808 F1 (41%)


Test set: Average loss: 4.1643, Accuracy: 128/360 F1 (36%)

best acc test 47.589046 best acc val 35.555556
record record/multi/ENT/ENT_net_resnet34_real_to_sketch_num_3
saving model...
S real T sketch Train Ep: 5600 lr0.007164016067791809 	 Loss Classification: 0.051094 Loss T -0.050070 Method ENT

S real T sketch Train Ep: 5700 lr0.0071297657409083726 	 Loss Classification: 0.387038 Loss T -0.055961 Method ENT

S real T sketch Train Ep: 5800 lr0.0070958950701490225 	 Loss Classification: 0.102482 Loss T -0.053988 Method ENT

S real T sketch Train Ep: 5900 lr0.007062397483947426 	 Loss Classification: 0.149912 Loss T -0.054421 Method ENT

S real T sketch Train Ep: 6000 lr0.007029266564879363 	 Loss Classification: 0.103727 Loss T -0.034472 Method ENT


Test set: Average loss: 5.1726, Accuracy: 8193/23808 F1 (34%)


Test set: Average loss: 5.0695, Accuracy: 117/360 F1 (32%)

best acc test 47.589046 best acc val 32.500000
record record/multi/ENT/ENT_net_resnet34_real_to_sketch_num_3
saving model...
S real T sketch Train Ep: 6100 lr0.006996496045111504 	 Loss Classification: 0.308149 Loss T -0.044431 Method ENT

S real T sketch Train Ep: 6200 lr0.00696407980201184 	 Loss Classification: 0.114650 Loss T -0.042037 Method ENT

S real T sketch Train Ep: 6300 lr0.006932011853915101 	 Loss Classification: 0.088273 Loss T -0.027423 Method ENT

S real T sketch Train Ep: 6400 lr0.006900286356036734 	 Loss Classification: 0.080365 Loss T -0.020474 Method ENT

S real T sketch Train Ep: 6500 lr0.006868897596529406 	 Loss Classification: 0.253551 Loss T -0.005488 Method ENT


Test set: Average loss: 8.6425, Accuracy: 3182/23808 F1 (13%)


Test set: Average loss: 8.8164, Accuracy: 40/360 F1 (11%)

