Dataset multi Source real Target painting Labeled num perclass 3 Network resnet34
126 classes in this dataset
S real T painting Train Ep: 0 lr0.01 	 Loss Classification: 4.982066 Loss T -0.471923 Method ENT

/home/megh/projects/domain-adaptation/SSAL/utils/loss.py:30: UserWarning: Implicit dimension choice for softmax has been deprecated. Change the call to include dim=X as an argument.
  out_t1 = F.softmax(out_t1)
S real T painting Train Ep: 100 lr0.009925650290240803 	 Loss Classification: 0.789266 Loss T -0.199692 Method ENT

S real T painting Train Ep: 200 lr0.009852577760521605 	 Loss Classification: 0.443759 Loss T -0.156948 Method ENT

S real T painting Train Ep: 300 lr0.009780748269686728 	 Loss Classification: 0.701025 Loss T -0.089077 Method ENT

S real T painting Train Ep: 400 lr0.009710128909124701 	 Loss Classification: 0.744146 Loss T -0.093101 Method ENT

S real T painting Train Ep: 500 lr0.00964068794694323 	 Loss Classification: 0.483588 Loss T -0.070684 Method ENT


Test set: Average loss: 1.7798, Accuracy: 19711/31104 F1 (63%)


Test set: Average loss: 1.9827, Accuracy: 214/360 F1 (59%)

best acc test 63.371271 best acc val 59.444444
record record/multi/ENT/ENT_net_resnet34_real_to_painting_num_3
saving model...
S real T painting Train Ep: 600 lr0.00957239477517603 	 Loss Classification: 0.583800 Loss T -0.085478 Method ENT

S real T painting Train Ep: 700 lr0.009505219859830012 	 Loss Classification: 0.553873 Loss T -0.088766 Method ENT

S real T painting Train Ep: 800 lr0.009439134693595126 	 Loss Classification: 0.233758 Loss T -0.076414 Method ENT

S real T painting Train Ep: 900 lr0.009374111751051751 	 Loss Classification: 0.361636 Loss T -0.070799 Method ENT

S real T painting Train Ep: 1000 lr0.009310124446222227 	 Loss Classification: 0.736330 Loss T -0.091481 Method ENT


Test set: Average loss: 1.8221, Accuracy: 20218/31104 F1 (65%)


Test set: Average loss: 1.9824, Accuracy: 220/360 F1 (61%)

best acc test 65.001286 best acc val 61.111111
record record/multi/ENT/ENT_net_resnet34_real_to_painting_num_3
saving model...
S real T painting Train Ep: 1100 lr0.00924714709232377 	 Loss Classification: 0.390588 Loss T -0.067201 Method ENT

S real T painting Train Ep: 1200 lr0.009185154863590003 	 Loss Classification: 0.248798 Loss T -0.066605 Method ENT

S real T painting Train Ep: 1300 lr0.00912412375903735 	 Loss Classification: 0.195539 Loss T -0.044857 Method ENT

S real T painting Train Ep: 1400 lr0.009064030568061049 	 Loss Classification: 0.754258 Loss T -0.072126 Method ENT

S real T painting Train Ep: 1500 lr0.009004852837753237 	 Loss Classification: 0.267892 Loss T -0.055041 Method ENT


Test set: Average loss: 1.7827, Accuracy: 20838/31104 F1 (67%)


Test set: Average loss: 2.0080, Accuracy: 224/360 F1 (62%)

best acc test 66.994599 best acc val 62.222222
record record/multi/ENT/ENT_net_resnet34_real_to_painting_num_3
saving model...
S real T painting Train Ep: 1600 lr0.008946568841842816 	 Loss Classification: 0.222037 Loss T -0.062161 Method ENT

S real T painting Train Ep: 1700 lr0.008889157551163433 	 Loss Classification: 0.166191 Loss T -0.072268 Method ENT

S real T painting Train Ep: 1800 lr0.008832598605562044 	 Loss Classification: 0.391235 Loss T -0.053739 Method ENT

S real T painting Train Ep: 1900 lr0.008776872287166303 	 Loss Classification: 0.271005 Loss T -0.050911 Method ENT

S real T painting Train Ep: 2000 lr0.008721959494934213 	 Loss Classification: 0.753430 Loss T -0.060431 Method ENT


Test set: Average loss: 1.7518, Accuracy: 21094/31104 F1 (68%)


Test set: Average loss: 1.9534, Accuracy: 226/360 F1 (63%)

best acc test 67.817644 best acc val 62.777778
record record/multi/ENT/ENT_net_resnet34_real_to_painting_num_3
saving model...
S real T painting Train Ep: 2100 lr0.008667841720414475 	 Loss Classification: 0.315985 Loss T -0.058468 Method ENT

S real T painting Train Ep: 2200 lr0.008614501024650454 	 Loss Classification: 0.328450 Loss T -0.054642 Method ENT

S real T painting Train Ep: 2300 lr0.008561920016164943 	 Loss Classification: 0.225939 Loss T -0.056095 Method ENT

S real T painting Train Ep: 2400 lr0.008510081829966844 	 Loss Classification: 0.181871 Loss T -0.052328 Method ENT

S real T painting Train Ep: 2500 lr0.008458970107524513 	 Loss Classification: 0.360817 Loss T -0.044621 Method ENT


Test set: Average loss: 1.7551, Accuracy: 21342/31104 F1 (69%)


Test set: Average loss: 1.9850, Accuracy: 224/360 F1 (62%)

best acc test 67.817644 best acc val 62.222222
record record/multi/ENT/ENT_net_resnet34_real_to_painting_num_3
saving model...
S real T painting Train Ep: 2600 lr0.008408568977653933 	 Loss Classification: 0.632790 Loss T -0.046885 Method ENT

S real T painting Train Ep: 2700 lr0.00835886303827305 	 Loss Classification: 0.120406 Loss T -0.060788 Method ENT

S real T painting Train Ep: 2800 lr0.008309837338976545 	 Loss Classification: 0.236153 Loss T -0.047735 Method ENT

S real T painting Train Ep: 2900 lr0.008261477364388068 	 Loss Classification: 0.315846 Loss T -0.051261 Method ENT

S real T painting Train Ep: 3000 lr0.008213769018249545 	 Loss Classification: 0.534034 Loss T -0.044821 Method ENT


Test set: Average loss: 1.8530, Accuracy: 21340/31104 F1 (69%)


Test set: Average loss: 2.0377, Accuracy: 227/360 F1 (63%)

best acc test 68.608539 best acc val 63.055556
record record/multi/ENT/ENT_net_resnet34_real_to_painting_num_3
saving model...
S real T painting Train Ep: 3100 lr0.008166698608209509 	 Loss Classification: 0.164290 Loss T -0.057709 Method ENT

S real T painting Train Ep: 3200 lr0.008120252831274708 	 Loss Classification: 0.150939 Loss T -0.037261 Method ENT

S real T painting Train Ep: 3300 lr0.008074418759891278 	 Loss Classification: 0.259846 Loss T -0.059303 Method ENT

S real T painting Train Ep: 3400 lr0.008029183828623731 	 Loss Classification: 0.188913 Loss T -0.046331 Method ENT

S real T painting Train Ep: 3500 lr0.007984535821401871 	 Loss Classification: 0.446996 Loss T -0.057773 Method ENT


Test set: Average loss: 1.7834, Accuracy: 21659/31104 F1 (70%)


Test set: Average loss: 2.1334, Accuracy: 231/360 F1 (64%)

best acc test 69.634131 best acc val 64.166667
record record/multi/ENT/ENT_net_resnet34_real_to_painting_num_3
saving model...
S real T painting Train Ep: 3600 lr0.007940462859307384 	 Loss Classification: 0.170871 Loss T -0.041523 Method ENT

S real T painting Train Ep: 3700 lr0.007896953388873518 	 Loss Classification: 0.107395 Loss T -0.042719 Method ENT

S real T painting Train Ep: 3800 lr0.007853996170872714 	 Loss Classification: 0.485072 Loss T -0.049214 Method ENT

S real T painting Train Ep: 3900 lr0.00781158026956848 	 Loss Classification: 0.332838 Loss T -0.042380 Method ENT

S real T painting Train Ep: 4000 lr0.007769695042409123 	 Loss Classification: 0.141651 Loss T -0.045852 Method ENT


Test set: Average loss: 1.7770, Accuracy: 21706/31104 F1 (70%)


Test set: Average loss: 2.0302, Accuracy: 235/360 F1 (65%)

best acc test 69.785237 best acc val 65.277778
record record/multi/ENT/ENT_net_resnet34_real_to_painting_num_3
saving model...
S real T painting Train Ep: 4100 lr0.007728330130142108 	 Loss Classification: 0.425679 Loss T -0.060944 Method ENT

S real T painting Train Ep: 4200 lr0.007687475447329114 	 Loss Classification: 0.442945 Loss T -0.039771 Method ENT

S real T painting Train Ep: 4300 lr0.0076471211732427845 	 Loss Classification: 0.260256 Loss T -0.067482 Method ENT

S real T painting Train Ep: 4400 lr0.007607257743127307 	 Loss Classification: 0.644386 Loss T -0.042864 Method ENT

S real T painting Train Ep: 4500 lr0.007567875839805858 	 Loss Classification: 0.257571 Loss T -0.036647 Method ENT


Test set: Average loss: 1.7395, Accuracy: 21920/31104 F1 (70%)


Test set: Average loss: 1.9488, Accuracy: 237/360 F1 (66%)

best acc test 70.473251 best acc val 65.833333
record record/multi/ENT/ENT_net_resnet34_real_to_painting_num_3
saving model...
S real T painting Train Ep: 4600 lr0.007528966385618854 	 Loss Classification: 0.285480 Loss T -0.032069 Method ENT

S real T painting Train Ep: 4700 lr0.007490520534677821 	 Loss Classification: 0.465098 Loss T -0.050481 Method ENT

S real T painting Train Ep: 4800 lr0.007452529665420465 	 Loss Classification: 0.475306 Loss T -0.047564 Method ENT

S real T painting Train Ep: 4900 lr0.007414985373453289 	 Loss Classification: 0.502990 Loss T -0.050345 Method ENT

S real T painting Train Ep: 5000 lr0.007377879464668811 	 Loss Classification: 0.160937 Loss T -0.037585 Method ENT


Test set: Average loss: 1.7481, Accuracy: 22033/31104 F1 (71%)


Test set: Average loss: 1.9609, Accuracy: 241/360 F1 (67%)

best acc test 70.836548 best acc val 66.944444
record record/multi/ENT/ENT_net_resnet34_real_to_painting_num_3
saving model...
S real T painting Train Ep: 5100 lr0.007341203948625087 	 Loss Classification: 0.391317 Loss T -0.049142 Method ENT

S real T painting Train Ep: 5200 lr0.007304951032175895 	 Loss Classification: 0.416718 Loss T -0.035830 Method ENT

S real T painting Train Ep: 5300 lr0.007269113113340497 	 Loss Classification: 0.383615 Loss T -0.047341 Method ENT

S real T painting Train Ep: 5400 lr0.007233682775402483 	 Loss Classification: 0.096880 Loss T -0.036352 Method ENT

S real T painting Train Ep: 5500 lr0.007198652781227704 	 Loss Classification: 0.143592 Loss T -0.041104 Method ENT


Test set: Average loss: 1.7520, Accuracy: 21956/31104 F1 (71%)


Test set: Average loss: 1.9236, Accuracy: 234/360 F1 (65%)

best acc test 70.836548 best acc val 65.000000
record record/multi/ENT/ENT_net_resnet34_real_to_painting_num_3
saving model...
S real T painting Train Ep: 5600 lr0.007164016067791809 	 Loss Classification: 0.503402 Loss T -0.040844 Method ENT

S real T painting Train Ep: 5700 lr0.0071297657409083726 	 Loss Classification: 0.127936 Loss T -0.052598 Method ENT

S real T painting Train Ep: 5800 lr0.0070958950701490225 	 Loss Classification: 0.486286 Loss T -0.049129 Method ENT

S real T painting Train Ep: 5900 lr0.007062397483947426 	 Loss Classification: 0.274778 Loss T -0.056785 Method ENT

S real T painting Train Ep: 6000 lr0.007029266564879363 	 Loss Classification: 0.354305 Loss T -0.034624 Method ENT


Test set: Average loss: 1.8063, Accuracy: 22060/31104 F1 (71%)


Test set: Average loss: 2.1194, Accuracy: 238/360 F1 (66%)

best acc test 70.836548 best acc val 66.111111
record record/multi/ENT/ENT_net_resnet34_real_to_painting_num_3
saving model...
S real T painting Train Ep: 6100 lr0.006996496045111504 	 Loss Classification: 0.203066 Loss T -0.044244 Method ENT

S real T painting Train Ep: 6200 lr0.00696407980201184 	 Loss Classification: 0.226364 Loss T -0.041699 Method ENT

S real T painting Train Ep: 6300 lr0.006932011853915101 	 Loss Classification: 0.072080 Loss T -0.044420 Method ENT

S real T painting Train Ep: 6400 lr0.006900286356036734 	 Loss Classification: 0.087496 Loss T -0.032039 Method ENT

S real T painting Train Ep: 6500 lr0.006868897596529406 	 Loss Classification: 0.304370 Loss T -0.024461 Method ENT


Test set: Average loss: 1.8090, Accuracy: 22148/31104 F1 (71%)


Test set: Average loss: 2.2402, Accuracy: 233/360 F1 (65%)

best acc test 70.836548 best acc val 64.722222
record record/multi/ENT/ENT_net_resnet34_real_to_painting_num_3
saving model...
S real T painting Train Ep: 6600 lr0.006837839992676177 	 Loss Classification: 0.407859 Loss T -0.032069 Method ENT

S real T painting Train Ep: 6700 lr0.006807108087214876 	 Loss Classification: 0.232319 Loss T -0.029181 Method ENT

S real T painting Train Ep: 6800 lr0.006776696544788352 	 Loss Classification: 0.264244 Loss T -0.042721 Method ENT

S real T painting Train Ep: 6900 lr0.006746600148515609 	 Loss Classification: 0.251040 Loss T -0.030101 Method ENT

S real T painting Train Ep: 7000 lr0.006716813796678979 	 Loss Classification: 0.077689 Loss T -0.045633 Method ENT


Test set: Average loss: 1.8016, Accuracy: 22280/31104 F1 (72%)


Test set: Average loss: 2.1390, Accuracy: 235/360 F1 (65%)

best acc test 70.836548 best acc val 65.277778
record record/multi/ENT/ENT_net_resnet34_real_to_painting_num_3
saving model...
S real T painting Train Ep: 7100 lr0.006687332499522798 	 Loss Classification: 0.269750 Loss T -0.047026 Method ENT

S real T painting Train Ep: 7200 lr0.006658151376159165 	 Loss Classification: 0.178162 Loss T -0.055710 Method ENT

S real T painting Train Ep: 7300 lr0.00662926565157663 	 Loss Classification: 0.294130 Loss T -0.039884 Method ENT

S real T painting Train Ep: 7400 lr0.006600670653747793 	 Loss Classification: 0.064295 Loss T -0.033613 Method ENT

S real T painting Train Ep: 7500 lr0.0065723618108320175 	 Loss Classification: 0.319054 Loss T -0.053851 Method ENT


Test set: Average loss: 1.7837, Accuracy: 22382/31104 F1 (72%)


Test set: Average loss: 2.0932, Accuracy: 237/360 F1 (66%)

best acc test 70.836548 best acc val 65.833333
record record/multi/ENT/ENT_net_resnet34_real_to_painting_num_3
saving model...
S real T painting Train Ep: 7600 lr0.006544334648469591 	 Loss Classification: 0.218667 Loss T -0.039613 Method ENT

S real T painting Train Ep: 7700 lr0.006516584787163857 	 Loss Classification: 0.132399 Loss T -0.045094 Method ENT

S real T painting Train Ep: 7800 lr0.006489107939747966 	 Loss Classification: 0.117445 Loss T -0.040670 Method ENT

S real T painting Train Ep: 7900 lr0.0064618999089330565 	 Loss Classification: 0.183560 Loss T -0.033331 Method ENT

S real T painting Train Ep: 8000 lr0.006434956584934828 	 Loss Classification: 0.188631 Loss T -0.029192 Method ENT


Test set: Average loss: 1.8234, Accuracy: 22325/31104 F1 (72%)


Test set: Average loss: 2.0817, Accuracy: 240/360 F1 (67%)

