Dataset multi Source real Target sketch Labeled num perclass 3 Network resnet34
126 classes in this dataset
Unlabelled Target Dataset Size:  23826
Labelled Target Dataset Size:  378
S real T sketch Train Ep: 0 lr0.01 	 Loss Classification: 4.977587 Loss T 0.470238 Method MME

S real T sketch Train Ep: 100 lr0.009925650290240803 	 Loss Classification: 1.000987 Loss T 0.279590 Method MME

S real T sketch Train Ep: 200 lr0.009852577760521605 	 Loss Classification: 0.961664 Loss T 0.218321 Method MME

S real T sketch Train Ep: 300 lr0.009780748269686728 	 Loss Classification: 1.181517 Loss T 0.220987 Method MME

S real T sketch Train Ep: 400 lr0.009710128909124701 	 Loss Classification: 1.692705 Loss T 0.183676 Method MME

S real T sketch Train Ep: 500 lr0.00964068794694323 	 Loss Classification: 1.106649 Loss T 0.191860 Method MME


Test set: Average loss: 2.4204, Accuracy: 11203/23808 F1 (47.0556%)


Val set: Average loss: 2.3166, Accuracy: 173/360 F1 (48.0556%)


Labeled Target set: Average loss: 2.5251, Accuracy: 460/1080 F1 (42.5926%)

best acc test 47.055612  acc val 48.055556 acc labeled target 42.592593
saving model...
S real T sketch Train Ep: 600 lr0.00957239477517603 	 Loss Classification: 0.666098 Loss T 0.144683 Method MME

S real T sketch Train Ep: 700 lr0.009505219859830012 	 Loss Classification: 0.897579 Loss T 0.138069 Method MME

S real T sketch Train Ep: 800 lr0.009439134693595126 	 Loss Classification: 0.933305 Loss T 0.180311 Method MME

S real T sketch Train Ep: 900 lr0.009374111751051751 	 Loss Classification: 1.352912 Loss T 0.140382 Method MME

S real T sketch Train Ep: 1000 lr0.009310124446222227 	 Loss Classification: 0.529042 Loss T 0.155675 Method MME


Test set: Average loss: 2.4304, Accuracy: 11825/23808 F1 (49.6682%)


Val set: Average loss: 2.1552, Accuracy: 185/360 F1 (51.3889%)


Labeled Target set: Average loss: 2.3909, Accuracy: 511/1080 F1 (47.3148%)

best acc test 49.668179  acc val 51.388889 acc labeled target 47.314815
saving model...
S real T sketch Train Ep: 1100 lr0.00924714709232377 	 Loss Classification: 1.016325 Loss T 0.124863 Method MME

S real T sketch Train Ep: 1200 lr0.009185154863590003 	 Loss Classification: 1.233970 Loss T 0.109040 Method MME

S real T sketch Train Ep: 1300 lr0.00912412375903735 	 Loss Classification: 0.331703 Loss T 0.134103 Method MME

S real T sketch Train Ep: 1400 lr0.009064030568061049 	 Loss Classification: 0.764955 Loss T 0.099280 Method MME

S real T sketch Train Ep: 1500 lr0.009004852837753237 	 Loss Classification: 0.407518 Loss T 0.117695 Method MME


Test set: Average loss: 2.2561, Accuracy: 12825/23808 F1 (53.8684%)


Val set: Average loss: 2.0705, Accuracy: 195/360 F1 (54.1667%)


Labeled Target set: Average loss: 2.2665, Accuracy: 556/1080 F1 (51.4815%)

best acc test 53.868448  acc val 54.166667 acc labeled target 51.481481
saving model...
S real T sketch Train Ep: 1600 lr0.008946568841842816 	 Loss Classification: 0.576263 Loss T 0.121630 Method MME

S real T sketch Train Ep: 1700 lr0.008889157551163433 	 Loss Classification: 0.823696 Loss T 0.142979 Method MME

S real T sketch Train Ep: 1800 lr0.008832598605562044 	 Loss Classification: 1.051842 Loss T 0.139260 Method MME

S real T sketch Train Ep: 1900 lr0.008776872287166303 	 Loss Classification: 0.611468 Loss T 0.127163 Method MME

S real T sketch Train Ep: 2000 lr0.008721959494934213 	 Loss Classification: 0.561881 Loss T 0.107232 Method MME


Test set: Average loss: 2.1696, Accuracy: 13278/23808 F1 (55.7712%)


Val set: Average loss: 1.9061, Accuracy: 209/360 F1 (58.0556%)


Labeled Target set: Average loss: 2.1960, Accuracy: 571/1080 F1 (52.8704%)

best acc test 55.771169  acc val 58.055556 acc labeled target 52.870370
saving model...
S real T sketch Train Ep: 2100 lr0.008667841720414475 	 Loss Classification: 0.959867 Loss T 0.101391 Method MME

S real T sketch Train Ep: 2200 lr0.008614501024650454 	 Loss Classification: 1.017343 Loss T 0.121608 Method MME

S real T sketch Train Ep: 2300 lr0.008561920016164943 	 Loss Classification: 0.897765 Loss T 0.118943 Method MME

S real T sketch Train Ep: 2400 lr0.008510081829966844 	 Loss Classification: 0.580924 Loss T 0.120619 Method MME

S real T sketch Train Ep: 2500 lr0.008458970107524513 	 Loss Classification: 0.297317 Loss T 0.085737 Method MME


Test set: Average loss: 2.0843, Accuracy: 13750/23808 F1 (57.7537%)


Val set: Average loss: 1.8748, Accuracy: 214/360 F1 (59.4444%)


Labeled Target set: Average loss: 2.0891, Accuracy: 591/1080 F1 (54.7222%)

best acc test 57.753696  acc val 59.444444 acc labeled target 54.722222
saving model...
S real T sketch Train Ep: 2600 lr0.008408568977653933 	 Loss Classification: 0.952164 Loss T 0.122369 Method MME

S real T sketch Train Ep: 2700 lr0.00835886303827305 	 Loss Classification: 0.853176 Loss T 0.123950 Method MME

S real T sketch Train Ep: 2800 lr0.008309837338976545 	 Loss Classification: 0.154636 Loss T 0.136187 Method MME

S real T sketch Train Ep: 2900 lr0.008261477364388068 	 Loss Classification: 0.465772 Loss T 0.087823 Method MME

S real T sketch Train Ep: 3000 lr0.008213769018249545 	 Loss Classification: 0.465379 Loss T 0.077672 Method MME


Test set: Average loss: 2.1842, Accuracy: 13879/23808 F1 (58.2955%)


Val set: Average loss: 2.0029, Accuracy: 219/360 F1 (60.8333%)


Labeled Target set: Average loss: 2.2281, Accuracy: 591/1080 F1 (54.7222%)

best acc test 58.295531  acc val 60.833333 acc labeled target 54.722222
saving model...
S real T sketch Train Ep: 3100 lr0.008166698608209509 	 Loss Classification: 0.611974 Loss T 0.128093 Method MME

S real T sketch Train Ep: 3200 lr0.008120252831274708 	 Loss Classification: 0.518319 Loss T 0.102973 Method MME

S real T sketch Train Ep: 3300 lr0.008074418759891278 	 Loss Classification: 0.684550 Loss T 0.077663 Method MME

S real T sketch Train Ep: 3400 lr0.008029183828623731 	 Loss Classification: 0.687926 Loss T 0.076061 Method MME

S real T sketch Train Ep: 3500 lr0.007984535821401871 	 Loss Classification: 0.241401 Loss T 0.103529 Method MME


Test set: Average loss: 2.1416, Accuracy: 14208/23808 F1 (59.6774%)


Val set: Average loss: 1.8335, Accuracy: 220/360 F1 (61.1111%)


Labeled Target set: Average loss: 2.1391, Accuracy: 617/1080 F1 (57.1296%)

best acc test 59.677419  acc val 61.111111 acc labeled target 57.129630
saving model...
S real T sketch Train Ep: 3600 lr0.007940462859307384 	 Loss Classification: 0.343990 Loss T 0.088574 Method MME

S real T sketch Train Ep: 3700 lr0.007896953388873518 	 Loss Classification: 0.091826 Loss T 0.097735 Method MME

S real T sketch Train Ep: 3800 lr0.007853996170872714 	 Loss Classification: 0.397800 Loss T 0.085608 Method MME

S real T sketch Train Ep: 3900 lr0.00781158026956848 	 Loss Classification: 0.539906 Loss T 0.076324 Method MME

S real T sketch Train Ep: 4000 lr0.007769695042409123 	 Loss Classification: 0.491444 Loss T 0.055873 Method MME


Test set: Average loss: 2.0671, Accuracy: 14559/23808 F1 (61.1517%)


Val set: Average loss: 1.8978, Accuracy: 219/360 F1 (60.8333%)


Labeled Target set: Average loss: 2.0749, Accuracy: 615/1080 F1 (56.9444%)

best acc test 59.677419  acc val 60.833333 acc labeled target 56.944444
saving model...
S real T sketch Train Ep: 4100 lr0.007728330130142108 	 Loss Classification: 0.571792 Loss T 0.068039 Method MME

S real T sketch Train Ep: 4200 lr0.007687475447329114 	 Loss Classification: 0.330767 Loss T 0.079037 Method MME

S real T sketch Train Ep: 4300 lr0.0076471211732427845 	 Loss Classification: 0.629196 Loss T 0.079904 Method MME

S real T sketch Train Ep: 4400 lr0.007607257743127307 	 Loss Classification: 0.353179 Loss T 0.079843 Method MME

S real T sketch Train Ep: 4500 lr0.007567875839805858 	 Loss Classification: 0.384415 Loss T 0.090141 Method MME


Test set: Average loss: 2.0682, Accuracy: 14624/23808 F1 (61.4247%)


Val set: Average loss: 1.9180, Accuracy: 223/360 F1 (61.9444%)


Labeled Target set: Average loss: 2.0290, Accuracy: 647/1080 F1 (59.9074%)

best acc test 61.424731  acc val 61.944444 acc labeled target 59.907407
saving model...
S real T sketch Train Ep: 4600 lr0.007528966385618854 	 Loss Classification: 0.267507 Loss T 0.076104 Method MME

S real T sketch Train Ep: 4700 lr0.007490520534677821 	 Loss Classification: 0.539715 Loss T 0.081547 Method MME

S real T sketch Train Ep: 4800 lr0.007452529665420465 	 Loss Classification: 0.215181 Loss T 0.075007 Method MME

S real T sketch Train Ep: 4900 lr0.007414985373453289 	 Loss Classification: 0.875035 Loss T 0.100432 Method MME

S real T sketch Train Ep: 5000 lr0.007377879464668811 	 Loss Classification: 0.470358 Loss T 0.083305 Method MME


Test set: Average loss: 2.1421, Accuracy: 14526/23808 F1 (61.0131%)


Val set: Average loss: 2.0043, Accuracy: 216/360 F1 (60.0000%)


Labeled Target set: Average loss: 2.2001, Accuracy: 609/1080 F1 (56.3889%)

best acc test 61.424731  acc val 60.000000 acc labeled target 56.388889
saving model...
S real T sketch Train Ep: 5100 lr0.007341203948625087 	 Loss Classification: 0.343313 Loss T 0.070607 Method MME

S real T sketch Train Ep: 5200 lr0.007304951032175895 	 Loss Classification: 0.264097 Loss T 0.083594 Method MME

S real T sketch Train Ep: 5300 lr0.007269113113340497 	 Loss Classification: 0.978122 Loss T 0.083180 Method MME

S real T sketch Train Ep: 5400 lr0.007233682775402483 	 Loss Classification: 0.559914 Loss T 0.070715 Method MME

S real T sketch Train Ep: 5500 lr0.007198652781227704 	 Loss Classification: 0.715295 Loss T 0.079046 Method MME


Test set: Average loss: 2.1325, Accuracy: 14604/23808 F1 (61.3407%)


Val set: Average loss: 1.8067, Accuracy: 227/360 F1 (63.0556%)


Labeled Target set: Average loss: 2.0852, Accuracy: 647/1080 F1 (59.9074%)

best acc test 61.340726  acc val 63.055556 acc labeled target 59.907407
saving model...
S real T sketch Train Ep: 5600 lr0.007164016067791809 	 Loss Classification: 0.570383 Loss T 0.066840 Method MME

S real T sketch Train Ep: 5700 lr0.0071297657409083726 	 Loss Classification: 0.367338 Loss T 0.061753 Method MME

S real T sketch Train Ep: 5800 lr0.0070958950701490225 	 Loss Classification: 0.761000 Loss T 0.075538 Method MME

S real T sketch Train Ep: 5900 lr0.007062397483947426 	 Loss Classification: 0.575195 Loss T 0.068602 Method MME

S real T sketch Train Ep: 6000 lr0.007029266564879363 	 Loss Classification: 0.271944 Loss T 0.080943 Method MME


Test set: Average loss: 2.1867, Accuracy: 14567/23808 F1 (61.1853%)


Val set: Average loss: 2.0518, Accuracy: 214/360 F1 (59.4444%)


Labeled Target set: Average loss: 2.2051, Accuracy: 617/1080 F1 (57.1296%)

best acc test 61.340726  acc val 59.444444 acc labeled target 57.129630
saving model...
S real T sketch Train Ep: 6100 lr0.006996496045111504 	 Loss Classification: 0.489531 Loss T 0.089709 Method MME

S real T sketch Train Ep: 6200 lr0.00696407980201184 	 Loss Classification: 0.117539 Loss T 0.064809 Method MME

S real T sketch Train Ep: 6300 lr0.006932011853915101 	 Loss Classification: 0.408827 Loss T 0.047075 Method MME

S real T sketch Train Ep: 6400 lr0.006900286356036734 	 Loss Classification: 0.091022 Loss T 0.054407 Method MME

S real T sketch Train Ep: 6500 lr0.006868897596529406 	 Loss Classification: 0.190416 Loss T 0.066574 Method MME


Test set: Average loss: 2.2567, Accuracy: 14606/23808 F1 (61.3491%)


Val set: Average loss: 2.1971, Accuracy: 215/360 F1 (59.7222%)


Labeled Target set: Average loss: 2.3323, Accuracy: 612/1080 F1 (56.6667%)

best acc test 61.340726  acc val 59.722222 acc labeled target 56.666667
saving model...
S real T sketch Train Ep: 6600 lr0.006837839992676177 	 Loss Classification: 0.458230 Loss T 0.079347 Method MME

S real T sketch Train Ep: 6700 lr0.006807108087214876 	 Loss Classification: 0.350129 Loss T 0.056844 Method MME

S real T sketch Train Ep: 6800 lr0.006776696544788352 	 Loss Classification: 0.501208 Loss T 0.048555 Method MME

S real T sketch Train Ep: 6900 lr0.006746600148515609 	 Loss Classification: 0.561920 Loss T 0.075219 Method MME

S real T sketch Train Ep: 7000 lr0.006716813796678979 	 Loss Classification: 0.466104 Loss T 0.070691 Method MME


Test set: Average loss: 2.2544, Accuracy: 14442/23808 F1 (60.6603%)


Val set: Average loss: 2.0232, Accuracy: 206/360 F1 (57.2222%)


Labeled Target set: Average loss: 2.1443, Accuracy: 620/1080 F1 (57.4074%)

best acc test 61.340726  acc val 57.222222 acc labeled target 57.407407
saving model...
S real T sketch Train Ep: 7100 lr0.006687332499522798 	 Loss Classification: 0.422690 Loss T 0.083358 Method MME

S real T sketch Train Ep: 7200 lr0.006658151376159165 	 Loss Classification: 0.538480 Loss T 0.061732 Method MME

S real T sketch Train Ep: 7300 lr0.00662926565157663 	 Loss Classification: 0.687462 Loss T 0.074372 Method MME

S real T sketch Train Ep: 7400 lr0.006600670653747793 	 Loss Classification: 0.076176 Loss T 0.081858 Method MME

S real T sketch Train Ep: 7500 lr0.0065723618108320175 	 Loss Classification: 0.189587 Loss T 0.055958 Method MME


Test set: Average loss: 2.3138, Accuracy: 14450/23808 F1 (60.6939%)


Val set: Average loss: 2.1578, Accuracy: 210/360 F1 (58.3333%)


Labeled Target set: Average loss: 2.2735, Accuracy: 618/1080 F1 (57.2222%)

best acc test 61.340726  acc val 58.333333 acc labeled target 57.222222
saving model...
S real T sketch Train Ep: 7600 lr0.006544334648469591 	 Loss Classification: 0.574401 Loss T 0.055929 Method MME

S real T sketch Train Ep: 7700 lr0.006516584787163857 	 Loss Classification: 0.404918 Loss T 0.058947 Method MME

S real T sketch Train Ep: 7800 lr0.006489107939747966 	 Loss Classification: 0.254286 Loss T 0.064652 Method MME

S real T sketch Train Ep: 7900 lr0.0064618999089330565 	 Loss Classification: 0.390955 Loss T 0.082737 Method MME

S real T sketch Train Ep: 8000 lr0.006434956584934828 	 Loss Classification: 0.355561 Loss T 0.053759 Method MME


Test set: Average loss: 2.3625, Accuracy: 14474/23808 F1 (60.7947%)


Val set: Average loss: 2.1367, Accuracy: 208/360 F1 (57.7778%)


Labeled Target set: Average loss: 2.2260, Accuracy: 627/1080 F1 (58.0556%)

best acc test 61.340726  acc val 57.777778 acc labeled target 58.055556
saving model...
S real T sketch Train Ep: 8100 lr0.006408273943175546 	 Loss Classification: 0.124069 Loss T 0.043787 Method MME

S real T sketch Train Ep: 8200 lr0.006381848042058713 	 Loss Classification: 0.440220 Loss T 0.051831 Method MME

S real T sketch Train Ep: 8300 lr0.0063556750208137005 	 Loss Classification: 0.703755 Loss T 0.069329 Method MME

S real T sketch Train Ep: 8400 lr0.006329751097407787 	 Loss Classification: 0.943188 Loss T 0.049951 Method MME

S real T sketch Train Ep: 8500 lr0.0063040725665231365 	 Loss Classification: 0.371833 Loss T 0.067235 Method MME


Test set: Average loss: 2.2466, Accuracy: 14715/23808 F1 (61.8070%)


Val set: Average loss: 1.9966, Accuracy: 223/360 F1 (61.9444%)


Labeled Target set: Average loss: 2.2209, Accuracy: 637/1080 F1 (58.9815%)

