Dataset multi Source real Target sketch Labeled num perclass 3 Network resnet34
126 classes in this dataset
23826
Bank keys - Target:  dict_keys(['feat_vec', 'labels', 'names']) Source:  dict_keys(['feat_vec', 'labels', 'names'])
Num  - Target:  23826 Source:  70358
S real T sketch Train Ep: 0 lr0.01 	 Loss Classification: 4.916779 Loss T 0.471932 Method MME

S real T sketch Train Ep: 100 lr0.009925650290240803 	 Loss Classification: 1.041807 Loss T 0.286425 Method MME

S real T sketch Train Ep: 200 lr0.009852577760521605 	 Loss Classification: 0.581160 Loss T 0.248538 Method MME

S real T sketch Train Ep: 300 lr0.009780748269686728 	 Loss Classification: 0.400358 Loss T 0.194288 Method MME

S real T sketch Train Ep: 400 lr0.009710128909124701 	 Loss Classification: 0.402934 Loss T 0.216991 Method MME

S real T sketch Train Ep: 500 lr0.00964068794694323 	 Loss Classification: 0.323827 Loss T 0.171398 Method MME


Test set: Average loss: 2.0771, Accuracy: 12802/23808 F1 (54%)


Test set: Average loss: 1.8092, Accuracy: 198/360 F1 (55%)

best acc test 53.771841 best acc val 55.000000
saving model...
S real T sketch Train Ep: 600 lr0.00957239477517603 	 Loss Classification: 0.207127 Loss T 0.169978 Method MME

S real T sketch Train Ep: 700 lr0.009505219859830012 	 Loss Classification: 0.203924 Loss T 0.177887 Method MME

S real T sketch Train Ep: 800 lr0.009439134693595126 	 Loss Classification: 0.264082 Loss T 0.146178 Method MME

S real T sketch Train Ep: 900 lr0.009374111751051751 	 Loss Classification: 0.463804 Loss T 0.146665 Method MME

S real T sketch Train Ep: 1000 lr0.009310124446222227 	 Loss Classification: 0.478997 Loss T 0.118755 Method MME


Test set: Average loss: 1.9822, Accuracy: 13838/23808 F1 (58%)


Test set: Average loss: 1.6361, Accuracy: 226/360 F1 (63%)

best acc test 58.123320 best acc val 62.777778
saving model...
S real T sketch Train Ep: 1100 lr0.00924714709232377 	 Loss Classification: 0.270976 Loss T 0.161344 Method MME

S real T sketch Train Ep: 1200 lr0.009185154863590003 	 Loss Classification: 0.453358 Loss T 0.135857 Method MME

S real T sketch Train Ep: 1300 lr0.00912412375903735 	 Loss Classification: 0.424393 Loss T 0.106188 Method MME

S real T sketch Train Ep: 1400 lr0.009064030568061049 	 Loss Classification: 0.413131 Loss T 0.120450 Method MME

S real T sketch Train Ep: 1500 lr0.009004852837753237 	 Loss Classification: 0.188011 Loss T 0.146156 Method MME


Test set: Average loss: 1.8890, Accuracy: 14265/23808 F1 (60%)


Test set: Average loss: 1.5854, Accuracy: 231/360 F1 (64%)

best acc test 59.916835 best acc val 64.166667
saving model...
S real T sketch Train Ep: 1600 lr0.008946568841842816 	 Loss Classification: 0.647438 Loss T 0.083536 Method MME

S real T sketch Train Ep: 1700 lr0.008889157551163433 	 Loss Classification: 0.208185 Loss T 0.118840 Method MME

S real T sketch Train Ep: 1800 lr0.008832598605562044 	 Loss Classification: 0.624479 Loss T 0.119699 Method MME

S real T sketch Train Ep: 1900 lr0.008776872287166303 	 Loss Classification: 0.346859 Loss T 0.088243 Method MME

S real T sketch Train Ep: 2000 lr0.008721959494934213 	 Loss Classification: 0.196142 Loss T 0.102486 Method MME


Test set: Average loss: 1.8352, Accuracy: 14787/23808 F1 (62%)


Test set: Average loss: 1.5253, Accuracy: 229/360 F1 (64%)

best acc test 59.916835 best acc val 63.611111
saving model...
S real T sketch Train Ep: 2100 lr0.008667841720414475 	 Loss Classification: 0.318031 Loss T 0.123224 Method MME

S real T sketch Train Ep: 2200 lr0.008614501024650454 	 Loss Classification: 0.221759 Loss T 0.124753 Method MME

S real T sketch Train Ep: 2300 lr0.008561920016164943 	 Loss Classification: 0.392217 Loss T 0.111686 Method MME

S real T sketch Train Ep: 2400 lr0.008510081829966844 	 Loss Classification: 0.243395 Loss T 0.148328 Method MME

S real T sketch Train Ep: 2500 lr0.008458970107524513 	 Loss Classification: 0.606662 Loss T 0.115196 Method MME


Test set: Average loss: 1.8219, Accuracy: 15013/23808 F1 (63%)


Test set: Average loss: 1.5985, Accuracy: 224/360 F1 (62%)

best acc test 59.916835 best acc val 62.222222
saving model...
S real T sketch Train Ep: 2600 lr0.008408568977653933 	 Loss Classification: 0.233094 Loss T 0.122001 Method MME

S real T sketch Train Ep: 2700 lr0.00835886303827305 	 Loss Classification: 0.228896 Loss T 0.112148 Method MME

S real T sketch Train Ep: 2800 lr0.008309837338976545 	 Loss Classification: 0.456624 Loss T 0.132934 Method MME

S real T sketch Train Ep: 2900 lr0.008261477364388068 	 Loss Classification: 0.328360 Loss T 0.113688 Method MME

S real T sketch Train Ep: 3000 lr0.008213769018249545 	 Loss Classification: 0.677564 Loss T 0.091221 Method MME


Test set: Average loss: 1.8326, Accuracy: 15103/23808 F1 (63%)


Test set: Average loss: 1.5694, Accuracy: 241/360 F1 (67%)

best acc test 63.436660 best acc val 66.944444
saving model...
S real T sketch Train Ep: 3100 lr0.008166698608209509 	 Loss Classification: 0.240302 Loss T 0.097160 Method MME

S real T sketch Train Ep: 3200 lr0.008120252831274708 	 Loss Classification: 0.551090 Loss T 0.079845 Method MME

S real T sketch Train Ep: 3300 lr0.008074418759891278 	 Loss Classification: 0.389993 Loss T 0.106953 Method MME

S real T sketch Train Ep: 3400 lr0.008029183828623731 	 Loss Classification: 0.413461 Loss T 0.072677 Method MME

S real T sketch Train Ep: 3500 lr0.007984535821401871 	 Loss Classification: 0.386244 Loss T 0.103731 Method MME


Test set: Average loss: 1.9193, Accuracy: 14935/23808 F1 (63%)


Test set: Average loss: 1.7437, Accuracy: 236/360 F1 (66%)

best acc test 63.436660 best acc val 65.555556
saving model...
