Dataset multi Source real Target sketch Labeled num perclass 3 Network resnet34
126 classes in this dataset
23826
Bank keys - Target:  dict_keys(['feat_vec', 'labels', 'names']) Source:  dict_keys(['feat_vec', 'labels', 'names'])
Num  - Target:  23826 Source:  70358
S real T sketch Train Ep: 0 lr0.01 	 Loss Classification: 4.927785 Loss T 0.470337 Method MME

S real T sketch Train Ep: 100 lr0.009925650290240803 	 Loss Classification: 0.929202 Loss T 0.309158 Method MME

S real T sketch Train Ep: 200 lr0.009852577760521605 	 Loss Classification: 0.672038 Loss T 0.192890 Method MME

S real T sketch Train Ep: 300 lr0.009780748269686728 	 Loss Classification: 0.538205 Loss T 0.207411 Method MME

S real T sketch Train Ep: 400 lr0.009710128909124701 	 Loss Classification: 0.207497 Loss T 0.178328 Method MME

S real T sketch Train Ep: 500 lr0.00964068794694323 	 Loss Classification: 0.532553 Loss T 0.156072 Method MME


Test set: Average loss: 2.0393, Accuracy: 12819/23808 F1 (54%)


Test set: Average loss: 1.8822, Accuracy: 198/360 F1 (55%)

best acc test 53.843246 best acc val 55.000000
saving model...
S real T sketch Train Ep: 600 lr0.00957239477517603 	 Loss Classification: 0.429122 Loss T 0.170678 Method MME

S real T sketch Train Ep: 700 lr0.009505219859830012 	 Loss Classification: 0.462428 Loss T 0.168308 Method MME

S real T sketch Train Ep: 800 lr0.009439134693595126 	 Loss Classification: 0.326507 Loss T 0.162512 Method MME

S real T sketch Train Ep: 900 lr0.009374111751051751 	 Loss Classification: 0.405227 Loss T 0.157009 Method MME

S real T sketch Train Ep: 1000 lr0.009310124446222227 	 Loss Classification: 0.236811 Loss T 0.142716 Method MME


Test set: Average loss: 1.8474, Accuracy: 14078/23808 F1 (59%)


Test set: Average loss: 1.6699, Accuracy: 225/360 F1 (62%)

best acc test 59.131384 best acc val 62.500000
saving model...
S real T sketch Train Ep: 1100 lr0.00924714709232377 	 Loss Classification: 0.448863 Loss T 0.136097 Method MME

S real T sketch Train Ep: 1200 lr0.009185154863590003 	 Loss Classification: 0.348564 Loss T 0.122998 Method MME

