Dataset multi Source real Target sketch Labeled num perclass 3 Network resnet34
126 classes in this dataset
23826
Bank keys - Target:  dict_keys(['feat_vec', 'labels', 'names']) Source:  dict_keys(['feat_vec', 'labels', 'names'])
Num  - Target:  23826 Source:  70358
S real T sketch Train Ep: 0 lr0.01 	 Loss Classification: 4.995110 Loss T 0.471218 Method MME

S real T sketch Train Ep: 100 lr0.009925650290240803 	 Loss Classification: 0.773760 Loss T 0.297484 Method MME

S real T sketch Train Ep: 200 lr0.009852577760521605 	 Loss Classification: 0.492074 Loss T 0.225372 Method MME

S real T sketch Train Ep: 300 lr0.009780748269686728 	 Loss Classification: 0.415486 Loss T 0.186538 Method MME

S real T sketch Train Ep: 400 lr0.009710128909124701 	 Loss Classification: 0.744714 Loss T 0.171086 Method MME

S real T sketch Train Ep: 500 lr0.00964068794694323 	 Loss Classification: 0.410234 Loss T 0.177639 Method MME


Test set: Average loss: 2.0660, Accuracy: 12715/23808 F1 (53%)


Test set: Average loss: 1.7942, Accuracy: 200/360 F1 (56%)

best acc test 53.406418 best acc val 55.555556
saving model...
S real T sketch Train Ep: 600 lr0.00957239477517603 	 Loss Classification: 0.323833 Loss T 0.175590 Method MME

S real T sketch Train Ep: 700 lr0.009505219859830012 	 Loss Classification: 0.344877 Loss T 0.159338 Method MME

S real T sketch Train Ep: 800 lr0.009439134693595126 	 Loss Classification: 0.341903 Loss T 0.172175 Method MME

S real T sketch Train Ep: 900 lr0.009374111751051751 	 Loss Classification: 0.284001 Loss T 0.151043 Method MME

S real T sketch Train Ep: 1000 lr0.009310124446222227 	 Loss Classification: 0.606916 Loss T 0.163170 Method MME


Test set: Average loss: 1.9480, Accuracy: 13824/23808 F1 (58%)


Test set: Average loss: 1.7378, Accuracy: 212/360 F1 (59%)

best acc test 58.064516 best acc val 58.888889
saving model...
S real T sketch Train Ep: 1100 lr0.00924714709232377 	 Loss Classification: 0.326680 Loss T 0.175253 Method MME

S real T sketch Train Ep: 1200 lr0.009185154863590003 	 Loss Classification: 0.259314 Loss T 0.132652 Method MME

