Dataset multi Source real Target sketch Labeled num perclass 3 Network resnet34
126 classes in this dataset
23826
Bank keys - Target:  dict_keys(['feat_vec', 'labels', 'names']) Source:  dict_keys(['feat_vec', 'labels', 'names'])
Num  - Target:  23826 Source:  70358
S real T sketch Train Ep: 0 lr0.01 	 Loss Classification: 5.036796 Loss T 0.469719 Method MME

S real T sketch Train Ep: 100 lr0.009925650290240803 	 Loss Classification: 0.847145 Loss T 0.286416 Method MME

S real T sketch Train Ep: 200 lr0.009852577760521605 	 Loss Classification: 0.491697 Loss T 0.218687 Method MME

S real T sketch Train Ep: 300 lr0.009780748269686728 	 Loss Classification: 0.311571 Loss T 0.212276 Method MME

S real T sketch Train Ep: 400 lr0.009710128909124701 	 Loss Classification: 0.467133 Loss T 0.171987 Method MME

S real T sketch Train Ep: 500 lr0.00964068794694323 	 Loss Classification: 0.472520 Loss T 0.194352 Method MME


Test set: Average loss: 2.1330, Accuracy: 12619/23808 F1 (53%)


Test set: Average loss: 1.9680, Accuracy: 188/360 F1 (52%)

best acc test 53.003192 best acc val 52.222222
saving model...
S real T sketch Train Ep: 600 lr0.00957239477517603 	 Loss Classification: 0.316840 Loss T 0.164980 Method MME

S real T sketch Train Ep: 700 lr0.009505219859830012 	 Loss Classification: 0.540066 Loss T 0.141226 Method MME

S real T sketch Train Ep: 800 lr0.009439134693595126 	 Loss Classification: 0.451209 Loss T 0.154425 Method MME

S real T sketch Train Ep: 900 lr0.009374111751051751 	 Loss Classification: 0.444135 Loss T 0.143769 Method MME

S real T sketch Train Ep: 1000 lr0.009310124446222227 	 Loss Classification: 0.271070 Loss T 0.157790 Method MME


Test set: Average loss: 1.9453, Accuracy: 13704/23808 F1 (58%)


Test set: Average loss: 1.7348, Accuracy: 218/360 F1 (61%)

best acc test 57.560484 best acc val 60.555556
saving model...
S real T sketch Train Ep: 1100 lr0.00924714709232377 	 Loss Classification: 0.395892 Loss T 0.150703 Method MME

S real T sketch Train Ep: 1200 lr0.009185154863590003 	 Loss Classification: 0.714201 Loss T 0.149758 Method MME

S real T sketch Train Ep: 1300 lr0.00912412375903735 	 Loss Classification: 0.486019 Loss T 0.144432 Method MME

S real T sketch Train Ep: 1400 lr0.009064030568061049 	 Loss Classification: 0.540427 Loss T 0.122964 Method MME

S real T sketch Train Ep: 1500 lr0.009004852837753237 	 Loss Classification: 0.059833 Loss T 0.135136 Method MME


Test set: Average loss: 1.8721, Accuracy: 14423/23808 F1 (61%)


Test set: Average loss: 1.5602, Accuracy: 237/360 F1 (66%)

best acc test 60.580477 best acc val 65.833333
saving model...
S real T sketch Train Ep: 1600 lr0.008946568841842816 	 Loss Classification: 0.357547 Loss T 0.136511 Method MME

S real T sketch Train Ep: 1700 lr0.008889157551163433 	 Loss Classification: 0.268299 Loss T 0.167622 Method MME

S real T sketch Train Ep: 1800 lr0.008832598605562044 	 Loss Classification: 0.254951 Loss T 0.146452 Method MME

S real T sketch Train Ep: 1900 lr0.008776872287166303 	 Loss Classification: 0.427161 Loss T 0.135871 Method MME

S real T sketch Train Ep: 2000 lr0.008721959494934213 	 Loss Classification: 0.204679 Loss T 0.114113 Method MME


Test set: Average loss: 1.7855, Accuracy: 14921/23808 F1 (63%)


Test set: Average loss: 1.5564, Accuracy: 233/360 F1 (65%)

best acc test 60.580477 best acc val 64.722222
saving model...
S real T sketch Train Ep: 2100 lr0.008667841720414475 	 Loss Classification: 0.341560 Loss T 0.112612 Method MME

S real T sketch Train Ep: 2200 lr0.008614501024650454 	 Loss Classification: 0.254977 Loss T 0.124518 Method MME

S real T sketch Train Ep: 2300 lr0.008561920016164943 	 Loss Classification: 0.853144 Loss T 0.124011 Method MME

S real T sketch Train Ep: 2400 lr0.008510081829966844 	 Loss Classification: 0.268451 Loss T 0.127015 Method MME

S real T sketch Train Ep: 2500 lr0.008458970107524513 	 Loss Classification: 0.338187 Loss T 0.117474 Method MME


Test set: Average loss: 1.7794, Accuracy: 15184/23808 F1 (64%)


Test set: Average loss: 1.6125, Accuracy: 234/360 F1 (65%)

best acc test 60.580477 best acc val 65.000000
saving model...
S real T sketch Train Ep: 2600 lr0.008408568977653933 	 Loss Classification: 0.627112 Loss T 0.073744 Method MME

S real T sketch Train Ep: 2700 lr0.00835886303827305 	 Loss Classification: 0.579542 Loss T 0.102233 Method MME

S real T sketch Train Ep: 2800 lr0.008309837338976545 	 Loss Classification: 0.632268 Loss T 0.137401 Method MME

S real T sketch Train Ep: 2900 lr0.008261477364388068 	 Loss Classification: 0.412090 Loss T 0.113110 Method MME

S real T sketch Train Ep: 3000 lr0.008213769018249545 	 Loss Classification: 0.927087 Loss T 0.110522 Method MME


Test set: Average loss: 2.3606, Accuracy: 13161/23808 F1 (55%)


Test set: Average loss: 2.3309, Accuracy: 180/360 F1 (50%)

best acc test 60.580477 best acc val 50.000000
saving model...
S real T sketch Train Ep: 3100 lr0.008166698608209509 	 Loss Classification: 0.450439 Loss T 0.070761 Method MME

S real T sketch Train Ep: 3200 lr0.008120252831274708 	 Loss Classification: 0.417792 Loss T 0.080459 Method MME

