Dataset multi Source real Target sketch Labeled num perclass 3 Network resnet34
126 classes in this dataset
23826
Bank keys - Target:  dict_keys(['feat_vec', 'labels', 'names']) Source:  dict_keys(['feat_vec', 'labels', 'names'])
Num  - Target:  23826 Source:  70358
Matching are:  0.0
S real T sketch Train Ep: 0 lr0.01 	 Loss Classification: 5.017832 Loss T 0.471132 Method MME

tensor(0, device='cuda:0')
tensor(0, device='cuda:0')
tensor(0, device='cuda:0')
tensor(0, device='cuda:0')
tensor(0, device='cuda:0')
tensor(0, device='cuda:0')
tensor(0, device='cuda:0')
tensor(0, device='cuda:0')
tensor(0, device='cuda:0')
tensor(0, device='cuda:0')
tensor(0, device='cuda:0')
tensor(0, device='cuda:0')
tensor(0, device='cuda:0')
tensor(0, device='cuda:0')
tensor(0, device='cuda:0')
tensor(0, device='cuda:0')
tensor(0, device='cuda:0')
tensor(0, device='cuda:0')
tensor(0, device='cuda:0')
tensor(0, device='cuda:0')
tensor(0, device='cuda:0')
tensor(0, device='cuda:0')
tensor(0, device='cuda:0')
tensor(0, device='cuda:0')
tensor(0, device='cuda:0')
tensor(0, device='cuda:0')
tensor(0, device='cuda:0')
tensor(0, device='cuda:0')
tensor(0, device='cuda:0')
tensor(0, device='cuda:0')
tensor(0, device='cuda:0')
tensor(0, device='cuda:0')
tensor(0, device='cuda:0')
tensor(0, device='cuda:0')
tensor(0, device='cuda:0')
tensor(0, device='cuda:0')
tensor(0, device='cuda:0')
tensor(0, device='cuda:0')
tensor(0, device='cuda:0')
tensor(0, device='cuda:0')
tensor(0, device='cuda:0')
tensor(0, device='cuda:0')
tensor(0, device='cuda:0')
tensor(0, device='cuda:0')
tensor(0, device='cuda:0')
tensor(0, device='cuda:0')
tensor(0, device='cuda:0')
tensor(0, device='cuda:0')
tensor(0, device='cuda:0')
tensor(0, device='cuda:0')
tensor(0, device='cuda:0')
tensor(0, device='cuda:0')
tensor(0, device='cuda:0')
tensor(0, device='cuda:0')
tensor(0, device='cuda:0')
tensor(0, device='cuda:0')
Uncertain Example Loss:  0.14818286895751953
tensor(1, device='cuda:0')
tensor(1, device='cuda:0')
tensor(1, device='cuda:0')
tensor(1, device='cuda:0')
tensor(1, device='cuda:0')
Uncertain Example Loss:  0.3881911635398865
tensor(2, device='cuda:0')
Uncertain Example Loss:  2.0167553424835205
tensor(4, device='cuda:0')
tensor(4, device='cuda:0')
Uncertain Example Loss:  0.11549929529428482
tensor(4, device='cuda:0')
Uncertain Example Loss:  0.1774185448884964
tensor(5, device='cuda:0')
tensor(5, device='cuda:0')
Uncertain Example Loss:  0.3083654046058655
tensor(6, device='cuda:0')
tensor(6, device='cuda:0')
Uncertain Example Loss:  0.04450531303882599
tensor(6, device='cuda:0')
Uncertain Example Loss:  0.5010279417037964
tensor(7, device='cuda:0')
Uncertain Example Loss:  0.38892436027526855
tensor(7, device='cuda:0')
Uncertain Example Loss:  1.183302640914917
tensor(7, device='cuda:0')
Uncertain Example Loss:  0.46825018525123596
tensor(7, device='cuda:0')
Uncertain Example Loss:  0.944109320640564
tensor(7, device='cuda:0')
Uncertain Example Loss:  1.1021313667297363
tensor(7, device='cuda:0')
Uncertain Example Loss:  0.6183199286460876
tensor(7, device='cuda:0')
tensor(7, device='cuda:0')
tensor(7, device='cuda:0')
tensor(7, device='cuda:0')
tensor(7, device='cuda:0')
tensor(7, device='cuda:0')
Uncertain Example Loss:  0.2298978865146637
tensor(8, device='cuda:0')
Uncertain Example Loss:  0.06939997524023056
tensor(9, device='cuda:0')
tensor(9, device='cuda:0')
Uncertain Example Loss:  1.9181149005889893
tensor(9, device='cuda:0')
Uncertain Example Loss:  0.2597237229347229
tensor(9, device='cuda:0')
Uncertain Example Loss:  0.2002561241388321
tensor(9, device='cuda:0')
Uncertain Example Loss:  2.7965192794799805
tensor(9, device='cuda:0')
Uncertain Example Loss:  0.04564008116722107
tensor(9, device='cuda:0')
Uncertain Example Loss:  0.5346075296401978
tensor(9, device='cuda:0')
tensor(9, device='cuda:0')
tensor(9, device='cuda:0')
tensor(9, device='cuda:0')
tensor(9, device='cuda:0')
tensor(9, device='cuda:0')
tensor(9, device='cuda:0')
tensor(9, device='cuda:0')
tensor(9, device='cuda:0')
tensor(9, device='cuda:0')
S real T sketch Train Ep: 100 lr0.009925650290240803 	 Loss Classification: 1.645773 Loss T 0.311526 Method MME

Uncertain Example Loss:  0.721971869468689
tensor(9, device='cuda:0')
Uncertain Example Loss:  1.2602344751358032
tensor(9, device='cuda:0')
tensor(9, device='cuda:0')
Uncertain Example Loss:  1.2525593042373657
tensor(10, device='cuda:0')
Uncertain Example Loss:  2.5198185443878174
tensor(10, device='cuda:0')
Uncertain Example Loss:  1.4544191360473633
tensor(11, device='cuda:0')
Uncertain Example Loss:  0.8276926875114441
tensor(12, device='cuda:0')
tensor(12, device='cuda:0')
tensor(12, device='cuda:0')
tensor(12, device='cuda:0')
tensor(12, device='cuda:0')
tensor(12, device='cuda:0')
tensor(12, device='cuda:0')
tensor(12, device='cuda:0')
tensor(12, device='cuda:0')
tensor(12, device='cuda:0')
tensor(12, device='cuda:0')
Uncertain Example Loss:  1.0696877241134644
tensor(13, device='cuda:0')
Uncertain Example Loss:  0.5649311542510986
tensor(13, device='cuda:0')
Uncertain Example Loss:  0.49586600065231323
tensor(13, device='cuda:0')
Uncertain Example Loss:  0.5725495219230652
tensor(13, device='cuda:0')
Uncertain Example Loss:  1.9438316822052002
tensor(16, device='cuda:0')
Uncertain Example Loss:  2.209625244140625
tensor(19, device='cuda:0')
Uncertain Example Loss:  0.4236066937446594
tensor(19, device='cuda:0')
Uncertain Example Loss:  1.6772723197937012
tensor(20, device='cuda:0')
Uncertain Example Loss:  0.07126560807228088
tensor(20, device='cuda:0')
Uncertain Example Loss:  0.7494491934776306
tensor(20, device='cuda:0')
Uncertain Example Loss:  1.1808184385299683
tensor(21, device='cuda:0')
Uncertain Example Loss:  0.5472384095191956
tensor(22, device='cuda:0')
Uncertain Example Loss:  0.8128048181533813
tensor(27, device='cuda:0')
Uncertain Example Loss:  0.7960465550422668
tensor(27, device='cuda:0')
Uncertain Example Loss:  0.4410429894924164
tensor(27, device='cuda:0')
Uncertain Example Loss:  0.7831874489784241
tensor(27, device='cuda:0')
Uncertain Example Loss:  0.610488772392273
tensor(27, device='cuda:0')
Uncertain Example Loss:  0.5768160223960876
tensor(27, device='cuda:0')
Uncertain Example Loss:  0.5516432523727417
tensor(27, device='cuda:0')
Uncertain Example Loss:  0.5628722310066223
tensor(27, device='cuda:0')
Uncertain Example Loss:  0.4077783524990082
tensor(29, device='cuda:0')
Uncertain Example Loss:  0.7005084753036499
tensor(31, device='cuda:0')
Uncertain Example Loss:  0.4225498139858246
tensor(32, device='cuda:0')
Uncertain Example Loss:  0.43310126662254333
tensor(33, device='cuda:0')
Uncertain Example Loss:  0.7307687997817993
tensor(35, device='cuda:0')
Uncertain Example Loss:  0.40416210889816284
tensor(36, device='cuda:0')
Uncertain Example Loss:  1.3287197351455688
tensor(36, device='cuda:0')
Uncertain Example Loss:  0.4451540410518646
tensor(37, device='cuda:0')
Uncertain Example Loss:  0.5832250118255615
tensor(38, device='cuda:0')
Uncertain Example Loss:  0.36744800209999084
tensor(40, device='cuda:0')
Uncertain Example Loss:  0.6664840579032898
tensor(41, device='cuda:0')
Uncertain Example Loss:  0.44404658675193787
tensor(43, device='cuda:0')
Uncertain Example Loss:  0.6557060480117798
tensor(43, device='cuda:0')
Uncertain Example Loss:  0.4410851001739502
tensor(44, device='cuda:0')
Uncertain Example Loss:  0.37614864110946655
tensor(45, device='cuda:0')
Uncertain Example Loss:  0.6097004413604736
tensor(47, device='cuda:0')
Uncertain Example Loss:  0.33217817544937134
tensor(48, device='cuda:0')
Uncertain Example Loss:  0.6303914189338684
tensor(49, device='cuda:0')
Uncertain Example Loss:  0.24801018834114075
tensor(50, device='cuda:0')
Uncertain Example Loss:  0.6561905145645142
tensor(50, device='cuda:0')
Uncertain Example Loss:  0.7544349431991577
tensor(53, device='cuda:0')
Uncertain Example Loss:  0.42458024621009827
tensor(54, device='cuda:0')
Uncertain Example Loss:  0.5532386898994446
tensor(56, device='cuda:0')
Uncertain Example Loss:  0.45265933871269226
tensor(57, device='cuda:0')
Uncertain Example Loss:  0.46029770374298096
tensor(59, device='cuda:0')
Uncertain Example Loss:  0.6328553557395935
tensor(63, device='cuda:0')
Uncertain Example Loss:  0.5575619339942932
tensor(64, device='cuda:0')
Uncertain Example Loss:  0.5117987990379333
tensor(67, device='cuda:0')
Uncertain Example Loss:  0.7695854306221008
tensor(69, device='cuda:0')
Uncertain Example Loss:  0.3637312054634094
tensor(71, device='cuda:0')
Uncertain Example Loss:  0.6492801308631897
tensor(73, device='cuda:0')
Uncertain Example Loss:  0.6274821758270264
tensor(76, device='cuda:0')
Uncertain Example Loss:  0.4241653382778168
tensor(77, device='cuda:0')
Uncertain Example Loss:  0.5269737243652344
tensor(80, device='cuda:0')
Uncertain Example Loss:  0.8651406168937683
tensor(81, device='cuda:0')
Uncertain Example Loss:  0.4964408874511719
tensor(81, device='cuda:0')
Uncertain Example Loss:  0.3857552409172058
tensor(82, device='cuda:0')
Uncertain Example Loss:  0.5122767090797424
tensor(84, device='cuda:0')
Uncertain Example Loss:  0.7275128960609436
tensor(87, device='cuda:0')
Uncertain Example Loss:  0.6219720244407654
tensor(89, device='cuda:0')
Uncertain Example Loss:  0.5380778312683105
tensor(90, device='cuda:0')
Uncertain Example Loss:  0.5920485258102417
tensor(94, device='cuda:0')
Uncertain Example Loss:  0.7314082980155945
tensor(98, device='cuda:0')
Uncertain Example Loss:  0.5632990598678589
tensor(100, device='cuda:0')
Uncertain Example Loss:  0.34315308928489685
tensor(102, device='cuda:0')
Uncertain Example Loss:  0.6509091258049011
tensor(104, device='cuda:0')
Uncertain Example Loss:  0.45666801929473877
tensor(106, device='cuda:0')
Uncertain Example Loss:  0.8632357716560364
tensor(111, device='cuda:0')
Uncertain Example Loss:  0.44905921816825867
tensor(112, device='cuda:0')
Uncertain Example Loss:  0.2972976863384247
tensor(115, device='cuda:0')
Uncertain Example Loss:  0.41527435183525085
tensor(117, device='cuda:0')
Uncertain Example Loss:  0.5457931160926819
tensor(119, device='cuda:0')
Uncertain Example Loss:  0.5319280028343201
tensor(122, device='cuda:0')
Uncertain Example Loss:  0.6129172444343567
tensor(125, device='cuda:0')
Uncertain Example Loss:  0.569459855556488
tensor(128, device='cuda:0')
Uncertain Example Loss:  0.29453936219215393
tensor(130, device='cuda:0')
Uncertain Example Loss:  0.7807744741439819
tensor(132, device='cuda:0')
Uncertain Example Loss:  0.626628577709198
tensor(134, device='cuda:0')
Uncertain Example Loss:  0.6210787892341614
tensor(137, device='cuda:0')
Uncertain Example Loss:  0.36570218205451965
tensor(140, device='cuda:0')
Uncertain Example Loss:  0.38820531964302063
tensor(142, device='cuda:0')
Uncertain Example Loss:  0.4095040559768677
tensor(142, device='cuda:0')
Uncertain Example Loss:  0.519057035446167
tensor(143, device='cuda:0')
S real T sketch Train Ep: 200 lr0.009852577760521605 	 Loss Classification: 1.132836 Loss T 0.142442 Method MME

Uncertain Example Loss:  0.520514190196991
tensor(146, device='cuda:0')
Uncertain Example Loss:  0.7792949080467224
tensor(148, device='cuda:0')
Uncertain Example Loss:  0.5305116772651672
tensor(148, device='cuda:0')
Uncertain Example Loss:  0.7018501162528992
tensor(151, device='cuda:0')
Uncertain Example Loss:  1.012426495552063
tensor(156, device='cuda:0')
Uncertain Example Loss:  0.8413769602775574
tensor(162, device='cuda:0')
Uncertain Example Loss:  0.7681944370269775
tensor(165, device='cuda:0')
Uncertain Example Loss:  0.5065061450004578
tensor(165, device='cuda:0')
Uncertain Example Loss:  0.7895327806472778
tensor(169, device='cuda:0')
Uncertain Example Loss:  0.6720536351203918
tensor(171, device='cuda:0')
Uncertain Example Loss:  0.48427748680114746
tensor(175, device='cuda:0')
Uncertain Example Loss:  0.9519264101982117
tensor(177, device='cuda:0')
Uncertain Example Loss:  0.3800850510597229
tensor(179, device='cuda:0')
Uncertain Example Loss:  0.4227733016014099
tensor(181, device='cuda:0')
Uncertain Example Loss:  0.44073835015296936
tensor(184, device='cuda:0')
Uncertain Example Loss:  0.5301876664161682
tensor(185, device='cuda:0')
Uncertain Example Loss:  0.2673385739326477
tensor(185, device='cuda:0')
Uncertain Example Loss:  0.6008526682853699
tensor(186, device='cuda:0')
Uncertain Example Loss:  0.4234689176082611
tensor(189, device='cuda:0')
Uncertain Example Loss:  0.5539652109146118
tensor(189, device='cuda:0')
Uncertain Example Loss:  0.5482163429260254
tensor(192, device='cuda:0')
Uncertain Example Loss:  0.5208470821380615
tensor(192, device='cuda:0')
Uncertain Example Loss:  0.33484911918640137
tensor(194, device='cuda:0')
Uncertain Example Loss:  0.7594990134239197
tensor(195, device='cuda:0')
Uncertain Example Loss:  0.8667416572570801
tensor(197, device='cuda:0')
Uncertain Example Loss:  1.2413355112075806
tensor(199, device='cuda:0')
Uncertain Example Loss:  0.3737729787826538
tensor(200, device='cuda:0')
Uncertain Example Loss:  0.7607652544975281
tensor(201, device='cuda:0')
Uncertain Example Loss:  0.3528698682785034
tensor(203, device='cuda:0')
Uncertain Example Loss:  0.9353370666503906
tensor(203, device='cuda:0')
Uncertain Example Loss:  0.4922434389591217
tensor(205, device='cuda:0')
Uncertain Example Loss:  0.7423425316810608
tensor(208, device='cuda:0')
Uncertain Example Loss:  0.5427665114402771
tensor(209, device='cuda:0')
Uncertain Example Loss:  0.476092129945755
tensor(212, device='cuda:0')
Uncertain Example Loss:  0.9665602445602417
tensor(216, device='cuda:0')
Uncertain Example Loss:  0.8251281976699829
tensor(218, device='cuda:0')
Uncertain Example Loss:  0.9017524719238281
tensor(220, device='cuda:0')
Uncertain Example Loss:  0.4953846335411072
tensor(222, device='cuda:0')
Uncertain Example Loss:  0.3696271479129791
tensor(222, device='cuda:0')
Uncertain Example Loss:  0.6668187975883484
tensor(223, device='cuda:0')
Uncertain Example Loss:  0.5338075160980225
tensor(225, device='cuda:0')
Uncertain Example Loss:  0.3964264392852783
tensor(228, device='cuda:0')
Uncertain Example Loss:  1.0035992860794067
tensor(232, device='cuda:0')
Uncertain Example Loss:  1.0236802101135254
tensor(236, device='cuda:0')
Uncertain Example Loss:  0.6944009065628052
tensor(240, device='cuda:0')
Uncertain Example Loss:  0.648131787776947
tensor(244, device='cuda:0')
Uncertain Example Loss:  0.6801478266716003
tensor(245, device='cuda:0')
Uncertain Example Loss:  0.3923153281211853
tensor(247, device='cuda:0')
Uncertain Example Loss:  0.3113800883293152
tensor(249, device='cuda:0')
Uncertain Example Loss:  0.6273418068885803
tensor(253, device='cuda:0')
Uncertain Example Loss:  0.8618630766868591
tensor(257, device='cuda:0')
Uncertain Example Loss:  1.035832405090332
tensor(262, device='cuda:0')
Uncertain Example Loss:  0.515758752822876
tensor(263, device='cuda:0')
Uncertain Example Loss:  1.157170057296753
tensor(266, device='cuda:0')
Uncertain Example Loss:  0.6338087916374207
tensor(266, device='cuda:0')
Uncertain Example Loss:  0.7121497392654419
tensor(267, device='cuda:0')
Uncertain Example Loss:  0.3594980537891388
tensor(271, device='cuda:0')
Uncertain Example Loss:  0.5076590180397034
tensor(275, device='cuda:0')
Uncertain Example Loss:  0.6611731052398682
tensor(279, device='cuda:0')
Uncertain Example Loss:  0.5440903902053833
tensor(283, device='cuda:0')
Uncertain Example Loss:  0.4094899892807007
tensor(284, device='cuda:0')
Uncertain Example Loss:  0.6646572947502136
tensor(287, device='cuda:0')
Uncertain Example Loss:  0.7169069051742554
tensor(291, device='cuda:0')
Uncertain Example Loss:  0.5770779252052307
tensor(293, device='cuda:0')
Uncertain Example Loss:  0.7813175320625305
tensor(295, device='cuda:0')
Uncertain Example Loss:  0.6566123962402344
tensor(301, device='cuda:0')
Uncertain Example Loss:  0.6313426494598389
tensor(303, device='cuda:0')
Uncertain Example Loss:  0.7320124506950378
tensor(306, device='cuda:0')
Uncertain Example Loss:  0.7162979245185852
tensor(309, device='cuda:0')
Uncertain Example Loss:  0.6818072199821472
tensor(313, device='cuda:0')
Uncertain Example Loss:  0.8524596095085144
tensor(314, device='cuda:0')
Uncertain Example Loss:  0.7312898635864258
tensor(318, device='cuda:0')
Uncertain Example Loss:  0.606042742729187
tensor(320, device='cuda:0')
Uncertain Example Loss:  0.6750431656837463
tensor(320, device='cuda:0')
Uncertain Example Loss:  0.6207350492477417
tensor(324, device='cuda:0')
Uncertain Example Loss:  0.37945303320884705
tensor(325, device='cuda:0')
Uncertain Example Loss:  0.5597282648086548
tensor(327, device='cuda:0')
Uncertain Example Loss:  0.8734516501426697
tensor(330, device='cuda:0')
Uncertain Example Loss:  0.3465166389942169
tensor(332, device='cuda:0')
Uncertain Example Loss:  0.46390393376350403
tensor(336, device='cuda:0')
Uncertain Example Loss:  0.8047041893005371
tensor(340, device='cuda:0')
Uncertain Example Loss:  0.5785579681396484
tensor(340, device='cuda:0')
Uncertain Example Loss:  0.3458624482154846
tensor(343, device='cuda:0')
Uncertain Example Loss:  0.5099449753761292
tensor(345, device='cuda:0')
Uncertain Example Loss:  0.6639449596405029
tensor(347, device='cuda:0')
Uncertain Example Loss:  0.6360250115394592
tensor(348, device='cuda:0')
Uncertain Example Loss:  0.30273690819740295
tensor(350, device='cuda:0')
Uncertain Example Loss:  0.5906407237052917
tensor(352, device='cuda:0')
Uncertain Example Loss:  0.8918221592903137
tensor(354, device='cuda:0')
Uncertain Example Loss:  0.8051142692565918
tensor(364, device='cuda:0')
Uncertain Example Loss:  0.8376172184944153
tensor(369, device='cuda:0')
Uncertain Example Loss:  0.6683266758918762
tensor(373, device='cuda:0')
Uncertain Example Loss:  0.4549030661582947
tensor(377, device='cuda:0')
Uncertain Example Loss:  0.6035987138748169
tensor(380, device='cuda:0')
Uncertain Example Loss:  0.6174319386482239
tensor(385, device='cuda:0')
Uncertain Example Loss:  0.8508206605911255
tensor(390, device='cuda:0')
Uncertain Example Loss:  0.7587364315986633
tensor(393, device='cuda:0')
Uncertain Example Loss:  0.3039085566997528
tensor(395, device='cuda:0')
Uncertain Example Loss:  0.37605926394462585
tensor(397, device='cuda:0')
Uncertain Example Loss:  0.5961670875549316
tensor(401, device='cuda:0')
S real T sketch Train Ep: 300 lr0.009780748269686728 	 Loss Classification: 0.559400 Loss T 0.115308 Method MME

Uncertain Example Loss:  0.48288989067077637
tensor(403, device='cuda:0')
Uncertain Example Loss:  0.7370957136154175
tensor(406, device='cuda:0')
Uncertain Example Loss:  0.7532013654708862
tensor(411, device='cuda:0')
Uncertain Example Loss:  0.7846167683601379
tensor(414, device='cuda:0')
Uncertain Example Loss:  1.0596376657485962
tensor(419, device='cuda:0')
Uncertain Example Loss:  0.7976577281951904
tensor(423, device='cuda:0')
Uncertain Example Loss:  0.5977069139480591
tensor(426, device='cuda:0')
Uncertain Example Loss:  0.6037081480026245
tensor(430, device='cuda:0')
Uncertain Example Loss:  0.2873839735984802
tensor(434, device='cuda:0')
Uncertain Example Loss:  0.805361807346344
tensor(437, device='cuda:0')
Uncertain Example Loss:  1.001534342765808
tensor(440, device='cuda:0')
Uncertain Example Loss:  0.846845805644989
tensor(443, device='cuda:0')
Uncertain Example Loss:  0.8341724872589111
tensor(444, device='cuda:0')
Uncertain Example Loss:  0.4438760280609131
tensor(451, device='cuda:0')
Uncertain Example Loss:  0.35335707664489746
tensor(453, device='cuda:0')
Uncertain Example Loss:  0.557695746421814
tensor(458, device='cuda:0')
Uncertain Example Loss:  0.7053011059761047
tensor(461, device='cuda:0')
Uncertain Example Loss:  0.47133785486221313
tensor(464, device='cuda:0')
Uncertain Example Loss:  0.8844069838523865
tensor(467, device='cuda:0')
Uncertain Example Loss:  0.7135608792304993
tensor(474, device='cuda:0')
Uncertain Example Loss:  1.1700356006622314
tensor(479, device='cuda:0')
Uncertain Example Loss:  0.5389431118965149
tensor(480, device='cuda:0')
Uncertain Example Loss:  0.5776202082633972
tensor(480, device='cuda:0')
Uncertain Example Loss:  0.40867161750793457
tensor(481, device='cuda:0')
Uncertain Example Loss:  0.8737938404083252
tensor(485, device='cuda:0')
Uncertain Example Loss:  1.0004023313522339
tensor(490, device='cuda:0')
Uncertain Example Loss:  0.9236972332000732
tensor(494, device='cuda:0')
Uncertain Example Loss:  0.4149467945098877
tensor(497, device='cuda:0')
Uncertain Example Loss:  0.9320616126060486
tensor(499, device='cuda:0')
Uncertain Example Loss:  0.896662175655365
tensor(501, device='cuda:0')
Uncertain Example Loss:  0.5394275188446045
tensor(502, device='cuda:0')
Uncertain Example Loss:  1.2490793466567993
tensor(505, device='cuda:0')
Uncertain Example Loss:  0.7717006206512451
tensor(509, device='cuda:0')
Uncertain Example Loss:  0.5921474099159241
tensor(511, device='cuda:0')
Uncertain Example Loss:  0.8318901062011719
tensor(514, device='cuda:0')
Uncertain Example Loss:  1.29255211353302
tensor(518, device='cuda:0')
Uncertain Example Loss:  0.9751437306404114
tensor(521, device='cuda:0')
Uncertain Example Loss:  1.0232675075531006
tensor(528, device='cuda:0')
Uncertain Example Loss:  0.9673161506652832
tensor(534, device='cuda:0')
Uncertain Example Loss:  0.8082298040390015
tensor(537, device='cuda:0')
Uncertain Example Loss:  0.6266729831695557
tensor(542, device='cuda:0')
Uncertain Example Loss:  0.6978610157966614
tensor(545, device='cuda:0')
Uncertain Example Loss:  0.5753176212310791
tensor(547, device='cuda:0')
Uncertain Example Loss:  1.0372388362884521
tensor(550, device='cuda:0')
Uncertain Example Loss:  1.1019691228866577
tensor(554, device='cuda:0')
Uncertain Example Loss:  0.3852529227733612
tensor(559, device='cuda:0')
Uncertain Example Loss:  0.9852334260940552
tensor(564, device='cuda:0')
Uncertain Example Loss:  0.8188762664794922
tensor(567, device='cuda:0')
Uncertain Example Loss:  0.995963454246521
tensor(571, device='cuda:0')
Uncertain Example Loss:  0.7454171776771545
tensor(572, device='cuda:0')
Uncertain Example Loss:  0.7243450880050659
tensor(576, device='cuda:0')
Uncertain Example Loss:  0.5918650031089783
tensor(581, device='cuda:0')
Uncertain Example Loss:  1.1620732545852661
tensor(583, device='cuda:0')
Uncertain Example Loss:  0.6147439479827881
tensor(583, device='cuda:0')
Uncertain Example Loss:  0.4168526530265808
tensor(584, device='cuda:0')
Uncertain Example Loss:  1.2617647647857666
tensor(589, device='cuda:0')
Uncertain Example Loss:  1.1351962089538574
tensor(594, device='cuda:0')
Uncertain Example Loss:  1.2204302549362183
tensor(600, device='cuda:0')
Uncertain Example Loss:  0.5115797519683838
tensor(605, device='cuda:0')
Uncertain Example Loss:  0.623862087726593
tensor(609, device='cuda:0')
Uncertain Example Loss:  0.6046269536018372
tensor(612, device='cuda:0')
Uncertain Example Loss:  0.7341994643211365
tensor(615, device='cuda:0')
Uncertain Example Loss:  1.1178275346755981
tensor(623, device='cuda:0')
Uncertain Example Loss:  0.6085441708564758
tensor(626, device='cuda:0')
Uncertain Example Loss:  0.8114506602287292
tensor(630, device='cuda:0')
Uncertain Example Loss:  1.0178000926971436
tensor(635, device='cuda:0')
Uncertain Example Loss:  0.6865395307540894
tensor(638, device='cuda:0')
Uncertain Example Loss:  0.4069001376628876
tensor(641, device='cuda:0')
Uncertain Example Loss:  0.6296234726905823
tensor(647, device='cuda:0')
Uncertain Example Loss:  0.7489709854125977
tensor(652, device='cuda:0')
Uncertain Example Loss:  0.9250714778900146
tensor(653, device='cuda:0')
Uncertain Example Loss:  0.6621147990226746
tensor(658, device='cuda:0')
Uncertain Example Loss:  0.930536150932312
tensor(663, device='cuda:0')
Uncertain Example Loss:  0.6698639988899231
tensor(667, device='cuda:0')
Uncertain Example Loss:  1.0834543704986572
tensor(673, device='cuda:0')
Uncertain Example Loss:  0.7910767793655396
tensor(677, device='cuda:0')
Uncertain Example Loss:  0.8239355683326721
tensor(680, device='cuda:0')
Uncertain Example Loss:  0.7235847115516663
tensor(689, device='cuda:0')
Uncertain Example Loss:  1.16464364528656
tensor(692, device='cuda:0')
Uncertain Example Loss:  1.3461604118347168
tensor(696, device='cuda:0')
Uncertain Example Loss:  0.9569103121757507
tensor(698, device='cuda:0')
Uncertain Example Loss:  1.102519154548645
tensor(701, device='cuda:0')
Uncertain Example Loss:  1.4283106327056885
tensor(703, device='cuda:0')
Uncertain Example Loss:  0.7366971969604492
tensor(709, device='cuda:0')
Uncertain Example Loss:  0.8564682602882385
tensor(713, device='cuda:0')
Uncertain Example Loss:  1.1577436923980713
tensor(722, device='cuda:0')
Uncertain Example Loss:  1.1799464225769043
tensor(728, device='cuda:0')
Uncertain Example Loss:  0.9772497415542603
tensor(731, device='cuda:0')
Uncertain Example Loss:  1.3269340991973877
tensor(735, device='cuda:0')
Uncertain Example Loss:  0.6496897339820862
tensor(736, device='cuda:0')
Uncertain Example Loss:  0.864165723323822
tensor(740, device='cuda:0')
Uncertain Example Loss:  1.3586150407791138
tensor(744, device='cuda:0')
Uncertain Example Loss:  1.2883814573287964
tensor(748, device='cuda:0')
Uncertain Example Loss:  0.9437312483787537
tensor(753, device='cuda:0')
Uncertain Example Loss:  1.064552903175354
tensor(757, device='cuda:0')
Uncertain Example Loss:  0.5149424076080322
tensor(761, device='cuda:0')
Uncertain Example Loss:  0.856660783290863
tensor(765, device='cuda:0')
Uncertain Example Loss:  0.9651936292648315
tensor(767, device='cuda:0')
Uncertain Example Loss:  0.7711806893348694
tensor(772, device='cuda:0')
Uncertain Example Loss:  0.828281819820404
tensor(778, device='cuda:0')
S real T sketch Train Ep: 400 lr0.009710128909124701 	 Loss Classification: 0.536852 Loss T 0.111455 Method MME

Uncertain Example Loss:  0.36582788825035095
tensor(780, device='cuda:0')
Uncertain Example Loss:  0.5275336503982544
tensor(785, device='cuda:0')
Uncertain Example Loss:  0.4423593580722809
tensor(789, device='cuda:0')
Uncertain Example Loss:  0.930784285068512
tensor(794, device='cuda:0')
Uncertain Example Loss:  0.9720897674560547
tensor(801, device='cuda:0')
Uncertain Example Loss:  0.6488124132156372
tensor(806, device='cuda:0')
Uncertain Example Loss:  1.0560890436172485
tensor(810, device='cuda:0')
Uncertain Example Loss:  1.3206285238265991
tensor(816, device='cuda:0')
Uncertain Example Loss:  1.016505241394043
tensor(820, device='cuda:0')
Uncertain Example Loss:  0.740620493888855
tensor(827, device='cuda:0')
Uncertain Example Loss:  0.7179529070854187
tensor(829, device='cuda:0')
Uncertain Example Loss:  0.37979069352149963
tensor(833, device='cuda:0')
Uncertain Example Loss:  0.5814655423164368
tensor(835, device='cuda:0')
Uncertain Example Loss:  0.40233534574508667
tensor(837, device='cuda:0')
Uncertain Example Loss:  0.832801103591919
tensor(841, device='cuda:0')
Uncertain Example Loss:  0.8220805525779724
tensor(850, device='cuda:0')
Uncertain Example Loss:  1.1524244546890259
tensor(858, device='cuda:0')
Uncertain Example Loss:  0.7913777828216553
tensor(865, device='cuda:0')
Uncertain Example Loss:  1.0889723300933838
tensor(869, device='cuda:0')
Uncertain Example Loss:  1.4076075553894043
tensor(872, device='cuda:0')
Uncertain Example Loss:  0.928516149520874
tensor(877, device='cuda:0')
Uncertain Example Loss:  0.42545151710510254
tensor(882, device='cuda:0')
Uncertain Example Loss:  0.7221932411193848
tensor(884, device='cuda:0')
Uncertain Example Loss:  0.8282251954078674
tensor(888, device='cuda:0')
Uncertain Example Loss:  1.4685953855514526
tensor(894, device='cuda:0')
Uncertain Example Loss:  1.2815700769424438
tensor(899, device='cuda:0')
Uncertain Example Loss:  0.8934854865074158
tensor(903, device='cuda:0')
Uncertain Example Loss:  1.1406621932983398
tensor(909, device='cuda:0')
Uncertain Example Loss:  0.4207466244697571
tensor(913, device='cuda:0')
Uncertain Example Loss:  0.6909323930740356
tensor(917, device='cuda:0')
Uncertain Example Loss:  0.5785940289497375
tensor(922, device='cuda:0')
Uncertain Example Loss:  0.9693643450737
tensor(924, device='cuda:0')
Uncertain Example Loss:  0.9944618344306946
tensor(928, device='cuda:0')
Uncertain Example Loss:  1.314924716949463
tensor(931, device='cuda:0')
Uncertain Example Loss:  1.0473240613937378
tensor(937, device='cuda:0')
Uncertain Example Loss:  1.0026472806930542
tensor(943, device='cuda:0')
Uncertain Example Loss:  0.8910527229309082
tensor(952, device='cuda:0')
Uncertain Example Loss:  1.3028998374938965
tensor(958, device='cuda:0')
Uncertain Example Loss:  0.7076893448829651
tensor(962, device='cuda:0')
Uncertain Example Loss:  0.8659093379974365
tensor(968, device='cuda:0')
Uncertain Example Loss:  0.9998869299888611
tensor(979, device='cuda:0')
Uncertain Example Loss:  1.2231109142303467
tensor(985, device='cuda:0')
Uncertain Example Loss:  0.6419702768325806
tensor(989, device='cuda:0')
Uncertain Example Loss:  0.6259670257568359
tensor(994, device='cuda:0')
Uncertain Example Loss:  0.9068016409873962
tensor(996, device='cuda:0')
Uncertain Example Loss:  0.5818355083465576
tensor(1004, device='cuda:0')
Uncertain Example Loss:  1.1761817932128906
tensor(1009, device='cuda:0')
Uncertain Example Loss:  1.153156042098999
tensor(1017, device='cuda:0')
Uncertain Example Loss:  0.7750240564346313
tensor(1021, device='cuda:0')
Uncertain Example Loss:  0.8778152465820312
tensor(1025, device='cuda:0')
Uncertain Example Loss:  0.828113317489624
tensor(1029, device='cuda:0')
Uncertain Example Loss:  1.111616611480713
tensor(1038, device='cuda:0')
Uncertain Example Loss:  1.0119597911834717
tensor(1041, device='cuda:0')
Uncertain Example Loss:  1.24988853931427
tensor(1045, device='cuda:0')
Uncertain Example Loss:  0.6531388759613037
tensor(1048, device='cuda:0')
Uncertain Example Loss:  1.150586485862732
tensor(1053, device='cuda:0')
Uncertain Example Loss:  0.9062893390655518
tensor(1061, device='cuda:0')
Uncertain Example Loss:  2.07444429397583
tensor(1064, device='cuda:0')
Uncertain Example Loss:  0.902326226234436
tensor(1068, device='cuda:0')
Uncertain Example Loss:  0.5221039652824402
tensor(1069, device='cuda:0')
Uncertain Example Loss:  0.7342090010643005
tensor(1074, device='cuda:0')
Uncertain Example Loss:  0.7149642705917358
tensor(1079, device='cuda:0')
Uncertain Example Loss:  1.7237882614135742
tensor(1090, device='cuda:0')
Uncertain Example Loss:  1.4613138437271118
tensor(1093, device='cuda:0')
Uncertain Example Loss:  0.8065571188926697
tensor(1100, device='cuda:0')
Uncertain Example Loss:  0.7473929524421692
tensor(1104, device='cuda:0')
Uncertain Example Loss:  1.1246418952941895
tensor(1109, device='cuda:0')
Uncertain Example Loss:  0.706305980682373
tensor(1115, device='cuda:0')
Uncertain Example Loss:  1.3309149742126465
tensor(1123, device='cuda:0')
Uncertain Example Loss:  0.8660358190536499
tensor(1129, device='cuda:0')
Uncertain Example Loss:  1.0413674116134644
tensor(1134, device='cuda:0')
Uncertain Example Loss:  1.0881763696670532
tensor(1140, device='cuda:0')
Uncertain Example Loss:  0.712796151638031
tensor(1150, device='cuda:0')
Uncertain Example Loss:  1.207498550415039
tensor(1156, device='cuda:0')
Uncertain Example Loss:  1.6089389324188232
tensor(1160, device='cuda:0')
Uncertain Example Loss:  0.7908874750137329
tensor(1165, device='cuda:0')
Uncertain Example Loss:  0.9095109105110168
tensor(1168, device='cuda:0')
Uncertain Example Loss:  0.9500266909599304
tensor(1173, device='cuda:0')
Uncertain Example Loss:  0.6819042563438416
tensor(1176, device='cuda:0')
Uncertain Example Loss:  0.9440293908119202
tensor(1181, device='cuda:0')
Uncertain Example Loss:  1.3594368696212769
tensor(1183, device='cuda:0')
Uncertain Example Loss:  1.047521710395813
tensor(1187, device='cuda:0')
Uncertain Example Loss:  0.8187616467475891
tensor(1190, device='cuda:0')
Uncertain Example Loss:  1.1147840023040771
tensor(1195, device='cuda:0')
Uncertain Example Loss:  0.9927501678466797
tensor(1201, device='cuda:0')
Uncertain Example Loss:  0.8891260027885437
tensor(1204, device='cuda:0')
Uncertain Example Loss:  0.42771318554878235
tensor(1211, device='cuda:0')
Uncertain Example Loss:  0.5387060046195984
tensor(1217, device='cuda:0')
Uncertain Example Loss:  1.0697652101516724
tensor(1220, device='cuda:0')
Uncertain Example Loss:  1.2920937538146973
tensor(1226, device='cuda:0')
Uncertain Example Loss:  1.2066972255706787
tensor(1230, device='cuda:0')
Uncertain Example Loss:  0.9565279483795166
tensor(1234, device='cuda:0')
Uncertain Example Loss:  1.0238837003707886
tensor(1242, device='cuda:0')
Uncertain Example Loss:  0.8632595539093018
tensor(1247, device='cuda:0')
Uncertain Example Loss:  1.269903540611267
tensor(1255, device='cuda:0')
Matching are:  0.0
Uncertain Example Loss:  1.0585248470306396
tensor(4, device='cuda:0')
Uncertain Example Loss:  1.0523831844329834
tensor(11, device='cuda:0')
Uncertain Example Loss:  1.0286067724227905
tensor(17, device='cuda:0')
Uncertain Example Loss:  0.7496356964111328
tensor(22, device='cuda:0')
Uncertain Example Loss:  1.0583385229110718
tensor(31, device='cuda:0')
S real T sketch Train Ep: 500 lr0.00964068794694323 	 Loss Classification: 0.765474 Loss T 0.121942 Method MME

