Dataset multi Source real Target sketch Labeled num perclass 3 Network resnet34
126 classes in this dataset
Unlabelled Target Dataset Size:  23826
Labelled Target Dataset Size:  378
Misc. Labelled Target Dataset Size:  378
Bank keys - Target:  dict_keys(['feat_vec', 'labels', 'names', 'domain_identifier']) Source:  dict_keys(['feat_vec', 'labels', 'names', 'domain_identifier'])
Num  - Target:  23826 Source:  70358
Unlabeled Target Data Size: 496
S real T sketch Train Ep: 0 lr0.01 	 Loss Classification: 4.758803 Loss T 0.470031 Method MME

S real T sketch Train Ep: 100 lr0.009925650290240803 	 Loss Classification: 0.939529 Loss T 0.295011 Method MME

S real T sketch Train Ep: 200 lr0.009852577760521605 	 Loss Classification: 0.589165 Loss T 0.254681 Method MME

S real T sketch Train Ep: 300 lr0.009780748269686728 	 Loss Classification: 0.209006 Loss T 0.232337 Method MME

S real T sketch Train Ep: 400 lr0.009710128909124701 	 Loss Classification: 0.747393 Loss T 0.213104 Method MME

S real T sketch Train Ep: 500 lr0.00964068794694323 	 Loss Classification: 0.750574 Loss T 0.224432 Method MME


Labeled Target set: Average loss: 2.6563, Accuracy: 417/1080 F1 (38.6111%)


Test set: Average loss: 2.6265, Accuracy: 9833/23808 F1 (41.3012%)


Val set: Average loss: 2.3985, Accuracy: 167/360 F1 (46.3889%)

best acc test 41.301243  acc val 46.388889 acc labeled target 38.611111
saving model...
S real T sketch Train Ep: 600 lr0.00957239477517603 	 Loss Classification: 0.759100 Loss T 0.223037 Method MME

S real T sketch Train Ep: 700 lr0.009505219859830012 	 Loss Classification: 0.605776 Loss T 0.193883 Method MME

S real T sketch Train Ep: 800 lr0.009439134693595126 	 Loss Classification: 0.697029 Loss T 0.229522 Method MME

S real T sketch Train Ep: 900 lr0.009374111751051751 	 Loss Classification: 0.517908 Loss T 0.183998 Method MME

