Dataset multi Source real Target sketch Labeled num perclass 3 Network resnet34
126 classes in this dataset
Unlabelled Target Dataset Size:  23826
Labelled Target Dataset Size:  378
Misc. Labelled Target Dataset Size:  378
Bank keys - Target:  dict_keys(['feat_vec', 'labels', 'names', 'domain_identifier']) Source:  dict_keys(['feat_vec', 'labels', 'names', 'domain_identifier'])
Num  - Target:  23826 Source:  70358
Unlabeled Target Data Size: 496
S real T sketch Train Ep: 0 lr0.01 	 Loss Classification: 5.045879 Loss T 0.469388 Method MME

S real T sketch Train Ep: 100 lr0.009925650290240803 	 Loss Classification: 1.342205 Loss T 0.304086 Method MME

S real T sketch Train Ep: 200 lr0.009852577760521605 	 Loss Classification: 0.672080 Loss T 0.266813 Method MME

S real T sketch Train Ep: 300 lr0.009780748269686728 	 Loss Classification: 0.670993 Loss T 0.231292 Method MME

S real T sketch Train Ep: 400 lr0.009710128909124701 	 Loss Classification: 0.549618 Loss T 0.230658 Method MME

S real T sketch Train Ep: 500 lr0.00964068794694323 	 Loss Classification: 0.660123 Loss T 0.194393 Method MME


Labeled Target set: Average loss: 2.8554, Accuracy: 413/1080 F1 (38.2407%)


Test set: Average loss: 2.7200, Accuracy: 9749/23808 F1 (40.9484%)


Val set: Average loss: 2.5242, Accuracy: 167/360 F1 (46.3889%)

best acc test 40.948421  acc val 46.388889 acc labeled target 38.240741
saving model...
S real T sketch Train Ep: 600 lr0.00957239477517603 	 Loss Classification: 1.039813 Loss T 0.193838 Method MME

S real T sketch Train Ep: 700 lr0.009505219859830012 	 Loss Classification: 0.186929 Loss T 0.205653 Method MME

S real T sketch Train Ep: 800 lr0.009439134693595126 	 Loss Classification: 0.479853 Loss T 0.199521 Method MME

S real T sketch Train Ep: 900 lr0.009374111751051751 	 Loss Classification: 0.714553 Loss T 0.196228 Method MME

S real T sketch Train Ep: 1000 lr0.009310124446222227 	 Loss Classification: 0.674383 Loss T 0.158027 Method MME


Labeled Target set: Average loss: 2.3917, Accuracy: 480/1080 F1 (44.4444%)


Test set: Average loss: 2.3205, Accuracy: 11543/23808 F1 (48.4837%)


Val set: Average loss: 2.3372, Accuracy: 171/360 F1 (47.5000%)

best acc test 48.483703  acc val 47.500000 acc labeled target 44.444444
saving model...
