Dataset multi Source real Target sketch Labeled num perclass 3 Network resnet34
126 classes in this dataset
23826
Bank keys - Target:  dict_keys(['feat_vec', 'labels', 'names', 'domain_identifier']) Source:  dict_keys(['feat_vec', 'labels', 'names', 'domain_identifier'])
Num  - Target:  23826 Source:  70358
S real T sketch Train Ep: 0 lr0.01 	 Loss Classification: 4.969268 Loss T 0.471056 Method MME

S real T sketch Train Ep: 100 lr0.009925650290240803 	 Loss Classification: 0.789383 Loss T 0.289379 Method MME

S real T sketch Train Ep: 200 lr0.009852577760521605 	 Loss Classification: 0.737562 Loss T 0.244407 Method MME

S real T sketch Train Ep: 300 lr0.009780748269686728 	 Loss Classification: 0.646938 Loss T 0.192104 Method MME

S real T sketch Train Ep: 400 lr0.009710128909124701 	 Loss Classification: 0.773895 Loss T 0.173449 Method MME

S real T sketch Train Ep: 500 lr0.00964068794694323 	 Loss Classification: 0.418473 Loss T 0.164595 Method MME


Test set: Average loss: 2.1113, Accuracy: 12559/23808 F1 (53%)


Test set: Average loss: 1.9070, Accuracy: 198/360 F1 (55%)

best acc test 52.751176 best acc val 55.000000
saving model...
S real T sketch Train Ep: 600 lr0.00957239477517603 	 Loss Classification: 0.619514 Loss T 0.138817 Method MME

S real T sketch Train Ep: 700 lr0.009505219859830012 	 Loss Classification: 0.481599 Loss T 0.151492 Method MME

S real T sketch Train Ep: 800 lr0.009439134693595126 	 Loss Classification: 0.431544 Loss T 0.136352 Method MME

S real T sketch Train Ep: 900 lr0.009374111751051751 	 Loss Classification: 0.275073 Loss T 0.146356 Method MME

S real T sketch Train Ep: 1000 lr0.009310124446222227 	 Loss Classification: 0.552285 Loss T 0.120784 Method MME


Test set: Average loss: 1.9297, Accuracy: 13838/23808 F1 (58%)


Test set: Average loss: 1.7903, Accuracy: 207/360 F1 (58%)

best acc test 58.123320 best acc val 57.500000
saving model...
S real T sketch Train Ep: 1100 lr0.00924714709232377 	 Loss Classification: 0.261893 Loss T 0.137515 Method MME

S real T sketch Train Ep: 1200 lr0.009185154863590003 	 Loss Classification: 0.443549 Loss T 0.180540 Method MME

S real T sketch Train Ep: 1300 lr0.00912412375903735 	 Loss Classification: 0.600379 Loss T 0.160668 Method MME

S real T sketch Train Ep: 1400 lr0.009064030568061049 	 Loss Classification: 0.309043 Loss T 0.114301 Method MME

S real T sketch Train Ep: 1500 lr0.009004852837753237 	 Loss Classification: 0.275187 Loss T 0.122702 Method MME


Test set: Average loss: 1.8650, Accuracy: 14407/23808 F1 (61%)


Test set: Average loss: 1.6942, Accuracy: 223/360 F1 (62%)

best acc test 60.513273 best acc val 61.944444
saving model...
S real T sketch Train Ep: 1600 lr0.008946568841842816 	 Loss Classification: 0.270063 Loss T 0.110560 Method MME

S real T sketch Train Ep: 1700 lr0.008889157551163433 	 Loss Classification: 0.422136 Loss T 0.127705 Method MME

S real T sketch Train Ep: 1800 lr0.008832598605562044 	 Loss Classification: 0.151463 Loss T 0.116793 Method MME

