Dataset multi Source real Target sketch Labeled num perclass 3 Network resnet34
126 classes in this dataset
Unlabelled Target Dataset Size:  23826
Labelled Target Dataset Size:  378
Misc. Labelled Target Dataset Size:  378
Bank keys - Target:  dict_keys(['feat_vec', 'labels', 'names', 'domain_identifier']) Source:  dict_keys(['feat_vec', 'labels', 'names', 'domain_identifier'])
Num  - Target:  23826 Source:  70358
S real T sketch Train Ep: 0 lr0.01 	 Loss Classification: 4.963818 Loss T 0.471475 Method MME

S real T sketch Train Ep: 100 lr0.009925650290240803 	 Loss Classification: 1.987873 Loss T 0.286999 Method MME

S real T sketch Train Ep: 200 lr0.009852577760521605 	 Loss Classification: 1.287472 Loss T 0.236356 Method MME

S real T sketch Train Ep: 300 lr0.009780748269686728 	 Loss Classification: 1.399507 Loss T 0.200800 Method MME

S real T sketch Train Ep: 400 lr0.009710128909124701 	 Loss Classification: 0.696915 Loss T 0.181381 Method MME

S real T sketch Train Ep: 500 lr0.00964068794694323 	 Loss Classification: 0.641241 Loss T 0.170589 Method MME


Labeled Target set: Average loss: 2.7388, Accuracy: 435/1080 F1 (40.2778%)


Test set: Average loss: 2.5556, Accuracy: 11000/23808 F1 (46.2030%)


Val set: Average loss: 2.4904, Accuracy: 183/360 F1 (50.8333%)

best acc test 46.202957  acc val 50.833333 acc labeled target 40.277778
saving model...
S real T sketch Train Ep: 600 lr0.00957239477517603 	 Loss Classification: 0.882371 Loss T 0.164404 Method MME

S real T sketch Train Ep: 700 lr0.009505219859830012 	 Loss Classification: 1.252241 Loss T 0.158132 Method MME

S real T sketch Train Ep: 800 lr0.009439134693595126 	 Loss Classification: 0.546412 Loss T 0.149040 Method MME

S real T sketch Train Ep: 900 lr0.009374111751051751 	 Loss Classification: 0.754407 Loss T 0.148106 Method MME

Per Class Accuracy Calculated According to the Labelled Target examples is:  [1.         1.         0.33333334 0.33333334 0.         0.
 0.33333334 0.6666667  0.5555556  0.         0.7777778  1.
 0.         0.11111111 0.22222222 0.33333334 0.8888889  0.8888889
 0.         0.44444445 1.         0.44444445 0.11111111 0.
 0.33333334 0.         0.         1.         0.33333334 0.
 0.44444445 0.11111111 0.44444445 0.44444445 0.44444445 0.
 0.         0.         1.         0.8333333  0.33333334 0.8888889
 0.33333334 0.33333334 0.         0.44444445 1.         0.6666667
 0.44444445 1.         0.22222222 0.11111111 0.8888889  0.11111111
 0.44444445 0.44444445 0.22222222 0.5555556  0.7777778  0.7777778
 0.5555556  0.         0.44444445 0.22222222 0.5555556  0.5555556
 0.         1.         0.         0.5555556  0.7777778  0.
 0.         0.33333334 1.         0.22222222 0.         0.
 0.         0.33333334 0.         0.11111111 0.         1.
 1.         0.11111111 0.6666667  0.6666667  0.         0.44444445
 0.         0.6666667  0.5555556  0.11111111 0.8888889  0.33333334
 0.5        0.33333334 0.         0.         0.6666667  0.5555556
 0.44444445 0.22222222 0.6666667  0.         0.33333334 0.11111111
 0.         0.         0.5555556  0.5555556  0.6666667  0.7777778
 0.5555556  1.         0.         0.33333334 0.         0.33333334
 0.6666667  0.6666667  0.6666667  0.         0.         1.        ]
Top k classes which perform poorly are:  [90, 26, 29, 116, 35, 36, 37, 88, 44, 82, 118, 80, 78, 77, 76, 72, 71, 61, 124, 68, 25, 23, 66, 98, 123, 4, 5, 109, 108, 9, 105, 12, 99, 18, 93, 53, 51, 13, 31, 85, 81, 22, 107, 63, 75, 50, 56, 103, 14, 43, 24, 2, 3, 73, 95, 106, 6, 28, 15, 79, 119, 40, 42, 97, 117, 102, 89, 62, 33, 19, 21, 30, 32, 55, 54, 48, 45, 34, 96, 110, 8, 101, 92, 65, 64, 111, 57, 114, 60, 69, 87, 47, 91, 7, 104, 86, 120, 122, 121, 100, 112, 70, 10, 58, 59, 113, 39, 16, 94, 52, 17, 41, 115, 0, 83, 74, 67, 49, 46, 38, 27, 20, 11, 1, 84]
0
1
2
3
4
5
6
7
8
9
10
11
12
13
14
15
16
17
18
19
20
21
22
23
24
25
26
27
28
29
30
31
32
33
34
35
36
37
38
39
40
41
42
43
44
45
46
47
48
49
50
51
52
53
54
55
56
57
58
59
60
61
62
63
64
65
66
67
68
69
70
71
72
73
74
75
76
77
78
79
80
81
82
83
84
85
86
87
88
89
90
91
92
93
94
95
96
97
98
99
100
101
102
103
104
105
106
107
108
109
110
111
112
113
114
115
116
117
118
119
120
121
122
123
124
125
126
127
128
129
130
131
132
133
134
135
136
137
138
139
140
141
142
143
144
145
146
147
148
149
150
151
152
153
154
155
156
157
158
159
160
161
162
163
164
165
166
167
168
169
170
171
172
173
174
175
176
177
178
179
180
181
182
183
184
185
186
187
188
189
190
191
192
193
194
195
196
197
198
199
200
201
202
203
204
205
206
207
208
209
210
211
212
213
214
215
216
217
218
219
220
221
222
223
224
225
226
227
228
229
230
231
232
233
234
235
236
237
238
239
240
241
242
243
244
245
246
247
248
249
250
251
252
253
254
255
256
257
258
259
260
261
262
263
264
265
266
267
268
269
270
271
272
273
274
275
276
277
278
279
280
281
282
283
284
285
286
287
288
289
290
291
292
293
294
295
296
297
298
299
300
301
302
303
304
305
306
307
308
309
310
311
312
313
314
315
316
317
318
319
320
321
322
323
324
325
326
327
328
329
330
331
332
333
334
335
336
337
338
339
340
341
342
343
344
345
346
347
348
349
350
351
352
353
354
355
356
357
358
359
360
361
362
363
364
365
366
367
368
369
370
371
372
373
374
375
376
377
[W python_anomaly_mode.cpp:104] Warning: Error detected in MulBackward0. Traceback of forward call that caused the error:
  File "main_classwise.py", line 412, in <module>
    train()
  File "main_classwise.py", line 270, in train
    loss = torch.mean(weights_source * criterion(out1, target))
  File "/home/megh/anaconda3/envs/ssal/lib/python3.7/site-packages/torch/nn/modules/module.py", line 727, in _call_impl
    result = self.forward(*input, **kwargs)
  File "/home/megh/projects/domain-adaptation/SSAL/utils/loss.py", line 68, in forward
    return focal_loss(F.cross_entropy(input, target, reduction='none', weight=self.weight), self.gamma)
  File "/home/megh/projects/domain-adaptation/SSAL/utils/loss.py", line 57, in focal_loss
    loss = (1 - p) ** gamma * input_values
 (function _print_stack)
/home/megh/projects/domain-adaptation/SSAL/utils/source_classwise_weighting.py:162: RuntimeWarning: divide by zero encountered in true_divide
  per_cls_weights = (1.0 - beta) / np.array(effective_num)
/home/megh/projects/domain-adaptation/SSAL/utils/source_classwise_weighting.py:163: RuntimeWarning: invalid value encountered in true_divide
  per_cls_weights = per_cls_weights / np.sum(per_cls_weights) * len(class_num_list)
0
1
2
3
4
5
6
7
8
9
10
11
12
13
14
15
16
17
18
19
20
21
22
23
24
25
26
27
28
29
30
31
32
33
34
35
36
37
38
39
40
41
42
43
44
45
46
47
48
49
50
51
52
53
54
55
56
57
58
59
60
61
62
63
64
65
66
67
68
69
70
71
72
73
74
75
76
77
78
79
80
81
82
83
84
85
86
87
88
89
90
91
92
93
94
95
96
97
98
99
100
101
102
103
104
105
106
107
108
109
110
111
112
113
114
115
116
117
118
119
120
121
122
123
124
125
126
127
128
129
130
131
132
133
134
135
136
137
138
139
140
141
142
143
144
145
146
147
148
149
150
151
152
153
154
155
156
157
158
159
160
161
162
163
164
165
166
167
168
169
170
171
172
173
174
175
176
177
178
179
180
181
182
183
184
185
186
187
188
189
190
191
192
193
194
195
196
197
198
199
200
201
202
203
204
205
206
207
208
209
210
211
212
213
214
215
216
217
218
219
220
221
222
223
224
225
226
227
228
229
230
231
232
233
234
235
236
237
238
239
240
241
242
243
244
245
246
247
248
249
250
251
252
253
254
255
256
257
258
259
260
261
262
263
264
265
266
267
268
269
270
271
272
273
274
275
276
277
278
279
280
281
282
283
284
285
286
287
288
289
290
291
292
293
294
295
296
297
298
299
300
301
302
303
304
305
306
307
308
309
310
311
312
313
314
315
316
317
318
319
320
321
322
323
324
325
326
327
328
329
330
331
332
333
334
335
336
337
338
339
340
341
342
343
344
345
346
347
348
349
350
351
352
353
354
355
356
357
358
359
360
361
362
363
364
365
366
367
368
369
370
371
372
373
374
375
376
377
Assigned Classwise weights to source
Traceback (most recent call last):
  File "main_classwise.py", line 412, in <module>
    train()
  File "main_classwise.py", line 294, in train
    loss.backward()
  File "/home/megh/anaconda3/envs/ssal/lib/python3.7/site-packages/torch/tensor.py", line 221, in backward
    torch.autograd.backward(self, gradient, retain_graph, create_graph)
  File "/home/megh/anaconda3/envs/ssal/lib/python3.7/site-packages/torch/autograd/__init__.py", line 132, in backward
    allow_unreachable=True)  # allow_unreachable flag
RuntimeError: Function 'MulBackward0' returned nan values in its 0th output.
