Dataset multi Source real Target sketch Labeled num perclass 3 Network resnet34
126 classes in this dataset
Unlabelled Target Dataset Size:  23826
Labelled Target Dataset Size:  378
S real T sketch Train Ep: 0 lr0.01 	 Loss Classification: 4.887518 Loss T 0.470463 Method MME


Labeled Target set: Average loss: 4.9798, Accuracy: 7/1080 F1 (0.6481%)


Test set: Average loss: 4.9873, Accuracy: 433/23808 F1 (1.8187%)


Val set: Average loss: 5.0067, Accuracy: 4/360 F1 (1.1111%)

best acc test 1.818716  acc val 1.111111 acc labeled target 0.648148
saving model...
S real T sketch Train Ep: 100 lr0.009925650290240803 	 Loss Classification: 1.194959 Loss T 0.280089 Method MME

S real T sketch Train Ep: 200 lr0.009852577760521605 	 Loss Classification: 1.021278 Loss T 0.211195 Method MME

S real T sketch Train Ep: 300 lr0.009780748269686728 	 Loss Classification: 0.533882 Loss T 0.213970 Method MME

S real T sketch Train Ep: 400 lr0.009710128909124701 	 Loss Classification: 0.543903 Loss T 0.212845 Method MME

S real T sketch Train Ep: 500 lr0.00964068794694323 	 Loss Classification: 1.159371 Loss T 0.211947 Method MME


Labeled Target set: Average loss: 2.7548, Accuracy: 415/1080 F1 (38.4259%)


Test set: Average loss: 2.6469, Accuracy: 10289/23808 F1 (43.2166%)


Val set: Average loss: 2.4346, Accuracy: 167/360 F1 (46.3889%)

best acc test 43.216566  acc val 46.388889 acc labeled target 38.425926
saving model...
S real T sketch Train Ep: 600 lr0.00957239477517603 	 Loss Classification: 0.985080 Loss T 0.173911 Method MME

S real T sketch Train Ep: 700 lr0.009505219859830012 	 Loss Classification: 0.646157 Loss T 0.164164 Method MME

S real T sketch Train Ep: 800 lr0.009439134693595126 	 Loss Classification: 0.421384 Loss T 0.166363 Method MME

S real T sketch Train Ep: 900 lr0.009374111751051751 	 Loss Classification: 0.885810 Loss T 0.142549 Method MME

S real T sketch Train Ep: 1000 lr0.009310124446222227 	 Loss Classification: 0.648458 Loss T 0.172772 Method MME


Labeled Target set: Average loss: 2.5589, Accuracy: 496/1080 F1 (45.9259%)


Test set: Average loss: 2.3505, Accuracy: 11864/23808 F1 (49.8320%)


Val set: Average loss: 2.2848, Accuracy: 174/360 F1 (48.3333%)

best acc test 49.831989  acc val 48.333333 acc labeled target 45.925926
saving model...
S real T sketch Train Ep: 1100 lr0.00924714709232377 	 Loss Classification: 0.690312 Loss T 0.152357 Method MME

S real T sketch Train Ep: 1200 lr0.009185154863590003 	 Loss Classification: 0.914572 Loss T 0.139128 Method MME

S real T sketch Train Ep: 1300 lr0.00912412375903735 	 Loss Classification: 1.398030 Loss T 0.155093 Method MME

S real T sketch Train Ep: 1400 lr0.009064030568061049 	 Loss Classification: 0.704892 Loss T 0.169288 Method MME

S real T sketch Train Ep: 1500 lr0.009004852837753237 	 Loss Classification: 0.899800 Loss T 0.167601 Method MME


Labeled Target set: Average loss: 2.4338, Accuracy: 507/1080 F1 (46.9444%)


Test set: Average loss: 2.3539, Accuracy: 12231/23808 F1 (51.3735%)


Val set: Average loss: 2.2164, Accuracy: 182/360 F1 (50.5556%)

best acc test 51.373488  acc val 50.555556 acc labeled target 46.944444
saving model...
S real T sketch Train Ep: 1600 lr0.008946568841842816 	 Loss Classification: 0.763316 Loss T 0.155433 Method MME

S real T sketch Train Ep: 1700 lr0.008889157551163433 	 Loss Classification: 0.973506 Loss T 0.158774 Method MME

S real T sketch Train Ep: 1800 lr0.008832598605562044 	 Loss Classification: 0.744932 Loss T 0.127101 Method MME

S real T sketch Train Ep: 1900 lr0.008776872287166303 	 Loss Classification: 0.458957 Loss T 0.134425 Method MME

S real T sketch Train Ep: 2000 lr0.008721959494934213 	 Loss Classification: 0.544040 Loss T 0.136687 Method MME


Labeled Target set: Average loss: 2.2141, Accuracy: 556/1080 F1 (51.4815%)


Test set: Average loss: 2.2800, Accuracy: 12688/23808 F1 (53.2930%)


Val set: Average loss: 2.0033, Accuracy: 209/360 F1 (58.0556%)

best acc test 53.293011  acc val 58.055556 acc labeled target 51.481481
saving model...
S real T sketch Train Ep: 2100 lr0.008667841720414475 	 Loss Classification: 0.981957 Loss T 0.160029 Method MME

S real T sketch Train Ep: 2200 lr0.008614501024650454 	 Loss Classification: 0.537017 Loss T 0.176207 Method MME

S real T sketch Train Ep: 2300 lr0.008561920016164943 	 Loss Classification: 0.536640 Loss T 0.127951 Method MME

S real T sketch Train Ep: 2400 lr0.008510081829966844 	 Loss Classification: 0.556407 Loss T 0.146076 Method MME

S real T sketch Train Ep: 2500 lr0.008458970107524513 	 Loss Classification: 0.725602 Loss T 0.123755 Method MME


Labeled Target set: Average loss: 2.2714, Accuracy: 529/1080 F1 (48.9815%)


Test set: Average loss: 2.2790, Accuracy: 12833/23808 F1 (53.9021%)


Val set: Average loss: 1.9649, Accuracy: 200/360 F1 (55.5556%)

best acc test 53.293011  acc val 55.555556 acc labeled target 48.981481
saving model...
S real T sketch Train Ep: 2600 lr0.008408568977653933 	 Loss Classification: 1.143262 Loss T 0.149425 Method MME

S real T sketch Train Ep: 2700 lr0.00835886303827305 	 Loss Classification: 0.625045 Loss T 0.120569 Method MME

S real T sketch Train Ep: 2800 lr0.008309837338976545 	 Loss Classification: 0.678727 Loss T 0.123189 Method MME

S real T sketch Train Ep: 2900 lr0.008261477364388068 	 Loss Classification: 1.014006 Loss T 0.146328 Method MME

S real T sketch Train Ep: 3000 lr0.008213769018249545 	 Loss Classification: 0.843160 Loss T 0.102264 Method MME


Labeled Target set: Average loss: 2.2447, Accuracy: 575/1080 F1 (53.2407%)


Test set: Average loss: 2.1454, Accuracy: 13460/23808 F1 (56.5356%)


Val set: Average loss: 1.8963, Accuracy: 212/360 F1 (58.8889%)

best acc test 56.535618  acc val 58.888889 acc labeled target 53.240741
saving model...
S real T sketch Train Ep: 3100 lr0.008166698608209509 	 Loss Classification: 0.155860 Loss T 0.148155 Method MME

S real T sketch Train Ep: 3200 lr0.008120252831274708 	 Loss Classification: 0.863670 Loss T 0.103809 Method MME

S real T sketch Train Ep: 3300 lr0.008074418759891278 	 Loss Classification: 0.144206 Loss T 0.117559 Method MME

S real T sketch Train Ep: 3400 lr0.008029183828623731 	 Loss Classification: 0.161298 Loss T 0.120704 Method MME

S real T sketch Train Ep: 3500 lr0.007984535821401871 	 Loss Classification: 0.317189 Loss T 0.143694 Method MME


Labeled Target set: Average loss: 2.2309, Accuracy: 583/1080 F1 (53.9815%)


Test set: Average loss: 2.1966, Accuracy: 13467/23808 F1 (56.5650%)


Val set: Average loss: 1.9994, Accuracy: 200/360 F1 (55.5556%)

best acc test 56.535618  acc val 55.555556 acc labeled target 53.981481
saving model...
S real T sketch Train Ep: 3600 lr0.007940462859307384 	 Loss Classification: 0.688547 Loss T 0.115879 Method MME

S real T sketch Train Ep: 3700 lr0.007896953388873518 	 Loss Classification: 0.560677 Loss T 0.109673 Method MME

S real T sketch Train Ep: 3800 lr0.007853996170872714 	 Loss Classification: 0.258671 Loss T 0.136478 Method MME

S real T sketch Train Ep: 3900 lr0.00781158026956848 	 Loss Classification: 0.431467 Loss T 0.121326 Method MME

S real T sketch Train Ep: 4000 lr0.007769695042409123 	 Loss Classification: 0.602553 Loss T 0.142348 Method MME


Labeled Target set: Average loss: 2.1477, Accuracy: 590/1080 F1 (54.6296%)


Test set: Average loss: 2.1278, Accuracy: 13650/23808 F1 (57.3337%)


Val set: Average loss: 1.9088, Accuracy: 204/360 F1 (56.6667%)

best acc test 56.535618  acc val 56.666667 acc labeled target 54.629630
saving model...
S real T sketch Train Ep: 4100 lr0.007728330130142108 	 Loss Classification: 1.342071 Loss T 0.115842 Method MME

S real T sketch Train Ep: 4200 lr0.007687475447329114 	 Loss Classification: 0.815674 Loss T 0.120618 Method MME

S real T sketch Train Ep: 4300 lr0.0076471211732427845 	 Loss Classification: 0.346703 Loss T 0.100280 Method MME

S real T sketch Train Ep: 4400 lr0.007607257743127307 	 Loss Classification: 0.967535 Loss T 0.110787 Method MME

S real T sketch Train Ep: 4500 lr0.007567875839805858 	 Loss Classification: 0.188441 Loss T 0.115327 Method MME


Labeled Target set: Average loss: 2.1470, Accuracy: 614/1080 F1 (56.8519%)


Test set: Average loss: 2.2276, Accuracy: 13575/23808 F1 (57.0187%)


Val set: Average loss: 2.0653, Accuracy: 199/360 F1 (55.2778%)

best acc test 56.535618  acc val 55.277778 acc labeled target 56.851852
saving model...
S real T sketch Train Ep: 4600 lr0.007528966385618854 	 Loss Classification: 0.414705 Loss T 0.101588 Method MME

S real T sketch Train Ep: 4700 lr0.007490520534677821 	 Loss Classification: 1.332122 Loss T 0.100050 Method MME

S real T sketch Train Ep: 4800 lr0.007452529665420465 	 Loss Classification: 0.296467 Loss T 0.103293 Method MME

S real T sketch Train Ep: 4900 lr0.007414985373453289 	 Loss Classification: 0.474343 Loss T 0.115334 Method MME

S real T sketch Train Ep: 5000 lr0.007377879464668811 	 Loss Classification: 0.480393 Loss T 0.141070 Method MME


Labeled Target set: Average loss: 2.0424, Accuracy: 620/1080 F1 (57.4074%)


Test set: Average loss: 2.0740, Accuracy: 14240/23808 F1 (59.8118%)


Val set: Average loss: 1.8832, Accuracy: 216/360 F1 (60.0000%)

best acc test 59.811828  acc val 60.000000 acc labeled target 57.407407
saving model...
S real T sketch Train Ep: 5100 lr0.007341203948625087 	 Loss Classification: 0.535482 Loss T 0.090128 Method MME

S real T sketch Train Ep: 5200 lr0.007304951032175895 	 Loss Classification: 0.313726 Loss T 0.121582 Method MME

S real T sketch Train Ep: 5300 lr0.007269113113340497 	 Loss Classification: 1.006547 Loss T 0.098170 Method MME

S real T sketch Train Ep: 5400 lr0.007233682775402483 	 Loss Classification: 0.746992 Loss T 0.085558 Method MME

S real T sketch Train Ep: 5500 lr0.007198652781227704 	 Loss Classification: 0.795417 Loss T 0.110187 Method MME


Labeled Target set: Average loss: 2.2304, Accuracy: 589/1080 F1 (54.5370%)


Test set: Average loss: 2.1584, Accuracy: 13824/23808 F1 (58.0645%)


Val set: Average loss: 1.9996, Accuracy: 208/360 F1 (57.7778%)

best acc test 59.811828  acc val 57.777778 acc labeled target 54.537037
saving model...
S real T sketch Train Ep: 5600 lr0.007164016067791809 	 Loss Classification: 0.442665 Loss T 0.097536 Method MME

S real T sketch Train Ep: 5700 lr0.0071297657409083726 	 Loss Classification: 0.910008 Loss T 0.114250 Method MME

S real T sketch Train Ep: 5800 lr0.0070958950701490225 	 Loss Classification: 0.520661 Loss T 0.084901 Method MME

S real T sketch Train Ep: 5900 lr0.007062397483947426 	 Loss Classification: 0.176095 Loss T 0.100769 Method MME

S real T sketch Train Ep: 6000 lr0.007029266564879363 	 Loss Classification: 0.255812 Loss T 0.072790 Method MME


Labeled Target set: Average loss: 2.1824, Accuracy: 596/1080 F1 (55.1852%)


Test set: Average loss: 2.1817, Accuracy: 13984/23808 F1 (58.7366%)


Val set: Average loss: 1.9636, Accuracy: 208/360 F1 (57.7778%)

best acc test 59.811828  acc val 57.777778 acc labeled target 55.185185
saving model...
S real T sketch Train Ep: 6100 lr0.006996496045111504 	 Loss Classification: 0.356833 Loss T 0.077075 Method MME

S real T sketch Train Ep: 6200 lr0.00696407980201184 	 Loss Classification: 0.195674 Loss T 0.096549 Method MME

S real T sketch Train Ep: 6300 lr0.006932011853915101 	 Loss Classification: 1.048675 Loss T 0.067584 Method MME

S real T sketch Train Ep: 6400 lr0.006900286356036734 	 Loss Classification: 0.481587 Loss T 0.096425 Method MME

S real T sketch Train Ep: 6500 lr0.006868897596529406 	 Loss Classification: 0.589278 Loss T 0.076768 Method MME


Labeled Target set: Average loss: 2.2141, Accuracy: 605/1080 F1 (56.0185%)


Test set: Average loss: 2.3007, Accuracy: 13738/23808 F1 (57.7033%)


Val set: Average loss: 2.0037, Accuracy: 214/360 F1 (59.4444%)

best acc test 59.811828  acc val 59.444444 acc labeled target 56.018519
saving model...
S real T sketch Train Ep: 6600 lr0.006837839992676177 	 Loss Classification: 0.709663 Loss T 0.071498 Method MME

S real T sketch Train Ep: 6700 lr0.006807108087214876 	 Loss Classification: 0.934196 Loss T 0.103368 Method MME

S real T sketch Train Ep: 6800 lr0.006776696544788352 	 Loss Classification: 0.127537 Loss T 0.076440 Method MME

S real T sketch Train Ep: 6900 lr0.006746600148515609 	 Loss Classification: 0.455896 Loss T 0.078484 Method MME

S real T sketch Train Ep: 7000 lr0.006716813796678979 	 Loss Classification: 0.478625 Loss T 0.098059 Method MME


Labeled Target set: Average loss: 2.2559, Accuracy: 612/1080 F1 (56.6667%)


Test set: Average loss: 2.2539, Accuracy: 14060/23808 F1 (59.0558%)


Val set: Average loss: 2.0587, Accuracy: 211/360 F1 (58.6111%)

best acc test 59.811828  acc val 58.611111 acc labeled target 56.666667
saving model...
S real T sketch Train Ep: 7100 lr0.006687332499522798 	 Loss Classification: 0.350507 Loss T 0.068391 Method MME

S real T sketch Train Ep: 7200 lr0.006658151376159165 	 Loss Classification: 0.411965 Loss T 0.090642 Method MME

S real T sketch Train Ep: 7300 lr0.00662926565157663 	 Loss Classification: 0.461458 Loss T 0.103441 Method MME

S real T sketch Train Ep: 7400 lr0.006600670653747793 	 Loss Classification: 0.283919 Loss T 0.095020 Method MME

S real T sketch Train Ep: 7500 lr0.0065723618108320175 	 Loss Classification: 0.782746 Loss T 0.113532 Method MME


Labeled Target set: Average loss: 2.3464, Accuracy: 616/1080 F1 (57.0370%)


Test set: Average loss: 2.3846, Accuracy: 13749/23808 F1 (57.7495%)


Val set: Average loss: 2.1665, Accuracy: 209/360 F1 (58.0556%)

best acc test 59.811828  acc val 58.055556 acc labeled target 57.037037
saving model...
S real T sketch Train Ep: 7600 lr0.006544334648469591 	 Loss Classification: 0.592707 Loss T 0.101005 Method MME

S real T sketch Train Ep: 7700 lr0.006516584787163857 	 Loss Classification: 0.742585 Loss T 0.058624 Method MME

S real T sketch Train Ep: 7800 lr0.006489107939747966 	 Loss Classification: 0.262131 Loss T 0.088216 Method MME

S real T sketch Train Ep: 7900 lr0.0064618999089330565 	 Loss Classification: 0.556381 Loss T 0.068770 Method MME

S real T sketch Train Ep: 8000 lr0.006434956584934828 	 Loss Classification: 0.618453 Loss T 0.079053 Method MME


Labeled Target set: Average loss: 2.3166, Accuracy: 614/1080 F1 (56.8519%)


Test set: Average loss: 2.4302, Accuracy: 13818/23808 F1 (58.0393%)


Val set: Average loss: 2.1965, Accuracy: 207/360 F1 (57.5000%)

