Dataset multi Source real Target sketch Labeled num perclass 3 Network resnet34
126 classes in this dataset
Unlabelled Target Dataset Size:  23826
Labelled Target Dataset Size:  378
Misc. Labelled Target Dataset Size:  378
Bank keys - Target:  dict_keys(['feat_vec', 'labels', 'names', 'domain_identifier']) Source:  dict_keys(['feat_vec', 'labels', 'names', 'domain_identifier'])
Num  - Target:  23826 Source:  70358
Unlabeled Target Data Size: 496
S real T sketch Train Ep: 0 lr0.01 	 Loss Classification: 4.751346 Loss T 0.470020 Method MME

S real T sketch Train Ep: 100 lr0.009925650290240803 	 Loss Classification: 1.323522 Loss T 0.296393 Method MME

S real T sketch Train Ep: 200 lr0.009852577760521605 	 Loss Classification: 1.384620 Loss T 0.226000 Method MME

S real T sketch Train Ep: 300 lr0.009780748269686728 	 Loss Classification: 1.295852 Loss T 0.195026 Method MME

S real T sketch Train Ep: 400 lr0.009710128909124701 	 Loss Classification: 0.819477 Loss T 0.165691 Method MME

S real T sketch Train Ep: 500 lr0.00964068794694323 	 Loss Classification: 0.819584 Loss T 0.161561 Method MME


Labeled Target set: Average loss: 2.6737, Accuracy: 465/1080 F1 (43.0556%)


Test set: Average loss: 2.5089, Accuracy: 11424/23808 F1 (47.9839%)


Val set: Average loss: 2.3732, Accuracy: 175/360 F1 (48.6111%)

best acc test 47.983871  acc val 48.611111 acc labeled target 43.055556
saving model...
S real T sketch Train Ep: 600 lr0.00957239477517603 	 Loss Classification: 1.140935 Loss T 0.146619 Method MME

S real T sketch Train Ep: 700 lr0.009505219859830012 	 Loss Classification: 1.581532 Loss T 0.150544 Method MME

S real T sketch Train Ep: 800 lr0.009439134693595126 	 Loss Classification: 0.766222 Loss T 0.164923 Method MME

S real T sketch Train Ep: 900 lr0.009374111751051751 	 Loss Classification: 0.475536 Loss T 0.158498 Method MME

S real T sketch Train Ep: 1000 lr0.009310124446222227 	 Loss Classification: 1.144538 Loss T 0.130630 Method MME


Labeled Target set: Average loss: 2.3451, Accuracy: 534/1080 F1 (49.4444%)


Test set: Average loss: 2.3624, Accuracy: 12222/23808 F1 (51.3357%)


Val set: Average loss: 2.3030, Accuracy: 198/360 F1 (55.0000%)

best acc test 51.335685  acc val 55.000000 acc labeled target 49.444444
saving model...
S real T sketch Train Ep: 1100 lr0.00924714709232377 	 Loss Classification: 0.687401 Loss T 0.137318 Method MME

S real T sketch Train Ep: 1200 lr0.009185154863590003 	 Loss Classification: 0.899503 Loss T 0.120493 Method MME

S real T sketch Train Ep: 1300 lr0.00912412375903735 	 Loss Classification: 1.635103 Loss T 0.122367 Method MME

S real T sketch Train Ep: 1400 lr0.009064030568061049 	 Loss Classification: 0.736043 Loss T 0.116016 Method MME

S real T sketch Train Ep: 1500 lr0.009004852837753237 	 Loss Classification: 0.763425 Loss T 0.123831 Method MME


Labeled Target set: Average loss: 2.3486, Accuracy: 529/1080 F1 (48.9815%)


Test set: Average loss: 2.2675, Accuracy: 12995/23808 F1 (54.5825%)


Val set: Average loss: 2.1844, Accuracy: 198/360 F1 (55.0000%)

best acc test 54.582493  acc val 55.000000 acc labeled target 48.981481
saving model...
S real T sketch Train Ep: 1600 lr0.008946568841842816 	 Loss Classification: 1.174164 Loss T 0.129428 Method MME

S real T sketch Train Ep: 1700 lr0.008889157551163433 	 Loss Classification: 0.950305 Loss T 0.119116 Method MME

S real T sketch Train Ep: 1800 lr0.008832598605562044 	 Loss Classification: 1.067771 Loss T 0.099205 Method MME

S real T sketch Train Ep: 1900 lr0.008776872287166303 	 Loss Classification: 1.552370 Loss T 0.097151 Method MME

Per Class Accuracy Calculated According to the Labelled Target examples is:  [1.         1.         0.6666667  0.33333334 0.33333334 0.33333334
 0.33333334 0.6666667  0.6666667  0.         0.6666667  1.
 0.         0.         0.5555556  0.6666667  1.         1.
 0.22222222 0.11111111 0.6666667  0.8888889  0.33333334 0.11111111
 0.44444445 0.22222222 0.         0.7777778  0.6666667  0.33333334
 0.33333334 0.22222222 0.6666667  0.6666667  0.5555556  0.5
 0.33333334 0.         0.8333333  0.8888889  0.5555556  1.
 0.33333334 0.22222222 0.33333334 0.5555556  1.         0.7777778
 0.33333334 0.8888889  0.44444445 0.33333334 0.8888889  0.11111111
 0.44444445 0.5555556  0.6666667  0.6666667  0.7777778  0.8888889
 0.6666667  0.11111111 0.8888889  0.33333334 0.6666667  0.6666667
 0.         0.6666667  0.         1.         0.33333334 0.33333334
 0.44444445 0.33333334 1.         0.         0.44444445 0.6666667
 0.44444445 1.         0.         0.44444445 0.11111111 0.22222222
 0.44444445 0.22222222 1.         0.6666667  0.33333334 0.
 0.22222222 0.7777778  0.5        0.44444445 1.         0.44444445
 0.5555556  0.33333334 0.11111111 0.         0.7777778  0.33333334
 1.         0.22222222 0.6666667  0.         0.33333334 0.6666667
 0.         0.6666667  0.5555556  0.6666667  0.33333334 1.
 0.8333333  1.         0.11111111 1.         0.         0.33333334
 0.6666667  0.8888889  0.5555556  0.         0.11111111 1.        ]
Top k classes which perform poorly are:  [13, 68, 80, 66, 37, 75, 105, 99, 12, 118, 26, 9, 108, 89, 123, 61, 82, 53, 19, 116, 23, 124, 98, 90, 43, 83, 31, 85, 18, 103, 25, 88, 3, 4, 5, 51, 6, 73, 48, 106, 63, 44, 71, 42, 70, 36, 112, 101, 22, 97, 30, 29, 119, 81, 72, 78, 84, 95, 76, 54, 50, 93, 24, 92, 35, 110, 122, 14, 34, 40, 45, 96, 55, 87, 104, 107, 109, 111, 7, 28, 32, 33, 77, 8, 120, 15, 56, 20, 10, 60, 64, 65, 67, 2, 57, 58, 91, 47, 27, 100, 114, 38, 121, 62, 49, 52, 59, 21, 39, 117, 115, 113, 0, 94, 86, 79, 74, 69, 46, 41, 17, 16, 11, 1, 102, 125]
