Dataset multi Source real Target sketch Labeled num perclass 3 Network resnet34
126 classes in this dataset
Labelled Source Examples:  70358
Unlabelled Target Dataset Size:  23826
Labelled Target Dataset Size:  378
Misc. Labelled Target Dataset Size:  378
Bank keys - Target:  dict_keys(['feat_vec', 'labels', 'names', 'domain_identifier']) Source:  dict_keys(['feat_vec', 'labels', 'names', 'domain_identifier'])
Num  - Target:  23826 Source:  70358
Unlabeled Target Data Batches: 496
S real T sketch Train Ep: 0 lr0.01 	 Loss Classification: 5.139830 Loss T 0.470243 Method MME

24
24
24
24
24
24
24
24
24
24
24
24
24
24
24
24
tensor(1134.)

Labeled Target set: Average loss: 4.9503, Accuracy: 3/1134 F1 (0.2646%)

m_list is: 
 [9. 9. 9. 9. 9. 9. 9. 9. 9. 9. 9. 9. 9. 9. 9. 9. 9. 9. 9. 9. 9. 9. 9. 9.
 9. 9. 9. 9. 9. 9. 9. 9. 9. 9. 9. 9. 9. 9. 9. 9. 9. 9. 9. 9. 9. 9. 9. 9.
 9. 9. 9. 9. 9. 9. 9. 9. 9. 9. 9. 9. 9. 9. 9. 9. 9. 9. 8. 9. 8. 9. 9. 9.
 9. 9. 9. 9. 9. 9. 9. 9. 9. 9. 9. 9. 9. 9. 9. 9. 9. 9. 9. 9. 9. 9. 9. 9.
 9. 9. 9. 9. 9. 9. 9. 9. 9. 9. 9. 9. 8. 9. 9. 9. 9. 9. 9. 9. 9. 9. 9. 9.
 9. 9. 9. 9. 9. 9.]
LDAMLoss_misclassification()

Test set: Average loss: 4.9907, Accuracy: 180/23808 F1 (0.7560%)


Val set: Average loss: 4.9810, Accuracy: 1/360 F1 (0.2778%)

Patience Reset, Counter is: 0
best acc test 0.756048  acc val 0.277778 acc labeled target 0.264550
saving model...
S real T sketch Train Ep: 100 lr0.009925650290240803 	 Loss Classification: 1.121078 Loss T 0.281176 Method MME

S real T sketch Train Ep: 200 lr0.009852577760521605 	 Loss Classification: 0.584300 Loss T 0.230220 Method MME

S real T sketch Train Ep: 300 lr0.009780748269686728 	 Loss Classification: 0.567291 Loss T 0.199471 Method MME

S real T sketch Train Ep: 400 lr0.009710128909124701 	 Loss Classification: 1.647401 Loss T 0.156069 Method MME

S real T sketch Train Ep: 500 lr0.00964068794694323 	 Loss Classification: 0.834581 Loss T 0.177767 Method MME

24
24
24
24
24
24
24
24
24
24
24
24
24
24
24
24
tensor(1134.)

Labeled Target set: Average loss: 2.5876, Accuracy: 464/1134 F1 (40.9171%)

m_list is: 
 [3. 0. 7. 6. 9. 9. 9. 3. 4. 9. 2. 2. 9. 9. 7. 9. 0. 4. 8. 6. 4. 3. 9. 9.
 5. 9. 9. 7. 4. 1. 5. 9. 7. 8. 0. 6. 7. 9. 3. 3. 3. 1. 5. 7. 7. 7. 0. 3.
 4. 0. 6. 8. 0. 3. 7. 4. 4. 1. 3. 6. 3. 6. 3. 7. 4. 3. 9. 3. 8. 3. 7. 9.
 2. 6. 3. 7. 8. 6. 4. 7. 9. 7. 6. 6. 7. 9. 3. 3. 9. 4. 8. 4. 4. 1. 2. 5.
 6. 1. 5. 9. 4. 6. 4. 4. 9. 9. 6. 2. 9. 9. 9. 6. 3. 2. 9. 1. 5. 3. 7. 7.
 6. 0. 5. 9. 9. 0.]
LDAMLoss_misclassification()

Test set: Average loss: 2.4530, Accuracy: 11184/23808 F1 (46.9758%)


Val set: Average loss: 2.4003, Accuracy: 184/360 F1 (51.1111%)

Patience Reset, Counter is: 0
best acc test 46.975806  acc val 51.111111 acc labeled target 40.917108
saving model...
S real T sketch Train Ep: 600 lr0.00957239477517603 	 Loss Classification: 0.889241 Loss T 0.138676 Method MME

S real T sketch Train Ep: 700 lr0.009505219859830012 	 Loss Classification: 0.984769 Loss T 0.152348 Method MME

S real T sketch Train Ep: 800 lr0.009439134693595126 	 Loss Classification: 1.190953 Loss T 0.158587 Method MME

S real T sketch Train Ep: 900 lr0.009374111751051751 	 Loss Classification: 1.195879 Loss T 0.141578 Method MME

S real T sketch Train Ep: 1000 lr0.009310124446222227 	 Loss Classification: 0.754076 Loss T 0.150532 Method MME

24
24
24
24
24
24
24
24
24
24
24
24
24
24
24
24
tensor(1134.)

Labeled Target set: Average loss: 2.5002, Accuracy: 527/1134 F1 (46.4727%)

m_list is: 
 [2. 3. 6. 5. 3. 9. 7. 3. 4. 7. 0. 1. 9. 9. 8. 9. 1. 0. 6. 7. 3. 3. 5. 9.
 4. 7. 9. 7. 6. 7. 6. 5. 9. 3. 4. 4. 9. 9. 2. 3. 5. 3. 6. 2. 3. 6. 0. 4.
 3. 0. 5. 7. 1. 5. 0. 7. 5. 4. 4. 2. 1. 6. 3. 6. 3. 4. 7. 1. 9. 3. 9. 7.
 8. 5. 3. 8. 7. 4. 0. 8. 9. 9. 7. 7. 4. 3. 2. 3. 7. 6. 6. 0. 4. 6. 0. 4.
 4. 2. 8. 6. 2. 5. 3. 3. 3. 9. 6. 2. 8. 7. 6. 5. 5. 4. 7. 0. 8. 3. 8. 4.
 2. 3. 2. 9. 9. 0.]
LDAMLoss_misclassification()

Test set: Average loss: 2.2572, Accuracy: 12600/23808 F1 (52.9234%)


Val set: Average loss: 2.2253, Accuracy: 190/360 F1 (52.7778%)

Patience Reset, Counter is: 0
best acc test 52.923387  acc val 52.777778 acc labeled target 46.472663
saving model...
S real T sketch Train Ep: 1100 lr0.00924714709232377 	 Loss Classification: 0.718008 Loss T 0.142120 Method MME

S real T sketch Train Ep: 1200 lr0.009185154863590003 	 Loss Classification: 0.884363 Loss T 0.151280 Method MME

S real T sketch Train Ep: 1300 lr0.00912412375903735 	 Loss Classification: 0.803193 Loss T 0.125327 Method MME

S real T sketch Train Ep: 1400 lr0.009064030568061049 	 Loss Classification: 0.425643 Loss T 0.123472 Method MME

S real T sketch Train Ep: 1500 lr0.009004852837753237 	 Loss Classification: 0.667097 Loss T 0.128328 Method MME

24
24
24
24
24
24
24
24
24
24
24
24
24
24
24
24
tensor(1134.)

Labeled Target set: Average loss: 2.2769, Accuracy: 594/1134 F1 (52.3810%)

m_list is: 
 [2. 0. 6. 6. 4. 9. 4. 1. 2. 6. 2. 0. 9. 9. 6. 3. 2. 1. 9. 7. 2. 0. 2. 6.
 3. 7. 9. 4. 4. 6. 3. 5. 6. 5. 2. 6. 6. 9. 2. 2. 6. 3. 7. 8. 4. 3. 0. 4.
 4. 1. 5. 6. 0. 3. 4. 3. 2. 2. 0. 3. 2. 7. 2. 6. 0. 4. 8. 3. 6. 0. 6. 5.
 6. 6. 0. 6. 9. 3. 5. 1. 9. 1. 6. 8. 5. 6. 2. 3. 7. 6. 7. 0. 3. 1. 0. 5.
 4. 1. 7. 9. 2. 5. 3. 4. 3. 9. 7. 4. 9. 6. 5. 2. 3. 1. 9. 1. 6. 4. 8. 6.
 1. 2. 2. 9. 9. 0.]
LDAMLoss_misclassification()

Test set: Average loss: 2.1220, Accuracy: 13280/23808 F1 (55.7796%)


Val set: Average loss: 2.0015, Accuracy: 190/360 F1 (52.7778%)

Patience Reset, Counter is: 0
best acc test 55.779570  acc val 52.777778 acc labeled target 52.380952
saving model...
S real T sketch Train Ep: 1600 lr0.008946568841842816 	 Loss Classification: 0.561467 Loss T 0.107002 Method MME

S real T sketch Train Ep: 1700 lr0.008889157551163433 	 Loss Classification: 0.701618 Loss T 0.113253 Method MME

S real T sketch Train Ep: 1800 lr0.008832598605562044 	 Loss Classification: 0.992332 Loss T 0.121243 Method MME

S real T sketch Train Ep: 1900 lr0.008776872287166303 	 Loss Classification: 0.463371 Loss T 0.099698 Method MME

Per Class Accuracy Calculated According to the Labelled Target examples is:  [0.7777778  1.         0.33333334 0.33333334 0.5555556  0.
 0.5555556  0.8888889  0.7777778  0.33333334 0.7777778  1.
 0.         0.         0.33333334 0.6666667  0.7777778  0.8888889
 0.         0.22222222 0.7777778  1.         0.7777778  0.33333334
 0.6666667  0.22222222 0.         0.5555556  0.5555556  0.33333334
 0.6666667  0.44444445 0.33333334 0.44444445 0.7777778  0.33333334
 0.33333334 0.         0.7777778  0.7777778  0.33333334 0.6666667
 0.22222222 0.11111111 0.5555556  0.6666667  1.         0.5555556
 0.5555556  0.8888889  0.44444445 0.33333334 1.         0.6666667
 0.5555556  0.6666667  0.7777778  0.7777778  1.         0.6666667
 0.7777778  0.22222222 0.7777778  0.33333334 1.         0.5555556
 0.11111111 0.6666667  0.33333334 1.         0.33333334 0.44444445
 0.33333334 0.33333334 1.         0.33333334 0.         0.6666667
 0.44444445 0.8888889  0.         0.8888889  0.33333334 0.11111111
 0.44444445 0.33333334 0.7777778  0.6666667  0.22222222 0.33333334
 0.22222222 1.         0.6666667  0.8888889  1.         0.44444445
 0.5555556  0.8888889  0.22222222 0.         0.7777778  0.44444445
 0.6666667  0.5555556  0.6666667  0.         0.22222222 0.5555556
 0.         0.33333334 0.44444445 0.7777778  0.6666667  0.8888889
 0.         0.8888889  0.33333334 0.5555556  0.11111111 0.33333334
 0.8888889  0.7777778  0.7777778  0.         0.         1.        ]
Top k classes which perform poorly are:  [80, 18, 37, 76, 124, 13, 12, 105, 114, 26, 5, 99, 108, 123, 118, 43, 66, 83, 25, 42, 106, 90, 61, 88, 98, 19, 51, 63, 75, 89, 68, 40, 70, 109, 72, 36, 73, 32, 2, 82, 3, 29, 9, 119, 14, 35, 23, 116, 85, 71, 101, 78, 110, 50, 33, 31, 95, 84, 4, 6, 65, 28, 44, 107, 117, 103, 47, 96, 48, 27, 54, 92, 87, 77, 45, 59, 102, 104, 55, 53, 41, 30, 24, 112, 15, 67, 100, 111, 121, 122, 0, 62, 86, 8, 10, 16, 20, 22, 34, 38, 56, 57, 39, 60, 7, 93, 120, 81, 17, 115, 113, 79, 49, 97, 21, 74, 58, 69, 91, 46, 11, 94, 52, 64, 1, 125]
Per cls weights according to the accuracy are:  tensor([1.2297, 1.1839, 1.3583, 1.3583, 1.2869, 1.5000, 1.2869, 1.2056, 1.2297,
        1.3583, 1.2297, 1.1839, 1.5000, 1.5000, 1.3583, 1.2567, 1.2297, 1.2056,
        1.5000, 1.4004, 1.2297, 1.1839, 1.2297, 1.3583, 1.2567, 1.4004, 1.5000,
        1.2869, 1.2869, 1.3583, 1.2567, 1.3206, 1.3583, 1.3206, 1.2297, 1.3583,
        1.3583, 1.5000, 1.2297, 1.2297, 1.3583, 1.2567, 1.4004, 1.4474, 1.2869,
        1.2567, 1.1839, 1.2869, 1.2869, 1.2056, 1.3206, 1.3583, 1.1839, 1.2567,
        1.2869, 1.2567, 1.2297, 1.2297, 1.1839, 1.2567, 1.2297, 1.4004, 1.2297,
        1.3583, 1.1839, 1.2869, 1.4474, 1.2567, 1.3583, 1.1839, 1.3583, 1.3206,
        1.3583, 1.3583, 1.1839, 1.3583, 1.5000, 1.2567, 1.3206, 1.2056, 1.5000,
        1.2056, 1.3583, 1.4474, 1.3206, 1.3583, 1.2297, 1.2567, 1.4004, 1.3583,
        1.4004, 1.1839, 1.2567, 1.2056, 1.1839, 1.3206, 1.2869, 1.2056, 1.4004,
        1.5000, 1.2297, 1.3206, 1.2567, 1.2869, 1.2567, 1.5000, 1.4004, 1.2869,
        1.5000, 1.3583, 1.3206, 1.2297, 1.2567, 1.2056, 1.5000, 1.2056, 1.3583,
        1.2869, 1.4474, 1.3583, 1.2056, 1.2297, 1.2297, 1.5000, 1.5000, 1.1839])
0
1
2
3
4
5
6
7
8
9
10
11
12
13
14
15
16
17
18
19
20
21
22
23
24
25
26
27
28
29
30
31
32
33
34
35
36
37
38
39
40
41
42
43
44
45
46
47
48
49
50
51
52
53
54
55
56
57
58
59
60
61
62
63
64
65
66
67
68
69
70
71
72
73
74
75
76
77
78
79
80
81
82
83
84
85
86
87
88
89
90
91
92
93
94
95
96
97
98
99
100
101
102
103
104
105
106
107
108
109
110
111
112
113
114
115
116
117
118
119
120
121
122
123
124
125
126
127
128
129
130
131
132
133
134
135
136
137
138
139
140
141
142
143
144
145
146
147
148
149
150
151
152
153
154
155
156
157
158
159
160
161
162
163
164
165
166
167
168
169
170
171
172
173
174
175
176
177
178
179
180
181
182
183
184
185
186
187
188
189
190
191
192
193
194
195
196
197
198
199
200
201
202
203
204
205
206
207
208
209
210
211
212
213
214
215
216
217
218
219
220
221
222
223
224
225
226
227
228
229
230
231
232
233
234
235
236
237
238
239
240
241
242
243
244
245
246
247
248
249
250
251
252
253
254
255
256
257
258
259
260
261
262
263
264
265
266
267
268
269
270
271
272
273
274
275
276
277
278
279
280
281
282
283
284
285
286
287
288
289
290
291
292
293
294
295
296
297
298
299
300
301
302
303
304
305
306
307
308
309
310
311
312
313
314
315
316
317
318
319
320
321
322
323
324
325
326
327
328
329
330
331
332
333
334
335
336
337
338
339
340
341
342
343
344
345
346
347
348
349
350
351
352
353
354
355
356
357
358
359
360
361
362
363
364
365
366
367
368
369
370
371
372
373
374
375
376
377
Per cls weights according to the accuracy are:  tensor([0.7703, 0.8161, 0.6417, 0.6417, 0.7131, 0.5000, 0.7131, 0.7944, 0.7703,
        0.6417, 0.7703, 0.8161, 0.5000, 0.5000, 0.6417, 0.7433, 0.7703, 0.7944,
        0.5000, 0.5996, 0.7703, 0.8161, 0.7703, 0.6417, 0.7433, 0.5996, 0.5000,
        0.7131, 0.7131, 0.6417, 0.7433, 0.6794, 0.6417, 0.6794, 0.7703, 0.6417,
        0.6417, 0.5000, 0.7703, 0.7703, 0.6417, 0.7433, 0.5996, 0.5526, 0.7131,
        0.7433, 0.8161, 0.7131, 0.7131, 0.7944, 0.6794, 0.6417, 0.8161, 0.7433,
        0.7131, 0.7433, 0.7703, 0.7703, 0.8161, 0.7433, 0.7703, 0.5996, 0.7703,
        0.6417, 0.8161, 0.7131, 0.5526, 0.7433, 0.6417, 0.8161, 0.6417, 0.6794,
        0.6417, 0.6417, 0.8161, 0.6417, 0.5000, 0.7433, 0.6794, 0.7944, 0.5000,
        0.7944, 0.6417, 0.5526, 0.6794, 0.6417, 0.7703, 0.7433, 0.5996, 0.6417,
        0.5996, 0.8161, 0.7433, 0.7944, 0.8161, 0.6794, 0.7131, 0.7944, 0.5996,
        0.5000, 0.7703, 0.6794, 0.7433, 0.7131, 0.7433, 0.5000, 0.5996, 0.7131,
        0.5000, 0.6417, 0.6794, 0.7703, 0.7433, 0.7944, 0.5000, 0.7944, 0.6417,
        0.7131, 0.5526, 0.6417, 0.7944, 0.7703, 0.7703, 0.5000, 0.5000, 0.8161])
0
1
2
3
4
5
6
7
8
9
10
11
12
13
14
15
16
17
18
19
20
21
22
23
24
25
26
27
28
29
30
31
32
33
34
35
36
37
38
39
40
41
42
43
44
45
46
47
48
49
50
51
52
53
54
55
56
57
58
59
60
61
62
63
64
65
66
67
68
69
70
71
72
73
74
75
76
77
78
79
80
81
82
83
84
85
86
87
88
89
90
91
92
93
94
95
96
97
98
99
100
101
102
103
104
105
106
107
108
109
110
111
112
113
114
115
116
117
118
119
120
121
122
123
124
125
126
127
128
129
130
131
132
133
134
135
136
137
138
139
140
141
142
143
144
145
146
147
148
149
150
151
152
153
154
155
156
157
158
159
160
161
162
163
164
165
166
167
168
169
170
171
172
173
174
175
176
177
178
179
180
181
182
183
184
185
186
187
188
189
190
191
192
193
194
195
196
197
198
199
200
201
202
203
204
205
206
207
208
209
210
211
212
213
214
215
216
217
218
219
220
221
222
223
224
225
226
227
228
229
230
231
232
233
234
235
236
237
238
239
240
241
242
243
244
245
246
247
248
249
250
251
252
253
254
255
256
257
258
259
260
261
262
263
264
265
266
267
268
269
270
271
272
273
274
275
276
277
278
279
280
281
282
283
284
285
286
287
288
289
290
291
292
293
294
295
296
297
298
299
300
301
302
303
304
305
306
307
308
309
310
311
312
313
314
315
316
317
318
319
320
321
322
323
324
325
326
327
328
329
330
331
332
333
334
335
336
337
338
339
340
341
342
343
344
345
346
347
348
349
350
351
352
353
354
355
356
357
358
359
360
361
362
363
364
365
366
367
368
369
370
371
372
373
374
375
376
377
Assigned Classwise weights to source
S real T sketch Train Ep: 2000 lr0.008721959494934213 	 Loss Classification: 0.809330 Loss T 0.120310 Method MME

24
24
24
24
24
24
24
24
24
24
24
24
24
24
24
24
tensor(1134.)

Labeled Target set: Average loss: 2.5152, Accuracy: 573/1134 F1 (50.5291%)

m_list is: 
 [2. 0. 6. 6. 6. 9. 8. 3. 6. 6. 3. 2. 9. 9. 8. 3. 1. 2. 0. 9. 3. 2. 6. 4.
 5. 6. 6. 2. 3. 7. 5. 8. 7. 5. 4. 7. 7. 9. 3. 3. 4. 3. 8. 8. 3. 6. 0. 2.
 5. 0. 5. 9. 0. 6. 5. 7. 4. 1. 0. 0. 0. 7. 3. 7. 3. 5. 4. 3. 4. 1. 7. 6.
 5. 4. 2. 6. 9. 3. 1. 1. 9. 1. 7. 7. 1. 5. 1. 3. 9. 9. 8. 1. 4. 0. 0. 6.
 7. 0. 9. 6. 2. 5. 3. 4. 4. 9. 6. 5. 9. 5. 3. 1. 5. 0. 7. 0. 8. 3. 3. 7.
 1. 0. 1. 9. 9. 2.]
LDAMLoss_misclassification()

Test set: Average loss: 2.3148, Accuracy: 12962/23808 F1 (54.4439%)


Val set: Average loss: 2.1625, Accuracy: 193/360 F1 (53.6111%)

Patience Reset, Counter is: 0
best acc test 54.443884  acc val 53.611111 acc labeled target 50.529101
saving model...
S real T sketch Train Ep: 2100 lr0.008667841720414475 	 Loss Classification: 0.744161 Loss T 0.091743 Method MME

S real T sketch Train Ep: 2200 lr0.008614501024650454 	 Loss Classification: 0.585065 Loss T 0.126235 Method MME

S real T sketch Train Ep: 2300 lr0.008561920016164943 	 Loss Classification: 0.801581 Loss T 0.099945 Method MME

S real T sketch Train Ep: 2400 lr0.008510081829966844 	 Loss Classification: 0.496462 Loss T 0.106313 Method MME

S real T sketch Train Ep: 2500 lr0.008458970107524513 	 Loss Classification: 0.403912 Loss T 0.098808 Method MME

24
24
24
24
24
24
24
24
24
24
24
24
24
24
24
24
tensor(1134.)

Labeled Target set: Average loss: 2.3415, Accuracy: 581/1134 F1 (51.2346%)

m_list is: 
 [6. 0. 3. 6. 3. 6. 6. 1. 4. 8. 3. 0. 9. 7. 7. 3. 6. 1. 2. 7. 3. 1. 8. 6.
 5. 7. 9. 0. 3. 8. 3. 6. 7. 3. 6. 6. 8. 9. 3. 3. 1. 2. 8. 5. 5. 3. 0. 2.
 6. 0. 6. 9. 0. 5. 0. 5. 0. 4. 3. 1. 0. 7. 0. 6. 4. 4. 9. 3. 8. 1. 6. 3.
 5. 6. 4. 5. 9. 1. 0. 1. 9. 3. 7. 9. 4. 4. 0. 3. 9. 5. 8. 0. 3. 3. 1. 4.
 4. 2. 9. 9. 0. 4. 3. 3. 3. 9. 8. 5. 8. 7. 8. 6. 2. 0. 3. 1. 7. 3. 9. 7.
 0. 0. 4. 9. 9. 0.]
LDAMLoss_misclassification()

Test set: Average loss: 2.0664, Accuracy: 13915/23808 F1 (58.4467%)


Val set: Average loss: 2.1051, Accuracy: 201/360 F1 (55.8333%)

Patience Reset, Counter is: 0
best acc test 58.446741  acc val 55.833333 acc labeled target 51.234568
saving model...
S real T sketch Train Ep: 2600 lr0.008408568977653933 	 Loss Classification: 0.740282 Loss T 0.080731 Method MME

S real T sketch Train Ep: 2700 lr0.00835886303827305 	 Loss Classification: 0.410556 Loss T 0.081936 Method MME

S real T sketch Train Ep: 2800 lr0.008309837338976545 	 Loss Classification: 0.566725 Loss T 0.091090 Method MME

S real T sketch Train Ep: 2900 lr0.008261477364388068 	 Loss Classification: 0.478115 Loss T 0.112028 Method MME

Per Class Accuracy Calculated According to the Labelled Target examples is:  [0.33333334 1.         0.6666667  0.33333334 0.6666667  0.33333334
 0.33333334 0.8888889  0.5555556  0.11111111 0.6666667  1.
 0.         0.22222222 0.22222222 0.6666667  0.33333334 0.8888889
 0.7777778  0.22222222 0.6666667  0.8888889  0.11111111 0.33333334
 0.44444445 0.22222222 0.         1.         0.6666667  0.11111111
 0.6666667  0.33333334 0.22222222 0.6666667  0.33333334 0.33333334
 0.11111111 0.         0.6666667  0.6666667  0.8888889  0.7777778
 0.11111111 0.44444445 0.44444445 0.6666667  1.         0.7777778
 0.33333334 1.         0.33333334 0.         1.         0.44444445
 1.         0.44444445 1.         0.5555556  0.6666667  0.8888889
 1.         0.22222222 1.         0.33333334 0.5555556  0.5555556
 0.         0.6666667  0.11111111 0.8888889  0.33333334 0.6666667
 0.44444445 0.33333334 0.5555556  0.44444445 0.         0.8888889
 1.         0.8888889  0.         0.6666667  0.22222222 0.
 0.5555556  0.5555556  1.         0.6666667  0.         0.44444445
 0.11111111 1.         0.6666667  0.6666667  0.8888889  0.5555556
 0.5555556  0.7777778  0.         0.         1.         0.5555556
 0.6666667  0.6666667  0.6666667  0.         0.11111111 0.44444445
 0.11111111 0.22222222 0.11111111 0.33333334 0.7777778  1.
 0.6666667  0.8888889  0.22222222 0.6666667  0.         0.22222222
 1.         1.         0.5555556  0.         0.         1.        ]
Top k classes which perform poorly are:  [123, 37, 76, 105, 51, 99, 98, 118, 80, 88, 83, 12, 124, 26, 66, 110, 29, 36, 22, 68, 42, 108, 106, 90, 9, 19, 119, 32, 109, 116, 13, 14, 25, 82, 61, 48, 111, 50, 63, 73, 70, 0, 16, 23, 6, 3, 35, 34, 5, 31, 55, 72, 24, 75, 107, 53, 89, 43, 44, 74, 101, 96, 122, 95, 65, 84, 85, 8, 57, 64, 10, 93, 15, 81, 92, 87, 114, 103, 30, 45, 71, 20, 104, 67, 4, 28, 58, 102, 117, 33, 38, 2, 39, 41, 112, 18, 47, 97, 40, 94, 79, 77, 69, 21, 115, 59, 7, 17, 113, 121, 120, 62, 91, 86, 78, 60, 56, 54, 52, 49, 46, 27, 11, 1, 100, 125]
Per cls weights according to the accuracy are:  tensor([1.3583, 1.1839, 1.2567, 1.3583, 1.2567, 1.3583, 1.3583, 1.2056, 1.2869,
        1.4474, 1.2567, 1.1839, 1.5000, 1.4004, 1.4004, 1.2567, 1.3583, 1.2056,
        1.2297, 1.4004, 1.2567, 1.2056, 1.4474, 1.3583, 1.3206, 1.4004, 1.5000,
        1.1839, 1.2567, 1.4474, 1.2567, 1.3583, 1.4004, 1.2567, 1.3583, 1.3583,
        1.4474, 1.5000, 1.2567, 1.2567, 1.2056, 1.2297, 1.4474, 1.3206, 1.3206,
        1.2567, 1.1839, 1.2297, 1.3583, 1.1839, 1.3583, 1.5000, 1.1839, 1.3206,
        1.1839, 1.3206, 1.1839, 1.2869, 1.2567, 1.2056, 1.1839, 1.4004, 1.1839,
        1.3583, 1.2869, 1.2869, 1.5000, 1.2567, 1.4474, 1.2056, 1.3583, 1.2567,
        1.3206, 1.3583, 1.2869, 1.3206, 1.5000, 1.2056, 1.1839, 1.2056, 1.5000,
        1.2567, 1.4004, 1.5000, 1.2869, 1.2869, 1.1839, 1.2567, 1.5000, 1.3206,
        1.4474, 1.1839, 1.2567, 1.2567, 1.2056, 1.2869, 1.2869, 1.2297, 1.5000,
        1.5000, 1.1839, 1.2869, 1.2567, 1.2567, 1.2567, 1.5000, 1.4474, 1.3206,
        1.4474, 1.4004, 1.4474, 1.3583, 1.2297, 1.1839, 1.2567, 1.2056, 1.4004,
        1.2567, 1.5000, 1.4004, 1.1839, 1.1839, 1.2869, 1.5000, 1.5000, 1.1839])
0
1
2
3
4
5
6
7
8
9
10
11
12
13
14
15
16
17
18
19
20
21
22
23
24
25
26
27
28
29
30
31
32
33
34
35
36
37
38
39
40
41
42
43
44
45
46
47
48
49
50
51
52
53
54
55
56
57
58
59
60
61
62
63
64
65
66
67
68
69
70
71
72
73
74
75
76
77
78
79
80
81
82
83
84
85
86
87
88
89
90
91
92
93
94
95
96
97
98
99
100
101
102
103
104
105
106
107
108
109
110
111
112
113
114
115
116
117
118
119
120
121
122
123
124
125
126
127
128
129
130
131
132
133
134
135
136
137
138
139
140
141
142
143
144
145
146
147
148
149
150
151
152
153
154
155
156
157
158
159
160
161
162
163
164
165
166
167
168
169
170
171
172
173
174
175
176
177
178
179
180
181
182
183
184
185
186
187
188
189
190
191
192
193
194
195
196
197
198
199
200
201
202
203
204
205
206
207
208
209
210
211
212
213
214
215
216
217
218
219
220
221
222
223
224
225
226
227
228
229
230
231
232
233
234
235
236
237
238
239
240
241
242
243
244
245
246
247
248
249
250
251
252
253
254
255
256
257
258
259
260
261
262
263
264
265
266
267
268
269
270
271
272
273
274
275
276
277
278
279
280
281
282
283
284
285
286
287
288
289
290
291
292
293
294
295
296
297
298
299
300
301
302
303
304
305
306
307
308
309
310
311
312
313
314
315
316
317
318
319
320
321
322
323
324
325
326
327
328
329
330
331
332
333
334
335
336
337
338
339
340
341
342
343
344
345
346
347
348
349
350
351
352
353
354
355
356
357
358
359
360
361
362
363
364
365
366
367
368
369
370
371
372
373
374
375
376
377
Per cls weights according to the accuracy are:  tensor([0.6417, 0.8161, 0.7433, 0.6417, 0.7433, 0.6417, 0.6417, 0.7944, 0.7131,
        0.5526, 0.7433, 0.8161, 0.5000, 0.5996, 0.5996, 0.7433, 0.6417, 0.7944,
        0.7703, 0.5996, 0.7433, 0.7944, 0.5526, 0.6417, 0.6794, 0.5996, 0.5000,
        0.8161, 0.7433, 0.5526, 0.7433, 0.6417, 0.5996, 0.7433, 0.6417, 0.6417,
        0.5526, 0.5000, 0.7433, 0.7433, 0.7944, 0.7703, 0.5526, 0.6794, 0.6794,
        0.7433, 0.8161, 0.7703, 0.6417, 0.8161, 0.6417, 0.5000, 0.8161, 0.6794,
        0.8161, 0.6794, 0.8161, 0.7131, 0.7433, 0.7944, 0.8161, 0.5996, 0.8161,
        0.6417, 0.7131, 0.7131, 0.5000, 0.7433, 0.5526, 0.7944, 0.6417, 0.7433,
        0.6794, 0.6417, 0.7131, 0.6794, 0.5000, 0.7944, 0.8161, 0.7944, 0.5000,
        0.7433, 0.5996, 0.5000, 0.7131, 0.7131, 0.8161, 0.7433, 0.5000, 0.6794,
        0.5526, 0.8161, 0.7433, 0.7433, 0.7944, 0.7131, 0.7131, 0.7703, 0.5000,
        0.5000, 0.8161, 0.7131, 0.7433, 0.7433, 0.7433, 0.5000, 0.5526, 0.6794,
        0.5526, 0.5996, 0.5526, 0.6417, 0.7703, 0.8161, 0.7433, 0.7944, 0.5996,
        0.7433, 0.5000, 0.5996, 0.8161, 0.8161, 0.7131, 0.5000, 0.5000, 0.8161])
0
1
2
3
4
5
6
7
8
9
10
11
12
13
14
15
16
17
18
19
20
21
22
23
24
25
26
27
28
29
30
31
32
33
34
35
36
37
38
39
40
41
42
43
44
45
46
47
48
49
50
51
52
53
54
55
56
57
58
59
60
61
62
63
64
65
66
67
68
69
70
71
72
73
74
75
76
77
78
79
80
81
82
83
84
85
86
87
88
89
90
91
92
93
94
95
96
97
98
99
100
101
102
103
104
105
106
107
108
109
110
111
112
113
114
115
116
117
118
119
120
121
122
123
124
125
126
127
128
129
130
131
132
133
134
135
136
137
138
139
140
141
142
143
144
145
146
147
148
149
150
151
152
153
154
155
156
157
158
159
160
161
162
163
164
165
166
167
168
169
170
171
172
173
174
175
176
177
178
179
180
181
182
183
184
185
186
187
188
189
190
191
192
193
194
195
196
197
198
199
200
201
202
203
204
205
206
207
208
209
210
211
212
213
214
215
216
217
218
219
220
221
222
223
224
225
226
227
228
229
230
231
232
233
234
235
236
237
238
239
240
241
242
243
244
245
246
247
248
249
250
251
252
253
254
255
256
257
258
259
260
261
262
263
264
265
266
267
268
269
270
271
272
273
274
275
276
277
278
279
280
281
282
283
284
285
286
287
288
289
290
291
292
293
294
295
296
297
298
299
300
301
302
303
304
305
306
307
308
309
310
311
312
313
314
315
316
317
318
319
320
321
322
323
324
325
326
327
328
329
330
331
332
333
334
335
336
337
338
339
340
341
342
343
344
345
346
347
348
349
350
351
352
353
354
355
356
357
358
359
360
361
362
363
364
365
366
367
368
369
370
371
372
373
374
375
376
377
Assigned Classwise weights to source
S real T sketch Train Ep: 3000 lr0.008213769018249545 	 Loss Classification: 0.481706 Loss T 0.118935 Method MME

24
24
24
24
24
24
24
24
24
24
24
24
24
24
24
24
tensor(1134.)

Labeled Target set: Average loss: 2.6009, Accuracy: 556/1134 F1 (49.0300%)

m_list is: 
 [2. 0. 3. 5. 6. 8. 6. 2. 3. 7. 2. 2. 9. 9. 5. 2. 1. 3. 4. 8. 3. 0. 7. 6.
 7. 7. 7. 0. 7. 4. 5. 7. 5. 6. 9. 5. 9. 9. 2. 3. 4. 3. 6. 9. 3. 3. 0. 5.
 6. 1. 3. 7. 2. 2. 2. 6. 5. 2. 3. 0. 1. 7. 0. 6. 4. 3. 9. 1. 6. 0. 6. 7.
 5. 2. 9. 8. 9. 0. 3. 2. 9. 0. 9. 7. 5. 3. 0. 3. 9. 8. 7. 0. 4. 1. 2. 4.
 4. 1. 7. 7. 4. 5. 3. 4. 3. 9. 7. 6. 9. 5. 9. 5. 5. 0. 3. 0. 9. 3. 6. 8.
 1. 1. 3. 9. 9. 7.]
LDAMLoss_misclassification()

Test set: Average loss: 2.4240, Accuracy: 13164/23808 F1 (55.2923%)


Val set: Average loss: 2.4575, Accuracy: 179/360 F1 (49.7222%)

Patience getting saturated, current counter is:  0
best acc test 58.446741  acc val 49.722222 acc labeled target 49.029982
saving model...
S real T sketch Train Ep: 3100 lr0.008166698608209509 	 Loss Classification: 0.503337 Loss T 0.097047 Method MME

S real T sketch Train Ep: 3200 lr0.008120252831274708 	 Loss Classification: 0.561242 Loss T 0.076617 Method MME

S real T sketch Train Ep: 3300 lr0.008074418759891278 	 Loss Classification: 0.644213 Loss T 0.098962 Method MME

S real T sketch Train Ep: 3400 lr0.008029183828623731 	 Loss Classification: 1.078478 Loss T 0.107035 Method MME

S real T sketch Train Ep: 3500 lr0.007984535821401871 	 Loss Classification: 0.467115 Loss T 0.109451 Method MME

24
24
24
24
24
24
24
24
24
24
24
24
24
24
24
24
tensor(1134.)

Labeled Target set: Average loss: 2.2754, Accuracy: 626/1134 F1 (55.2028%)

m_list is: 
 [5. 0. 5. 5. 2. 6. 6. 1. 3. 9. 0. 2. 9. 9. 6. 4. 6. 0. 0. 9. 3. 0. 7. 6.
 4. 5. 9. 0. 4. 5. 3. 9. 3. 6. 1. 2. 9. 9. 2. 2. 3. 2. 5. 7. 4. 4. 0. 1.
 6. 1. 6. 9. 0. 3. 2. 4. 2. 2. 1. 0. 0. 6. 1. 3. 5. 3. 4. 0. 7. 0. 6. 4.
 3. 7. 0. 7. 9. 1. 2. 0. 9. 0. 9. 3. 4. 6. 1. 3. 9. 7. 6. 1. 4. 1. 1. 4.
 5. 2. 7. 9. 0. 4. 4. 5. 3. 9. 6. 3. 9. 4. 6. 5. 3. 0. 0. 1. 8. 3. 8. 7.
 1. 1. 3. 9. 9. 0.]
LDAMLoss_misclassification()

Test set: Average loss: 2.0798, Accuracy: 14334/23808 F1 (60.2067%)


Val set: Average loss: 1.9813, Accuracy: 212/360 F1 (58.8889%)

Patience Reset, Counter is: 1
best acc test 60.206653  acc val 58.888889 acc labeled target 55.202822
saving model...
S real T sketch Train Ep: 3600 lr0.007940462859307384 	 Loss Classification: 0.217099 Loss T 0.092255 Method MME

S real T sketch Train Ep: 3700 lr0.007896953388873518 	 Loss Classification: 0.438161 Loss T 0.101818 Method MME

S real T sketch Train Ep: 3800 lr0.007853996170872714 	 Loss Classification: 0.582177 Loss T 0.080624 Method MME

S real T sketch Train Ep: 3900 lr0.00781158026956848 	 Loss Classification: 0.568772 Loss T 0.088244 Method MME

Per Class Accuracy Calculated According to the Labelled Target examples is:  [0.44444445 1.         0.44444445 0.44444445 0.7777778  0.33333334
 0.33333334 0.8888889  0.6666667  0.         1.         0.7777778
 0.         0.         0.33333334 0.5555556  0.33333334 1.
 1.         0.         0.6666667  1.         0.22222222 0.33333334
 0.5555556  0.44444445 0.         1.         0.5555556  0.44444445
 0.6666667  0.         0.6666667  0.33333334 0.8888889  0.7777778
 0.         0.         0.7777778  0.7777778  0.6666667  0.7777778
 0.44444445 0.22222222 0.5555556  0.5555556  1.         0.8888889
 0.33333334 0.8888889  0.33333334 0.         1.         0.6666667
 0.7777778  0.5555556  0.7777778  0.7777778  0.8888889  1.
 1.         0.33333334 0.8888889  0.6666667  0.44444445 0.6666667
 0.5555556  1.         0.22222222 1.         0.33333334 0.5555556
 0.6666667  0.22222222 1.         0.22222222 0.         0.8888889
 0.7777778  1.         0.         1.         0.         0.6666667
 0.5555556  0.33333334 0.8888889  0.6666667  0.         0.22222222
 0.33333334 0.8888889  0.5555556  0.8888889  0.8888889  0.5555556
 0.44444445 0.7777778  0.22222222 0.         1.         0.5555556
 0.5555556  0.44444445 0.6666667  0.         0.33333334 0.6666667
 0.         0.5555556  0.33333334 0.44444445 0.6666667  1.
 1.         0.8888889  0.11111111 0.6666667  0.11111111 0.22222222
 0.8888889  0.8888889  0.6666667  0.         0.         1.        ]
Top k classes which perform poorly are:  [80, 124, 51, 105, 37, 36, 76, 31, 26, 82, 19, 99, 13, 108, 9, 88, 123, 12, 118, 116, 119, 22, 68, 43, 73, 75, 98, 89, 50, 48, 110, 106, 70, 5, 14, 6, 16, 85, 61, 23, 90, 33, 103, 64, 2, 111, 96, 25, 42, 29, 3, 0, 101, 84, 71, 66, 102, 92, 95, 55, 15, 24, 45, 44, 28, 109, 32, 122, 8, 87, 20, 83, 117, 30, 112, 107, 72, 40, 53, 65, 104, 63, 38, 97, 4, 56, 11, 57, 41, 78, 39, 35, 54, 115, 121, 120, 62, 93, 7, 34, 47, 94, 58, 49, 91, 86, 77, 74, 1, 10, 17, 18, 21, 27, 46, 114, 100, 81, 52, 79, 59, 60, 67, 69, 113, 125]
Per cls weights according to the accuracy are:  tensor([1.3206, 1.1839, 1.3206, 1.3206, 1.2297, 1.3583, 1.3583, 1.2056, 1.2567,
        1.5000, 1.1839, 1.2297, 1.5000, 1.5000, 1.3583, 1.2869, 1.3583, 1.1839,
        1.1839, 1.5000, 1.2567, 1.1839, 1.4004, 1.3583, 1.2869, 1.3206, 1.5000,
        1.1839, 1.2869, 1.3206, 1.2567, 1.5000, 1.2567, 1.3583, 1.2056, 1.2297,
        1.5000, 1.5000, 1.2297, 1.2297, 1.2567, 1.2297, 1.3206, 1.4004, 1.2869,
        1.2869, 1.1839, 1.2056, 1.3583, 1.2056, 1.3583, 1.5000, 1.1839, 1.2567,
        1.2297, 1.2869, 1.2297, 1.2297, 1.2056, 1.1839, 1.1839, 1.3583, 1.2056,
        1.2567, 1.3206, 1.2567, 1.2869, 1.1839, 1.4004, 1.1839, 1.3583, 1.2869,
        1.2567, 1.4004, 1.1839, 1.4004, 1.5000, 1.2056, 1.2297, 1.1839, 1.5000,
        1.1839, 1.5000, 1.2567, 1.2869, 1.3583, 1.2056, 1.2567, 1.5000, 1.4004,
        1.3583, 1.2056, 1.2869, 1.2056, 1.2056, 1.2869, 1.3206, 1.2297, 1.4004,
        1.5000, 1.1839, 1.2869, 1.2869, 1.3206, 1.2567, 1.5000, 1.3583, 1.2567,
        1.5000, 1.2869, 1.3583, 1.3206, 1.2567, 1.1839, 1.1839, 1.2056, 1.4474,
        1.2567, 1.4474, 1.4004, 1.2056, 1.2056, 1.2567, 1.5000, 1.5000, 1.1839])
0
1
2
3
4
5
6
7
8
9
10
11
12
13
14
15
16
17
18
19
20
21
22
23
24
25
26
27
28
29
30
31
32
33
34
35
36
37
38
39
40
41
42
43
44
45
46
47
48
49
50
51
52
53
54
55
56
57
58
59
60
61
62
63
64
65
66
67
68
69
70
71
72
73
74
75
76
77
78
79
80
81
82
83
84
85
86
87
88
89
90
91
92
93
94
95
96
97
98
99
100
101
102
103
104
105
106
107
108
109
110
111
112
113
114
115
116
117
118
119
120
121
122
123
124
125
126
127
128
129
130
131
132
133
134
135
136
137
138
139
140
141
142
143
144
145
146
147
148
149
150
151
152
153
154
155
156
157
158
159
160
161
162
163
164
165
166
167
168
169
170
171
172
173
174
175
176
177
178
179
180
181
182
183
184
185
186
187
188
189
190
191
192
193
194
195
196
197
198
199
200
201
202
203
204
205
206
207
208
209
210
211
212
213
214
215
216
217
218
219
220
221
222
223
224
225
226
227
228
229
230
231
232
233
234
235
236
237
238
239
240
241
242
243
244
245
246
247
248
249
250
251
252
253
254
255
256
257
258
259
260
261
262
263
264
265
266
267
268
269
270
271
272
273
274
275
276
277
278
279
280
281
282
283
284
285
286
287
288
289
290
291
292
293
294
295
296
297
298
299
300
301
302
303
304
305
306
307
308
309
310
311
312
313
314
315
316
317
318
319
320
321
322
323
324
325
326
327
328
329
330
331
332
333
334
335
336
337
338
339
340
341
342
343
344
345
346
347
348
349
350
351
352
353
354
355
356
357
358
359
360
361
362
363
364
365
366
367
368
369
370
371
372
373
374
375
376
377
Per cls weights according to the accuracy are:  tensor([0.6794, 0.8161, 0.6794, 0.6794, 0.7703, 0.6417, 0.6417, 0.7944, 0.7433,
        0.5000, 0.8161, 0.7703, 0.5000, 0.5000, 0.6417, 0.7131, 0.6417, 0.8161,
        0.8161, 0.5000, 0.7433, 0.8161, 0.5996, 0.6417, 0.7131, 0.6794, 0.5000,
        0.8161, 0.7131, 0.6794, 0.7433, 0.5000, 0.7433, 0.6417, 0.7944, 0.7703,
        0.5000, 0.5000, 0.7703, 0.7703, 0.7433, 0.7703, 0.6794, 0.5996, 0.7131,
        0.7131, 0.8161, 0.7944, 0.6417, 0.7944, 0.6417, 0.5000, 0.8161, 0.7433,
        0.7703, 0.7131, 0.7703, 0.7703, 0.7944, 0.8161, 0.8161, 0.6417, 0.7944,
        0.7433, 0.6794, 0.7433, 0.7131, 0.8161, 0.5996, 0.8161, 0.6417, 0.7131,
        0.7433, 0.5996, 0.8161, 0.5996, 0.5000, 0.7944, 0.7703, 0.8161, 0.5000,
        0.8161, 0.5000, 0.7433, 0.7131, 0.6417, 0.7944, 0.7433, 0.5000, 0.5996,
        0.6417, 0.7944, 0.7131, 0.7944, 0.7944, 0.7131, 0.6794, 0.7703, 0.5996,
        0.5000, 0.8161, 0.7131, 0.7131, 0.6794, 0.7433, 0.5000, 0.6417, 0.7433,
        0.5000, 0.7131, 0.6417, 0.6794, 0.7433, 0.8161, 0.8161, 0.7944, 0.5526,
        0.7433, 0.5526, 0.5996, 0.7944, 0.7944, 0.7433, 0.5000, 0.5000, 0.8161])
0
1
2
3
4
5
6
7
8
9
10
11
12
13
14
15
16
17
18
19
20
21
22
23
24
25
26
27
28
29
30
31
32
33
34
35
36
37
38
39
40
41
42
43
44
45
46
47
48
49
50
51
52
53
54
55
56
57
58
59
60
61
62
63
64
65
66
67
68
69
70
71
72
73
74
75
76
77
78
79
80
81
82
83
84
85
86
87
88
89
90
91
92
93
94
95
96
97
98
99
100
101
102
103
104
105
106
107
108
109
110
111
112
113
114
115
116
117
118
119
120
121
122
123
124
125
126
127
128
129
130
131
132
133
134
135
136
137
138
139
140
141
142
143
144
145
146
147
148
149
150
151
152
153
154
155
156
157
158
159
160
161
162
163
164
165
166
167
168
169
170
171
172
173
174
175
176
177
178
179
180
181
182
183
184
185
186
187
188
189
190
191
192
193
194
195
196
197
198
199
200
201
202
203
204
205
206
207
208
209
210
211
212
213
214
215
216
217
218
219
220
221
222
223
224
225
226
227
228
229
230
231
232
233
234
235
236
237
238
239
240
241
242
243
244
245
246
247
248
249
250
251
252
253
254
255
256
257
258
259
260
261
262
263
264
265
266
267
268
269
270
271
272
273
274
275
276
277
278
279
280
281
282
283
284
285
286
287
288
289
290
291
292
293
294
295
296
297
298
299
300
301
302
303
304
305
306
307
308
309
310
311
312
313
314
315
316
317
318
319
320
321
322
323
324
325
326
327
328
329
330
331
332
333
334
335
336
337
338
339
340
341
342
343
344
345
346
347
348
349
350
351
352
353
354
355
356
357
358
359
360
361
362
363
364
365
366
367
368
369
370
371
372
373
374
375
376
377
Assigned Classwise weights to source
S real T sketch Train Ep: 4000 lr0.007769695042409123 	 Loss Classification: 0.452067 Loss T 0.083843 Method MME

24
24
24
24
24
24
24
24
24
24
24
24
24
24
24
24
tensor(1134.)

Labeled Target set: Average loss: 2.5135, Accuracy: 606/1134 F1 (53.4392%)

m_list is: 
 [1. 0. 4. 6. 5. 8. 6. 4. 4. 9. 2. 1. 9. 9. 0. 1. 2. 1. 0. 9. 2. 1. 6. 4.
 5. 7. 7. 0. 5. 5. 5. 6. 3. 4. 3. 6. 8. 9. 2. 9. 4. 2. 7. 8. 4. 3. 0. 2.
 6. 1. 6. 9. 0. 5. 2. 5. 2. 1. 0. 0. 4. 6. 2. 6. 4. 4. 4. 2. 3. 0. 5. 4.
 5. 5. 1. 6. 7. 1. 0. 0. 9. 0. 6. 2. 5. 5. 1. 2. 9. 9. 6. 0. 3. 5. 0. 3.
 5. 3. 7. 9. 1. 4. 3. 3. 4. 9. 7. 4. 9. 6. 3. 6. 5. 0. 3. 3. 9. 3. 6. 7.
 3. 3. 5. 9. 9. 1.]
LDAMLoss_misclassification()

Test set: Average loss: 2.3398, Accuracy: 13737/23808 F1 (57.6991%)


Val set: Average loss: 2.2038, Accuracy: 209/360 F1 (58.0556%)

Patience getting saturated, current counter is:  0
best acc test 60.206653  acc val 58.055556 acc labeled target 53.439153
saving model...
S real T sketch Train Ep: 4100 lr0.007728330130142108 	 Loss Classification: 0.375442 Loss T 0.103268 Method MME

S real T sketch Train Ep: 4200 lr0.007687475447329114 	 Loss Classification: 0.368833 Loss T 0.093161 Method MME

S real T sketch Train Ep: 4300 lr0.0076471211732427845 	 Loss Classification: 0.544784 Loss T 0.088035 Method MME

S real T sketch Train Ep: 4400 lr0.007607257743127307 	 Loss Classification: 0.527299 Loss T 0.070573 Method MME

S real T sketch Train Ep: 4500 lr0.007567875839805858 	 Loss Classification: 0.392518 Loss T 0.085784 Method MME

24
24
24
24
24
24
24
24
24
24
24
24
24
24
24
24
tensor(1134.)

Labeled Target set: Average loss: 2.1833, Accuracy: 661/1134 F1 (58.2892%)

m_list is: 
 [1. 0. 4. 4. 0. 6. 3. 0. 1. 7. 0. 0. 9. 9. 8. 3. 0. 0. 2. 9. 4. 2. 3. 6.
 4. 7. 9. 2. 4. 6. 2. 7. 7. 6. 0. 3. 7. 7. 2. 4. 3. 2. 5. 1. 4. 4. 0. 4.
 6. 0. 6. 6. 0. 5. 0. 4. 2. 2. 0. 0. 1. 6. 1. 6. 2. 2. 3. 3. 3. 3. 9. 6.
 4. 6. 0. 6. 8. 0. 0. 2. 9. 0. 7. 4. 4. 3. 0. 3. 9. 7. 7. 0. 3. 1. 0. 4.
 6. 0. 7. 7. 1. 4. 3. 0. 3. 9. 7. 3. 9. 2. 4. 5. 3. 0. 0. 1. 7. 3. 9. 6.
 7. 1. 5. 9. 7. 1.]
LDAMLoss_misclassification()

Test set: Average loss: 1.9778, Accuracy: 14946/23808 F1 (62.7772%)


Val set: Average loss: 1.8796, Accuracy: 223/360 F1 (61.9444%)

Patience Reset, Counter is: 1
best acc test 62.777218  acc val 61.944444 acc labeled target 58.289242
saving model...
S real T sketch Train Ep: 4600 lr0.007528966385618854 	 Loss Classification: 0.550027 Loss T 0.112001 Method MME

S real T sketch Train Ep: 4700 lr0.007490520534677821 	 Loss Classification: 0.251244 Loss T 0.078467 Method MME

S real T sketch Train Ep: 4800 lr0.007452529665420465 	 Loss Classification: 0.473092 Loss T 0.082286 Method MME

S real T sketch Train Ep: 4900 lr0.007414985373453289 	 Loss Classification: 0.744559 Loss T 0.113852 Method MME

Per Class Accuracy Calculated According to the Labelled Target examples is:  [0.8888889  1.         0.5555556  0.5555556  1.         0.33333334
 0.6666667  1.         0.8888889  0.22222222 1.         1.
 0.         0.         0.11111111 0.6666667  1.         1.
 0.7777778  0.         0.5555556  0.7777778  0.6666667  0.33333334
 0.5555556  0.22222222 0.         0.7777778  0.5555556  0.33333334
 0.7777778  0.22222222 0.22222222 0.33333334 1.         0.6666667
 0.22222222 0.22222222 0.7777778  0.5555556  0.6666667  0.7777778
 0.44444445 0.8888889  0.5555556  0.5555556  1.         0.5555556
 0.33333334 1.         0.33333334 0.33333334 1.         0.44444445
 1.         0.5555556  0.7777778  0.7777778  1.         1.
 0.8888889  0.33333334 0.8888889  0.33333334 0.7777778  0.7777778
 0.6666667  0.6666667  0.6666667  0.6666667  0.         0.33333334
 0.5555556  0.33333334 1.         0.33333334 0.11111111 1.
 1.         0.7777778  0.         1.         0.22222222 0.5555556
 0.5555556  0.6666667  1.         0.6666667  0.         0.22222222
 0.22222222 1.         0.6666667  0.8888889  1.         0.5555556
 0.33333334 1.         0.22222222 0.22222222 0.8888889  0.5555556
 0.6666667  1.         0.6666667  0.         0.22222222 0.6666667
 0.         0.7777778  0.5555556  0.44444445 0.6666667  1.
 1.         0.8888889  0.22222222 0.6666667  0.         0.33333334
 0.22222222 0.8888889  0.44444445 0.         0.22222222 0.8888889 ]
Top k classes which perform poorly are:  [105, 123, 70, 26, 88, 19, 80, 108, 118, 12, 13, 14, 76, 82, 25, 36, 37, 124, 106, 31, 99, 9, 120, 89, 90, 98, 116, 32, 61, 63, 96, 48, 71, 51, 29, 73, 75, 50, 23, 33, 5, 119, 42, 53, 122, 111, 72, 84, 83, 101, 55, 47, 95, 110, 2, 3, 20, 24, 39, 28, 45, 44, 102, 22, 112, 117, 85, 104, 15, 87, 6, 35, 69, 68, 67, 66, 92, 107, 40, 18, 56, 41, 21, 79, 57, 27, 109, 30, 65, 64, 38, 121, 115, 100, 0, 62, 93, 8, 43, 60, 125, 78, 1, 4, 7, 97, 10, 11, 16, 17, 34, 114, 81, 113, 46, 94, 52, 54, 58, 59, 86, 74, 103, 77, 91, 49]
Per cls weights according to the accuracy are:  tensor([1.2056, 1.1839, 1.2869, 1.2869, 1.1839, 1.3583, 1.2567, 1.1839, 1.2056,
        1.4004, 1.1839, 1.1839, 1.5000, 1.5000, 1.4474, 1.2567, 1.1839, 1.1839,
        1.2297, 1.5000, 1.2869, 1.2297, 1.2567, 1.3583, 1.2869, 1.4004, 1.5000,
        1.2297, 1.2869, 1.3583, 1.2297, 1.4004, 1.4004, 1.3583, 1.1839, 1.2567,
        1.4004, 1.4004, 1.2297, 1.2869, 1.2567, 1.2297, 1.3206, 1.2056, 1.2869,
        1.2869, 1.1839, 1.2869, 1.3583, 1.1839, 1.3583, 1.3583, 1.1839, 1.3206,
        1.1839, 1.2869, 1.2297, 1.2297, 1.1839, 1.1839, 1.2056, 1.3583, 1.2056,
        1.3583, 1.2297, 1.2297, 1.2567, 1.2567, 1.2567, 1.2567, 1.5000, 1.3583,
        1.2869, 1.3583, 1.1839, 1.3583, 1.4474, 1.1839, 1.1839, 1.2297, 1.5000,
        1.1839, 1.4004, 1.2869, 1.2869, 1.2567, 1.1839, 1.2567, 1.5000, 1.4004,
        1.4004, 1.1839, 1.2567, 1.2056, 1.1839, 1.2869, 1.3583, 1.1839, 1.4004,
        1.4004, 1.2056, 1.2869, 1.2567, 1.1839, 1.2567, 1.5000, 1.4004, 1.2567,
        1.5000, 1.2297, 1.2869, 1.3206, 1.2567, 1.1839, 1.1839, 1.2056, 1.4004,
        1.2567, 1.5000, 1.3583, 1.4004, 1.2056, 1.3206, 1.5000, 1.4004, 1.2056])
0
1
2
3
4
5
6
7
8
9
10
11
12
13
14
15
16
17
18
19
20
21
22
23
24
25
26
27
28
29
30
31
32
33
34
35
36
37
38
39
40
41
42
43
44
45
46
47
48
49
50
51
52
53
54
55
56
57
58
59
60
61
62
63
64
65
66
67
68
69
70
71
72
73
74
75
76
77
78
79
80
81
82
83
84
85
86
87
88
89
90
91
92
93
94
95
96
97
98
99
100
101
102
103
104
105
106
107
108
109
110
111
112
113
114
115
116
117
118
119
120
121
122
123
124
125
126
127
128
129
130
131
132
133
134
135
136
137
138
139
140
141
142
143
144
145
146
147
148
149
150
151
152
153
154
155
156
157
158
159
160
161
162
163
164
165
166
167
168
169
170
171
172
173
174
175
176
177
178
179
180
181
182
183
184
185
186
187
188
189
190
191
192
193
194
195
196
197
198
199
200
201
202
203
204
205
206
207
208
209
210
211
212
213
214
215
216
217
218
219
220
221
222
223
224
225
226
227
228
229
230
231
232
233
234
235
236
237
238
239
240
241
242
243
244
245
246
247
248
249
250
251
252
253
254
255
256
257
258
259
260
261
262
263
264
265
266
267
268
269
270
271
272
273
274
275
276
277
278
279
280
281
282
283
284
285
286
287
288
289
290
291
292
293
294
295
296
297
298
299
300
301
302
303
304
305
306
307
308
309
310
311
312
313
314
315
316
317
318
319
320
321
322
323
324
325
326
327
328
329
330
331
332
333
334
335
336
337
338
339
340
341
342
343
344
345
346
347
348
349
350
351
352
353
354
355
356
357
358
359
360
361
362
363
364
365
366
367
368
369
370
371
372
373
374
375
376
377
Per cls weights according to the accuracy are:  tensor([0.7944, 0.8161, 0.7131, 0.7131, 0.8161, 0.6417, 0.7433, 0.8161, 0.7944,
        0.5996, 0.8161, 0.8161, 0.5000, 0.5000, 0.5526, 0.7433, 0.8161, 0.8161,
        0.7703, 0.5000, 0.7131, 0.7703, 0.7433, 0.6417, 0.7131, 0.5996, 0.5000,
        0.7703, 0.7131, 0.6417, 0.7703, 0.5996, 0.5996, 0.6417, 0.8161, 0.7433,
        0.5996, 0.5996, 0.7703, 0.7131, 0.7433, 0.7703, 0.6794, 0.7944, 0.7131,
        0.7131, 0.8161, 0.7131, 0.6417, 0.8161, 0.6417, 0.6417, 0.8161, 0.6794,
        0.8161, 0.7131, 0.7703, 0.7703, 0.8161, 0.8161, 0.7944, 0.6417, 0.7944,
        0.6417, 0.7703, 0.7703, 0.7433, 0.7433, 0.7433, 0.7433, 0.5000, 0.6417,
        0.7131, 0.6417, 0.8161, 0.6417, 0.5526, 0.8161, 0.8161, 0.7703, 0.5000,
        0.8161, 0.5996, 0.7131, 0.7131, 0.7433, 0.8161, 0.7433, 0.5000, 0.5996,
        0.5996, 0.8161, 0.7433, 0.7944, 0.8161, 0.7131, 0.6417, 0.8161, 0.5996,
        0.5996, 0.7944, 0.7131, 0.7433, 0.8161, 0.7433, 0.5000, 0.5996, 0.7433,
        0.5000, 0.7703, 0.7131, 0.6794, 0.7433, 0.8161, 0.8161, 0.7944, 0.5996,
        0.7433, 0.5000, 0.6417, 0.5996, 0.7944, 0.6794, 0.5000, 0.5996, 0.7944])
0
1
2
3
4
5
6
7
8
9
10
11
12
13
14
15
16
17
18
19
20
21
22
23
24
25
26
27
28
29
30
31
32
33
34
35
36
37
38
39
40
41
42
43
44
45
46
47
48
49
50
51
52
53
54
55
56
57
58
59
60
61
62
63
64
65
66
67
68
69
70
71
72
73
74
75
76
77
78
79
80
81
82
83
84
85
86
87
88
89
90
91
92
93
94
95
96
97
98
99
100
101
102
103
104
105
106
107
108
109
110
111
112
113
114
115
116
117
118
119
120
121
122
123
124
125
126
127
128
129
130
131
132
133
134
135
136
137
138
139
140
141
142
143
144
145
146
147
148
149
150
151
152
153
154
155
156
157
158
159
160
161
162
163
164
165
166
167
168
169
170
171
172
173
174
175
176
177
178
179
180
181
182
183
184
185
186
187
188
189
190
191
192
193
194
195
196
197
198
199
200
201
202
203
204
205
206
207
208
209
210
211
212
213
214
215
216
217
218
219
220
221
222
223
224
225
226
227
228
229
230
231
232
233
234
235
236
237
238
239
240
241
242
243
244
245
246
247
248
249
250
251
252
253
254
255
256
257
258
259
260
261
262
263
264
265
266
267
268
269
270
271
272
273
274
275
276
277
278
279
280
281
282
283
284
285
286
287
288
289
290
291
292
293
294
295
296
297
298
299
300
301
302
303
304
305
306
307
308
309
310
311
312
313
314
315
316
317
318
319
320
321
322
323
324
325
326
327
328
329
330
331
332
333
334
335
336
337
338
339
340
341
342
343
344
345
346
347
348
349
350
351
352
353
354
355
356
357
358
359
360
361
362
363
364
365
366
367
368
369
370
371
372
373
374
375
376
377
Assigned Classwise weights to source
S real T sketch Train Ep: 5000 lr0.007377879464668811 	 Loss Classification: 0.442198 Loss T 0.070954 Method MME

24
24
24
24
24
24
24
24
24
24
24
24
24
24
24
24
tensor(1134.)

Labeled Target set: Average loss: 2.5589, Accuracy: 592/1134 F1 (52.2046%)

m_list is: 
 [5. 0. 3. 5. 0. 8. 3. 3. 4. 6. 0. 4. 9. 9. 5. 2. 7. 2. 0. 8. 3. 0. 5. 6.
 6. 8. 9. 0. 7. 6. 4. 7. 9. 6. 2. 6. 6. 9. 3. 5. 5. 2. 4. 9. 5. 3. 0. 4.
 6. 1. 6. 7. 0. 3. 3. 3. 2. 0. 0. 0. 1. 7. 2. 6. 4. 3. 9. 3. 3. 0. 7. 6.
 2. 7. 2. 6. 7. 0. 1. 3. 9. 1. 8. 7. 6. 4. 3. 3. 9. 8. 6. 1. 3. 0. 2. 3.
 4. 1. 9. 7. 4. 5. 3. 4. 3. 9. 6. 5. 9. 4. 4. 4. 6. 0. 2. 1. 9. 3. 8. 4.
 0. 1. 3. 9. 9. 1.]
LDAMLoss_misclassification()

Test set: Average loss: 2.2892, Accuracy: 14139/23808 F1 (59.3876%)


Val set: Average loss: 2.2643, Accuracy: 204/360 F1 (56.6667%)

Patience getting saturated, current counter is:  0
best acc test 62.777218  acc val 56.666667 acc labeled target 52.204586
saving model...
S real T sketch Train Ep: 5100 lr0.007341203948625087 	 Loss Classification: 0.369250 Loss T 0.098294 Method MME

S real T sketch Train Ep: 5200 lr0.007304951032175895 	 Loss Classification: 0.606535 Loss T 0.094297 Method MME

S real T sketch Train Ep: 5300 lr0.007269113113340497 	 Loss Classification: 0.299838 Loss T 0.084597 Method MME

S real T sketch Train Ep: 5400 lr0.007233682775402483 	 Loss Classification: 0.280419 Loss T 0.061829 Method MME

S real T sketch Train Ep: 5500 lr0.007198652781227704 	 Loss Classification: 0.596033 Loss T 0.063401 Method MME

24
24
24
24
24
24
24
24
24
24
24
24
24
24
24
24
tensor(1134.)

Labeled Target set: Average loss: 2.0786, Accuracy: 654/1134 F1 (57.6720%)

m_list is: 
 [3. 0. 3. 5. 4. 5. 5. 0. 3. 7. 2. 0. 9. 9. 5. 3. 0. 0. 0. 7. 3. 1. 4. 7.
 6. 6. 9. 0. 4. 6. 2. 6. 7. 6. 3. 7. 8. 9. 1. 2. 8. 1. 3. 7. 5. 3. 0. 4.
 6. 0. 4. 6. 0. 1. 1. 6. 1. 3. 0. 1. 1. 9. 0. 6. 0. 2. 8. 2. 3. 0. 8. 5.
 5. 5. 0. 7. 4. 3. 0. 4. 9. 0. 8. 9. 0. 6. 0. 3. 8. 6. 5. 0. 3. 0. 2. 4.
 3. 1. 6. 6. 0. 5. 3. 2. 3. 9. 6. 5. 9. 3. 4. 5. 0. 0. 0. 0. 6. 3. 4. 6.
 5. 2. 3. 9. 9. 1.]
LDAMLoss_misclassification()

Test set: Average loss: 1.8573, Accuracy: 15459/23808 F1 (64.9320%)


Val set: Average loss: 1.7984, Accuracy: 225/360 F1 (62.5000%)

Patience Reset, Counter is: 1
best acc test 64.931956  acc val 62.500000 acc labeled target 57.671958
saving model...
S real T sketch Train Ep: 5600 lr0.007164016067791809 	 Loss Classification: 0.576535 Loss T 0.056586 Method MME

S real T sketch Train Ep: 5700 lr0.0071297657409083726 	 Loss Classification: 0.963447 Loss T 0.069200 Method MME

S real T sketch Train Ep: 5800 lr0.0070958950701490225 	 Loss Classification: 0.951234 Loss T 0.090052 Method MME

S real T sketch Train Ep: 5900 lr0.007062397483947426 	 Loss Classification: 0.250989 Loss T 0.076389 Method MME

Per Class Accuracy Calculated According to the Labelled Target examples is:  [0.6666667  1.         0.6666667  0.44444445 0.5555556  0.44444445
 0.44444445 1.         0.6666667  0.22222222 0.7777778  1.
 0.         0.         0.44444445 0.6666667  1.         1.
 1.         0.22222222 0.6666667  0.8888889  0.5555556  0.22222222
 0.33333334 0.33333334 0.         1.         0.5555556  0.33333334
 0.7777778  0.33333334 0.22222222 0.33333334 0.6666667  0.22222222
 0.11111111 0.         0.8888889  0.7777778  0.11111111 0.8888889
 0.6666667  0.22222222 0.44444445 0.6666667  1.         0.5555556
 0.33333334 1.         0.5555556  0.33333334 1.         0.8888889
 0.8888889  0.33333334 0.8888889  0.6666667  1.         0.8888889
 0.8888889  0.         1.         0.33333334 1.         0.7777778
 0.11111111 0.7777778  0.6666667  1.         0.11111111 0.44444445
 0.44444445 0.44444445 1.         0.22222222 0.5555556  0.6666667
 1.         0.5555556  0.         1.         0.11111111 0.
 1.         0.33333334 1.         0.6666667  0.11111111 0.33333334
 0.44444445 1.         0.6666667  1.         0.7777778  0.5555556
 0.6666667  0.8888889  0.33333334 0.33333334 1.         0.44444445
 0.6666667  0.7777778  0.6666667  0.         0.33333334 0.44444445
 0.         0.6666667  0.5555556  0.44444445 1.         1.
 1.         1.         0.33333334 0.6666667  0.5555556  0.33333334
 0.44444445 0.7777778  0.6666667  0.         0.         0.8888889 ]
Top k classes which perform poorly are:  [105, 123, 26, 80, 124, 61, 108, 37, 83, 12, 13, 66, 36, 82, 70, 40, 88, 9, 35, 19, 75, 43, 23, 32, 51, 48, 31, 106, 33, 55, 116, 25, 24, 119, 85, 63, 99, 98, 29, 89, 73, 107, 72, 71, 101, 90, 3, 5, 6, 111, 14, 120, 44, 76, 4, 118, 95, 28, 79, 50, 110, 47, 22, 96, 92, 87, 77, 68, 0, 45, 102, 2, 57, 104, 122, 109, 42, 8, 34, 117, 20, 15, 10, 94, 65, 67, 39, 103, 121, 30, 97, 125, 60, 53, 54, 56, 59, 41, 21, 38, 27, 17, 16, 115, 11, 7, 1, 114, 113, 112, 18, 86, 49, 91, 52, 58, 100, 64, 69, 74, 78, 81, 84, 93, 46, 62]
Per cls weights according to the accuracy are:  tensor([1.2567, 1.1839, 1.2567, 1.3206, 1.2869, 1.3206, 1.3206, 1.1839, 1.2567,
        1.4004, 1.2297, 1.1839, 1.5000, 1.5000, 1.3206, 1.2567, 1.1839, 1.1839,
        1.1839, 1.4004, 1.2567, 1.2056, 1.2869, 1.4004, 1.3583, 1.3583, 1.5000,
        1.1839, 1.2869, 1.3583, 1.2297, 1.3583, 1.4004, 1.3583, 1.2567, 1.4004,
        1.4474, 1.5000, 1.2056, 1.2297, 1.4474, 1.2056, 1.2567, 1.4004, 1.3206,
        1.2567, 1.1839, 1.2869, 1.3583, 1.1839, 1.2869, 1.3583, 1.1839, 1.2056,
        1.2056, 1.3583, 1.2056, 1.2567, 1.1839, 1.2056, 1.2056, 1.5000, 1.1839,
        1.3583, 1.1839, 1.2297, 1.4474, 1.2297, 1.2567, 1.1839, 1.4474, 1.3206,
        1.3206, 1.3206, 1.1839, 1.4004, 1.2869, 1.2567, 1.1839, 1.2869, 1.5000,
        1.1839, 1.4474, 1.5000, 1.1839, 1.3583, 1.1839, 1.2567, 1.4474, 1.3583,
        1.3206, 1.1839, 1.2567, 1.1839, 1.2297, 1.2869, 1.2567, 1.2056, 1.3583,
        1.3583, 1.1839, 1.3206, 1.2567, 1.2297, 1.2567, 1.5000, 1.3583, 1.3206,
        1.5000, 1.2567, 1.2869, 1.3206, 1.1839, 1.1839, 1.1839, 1.1839, 1.3583,
        1.2567, 1.2869, 1.3583, 1.3206, 1.2297, 1.2567, 1.5000, 1.5000, 1.2056])
0
1
2
3
4
5
6
7
8
9
10
11
12
13
14
15
16
17
18
19
20
21
22
23
24
25
26
27
28
29
30
31
32
33
34
35
36
37
38
39
40
41
42
43
44
45
46
47
48
49
50
51
52
53
54
55
56
57
58
59
60
61
62
63
64
65
66
67
68
69
70
71
72
73
74
75
76
77
78
79
80
81
82
83
84
85
86
87
88
89
90
91
92
93
94
95
96
97
98
99
100
101
102
103
104
105
106
107
108
109
110
111
112
113
114
115
116
117
118
119
120
121
122
123
124
125
126
127
128
129
130
131
132
133
134
135
136
137
138
139
140
141
142
143
144
145
146
147
148
149
150
151
152
153
154
155
156
157
158
159
160
161
162
163
164
165
166
167
168
169
170
171
172
173
174
175
176
177
178
179
180
181
182
183
184
185
186
187
188
189
190
191
192
193
194
195
196
197
198
199
200
201
202
203
204
205
206
207
208
209
210
211
212
213
214
215
216
217
218
219
220
221
222
223
224
225
226
227
228
229
230
231
232
233
234
235
236
237
238
239
240
241
242
243
244
245
246
247
248
249
250
251
252
253
254
255
256
257
258
259
260
261
262
263
264
265
266
267
268
269
270
271
272
273
274
275
276
277
278
279
280
281
282
283
284
285
286
287
288
289
290
291
292
293
294
295
296
297
298
299
300
301
302
303
304
305
306
307
308
309
310
311
312
313
314
315
316
317
318
319
320
321
322
323
324
325
326
327
328
329
330
331
332
333
334
335
336
337
338
339
340
341
342
343
344
345
346
347
348
349
350
351
352
353
354
355
356
357
358
359
360
361
362
363
364
365
366
367
368
369
370
371
372
373
374
375
376
377
Per cls weights according to the accuracy are:  tensor([0.7433, 0.8161, 0.7433, 0.6794, 0.7131, 0.6794, 0.6794, 0.8161, 0.7433,
        0.5996, 0.7703, 0.8161, 0.5000, 0.5000, 0.6794, 0.7433, 0.8161, 0.8161,
        0.8161, 0.5996, 0.7433, 0.7944, 0.7131, 0.5996, 0.6417, 0.6417, 0.5000,
        0.8161, 0.7131, 0.6417, 0.7703, 0.6417, 0.5996, 0.6417, 0.7433, 0.5996,
        0.5526, 0.5000, 0.7944, 0.7703, 0.5526, 0.7944, 0.7433, 0.5996, 0.6794,
        0.7433, 0.8161, 0.7131, 0.6417, 0.8161, 0.7131, 0.6417, 0.8161, 0.7944,
        0.7944, 0.6417, 0.7944, 0.7433, 0.8161, 0.7944, 0.7944, 0.5000, 0.8161,
        0.6417, 0.8161, 0.7703, 0.5526, 0.7703, 0.7433, 0.8161, 0.5526, 0.6794,
        0.6794, 0.6794, 0.8161, 0.5996, 0.7131, 0.7433, 0.8161, 0.7131, 0.5000,
        0.8161, 0.5526, 0.5000, 0.8161, 0.6417, 0.8161, 0.7433, 0.5526, 0.6417,
        0.6794, 0.8161, 0.7433, 0.8161, 0.7703, 0.7131, 0.7433, 0.7944, 0.6417,
        0.6417, 0.8161, 0.6794, 0.7433, 0.7703, 0.7433, 0.5000, 0.6417, 0.6794,
        0.5000, 0.7433, 0.7131, 0.6794, 0.8161, 0.8161, 0.8161, 0.8161, 0.6417,
        0.7433, 0.7131, 0.6417, 0.6794, 0.7703, 0.7433, 0.5000, 0.5000, 0.7944])
0
1
2
3
4
5
6
7
8
9
10
11
12
13
14
15
16
17
18
19
20
21
22
23
24
25
26
27
28
29
30
31
32
33
34
35
36
37
38
39
40
41
42
43
44
45
46
47
48
49
50
51
52
53
54
55
56
57
58
59
60
61
62
63
64
65
66
67
68
69
70
71
72
73
74
75
76
77
78
79
80
81
82
83
84
85
86
87
88
89
90
91
92
93
94
95
96
97
98
99
100
101
102
103
104
105
106
107
108
109
110
111
112
113
114
115
116
117
118
119
120
121
122
123
124
125
126
127
128
129
130
131
132
133
134
135
136
137
138
139
140
141
142
143
144
145
146
147
148
149
150
151
152
153
154
155
156
157
158
159
160
161
162
163
164
165
166
167
168
169
170
171
172
173
174
175
176
177
178
179
180
181
182
183
184
185
186
187
188
189
190
191
192
193
194
195
196
197
198
199
200
201
202
203
204
205
206
207
208
209
210
211
212
213
214
215
216
217
218
219
220
221
222
223
224
225
226
227
228
229
230
231
232
233
234
235
236
237
238
239
240
241
242
243
244
245
246
247
248
249
250
251
252
253
254
255
256
257
258
259
260
261
262
263
264
265
266
267
268
269
270
271
272
273
274
275
276
277
278
279
280
281
282
283
284
285
286
287
288
289
290
291
292
293
294
295
296
297
298
299
300
301
302
303
304
305
306
307
308
309
310
311
312
313
314
315
316
317
318
319
320
321
322
323
324
325
326
327
328
329
330
331
332
333
334
335
336
337
338
339
340
341
342
343
344
345
346
347
348
349
350
351
352
353
354
355
356
357
358
359
360
361
362
363
364
365
366
367
368
369
370
371
372
373
374
375
376
377
Assigned Classwise weights to source
S real T sketch Train Ep: 6000 lr0.007029266564879363 	 Loss Classification: 0.499698 Loss T 0.054939 Method MME

24
24
24
24
24
24
24
24
24
24
24
24
24
24
24
24
tensor(1134.)

Labeled Target set: Average loss: 2.4274, Accuracy: 623/1134 F1 (54.9383%)

m_list is: 
 [4. 0. 4. 3. 0. 8. 4. 0. 4. 7. 1. 0. 9. 9. 4. 0. 0. 1. 1. 8. 3. 2. 2. 5.
 6. 7. 9. 2. 4. 5. 3. 5. 8. 6. 0. 7. 8. 9. 2. 1. 6. 3. 5. 9. 4. 4. 1. 3.
 6. 0. 6. 8. 1. 3. 3. 6. 0. 0. 0. 1. 0. 7. 1. 6. 5. 2. 3. 2. 3. 0. 7. 4.
 6. 6. 1. 6. 9. 0. 2. 2. 9. 1. 9. 5. 6. 3. 4. 3. 9. 9. 7. 3. 3. 3. 1. 6.
 6. 0. 6. 5. 3. 6. 3. 0. 3. 9. 8. 4. 9. 4. 6. 3. 2. 0. 1. 1. 9. 3. 6. 6.
 0. 3. 4. 9. 9. 0.]
LDAMLoss_misclassification()

Test set: Average loss: 2.1742, Accuracy: 14688/23808 F1 (61.6936%)


Val set: Average loss: 2.1767, Accuracy: 205/360 F1 (56.9444%)

Patience getting saturated, current counter is:  0
best acc test 64.931956  acc val 56.944444 acc labeled target 54.938272
saving model...
S real T sketch Train Ep: 6100 lr0.006996496045111504 	 Loss Classification: 0.186015 Loss T 0.085051 Method MME

S real T sketch Train Ep: 6200 lr0.00696407980201184 	 Loss Classification: 0.485146 Loss T 0.073792 Method MME

S real T sketch Train Ep: 6300 lr0.006932011853915101 	 Loss Classification: 0.322730 Loss T 0.075778 Method MME

S real T sketch Train Ep: 6400 lr0.006900286356036734 	 Loss Classification: 0.198581 Loss T 0.075027 Method MME

S real T sketch Train Ep: 6500 lr0.006868897596529406 	 Loss Classification: 0.168334 Loss T 0.044931 Method MME

24
24
24
24
24
24
24
24
24
24
24
24
24
24
24
24
tensor(1134.)

Labeled Target set: Average loss: 2.2065, Accuracy: 675/1134 F1 (59.5238%)

m_list is: 
 [5. 0. 6. 4. 0. 5. 4. 0. 3. 9. 1. 0. 9. 8. 7. 3. 0. 0. 0. 8. 4. 1. 5. 7.
 6. 6. 9. 0. 3. 5. 5. 6. 6. 5. 1. 5. 7. 9. 2. 2. 7. 2. 2. 5. 3. 4. 0. 3.
 5. 0. 5. 6. 0. 3. 0. 5. 1. 1. 0. 1. 0. 6. 0. 6. 3. 3. 7. 2. 4. 0. 7. 3.
 4. 3. 0. 7. 4. 0. 0. 2. 9. 1. 7. 5. 4. 3. 0. 3. 8. 4. 5. 1. 3. 0. 2. 3.
 6. 1. 7. 3. 0. 6. 3. 1. 3. 9. 6. 3. 9. 4. 3. 4. 4. 0. 1. 2. 5. 3. 6. 7.
 2. 2. 3. 9. 9. 0.]
LDAMLoss_misclassification()

Test set: Average loss: 1.9475, Accuracy: 15497/23808 F1 (65.0916%)


Val set: Average loss: 1.9212, Accuracy: 230/360 F1 (63.8889%)

Patience Reset, Counter is: 1
best acc test 65.091566  acc val 63.888889 acc labeled target 59.523810
saving model...
S real T sketch Train Ep: 6600 lr0.006837839992676177 	 Loss Classification: 0.215881 Loss T 0.073547 Method MME

S real T sketch Train Ep: 6700 lr0.006807108087214876 	 Loss Classification: 1.080935 Loss T 0.062175 Method MME

S real T sketch Train Ep: 6800 lr0.006776696544788352 	 Loss Classification: 0.173124 Loss T 0.064744 Method MME

S real T sketch Train Ep: 6900 lr0.006746600148515609 	 Loss Classification: 0.520361 Loss T 0.070753 Method MME

Per Class Accuracy Calculated According to the Labelled Target examples is:  [0.44444445 1.         0.33333334 0.5555556  1.         0.44444445
 0.5555556  1.         0.6666667  0.         0.8888889  1.
 0.         0.11111111 0.22222222 0.6666667  1.         1.
 1.         0.11111111 0.5555556  0.8888889  0.44444445 0.22222222
 0.33333334 0.33333334 0.         1.         0.6666667  0.44444445
 0.44444445 0.33333334 0.33333334 0.44444445 0.8888889  0.44444445
 0.22222222 0.         0.7777778  0.7777778  0.22222222 0.7777778
 0.7777778  0.44444445 0.6666667  0.5555556  1.         0.6666667
 0.44444445 1.         0.44444445 0.33333334 1.         0.6666667
 1.         0.44444445 0.8888889  0.8888889  1.         0.8888889
 1.         0.33333334 1.         0.33333334 0.6666667  0.6666667
 0.22222222 0.7777778  0.5555556  1.         0.22222222 0.6666667
 0.5555556  0.6666667  1.         0.22222222 0.5555556  1.
 1.         0.7777778  0.         0.8888889  0.22222222 0.44444445
 0.5555556  0.6666667  1.         0.6666667  0.11111111 0.5555556
 0.44444445 0.8888889  0.6666667  1.         0.7777778  0.6666667
 0.33333334 0.8888889  0.22222222 0.6666667  1.         0.33333334
 0.6666667  0.8888889  0.6666667  0.         0.33333334 0.6666667
 0.         0.5555556  0.6666667  0.5555556  0.5555556  1.
 0.8888889  0.7777778  0.44444445 0.6666667  0.33333334 0.22222222
 0.7777778  0.7777778  0.6666667  0.         0.         1.        ]
Top k classes which perform poorly are:  [123, 37, 124, 26, 105, 108, 9, 80, 12, 19, 88, 13, 70, 23, 36, 66, 75, 40, 119, 98, 14, 82, 2, 101, 32, 31, 61, 118, 96, 25, 24, 106, 63, 51, 90, 55, 83, 50, 48, 43, 0, 33, 30, 116, 5, 22, 35, 29, 68, 45, 109, 3, 89, 6, 112, 20, 76, 111, 84, 72, 107, 117, 71, 8, 85, 73, 92, 104, 95, 122, 99, 15, 87, 102, 53, 65, 64, 28, 44, 110, 47, 42, 38, 115, 94, 39, 41, 120, 79, 67, 121, 56, 57, 34, 91, 114, 59, 10, 81, 97, 103, 21, 113, 62, 93, 1, 4, 7, 11, 16, 17, 18, 27, 46, 49, 52, 54, 58, 60, 69, 74, 77, 78, 86, 100, 125]
Per cls weights according to the accuracy are:  tensor([1.3206, 1.1839, 1.3583, 1.2869, 1.1839, 1.3206, 1.2869, 1.1839, 1.2567,
        1.5000, 1.2056, 1.1839, 1.5000, 1.4474, 1.4004, 1.2567, 1.1839, 1.1839,
        1.1839, 1.4474, 1.2869, 1.2056, 1.3206, 1.4004, 1.3583, 1.3583, 1.5000,
        1.1839, 1.2567, 1.3206, 1.3206, 1.3583, 1.3583, 1.3206, 1.2056, 1.3206,
        1.4004, 1.5000, 1.2297, 1.2297, 1.4004, 1.2297, 1.2297, 1.3206, 1.2567,
        1.2869, 1.1839, 1.2567, 1.3206, 1.1839, 1.3206, 1.3583, 1.1839, 1.2567,
        1.1839, 1.3206, 1.2056, 1.2056, 1.1839, 1.2056, 1.1839, 1.3583, 1.1839,
        1.3583, 1.2567, 1.2567, 1.4004, 1.2297, 1.2869, 1.1839, 1.4004, 1.2567,
        1.2869, 1.2567, 1.1839, 1.4004, 1.2869, 1.1839, 1.1839, 1.2297, 1.5000,
        1.2056, 1.4004, 1.3206, 1.2869, 1.2567, 1.1839, 1.2567, 1.4474, 1.2869,
        1.3206, 1.2056, 1.2567, 1.1839, 1.2297, 1.2567, 1.3583, 1.2056, 1.4004,
        1.2567, 1.1839, 1.3583, 1.2567, 1.2056, 1.2567, 1.5000, 1.3583, 1.2567,
        1.5000, 1.2869, 1.2567, 1.2869, 1.2869, 1.1839, 1.2056, 1.2297, 1.3206,
        1.2567, 1.3583, 1.4004, 1.2297, 1.2297, 1.2567, 1.5000, 1.5000, 1.1839])
0
1
2
3
4
5
6
7
8
9
10
11
12
13
14
15
16
17
18
19
20
21
22
23
24
25
26
27
28
29
30
31
32
33
34
35
36
37
38
39
40
41
42
43
44
45
46
47
48
49
50
51
52
53
54
55
56
57
58
59
60
61
62
63
64
65
66
67
68
69
70
71
72
73
74
75
76
77
78
79
80
81
82
83
84
85
86
87
88
89
90
91
92
93
94
95
96
97
98
99
100
101
102
103
104
105
106
107
108
109
110
111
112
113
114
115
116
117
118
119
120
121
122
123
124
125
126
127
128
129
130
131
132
133
134
135
136
137
138
139
140
141
142
143
144
145
146
147
148
149
150
151
152
153
154
155
156
157
158
159
160
161
162
163
164
165
166
167
168
169
170
171
172
173
174
175
176
177
178
179
180
181
182
183
184
185
186
187
188
189
190
191
192
193
194
195
196
197
198
199
200
201
202
203
204
205
206
207
208
209
210
211
212
213
214
215
216
217
218
219
220
221
222
223
224
225
226
227
228
229
230
231
232
233
234
235
236
237
238
239
240
241
242
243
244
245
246
247
248
249
250
251
252
253
254
255
256
257
258
259
260
261
262
263
264
265
266
267
268
269
270
271
272
273
274
275
276
277
278
279
280
281
282
283
284
285
286
287
288
289
290
291
292
293
294
295
296
297
298
299
300
301
302
303
304
305
306
307
308
309
310
311
312
313
314
315
316
317
318
319
320
321
322
323
324
325
326
327
328
329
330
331
332
333
334
335
336
337
338
339
340
341
342
343
344
345
346
347
348
349
350
351
352
353
354
355
356
357
358
359
360
361
362
363
364
365
366
367
368
369
370
371
372
373
374
375
376
377
Per cls weights according to the accuracy are:  tensor([0.6794, 0.8161, 0.6417, 0.7131, 0.8161, 0.6794, 0.7131, 0.8161, 0.7433,
        0.5000, 0.7944, 0.8161, 0.5000, 0.5526, 0.5996, 0.7433, 0.8161, 0.8161,
        0.8161, 0.5526, 0.7131, 0.7944, 0.6794, 0.5996, 0.6417, 0.6417, 0.5000,
        0.8161, 0.7433, 0.6794, 0.6794, 0.6417, 0.6417, 0.6794, 0.7944, 0.6794,
        0.5996, 0.5000, 0.7703, 0.7703, 0.5996, 0.7703, 0.7703, 0.6794, 0.7433,
        0.7131, 0.8161, 0.7433, 0.6794, 0.8161, 0.6794, 0.6417, 0.8161, 0.7433,
        0.8161, 0.6794, 0.7944, 0.7944, 0.8161, 0.7944, 0.8161, 0.6417, 0.8161,
        0.6417, 0.7433, 0.7433, 0.5996, 0.7703, 0.7131, 0.8161, 0.5996, 0.7433,
        0.7131, 0.7433, 0.8161, 0.5996, 0.7131, 0.8161, 0.8161, 0.7703, 0.5000,
        0.7944, 0.5996, 0.6794, 0.7131, 0.7433, 0.8161, 0.7433, 0.5526, 0.7131,
        0.6794, 0.7944, 0.7433, 0.8161, 0.7703, 0.7433, 0.6417, 0.7944, 0.5996,
        0.7433, 0.8161, 0.6417, 0.7433, 0.7944, 0.7433, 0.5000, 0.6417, 0.7433,
        0.5000, 0.7131, 0.7433, 0.7131, 0.7131, 0.8161, 0.7944, 0.7703, 0.6794,
        0.7433, 0.6417, 0.5996, 0.7703, 0.7703, 0.7433, 0.5000, 0.5000, 0.8161])
0
1
2
3
4
5
6
7
8
9
10
11
12
13
14
15
16
17
18
19
20
21
22
23
24
25
26
27
28
29
30
31
32
33
34
35
36
37
38
39
40
41
42
43
44
45
46
47
48
49
50
51
52
53
54
55
56
57
58
59
60
61
62
63
64
65
66
67
68
69
70
71
72
73
74
75
76
77
78
79
80
81
82
83
84
85
86
87
88
89
90
91
92
93
94
95
96
97
98
99
100
101
102
103
104
105
106
107
108
109
110
111
112
113
114
115
116
117
118
119
120
121
122
123
124
125
126
127
128
129
130
131
132
133
134
135
136
137
138
139
140
141
142
143
144
145
146
147
148
149
150
151
152
153
154
155
156
157
158
159
160
161
162
163
164
165
166
167
168
169
170
171
172
173
174
175
176
177
178
179
180
181
182
183
184
185
186
187
188
189
190
191
192
193
194
195
196
197
198
199
200
201
202
203
204
205
206
207
208
209
210
211
212
213
214
215
216
217
218
219
220
221
222
223
224
225
226
227
228
229
230
231
232
233
234
235
236
237
238
239
240
241
242
243
244
245
246
247
248
249
250
251
252
253
254
255
256
257
258
259
260
261
262
263
264
265
266
267
268
269
270
271
272
273
274
275
276
277
278
279
280
281
282
283
284
285
286
287
288
289
290
291
292
293
294
295
296
297
298
299
300
301
302
303
304
305
306
307
308
309
310
311
312
313
314
315
316
317
318
319
320
321
322
323
324
325
326
327
328
329
330
331
332
333
334
335
336
337
338
339
340
341
342
343
344
345
346
347
348
349
350
351
352
353
354
355
356
357
358
359
360
361
362
363
364
365
366
367
368
369
370
371
372
373
374
375
376
377
Assigned Classwise weights to source
S real T sketch Train Ep: 7000 lr0.006716813796678979 	 Loss Classification: 0.599562 Loss T 0.062878 Method MME

24
24
24
24
24
24
24
24
24
24
24
24
24
24
24
24
tensor(1134.)

Labeled Target set: Average loss: 2.4855, Accuracy: 595/1134 F1 (52.4691%)

m_list is: 
 [8. 0. 4. 3. 0. 8. 4. 1. 3. 7. 1. 2. 9. 9. 4. 2. 2. 1. 0. 8. 3. 0. 7. 6.
 6. 6. 8. 1. 4. 8. 4. 9. 6. 7. 1. 7. 9. 9. 3. 4. 7. 1. 4. 9. 4. 3. 1. 5.
 6. 0. 6. 8. 1. 4. 1. 5. 2. 0. 0. 0. 0. 6. 0. 6. 7. 3. 4. 2. 6. 0. 6. 6.
 6. 8. 1. 9. 9. 2. 2. 1. 9. 0. 9. 6. 6. 3. 1. 3. 9. 9. 6. 0. 2. 0. 1. 4.
 6. 1. 6. 7. 3. 5. 3. 0. 3. 9. 6. 5. 9. 6. 6. 6. 5. 1. 1. 0. 6. 3. 8. 8.
 0. 1. 4. 9. 9. 0.]
LDAMLoss_misclassification()

Test set: Average loss: 2.2052, Accuracy: 14634/23808 F1 (61.4667%)


Val set: Average loss: 2.4002, Accuracy: 199/360 F1 (55.2778%)

Patience getting saturated, current counter is:  0
best acc test 65.091566  acc val 55.277778 acc labeled target 52.469136
saving model...
S real T sketch Train Ep: 7100 lr0.006687332499522798 	 Loss Classification: 0.071594 Loss T 0.054287 Method MME

S real T sketch Train Ep: 7200 lr0.006658151376159165 	 Loss Classification: 0.723757 Loss T 0.057488 Method MME

S real T sketch Train Ep: 7300 lr0.00662926565157663 	 Loss Classification: 0.381233 Loss T 0.084158 Method MME

S real T sketch Train Ep: 7400 lr0.006600670653747793 	 Loss Classification: 0.052503 Loss T 0.080540 Method MME

S real T sketch Train Ep: 7500 lr0.0065723618108320175 	 Loss Classification: 0.351510 Loss T 0.061153 Method MME

24
24
24
24
24
24
24
24
24
24
24
24
24
24
24
24
tensor(1134.)

Labeled Target set: Average loss: 2.2289, Accuracy: 663/1134 F1 (58.4656%)

m_list is: 
 [1. 0. 6. 6. 1. 6. 3. 1. 3. 9. 1. 0. 9. 9. 7. 1. 0. 1. 3. 6. 3. 0. 3. 6.
 7. 9. 9. 1. 3. 7. 2. 7. 9. 4. 2. 6. 6. 9. 2. 0. 8. 1. 5. 5. 3. 3. 0. 1.
 6. 0. 6. 6. 0. 3. 0. 3. 1. 3. 0. 0. 2. 6. 0. 6. 1. 3. 9. 2. 3. 0. 6. 6.
 4. 5. 0. 6. 9. 0. 0. 0. 9. 0. 9. 2. 5. 5. 0. 3. 9. 6. 5. 0. 3. 1. 1. 3.
 6. 1. 6. 6. 0. 4. 3. 0. 3. 9. 6. 4. 7. 6. 5. 3. 6. 1. 0. 1. 5. 3. 7. 7.
 0. 0. 4. 9. 8. 0.]
LDAMLoss_misclassification()

Test set: Average loss: 1.9675, Accuracy: 15584/23808 F1 (65.4570%)


Val set: Average loss: 1.9695, Accuracy: 226/360 F1 (62.7778%)

Patience getting saturated, current counter is:  1
best acc test 65.091566  acc val 62.777778 acc labeled target 58.465608
saving model...
S real T sketch Train Ep: 7600 lr0.006544334648469591 	 Loss Classification: 0.357810 Loss T 0.061247 Method MME

S real T sketch Train Ep: 7700 lr0.006516584787163857 	 Loss Classification: 0.124088 Loss T 0.054084 Method MME

S real T sketch Train Ep: 7800 lr0.006489107939747966 	 Loss Classification: 0.284738 Loss T 0.064595 Method MME

S real T sketch Train Ep: 7900 lr0.0064618999089330565 	 Loss Classification: 0.508496 Loss T 0.066599 Method MME

Per Class Accuracy Calculated According to the Labelled Target examples is:  [0.8888889  1.         0.33333334 0.33333334 0.8888889  0.33333334
 0.6666667  0.8888889  0.6666667  0.         0.8888889  1.
 0.         0.         0.22222222 0.8888889  1.         0.8888889
 0.6666667  0.33333334 0.6666667  1.         0.6666667  0.33333334
 0.22222222 0.         0.         0.8888889  0.6666667  0.22222222
 0.7777778  0.22222222 0.         0.5555556  0.7777778  0.33333334
 0.33333334 0.         0.7777778  1.         0.11111111 0.8888889
 0.44444445 0.44444445 0.6666667  0.6666667  1.         0.8888889
 0.33333334 1.         0.33333334 0.33333334 1.         0.6666667
 1.         0.6666667  0.8888889  0.6666667  1.         1.
 0.7777778  0.33333334 1.         0.33333334 0.8888889  0.6666667
 0.         0.7777778  0.6666667  1.         0.33333334 0.33333334
 0.5555556  0.44444445 1.         0.33333334 0.         1.
 1.         1.         0.         1.         0.         0.7777778
 0.44444445 0.44444445 1.         0.6666667  0.         0.33333334
 0.44444445 1.         0.6666667  0.8888889  0.8888889  0.6666667
 0.33333334 0.8888889  0.33333334 0.33333334 1.         0.5555556
 0.6666667  1.         0.6666667  0.         0.33333334 0.5555556
 0.22222222 0.33333334 0.44444445 0.6666667  0.33333334 0.8888889
 1.         0.8888889  0.44444445 0.6666667  0.22222222 0.22222222
 1.         1.         0.5555556  0.         0.11111111 1.        ]
Top k classes which perform poorly are:  [32, 82, 37, 26, 25, 80, 88, 76, 13, 12, 105, 9, 123, 66, 40, 124, 14, 29, 31, 118, 108, 119, 24, 36, 61, 48, 75, 70, 109, 71, 50, 112, 35, 51, 5, 63, 98, 23, 106, 2, 19, 96, 89, 3, 99, 73, 116, 90, 43, 42, 85, 84, 110, 122, 33, 101, 72, 107, 104, 95, 111, 92, 87, 68, 65, 102, 28, 6, 8, 18, 57, 20, 55, 22, 53, 117, 45, 44, 83, 30, 34, 60, 67, 38, 41, 4, 7, 97, 113, 10, 94, 93, 15, 17, 56, 115, 27, 64, 47, 0, 114, 120, 121, 62, 100, 1, 11, 16, 21, 39, 46, 49, 52, 54, 58, 59, 69, 74, 77, 78, 79, 81, 86, 91, 103, 125]
Per cls weights according to the accuracy are:  tensor([1.2056, 1.1839, 1.3583, 1.3583, 1.2056, 1.3583, 1.2567, 1.2056, 1.2567,
        1.5000, 1.2056, 1.1839, 1.5000, 1.5000, 1.4004, 1.2056, 1.1839, 1.2056,
        1.2567, 1.3583, 1.2567, 1.1839, 1.2567, 1.3583, 1.4004, 1.5000, 1.5000,
        1.2056, 1.2567, 1.4004, 1.2297, 1.4004, 1.5000, 1.2869, 1.2297, 1.3583,
        1.3583, 1.5000, 1.2297, 1.1839, 1.4474, 1.2056, 1.3206, 1.3206, 1.2567,
        1.2567, 1.1839, 1.2056, 1.3583, 1.1839, 1.3583, 1.3583, 1.1839, 1.2567,
        1.1839, 1.2567, 1.2056, 1.2567, 1.1839, 1.1839, 1.2297, 1.3583, 1.1839,
        1.3583, 1.2056, 1.2567, 1.5000, 1.2297, 1.2567, 1.1839, 1.3583, 1.3583,
        1.2869, 1.3206, 1.1839, 1.3583, 1.5000, 1.1839, 1.1839, 1.1839, 1.5000,
        1.1839, 1.5000, 1.2297, 1.3206, 1.3206, 1.1839, 1.2567, 1.5000, 1.3583,
        1.3206, 1.1839, 1.2567, 1.2056, 1.2056, 1.2567, 1.3583, 1.2056, 1.3583,
        1.3583, 1.1839, 1.2869, 1.2567, 1.1839, 1.2567, 1.5000, 1.3583, 1.2869,
        1.4004, 1.3583, 1.3206, 1.2567, 1.3583, 1.2056, 1.1839, 1.2056, 1.3206,
        1.2567, 1.4004, 1.4004, 1.1839, 1.1839, 1.2869, 1.5000, 1.4474, 1.1839])
0
1
2
3
4
5
6
7
8
9
10
11
12
13
14
15
16
17
18
19
20
21
22
23
24
25
26
27
28
29
30
31
32
33
34
35
36
37
38
39
40
41
42
43
44
45
46
47
48
49
50
51
52
53
54
55
56
57
58
59
60
61
62
63
64
65
66
67
68
69
70
71
72
73
74
75
76
77
78
79
80
81
82
83
84
85
86
87
88
89
90
91
92
93
94
95
96
97
98
99
100
101
102
103
104
105
106
107
108
109
110
111
112
113
114
115
116
117
118
119
120
121
122
123
124
125
126
127
128
129
130
131
132
133
134
135
136
137
138
139
140
141
142
143
144
145
146
147
148
149
150
151
152
153
154
155
156
157
158
159
160
161
162
163
164
165
166
167
168
169
170
171
172
173
174
175
176
177
178
179
180
181
182
183
184
185
186
187
188
189
190
191
192
193
194
195
196
197
198
199
200
201
202
203
204
205
206
207
208
209
210
211
212
213
214
215
216
217
218
219
220
221
222
223
224
225
226
227
228
229
230
231
232
233
234
235
236
237
238
239
240
241
242
243
244
245
246
247
248
249
250
251
252
253
254
255
256
257
258
259
260
261
262
263
264
265
266
267
268
269
270
271
272
273
274
275
276
277
278
279
280
281
282
283
284
285
286
287
288
289
290
291
292
293
294
295
296
297
298
299
300
301
302
303
304
305
306
307
308
309
310
311
312
313
314
315
316
317
318
319
320
321
322
323
324
325
326
327
328
329
330
331
332
333
334
335
336
337
338
339
340
341
342
343
344
345
346
347
348
349
350
351
352
353
354
355
356
357
358
359
360
361
362
363
364
365
366
367
368
369
370
371
372
373
374
375
376
377
Per cls weights according to the accuracy are:  tensor([0.7944, 0.8161, 0.6417, 0.6417, 0.7944, 0.6417, 0.7433, 0.7944, 0.7433,
        0.5000, 0.7944, 0.8161, 0.5000, 0.5000, 0.5996, 0.7944, 0.8161, 0.7944,
        0.7433, 0.6417, 0.7433, 0.8161, 0.7433, 0.6417, 0.5996, 0.5000, 0.5000,
        0.7944, 0.7433, 0.5996, 0.7703, 0.5996, 0.5000, 0.7131, 0.7703, 0.6417,
        0.6417, 0.5000, 0.7703, 0.8161, 0.5526, 0.7944, 0.6794, 0.6794, 0.7433,
        0.7433, 0.8161, 0.7944, 0.6417, 0.8161, 0.6417, 0.6417, 0.8161, 0.7433,
        0.8161, 0.7433, 0.7944, 0.7433, 0.8161, 0.8161, 0.7703, 0.6417, 0.8161,
        0.6417, 0.7944, 0.7433, 0.5000, 0.7703, 0.7433, 0.8161, 0.6417, 0.6417,
        0.7131, 0.6794, 0.8161, 0.6417, 0.5000, 0.8161, 0.8161, 0.8161, 0.5000,
        0.8161, 0.5000, 0.7703, 0.6794, 0.6794, 0.8161, 0.7433, 0.5000, 0.6417,
        0.6794, 0.8161, 0.7433, 0.7944, 0.7944, 0.7433, 0.6417, 0.7944, 0.6417,
        0.6417, 0.8161, 0.7131, 0.7433, 0.8161, 0.7433, 0.5000, 0.6417, 0.7131,
        0.5996, 0.6417, 0.6794, 0.7433, 0.6417, 0.7944, 0.8161, 0.7944, 0.6794,
        0.7433, 0.5996, 0.5996, 0.8161, 0.8161, 0.7131, 0.5000, 0.5526, 0.8161])
0
1
2
3
4
5
6
7
8
9
10
11
12
13
14
15
16
17
18
19
20
21
22
23
24
25
26
27
28
29
30
31
32
33
34
35
36
37
38
39
40
41
42
43
44
45
46
47
48
49
50
51
52
53
54
55
56
57
58
59
60
61
62
63
64
65
66
67
68
69
70
71
72
73
74
75
76
77
78
79
80
81
82
83
84
85
86
87
88
89
90
91
92
93
94
95
96
97
98
99
100
101
102
103
104
105
106
107
108
109
110
111
112
113
114
115
116
117
118
119
120
121
122
123
124
125
126
127
128
129
130
131
132
133
134
135
136
137
138
139
140
141
142
143
144
145
146
147
148
149
150
151
152
153
154
155
156
157
158
159
160
161
162
163
164
165
166
167
168
169
170
171
172
173
174
175
176
177
178
179
180
181
182
183
184
185
186
187
188
189
190
191
192
193
194
195
196
197
198
199
200
201
202
203
204
205
206
207
208
209
210
211
212
213
214
215
216
217
218
219
220
221
222
223
224
225
226
227
228
229
230
231
232
233
234
235
236
237
238
239
240
241
242
243
244
245
246
247
248
249
250
251
252
253
254
255
256
257
258
259
260
261
262
263
264
265
266
267
268
269
270
271
272
273
274
275
276
277
278
279
280
281
282
283
284
285
286
287
288
289
290
291
292
293
294
295
296
297
298
299
300
301
302
303
304
305
306
307
308
309
310
311
312
313
314
315
316
317
318
319
320
321
322
323
324
325
326
327
328
329
330
331
332
333
334
335
336
337
338
339
340
341
342
343
344
345
346
347
348
349
350
351
352
353
354
355
356
357
358
359
360
361
362
363
364
365
366
367
368
369
370
371
372
373
374
375
376
377
Assigned Classwise weights to source
S real T sketch Train Ep: 8000 lr0.006434956584934828 	 Loss Classification: 0.289148 Loss T 0.085910 Method MME

24
24
24
24
24
24
24
24
24
24
24
24
24
24
24
24
tensor(1134.)

Labeled Target set: Average loss: 4.7793, Accuracy: 304/1134 F1 (26.8078%)

m_list is: 
 [9. 0. 6. 9. 0. 9. 5. 6. 7. 9. 6. 2. 9. 9. 9. 6. 9. 7. 9. 9. 9. 5. 9. 9.
 8. 9. 9. 9. 9. 9. 0. 9. 3. 9. 9. 9. 7. 9. 3. 8. 9. 8. 9. 9. 9. 5. 0. 9.
 6. 0. 9. 9. 1. 7. 9. 8. 6. 5. 9. 8. 2. 9. 5. 7. 3. 5. 2. 0. 6. 8. 0. 6.
 1. 9. 4. 9. 9. 6. 9. 0. 9. 6. 9. 8. 3. 2. 9. 3. 9. 9. 9. 1. 9. 4. 6. 5.
 8. 6. 8. 8. 5. 9. 4. 7. 3. 9. 9. 7. 9. 9. 8. 9. 6. 5. 4. 5. 8. 3. 9. 9.
 8. 3. 9. 9. 9. 3.]
LDAMLoss_misclassification()

Test set: Average loss: 4.4600, Accuracy: 7306/23808 F1 (30.6872%)


Val set: Average loss: 4.6713, Accuracy: 113/360 F1 (31.3889%)

Patience getting saturated, current counter is:  2
best acc test 65.091566  acc val 31.388889 acc labeled target 26.807760
saving model...
S real T sketch Train Ep: 8100 lr0.006408273943175546 	 Loss Classification: 158.443237 Loss T 0.006804 Method MME

S real T sketch Train Ep: 8200 lr0.006381848042058713 	 Loss Classification: 143.583008 Loss T 0.052717 Method MME

S real T sketch Train Ep: 8300 lr0.0063556750208137005 	 Loss Classification: 148.174744 Loss T 0.073224 Method MME

S real T sketch Train Ep: 8400 lr0.006329751097407787 	 Loss Classification: 184.688583 Loss T 0.024924 Method MME

S real T sketch Train Ep: 8500 lr0.0063040725665231365 	 Loss Classification: 181.164474 Loss T 0.026498 Method MME

24
24
24
24
24
24
24
24
24
24
24
24
24
24
24
24
tensor(1134.)

Labeled Target set: Average loss: 189.4202, Accuracy: 12/1134 F1 (1.0582%)

m_list is: 
 [9. 9. 9. 9. 9. 9. 9. 9. 9. 9. 9. 9. 9. 9. 9. 9. 9. 9. 0. 9. 9. 9. 9. 9.
 9. 9. 9. 9. 9. 9. 9. 9. 9. 9. 9. 9. 9. 6. 9. 9. 9. 9. 9. 9. 9. 9. 9. 9.
 9. 9. 9. 9. 9. 9. 9. 9. 9. 9. 9. 9. 9. 9. 9. 9. 9. 9. 9. 9. 9. 9. 9. 9.
 9. 9. 9. 9. 9. 9. 9. 9. 9. 9. 9. 9. 9. 9. 9. 9. 9. 9. 9. 9. 9. 9. 9. 9.
 9. 9. 9. 9. 9. 9. 9. 9. 9. 9. 9. 9. 9. 9. 9. 9. 9. 9. 9. 9. 9. 9. 9. 9.
 9. 9. 9. 9. 9. 9.]
LDAMLoss_misclassification()

Test set: Average loss: 201.3756, Accuracy: 58/23808 F1 (0.2436%)


Val set: Average loss: 188.4714, Accuracy: 5/360 F1 (1.3889%)

Patience getting saturated, current counter is:  3
best acc test 65.091566  acc val 1.388889 acc labeled target 1.058201
saving model...
S real T sketch Train Ep: 8600 lr0.006278635797596355 	 Loss Classification: 167.126312 Loss T 0.043200 Method MME

S real T sketch Train Ep: 8700 lr0.006253437232918371 	 Loss Classification: 101.155029 Loss T 0.048666 Method MME

S real T sketch Train Ep: 8800 lr0.0062284733857924735 	 Loss Classification: 84.733337 Loss T 0.034994 Method MME

S real T sketch Train Ep: 8900 lr0.006203740838748417 	 Loss Classification: 171.242294 Loss T 0.022336 Method MME

Per Class Accuracy Calculated According to the Labelled Target examples is:  [0.         0.         0.         0.         0.         0.
 0.         0.         0.         0.         0.         0.
 0.         0.         0.         0.         0.         0.
 1.         0.         0.         0.         0.         0.
 0.         0.         0.         0.         0.         0.
 0.         0.         0.         0.         0.         0.
 0.         0.33333334 0.         0.         0.         0.
 0.         0.         0.         0.         0.         0.
 0.         0.         0.         0.         0.         0.
 0.         0.         0.         0.         0.         0.
 0.         0.         0.         0.         0.         0.
 0.         0.         0.         0.         0.         0.
 0.         0.         0.         0.         0.         0.
 0.         0.         0.         0.         0.         0.
 0.         0.         0.         0.         0.         0.
 0.         0.         0.         0.         0.         0.
 0.         0.         0.         0.         0.         0.
 0.         0.         0.         0.         0.         0.
 0.         0.         0.         0.         0.         0.
 0.         0.         0.         0.         0.         0.
 0.         0.         0.         0.         0.         0.        ]
Top k classes which perform poorly are:  [0, 91, 90, 89, 88, 87, 86, 85, 84, 83, 82, 81, 80, 79, 78, 77, 76, 75, 74, 73, 72, 71, 70, 69, 68, 67, 66, 65, 92, 93, 94, 95, 123, 122, 121, 120, 119, 118, 117, 116, 115, 114, 113, 112, 111, 64, 110, 108, 107, 106, 105, 104, 103, 102, 101, 100, 99, 98, 97, 96, 109, 63, 62, 61, 28, 27, 26, 25, 24, 23, 22, 21, 20, 19, 17, 16, 15, 14, 13, 12, 11, 10, 9, 8, 7, 6, 5, 4, 3, 2, 1, 29, 124, 30, 32, 60, 59, 58, 57, 56, 55, 54, 53, 52, 51, 50, 49, 48, 47, 46, 45, 44, 43, 42, 41, 40, 39, 38, 36, 35, 34, 33, 31, 125, 37, 18]
Per cls weights according to the accuracy are:  tensor([1.5000, 1.5000, 1.5000, 1.5000, 1.5000, 1.5000, 1.5000, 1.5000, 1.5000,
        1.5000, 1.5000, 1.5000, 1.5000, 1.5000, 1.5000, 1.5000, 1.5000, 1.5000,
        1.1839, 1.5000, 1.5000, 1.5000, 1.5000, 1.5000, 1.5000, 1.5000, 1.5000,
        1.5000, 1.5000, 1.5000, 1.5000, 1.5000, 1.5000, 1.5000, 1.5000, 1.5000,
        1.5000, 1.3583, 1.5000, 1.5000, 1.5000, 1.5000, 1.5000, 1.5000, 1.5000,
        1.5000, 1.5000, 1.5000, 1.5000, 1.5000, 1.5000, 1.5000, 1.5000, 1.5000,
        1.5000, 1.5000, 1.5000, 1.5000, 1.5000, 1.5000, 1.5000, 1.5000, 1.5000,
        1.5000, 1.5000, 1.5000, 1.5000, 1.5000, 1.5000, 1.5000, 1.5000, 1.5000,
        1.5000, 1.5000, 1.5000, 1.5000, 1.5000, 1.5000, 1.5000, 1.5000, 1.5000,
        1.5000, 1.5000, 1.5000, 1.5000, 1.5000, 1.5000, 1.5000, 1.5000, 1.5000,
        1.5000, 1.5000, 1.5000, 1.5000, 1.5000, 1.5000, 1.5000, 1.5000, 1.5000,
        1.5000, 1.5000, 1.5000, 1.5000, 1.5000, 1.5000, 1.5000, 1.5000, 1.5000,
        1.5000, 1.5000, 1.5000, 1.5000, 1.5000, 1.5000, 1.5000, 1.5000, 1.5000,
        1.5000, 1.5000, 1.5000, 1.5000, 1.5000, 1.5000, 1.5000, 1.5000, 1.5000])
0
1
2
3
4
5
6
7
8
9
10
11
12
13
14
15
16
17
18
19
20
21
22
23
24
25
26
27
28
29
30
31
32
33
34
35
36
37
38
39
40
41
42
43
44
45
46
47
48
49
50
51
52
53
54
55
56
57
58
59
60
61
62
63
64
65
66
67
68
69
70
71
72
73
74
75
76
77
78
79
80
81
82
83
84
85
86
87
88
89
90
91
92
93
94
95
96
97
98
99
100
101
102
103
104
105
106
107
108
109
110
111
112
113
114
115
116
117
118
119
120
121
122
123
124
125
126
127
128
129
130
131
132
133
134
135
136
137
138
139
140
141
142
143
144
145
146
147
148
149
150
151
152
153
154
155
156
157
158
159
160
161
162
163
164
165
166
167
168
169
170
171
172
173
174
175
176
177
178
179
180
181
182
183
184
185
186
187
188
189
190
191
192
193
194
195
196
197
198
199
200
201
202
203
204
205
206
207
208
209
210
211
212
213
214
215
216
217
218
219
220
221
222
223
224
225
226
227
228
229
230
231
232
233
234
235
236
237
238
239
240
241
242
243
244
245
246
247
248
249
250
251
252
253
254
255
256
257
258
259
260
261
262
263
264
265
266
267
268
269
270
271
272
273
274
275
276
277
278
279
280
281
282
283
284
285
286
287
288
289
290
291
292
293
294
295
296
297
298
299
300
301
302
303
304
305
306
307
308
309
310
311
312
313
314
315
316
317
318
319
320
321
322
323
324
325
326
327
328
329
330
331
332
333
334
335
336
337
338
339
340
341
342
343
344
345
346
347
348
349
350
351
352
353
354
355
356
357
358
359
360
361
362
363
364
365
366
367
368
369
370
371
372
373
374
375
376
377
Per cls weights according to the accuracy are:  tensor([0.5000, 0.5000, 0.5000, 0.5000, 0.5000, 0.5000, 0.5000, 0.5000, 0.5000,
        0.5000, 0.5000, 0.5000, 0.5000, 0.5000, 0.5000, 0.5000, 0.5000, 0.5000,
        0.8161, 0.5000, 0.5000, 0.5000, 0.5000, 0.5000, 0.5000, 0.5000, 0.5000,
        0.5000, 0.5000, 0.5000, 0.5000, 0.5000, 0.5000, 0.5000, 0.5000, 0.5000,
        0.5000, 0.6417, 0.5000, 0.5000, 0.5000, 0.5000, 0.5000, 0.5000, 0.5000,
        0.5000, 0.5000, 0.5000, 0.5000, 0.5000, 0.5000, 0.5000, 0.5000, 0.5000,
        0.5000, 0.5000, 0.5000, 0.5000, 0.5000, 0.5000, 0.5000, 0.5000, 0.5000,
        0.5000, 0.5000, 0.5000, 0.5000, 0.5000, 0.5000, 0.5000, 0.5000, 0.5000,
        0.5000, 0.5000, 0.5000, 0.5000, 0.5000, 0.5000, 0.5000, 0.5000, 0.5000,
        0.5000, 0.5000, 0.5000, 0.5000, 0.5000, 0.5000, 0.5000, 0.5000, 0.5000,
        0.5000, 0.5000, 0.5000, 0.5000, 0.5000, 0.5000, 0.5000, 0.5000, 0.5000,
        0.5000, 0.5000, 0.5000, 0.5000, 0.5000, 0.5000, 0.5000, 0.5000, 0.5000,
        0.5000, 0.5000, 0.5000, 0.5000, 0.5000, 0.5000, 0.5000, 0.5000, 0.5000,
        0.5000, 0.5000, 0.5000, 0.5000, 0.5000, 0.5000, 0.5000, 0.5000, 0.5000])
0
1
2
3
4
5
6
7
8
9
10
11
12
13
14
15
16
17
18
19
20
21
22
23
24
25
26
27
28
29
30
31
32
33
34
35
36
37
38
39
40
41
42
43
44
45
46
47
48
49
50
51
52
53
54
55
56
57
58
59
60
61
62
63
64
65
66
67
68
69
70
71
72
73
74
75
76
77
78
79
80
81
82
83
84
85
86
87
88
89
90
91
92
93
94
95
96
97
98
99
100
101
102
103
104
105
106
107
108
109
110
111
112
113
114
115
116
117
118
119
120
121
122
123
124
125
126
127
128
129
130
131
132
133
134
135
136
137
138
139
140
141
142
143
144
145
146
147
148
149
150
151
152
153
154
155
156
157
158
159
160
161
162
163
164
165
166
167
168
169
170
171
172
173
174
175
176
177
178
179
180
181
182
183
184
185
186
187
188
189
190
191
192
193
194
195
196
197
198
199
200
201
202
203
204
205
206
207
208
209
210
211
212
213
214
215
216
217
218
219
220
221
222
223
224
225
226
227
228
229
230
231
232
233
234
235
236
237
238
239
240
241
242
243
244
245
246
247
248
249
250
251
252
253
254
255
256
257
258
259
260
261
262
263
264
265
266
267
268
269
270
271
272
273
274
275
276
277
278
279
280
281
282
283
284
285
286
287
288
289
290
291
292
293
294
295
296
297
298
299
300
301
302
303
304
305
306
307
308
309
310
311
312
313
314
315
316
317
318
319
320
321
322
323
324
325
326
327
328
329
330
331
332
333
334
335
336
337
338
339
340
341
342
343
344
345
346
347
348
349
350
351
352
353
354
355
356
357
358
359
360
361
362
363
364
365
366
367
368
369
370
371
372
373
374
375
376
377
Assigned Classwise weights to source
S real T sketch Train Ep: 9000 lr0.006179236241810624 	 Loss Classification: 135.977783 Loss T 0.040452 Method MME

24
24
24
24
24
24
24
24
24
24
24
24
24
24
24
24
tensor(1134.)

Labeled Target set: Average loss: 127.0285, Accuracy: 12/1134 F1 (1.0582%)

m_list is: 
 [9. 9. 9. 9. 9. 9. 9. 9. 9. 9. 9. 9. 9. 9. 9. 9. 9. 9. 9. 9. 9. 9. 9. 9.
 9. 9. 9. 9. 9. 9. 9. 9. 9. 9. 9. 9. 9. 9. 9. 9. 9. 9. 9. 9. 9. 9. 9. 9.
 9. 9. 9. 9. 9. 9. 9. 9. 9. 9. 9. 9. 9. 9. 9. 9. 9. 9. 9. 9. 9. 9. 9. 9.
 9. 9. 9. 9. 9. 9. 9. 9. 9. 9. 9. 9. 9. 9. 9. 9. 9. 9. 8. 9. 9. 9. 9. 7.
 9. 9. 9. 9. 9. 9. 9. 9. 9. 8. 9. 9. 9. 9. 9. 9. 9. 9. 9. 9. 9. 9. 9. 9.
 9. 9. 9. 1. 9. 9.]
LDAMLoss_misclassification()

Test set: Average loss: 135.2480, Accuracy: 160/23808 F1 (0.6720%)


Val set: Average loss: 128.6647, Accuracy: 3/360 F1 (0.8333%)

Patience getting saturated, current counter is:  4
best acc test 65.091566  acc val 0.833333 acc labeled target 1.058201
saving model...
S real T sketch Train Ep: 9100 lr0.006154956310818535 	 Loss Classification: 131.850037 Loss T 0.039066 Method MME

S real T sketch Train Ep: 9200 lr0.0061308978257973165 	 Loss Classification: 127.495659 Loss T 0.001433 Method MME

S real T sketch Train Ep: 9300 lr0.0061070576293771285 	 Loss Classification: 111.534180 Loss T 0.018277 Method MME

S real T sketch Train Ep: 9400 lr0.006083432625259276 	 Loss Classification: 118.494896 Loss T 0.030284 Method MME

S real T sketch Train Ep: 9500 lr0.006060019776727621 	 Loss Classification: 110.758270 Loss T 0.047193 Method MME

24
24
24
24
24
24
24
24
24
24
24
24
24
24
24
24
tensor(1134.)

Labeled Target set: Average loss: 131.4750, Accuracy: 7/1134 F1 (0.6173%)

m_list is: 
 [9. 9. 9. 9. 9. 9. 9. 9. 9. 9. 9. 9. 9. 9. 9. 7. 9. 9. 9. 9. 9. 7. 9. 9.
 9. 9. 9. 9. 9. 9. 9. 9. 9. 9. 9. 9. 9. 9. 9. 9. 9. 9. 9. 9. 9. 9. 9. 9.
 9. 9. 9. 9. 9. 9. 9. 9. 9. 9. 9. 9. 9. 9. 9. 9. 9. 9. 9. 9. 9. 9. 9. 9.
 9. 9. 6. 9. 9. 9. 9. 9. 9. 9. 9. 9. 9. 9. 9. 9. 9. 9. 9. 9. 9. 9. 9. 9.
 9. 9. 9. 9. 9. 9. 9. 9. 9. 9. 9. 9. 9. 9. 9. 9. 9. 9. 9. 9. 9. 9. 9. 9.
 9. 9. 9. 9. 9. 9.]
LDAMLoss_misclassification()

Test set: Average loss: 145.2177, Accuracy: 142/23808 F1 (0.5964%)


Val set: Average loss: 135.9397, Accuracy: 4/360 F1 (1.1111%)

Patience getting saturated, current counter is:  5
