Dataset multi Source real Target sketch Labeled num perclass 3 Network resnet34
126 classes in this dataset
23826
Bank keys - Target:  dict_keys(['feat_vec', 'labels', 'names']) Source:  dict_keys(['feat_vec', 'labels', 'names'])
Num  - Target:  23826 Source:  70358
S real T sketch Train Ep: 0 lr0.01 	 Loss Classification: 5.096098 Loss T 0.471431 Method MME

S real T sketch Train Ep: 100 lr0.009925650290240803 	 Loss Classification: 0.804321 Loss T 0.306239 Method MME

S real T sketch Train Ep: 200 lr0.009852577760521605 	 Loss Classification: 0.622858 Loss T 0.223351 Method MME

S real T sketch Train Ep: 300 lr0.009780748269686728 	 Loss Classification: 0.402295 Loss T 0.148351 Method MME

S real T sketch Train Ep: 400 lr0.009710128909124701 	 Loss Classification: 0.546275 Loss T 0.178903 Method MME

S real T sketch Train Ep: 500 lr0.00964068794694323 	 Loss Classification: 0.513061 Loss T 0.192857 Method MME


Test set: Average loss: 2.0091, Accuracy: 12931/23808 F1 (54%)


Test set: Average loss: 1.8051, Accuracy: 214/360 F1 (59%)

best acc test 54.313676 best acc val 59.444444
saving model...
S real T sketch Train Ep: 600 lr0.00957239477517603 	 Loss Classification: 0.523402 Loss T 0.157777 Method MME

S real T sketch Train Ep: 700 lr0.009505219859830012 	 Loss Classification: 0.435731 Loss T 0.162417 Method MME

S real T sketch Train Ep: 800 lr0.009439134693595126 	 Loss Classification: 0.307103 Loss T 0.130844 Method MME

S real T sketch Train Ep: 900 lr0.009374111751051751 	 Loss Classification: 0.340071 Loss T 0.160330 Method MME

S real T sketch Train Ep: 1000 lr0.009310124446222227 	 Loss Classification: 0.413828 Loss T 0.160644 Method MME


Test set: Average loss: 1.9115, Accuracy: 13721/23808 F1 (58%)


Test set: Average loss: 1.7896, Accuracy: 214/360 F1 (59%)

best acc test 57.631888 best acc val 59.444444
saving model...
S real T sketch Train Ep: 1100 lr0.00924714709232377 	 Loss Classification: 0.493078 Loss T 0.132705 Method MME

S real T sketch Train Ep: 1200 lr0.009185154863590003 	 Loss Classification: 0.399877 Loss T 0.149461 Method MME

S real T sketch Train Ep: 1300 lr0.00912412375903735 	 Loss Classification: 0.305938 Loss T 0.138573 Method MME

S real T sketch Train Ep: 1400 lr0.009064030568061049 	 Loss Classification: 0.757955 Loss T 0.118595 Method MME

S real T sketch Train Ep: 1500 lr0.009004852837753237 	 Loss Classification: 0.285733 Loss T 0.121606 Method MME


Test set: Average loss: 1.8237, Accuracy: 14483/23808 F1 (61%)


Test set: Average loss: 1.6490, Accuracy: 227/360 F1 (63%)

best acc test 60.832493 best acc val 63.055556
saving model...
S real T sketch Train Ep: 1600 lr0.008946568841842816 	 Loss Classification: 0.415290 Loss T 0.132304 Method MME

S real T sketch Train Ep: 1700 lr0.008889157551163433 	 Loss Classification: 0.342698 Loss T 0.133818 Method MME

S real T sketch Train Ep: 1800 lr0.008832598605562044 	 Loss Classification: 0.466156 Loss T 0.152570 Method MME

S real T sketch Train Ep: 1900 lr0.008776872287166303 	 Loss Classification: 0.611458 Loss T 0.128575 Method MME

S real T sketch Train Ep: 2000 lr0.008721959494934213 	 Loss Classification: 0.318672 Loss T 0.097029 Method MME


Test set: Average loss: 1.7498, Accuracy: 15101/23808 F1 (63%)


Test set: Average loss: 1.5108, Accuracy: 233/360 F1 (65%)

best acc test 63.428259 best acc val 64.722222
saving model...
S real T sketch Train Ep: 2100 lr0.008667841720414475 	 Loss Classification: 0.485495 Loss T 0.130951 Method MME

S real T sketch Train Ep: 2200 lr0.008614501024650454 	 Loss Classification: 0.244320 Loss T 0.122186 Method MME

S real T sketch Train Ep: 2300 lr0.008561920016164943 	 Loss Classification: 0.333330 Loss T 0.108932 Method MME

S real T sketch Train Ep: 2400 lr0.008510081829966844 	 Loss Classification: 0.067457 Loss T 0.128434 Method MME

S real T sketch Train Ep: 2500 lr0.008458970107524513 	 Loss Classification: 0.323464 Loss T 0.091663 Method MME


Test set: Average loss: 1.7577, Accuracy: 15193/23808 F1 (64%)


Test set: Average loss: 1.5697, Accuracy: 233/360 F1 (65%)

best acc test 63.814684 best acc val 64.722222
saving model...
S real T sketch Train Ep: 2600 lr0.008408568977653933 	 Loss Classification: 0.503267 Loss T 0.117831 Method MME

S real T sketch Train Ep: 2700 lr0.00835886303827305 	 Loss Classification: 0.090643 Loss T 0.101101 Method MME

S real T sketch Train Ep: 2800 lr0.008309837338976545 	 Loss Classification: 0.217924 Loss T 0.098446 Method MME

S real T sketch Train Ep: 2900 lr0.008261477364388068 	 Loss Classification: 0.388647 Loss T 0.074790 Method MME

S real T sketch Train Ep: 3000 lr0.008213769018249545 	 Loss Classification: 0.217120 Loss T 0.089115 Method MME


Test set: Average loss: 1.8383, Accuracy: 15311/23808 F1 (64%)


Test set: Average loss: 1.7598, Accuracy: 228/360 F1 (63%)

best acc test 63.814684 best acc val 63.333333
saving model...
S real T sketch Train Ep: 3100 lr0.008166698608209509 	 Loss Classification: 0.263433 Loss T 0.084174 Method MME

S real T sketch Train Ep: 3200 lr0.008120252831274708 	 Loss Classification: 0.186087 Loss T 0.072884 Method MME

S real T sketch Train Ep: 3300 lr0.008074418759891278 	 Loss Classification: 0.187512 Loss T 0.099321 Method MME

S real T sketch Train Ep: 3400 lr0.008029183828623731 	 Loss Classification: 0.391023 Loss T 0.075344 Method MME

S real T sketch Train Ep: 3500 lr0.007984535821401871 	 Loss Classification: 0.263710 Loss T 0.084512 Method MME


Test set: Average loss: 1.8665, Accuracy: 15427/23808 F1 (65%)


Test set: Average loss: 1.7285, Accuracy: 229/360 F1 (64%)

best acc test 63.814684 best acc val 63.611111
saving model...
S real T sketch Train Ep: 3600 lr0.007940462859307384 	 Loss Classification: 0.348514 Loss T 0.081153 Method MME

S real T sketch Train Ep: 3700 lr0.007896953388873518 	 Loss Classification: 0.243039 Loss T 0.065291 Method MME

S real T sketch Train Ep: 3800 lr0.007853996170872714 	 Loss Classification: 0.237551 Loss T 0.098581 Method MME

S real T sketch Train Ep: 3900 lr0.00781158026956848 	 Loss Classification: 0.515583 Loss T 0.076271 Method MME

S real T sketch Train Ep: 4000 lr0.007769695042409123 	 Loss Classification: 0.309753 Loss T 0.075415 Method MME


Test set: Average loss: 1.8762, Accuracy: 15579/23808 F1 (65%)


Test set: Average loss: 1.7636, Accuracy: 230/360 F1 (64%)

best acc test 63.814684 best acc val 63.888889
saving model...
S real T sketch Train Ep: 4100 lr0.007728330130142108 	 Loss Classification: 0.167784 Loss T 0.063715 Method MME

S real T sketch Train Ep: 4200 lr0.007687475447329114 	 Loss Classification: 0.484969 Loss T 0.073464 Method MME

S real T sketch Train Ep: 4300 lr0.0076471211732427845 	 Loss Classification: 0.146856 Loss T 0.060628 Method MME

S real T sketch Train Ep: 4400 lr0.007607257743127307 	 Loss Classification: 0.415670 Loss T 0.071473 Method MME

S real T sketch Train Ep: 4500 lr0.007567875839805858 	 Loss Classification: 0.203212 Loss T 0.061817 Method MME


Test set: Average loss: 1.9396, Accuracy: 15514/23808 F1 (65%)


Test set: Average loss: 1.7393, Accuracy: 234/360 F1 (65%)

best acc test 65.162970 best acc val 65.000000
saving model...
S real T sketch Train Ep: 4600 lr0.007528966385618854 	 Loss Classification: 0.177015 Loss T 0.069002 Method MME

S real T sketch Train Ep: 4700 lr0.007490520534677821 	 Loss Classification: 0.210516 Loss T 0.091354 Method MME

S real T sketch Train Ep: 4800 lr0.007452529665420465 	 Loss Classification: 0.237991 Loss T 0.074591 Method MME

S real T sketch Train Ep: 4900 lr0.007414985373453289 	 Loss Classification: 0.243830 Loss T 0.079683 Method MME

S real T sketch Train Ep: 5000 lr0.007377879464668811 	 Loss Classification: 0.165022 Loss T 0.074751 Method MME


Test set: Average loss: 1.9686, Accuracy: 15429/23808 F1 (65%)


Test set: Average loss: 1.6711, Accuracy: 228/360 F1 (63%)

best acc test 65.162970 best acc val 63.333333
saving model...
S real T sketch Train Ep: 5100 lr0.007341203948625087 	 Loss Classification: 0.285472 Loss T 0.045359 Method MME

S real T sketch Train Ep: 5200 lr0.007304951032175895 	 Loss Classification: 0.249866 Loss T 0.064247 Method MME

S real T sketch Train Ep: 5300 lr0.007269113113340497 	 Loss Classification: 0.202080 Loss T 0.071487 Method MME

S real T sketch Train Ep: 5400 lr0.007233682775402483 	 Loss Classification: 0.398886 Loss T 0.062848 Method MME

S real T sketch Train Ep: 5500 lr0.007198652781227704 	 Loss Classification: 0.339744 Loss T 0.059649 Method MME


Test set: Average loss: 1.9656, Accuracy: 15338/23808 F1 (64%)


Test set: Average loss: 1.7634, Accuracy: 223/360 F1 (62%)

best acc test 65.162970 best acc val 61.944444
saving model...
S real T sketch Train Ep: 5600 lr0.007164016067791809 	 Loss Classification: 0.244412 Loss T 0.058727 Method MME

S real T sketch Train Ep: 5700 lr0.0071297657409083726 	 Loss Classification: 0.361636 Loss T 0.085660 Method MME

S real T sketch Train Ep: 5800 lr0.0070958950701490225 	 Loss Classification: 0.549100 Loss T 0.048160 Method MME

S real T sketch Train Ep: 5900 lr0.007062397483947426 	 Loss Classification: 0.335932 Loss T 0.045298 Method MME

S real T sketch Train Ep: 6000 lr0.007029266564879363 	 Loss Classification: 0.245206 Loss T 0.040596 Method MME


Test set: Average loss: 2.0781, Accuracy: 15284/23808 F1 (64%)


Test set: Average loss: 2.0297, Accuracy: 221/360 F1 (61%)

best acc test 65.162970 best acc val 61.388889
saving model...
S real T sketch Train Ep: 6100 lr0.006996496045111504 	 Loss Classification: 0.228757 Loss T 0.049485 Method MME

S real T sketch Train Ep: 6200 lr0.00696407980201184 	 Loss Classification: 0.233396 Loss T 0.059372 Method MME

S real T sketch Train Ep: 6300 lr0.006932011853915101 	 Loss Classification: 0.206071 Loss T 0.059263 Method MME

S real T sketch Train Ep: 6400 lr0.006900286356036734 	 Loss Classification: 0.415773 Loss T 0.032633 Method MME

S real T sketch Train Ep: 6500 lr0.006868897596529406 	 Loss Classification: 0.154269 Loss T 0.040917 Method MME


Test set: Average loss: 2.0826, Accuracy: 15341/23808 F1 (64%)


Test set: Average loss: 1.9082, Accuracy: 219/360 F1 (61%)

best acc test 65.162970 best acc val 60.833333
saving model...
S real T sketch Train Ep: 6600 lr0.006837839992676177 	 Loss Classification: 0.220885 Loss T 0.059747 Method MME

S real T sketch Train Ep: 6700 lr0.006807108087214876 	 Loss Classification: 0.217871 Loss T 0.045281 Method MME

S real T sketch Train Ep: 6800 lr0.006776696544788352 	 Loss Classification: 0.163249 Loss T 0.057228 Method MME

S real T sketch Train Ep: 6900 lr0.006746600148515609 	 Loss Classification: 0.290695 Loss T 0.052352 Method MME

S real T sketch Train Ep: 7000 lr0.006716813796678979 	 Loss Classification: 0.092997 Loss T 0.048500 Method MME


Test set: Average loss: 2.1580, Accuracy: 15177/23808 F1 (64%)


Test set: Average loss: 1.9986, Accuracy: 215/360 F1 (60%)

best acc test 65.162970 best acc val 59.722222
saving model...
S real T sketch Train Ep: 7100 lr0.006687332499522798 	 Loss Classification: 0.232206 Loss T 0.061023 Method MME

S real T sketch Train Ep: 7200 lr0.006658151376159165 	 Loss Classification: 0.117945 Loss T 0.055255 Method MME

S real T sketch Train Ep: 7300 lr0.00662926565157663 	 Loss Classification: 0.177230 Loss T 0.046908 Method MME

S real T sketch Train Ep: 7400 lr0.006600670653747793 	 Loss Classification: 0.322399 Loss T 0.061053 Method MME

S real T sketch Train Ep: 7500 lr0.0065723618108320175 	 Loss Classification: 0.361477 Loss T 0.054887 Method MME


Test set: Average loss: 2.1424, Accuracy: 15183/23808 F1 (64%)


Test set: Average loss: 2.0074, Accuracy: 226/360 F1 (63%)

