Dataset multi Source painting Target real Labeled num perclass 3 Network resnet34
126 classes in this dataset
1457
S painting T real Train Ep: 0 lr0.01 	 Loss Classification: 4.985276 Loss T 0.470398 Method MME

S painting T real Train Ep: 100 lr0.009925650290240803 	 Loss Classification: 0.981574 Loss T 0.210407 Method MME

S painting T real Train Ep: 200 lr0.009852577760521605 	 Loss Classification: 0.725815 Loss T 0.110596 Method MME

S painting T real Train Ep: 300 lr0.009780748269686728 	 Loss Classification: 0.329893 Loss T 0.131664 Method MME

S painting T real Train Ep: 400 lr0.009710128909124701 	 Loss Classification: 0.967686 Loss T 0.095403 Method MME

S painting T real Train Ep: 500 lr0.00964068794694323 	 Loss Classification: 0.519279 Loss T 0.096727 Method MME


Test set: Average loss: 1.0333, Accuracy: 52433/69936 F1 (75%)


Test set: Average loss: 1.1815, Accuracy: 260/360 F1 (72%)

best acc test 74.972832 best acc val 72.222222
record record/multi/MME/MME_net_resnet34_painting_to_real_num_3
saving model...
S painting T real Train Ep: 600 lr0.00957239477517603 	 Loss Classification: 0.416455 Loss T 0.076682 Method MME

S painting T real Train Ep: 700 lr0.009505219859830012 	 Loss Classification: 0.626120 Loss T 0.060052 Method MME

S painting T real Train Ep: 800 lr0.009439134693595126 	 Loss Classification: 0.622375 Loss T 0.067086 Method MME

S painting T real Train Ep: 900 lr0.009374111751051751 	 Loss Classification: 0.624068 Loss T 0.094079 Method MME

S painting T real Train Ep: 1000 lr0.009310124446222227 	 Loss Classification: 0.586446 Loss T 0.063381 Method MME


Test set: Average loss: 0.9845, Accuracy: 53929/69936 F1 (77%)


Test set: Average loss: 1.1617, Accuracy: 263/360 F1 (73%)

best acc test 77.111931 best acc val 73.055556
record record/multi/MME/MME_net_resnet34_painting_to_real_num_3
saving model...
S painting T real Train Ep: 1100 lr0.00924714709232377 	 Loss Classification: 0.489171 Loss T 0.054894 Method MME

S painting T real Train Ep: 1200 lr0.009185154863590003 	 Loss Classification: 0.785350 Loss T 0.076604 Method MME

S painting T real Train Ep: 1300 lr0.00912412375903735 	 Loss Classification: 0.744341 Loss T 0.072665 Method MME

S painting T real Train Ep: 1400 lr0.009064030568061049 	 Loss Classification: 0.138323 Loss T 0.069283 Method MME

S painting T real Train Ep: 1500 lr0.009004852837753237 	 Loss Classification: 0.575783 Loss T 0.057616 Method MME


Test set: Average loss: 0.9857, Accuracy: 54503/69936 F1 (78%)


Test set: Average loss: 1.2050, Accuracy: 270/360 F1 (75%)

best acc test 77.932681 best acc val 75.000000
record record/multi/MME/MME_net_resnet34_painting_to_real_num_3
saving model...
S painting T real Train Ep: 1600 lr0.008946568841842816 	 Loss Classification: 0.489178 Loss T 0.062362 Method MME

S painting T real Train Ep: 1700 lr0.008889157551163433 	 Loss Classification: 0.348368 Loss T 0.061481 Method MME

S painting T real Train Ep: 1800 lr0.008832598605562044 	 Loss Classification: 0.189910 Loss T 0.075426 Method MME

S painting T real Train Ep: 1900 lr0.008776872287166303 	 Loss Classification: 0.277856 Loss T 0.077601 Method MME

S painting T real Train Ep: 2000 lr0.008721959494934213 	 Loss Classification: 0.561182 Loss T 0.053213 Method MME


Test set: Average loss: 1.0254, Accuracy: 54401/69936 F1 (78%)


Test set: Average loss: 1.3213, Accuracy: 266/360 F1 (74%)

best acc test 77.932681 best acc val 73.888889
record record/multi/MME/MME_net_resnet34_painting_to_real_num_3
saving model...
S painting T real Train Ep: 2100 lr0.008667841720414475 	 Loss Classification: 0.450120 Loss T 0.049579 Method MME

S painting T real Train Ep: 2200 lr0.008614501024650454 	 Loss Classification: 0.425593 Loss T 0.059410 Method MME

S painting T real Train Ep: 2300 lr0.008561920016164943 	 Loss Classification: 0.308041 Loss T 0.032582 Method MME

S painting T real Train Ep: 2400 lr0.008510081829966844 	 Loss Classification: 0.603610 Loss T 0.055958 Method MME

S painting T real Train Ep: 2500 lr0.008458970107524513 	 Loss Classification: 0.801184 Loss T 0.059709 Method MME


Test set: Average loss: 1.0112, Accuracy: 54919/69936 F1 (79%)


Test set: Average loss: 1.1769, Accuracy: 277/360 F1 (77%)

best acc test 78.527511 best acc val 76.944444
record record/multi/MME/MME_net_resnet34_painting_to_real_num_3
saving model...
S painting T real Train Ep: 2600 lr0.008408568977653933 	 Loss Classification: 0.424315 Loss T 0.040940 Method MME

S painting T real Train Ep: 2700 lr0.00835886303827305 	 Loss Classification: 0.202384 Loss T 0.033860 Method MME

S painting T real Train Ep: 2800 lr0.008309837338976545 	 Loss Classification: 0.393172 Loss T 0.053736 Method MME

S painting T real Train Ep: 2900 lr0.008261477364388068 	 Loss Classification: 0.233181 Loss T 0.041899 Method MME

S painting T real Train Ep: 3000 lr0.008213769018249545 	 Loss Classification: 0.612960 Loss T 0.076040 Method MME


Test set: Average loss: 1.0883, Accuracy: 54508/69936 F1 (78%)


Test set: Average loss: 1.3610, Accuracy: 271/360 F1 (75%)

best acc test 78.527511 best acc val 75.277778
record record/multi/MME/MME_net_resnet34_painting_to_real_num_3
saving model...
S painting T real Train Ep: 3100 lr0.008166698608209509 	 Loss Classification: 0.234035 Loss T 0.046565 Method MME

S painting T real Train Ep: 3200 lr0.008120252831274708 	 Loss Classification: 0.361296 Loss T 0.052903 Method MME

S painting T real Train Ep: 3300 lr0.008074418759891278 	 Loss Classification: 0.329146 Loss T 0.037494 Method MME

S painting T real Train Ep: 3400 lr0.008029183828623731 	 Loss Classification: 0.473200 Loss T 0.041157 Method MME

S painting T real Train Ep: 3500 lr0.007984535821401871 	 Loss Classification: 0.455555 Loss T 0.049743 Method MME


Test set: Average loss: 1.0399, Accuracy: 55274/69936 F1 (79%)


Test set: Average loss: 1.2391, Accuracy: 272/360 F1 (76%)

best acc test 78.527511 best acc val 75.555556
record record/multi/MME/MME_net_resnet34_painting_to_real_num_3
saving model...
S painting T real Train Ep: 3600 lr0.007940462859307384 	 Loss Classification: 0.292408 Loss T 0.039720 Method MME

S painting T real Train Ep: 3700 lr0.007896953388873518 	 Loss Classification: 0.487367 Loss T 0.055159 Method MME

S painting T real Train Ep: 3800 lr0.007853996170872714 	 Loss Classification: 0.205038 Loss T 0.053988 Method MME

S painting T real Train Ep: 3900 lr0.00781158026956848 	 Loss Classification: 0.158623 Loss T 0.040758 Method MME

S painting T real Train Ep: 4000 lr0.007769695042409123 	 Loss Classification: 0.134194 Loss T 0.024989 Method MME


Test set: Average loss: 1.0621, Accuracy: 55502/69936 F1 (79%)


Test set: Average loss: 1.2348, Accuracy: 274/360 F1 (76%)

best acc test 78.527511 best acc val 76.111111
record record/multi/MME/MME_net_resnet34_painting_to_real_num_3
saving model...
S painting T real Train Ep: 4100 lr0.007728330130142108 	 Loss Classification: 0.328798 Loss T 0.045171 Method MME

S painting T real Train Ep: 4200 lr0.007687475447329114 	 Loss Classification: 0.200363 Loss T 0.037385 Method MME

S painting T real Train Ep: 4300 lr0.0076471211732427845 	 Loss Classification: 0.340759 Loss T 0.032364 Method MME

S painting T real Train Ep: 4400 lr0.007607257743127307 	 Loss Classification: 0.383353 Loss T 0.025639 Method MME

S painting T real Train Ep: 4500 lr0.007567875839805858 	 Loss Classification: 0.411396 Loss T 0.041472 Method MME


Test set: Average loss: 1.0457, Accuracy: 55521/69936 F1 (79%)


Test set: Average loss: 1.1947, Accuracy: 272/360 F1 (76%)

best acc test 78.527511 best acc val 75.555556
record record/multi/MME/MME_net_resnet34_painting_to_real_num_3
saving model...
S painting T real Train Ep: 4600 lr0.007528966385618854 	 Loss Classification: 0.144357 Loss T 0.061230 Method MME

S painting T real Train Ep: 4700 lr0.007490520534677821 	 Loss Classification: 0.441607 Loss T 0.032372 Method MME

S painting T real Train Ep: 4800 lr0.007452529665420465 	 Loss Classification: 0.356174 Loss T 0.042231 Method MME

S painting T real Train Ep: 4900 lr0.007414985373453289 	 Loss Classification: 0.245916 Loss T 0.035891 Method MME

S painting T real Train Ep: 5000 lr0.007377879464668811 	 Loss Classification: 0.283923 Loss T 0.043701 Method MME


Test set: Average loss: 1.0587, Accuracy: 55631/69936 F1 (80%)


Test set: Average loss: 1.2790, Accuracy: 273/360 F1 (76%)

best acc test 78.527511 best acc val 75.833333
record record/multi/MME/MME_net_resnet34_painting_to_real_num_3
saving model...
S painting T real Train Ep: 5100 lr0.007341203948625087 	 Loss Classification: 0.455928 Loss T 0.039119 Method MME

S painting T real Train Ep: 5200 lr0.007304951032175895 	 Loss Classification: 0.392873 Loss T 0.036280 Method MME

S painting T real Train Ep: 5300 lr0.007269113113340497 	 Loss Classification: 0.138363 Loss T 0.031663 Method MME

S painting T real Train Ep: 5400 lr0.007233682775402483 	 Loss Classification: 0.114438 Loss T 0.027423 Method MME

S painting T real Train Ep: 5500 lr0.007198652781227704 	 Loss Classification: 0.124591 Loss T 0.033222 Method MME


Test set: Average loss: 1.0377, Accuracy: 55897/69936 F1 (80%)


Test set: Average loss: 1.1241, Accuracy: 286/360 F1 (79%)

best acc test 79.925932 best acc val 79.444444
record record/multi/MME/MME_net_resnet34_painting_to_real_num_3
saving model...
S painting T real Train Ep: 5600 lr0.007164016067791809 	 Loss Classification: 0.169197 Loss T 0.048967 Method MME

S painting T real Train Ep: 5700 lr0.0071297657409083726 	 Loss Classification: 0.181472 Loss T 0.052129 Method MME

S painting T real Train Ep: 5800 lr0.0070958950701490225 	 Loss Classification: 0.370254 Loss T 0.041252 Method MME

S painting T real Train Ep: 5900 lr0.007062397483947426 	 Loss Classification: 0.231655 Loss T 0.045157 Method MME

S painting T real Train Ep: 6000 lr0.007029266564879363 	 Loss Classification: 0.255602 Loss T 0.047401 Method MME


Test set: Average loss: 1.0383, Accuracy: 55996/69936 F1 (80%)


Test set: Average loss: 1.0747, Accuracy: 292/360 F1 (81%)

best acc test 80.067490 best acc val 81.111111
record record/multi/MME/MME_net_resnet34_painting_to_real_num_3
saving model...
S painting T real Train Ep: 6100 lr0.006996496045111504 	 Loss Classification: 0.436230 Loss T 0.047196 Method MME

S painting T real Train Ep: 6200 lr0.00696407980201184 	 Loss Classification: 0.157881 Loss T 0.045153 Method MME

S painting T real Train Ep: 6300 lr0.006932011853915101 	 Loss Classification: 0.380533 Loss T 0.029816 Method MME

S painting T real Train Ep: 6400 lr0.006900286356036734 	 Loss Classification: 0.157797 Loss T 0.046262 Method MME

S painting T real Train Ep: 6500 lr0.006868897596529406 	 Loss Classification: 0.169262 Loss T 0.045054 Method MME


Test set: Average loss: 1.0361, Accuracy: 56117/69936 F1 (80%)


Test set: Average loss: 1.2065, Accuracy: 272/360 F1 (76%)

best acc test 80.067490 best acc val 75.555556
record record/multi/MME/MME_net_resnet34_painting_to_real_num_3
saving model...
S painting T real Train Ep: 6600 lr0.006837839992676177 	 Loss Classification: 0.171283 Loss T 0.045685 Method MME

S painting T real Train Ep: 6700 lr0.006807108087214876 	 Loss Classification: 0.151647 Loss T 0.033088 Method MME

S painting T real Train Ep: 6800 lr0.006776696544788352 	 Loss Classification: 0.185575 Loss T 0.054175 Method MME

S painting T real Train Ep: 6900 lr0.006746600148515609 	 Loss Classification: 0.263962 Loss T 0.024563 Method MME

S painting T real Train Ep: 7000 lr0.006716813796678979 	 Loss Classification: 0.217630 Loss T 0.031604 Method MME


Test set: Average loss: 1.0664, Accuracy: 55938/69936 F1 (80%)


Test set: Average loss: 1.2203, Accuracy: 278/360 F1 (77%)

best acc test 80.067490 best acc val 77.222222
record record/multi/MME/MME_net_resnet34_painting_to_real_num_3
saving model...
S painting T real Train Ep: 7100 lr0.006687332499522798 	 Loss Classification: 0.227799 Loss T 0.045021 Method MME

S painting T real Train Ep: 7200 lr0.006658151376159165 	 Loss Classification: 0.082609 Loss T 0.041338 Method MME

S painting T real Train Ep: 7300 lr0.00662926565157663 	 Loss Classification: 0.158639 Loss T 0.037138 Method MME

S painting T real Train Ep: 7400 lr0.006600670653747793 	 Loss Classification: 0.204083 Loss T 0.020398 Method MME

S painting T real Train Ep: 7500 lr0.0065723618108320175 	 Loss Classification: 0.103671 Loss T 0.034111 Method MME


Test set: Average loss: 1.0633, Accuracy: 56004/69936 F1 (80%)


Test set: Average loss: 1.2405, Accuracy: 280/360 F1 (78%)

best acc test 80.067490 best acc val 77.777778
record record/multi/MME/MME_net_resnet34_painting_to_real_num_3
saving model...
S painting T real Train Ep: 7600 lr0.006544334648469591 	 Loss Classification: 0.311374 Loss T 0.037320 Method MME

S painting T real Train Ep: 7700 lr0.006516584787163857 	 Loss Classification: 0.224501 Loss T 0.040967 Method MME

S painting T real Train Ep: 7800 lr0.006489107939747966 	 Loss Classification: 0.188578 Loss T 0.033022 Method MME

S painting T real Train Ep: 7900 lr0.0064618999089330565 	 Loss Classification: 0.239709 Loss T 0.043576 Method MME

S painting T real Train Ep: 8000 lr0.006434956584934828 	 Loss Classification: 0.027502 Loss T 0.043206 Method MME


Test set: Average loss: 1.0341, Accuracy: 56365/69936 F1 (81%)


Test set: Average loss: 1.1812, Accuracy: 279/360 F1 (78%)

best acc test 80.067490 best acc val 77.500000
record record/multi/MME/MME_net_resnet34_painting_to_real_num_3
saving model...
S painting T real Train Ep: 8100 lr0.006408273943175546 	 Loss Classification: 0.137196 Loss T 0.031445 Method MME

S painting T real Train Ep: 8200 lr0.006381848042058713 	 Loss Classification: 0.065974 Loss T 0.036949 Method MME

S painting T real Train Ep: 8300 lr0.0063556750208137005 	 Loss Classification: 0.273905 Loss T 0.021188 Method MME

S painting T real Train Ep: 8400 lr0.006329751097407787 	 Loss Classification: 0.264736 Loss T 0.038596 Method MME

S painting T real Train Ep: 8500 lr0.0063040725665231365 	 Loss Classification: 0.157866 Loss T 0.046212 Method MME


Test set: Average loss: 1.1115, Accuracy: 55977/69936 F1 (80%)


Test set: Average loss: 1.2857, Accuracy: 281/360 F1 (78%)

best acc test 80.067490 best acc val 78.055556
record record/multi/MME/MME_net_resnet34_painting_to_real_num_3
saving model...
S painting T real Train Ep: 8600 lr0.006278635797596355 	 Loss Classification: 0.267906 Loss T 0.025139 Method MME

S painting T real Train Ep: 8700 lr0.006253437232918371 	 Loss Classification: 0.160476 Loss T 0.029910 Method MME

S painting T real Train Ep: 8800 lr0.0062284733857924735 	 Loss Classification: 0.067259 Loss T 0.036600 Method MME

S painting T real Train Ep: 8900 lr0.006203740838748417 	 Loss Classification: 0.278084 Loss T 0.037721 Method MME

S painting T real Train Ep: 9000 lr0.006179236241810624 	 Loss Classification: 0.169322 Loss T 0.041174 Method MME


Test set: Average loss: 1.0770, Accuracy: 56136/69936 F1 (80%)


Test set: Average loss: 1.1789, Accuracy: 278/360 F1 (77%)

