Dataset multi Source real Target painting Labeled num perclass 3 Network resnet34
126 classes in this dataset
S real T painting Train Ep: 0 lr0.01 	 Loss Classification: 5.030245 Loss T 0.469902 Method MME

S real T painting Train Ep: 100 lr0.009925650290240803 	 Loss Classification: 0.835350 Loss T 0.246356 Method MME

S real T painting Train Ep: 200 lr0.009852577760521605 	 Loss Classification: 0.448354 Loss T 0.207989 Method MME

S real T painting Train Ep: 300 lr0.009780748269686728 	 Loss Classification: 0.523443 Loss T 0.133123 Method MME

S real T painting Train Ep: 400 lr0.009710128909124701 	 Loss Classification: 0.263283 Loss T 0.138227 Method MME

S real T painting Train Ep: 500 lr0.00964068794694323 	 Loss Classification: 0.470547 Loss T 0.141538 Method MME


Test set: Average loss: 1.6153, Accuracy: 19787/31104 F1 (64%)


Test set: Average loss: 1.7336, Accuracy: 215/360 F1 (60%)

best acc test 63.615612 best acc val 59.722222
record record/multi/MME/MME_net_resnet34_real_to_painting_num_3
saving model...
S real T painting Train Ep: 600 lr0.00957239477517603 	 Loss Classification: 0.600517 Loss T 0.120510 Method MME

S real T painting Train Ep: 700 lr0.009505219859830012 	 Loss Classification: 0.248590 Loss T 0.093838 Method MME

S real T painting Train Ep: 800 lr0.009439134693595126 	 Loss Classification: 0.459226 Loss T 0.088999 Method MME

S real T painting Train Ep: 900 lr0.009374111751051751 	 Loss Classification: 0.110159 Loss T 0.107440 Method MME

S real T painting Train Ep: 1000 lr0.009310124446222227 	 Loss Classification: 0.271322 Loss T 0.091792 Method MME


Test set: Average loss: 1.5523, Accuracy: 20774/31104 F1 (67%)


Test set: Average loss: 1.7190, Accuracy: 223/360 F1 (62%)

best acc test 66.788837 best acc val 61.944444
record record/multi/MME/MME_net_resnet34_real_to_painting_num_3
saving model...
S real T painting Train Ep: 1100 lr0.00924714709232377 	 Loss Classification: 0.310539 Loss T 0.071754 Method MME

S real T painting Train Ep: 1200 lr0.009185154863590003 	 Loss Classification: 0.507357 Loss T 0.078322 Method MME

S real T painting Train Ep: 1300 lr0.00912412375903735 	 Loss Classification: 0.303657 Loss T 0.095948 Method MME

S real T painting Train Ep: 1400 lr0.009064030568061049 	 Loss Classification: 0.425478 Loss T 0.068940 Method MME

S real T painting Train Ep: 1500 lr0.009004852837753237 	 Loss Classification: 0.177600 Loss T 0.099036 Method MME


Test set: Average loss: 1.4721, Accuracy: 21450/31104 F1 (69%)


Test set: Average loss: 1.7162, Accuracy: 221/360 F1 (61%)

best acc test 66.788837 best acc val 61.388889
record record/multi/MME/MME_net_resnet34_real_to_painting_num_3
saving model...
S real T painting Train Ep: 1600 lr0.008946568841842816 	 Loss Classification: 0.183756 Loss T 0.089694 Method MME

S real T painting Train Ep: 1700 lr0.008889157551163433 	 Loss Classification: 0.390617 Loss T 0.090558 Method MME

S real T painting Train Ep: 1800 lr0.008832598605562044 	 Loss Classification: 0.199643 Loss T 0.060460 Method MME

S real T painting Train Ep: 1900 lr0.008776872287166303 	 Loss Classification: 0.683776 Loss T 0.104459 Method MME

S real T painting Train Ep: 2000 lr0.008721959494934213 	 Loss Classification: 0.271692 Loss T 0.064022 Method MME


Test set: Average loss: 1.5160, Accuracy: 21696/31104 F1 (70%)


Test set: Average loss: 1.7583, Accuracy: 230/360 F1 (64%)

best acc test 69.753086 best acc val 63.888889
record record/multi/MME/MME_net_resnet34_real_to_painting_num_3
saving model...
S real T painting Train Ep: 2100 lr0.008667841720414475 	 Loss Classification: 0.236395 Loss T 0.069135 Method MME

S real T painting Train Ep: 2200 lr0.008614501024650454 	 Loss Classification: 0.333771 Loss T 0.054092 Method MME

S real T painting Train Ep: 2300 lr0.008561920016164943 	 Loss Classification: 0.400557 Loss T 0.086755 Method MME

S real T painting Train Ep: 2400 lr0.008510081829966844 	 Loss Classification: 0.271593 Loss T 0.074059 Method MME

S real T painting Train Ep: 2500 lr0.008458970107524513 	 Loss Classification: 0.331237 Loss T 0.085756 Method MME


Test set: Average loss: 1.4910, Accuracy: 21867/31104 F1 (70%)


Test set: Average loss: 1.7441, Accuracy: 225/360 F1 (62%)

best acc test 69.753086 best acc val 62.500000
record record/multi/MME/MME_net_resnet34_real_to_painting_num_3
saving model...
S real T painting Train Ep: 2600 lr0.008408568977653933 	 Loss Classification: 0.255783 Loss T 0.095194 Method MME

S real T painting Train Ep: 2700 lr0.00835886303827305 	 Loss Classification: 0.262009 Loss T 0.051139 Method MME

S real T painting Train Ep: 2800 lr0.008309837338976545 	 Loss Classification: 0.205418 Loss T 0.076602 Method MME

S real T painting Train Ep: 2900 lr0.008261477364388068 	 Loss Classification: 0.075879 Loss T 0.063511 Method MME

S real T painting Train Ep: 3000 lr0.008213769018249545 	 Loss Classification: 0.213652 Loss T 0.078749 Method MME


Test set: Average loss: 1.5346, Accuracy: 21873/31104 F1 (70%)


Test set: Average loss: 1.8155, Accuracy: 231/360 F1 (64%)

best acc test 70.322145 best acc val 64.166667
record record/multi/MME/MME_net_resnet34_real_to_painting_num_3
saving model...
S real T painting Train Ep: 3100 lr0.008166698608209509 	 Loss Classification: 0.187470 Loss T 0.048875 Method MME

S real T painting Train Ep: 3200 lr0.008120252831274708 	 Loss Classification: 0.214900 Loss T 0.084817 Method MME

S real T painting Train Ep: 3300 lr0.008074418759891278 	 Loss Classification: 0.234485 Loss T 0.080576 Method MME

S real T painting Train Ep: 3400 lr0.008029183828623731 	 Loss Classification: 0.144195 Loss T 0.068674 Method MME

S real T painting Train Ep: 3500 lr0.007984535821401871 	 Loss Classification: 0.186950 Loss T 0.078145 Method MME


Test set: Average loss: 1.4893, Accuracy: 22125/31104 F1 (71%)


Test set: Average loss: 1.7978, Accuracy: 235/360 F1 (65%)

best acc test 71.132330 best acc val 65.277778
record record/multi/MME/MME_net_resnet34_real_to_painting_num_3
saving model...
S real T painting Train Ep: 3600 lr0.007940462859307384 	 Loss Classification: 0.292411 Loss T 0.072285 Method MME

S real T painting Train Ep: 3700 lr0.007896953388873518 	 Loss Classification: 0.475084 Loss T 0.095520 Method MME

S real T painting Train Ep: 3800 lr0.007853996170872714 	 Loss Classification: 0.283694 Loss T 0.072310 Method MME

S real T painting Train Ep: 3900 lr0.00781158026956848 	 Loss Classification: 0.428529 Loss T 0.061268 Method MME

S real T painting Train Ep: 4000 lr0.007769695042409123 	 Loss Classification: 0.296810 Loss T 0.063607 Method MME


Test set: Average loss: 1.4895, Accuracy: 22222/31104 F1 (71%)


Test set: Average loss: 1.7767, Accuracy: 235/360 F1 (65%)

best acc test 71.444187 best acc val 65.277778
record record/multi/MME/MME_net_resnet34_real_to_painting_num_3
saving model...
S real T painting Train Ep: 4100 lr0.007728330130142108 	 Loss Classification: 0.353953 Loss T 0.064649 Method MME

S real T painting Train Ep: 4200 lr0.007687475447329114 	 Loss Classification: 0.298364 Loss T 0.076776 Method MME

S real T painting Train Ep: 4300 lr0.0076471211732427845 	 Loss Classification: 0.244487 Loss T 0.090567 Method MME

S real T painting Train Ep: 4400 lr0.007607257743127307 	 Loss Classification: 0.379925 Loss T 0.060075 Method MME

S real T painting Train Ep: 4500 lr0.007567875839805858 	 Loss Classification: 0.547970 Loss T 0.045902 Method MME


Test set: Average loss: 1.4663, Accuracy: 22364/31104 F1 (72%)


Test set: Average loss: 1.7846, Accuracy: 233/360 F1 (65%)

best acc test 71.444187 best acc val 64.722222
record record/multi/MME/MME_net_resnet34_real_to_painting_num_3
saving model...
S real T painting Train Ep: 4600 lr0.007528966385618854 	 Loss Classification: 0.683205 Loss T 0.079127 Method MME

S real T painting Train Ep: 4700 lr0.007490520534677821 	 Loss Classification: 0.178503 Loss T 0.094414 Method MME

S real T painting Train Ep: 4800 lr0.007452529665420465 	 Loss Classification: 0.429855 Loss T 0.081911 Method MME

S real T painting Train Ep: 4900 lr0.007414985373453289 	 Loss Classification: 0.261028 Loss T 0.058085 Method MME

S real T painting Train Ep: 5000 lr0.007377879464668811 	 Loss Classification: 0.206191 Loss T 0.064413 Method MME


Test set: Average loss: 1.5048, Accuracy: 22432/31104 F1 (72%)


Test set: Average loss: 1.7257, Accuracy: 239/360 F1 (66%)

best acc test 72.119342 best acc val 66.388889
record record/multi/MME/MME_net_resnet34_real_to_painting_num_3
saving model...
S real T painting Train Ep: 5100 lr0.007341203948625087 	 Loss Classification: 0.309913 Loss T 0.060448 Method MME

S real T painting Train Ep: 5200 lr0.007304951032175895 	 Loss Classification: 0.433399 Loss T 0.044434 Method MME

S real T painting Train Ep: 5300 lr0.007269113113340497 	 Loss Classification: 0.175176 Loss T 0.049624 Method MME

S real T painting Train Ep: 5400 lr0.007233682775402483 	 Loss Classification: 0.213575 Loss T 0.049030 Method MME

S real T painting Train Ep: 5500 lr0.007198652781227704 	 Loss Classification: 0.032402 Loss T 0.039951 Method MME


Test set: Average loss: 1.5259, Accuracy: 22448/31104 F1 (72%)


Test set: Average loss: 1.6647, Accuracy: 241/360 F1 (67%)

best acc test 72.170782 best acc val 66.944444
record record/multi/MME/MME_net_resnet34_real_to_painting_num_3
saving model...
S real T painting Train Ep: 5600 lr0.007164016067791809 	 Loss Classification: 0.265003 Loss T 0.046393 Method MME

S real T painting Train Ep: 5700 lr0.0071297657409083726 	 Loss Classification: 0.232029 Loss T 0.055436 Method MME

S real T painting Train Ep: 5800 lr0.0070958950701490225 	 Loss Classification: 0.198884 Loss T 0.035398 Method MME

S real T painting Train Ep: 5900 lr0.007062397483947426 	 Loss Classification: 0.111201 Loss T 0.090587 Method MME

S real T painting Train Ep: 6000 lr0.007029266564879363 	 Loss Classification: 0.150147 Loss T 0.055081 Method MME


Test set: Average loss: 1.4888, Accuracy: 22596/31104 F1 (73%)


Test set: Average loss: 1.6972, Accuracy: 243/360 F1 (68%)

best acc test 72.646605 best acc val 67.500000
record record/multi/MME/MME_net_resnet34_real_to_painting_num_3
saving model...
S real T painting Train Ep: 6100 lr0.006996496045111504 	 Loss Classification: 0.081690 Loss T 0.051416 Method MME

S real T painting Train Ep: 6200 lr0.00696407980201184 	 Loss Classification: 0.057796 Loss T 0.055974 Method MME

S real T painting Train Ep: 6300 lr0.006932011853915101 	 Loss Classification: 0.129752 Loss T 0.059379 Method MME

S real T painting Train Ep: 6400 lr0.006900286356036734 	 Loss Classification: 0.111607 Loss T 0.069947 Method MME

S real T painting Train Ep: 6500 lr0.006868897596529406 	 Loss Classification: 0.204781 Loss T 0.078664 Method MME


Test set: Average loss: 1.5350, Accuracy: 22570/31104 F1 (73%)


Test set: Average loss: 1.7725, Accuracy: 245/360 F1 (68%)

best acc test 72.563014 best acc val 68.055556
record record/multi/MME/MME_net_resnet34_real_to_painting_num_3
saving model...
S real T painting Train Ep: 6600 lr0.006837839992676177 	 Loss Classification: 0.133870 Loss T 0.062869 Method MME

S real T painting Train Ep: 6700 lr0.006807108087214876 	 Loss Classification: 0.112341 Loss T 0.053534 Method MME

S real T painting Train Ep: 6800 lr0.006776696544788352 	 Loss Classification: 0.123823 Loss T 0.071048 Method MME

S real T painting Train Ep: 6900 lr0.006746600148515609 	 Loss Classification: 0.235180 Loss T 0.066839 Method MME

S real T painting Train Ep: 7000 lr0.006716813796678979 	 Loss Classification: 0.042390 Loss T 0.062536 Method MME


Test set: Average loss: 1.5045, Accuracy: 22715/31104 F1 (73%)


Test set: Average loss: 1.7535, Accuracy: 244/360 F1 (68%)

best acc test 72.563014 best acc val 67.777778
record record/multi/MME/MME_net_resnet34_real_to_painting_num_3
saving model...
S real T painting Train Ep: 7100 lr0.006687332499522798 	 Loss Classification: 0.205585 Loss T 0.054128 Method MME

S real T painting Train Ep: 7200 lr0.006658151376159165 	 Loss Classification: 0.199743 Loss T 0.041838 Method MME

S real T painting Train Ep: 7300 lr0.00662926565157663 	 Loss Classification: 0.150936 Loss T 0.048920 Method MME

S real T painting Train Ep: 7400 lr0.006600670653747793 	 Loss Classification: 0.302074 Loss T 0.067856 Method MME

S real T painting Train Ep: 7500 lr0.0065723618108320175 	 Loss Classification: 0.181186 Loss T 0.061749 Method MME


Test set: Average loss: 1.4864, Accuracy: 22759/31104 F1 (73%)


Test set: Average loss: 1.5731, Accuracy: 247/360 F1 (69%)

best acc test 73.170653 best acc val 68.611111
record record/multi/MME/MME_net_resnet34_real_to_painting_num_3
saving model...
S real T painting Train Ep: 7600 lr0.006544334648469591 	 Loss Classification: 0.182919 Loss T 0.051979 Method MME

S real T painting Train Ep: 7700 lr0.006516584787163857 	 Loss Classification: 0.100198 Loss T 0.032664 Method MME

S real T painting Train Ep: 7800 lr0.006489107939747966 	 Loss Classification: 0.350557 Loss T 0.055959 Method MME

S real T painting Train Ep: 7900 lr0.0064618999089330565 	 Loss Classification: 0.149241 Loss T 0.048619 Method MME

S real T painting Train Ep: 8000 lr0.006434956584934828 	 Loss Classification: 0.157164 Loss T 0.037001 Method MME


Test set: Average loss: 1.4918, Accuracy: 22852/31104 F1 (73%)


Test set: Average loss: 1.7099, Accuracy: 240/360 F1 (67%)

best acc test 73.170653 best acc val 66.666667
record record/multi/MME/MME_net_resnet34_real_to_painting_num_3
saving model...
S real T painting Train Ep: 8100 lr0.006408273943175546 	 Loss Classification: 0.234874 Loss T 0.048785 Method MME

S real T painting Train Ep: 8200 lr0.006381848042058713 	 Loss Classification: 0.238881 Loss T 0.055701 Method MME

S real T painting Train Ep: 8300 lr0.0063556750208137005 	 Loss Classification: 0.257283 Loss T 0.041883 Method MME

S real T painting Train Ep: 8400 lr0.006329751097407787 	 Loss Classification: 0.133647 Loss T 0.054160 Method MME

S real T painting Train Ep: 8500 lr0.0063040725665231365 	 Loss Classification: 0.238182 Loss T 0.034022 Method MME


Test set: Average loss: 1.5672, Accuracy: 22751/31104 F1 (73%)


Test set: Average loss: 1.7156, Accuracy: 245/360 F1 (68%)

best acc test 73.170653 best acc val 68.055556
record record/multi/MME/MME_net_resnet34_real_to_painting_num_3
saving model...
S real T painting Train Ep: 8600 lr0.006278635797596355 	 Loss Classification: 0.330433 Loss T 0.043339 Method MME

S real T painting Train Ep: 8700 lr0.006253437232918371 	 Loss Classification: 0.371120 Loss T 0.049377 Method MME

S real T painting Train Ep: 8800 lr0.0062284733857924735 	 Loss Classification: 0.229885 Loss T 0.059991 Method MME

S real T painting Train Ep: 8900 lr0.006203740838748417 	 Loss Classification: 0.239555 Loss T 0.053080 Method MME

S real T painting Train Ep: 9000 lr0.006179236241810624 	 Loss Classification: 0.196849 Loss T 0.042912 Method MME


Test set: Average loss: 1.5311, Accuracy: 22903/31104 F1 (74%)


Test set: Average loss: 1.6662, Accuracy: 252/360 F1 (70%)

best acc test 73.633616 best acc val 70.000000
record record/multi/MME/MME_net_resnet34_real_to_painting_num_3
saving model...
S real T painting Train Ep: 9100 lr0.006154956310818535 	 Loss Classification: 0.306555 Loss T 0.041632 Method MME

S real T painting Train Ep: 9200 lr0.0061308978257973165 	 Loss Classification: 0.082412 Loss T 0.050265 Method MME

S real T painting Train Ep: 9300 lr0.0061070576293771285 	 Loss Classification: 0.204386 Loss T 0.047764 Method MME

S real T painting Train Ep: 9400 lr0.006083432625259276 	 Loss Classification: 0.158164 Loss T 0.030609 Method MME

S real T painting Train Ep: 9500 lr0.006060019776727621 	 Loss Classification: 0.077022 Loss T 0.048390 Method MME


Test set: Average loss: 1.5740, Accuracy: 22835/31104 F1 (73%)


Test set: Average loss: 1.8143, Accuracy: 247/360 F1 (69%)

best acc test 73.633616 best acc val 68.611111
record record/multi/MME/MME_net_resnet34_real_to_painting_num_3
saving model...
S real T painting Train Ep: 9600 lr0.00603681610520369 	 Loss Classification: 0.265256 Loss T 0.054520 Method MME

S real T painting Train Ep: 9700 lr0.0060138186888439825 	 Loss Classification: 0.101977 Loss T 0.038947 Method MME

S real T painting Train Ep: 9800 lr0.005991024661178045 	 Loss Classification: 0.090662 Loss T 0.051953 Method MME

S real T painting Train Ep: 9900 lr0.0059684312097859115 	 Loss Classification: 0.137715 Loss T 0.059703 Method MME

S real T painting Train Ep: 10000 lr0.005946035575013605 	 Loss Classification: 0.276874 Loss T 0.067505 Method MME


Test set: Average loss: 1.5703, Accuracy: 22910/31104 F1 (74%)


Test set: Average loss: 1.8002, Accuracy: 254/360 F1 (71%)

best acc test 73.656121 best acc val 70.555556
record record/multi/MME/MME_net_resnet34_real_to_painting_num_3
saving model...
S real T painting Train Ep: 10100 lr0.005923835048725393 	 Loss Classification: 0.314991 Loss T 0.054879 Method MME

S real T painting Train Ep: 10200 lr0.005901826973091593 	 Loss Classification: 0.250605 Loss T 0.048752 Method MME

S real T painting Train Ep: 10300 lr0.005880008739410735 	 Loss Classification: 0.124337 Loss T 0.049808 Method MME

S real T painting Train Ep: 10400 lr0.005858377786964935 	 Loss Classification: 0.152738 Loss T 0.043952 Method MME

S real T painting Train Ep: 10500 lr0.005836931601907399 	 Loss Classification: 0.126189 Loss T 0.050112 Method MME


Test set: Average loss: 1.5705, Accuracy: 22853/31104 F1 (73%)


Test set: Average loss: 1.6936, Accuracy: 250/360 F1 (69%)

best acc test 73.656121 best acc val 69.444444
record record/multi/MME/MME_net_resnet34_real_to_painting_num_3
saving model...
S real T painting Train Ep: 10600 lr0.005815667716181004 	 Loss Classification: 0.161756 Loss T 0.038894 Method MME

S real T painting Train Ep: 10700 lr0.005794583706466925 	 Loss Classification: 0.011827 Loss T 0.053917 Method MME

S real T painting Train Ep: 10800 lr0.005773677193162352 	 Loss Classification: 0.073324 Loss T 0.049548 Method MME

S real T painting Train Ep: 10900 lr0.005752945839386346 	 Loss Classification: 0.117493 Loss T 0.049139 Method MME

S real T painting Train Ep: 11000 lr0.005732387350012933 	 Loss Classification: 0.106668 Loss T 0.047713 Method MME


Test set: Average loss: 1.5634, Accuracy: 22895/31104 F1 (74%)


Test set: Average loss: 1.7565, Accuracy: 254/360 F1 (71%)

best acc test 73.607896 best acc val 70.555556
record record/multi/MME/MME_net_resnet34_real_to_painting_num_3
saving model...
S real T painting Train Ep: 11100 lr0.005711999470730565 	 Loss Classification: 0.187478 Loss T 0.050167 Method MME

S real T painting Train Ep: 11200 lr0.005691779987127103 	 Loss Classification: 0.103832 Loss T 0.042151 Method MME

S real T painting Train Ep: 11300 lr0.005671726723799515 	 Loss Classification: 0.179627 Loss T 0.043122 Method MME

S real T painting Train Ep: 11400 lr0.005651837543487509 	 Loss Classification: 0.509733 Loss T 0.045316 Method MME

S real T painting Train Ep: 11500 lr0.005632110346230358 	 Loss Classification: 0.044398 Loss T 0.043459 Method MME


Test set: Average loss: 1.5204, Accuracy: 23096/31104 F1 (74%)


Test set: Average loss: 1.7218, Accuracy: 251/360 F1 (70%)

best acc test 73.607896 best acc val 69.722222
record record/multi/MME/MME_net_resnet34_real_to_painting_num_3
saving model...
S real T painting Train Ep: 11600 lr0.005612543068546177 	 Loss Classification: 0.268026 Loss T 0.041127 Method MME

S real T painting Train Ep: 11700 lr0.005593133682632953 	 Loss Classification: 0.029201 Loss T 0.051331 Method MME

S real T painting Train Ep: 11800 lr0.005573880195590681 	 Loss Classification: 0.254774 Loss T 0.035908 Method MME

S real T painting Train Ep: 11900 lr0.0055547806486639095 	 Loss Classification: 0.324295 Loss T 0.059204 Method MME

S real T painting Train Ep: 12000 lr0.005535833116504121 	 Loss Classification: 0.120699 Loss T 0.040242 Method MME


Test set: Average loss: 1.5833, Accuracy: 23113/31104 F1 (74%)


Test set: Average loss: 1.7815, Accuracy: 255/360 F1 (71%)

best acc test 74.308771 best acc val 70.833333
record record/multi/MME/MME_net_resnet34_real_to_painting_num_3
saving model...
S real T painting Train Ep: 12100 lr0.00551703570645129 	 Loss Classification: 0.102948 Loss T 0.055575 Method MME

S real T painting Train Ep: 12200 lr0.005498386557834078 	 Loss Classification: 0.118469 Loss T 0.041909 Method MME

S real T painting Train Ep: 12300 lr0.00547988384128807 	 Loss Classification: 0.131444 Loss T 0.045162 Method MME

S real T painting Train Ep: 12400 lr0.005461525758091539 	 Loss Classification: 0.365407 Loss T 0.054747 Method MME

S real T painting Train Ep: 12500 lr0.005443310539518174 	 Loss Classification: 0.100674 Loss T 0.028512 Method MME


Test set: Average loss: 1.5654, Accuracy: 23065/31104 F1 (74%)


Test set: Average loss: 1.7492, Accuracy: 251/360 F1 (70%)

best acc test 74.308771 best acc val 69.722222
record record/multi/MME/MME_net_resnet34_real_to_painting_num_3
saving model...
S real T painting Train Ep: 12600 lr0.005425236446206295 	 Loss Classification: 0.231006 Loss T 0.034997 Method MME

S real T painting Train Ep: 12700 lr0.005407301767544059 	 Loss Classification: 0.201686 Loss T 0.048623 Method MME

S real T painting Train Ep: 12800 lr0.005389504821070177 	 Loss Classification: 0.160155 Loss T 0.045878 Method MME

S real T painting Train Ep: 12900 lr0.005371843951889677 	 Loss Classification: 0.200473 Loss T 0.053589 Method MME

S real T painting Train Ep: 13000 lr0.0053543175321042955 	 Loss Classification: 0.090506 Loss T 0.046570 Method MME


Test set: Average loss: 1.6149, Accuracy: 23087/31104 F1 (74%)


Test set: Average loss: 1.9750, Accuracy: 247/360 F1 (69%)

best acc test 74.308771 best acc val 68.611111
record record/multi/MME/MME_net_resnet34_real_to_painting_num_3
saving model...
S real T painting Train Ep: 13100 lr0.005336923960257046 	 Loss Classification: 0.130546 Loss T 0.040271 Method MME

S real T painting Train Ep: 13200 lr0.0053196616607905645 	 Loss Classification: 0.263162 Loss T 0.036505 Method MME

S real T painting Train Ep: 13300 lr0.0053025290835188275 	 Loss Classification: 0.107897 Loss T 0.050623 Method MME

S real T painting Train Ep: 13400 lr0.005285524703111859 	 Loss Classification: 0.038516 Loss T 0.029599 Method MME

S real T painting Train Ep: 13500 lr0.005268647018593052 	 Loss Classification: 0.172954 Loss T 0.052782 Method MME


Test set: Average loss: 1.5960, Accuracy: 23174/31104 F1 (75%)


Test set: Average loss: 1.8300, Accuracy: 252/360 F1 (70%)

best acc test 74.308771 best acc val 70.000000
record record/multi/MME/MME_net_resnet34_real_to_painting_num_3
saving model...
S real T painting Train Ep: 13600 lr0.005251894552848747 	 Loss Classification: 0.209776 Loss T 0.036742 Method MME

S real T painting Train Ep: 13700 lr0.005235265852149712 	 Loss Classification: 0.169821 Loss T 0.036622 Method MME

S real T painting Train Ep: 13800 lr0.005218759485684187 	 Loss Classification: 0.220251 Loss T 0.035585 Method MME

S real T painting Train Ep: 13900 lr0.005202374045102174 	 Loss Classification: 0.032018 Loss T 0.034364 Method MME

S real T painting Train Ep: 14000 lr0.005186108144070652 	 Loss Classification: 0.229331 Loss T 0.056032 Method MME


Test set: Average loss: 1.6034, Accuracy: 23089/31104 F1 (74%)


Test set: Average loss: 1.7230, Accuracy: 258/360 F1 (72%)

best acc test 74.231610 best acc val 71.666667
record record/multi/MME/MME_net_resnet34_real_to_painting_num_3
saving model...
S real T painting Train Ep: 14100 lr0.005169960417839403 	 Loss Classification: 0.101878 Loss T 0.041886 Method MME

S real T painting Train Ep: 14200 lr0.005153929522817161 	 Loss Classification: 0.137227 Loss T 0.049575 Method MME

S real T painting Train Ep: 14300 lr0.005138014136157799 	 Loss Classification: 0.344153 Loss T 0.041253 Method MME

S real T painting Train Ep: 14400 lr0.005122212955356274 	 Loss Classification: 0.175213 Loss T 0.045206 Method MME

S real T painting Train Ep: 14500 lr0.005106524697854057 	 Loss Classification: 0.112148 Loss T 0.033914 Method MME


Test set: Average loss: 1.6028, Accuracy: 23159/31104 F1 (74%)


Test set: Average loss: 1.8600, Accuracy: 253/360 F1 (70%)

best acc test 74.231610 best acc val 70.277778
record record/multi/MME/MME_net_resnet34_real_to_painting_num_3
saving model...
S real T painting Train Ep: 14600 lr0.005090948100653781 	 Loss Classification: 0.146828 Loss T 0.029370 Method MME

S real T painting Train Ep: 14700 lr0.0050754819199428855 	 Loss Classification: 0.132599 Loss T 0.027687 Method MME

S real T painting Train Ep: 14800 lr0.005060124930725974 	 Loss Classification: 0.384975 Loss T 0.049806 Method MME

S real T painting Train Ep: 14900 lr0.00504487592646567 	 Loss Classification: 0.104147 Loss T 0.031420 Method MME

S real T painting Train Ep: 15000 lr0.005029733718731741 	 Loss Classification: 0.040700 Loss T 0.039830 Method MME


Test set: Average loss: 1.6115, Accuracy: 23181/31104 F1 (75%)


Test set: Average loss: 1.8535, Accuracy: 249/360 F1 (69%)

best acc test 74.231610 best acc val 69.166667
record record/multi/MME/MME_net_resnet34_real_to_painting_num_3
saving model...
S real T painting Train Ep: 15100 lr0.005014697136858264 	 Loss Classification: 0.058439 Loss T 0.037065 Method MME

S real T painting Train Ep: 15200 lr0.004999765027608607 	 Loss Classification: 0.107508 Loss T 0.031533 Method MME

S real T painting Train Ep: 15300 lr0.004984936254848047 	 Loss Classification: 0.077742 Loss T 0.036853 Method MME

S real T painting Train Ep: 15400 lr0.004970209699223787 	 Loss Classification: 0.245414 Loss T 0.040355 Method MME

S real T painting Train Ep: 15500 lr0.0049555842578521995 	 Loss Classification: 0.109244 Loss T 0.034463 Method MME


Test set: Average loss: 1.6428, Accuracy: 23167/31104 F1 (74%)


Test set: Average loss: 1.9700, Accuracy: 247/360 F1 (69%)

best acc test 74.231610 best acc val 68.611111
record record/multi/MME/MME_net_resnet34_real_to_painting_num_3
saving model...
S real T painting Train Ep: 15600 lr0.004941058844013093 	 Loss Classification: 0.067679 Loss T 0.032131 Method MME

S real T painting Train Ep: 15700 lr0.004926632386850831 	 Loss Classification: 0.224290 Loss T 0.030748 Method MME

S real T painting Train Ep: 15800 lr0.004912303831082109 	 Loss Classification: 0.035305 Loss T 0.044579 Method MME

S real T painting Train Ep: 15900 lr0.004898072136710217 	 Loss Classification: 0.097443 Loss T 0.038274 Method MME

S real T painting Train Ep: 16000 lr0.004883936278745637 	 Loss Classification: 0.118015 Loss T 0.034370 Method MME


Test set: Average loss: 1.6633, Accuracy: 23199/31104 F1 (75%)


Test set: Average loss: 1.9958, Accuracy: 245/360 F1 (68%)

best acc test 74.231610 best acc val 68.055556
record record/multi/MME/MME_net_resnet34_real_to_painting_num_3
saving model...
S real T painting Train Ep: 16100 lr0.004869895246932789 	 Loss Classification: 0.085845 Loss T 0.031734 Method MME

S real T painting Train Ep: 16200 lr0.004855948045482784 	 Loss Classification: 0.077375 Loss T 0.017092 Method MME

S real T painting Train Ep: 16300 lr0.004842093692812012 	 Loss Classification: 0.142232 Loss T 0.021695 Method MME

S real T painting Train Ep: 16400 lr0.004828331221286437 	 Loss Classification: 0.086788 Loss T 0.038378 Method MME

S real T painting Train Ep: 16500 lr0.004814659676971443 	 Loss Classification: 0.061719 Loss T 0.032199 Method MME


Test set: Average loss: 1.6499, Accuracy: 23130/31104 F1 (74%)


Test set: Average loss: 1.9227, Accuracy: 248/360 F1 (69%)

best acc test 74.231610 best acc val 68.888889
record record/multi/MME/MME_net_resnet34_real_to_painting_num_3
saving model...
S real T painting Train Ep: 16600 lr0.004801078119387078 	 Loss Classification: 0.043288 Loss T 0.038559 Method MME

S real T painting Train Ep: 16700 lr0.004787585621268585 	 Loss Classification: 0.327969 Loss T 0.022925 Method MME

S real T painting Train Ep: 16800 lr0.0047741812683320655 	 Loss Classification: 0.106613 Loss T 0.034628 Method MME

S real T painting Train Ep: 16900 lr0.004760864159045157 	 Loss Classification: 0.051115 Loss T 0.018965 Method MME

S real T painting Train Ep: 17000 lr0.0047476334044026 	 Loss Classification: 0.070885 Loss T 0.039214 Method MME


Test set: Average loss: 1.6794, Accuracy: 23221/31104 F1 (75%)


Test set: Average loss: 1.8615, Accuracy: 250/360 F1 (69%)

