Dataset multi Source painting Target real Labeled num perclass 1 Network resnet34
126 classes in this dataset
Labelled Source Examples:  31502
Unlabelled Target Dataset Size:  70232
Labelled Target Dataset Size:  126
Misc. Labelled Target Dataset Size:  126
Confidence Threshold for Consistency Reg is:  0.9
Phi value in Source example weighing is:  0.5
Bank keys - Target:  dict_keys(['names', 'labels', 'feat_vec', 'domain_identifier']) Source:  dict_keys(['feat_vec', 'names', 'labels', 'domain_identifier'])
Num  - Target:  70232 Source:  31502
Unlabeled Target Data Batches: 1463
S painting T real Train Ep: 0 lr0.01 	 Loss Classification: 4.959462 Loss T 0.471394 Method MME

24
24
24
24
24
24
tensor(378.)

Labeled Target set: Average loss: 4.9495, Accuracy: 11/378 F1 (2.9101%)


Test set: Average loss: 4.9672, Accuracy: 509/70224 F1 (0.7248%)


Val set: Average loss: 4.9382, Accuracy: 6/360 F1 (1.6667%)

Patience Reset, Counter is: 0
best acc test 0.724823  acc val 1.666667 acc labeled target 2.910053
saving model...
S painting T real Train Ep: 100 lr0.009925650290240803 	 Loss Classification: 1.829551 Loss T 0.258178 Method MME

S painting T real Train Ep: 200 lr0.009852577760521605 	 Loss Classification: 2.001049 Loss T 0.165012 Method MME

S painting T real Train Ep: 300 lr0.009780748269686728 	 Loss Classification: 1.661476 Loss T 0.154451 Method MME

S painting T real Train Ep: 400 lr0.009710128909124701 	 Loss Classification: 1.297534 Loss T 0.143315 Method MME

S painting T real Train Ep: 500 lr0.00964068794694323 	 Loss Classification: 2.542633 Loss T 0.138847 Method MME

24
24
24
24
24
24
tensor(378.)

Labeled Target set: Average loss: 1.8065, Accuracy: 226/378 F1 (59.7884%)


Test set: Average loss: 1.5617, Accuracy: 44207/70224 F1 (62.9514%)


Val set: Average loss: 1.6419, Accuracy: 210/360 F1 (58.3333%)

Patience Reset, Counter is: 0
best acc test 62.951413  acc val 58.333333 acc labeled target 59.788360
saving model...
S painting T real Train Ep: 600 lr0.00957239477517603 	 Loss Classification: 1.021561 Loss T 0.133024 Method MME

S painting T real Train Ep: 700 lr0.009505219859830012 	 Loss Classification: 2.032241 Loss T 0.116260 Method MME

S painting T real Train Ep: 800 lr0.009439134693595126 	 Loss Classification: 1.286697 Loss T 0.113353 Method MME

S painting T real Train Ep: 900 lr0.009374111751051751 	 Loss Classification: 0.701913 Loss T 0.111435 Method MME

S painting T real Train Ep: 1000 lr0.009310124446222227 	 Loss Classification: 1.609189 Loss T 0.103183 Method MME

24
24
24
24
24
24
tensor(378.)

Labeled Target set: Average loss: 2.2029, Accuracy: 211/378 F1 (55.8201%)


Test set: Average loss: 1.3995, Accuracy: 46726/70224 F1 (66.5385%)


Val set: Average loss: 1.5951, Accuracy: 218/360 F1 (60.5556%)

Patience Reset, Counter is: 0
best acc test 66.538505  acc val 60.555556 acc labeled target 55.820106
saving model...
S painting T real Train Ep: 1100 lr0.00924714709232377 	 Loss Classification: 1.334135 Loss T 0.101230 Method MME

S painting T real Train Ep: 1200 lr0.009185154863590003 	 Loss Classification: 1.655746 Loss T 0.106434 Method MME

S painting T real Train Ep: 1300 lr0.00912412375903735 	 Loss Classification: 0.790433 Loss T 0.093851 Method MME

S painting T real Train Ep: 1400 lr0.009064030568061049 	 Loss Classification: 1.085840 Loss T 0.110698 Method MME

S painting T real Train Ep: 1500 lr0.009004852837753237 	 Loss Classification: 0.902079 Loss T 0.081811 Method MME

24
24
24
24
24
24
tensor(378.)

Labeled Target set: Average loss: 1.6316, Accuracy: 245/378 F1 (64.8148%)


Test set: Average loss: 1.3953, Accuracy: 48305/70224 F1 (68.7870%)


Val set: Average loss: 1.5104, Accuracy: 234/360 F1 (65.0000%)

Patience Reset, Counter is: 0
best acc test 68.787024  acc val 65.000000 acc labeled target 64.814815
saving model...
S painting T real Train Ep: 1600 lr0.008946568841842816 	 Loss Classification: 0.505904 Loss T 0.099209 Method MME

S painting T real Train Ep: 1700 lr0.008889157551163433 	 Loss Classification: 0.805416 Loss T 0.079658 Method MME

S painting T real Train Ep: 1800 lr0.008832598605562044 	 Loss Classification: 0.729307 Loss T 0.105187 Method MME

S painting T real Train Ep: 1900 lr0.008776872287166303 	 Loss Classification: 0.463900 Loss T 0.089442 Method MME

Per Class Accuracy Calculated According to the Labelled Target examples is:  [0.         0.6666667  1.         1.         1.         0.33333334
 1.         0.6666667  1.         0.33333334 0.6666667  0.33333334
 0.         0.         1.         1.         1.         1.
 0.         1.         0.6666667  0.         1.         0.
 0.         0.6666667  1.         1.         1.         0.33333334
 0.6666667  0.         1.         0.         0.         0.
 0.         0.6666667  0.6666667  1.         1.         1.
 1.         0.6666667  1.         1.         1.         1.
 0.         1.         0.6666667  0.         1.         1.
 0.6666667  0.         0.         0.6666667  0.         1.
 1.         0.         0.6666667  0.33333334 1.         1.
 0.         1.         1.         1.         1.         1.
 1.         1.         0.         0.         1.         0.6666667
 1.         1.         0.         1.         0.         0.
 0.6666667  1.         1.         1.         1.         1.
 0.         1.         0.33333334 1.         0.6666667  1.
 0.         1.         0.6666667  1.         0.         0.6666667
 1.         1.         1.         1.         1.         1.
 0.         1.         1.         0.         1.         0.
 0.         1.         1.         1.         0.         1.
 1.         1.         0.33333334 0.33333334 0.         1.        ]
Top k classes which perform poorly are:  [0, 83, 82, 80, 75, 31, 74, 33, 34, 35, 36, 66, 124, 61, 58, 56, 55, 51, 23, 21, 24, 48, 18, 118, 96, 114, 113, 100, 13, 12, 90, 111, 108, 123, 122, 5, 63, 92, 11, 29, 9, 77, 98, 57, 94, 50, 54, 84, 101, 62, 20, 1, 30, 37, 43, 25, 7, 10, 38, 103, 102, 14, 15, 104, 97, 16, 95, 17, 93, 19, 99, 105, 47, 107, 2, 121, 120, 119, 3, 117, 106, 116, 4, 6, 112, 110, 109, 91, 115, 8, 87, 88, 67, 65, 64, 39, 40, 60, 68, 59, 42, 44, 45, 53, 52, 46, 41, 89, 69, 71, 49, 86, 85, 22, 26, 81, 70, 27, 78, 28, 76, 32, 73, 72, 79, 125]
0
1
2
3
4
5
6
7
8
9
10
11
12
13
14
15
16
17
18
19
20
21
22
23
24
25
26
27
28
29
30
31
32
33
34
35
36
37
38
39
40
41
42
43
44
45
46
47
48
49
50
51
52
53
54
55
56
57
58
59
60
61
62
63
64
65
66
67
68
69
70
71
72
73
74
75
76
77
78
79
80
81
82
83
84
85
86
87
88
89
90
91
92
93
94
95
96
97
98
99
100
101
102
103
104
105
106
107
108
109
110
111
112
113
114
115
116
117
118
119
120
121
122
123
124
125
Assigned Classwise weights to source
S painting T real Train Ep: 2000 lr0.008721959494934213 	 Loss Classification: 0.450477 Loss T 0.096043 Method MME

24
24
24
24
24
24
tensor(378.)

Labeled Target set: Average loss: 1.4360, Accuracy: 249/378 F1 (65.8730%)


Test set: Average loss: 1.3279, Accuracy: 49155/70224 F1 (69.9974%)


Val set: Average loss: 1.4928, Accuracy: 235/360 F1 (65.2778%)

Patience Reset, Counter is: 0
best acc test 69.997437  acc val 65.277778 acc labeled target 65.873016
saving model...
S painting T real Train Ep: 2100 lr0.008667841720414475 	 Loss Classification: 0.771751 Loss T 0.073264 Method MME

S painting T real Train Ep: 2200 lr0.008614501024650454 	 Loss Classification: 1.463692 Loss T 0.054194 Method MME

S painting T real Train Ep: 2300 lr0.008561920016164943 	 Loss Classification: 0.512535 Loss T 0.049252 Method MME

S painting T real Train Ep: 2400 lr0.008510081829966844 	 Loss Classification: 1.249884 Loss T 0.068648 Method MME

S painting T real Train Ep: 2500 lr0.008458970107524513 	 Loss Classification: 0.366910 Loss T 0.065922 Method MME

24
24
24
24
24
24
tensor(378.)

Labeled Target set: Average loss: 1.6335, Accuracy: 245/378 F1 (64.8148%)


Test set: Average loss: 1.3845, Accuracy: 49098/70224 F1 (69.9163%)


Val set: Average loss: 1.5117, Accuracy: 237/360 F1 (65.8333%)

Patience Reset, Counter is: 0
best acc test 69.916268  acc val 65.833333 acc labeled target 64.814815
saving model...
S painting T real Train Ep: 2600 lr0.008408568977653933 	 Loss Classification: 0.534852 Loss T 0.057646 Method MME

S painting T real Train Ep: 2700 lr0.00835886303827305 	 Loss Classification: 0.636858 Loss T 0.065193 Method MME

S painting T real Train Ep: 2800 lr0.008309837338976545 	 Loss Classification: 0.365661 Loss T 0.085800 Method MME

S painting T real Train Ep: 2900 lr0.008261477364388068 	 Loss Classification: 0.671339 Loss T 0.077836 Method MME

Per Class Accuracy Calculated According to the Labelled Target examples is:  [1.         1.         0.6666667  1.         1.         0.33333334
 0.6666667  1.         1.         0.33333334 0.6666667  0.
 0.         0.         0.33333334 1.         1.         1.
 0.         1.         0.6666667  0.6666667  1.         0.
 0.         1.         0.6666667  1.         0.6666667  1.
 1.         0.         0.33333334 0.         0.         0.
 0.         1.         1.         0.6666667  0.6666667  1.
 1.         1.         1.         0.         1.         1.
 0.         1.         1.         0.6666667  0.         1.
 0.         0.33333334 0.         1.         0.         1.
 1.         0.         1.         0.33333334 1.         0.6666667
 0.         0.6666667  1.         1.         1.         1.
 0.33333334 0.6666667  0.         0.         1.         1.
 0.6666667  1.         0.         1.         0.         0.
 1.         1.         1.         1.         1.         1.
 0.         1.         1.         1.         1.         1.
 0.         1.         1.         1.         0.         0.
 1.         1.         1.         1.         1.         1.
 1.         1.         1.         0.         1.         0.
 0.         1.         1.         1.         0.         1.
 1.         0.         0.6666667  0.33333334 0.         1.        ]
Top k classes which perform poorly are:  [54, 31, 90, 111, 100, 35, 52, 113, 24, 23, 114, 83, 36, 56, 18, 75, 80, 118, 45, 124, 61, 121, 48, 96, 34, 82, 101, 58, 11, 12, 13, 74, 66, 33, 32, 55, 14, 9, 5, 123, 63, 72, 51, 67, 65, 73, 2, 122, 6, 10, 78, 20, 21, 28, 39, 40, 26, 94, 91, 89, 88, 87, 93, 92, 0, 106, 97, 120, 119, 117, 116, 115, 112, 110, 95, 109, 107, 105, 104, 103, 102, 99, 98, 108, 86, 62, 84, 38, 37, 30, 29, 27, 25, 22, 41, 19, 16, 15, 8, 7, 4, 3, 1, 17, 42, 43, 44, 81, 79, 77, 76, 71, 70, 69, 68, 64, 60, 59, 57, 53, 50, 49, 47, 46, 85, 125]
0
1
2
3
4
5
6
7
8
9
10
11
12
13
14
15
16
17
18
19
20
21
22
23
24
25
26
27
28
29
30
31
32
33
34
35
36
37
38
39
40
41
42
43
44
45
46
47
48
49
50
51
52
53
54
55
56
57
58
59
60
61
62
63
64
65
66
67
68
69
70
71
72
73
74
75
76
77
78
79
80
81
82
83
84
85
86
87
88
89
90
91
92
93
94
95
96
97
98
99
100
101
102
103
104
105
106
107
108
109
110
111
112
113
114
115
116
117
118
119
120
121
122
123
124
125
Assigned Classwise weights to source
S painting T real Train Ep: 3000 lr0.008213769018249545 	 Loss Classification: 0.541398 Loss T 0.077925 Method MME

24
24
24
24
24
24
tensor(378.)

Labeled Target set: Average loss: 1.5032, Accuracy: 254/378 F1 (67.1958%)


Test set: Average loss: 1.3649, Accuracy: 49594/70224 F1 (70.6226%)


Val set: Average loss: 1.5486, Accuracy: 236/360 F1 (65.5556%)

Patience getting saturated, current counter is:  0
best acc test 69.916268  acc val 65.555556 acc labeled target 67.195767
saving model...
S painting T real Train Ep: 3100 lr0.008166698608209509 	 Loss Classification: 0.310927 Loss T 0.069412 Method MME

S painting T real Train Ep: 3200 lr0.008120252831274708 	 Loss Classification: 0.368087 Loss T 0.075979 Method MME

S painting T real Train Ep: 3300 lr0.008074418759891278 	 Loss Classification: 0.510395 Loss T 0.053428 Method MME

S painting T real Train Ep: 3400 lr0.008029183828623731 	 Loss Classification: 0.449728 Loss T 0.069354 Method MME

S painting T real Train Ep: 3500 lr0.007984535821401871 	 Loss Classification: 1.036728 Loss T 0.071856 Method MME

24
24
24
24
24
24
tensor(378.)

Labeled Target set: Average loss: 2.3023, Accuracy: 242/378 F1 (64.0212%)


Test set: Average loss: 1.3472, Accuracy: 50482/70224 F1 (71.8871%)


Val set: Average loss: 1.4474, Accuracy: 239/360 F1 (66.3889%)

Patience Reset, Counter is: 1
best acc test 71.887104  acc val 66.388889 acc labeled target 64.021164
saving model...
S painting T real Train Ep: 3600 lr0.007940462859307384 	 Loss Classification: 0.962302 Loss T 0.061748 Method MME

S painting T real Train Ep: 3700 lr0.007896953388873518 	 Loss Classification: 0.780841 Loss T 0.063425 Method MME

S painting T real Train Ep: 3800 lr0.007853996170872714 	 Loss Classification: 0.486693 Loss T 0.068368 Method MME

S painting T real Train Ep: 3900 lr0.00781158026956848 	 Loss Classification: 0.846446 Loss T 0.077235 Method MME

Per Class Accuracy Calculated According to the Labelled Target examples is:  [1.         1.         0.         0.         1.         1.
 1.         1.         1.         0.         1.         0.33333334
 0.         0.         0.6666667  1.         1.         1.
 0.         1.         0.         0.6666667  1.         0.6666667
 0.         0.33333334 1.         1.         1.         0.6666667
 1.         0.         0.         0.         0.         0.
 0.         1.         0.6666667  1.         0.6666667  1.
 1.         1.         1.         0.6666667  1.         1.
 0.         1.         1.         0.         0.6666667  1.
 0.         0.         0.         1.         0.         1.
 1.         0.         1.         0.33333334 1.         0.6666667
 0.         1.         0.6666667  1.         1.         1.
 1.         0.6666667  0.         0.         1.         1.
 1.         1.         0.         1.         0.         0.
 0.6666667  1.         1.         0.6666667  1.         0.6666667
 0.         1.         0.6666667  1.         1.         1.
 0.         1.         1.         1.         0.         0.6666667
 1.         1.         1.         0.6666667  1.         0.6666667
 0.         0.6666667  1.         1.         1.         0.
 0.         1.         1.         1.         0.         1.
 0.6666667  1.         0.33333334 0.         0.         1.        ]
Top k classes which perform poorly are:  [82, 24, 66, 124, 108, 31, 32, 33, 34, 48, 35, 61, 58, 96, 56, 83, 55, 54, 51, 36, 90, 100, 74, 3, 118, 9, 75, 20, 12, 13, 80, 123, 114, 18, 113, 2, 122, 63, 25, 11, 52, 68, 87, 73, 89, 65, 84, 92, 105, 38, 101, 109, 29, 107, 14, 23, 21, 120, 45, 40, 117, 119, 86, 116, 85, 88, 121, 115, 99, 110, 112, 111, 93, 94, 95, 106, 104, 103, 97, 102, 98, 91, 0, 62, 79, 37, 30, 28, 27, 26, 22, 19, 17, 16, 15, 10, 8, 7, 6, 5, 4, 1, 39, 41, 42, 43, 78, 77, 76, 72, 71, 70, 69, 67, 81, 64, 59, 57, 53, 50, 49, 47, 46, 44, 60, 125]
0
1
2
3
4
5
6
7
8
9
10
11
12
13
14
15
16
17
18
19
20
21
22
23
24
25
26
27
28
29
30
31
32
33
34
35
36
37
38
39
40
41
42
43
44
45
46
47
48
49
50
51
52
53
54
55
56
57
58
59
60
61
62
63
64
65
66
67
68
69
70
71
72
73
74
75
76
77
78
79
80
81
82
83
84
85
86
87
88
89
90
91
92
93
94
95
96
97
98
99
100
101
102
103
104
105
106
107
108
109
110
111
112
113
114
115
116
117
118
119
120
121
122
123
124
125
Assigned Classwise weights to source
S painting T real Train Ep: 4000 lr0.007769695042409123 	 Loss Classification: 0.506766 Loss T 0.068851 Method MME

24
24
24
24
24
24
tensor(378.)

Labeled Target set: Average loss: 1.6621, Accuracy: 256/378 F1 (67.7249%)


Test set: Average loss: 1.2168, Accuracy: 51760/70224 F1 (73.7070%)


Val set: Average loss: 1.3409, Accuracy: 250/360 F1 (69.4444%)

Patience Reset, Counter is: 0
best acc test 73.706995  acc val 69.444444 acc labeled target 67.724868
saving model...
S painting T real Train Ep: 4100 lr0.007728330130142108 	 Loss Classification: 1.013243 Loss T 0.050821 Method MME

S painting T real Train Ep: 4200 lr0.007687475447329114 	 Loss Classification: 1.382287 Loss T 0.070212 Method MME

S painting T real Train Ep: 4300 lr0.0076471211732427845 	 Loss Classification: 0.663844 Loss T 0.039759 Method MME

S painting T real Train Ep: 4400 lr0.007607257743127307 	 Loss Classification: 0.426260 Loss T 0.046033 Method MME

S painting T real Train Ep: 4500 lr0.007567875839805858 	 Loss Classification: 0.961354 Loss T 0.065811 Method MME

24
24
24
24
24
24
tensor(378.)

Labeled Target set: Average loss: 1.6390, Accuracy: 272/378 F1 (71.9577%)


Test set: Average loss: 1.3430, Accuracy: 51188/70224 F1 (72.8925%)


Val set: Average loss: 1.5372, Accuracy: 239/360 F1 (66.3889%)

Patience getting saturated, current counter is:  0
best acc test 73.706995  acc val 66.388889 acc labeled target 71.957672
saving model...
S painting T real Train Ep: 4600 lr0.007528966385618854 	 Loss Classification: 0.623772 Loss T 0.038498 Method MME

S painting T real Train Ep: 4700 lr0.007490520534677821 	 Loss Classification: 0.378745 Loss T 0.060559 Method MME

S painting T real Train Ep: 4800 lr0.007452529665420465 	 Loss Classification: 0.171061 Loss T 0.059072 Method MME

S painting T real Train Ep: 4900 lr0.007414985373453289 	 Loss Classification: 0.613903 Loss T 0.037424 Method MME

Per Class Accuracy Calculated According to the Labelled Target examples is:  [1.         1.         1.         1.         1.         0.6666667
 1.         1.         1.         0.         1.         0.
 0.         0.         1.         1.         1.         1.
 0.         1.         1.         0.6666667  1.         1.
 0.         1.         1.         1.         1.         0.33333334
 1.         0.33333334 1.         0.         0.         0.
 0.         1.         1.         1.         1.         1.
 0.6666667  1.         1.         1.         1.         0.6666667
 0.         1.         1.         1.         0.33333334 1.
 0.         0.6666667  0.         1.         0.         1.
 1.         0.         1.         0.6666667  1.         1.
 0.         1.         1.         1.         1.         1.
 1.         1.         0.         0.33333334 1.         1.
 0.6666667  1.         0.         0.6666667  0.         0.
 0.         1.         1.         1.         1.         1.
 0.33333334 1.         1.         1.         1.         1.
 0.         1.         1.         1.         0.         0.6666667
 1.         1.         1.         1.         1.         1.
 0.6666667  1.         1.         1.         1.         0.
 0.33333334 0.6666667  1.         1.         0.         1.
 0.6666667  1.         0.33333334 0.33333334 0.         1.        ]
Top k classes which perform poorly are:  [124, 54, 24, 56, 58, 61, 100, 18, 96, 113, 33, 84, 13, 11, 66, 9, 83, 118, 82, 34, 80, 35, 36, 74, 12, 48, 29, 31, 75, 52, 114, 122, 123, 90, 47, 55, 63, 81, 78, 42, 101, 21, 108, 120, 5, 115, 110, 111, 112, 85, 116, 117, 119, 79, 121, 77, 86, 87, 97, 88, 99, 102, 95, 94, 93, 103, 98, 104, 91, 105, 106, 89, 107, 109, 92, 0, 62, 73, 30, 28, 27, 26, 25, 23, 22, 20, 19, 17, 16, 15, 14, 10, 8, 7, 6, 4, 3, 2, 1, 32, 76, 37, 39, 72, 71, 70, 69, 68, 67, 65, 64, 60, 59, 57, 53, 51, 50, 49, 46, 45, 44, 43, 41, 40, 38, 125]
0
1
2
3
4
5
6
7
8
9
10
11
12
13
14
15
16
17
18
19
20
21
22
23
24
25
26
27
28
29
30
31
32
33
34
35
36
37
38
39
40
41
42
43
44
45
46
47
48
49
50
51
52
53
54
55
56
57
58
59
60
61
62
63
64
65
66
67
68
69
70
71
72
73
74
75
76
77
78
79
80
81
82
83
84
85
86
87
88
89
90
91
92
93
94
95
96
97
98
99
100
101
102
103
104
105
106
107
108
109
110
111
112
113
114
115
116
117
118
119
120
121
122
123
124
125
Assigned Classwise weights to source
S painting T real Train Ep: 5000 lr0.007377879464668811 	 Loss Classification: 0.387804 Loss T 0.051842 Method MME

24
24
24
24
24
24
tensor(378.)

Labeled Target set: Average loss: 1.8238, Accuracy: 257/378 F1 (67.9894%)


Test set: Average loss: 1.3570, Accuracy: 51797/70224 F1 (73.7597%)


Val set: Average loss: 1.5155, Accuracy: 255/360 F1 (70.8333%)

Patience Reset, Counter is: 1
best acc test 73.759683  acc val 70.833333 acc labeled target 67.989418
saving model...
S painting T real Train Ep: 5100 lr0.007341203948625087 	 Loss Classification: 0.536379 Loss T 0.043589 Method MME

S painting T real Train Ep: 5200 lr0.007304951032175895 	 Loss Classification: 0.666177 Loss T 0.047649 Method MME

S painting T real Train Ep: 5300 lr0.007269113113340497 	 Loss Classification: 0.307531 Loss T 0.069832 Method MME

S painting T real Train Ep: 5400 lr0.007233682775402483 	 Loss Classification: 0.568223 Loss T 0.065896 Method MME

S painting T real Train Ep: 5500 lr0.007198652781227704 	 Loss Classification: 0.478065 Loss T 0.045957 Method MME

24
24
24
24
24
24
tensor(378.)

Labeled Target set: Average loss: 1.7216, Accuracy: 267/378 F1 (70.6349%)


Test set: Average loss: 1.3476, Accuracy: 52390/70224 F1 (74.6041%)


Val set: Average loss: 1.4345, Accuracy: 258/360 F1 (71.6667%)

Patience Reset, Counter is: 0
best acc test 74.604124  acc val 71.666667 acc labeled target 70.634921
saving model...
S painting T real Train Ep: 5600 lr0.007164016067791809 	 Loss Classification: 0.469257 Loss T 0.051560 Method MME

S painting T real Train Ep: 5700 lr0.0071297657409083726 	 Loss Classification: 0.638527 Loss T 0.058333 Method MME

S painting T real Train Ep: 5800 lr0.0070958950701490225 	 Loss Classification: 0.616738 Loss T 0.056774 Method MME

S painting T real Train Ep: 5900 lr0.007062397483947426 	 Loss Classification: 0.405127 Loss T 0.066278 Method MME

Per Class Accuracy Calculated According to the Labelled Target examples is:  [1.         1.         0.6666667  1.         1.         1.
 0.6666667  0.6666667  1.         0.         1.         0.33333334
 0.         0.         1.         1.         1.         1.
 0.         1.         0.         0.6666667  1.         0.
 0.         1.         1.         1.         1.         1.
 1.         0.33333334 0.         0.         0.         0.
 0.         1.         0.6666667  1.         1.         1.
 1.         1.         1.         0.33333334 1.         1.
 0.         1.         1.         0.33333334 0.6666667  1.
 0.33333334 0.6666667  0.         1.         0.33333334 1.
 1.         0.6666667  1.         0.6666667  1.         0.6666667
 0.         1.         1.         1.         1.         1.
 1.         1.         0.         0.6666667  1.         0.6666667
 1.         1.         0.         1.         0.         0.
 0.33333334 1.         1.         0.6666667  1.         1.
 0.         1.         0.6666667  1.         1.         1.
 0.         1.         1.         1.         0.33333334 0.6666667
 1.         1.         1.         1.         1.         0.6666667
 1.         1.         1.         0.6666667  1.         0.
 0.         1.         1.         1.         0.         1.
 1.         0.6666667  0.33333334 1.         0.         1.        ]
Top k classes which perform poorly are:  [80, 113, 20, 23, 24, 32, 33, 18, 34, 36, 66, 90, 124, 48, 96, 35, 114, 56, 83, 9, 118, 12, 82, 13, 74, 31, 11, 54, 58, 122, 51, 84, 45, 100, 61, 21, 77, 92, 52, 2, 101, 65, 121, 38, 6, 7, 75, 107, 55, 87, 111, 63, 85, 91, 89, 86, 88, 0, 94, 123, 120, 119, 117, 116, 115, 112, 110, 109, 108, 106, 105, 81, 103, 102, 99, 98, 97, 95, 93, 104, 62, 78, 37, 30, 29, 28, 27, 26, 25, 22, 19, 17, 16, 15, 14, 10, 8, 5, 4, 3, 1, 39, 79, 40, 42, 76, 73, 72, 71, 70, 69, 68, 67, 64, 60, 59, 57, 53, 50, 49, 47, 46, 44, 43, 41, 125]
0
1
2
3
4
5
6
7
8
9
10
11
12
13
14
15
16
17
18
19
20
21
22
23
24
25
26
27
28
29
30
31
32
33
34
35
36
37
38
39
40
41
42
43
44
45
46
47
48
49
50
51
52
53
54
55
56
57
58
59
60
61
62
63
64
65
66
67
68
69
70
71
72
73
74
75
76
77
78
79
80
81
82
83
84
85
86
87
88
89
90
91
92
93
94
95
96
97
98
99
100
101
102
103
104
105
106
107
108
109
110
111
112
113
114
115
116
117
118
119
120
121
122
123
124
125
Assigned Classwise weights to source
S painting T real Train Ep: 6000 lr0.007029266564879363 	 Loss Classification: 0.495542 Loss T 0.068053 Method MME

24
24
24
24
24
24
tensor(378.)

Labeled Target set: Average loss: 2.1664, Accuracy: 266/378 F1 (70.3704%)


Test set: Average loss: 1.3813, Accuracy: 52059/70224 F1 (74.1328%)


Val set: Average loss: 1.6615, Accuracy: 247/360 F1 (68.6111%)

Patience getting saturated, current counter is:  0
best acc test 74.604124  acc val 68.611111 acc labeled target 70.370370
saving model...
S painting T real Train Ep: 6100 lr0.006996496045111504 	 Loss Classification: 0.468864 Loss T 0.062428 Method MME

S painting T real Train Ep: 6200 lr0.00696407980201184 	 Loss Classification: 0.600398 Loss T 0.049394 Method MME

S painting T real Train Ep: 6300 lr0.006932011853915101 	 Loss Classification: 0.257280 Loss T 0.043040 Method MME

S painting T real Train Ep: 6400 lr0.006900286356036734 	 Loss Classification: 0.263895 Loss T 0.068755 Method MME

S painting T real Train Ep: 6500 lr0.006868897596529406 	 Loss Classification: 0.421637 Loss T 0.046556 Method MME

24
24
24
24
24
24
tensor(378.)

Labeled Target set: Average loss: 1.6915, Accuracy: 275/378 F1 (72.7513%)


Test set: Average loss: 1.2504, Accuracy: 53246/70224 F1 (75.8231%)


Val set: Average loss: 1.4121, Accuracy: 262/360 F1 (72.7778%)

Patience Reset, Counter is: 1
best acc test 75.823080  acc val 72.777778 acc labeled target 72.751323
saving model...
S painting T real Train Ep: 6600 lr0.006837839992676177 	 Loss Classification: 0.363141 Loss T 0.031453 Method MME

S painting T real Train Ep: 6700 lr0.006807108087214876 	 Loss Classification: 0.474913 Loss T 0.045910 Method MME

S painting T real Train Ep: 6800 lr0.006776696544788352 	 Loss Classification: 0.262077 Loss T 0.036132 Method MME

S painting T real Train Ep: 6900 lr0.006746600148515609 	 Loss Classification: 0.243431 Loss T 0.043163 Method MME

Per Class Accuracy Calculated According to the Labelled Target examples is:  [0.         1.         1.         1.         1.         1.
 0.         1.         1.         0.6666667  1.         0.6666667
 0.         0.         1.         1.         1.         1.
 0.         1.         1.         1.         1.         1.
 0.         1.         1.         1.         1.         0.6666667
 1.         0.         0.         0.         0.         0.
 0.         1.         1.         0.6666667  1.         1.
 1.         1.         1.         0.6666667  1.         1.
 0.         1.         1.         0.         0.6666667  1.
 0.33333334 1.         0.         1.         1.         1.
 1.         0.33333334 1.         1.         1.         0.
 0.         1.         1.         1.         1.         1.
 1.         1.         0.         1.         0.6666667  0.6666667
 1.         1.         0.         1.         0.         0.
 1.         1.         1.         1.         0.6666667  1.
 0.33333334 1.         0.6666667  1.         1.         1.
 0.         1.         1.         1.         0.         1.
 1.         1.         1.         1.         1.         1.
 0.6666667  1.         1.         1.         1.         0.
 0.         1.         1.         1.         0.         1.
 1.         1.         0.33333334 0.         0.         1.        ]
Top k classes which perform poorly are:  [0, 32, 33, 34, 35, 36, 100, 96, 31, 48, 56, 124, 83, 65, 66, 82, 80, 51, 24, 74, 13, 118, 114, 18, 113, 123, 6, 12, 54, 61, 122, 90, 88, 9, 92, 39, 52, 45, 76, 29, 108, 77, 11, 119, 84, 120, 121, 85, 86, 87, 81, 79, 78, 89, 110, 93, 91, 109, 107, 106, 105, 104, 103, 102, 117, 112, 99, 98, 97, 116, 95, 94, 111, 115, 101, 62, 73, 28, 27, 26, 25, 23, 22, 21, 20, 19, 17, 16, 15, 14, 10, 8, 7, 5, 4, 3, 2, 1, 30, 37, 38, 40, 72, 71, 70, 69, 68, 67, 64, 63, 60, 59, 75, 58, 55, 53, 50, 49, 47, 46, 44, 43, 42, 41, 57, 125]
0
1
2
3
4
5
6
7
8
9
10
11
12
13
14
15
16
17
18
19
20
21
22
23
24
25
26
27
28
29
30
31
32
33
34
35
36
37
38
39
40
41
42
43
44
45
46
47
48
49
50
51
52
53
54
55
56
57
58
59
60
61
62
63
64
65
66
67
68
69
70
71
72
73
74
75
76
77
78
79
80
81
82
83
84
85
86
87
88
89
90
91
92
93
94
95
96
97
98
99
100
101
102
103
104
105
106
107
108
109
110
111
112
113
114
115
116
117
118
119
120
121
122
123
124
125
Assigned Classwise weights to source
S painting T real Train Ep: 7000 lr0.006716813796678979 	 Loss Classification: 0.480628 Loss T 0.032178 Method MME

24
24
24
24
24
24
tensor(378.)

Labeled Target set: Average loss: 1.6938, Accuracy: 266/378 F1 (70.3704%)


Test set: Average loss: 1.3450, Accuracy: 52821/70224 F1 (75.2179%)


Val set: Average loss: 1.4593, Accuracy: 260/360 F1 (72.2222%)

Patience getting saturated, current counter is:  0
best acc test 75.823080  acc val 72.222222 acc labeled target 70.370370
saving model...
S painting T real Train Ep: 7100 lr0.006687332499522798 	 Loss Classification: 0.237304 Loss T 0.050995 Method MME

S painting T real Train Ep: 7200 lr0.006658151376159165 	 Loss Classification: 0.527793 Loss T 0.046663 Method MME

S painting T real Train Ep: 7300 lr0.00662926565157663 	 Loss Classification: 0.552257 Loss T 0.051667 Method MME

S painting T real Train Ep: 7400 lr0.006600670653747793 	 Loss Classification: 0.337739 Loss T 0.043196 Method MME

S painting T real Train Ep: 7500 lr0.0065723618108320175 	 Loss Classification: 0.508673 Loss T 0.055745 Method MME

24
24
24
24
24
24
tensor(378.)

Labeled Target set: Average loss: 1.5724, Accuracy: 269/378 F1 (71.1640%)


Test set: Average loss: 1.3208, Accuracy: 52814/70224 F1 (75.2079%)


Val set: Average loss: 1.4483, Accuracy: 260/360 F1 (72.2222%)

Patience getting saturated, current counter is:  1
best acc test 75.823080  acc val 72.222222 acc labeled target 71.164021
saving model...
S painting T real Train Ep: 7600 lr0.006544334648469591 	 Loss Classification: 0.597354 Loss T 0.044680 Method MME

S painting T real Train Ep: 7700 lr0.006516584787163857 	 Loss Classification: 0.457443 Loss T 0.048275 Method MME

S painting T real Train Ep: 7800 lr0.006489107939747966 	 Loss Classification: 0.465228 Loss T 0.036345 Method MME

S painting T real Train Ep: 7900 lr0.0064618999089330565 	 Loss Classification: 0.040079 Loss T 0.056208 Method MME

Per Class Accuracy Calculated According to the Labelled Target examples is:  [1.         1.         0.6666667  1.         1.         1.
 0.         1.         1.         0.         1.         1.
 0.         0.         1.         1.         1.         1.
 0.         1.         0.33333334 0.33333334 0.6666667  0.
 0.         1.         1.         1.         1.         1.
 1.         1.         0.         0.         0.         0.
 0.         1.         1.         1.         1.         1.
 1.         1.         1.         0.         1.         1.
 0.         1.         1.         0.         0.6666667  1.
 0.6666667  0.6666667  0.         1.         0.33333334 1.
 1.         0.         1.         1.         1.         0.
 0.         1.         1.         1.         1.         1.
 1.         1.         0.         0.         1.         1.
 1.         1.         0.         0.33333334 0.         0.
 0.6666667  1.         1.         1.         1.         1.
 0.33333334 1.         0.6666667  1.         1.         1.
 0.         1.         1.         1.         0.33333334 0.6666667
 1.         1.         1.         1.         1.         1.
 1.         1.         1.         1.         1.         0.
 0.         1.         1.         1.         0.         1.
 1.         1.         0.6666667  0.6666667  0.         1.        ]
Top k classes which perform poorly are:  [65, 36, 35, 34, 33, 32, 61, 124, 51, 66, 24, 23, 56, 18, 45, 113, 96, 83, 48, 74, 6, 80, 114, 118, 9, 75, 82, 12, 13, 58, 21, 20, 100, 81, 90, 55, 101, 54, 92, 52, 22, 84, 122, 2, 123, 88, 87, 86, 85, 79, 91, 89, 0, 102, 94, 121, 120, 119, 117, 116, 115, 112, 111, 110, 93, 109, 107, 106, 105, 104, 103, 99, 98, 97, 95, 108, 78, 62, 76, 31, 30, 29, 28, 27, 26, 25, 19, 17, 37, 16, 14, 11, 10, 8, 7, 5, 4, 3, 1, 15, 38, 39, 40, 73, 72, 71, 70, 69, 68, 67, 64, 63, 60, 59, 57, 53, 50, 49, 47, 46, 44, 43, 42, 41, 77, 125]
0
1
2
3
4
5
6
7
8
9
10
11
12
13
14
15
16
17
18
19
20
21
22
23
24
25
26
27
28
29
30
31
32
33
34
35
36
37
38
39
40
41
42
43
44
45
46
47
48
49
50
51
52
53
54
55
56
57
58
59
60
61
62
63
64
65
66
67
68
69
70
71
72
73
74
75
76
77
78
79
80
81
82
83
84
85
86
87
88
89
90
91
92
93
94
95
96
97
98
99
100
101
102
103
104
105
106
107
108
109
110
111
112
113
114
115
116
117
118
119
120
121
122
123
124
125
Assigned Classwise weights to source
Including the labeled target examples
S painting T real Train Ep: 8000 lr0.006434956584934828 	 Loss Classification: 0.350492 Loss T 0.039959 Method MME

24
24
24
24
24
24
tensor(378.)

Labeled Target set: Average loss: 1.4806, Accuracy: 267/378 F1 (70.6349%)


Test set: Average loss: 1.3507, Accuracy: 53232/70224 F1 (75.8031%)


Val set: Average loss: 1.5427, Accuracy: 258/360 F1 (71.6667%)

Patience getting saturated, current counter is:  2
best acc test 75.823080  acc val 71.666667 acc labeled target 70.634921
saving model...
Including the labeled target examples
Including the labeled target examples
Including the labeled target examples
Including the labeled target examples
Including the labeled target examples
Including the labeled target examples
Including the labeled target examples
Including the labeled target examples
Including the labeled target examples
Including the labeled target examples
Including the labeled target examples
Including the labeled target examples
Including the labeled target examples
Including the labeled target examples
Including the labeled target examples
Including the labeled target examples
Including the labeled target examples
Including the labeled target examples
Including the labeled target examples
Including the labeled target examples
Including the labeled target examples
Including the labeled target examples
Including the labeled target examples
Including the labeled target examples
Including the labeled target examples
Including the labeled target examples
Including the labeled target examples
Including the labeled target examples
Including the labeled target examples
Including the labeled target examples
Including the labeled target examples
Including the labeled target examples
Including the labeled target examples
Including the labeled target examples
Including the labeled target examples
Including the labeled target examples
Including the labeled target examples
Including the labeled target examples
Including the labeled target examples
Including the labeled target examples
Including the labeled target examples
Including the labeled target examples
Including the labeled target examples
Including the labeled target examples
Including the labeled target examples
Including the labeled target examples
Including the labeled target examples
Including the labeled target examples
Including the labeled target examples
Including the labeled target examples
Including the labeled target examples
Including the labeled target examples
Including the labeled target examples
Including the labeled target examples
Including the labeled target examples
Including the labeled target examples
Including the labeled target examples
Including the labeled target examples
Including the labeled target examples
Including the labeled target examples
Including the labeled target examples
Including the labeled target examples
Including the labeled target examples
Including the labeled target examples
Including the labeled target examples
Including the labeled target examples
Including the labeled target examples
Including the labeled target examples
Including the labeled target examples
Including the labeled target examples
Including the labeled target examples
Including the labeled target examples
Including the labeled target examples
Including the labeled target examples
Including the labeled target examples
Including the labeled target examples
Including the labeled target examples
Including the labeled target examples
Including the labeled target examples
Including the labeled target examples
Including the labeled target examples
Including the labeled target examples
Including the labeled target examples
Including the labeled target examples
Including the labeled target examples
Including the labeled target examples
Including the labeled target examples
Including the labeled target examples
Including the labeled target examples
Including the labeled target examples
Including the labeled target examples
Including the labeled target examples
Including the labeled target examples
Including the labeled target examples
Including the labeled target examples
Including the labeled target examples
Including the labeled target examples
Including the labeled target examples
Including the labeled target examples
Including the labeled target examples
S painting T real Train Ep: 8100 lr0.006408273943175546 	 Loss Classification: 0.059882 Loss T 0.034643 Method MME

Including the labeled target examples
Including the labeled target examples
Including the labeled target examples
Including the labeled target examples
Including the labeled target examples
Including the labeled target examples
Including the labeled target examples
Including the labeled target examples
Including the labeled target examples
Including the labeled target examples
Including the labeled target examples
Including the labeled target examples
Including the labeled target examples
Including the labeled target examples
Including the labeled target examples
Including the labeled target examples
Including the labeled target examples
Including the labeled target examples
Including the labeled target examples
Including the labeled target examples
Including the labeled target examples
Including the labeled target examples
Including the labeled target examples
Including the labeled target examples
Including the labeled target examples
Including the labeled target examples
Including the labeled target examples
Including the labeled target examples
Including the labeled target examples
Including the labeled target examples
Including the labeled target examples
Including the labeled target examples
Including the labeled target examples
Including the labeled target examples
Including the labeled target examples
Including the labeled target examples
Including the labeled target examples
Including the labeled target examples
Including the labeled target examples
Including the labeled target examples
Including the labeled target examples
Including the labeled target examples
Including the labeled target examples
Including the labeled target examples
Including the labeled target examples
Including the labeled target examples
Including the labeled target examples
Including the labeled target examples
Including the labeled target examples
Including the labeled target examples
Including the labeled target examples
Including the labeled target examples
Including the labeled target examples
Including the labeled target examples
Including the labeled target examples
Including the labeled target examples
Including the labeled target examples
Including the labeled target examples
Including the labeled target examples
Including the labeled target examples
Including the labeled target examples
Including the labeled target examples
Including the labeled target examples
Including the labeled target examples
Including the labeled target examples
Including the labeled target examples
Including the labeled target examples
Including the labeled target examples
Including the labeled target examples
Including the labeled target examples
Including the labeled target examples
Including the labeled target examples
Including the labeled target examples
Including the labeled target examples
Including the labeled target examples
Including the labeled target examples
Including the labeled target examples
Including the labeled target examples
Including the labeled target examples
Including the labeled target examples
Including the labeled target examples
Including the labeled target examples
Including the labeled target examples
Including the labeled target examples
Including the labeled target examples
Including the labeled target examples
Including the labeled target examples
Including the labeled target examples
Including the labeled target examples
Including the labeled target examples
Including the labeled target examples
Including the labeled target examples
Including the labeled target examples
Including the labeled target examples
Including the labeled target examples
Including the labeled target examples
Including the labeled target examples
Including the labeled target examples
Including the labeled target examples
Including the labeled target examples
S painting T real Train Ep: 8200 lr0.006381848042058713 	 Loss Classification: 0.075293 Loss T 0.045992 Method MME

Including the labeled target examples
Including the labeled target examples
Including the labeled target examples
Including the labeled target examples
Including the labeled target examples
Including the labeled target examples
Including the labeled target examples
Including the labeled target examples
Including the labeled target examples
Including the labeled target examples
Including the labeled target examples
Including the labeled target examples
Including the labeled target examples
Including the labeled target examples
Including the labeled target examples
Including the labeled target examples
Including the labeled target examples
Including the labeled target examples
Including the labeled target examples
Including the labeled target examples
Including the labeled target examples
Including the labeled target examples
Including the labeled target examples
Including the labeled target examples
Including the labeled target examples
Including the labeled target examples
Including the labeled target examples
Including the labeled target examples
Including the labeled target examples
Including the labeled target examples
Including the labeled target examples
Including the labeled target examples
Including the labeled target examples
Including the labeled target examples
Including the labeled target examples
Including the labeled target examples
Including the labeled target examples
Including the labeled target examples
Including the labeled target examples
Including the labeled target examples
Including the labeled target examples
Including the labeled target examples
Including the labeled target examples
Including the labeled target examples
Including the labeled target examples
Including the labeled target examples
Including the labeled target examples
Including the labeled target examples
Including the labeled target examples
Including the labeled target examples
Including the labeled target examples
Including the labeled target examples
Including the labeled target examples
Including the labeled target examples
Including the labeled target examples
Including the labeled target examples
Including the labeled target examples
Including the labeled target examples
Including the labeled target examples
Including the labeled target examples
Including the labeled target examples
Including the labeled target examples
Including the labeled target examples
Including the labeled target examples
Including the labeled target examples
Including the labeled target examples
Including the labeled target examples
Including the labeled target examples
Including the labeled target examples
Including the labeled target examples
Including the labeled target examples
Including the labeled target examples
Including the labeled target examples
Including the labeled target examples
Including the labeled target examples
Including the labeled target examples
Including the labeled target examples
Including the labeled target examples
Including the labeled target examples
Including the labeled target examples
Including the labeled target examples
Including the labeled target examples
Including the labeled target examples
Including the labeled target examples
Including the labeled target examples
Including the labeled target examples
Including the labeled target examples
Including the labeled target examples
Including the labeled target examples
Including the labeled target examples
Including the labeled target examples
Including the labeled target examples
Including the labeled target examples
Including the labeled target examples
Including the labeled target examples
Including the labeled target examples
Including the labeled target examples
Including the labeled target examples
Including the labeled target examples
Including the labeled target examples
S painting T real Train Ep: 8300 lr0.0063556750208137005 	 Loss Classification: 0.253868 Loss T 0.037415 Method MME

Including the labeled target examples
Including the labeled target examples
Including the labeled target examples
Including the labeled target examples
Including the labeled target examples
Including the labeled target examples
Including the labeled target examples
Including the labeled target examples
Including the labeled target examples
Including the labeled target examples
Including the labeled target examples
Including the labeled target examples
Including the labeled target examples
Including the labeled target examples
Including the labeled target examples
Including the labeled target examples
Including the labeled target examples
Including the labeled target examples
Including the labeled target examples
Including the labeled target examples
Including the labeled target examples
Including the labeled target examples
Including the labeled target examples
Including the labeled target examples
Including the labeled target examples
Including the labeled target examples
Including the labeled target examples
Including the labeled target examples
Including the labeled target examples
Including the labeled target examples
Including the labeled target examples
Including the labeled target examples
Including the labeled target examples
Including the labeled target examples
Including the labeled target examples
Including the labeled target examples
Including the labeled target examples
Including the labeled target examples
Including the labeled target examples
Including the labeled target examples
Including the labeled target examples
Including the labeled target examples
Including the labeled target examples
Including the labeled target examples
Including the labeled target examples
Including the labeled target examples
Including the labeled target examples
Including the labeled target examples
Including the labeled target examples
Including the labeled target examples
Including the labeled target examples
Including the labeled target examples
Including the labeled target examples
Including the labeled target examples
Including the labeled target examples
Including the labeled target examples
Including the labeled target examples
Including the labeled target examples
Including the labeled target examples
Including the labeled target examples
Including the labeled target examples
Including the labeled target examples
Including the labeled target examples
Including the labeled target examples
Including the labeled target examples
Including the labeled target examples
Including the labeled target examples
Including the labeled target examples
Including the labeled target examples
Including the labeled target examples
Including the labeled target examples
Including the labeled target examples
Including the labeled target examples
Including the labeled target examples
Including the labeled target examples
Including the labeled target examples
Including the labeled target examples
Including the labeled target examples
Including the labeled target examples
Including the labeled target examples
Including the labeled target examples
Including the labeled target examples
Including the labeled target examples
Including the labeled target examples
Including the labeled target examples
Including the labeled target examples
Including the labeled target examples
Including the labeled target examples
Including the labeled target examples
Including the labeled target examples
Including the labeled target examples
Including the labeled target examples
Including the labeled target examples
Including the labeled target examples
Including the labeled target examples
Including the labeled target examples
Including the labeled target examples
Including the labeled target examples
Including the labeled target examples
Including the labeled target examples
S painting T real Train Ep: 8400 lr0.006329751097407787 	 Loss Classification: 0.244401 Loss T 0.036647 Method MME

Including the labeled target examples
Including the labeled target examples
Including the labeled target examples
Including the labeled target examples
Including the labeled target examples
Including the labeled target examples
Including the labeled target examples
Including the labeled target examples
Including the labeled target examples
Including the labeled target examples
Including the labeled target examples
Including the labeled target examples
Including the labeled target examples
Including the labeled target examples
Including the labeled target examples
Including the labeled target examples
Including the labeled target examples
Including the labeled target examples
Including the labeled target examples
Including the labeled target examples
Including the labeled target examples
Including the labeled target examples
Including the labeled target examples
Including the labeled target examples
Including the labeled target examples
Including the labeled target examples
Including the labeled target examples
Including the labeled target examples
Including the labeled target examples
Including the labeled target examples
Including the labeled target examples
Including the labeled target examples
Including the labeled target examples
Including the labeled target examples
Including the labeled target examples
Including the labeled target examples
Including the labeled target examples
Including the labeled target examples
Including the labeled target examples
Including the labeled target examples
Including the labeled target examples
Including the labeled target examples
Including the labeled target examples
Including the labeled target examples
Including the labeled target examples
Including the labeled target examples
Including the labeled target examples
Including the labeled target examples
Including the labeled target examples
Including the labeled target examples
Including the labeled target examples
Including the labeled target examples
Including the labeled target examples
Including the labeled target examples
Including the labeled target examples
Including the labeled target examples
Including the labeled target examples
Including the labeled target examples
Including the labeled target examples
Including the labeled target examples
Including the labeled target examples
Including the labeled target examples
Including the labeled target examples
Including the labeled target examples
Including the labeled target examples
Including the labeled target examples
Including the labeled target examples
Including the labeled target examples
Including the labeled target examples
Including the labeled target examples
Including the labeled target examples
Including the labeled target examples
Including the labeled target examples
Including the labeled target examples
Including the labeled target examples
Including the labeled target examples
Including the labeled target examples
Including the labeled target examples
Including the labeled target examples
Including the labeled target examples
Including the labeled target examples
Including the labeled target examples
Including the labeled target examples
Including the labeled target examples
Including the labeled target examples
Including the labeled target examples
Including the labeled target examples
Including the labeled target examples
Including the labeled target examples
Including the labeled target examples
Including the labeled target examples
Including the labeled target examples
Including the labeled target examples
Including the labeled target examples
Including the labeled target examples
Including the labeled target examples
Including the labeled target examples
Including the labeled target examples
Including the labeled target examples
Including the labeled target examples
S painting T real Train Ep: 8500 lr0.0063040725665231365 	 Loss Classification: 0.741027 Loss T 0.061026 Method MME

24
24
24
24
24
24
tensor(378.)

Labeled Target set: Average loss: 0.0927, Accuracy: 371/378 F1 (98.1481%)

