Dataset office_home Source Product Target Real Labeled num perclass 3 Network alexnet
65 classes in this dataset
Labelled Source Examples:  4439
Unlabelled Target Dataset Size:  4162
Labelled Target Dataset Size:  195
Misc. Labelled Target Dataset Size:  195
Bank keys - Target:  dict_keys(['feat_vec', 'labels', 'names', 'domain_identifier']) Source:  dict_keys(['feat_vec', 'labels', 'names', 'domain_identifier'])
Num  - Target:  4162 Source:  4439
Unlabeled Target Data Batches: 65
S Product T Real Train Ep: 0 lr0.01 	 Loss Classification: 4.158913 Loss T 0.415657 Method MME

32
32
32
32
32
32
32
tensor(585.)

Labeled Target set: Average loss: 4.1400, Accuracy: 16/585 F1 (2.7350%)


Test set: Average loss: 4.1533, Accuracy: 115/4160 F1 (2.7644%)


Val set: Average loss: 4.1480, Accuracy: 7/192 F1 (3.6458%)

Patience Reset, Counter is: 0
best acc test 2.764423  acc val 3.645833 acc labeled target 2.735043
saving model...
S Product T Real Train Ep: 100 lr0.009925650290240803 	 Loss Classification: 1.282419 Loss T 0.253972 Method MME

S Product T Real Train Ep: 200 lr0.009852577760521605 	 Loss Classification: 0.634654 Loss T 0.217101 Method MME

S Product T Real Train Ep: 300 lr0.009780748269686728 	 Loss Classification: 0.442679 Loss T 0.186555 Method MME

S Product T Real Train Ep: 400 lr0.009710128909124701 	 Loss Classification: 0.398310 Loss T 0.169525 Method MME

S Product T Real Train Ep: 500 lr0.00964068794694323 	 Loss Classification: 0.428147 Loss T 0.151194 Method MME

32
32
32
32
32
32
32
tensor(585.)

Labeled Target set: Average loss: 2.3394, Accuracy: 242/585 F1 (41.3675%)


Test set: Average loss: 1.8595, Accuracy: 2235/4160 F1 (53.7260%)


Val set: Average loss: 1.9230, Accuracy: 92/192 F1 (47.9167%)

Patience Reset, Counter is: 0
best acc test 53.725962  acc val 47.916667 acc labeled target 41.367521
saving model...
S Product T Real Train Ep: 600 lr0.00957239477517603 	 Loss Classification: 0.246307 Loss T 0.129817 Method MME

S Product T Real Train Ep: 700 lr0.009505219859830012 	 Loss Classification: 0.238976 Loss T 0.103517 Method MME

S Product T Real Train Ep: 800 lr0.009439134693595126 	 Loss Classification: 0.124249 Loss T 0.132368 Method MME

S Product T Real Train Ep: 900 lr0.009374111751051751 	 Loss Classification: 0.089427 Loss T 0.090080 Method MME

S Product T Real Train Ep: 1000 lr0.009310124446222227 	 Loss Classification: 0.131122 Loss T 0.084029 Method MME

32
32
32
32
32
32
32
tensor(585.)

Labeled Target set: Average loss: 2.0519, Accuracy: 280/585 F1 (47.8632%)


Test set: Average loss: 2.0215, Accuracy: 2298/4160 F1 (55.2404%)


Val set: Average loss: 1.9780, Accuracy: 100/192 F1 (52.0833%)

Patience Reset, Counter is: 0
best acc test 55.240385  acc val 52.083333 acc labeled target 47.863248
saving model...
S Product T Real Train Ep: 1100 lr0.00924714709232377 	 Loss Classification: 0.166279 Loss T 0.102134 Method MME

S Product T Real Train Ep: 1200 lr0.009185154863590003 	 Loss Classification: 0.133049 Loss T 0.086938 Method MME

S Product T Real Train Ep: 1300 lr0.00912412375903735 	 Loss Classification: 0.039255 Loss T 0.086340 Method MME

S Product T Real Train Ep: 1400 lr0.009064030568061049 	 Loss Classification: 0.026284 Loss T 0.082551 Method MME

S Product T Real Train Ep: 1500 lr0.009004852837753237 	 Loss Classification: 0.109566 Loss T 0.098684 Method MME

32
32
32
32
32
32
32
tensor(585.)

Labeled Target set: Average loss: 2.1374, Accuracy: 281/585 F1 (48.0342%)


Test set: Average loss: 2.1498, Accuracy: 2383/4160 F1 (57.2837%)


Val set: Average loss: 2.3822, Accuracy: 100/192 F1 (52.0833%)

Patience Reset, Counter is: 0
best acc test 57.283654  acc val 52.083333 acc labeled target 48.034188
saving model...
S Product T Real Train Ep: 1600 lr0.008946568841842816 	 Loss Classification: 0.181348 Loss T 0.073986 Method MME

S Product T Real Train Ep: 1700 lr0.008889157551163433 	 Loss Classification: 0.091178 Loss T 0.074818 Method MME

S Product T Real Train Ep: 1800 lr0.008832598605562044 	 Loss Classification: 0.080244 Loss T 0.081265 Method MME

S Product T Real Train Ep: 1900 lr0.008776872287166303 	 Loss Classification: 0.132450 Loss T 0.066442 Method MME

Per Class Accuracy Calculated According to the Labelled Target examples is:  [0.8888889  1.         0.8888889  0.44444445 1.         0.22222222
 0.33333334 0.6666667  1.         1.         0.5555556  0.5555556
 0.         0.         1.         0.         0.         0.
 1.         0.         0.33333334 0.44444445 1.         0.33333334
 0.33333334 0.5555556  0.33333334 1.         0.7777778  1.
 0.         0.         0.7777778  0.22222222 0.33333334 0.
 0.33333334 1.         0.11111111 0.5555556  0.11111111 0.8888889
 0.5555556  0.33333334 0.11111111 0.7777778  0.22222222 0.
 0.6666667  0.6666667  0.8888889  0.44444445 0.11111111 0.5555556
 1.         0.7777778  0.         0.22222222 0.33333334 0.44444445
 0.22222222 0.11111111 0.6666667  0.33333334 0.7777778 ]
Top k classes which perform poorly are:  [12, 47, 30, 31, 19, 35, 56, 17, 13, 16, 15, 44, 61, 40, 38, 52, 46, 33, 5, 60, 57, 34, 36, 63, 43, 26, 23, 24, 20, 6, 58, 59, 51, 3, 21, 42, 39, 53, 25, 10, 11, 7, 48, 62, 49, 55, 32, 64, 45, 28, 41, 2, 0, 50, 27, 54, 22, 14, 9, 8, 4, 37, 1, 29, 18]
Per cls weights according to the accuracy are:  tensor([1.2056, 1.1839, 1.2056, 1.3206, 1.1839, 1.4004, 1.3583, 1.2567, 1.1839,
        1.1839, 1.2869, 1.2869, 1.5000, 1.5000, 1.1839, 1.5000, 1.5000, 1.5000,
        1.1839, 1.5000, 1.3583, 1.3206, 1.1839, 1.3583, 1.3583, 1.2869, 1.3583,
        1.1839, 1.2297, 1.1839, 1.5000, 1.5000, 1.2297, 1.4004, 1.3583, 1.5000,
        1.3583, 1.1839, 1.4474, 1.2869, 1.4474, 1.2056, 1.2869, 1.3583, 1.4474,
        1.2297, 1.4004, 1.5000, 1.2567, 1.2567, 1.2056, 1.3206, 1.4474, 1.2869,
        1.1839, 1.2297, 1.5000, 1.4004, 1.3583, 1.3206, 1.4004, 1.4474, 1.2567,
        1.3583, 1.2297])
0
1
2
3
4
5
6
7
8
9
10
11
12
13
14
15
16
17
18
19
20
21
22
23
24
25
26
27
28
29
30
31
32
33
34
35
36
37
38
39
40
41
42
43
44
45
46
47
48
49
50
51
52
53
54
55
56
57
58
59
60
61
62
63
64
65
66
67
68
69
70
71
72
73
74
75
76
77
78
79
80
81
82
83
84
85
86
87
88
89
90
91
92
93
94
95
96
97
98
99
100
101
102
103
104
105
106
107
108
109
110
111
112
113
114
115
116
117
118
119
120
121
122
123
124
125
126
127
128
129
130
131
132
133
134
135
136
137
138
139
140
141
142
143
144
145
146
147
148
149
150
151
152
153
154
155
156
157
158
159
160
161
162
163
164
165
166
167
168
169
170
171
172
173
174
175
176
177
178
179
180
181
182
183
184
185
186
187
188
189
190
191
192
193
194
Per cls weights according to the accuracy are:  tensor([0.7944, 0.8161, 0.7944, 0.6794, 0.8161, 0.5996, 0.6417, 0.7433, 0.8161,
        0.8161, 0.7131, 0.7131, 0.5000, 0.5000, 0.8161, 0.5000, 0.5000, 0.5000,
        0.8161, 0.5000, 0.6417, 0.6794, 0.8161, 0.6417, 0.6417, 0.7131, 0.6417,
        0.8161, 0.7703, 0.8161, 0.5000, 0.5000, 0.7703, 0.5996, 0.6417, 0.5000,
        0.6417, 0.8161, 0.5526, 0.7131, 0.5526, 0.7944, 0.7131, 0.6417, 0.5526,
        0.7703, 0.5996, 0.5000, 0.7433, 0.7433, 0.7944, 0.6794, 0.5526, 0.7131,
        0.8161, 0.7703, 0.5000, 0.5996, 0.6417, 0.6794, 0.5996, 0.5526, 0.7433,
        0.6417, 0.7703])
0
1
2
3
4
5
6
7
8
9
10
11
12
13
14
15
16
17
18
19
20
21
22
23
24
25
26
27
28
29
30
31
32
33
34
35
36
37
38
39
40
41
42
43
44
45
46
47
48
49
50
51
52
53
54
55
56
57
58
59
60
61
62
63
64
65
66
67
68
69
70
71
72
73
74
75
76
77
78
79
80
81
82
83
84
85
86
87
88
89
90
91
92
93
94
95
96
97
98
99
100
101
102
103
104
105
106
107
108
109
110
111
112
113
114
115
116
117
118
119
120
121
122
123
124
125
126
127
128
129
130
131
132
133
134
135
136
137
138
139
140
141
142
143
144
145
146
147
148
149
150
151
152
153
154
155
156
157
158
159
160
161
162
163
164
165
166
167
168
169
170
171
172
173
174
175
176
177
178
179
180
181
182
183
184
185
186
187
188
189
190
191
192
193
194
Assigned Classwise weights to source
S Product T Real Train Ep: 2000 lr0.008721959494934213 	 Loss Classification: 0.089608 Loss T 0.067423 Method MME

32
32
32
32
32
32
32
tensor(585.)

Labeled Target set: Average loss: 2.3548, Accuracy: 289/585 F1 (49.4017%)


Test set: Average loss: 2.2899, Accuracy: 2386/4160 F1 (57.3558%)


Val set: Average loss: 2.4935, Accuracy: 106/192 F1 (55.2083%)

Patience Reset, Counter is: 0
best acc test 57.355769  acc val 55.208333 acc labeled target 49.401709
saving model...
S Product T Real Train Ep: 2100 lr0.008667841720414475 	 Loss Classification: 0.032142 Loss T 0.055751 Method MME

S Product T Real Train Ep: 2200 lr0.008614501024650454 	 Loss Classification: 0.038023 Loss T 0.073097 Method MME

S Product T Real Train Ep: 2300 lr0.008561920016164943 	 Loss Classification: 0.030023 Loss T 0.055301 Method MME

S Product T Real Train Ep: 2400 lr0.008510081829966844 	 Loss Classification: 0.195366 Loss T 0.066619 Method MME

S Product T Real Train Ep: 2500 lr0.008458970107524513 	 Loss Classification: 0.135599 Loss T 0.073740 Method MME

32
32
32
32
32
32
32
tensor(585.)

Labeled Target set: Average loss: 2.2073, Accuracy: 287/585 F1 (49.0598%)


Test set: Average loss: 2.3731, Accuracy: 2428/4160 F1 (58.3654%)


Val set: Average loss: 2.5176, Accuracy: 110/192 F1 (57.2917%)

Patience Reset, Counter is: 0
best acc test 58.365385  acc val 57.291667 acc labeled target 49.059829
saving model...
S Product T Real Train Ep: 2600 lr0.008408568977653933 	 Loss Classification: 0.031490 Loss T 0.069114 Method MME

S Product T Real Train Ep: 2700 lr0.00835886303827305 	 Loss Classification: 0.036142 Loss T 0.036266 Method MME

S Product T Real Train Ep: 2800 lr0.008309837338976545 	 Loss Classification: 0.041867 Loss T 0.044470 Method MME

S Product T Real Train Ep: 2900 lr0.008261477364388068 	 Loss Classification: 0.143471 Loss T 0.055153 Method MME

Per Class Accuracy Calculated According to the Labelled Target examples is:  [0.7777778  1.         0.8888889  0.22222222 1.         0.
 0.33333334 0.6666667  1.         1.         0.44444445 0.6666667
 0.         0.44444445 0.7777778  0.         0.         0.
 1.         0.         0.33333334 0.7777778  1.         0.33333334
 0.6666667  0.6666667  0.33333334 0.8888889  0.8888889  0.7777778
 0.         0.         1.         0.22222222 0.6666667  0.
 0.5555556  0.44444445 0.11111111 0.6666667  0.         0.7777778
 0.5555556  0.22222222 0.11111111 0.5555556  0.5555556  0.11111111
 0.8888889  0.44444445 0.7777778  0.7777778  0.33333334 0.33333334
 1.         0.8888889  0.         0.11111111 0.22222222 0.7777778
 0.22222222 0.11111111 0.5555556  0.         1.        ]
Top k classes which perform poorly are:  [16, 30, 56, 35, 19, 17, 31, 15, 12, 63, 40, 5, 44, 57, 47, 38, 61, 43, 3, 58, 33, 60, 20, 6, 23, 52, 26, 53, 10, 13, 37, 49, 36, 46, 42, 62, 45, 34, 24, 11, 39, 7, 25, 51, 0, 29, 21, 14, 59, 41, 50, 27, 28, 2, 48, 55, 32, 22, 18, 9, 8, 4, 1, 54, 64]
Per cls weights according to the accuracy are:  tensor([1.2297, 1.1839, 1.2056, 1.4004, 1.1839, 1.5000, 1.3583, 1.2567, 1.1839,
        1.1839, 1.3206, 1.2567, 1.5000, 1.3206, 1.2297, 1.5000, 1.5000, 1.5000,
        1.1839, 1.5000, 1.3583, 1.2297, 1.1839, 1.3583, 1.2567, 1.2567, 1.3583,
        1.2056, 1.2056, 1.2297, 1.5000, 1.5000, 1.1839, 1.4004, 1.2567, 1.5000,
        1.2869, 1.3206, 1.4474, 1.2567, 1.5000, 1.2297, 1.2869, 1.4004, 1.4474,
        1.2869, 1.2869, 1.4474, 1.2056, 1.3206, 1.2297, 1.2297, 1.3583, 1.3583,
        1.1839, 1.2056, 1.5000, 1.4474, 1.4004, 1.2297, 1.4004, 1.4474, 1.2869,
        1.5000, 1.1839])
0
1
2
3
4
5
6
7
8
9
10
11
12
13
14
15
16
17
18
19
20
21
22
23
24
25
26
27
28
29
30
31
32
33
34
35
36
37
38
39
40
41
42
43
44
45
46
47
48
49
50
51
52
53
54
55
56
57
58
59
60
61
62
63
64
65
66
67
68
69
70
71
72
73
74
75
76
77
78
79
80
81
82
83
84
85
86
87
88
89
90
91
92
93
94
95
96
97
98
99
100
101
102
103
104
105
106
107
108
109
110
111
112
113
114
115
116
117
118
119
120
121
122
123
124
125
126
127
128
129
130
131
132
133
134
135
136
137
138
139
140
141
142
143
144
145
146
147
148
149
150
151
152
153
154
155
156
157
158
159
160
161
162
163
164
165
166
167
168
169
170
171
172
173
174
175
176
177
178
179
180
181
182
183
184
185
186
187
188
189
190
191
192
193
194
Per cls weights according to the accuracy are:  tensor([0.7703, 0.8161, 0.7944, 0.5996, 0.8161, 0.5000, 0.6417, 0.7433, 0.8161,
        0.8161, 0.6794, 0.7433, 0.5000, 0.6794, 0.7703, 0.5000, 0.5000, 0.5000,
        0.8161, 0.5000, 0.6417, 0.7703, 0.8161, 0.6417, 0.7433, 0.7433, 0.6417,
        0.7944, 0.7944, 0.7703, 0.5000, 0.5000, 0.8161, 0.5996, 0.7433, 0.5000,
        0.7131, 0.6794, 0.5526, 0.7433, 0.5000, 0.7703, 0.7131, 0.5996, 0.5526,
        0.7131, 0.7131, 0.5526, 0.7944, 0.6794, 0.7703, 0.7703, 0.6417, 0.6417,
        0.8161, 0.7944, 0.5000, 0.5526, 0.5996, 0.7703, 0.5996, 0.5526, 0.7131,
        0.5000, 0.8161])
0
1
2
3
4
5
6
7
8
9
10
11
12
13
14
15
16
17
18
19
20
21
22
23
24
25
26
27
28
29
30
31
32
33
34
35
36
37
38
39
40
41
42
43
44
45
46
47
48
49
50
51
52
53
54
55
56
57
58
59
60
61
62
63
64
65
66
67
68
69
70
71
72
73
74
75
76
77
78
79
80
81
82
83
84
85
86
87
88
89
90
91
92
93
94
95
96
97
98
99
100
101
102
103
104
105
106
107
108
109
110
111
112
113
114
115
116
117
118
119
120
121
122
123
124
125
126
127
128
129
130
131
132
133
134
135
136
137
138
139
140
141
142
143
144
145
146
147
148
149
150
151
152
153
154
155
156
157
158
159
160
161
162
163
164
165
166
167
168
169
170
171
172
173
174
175
176
177
178
179
180
181
182
183
184
185
186
187
188
189
190
191
192
193
194
Assigned Classwise weights to source
S Product T Real Train Ep: 3000 lr0.008213769018249545 	 Loss Classification: 0.062735 Loss T 0.040500 Method MME

32
32
32
32
32
32
32
tensor(585.)

Labeled Target set: Average loss: 2.2623, Accuracy: 294/585 F1 (50.2564%)


Test set: Average loss: 2.4530, Accuracy: 2444/4160 F1 (58.7500%)


Val set: Average loss: 2.4428, Accuracy: 111/192 F1 (57.8125%)

Patience Reset, Counter is: 0
best acc test 58.750000  acc val 57.812500 acc labeled target 50.256410
saving model...
S Product T Real Train Ep: 3100 lr0.008166698608209509 	 Loss Classification: 0.053008 Loss T 0.063551 Method MME

S Product T Real Train Ep: 3200 lr0.008120252831274708 	 Loss Classification: 0.105925 Loss T 0.055106 Method MME

S Product T Real Train Ep: 3300 lr0.008074418759891278 	 Loss Classification: 0.015646 Loss T 0.046852 Method MME

S Product T Real Train Ep: 3400 lr0.008029183828623731 	 Loss Classification: 0.009239 Loss T 0.050100 Method MME

S Product T Real Train Ep: 3500 lr0.007984535821401871 	 Loss Classification: 0.028501 Loss T 0.056949 Method MME

32
32
32
32
32
32
32
tensor(585.)

Labeled Target set: Average loss: 0.1778, Accuracy: 556/585 F1 (95.0427%)


Test set: Average loss: 2.3485, Accuracy: 2557/4160 F1 (61.4663%)


Val set: Average loss: 2.2699, Accuracy: 117/192 F1 (60.9375%)

Patience Reset, Counter is: 0
best acc test 61.466346  acc val 60.937500 acc labeled target 95.042735
saving model...
S Product T Real Train Ep: 3600 lr0.007940462859307384 	 Loss Classification: 0.163195 Loss T 0.036196 Method MME

S Product T Real Train Ep: 3700 lr0.007896953388873518 	 Loss Classification: 0.401746 Loss T 0.036671 Method MME

S Product T Real Train Ep: 3800 lr0.007853996170872714 	 Loss Classification: 0.018340 Loss T 0.043401 Method MME

S Product T Real Train Ep: 3900 lr0.00781158026956848 	 Loss Classification: 0.023139 Loss T 0.031264 Method MME

Per Class Accuracy Calculated According to the Labelled Target examples is:  [0.8888889 1.        0.8888889 0.7777778 1.        1.        1.
 1.        1.        0.8888889 1.        1.        1.        0.8888889
 1.        1.        1.        0.7777778 1.        1.        0.8888889
 1.        1.        1.        0.8888889 1.        0.7777778 0.8888889
 0.7777778 1.        1.        1.        1.        1.        1.
 0.8888889 0.7777778 1.        1.        1.        1.        1.
 1.        0.8888889 0.8888889 1.        1.        0.8888889 1.
 0.8888889 1.        1.        0.8888889 1.        1.        0.8888889
 1.        0.8888889 1.        1.        1.        0.8888889 1.
 0.7777778 0.8888889]
Top k classes which perform poorly are:  [26, 3, 28, 63, 36, 17, 0, 24, 27, 35, 43, 47, 49, 52, 55, 57, 61, 44, 20, 64, 9, 2, 13, 45, 46, 7, 48, 6, 50, 51, 5, 18, 8, 4, 56, 58, 59, 60, 1, 62, 53, 54, 42, 41, 21, 22, 23, 16, 25, 15, 14, 29, 30, 31, 12, 33, 34, 11, 10, 37, 38, 39, 40, 19, 32]
Per cls weights according to the accuracy are:  tensor([1.2056, 1.1839, 1.2056, 1.2297, 1.1839, 1.1839, 1.1839, 1.1839, 1.1839,
        1.2056, 1.1839, 1.1839, 1.1839, 1.2056, 1.1839, 1.1839, 1.1839, 1.2297,
        1.1839, 1.1839, 1.2056, 1.1839, 1.1839, 1.1839, 1.2056, 1.1839, 1.2297,
        1.2056, 1.2297, 1.1839, 1.1839, 1.1839, 1.1839, 1.1839, 1.1839, 1.2056,
        1.2297, 1.1839, 1.1839, 1.1839, 1.1839, 1.1839, 1.1839, 1.2056, 1.2056,
        1.1839, 1.1839, 1.2056, 1.1839, 1.2056, 1.1839, 1.1839, 1.2056, 1.1839,
        1.1839, 1.2056, 1.1839, 1.2056, 1.1839, 1.1839, 1.1839, 1.2056, 1.1839,
        1.2297, 1.2056])
0
1
2
3
4
5
6
7
8
9
10
11
12
13
14
15
16
17
18
19
20
21
22
23
24
25
26
27
28
29
30
31
32
33
34
35
36
37
38
39
40
41
42
43
44
45
46
47
48
49
50
51
52
53
54
55
56
57
58
59
60
61
62
63
64
65
66
67
68
69
70
71
72
73
74
75
76
77
78
79
80
81
82
83
84
85
86
87
88
89
90
91
92
93
94
95
96
97
98
99
100
101
102
103
104
105
106
107
108
109
110
111
112
113
114
115
116
117
118
119
120
121
122
123
124
125
126
127
128
129
130
131
132
133
134
135
136
137
138
139
140
141
142
143
144
145
146
147
148
149
150
151
152
153
154
155
156
157
158
159
160
161
162
163
164
165
166
167
168
169
170
171
172
173
174
175
176
177
178
179
180
181
182
183
184
185
186
187
188
189
190
191
192
193
194
Per cls weights according to the accuracy are:  tensor([0.7944, 0.8161, 0.7944, 0.7703, 0.8161, 0.8161, 0.8161, 0.8161, 0.8161,
        0.7944, 0.8161, 0.8161, 0.8161, 0.7944, 0.8161, 0.8161, 0.8161, 0.7703,
        0.8161, 0.8161, 0.7944, 0.8161, 0.8161, 0.8161, 0.7944, 0.8161, 0.7703,
        0.7944, 0.7703, 0.8161, 0.8161, 0.8161, 0.8161, 0.8161, 0.8161, 0.7944,
        0.7703, 0.8161, 0.8161, 0.8161, 0.8161, 0.8161, 0.8161, 0.7944, 0.7944,
        0.8161, 0.8161, 0.7944, 0.8161, 0.7944, 0.8161, 0.8161, 0.7944, 0.8161,
        0.8161, 0.7944, 0.8161, 0.7944, 0.8161, 0.8161, 0.8161, 0.7944, 0.8161,
        0.7703, 0.7944])
0
1
2
3
4
5
6
7
8
9
10
11
12
13
14
15
16
17
18
19
20
21
22
23
24
25
26
27
28
29
30
31
32
33
34
35
36
37
38
39
40
41
42
43
44
45
46
47
48
49
50
51
52
53
54
55
56
57
58
59
60
61
62
63
64
65
66
67
68
69
70
71
72
73
74
75
76
77
78
79
80
81
82
83
84
85
86
87
88
89
90
91
92
93
94
95
96
97
98
99
100
101
102
103
104
105
106
107
108
109
110
111
112
113
114
115
116
117
118
119
120
121
122
123
124
125
126
127
128
129
130
131
132
133
134
135
136
137
138
139
140
141
142
143
144
145
146
147
148
149
150
151
152
153
154
155
156
157
158
159
160
161
162
163
164
165
166
167
168
169
170
171
172
173
174
175
176
177
178
179
180
181
182
183
184
185
186
187
188
189
190
191
192
193
194
Assigned Classwise weights to source
S Product T Real Train Ep: 4000 lr0.007769695042409123 	 Loss Classification: 0.168063 Loss T 0.035526 Method MME

32
32
32
32
32
32
32
tensor(585.)

Labeled Target set: Average loss: 0.1925, Accuracy: 561/585 F1 (95.8974%)


Test set: Average loss: 2.5082, Accuracy: 2565/4160 F1 (61.6587%)


Val set: Average loss: 2.4139, Accuracy: 118/192 F1 (61.4583%)

Patience Reset, Counter is: 0
best acc test 61.658654  acc val 61.458333 acc labeled target 95.897436
saving model...
S Product T Real Train Ep: 4100 lr0.007728330130142108 	 Loss Classification: 0.092212 Loss T 0.028548 Method MME

S Product T Real Train Ep: 4200 lr0.007687475447329114 	 Loss Classification: 0.032114 Loss T 0.026833 Method MME

S Product T Real Train Ep: 4300 lr0.0076471211732427845 	 Loss Classification: 0.024829 Loss T 0.039346 Method MME

S Product T Real Train Ep: 4400 lr0.007607257743127307 	 Loss Classification: 0.038788 Loss T 0.038529 Method MME

S Product T Real Train Ep: 4500 lr0.007567875839805858 	 Loss Classification: 0.021552 Loss T 0.027135 Method MME

32
32
32
32
32
32
32
tensor(585.)

Labeled Target set: Average loss: 0.0995, Accuracy: 567/585 F1 (96.9231%)


Test set: Average loss: 2.5761, Accuracy: 2588/4160 F1 (62.2115%)


Val set: Average loss: 2.5069, Accuracy: 119/192 F1 (61.9792%)

Patience Reset, Counter is: 0
best acc test 62.211538  acc val 61.979167 acc labeled target 96.923077
saving model...
S Product T Real Train Ep: 4600 lr0.007528966385618854 	 Loss Classification: 0.074188 Loss T 0.034978 Method MME

S Product T Real Train Ep: 4700 lr0.007490520534677821 	 Loss Classification: 0.154146 Loss T 0.030903 Method MME

S Product T Real Train Ep: 4800 lr0.007452529665420465 	 Loss Classification: 0.098709 Loss T 0.028768 Method MME

S Product T Real Train Ep: 4900 lr0.007414985373453289 	 Loss Classification: 0.041403 Loss T 0.024143 Method MME

Per Class Accuracy Calculated According to the Labelled Target examples is:  [1.        1.        1.        1.        1.        1.        1.
 1.        1.        1.        0.8888889 1.        0.8888889 1.
 0.7777778 0.8888889 1.        1.        1.        1.        1.
 1.        1.        0.8888889 1.        1.        1.        1.
 1.        1.        1.        0.8888889 0.8888889 1.        0.7777778
 1.        1.        0.8888889 1.        1.        0.8888889 1.
 1.        1.        0.8888889 1.        0.8888889 0.8888889 1.
 1.        1.        1.        1.        0.8888889 1.        1.
 1.        1.        1.        1.        1.        0.8888889 0.8888889
 1.        1.       ]
Top k classes which perform poorly are:  [34, 14, 37, 31, 40, 44, 23, 46, 47, 15, 12, 32, 10, 62, 61, 53, 38, 39, 60, 41, 42, 43, 59, 58, 57, 56, 48, 49, 36, 51, 55, 54, 52, 45, 50, 0, 33, 1, 2, 3, 4, 5, 6, 7, 8, 9, 11, 13, 16, 35, 17, 19, 20, 21, 22, 24, 25, 26, 27, 28, 29, 30, 63, 18, 64]
Per cls weights according to the accuracy are:  tensor([1.1839, 1.1839, 1.1839, 1.1839, 1.1839, 1.1839, 1.1839, 1.1839, 1.1839,
        1.1839, 1.2056, 1.1839, 1.2056, 1.1839, 1.2297, 1.2056, 1.1839, 1.1839,
        1.1839, 1.1839, 1.1839, 1.1839, 1.1839, 1.2056, 1.1839, 1.1839, 1.1839,
        1.1839, 1.1839, 1.1839, 1.1839, 1.2056, 1.2056, 1.1839, 1.2297, 1.1839,
        1.1839, 1.2056, 1.1839, 1.1839, 1.2056, 1.1839, 1.1839, 1.1839, 1.2056,
        1.1839, 1.2056, 1.2056, 1.1839, 1.1839, 1.1839, 1.1839, 1.1839, 1.2056,
        1.1839, 1.1839, 1.1839, 1.1839, 1.1839, 1.1839, 1.1839, 1.2056, 1.2056,
        1.1839, 1.1839])
0
1
2
3
4
5
6
7
8
9
10
11
12
13
14
15
16
17
18
19
20
21
22
23
24
25
26
27
28
29
30
31
32
33
34
35
36
37
38
39
40
41
42
43
44
45
46
47
48
49
50
51
52
53
54
55
56
57
58
59
60
61
62
63
64
65
66
67
68
69
70
71
72
73
74
75
76
77
78
79
80
81
82
83
84
85
86
87
88
89
90
91
92
93
94
95
96
97
98
99
100
101
102
103
104
105
106
107
108
109
110
111
112
113
114
115
116
117
118
119
120
121
122
123
124
125
126
127
128
129
130
131
132
133
134
135
136
137
138
139
140
141
142
143
144
145
146
147
148
149
150
151
152
153
154
155
156
157
158
159
160
161
162
163
164
165
166
167
168
169
170
171
172
173
174
175
176
177
178
179
180
181
182
183
184
185
186
187
188
189
190
191
192
193
194
Per cls weights according to the accuracy are:  tensor([0.8161, 0.8161, 0.8161, 0.8161, 0.8161, 0.8161, 0.8161, 0.8161, 0.8161,
        0.8161, 0.7944, 0.8161, 0.7944, 0.8161, 0.7703, 0.7944, 0.8161, 0.8161,
        0.8161, 0.8161, 0.8161, 0.8161, 0.8161, 0.7944, 0.8161, 0.8161, 0.8161,
        0.8161, 0.8161, 0.8161, 0.8161, 0.7944, 0.7944, 0.8161, 0.7703, 0.8161,
        0.8161, 0.7944, 0.8161, 0.8161, 0.7944, 0.8161, 0.8161, 0.8161, 0.7944,
        0.8161, 0.7944, 0.7944, 0.8161, 0.8161, 0.8161, 0.8161, 0.8161, 0.7944,
        0.8161, 0.8161, 0.8161, 0.8161, 0.8161, 0.8161, 0.8161, 0.7944, 0.7944,
        0.8161, 0.8161])
0
1
2
3
4
5
6
7
8
9
10
11
12
13
14
15
16
17
18
19
20
21
22
23
24
25
26
27
28
29
30
31
32
33
34
35
36
37
38
39
40
41
42
43
44
45
46
47
48
49
50
51
52
53
54
55
56
57
58
59
60
61
62
63
64
65
66
67
68
69
70
71
72
73
74
75
76
77
78
79
80
81
82
83
84
85
86
87
88
89
90
91
92
93
94
95
96
97
98
99
100
101
102
103
104
105
106
107
108
109
110
111
112
113
114
115
116
117
118
119
120
121
122
123
124
125
126
127
128
129
130
131
132
133
134
135
136
137
138
139
140
141
142
143
144
145
146
147
148
149
150
151
152
153
154
155
156
157
158
159
160
161
162
163
164
165
166
167
168
169
170
171
172
173
174
175
176
177
178
179
180
181
182
183
184
185
186
187
188
189
190
191
192
193
194
Assigned Classwise weights to source
S Product T Real Train Ep: 5000 lr0.007377879464668811 	 Loss Classification: 0.027452 Loss T 0.030954 Method MME

32
32
32
32
32
32
32
tensor(585.)

Labeled Target set: Average loss: 0.0722, Accuracy: 576/585 F1 (98.4615%)


Test set: Average loss: 2.6965, Accuracy: 2604/4160 F1 (62.5962%)


Val set: Average loss: 2.6413, Accuracy: 117/192 F1 (60.9375%)

Patience getting saturated, current counter is:  0
best acc test 62.211538  acc val 60.937500 acc labeled target 98.461538
saving model...
S Product T Real Train Ep: 5100 lr0.007341203948625087 	 Loss Classification: 0.043581 Loss T 0.024003 Method MME

S Product T Real Train Ep: 5200 lr0.007304951032175895 	 Loss Classification: 0.018788 Loss T 0.023664 Method MME

S Product T Real Train Ep: 5300 lr0.007269113113340497 	 Loss Classification: 0.039800 Loss T 0.017347 Method MME

S Product T Real Train Ep: 5400 lr0.007233682775402483 	 Loss Classification: 0.011781 Loss T 0.019764 Method MME

S Product T Real Train Ep: 5500 lr0.007198652781227704 	 Loss Classification: 0.011769 Loss T 0.021506 Method MME

32
32
32
32
32
32
32
tensor(585.)

Labeled Target set: Average loss: 0.0890, Accuracy: 570/585 F1 (97.4359%)


Test set: Average loss: 2.7921, Accuracy: 2610/4160 F1 (62.7404%)


Val set: Average loss: 2.7737, Accuracy: 118/192 F1 (61.4583%)

Patience getting saturated, current counter is:  1
best acc test 62.211538  acc val 61.458333 acc labeled target 97.435897
saving model...
S Product T Real Train Ep: 5600 lr0.007164016067791809 	 Loss Classification: 0.015313 Loss T 0.032235 Method MME

S Product T Real Train Ep: 5700 lr0.0071297657409083726 	 Loss Classification: 0.034056 Loss T 0.030855 Method MME

S Product T Real Train Ep: 5800 lr0.0070958950701490225 	 Loss Classification: 0.040547 Loss T 0.026412 Method MME

S Product T Real Train Ep: 5900 lr0.007062397483947426 	 Loss Classification: 0.006328 Loss T 0.019921 Method MME

Per Class Accuracy Calculated According to the Labelled Target examples is:  [1.        1.        1.        1.        1.        1.        1.
 1.        1.        1.        0.8888889 1.        1.        0.8888889
 1.        0.8888889 0.8888889 0.8888889 1.        1.        0.8888889
 1.        1.        1.        1.        1.        1.        1.
 1.        1.        1.        1.        0.8888889 1.        0.8888889
 0.8888889 0.8888889 1.        1.        1.        1.        1.
 1.        1.        1.        1.        1.        1.        1.
 1.        0.8888889 1.        1.        1.        1.        1.
 0.8888889 0.8888889 1.        1.        1.        0.8888889 1.
 0.8888889 1.       ]
Top k classes which perform poorly are:  [32, 34, 63, 20, 35, 17, 16, 15, 13, 10, 50, 36, 61, 56, 57, 62, 37, 38, 39, 40, 41, 42, 43, 44, 53, 54, 47, 48, 60, 49, 59, 58, 51, 55, 52, 45, 46, 0, 31, 1, 2, 3, 4, 5, 6, 7, 8, 9, 11, 12, 33, 14, 19, 21, 22, 23, 24, 25, 26, 27, 28, 29, 30, 18, 64]
Per cls weights according to the accuracy are:  tensor([1.1839, 1.1839, 1.1839, 1.1839, 1.1839, 1.1839, 1.1839, 1.1839, 1.1839,
        1.1839, 1.2056, 1.1839, 1.1839, 1.2056, 1.1839, 1.2056, 1.2056, 1.2056,
        1.1839, 1.1839, 1.2056, 1.1839, 1.1839, 1.1839, 1.1839, 1.1839, 1.1839,
        1.1839, 1.1839, 1.1839, 1.1839, 1.1839, 1.2056, 1.1839, 1.2056, 1.2056,
        1.2056, 1.1839, 1.1839, 1.1839, 1.1839, 1.1839, 1.1839, 1.1839, 1.1839,
        1.1839, 1.1839, 1.1839, 1.1839, 1.1839, 1.2056, 1.1839, 1.1839, 1.1839,
        1.1839, 1.1839, 1.2056, 1.2056, 1.1839, 1.1839, 1.1839, 1.2056, 1.1839,
        1.2056, 1.1839])
0
1
2
3
4
5
6
7
8
9
10
11
12
13
14
15
16
17
18
19
20
21
22
23
24
25
26
27
28
29
30
31
32
33
34
35
36
37
38
39
40
41
42
43
44
45
46
47
48
49
50
51
52
53
54
55
56
57
58
59
60
61
62
63
64
65
66
67
68
69
70
71
72
73
74
75
76
77
78
79
80
81
82
83
84
85
86
87
88
89
90
91
92
93
94
95
96
97
98
99
100
101
102
103
104
105
106
107
108
109
110
111
112
113
114
115
116
117
118
119
120
121
122
123
124
125
126
127
128
129
130
131
132
133
134
135
136
137
138
139
140
141
142
143
144
145
146
147
148
149
150
151
152
153
154
155
156
157
158
159
160
161
162
163
164
165
166
167
168
169
170
171
172
173
174
175
176
177
178
179
180
181
182
183
184
185
186
187
188
189
190
191
192
193
194
Per cls weights according to the accuracy are:  tensor([0.8161, 0.8161, 0.8161, 0.8161, 0.8161, 0.8161, 0.8161, 0.8161, 0.8161,
        0.8161, 0.7944, 0.8161, 0.8161, 0.7944, 0.8161, 0.7944, 0.7944, 0.7944,
        0.8161, 0.8161, 0.7944, 0.8161, 0.8161, 0.8161, 0.8161, 0.8161, 0.8161,
        0.8161, 0.8161, 0.8161, 0.8161, 0.8161, 0.7944, 0.8161, 0.7944, 0.7944,
        0.7944, 0.8161, 0.8161, 0.8161, 0.8161, 0.8161, 0.8161, 0.8161, 0.8161,
        0.8161, 0.8161, 0.8161, 0.8161, 0.8161, 0.7944, 0.8161, 0.8161, 0.8161,
        0.8161, 0.8161, 0.7944, 0.7944, 0.8161, 0.8161, 0.8161, 0.7944, 0.8161,
        0.7944, 0.8161])
0
1
2
3
4
5
6
7
8
9
10
11
12
13
14
15
16
17
18
19
20
21
22
23
24
25
26
27
28
29
30
31
32
33
34
35
36
37
38
39
40
41
42
43
44
45
46
47
48
49
50
51
52
53
54
55
56
57
58
59
60
61
62
63
64
65
66
67
68
69
70
71
72
73
74
75
76
77
78
79
80
81
82
83
84
85
86
87
88
89
90
91
92
93
94
95
96
97
98
99
100
101
102
103
104
105
106
107
108
109
110
111
112
113
114
115
116
117
118
119
120
121
122
123
124
125
126
127
128
129
130
131
132
133
134
135
136
137
138
139
140
141
142
143
144
145
146
147
148
149
150
151
152
153
154
155
156
157
158
159
160
161
162
163
164
165
166
167
168
169
170
171
172
173
174
175
176
177
178
179
180
181
182
183
184
185
186
187
188
189
190
191
192
193
194
Assigned Classwise weights to source
S Product T Real Train Ep: 6000 lr0.007029266564879363 	 Loss Classification: 0.018697 Loss T 0.021229 Method MME

32
32
32
32
32
32
32
tensor(585.)

Labeled Target set: Average loss: 0.1393, Accuracy: 564/585 F1 (96.4103%)


Test set: Average loss: 2.9613, Accuracy: 2605/4160 F1 (62.6202%)


Val set: Average loss: 2.7955, Accuracy: 117/192 F1 (60.9375%)

Patience getting saturated, current counter is:  2
best acc test 62.211538  acc val 60.937500 acc labeled target 96.410256
saving model...
S Product T Real Train Ep: 6100 lr0.006996496045111504 	 Loss Classification: 0.054682 Loss T 0.017178 Method MME

S Product T Real Train Ep: 6200 lr0.00696407980201184 	 Loss Classification: 0.066207 Loss T 0.022093 Method MME

S Product T Real Train Ep: 6300 lr0.006932011853915101 	 Loss Classification: 0.027070 Loss T 0.017922 Method MME

S Product T Real Train Ep: 6400 lr0.006900286356036734 	 Loss Classification: 0.012872 Loss T 0.015835 Method MME

S Product T Real Train Ep: 6500 lr0.006868897596529406 	 Loss Classification: 0.009550 Loss T 0.012973 Method MME

32
32
32
32
32
32
32
tensor(585.)

Labeled Target set: Average loss: 0.2203, Accuracy: 562/585 F1 (96.0684%)


Test set: Average loss: 3.1011, Accuracy: 2592/4160 F1 (62.3077%)


Val set: Average loss: 3.0009, Accuracy: 118/192 F1 (61.4583%)

Patience getting saturated, current counter is:  3
best acc test 62.211538  acc val 61.458333 acc labeled target 96.068376
saving model...
S Product T Real Train Ep: 6600 lr0.006837839992676177 	 Loss Classification: 0.015805 Loss T 0.011459 Method MME

S Product T Real Train Ep: 6700 lr0.006807108087214876 	 Loss Classification: 0.023691 Loss T 0.016035 Method MME

S Product T Real Train Ep: 6800 lr0.006776696544788352 	 Loss Classification: 0.012661 Loss T 0.017672 Method MME

S Product T Real Train Ep: 6900 lr0.006746600148515609 	 Loss Classification: 0.032047 Loss T 0.014312 Method MME

Per Class Accuracy Calculated According to the Labelled Target examples is:  [0.8888889 1.        1.        1.        1.        0.8888889 0.8888889
 1.        0.8888889 1.        0.8888889 0.8888889 1.        0.8888889
 1.        1.        1.        0.8888889 1.        1.        1.
 0.8888889 1.        1.        0.8888889 1.        0.8888889 1.
 0.8888889 1.        1.        0.8888889 1.        0.8888889 0.8888889
 1.        1.        1.        1.        1.        1.        1.
 0.7777778 0.7777778 1.        0.8888889 1.        1.        0.8888889
 1.        0.8888889 1.        1.        1.        1.        1.
 1.        1.        1.        1.        0.8888889 1.        1.
 1.        1.       ]
Top k classes which perform poorly are:  [42, 43, 0, 21, 50, 26, 17, 28, 45, 13, 48, 31, 10, 8, 33, 6, 5, 34, 60, 11, 24, 44, 46, 41, 47, 51, 40, 52, 53, 54, 55, 56, 57, 58, 59, 61, 62, 49, 39, 32, 37, 1, 2, 3, 4, 7, 9, 12, 14, 15, 16, 38, 18, 20, 22, 23, 25, 27, 29, 30, 63, 35, 36, 19, 64]
Per cls weights according to the accuracy are:  tensor([1.2056, 1.1839, 1.1839, 1.1839, 1.1839, 1.2056, 1.2056, 1.1839, 1.2056,
        1.1839, 1.2056, 1.2056, 1.1839, 1.2056, 1.1839, 1.1839, 1.1839, 1.2056,
        1.1839, 1.1839, 1.1839, 1.2056, 1.1839, 1.1839, 1.2056, 1.1839, 1.2056,
        1.1839, 1.2056, 1.1839, 1.1839, 1.2056, 1.1839, 1.2056, 1.2056, 1.1839,
        1.1839, 1.1839, 1.1839, 1.1839, 1.1839, 1.1839, 1.2297, 1.2297, 1.1839,
        1.2056, 1.1839, 1.1839, 1.2056, 1.1839, 1.2056, 1.1839, 1.1839, 1.1839,
        1.1839, 1.1839, 1.1839, 1.1839, 1.1839, 1.1839, 1.2056, 1.1839, 1.1839,
        1.1839, 1.1839])
0
1
2
3
4
5
6
7
8
9
10
11
12
13
14
15
16
17
18
19
20
21
22
23
24
25
26
27
28
29
30
31
32
33
34
35
36
37
38
39
40
41
42
43
44
45
46
47
48
49
50
51
52
53
54
55
56
57
58
59
60
61
62
63
64
65
66
67
68
69
70
71
72
73
74
75
76
77
78
79
80
81
82
83
84
85
86
87
88
89
90
91
92
93
94
95
96
97
98
99
100
101
102
103
104
105
106
107
108
109
110
111
112
113
114
115
116
117
118
119
120
121
122
123
124
125
126
127
128
129
130
131
132
133
134
135
136
137
138
139
140
141
142
143
144
145
146
147
148
149
150
151
152
153
154
155
156
157
158
159
160
161
162
163
164
165
166
167
168
169
170
171
172
173
174
175
176
177
178
179
180
181
182
183
184
185
186
187
188
189
190
191
192
193
194
Per cls weights according to the accuracy are:  tensor([0.7944, 0.8161, 0.8161, 0.8161, 0.8161, 0.7944, 0.7944, 0.8161, 0.7944,
        0.8161, 0.7944, 0.7944, 0.8161, 0.7944, 0.8161, 0.8161, 0.8161, 0.7944,
        0.8161, 0.8161, 0.8161, 0.7944, 0.8161, 0.8161, 0.7944, 0.8161, 0.7944,
        0.8161, 0.7944, 0.8161, 0.8161, 0.7944, 0.8161, 0.7944, 0.7944, 0.8161,
        0.8161, 0.8161, 0.8161, 0.8161, 0.8161, 0.8161, 0.7703, 0.7703, 0.8161,
        0.7944, 0.8161, 0.8161, 0.7944, 0.8161, 0.7944, 0.8161, 0.8161, 0.8161,
        0.8161, 0.8161, 0.8161, 0.8161, 0.8161, 0.8161, 0.7944, 0.8161, 0.8161,
        0.8161, 0.8161])
0
1
2
3
4
5
6
7
8
9
10
11
12
13
14
15
16
17
18
19
20
21
22
23
24
25
26
27
28
29
30
31
32
33
34
35
36
37
38
39
40
41
42
43
44
45
46
47
48
49
50
51
52
53
54
55
56
57
58
59
60
61
62
63
64
65
66
67
68
69
70
71
72
73
74
75
76
77
78
79
80
81
82
83
84
85
86
87
88
89
90
91
92
93
94
95
96
97
98
99
100
101
102
103
104
105
106
107
108
109
110
111
112
113
114
115
116
117
118
119
120
121
122
123
124
125
126
127
128
129
130
131
132
133
134
135
136
137
138
139
140
141
142
143
144
145
146
147
148
149
150
151
152
153
154
155
156
157
158
159
160
161
162
163
164
165
166
167
168
169
170
171
172
173
174
175
176
177
178
179
180
181
182
183
184
185
186
187
188
189
190
191
192
193
194
Assigned Classwise weights to source
S Product T Real Train Ep: 7000 lr0.006716813796678979 	 Loss Classification: 0.007506 Loss T 0.021103 Method MME

32
32
32
32
32
32
32
tensor(585.)

Labeled Target set: Average loss: 0.1129, Accuracy: 565/585 F1 (96.5812%)


Test set: Average loss: 3.1935, Accuracy: 2601/4160 F1 (62.5240%)


Val set: Average loss: 3.0146, Accuracy: 118/192 F1 (61.4583%)

Patience getting saturated, current counter is:  4
best acc test 62.211538  acc val 61.458333 acc labeled target 96.581197
saving model...
S Product T Real Train Ep: 7100 lr0.006687332499522798 	 Loss Classification: 0.021518 Loss T 0.011204 Method MME

S Product T Real Train Ep: 7200 lr0.006658151376159165 	 Loss Classification: 0.017138 Loss T 0.015900 Method MME

S Product T Real Train Ep: 7300 lr0.00662926565157663 	 Loss Classification: 0.041744 Loss T 0.010331 Method MME

S Product T Real Train Ep: 7400 lr0.006600670653747793 	 Loss Classification: 0.015825 Loss T 0.014227 Method MME

S Product T Real Train Ep: 7500 lr0.0065723618108320175 	 Loss Classification: 0.107599 Loss T 0.016081 Method MME

32
32
32
32
32
32
32
tensor(585.)

Labeled Target set: Average loss: 0.0987, Accuracy: 568/585 F1 (97.0940%)


Test set: Average loss: 3.3032, Accuracy: 2611/4160 F1 (62.7644%)


Val set: Average loss: 3.2945, Accuracy: 119/192 F1 (61.9792%)

Patience Reset, Counter is: 5
best acc test 62.764423  acc val 61.979167 acc labeled target 97.094017
saving model...
S Product T Real Train Ep: 7600 lr0.006544334648469591 	 Loss Classification: 0.012331 Loss T 0.011137 Method MME

S Product T Real Train Ep: 7700 lr0.006516584787163857 	 Loss Classification: 0.030259 Loss T 0.009874 Method MME

S Product T Real Train Ep: 7800 lr0.006489107939747966 	 Loss Classification: 0.015708 Loss T 0.015644 Method MME

S Product T Real Train Ep: 7900 lr0.0064618999089330565 	 Loss Classification: 0.022682 Loss T 0.024634 Method MME

Per Class Accuracy Calculated According to the Labelled Target examples is:  [1.        1.        1.        1.        1.        0.8888889 1.
 1.        1.        1.        1.        1.        0.7777778 0.8888889
 1.        1.        1.        0.7777778 1.        0.8888889 1.
 1.        1.        0.8888889 1.        1.        0.7777778 1.
 1.        1.        0.8888889 1.        1.        1.        0.8888889
 1.        0.8888889 1.        1.        0.8888889 0.8888889 1.
 1.        1.        1.        1.        1.        1.        1.
 1.        1.        1.        1.        1.        1.        1.
 1.        1.        0.8888889 0.8888889 1.        1.        1.
 1.        1.       ]
Top k classes which perform poorly are:  [17, 12, 26, 36, 34, 23, 39, 59, 5, 58, 40, 30, 19, 13, 45, 42, 43, 41, 38, 44, 46, 0, 48, 37, 50, 51, 52, 53, 54, 55, 56, 57, 60, 61, 62, 47, 49, 32, 33, 1, 2, 3, 4, 6, 7, 8, 9, 10, 11, 14, 35, 15, 18, 20, 21, 22, 24, 25, 27, 28, 29, 31, 63, 16, 64]
Per cls weights according to the accuracy are:  tensor([1.1839, 1.1839, 1.1839, 1.1839, 1.1839, 1.2056, 1.1839, 1.1839, 1.1839,
        1.1839, 1.1839, 1.1839, 1.2297, 1.2056, 1.1839, 1.1839, 1.1839, 1.2297,
        1.1839, 1.2056, 1.1839, 1.1839, 1.1839, 1.2056, 1.1839, 1.1839, 1.2297,
        1.1839, 1.1839, 1.1839, 1.2056, 1.1839, 1.1839, 1.1839, 1.2056, 1.1839,
        1.2056, 1.1839, 1.1839, 1.2056, 1.2056, 1.1839, 1.1839, 1.1839, 1.1839,
        1.1839, 1.1839, 1.1839, 1.1839, 1.1839, 1.1839, 1.1839, 1.1839, 1.1839,
        1.1839, 1.1839, 1.1839, 1.1839, 1.2056, 1.2056, 1.1839, 1.1839, 1.1839,
        1.1839, 1.1839])
0
1
2
3
4
5
6
7
8
9
10
11
12
13
14
15
16
17
18
19
20
21
22
23
24
25
26
27
28
29
30
31
32
33
34
35
36
37
38
39
40
41
42
43
44
45
46
47
48
49
50
51
52
53
54
55
56
57
58
59
60
61
62
63
64
65
66
67
68
69
70
71
72
73
74
75
76
77
78
79
80
81
82
83
84
85
86
87
88
89
90
91
92
93
94
95
96
97
98
99
100
101
102
103
104
105
106
107
108
109
110
111
112
113
114
115
116
117
118
119
120
121
122
123
124
125
126
127
128
129
130
131
132
133
134
135
136
137
138
139
140
141
142
143
144
145
146
147
148
149
150
151
152
153
154
155
156
157
158
159
160
161
162
163
164
165
166
167
168
169
170
171
172
173
174
175
176
177
178
179
180
181
182
183
184
185
186
187
188
189
190
191
192
193
194
Per cls weights according to the accuracy are:  tensor([0.8161, 0.8161, 0.8161, 0.8161, 0.8161, 0.7944, 0.8161, 0.8161, 0.8161,
        0.8161, 0.8161, 0.8161, 0.7703, 0.7944, 0.8161, 0.8161, 0.8161, 0.7703,
        0.8161, 0.7944, 0.8161, 0.8161, 0.8161, 0.7944, 0.8161, 0.8161, 0.7703,
        0.8161, 0.8161, 0.8161, 0.7944, 0.8161, 0.8161, 0.8161, 0.7944, 0.8161,
        0.7944, 0.8161, 0.8161, 0.7944, 0.7944, 0.8161, 0.8161, 0.8161, 0.8161,
        0.8161, 0.8161, 0.8161, 0.8161, 0.8161, 0.8161, 0.8161, 0.8161, 0.8161,
        0.8161, 0.8161, 0.8161, 0.8161, 0.7944, 0.7944, 0.8161, 0.8161, 0.8161,
        0.8161, 0.8161])
0
1
2
3
4
5
6
7
8
9
10
11
12
13
14
15
16
17
18
19
20
21
22
23
24
25
26
27
28
29
30
31
32
33
34
35
36
37
38
39
40
41
42
43
44
45
46
47
48
49
50
51
52
53
54
55
56
57
58
59
60
61
62
63
64
65
66
67
68
69
70
71
72
73
74
75
76
77
78
79
80
81
82
83
84
85
86
87
88
89
90
91
92
93
94
95
96
97
98
99
100
101
102
103
104
105
106
107
108
109
110
111
112
113
114
115
116
117
118
119
120
121
122
123
124
125
126
127
128
129
130
131
132
133
134
135
136
137
138
139
140
141
142
143
144
145
146
147
148
149
150
151
152
153
154
155
156
157
158
159
160
161
162
163
164
165
166
167
168
169
170
171
172
173
174
175
176
177
178
179
180
181
182
183
184
185
186
187
188
189
190
191
192
193
194
Assigned Classwise weights to source
S Product T Real Train Ep: 8000 lr0.006434956584934828 	 Loss Classification: 0.032756 Loss T 0.007788 Method MME

32
32
32
32
32
32
32
tensor(585.)

Labeled Target set: Average loss: 0.1720, Accuracy: 569/585 F1 (97.2650%)


Test set: Average loss: 3.3093, Accuracy: 2606/4160 F1 (62.6442%)


Val set: Average loss: 3.2161, Accuracy: 118/192 F1 (61.4583%)

Patience getting saturated, current counter is:  0
best acc test 62.764423  acc val 61.458333 acc labeled target 97.264957
saving model...
S Product T Real Train Ep: 8100 lr0.006408273943175546 	 Loss Classification: 0.125516 Loss T 0.007089 Method MME

S Product T Real Train Ep: 8200 lr0.006381848042058713 	 Loss Classification: 0.118702 Loss T 0.007340 Method MME

S Product T Real Train Ep: 8300 lr0.0063556750208137005 	 Loss Classification: 0.059702 Loss T 0.009557 Method MME

S Product T Real Train Ep: 8400 lr0.006329751097407787 	 Loss Classification: 0.022177 Loss T 0.009220 Method MME

S Product T Real Train Ep: 8500 lr0.0063040725665231365 	 Loss Classification: 0.100347 Loss T 0.009450 Method MME

32
32
32
32
32
32
32
tensor(585.)

Labeled Target set: Average loss: 0.0860, Accuracy: 566/585 F1 (96.7521%)


Test set: Average loss: 3.4107, Accuracy: 2601/4160 F1 (62.5240%)


Val set: Average loss: 3.3175, Accuracy: 117/192 F1 (60.9375%)

Patience getting saturated, current counter is:  1
best acc test 62.764423  acc val 60.937500 acc labeled target 96.752137
saving model...
S Product T Real Train Ep: 8600 lr0.006278635797596355 	 Loss Classification: 0.129542 Loss T 0.011303 Method MME

S Product T Real Train Ep: 8700 lr0.006253437232918371 	 Loss Classification: 0.042824 Loss T 0.009115 Method MME

S Product T Real Train Ep: 8800 lr0.0062284733857924735 	 Loss Classification: 0.023497 Loss T 0.007760 Method MME

S Product T Real Train Ep: 8900 lr0.006203740838748417 	 Loss Classification: 0.014632 Loss T 0.009950 Method MME

Per Class Accuracy Calculated According to the Labelled Target examples is:  [1.        1.        1.        1.        1.        1.        0.8888889
 1.        1.        1.        1.        1.        0.8888889 0.8888889
 1.        0.7777778 1.        1.        1.        0.8888889 1.
 1.        1.        1.        1.        1.        0.8888889 1.
 1.        1.        1.        0.8888889 1.        0.8888889 0.8888889
 1.        1.        1.        1.        1.        0.7777778 1.
 1.        0.8888889 1.        1.        1.        1.        1.
 1.        1.        1.        0.8888889 1.        1.        1.
 0.8888889 0.8888889 1.        0.8888889 0.8888889 1.        1.
 0.8888889 1.       ]
Top k classes which perform poorly are:  [40, 15, 52, 13, 12, 19, 43, 31, 56, 6, 63, 59, 60, 33, 34, 57, 26, 0, 41, 44, 39, 42, 45, 49, 47, 48, 38, 50, 51, 53, 54, 55, 58, 61, 62, 46, 37, 32, 35, 1, 2, 3, 4, 5, 7, 8, 9, 10, 11, 14, 36, 16, 18, 20, 21, 22, 23, 24, 25, 27, 28, 29, 30, 17, 64]
Per cls weights according to the accuracy are:  tensor([1.1839, 1.1839, 1.1839, 1.1839, 1.1839, 1.1839, 1.2056, 1.1839, 1.1839,
        1.1839, 1.1839, 1.1839, 1.2056, 1.2056, 1.1839, 1.2297, 1.1839, 1.1839,
        1.1839, 1.2056, 1.1839, 1.1839, 1.1839, 1.1839, 1.1839, 1.1839, 1.2056,
        1.1839, 1.1839, 1.1839, 1.1839, 1.2056, 1.1839, 1.2056, 1.2056, 1.1839,
        1.1839, 1.1839, 1.1839, 1.1839, 1.2297, 1.1839, 1.1839, 1.2056, 1.1839,
        1.1839, 1.1839, 1.1839, 1.1839, 1.1839, 1.1839, 1.1839, 1.2056, 1.1839,
        1.1839, 1.1839, 1.2056, 1.2056, 1.1839, 1.2056, 1.2056, 1.1839, 1.1839,
        1.2056, 1.1839])
0
1
2
3
4
5
6
7
8
9
10
11
12
13
14
15
16
17
18
19
20
21
22
23
24
25
26
27
28
29
30
31
32
33
34
35
36
37
38
39
40
41
42
43
44
45
46
47
48
49
50
51
52
53
54
55
56
57
58
59
60
61
62
63
64
65
66
67
68
69
70
71
72
73
74
75
76
77
78
79
80
81
82
83
84
85
86
87
88
89
90
91
92
93
94
95
96
97
98
99
100
101
102
103
104
105
106
107
108
109
110
111
112
113
114
115
116
117
118
119
120
121
122
123
124
125
126
127
128
129
130
131
132
133
134
135
136
137
138
139
140
141
142
143
144
145
146
147
148
149
150
151
152
153
154
155
156
157
158
159
160
161
162
163
164
165
166
167
168
169
170
171
172
173
174
175
176
177
178
179
180
181
182
183
184
185
186
187
188
189
190
191
192
193
194
Per cls weights according to the accuracy are:  tensor([0.8161, 0.8161, 0.8161, 0.8161, 0.8161, 0.8161, 0.7944, 0.8161, 0.8161,
        0.8161, 0.8161, 0.8161, 0.7944, 0.7944, 0.8161, 0.7703, 0.8161, 0.8161,
        0.8161, 0.7944, 0.8161, 0.8161, 0.8161, 0.8161, 0.8161, 0.8161, 0.7944,
        0.8161, 0.8161, 0.8161, 0.8161, 0.7944, 0.8161, 0.7944, 0.7944, 0.8161,
        0.8161, 0.8161, 0.8161, 0.8161, 0.7703, 0.8161, 0.8161, 0.7944, 0.8161,
        0.8161, 0.8161, 0.8161, 0.8161, 0.8161, 0.8161, 0.8161, 0.7944, 0.8161,
        0.8161, 0.8161, 0.7944, 0.7944, 0.8161, 0.7944, 0.7944, 0.8161, 0.8161,
        0.7944, 0.8161])
0
1
2
3
4
5
6
7
8
9
10
11
12
13
14
15
16
17
18
19
20
21
22
23
24
25
26
27
28
29
30
31
32
33
34
35
36
37
38
39
40
41
42
43
44
45
46
47
48
49
50
51
52
53
54
55
56
57
58
59
60
61
62
63
64
65
66
67
68
69
70
71
72
73
74
75
76
77
78
79
80
81
82
83
84
85
86
87
88
89
90
91
92
93
94
95
96
97
98
99
100
101
102
103
104
105
106
107
108
109
110
111
112
113
114
115
116
117
118
119
120
121
122
123
124
125
126
127
128
129
130
131
132
133
134
135
136
137
138
139
140
141
142
143
144
145
146
147
148
149
150
151
152
153
154
155
156
157
158
159
160
161
162
163
164
165
166
167
168
169
170
171
172
173
174
175
176
177
178
179
180
181
182
183
184
185
186
187
188
189
190
191
192
193
194
Assigned Classwise weights to source
S Product T Real Train Ep: 9000 lr0.006179236241810624 	 Loss Classification: 0.077836 Loss T 0.005899 Method MME

32
32
32
32
32
32
32
tensor(585.)

Labeled Target set: Average loss: 0.1352, Accuracy: 567/585 F1 (96.9231%)


Test set: Average loss: 3.4986, Accuracy: 2609/4160 F1 (62.7163%)


Val set: Average loss: 3.3811, Accuracy: 117/192 F1 (60.9375%)

Patience getting saturated, current counter is:  2
best acc test 62.764423  acc val 60.937500 acc labeled target 96.923077
saving model...
S Product T Real Train Ep: 9100 lr0.006154956310818535 	 Loss Classification: 0.020133 Loss T 0.004709 Method MME

S Product T Real Train Ep: 9200 lr0.0061308978257973165 	 Loss Classification: 0.046049 Loss T 0.007793 Method MME

S Product T Real Train Ep: 9300 lr0.0061070576293771285 	 Loss Classification: 0.016415 Loss T 0.006786 Method MME

S Product T Real Train Ep: 9400 lr0.006083432625259276 	 Loss Classification: 0.046995 Loss T 0.008258 Method MME

S Product T Real Train Ep: 9500 lr0.006060019776727621 	 Loss Classification: 0.021339 Loss T 0.007734 Method MME

32
32
32
32
32
32
32
tensor(585.)

Labeled Target set: Average loss: 0.0844, Accuracy: 569/585 F1 (97.2650%)


Test set: Average loss: 3.5904, Accuracy: 2610/4160 F1 (62.7404%)


Val set: Average loss: 3.4486, Accuracy: 117/192 F1 (60.9375%)

Patience getting saturated, current counter is:  3
best acc test 62.764423  acc val 60.937500 acc labeled target 97.264957
saving model...
S Product T Real Train Ep: 9600 lr0.00603681610520369 	 Loss Classification: 0.026450 Loss T 0.008268 Method MME

S Product T Real Train Ep: 9700 lr0.0060138186888439825 	 Loss Classification: 0.012927 Loss T 0.004199 Method MME

S Product T Real Train Ep: 9800 lr0.005991024661178045 	 Loss Classification: 0.022847 Loss T 0.006257 Method MME

S Product T Real Train Ep: 9900 lr0.0059684312097859115 	 Loss Classification: 0.005512 Loss T 0.005995 Method MME

Per Class Accuracy Calculated According to the Labelled Target examples is:  [1.        1.        1.        1.        1.        1.        1.
 1.        1.        1.        1.        1.        1.        0.8888889
 1.        1.        0.8888889 1.        1.        1.        0.8888889
 1.        1.        1.        1.        1.        1.        1.
 1.        1.        1.        1.        1.        1.        1.
 0.8888889 1.        1.        1.        1.        1.        1.
 1.        1.        1.        0.7777778 1.        1.        1.
 0.8888889 1.        0.8888889 0.8888889 0.8888889 1.        0.8888889
 0.7777778 0.8888889 0.8888889 1.        1.        1.        1.
 1.        0.8888889]
Top k classes which perform poorly are:  [45, 56, 64, 20, 35, 49, 13, 51, 52, 53, 16, 55, 57, 58, 36, 37, 38, 39, 40, 41, 42, 43, 62, 54, 61, 46, 47, 48, 60, 59, 50, 44, 34, 0, 63, 1, 2, 3, 4, 5, 6, 7, 8, 9, 10, 11, 12, 14, 33, 15, 18, 19, 21, 22, 23, 24, 25, 26, 27, 28, 29, 30, 31, 17, 32]
Per cls weights according to the accuracy are:  tensor([1.1839, 1.1839, 1.1839, 1.1839, 1.1839, 1.1839, 1.1839, 1.1839, 1.1839,
        1.1839, 1.1839, 1.1839, 1.1839, 1.2056, 1.1839, 1.1839, 1.2056, 1.1839,
        1.1839, 1.1839, 1.2056, 1.1839, 1.1839, 1.1839, 1.1839, 1.1839, 1.1839,
        1.1839, 1.1839, 1.1839, 1.1839, 1.1839, 1.1839, 1.1839, 1.1839, 1.2056,
        1.1839, 1.1839, 1.1839, 1.1839, 1.1839, 1.1839, 1.1839, 1.1839, 1.1839,
        1.2297, 1.1839, 1.1839, 1.1839, 1.2056, 1.1839, 1.2056, 1.2056, 1.2056,
        1.1839, 1.2056, 1.2297, 1.2056, 1.2056, 1.1839, 1.1839, 1.1839, 1.1839,
        1.1839, 1.2056])
0
1
2
3
4
5
6
7
8
9
10
11
12
13
14
15
16
17
18
19
20
21
22
23
24
25
26
27
28
29
30
31
32
33
34
35
36
37
38
39
40
41
42
43
44
45
46
47
48
49
50
51
52
53
54
55
56
57
58
59
60
61
62
63
64
65
66
67
68
69
70
71
72
73
74
75
76
77
78
79
80
81
82
83
84
85
86
87
88
89
90
91
92
93
94
95
96
97
98
99
100
101
102
103
104
105
106
107
108
109
110
111
112
113
114
115
116
117
118
119
120
121
122
123
124
125
126
127
128
129
130
131
132
133
134
135
136
137
138
139
140
141
142
143
144
145
146
147
148
149
150
151
152
153
154
155
156
157
158
159
160
161
162
163
164
165
166
167
168
169
170
171
172
173
174
175
176
177
178
179
180
181
182
183
184
185
186
187
188
189
190
191
192
193
194
Per cls weights according to the accuracy are:  tensor([0.8161, 0.8161, 0.8161, 0.8161, 0.8161, 0.8161, 0.8161, 0.8161, 0.8161,
        0.8161, 0.8161, 0.8161, 0.8161, 0.7944, 0.8161, 0.8161, 0.7944, 0.8161,
        0.8161, 0.8161, 0.7944, 0.8161, 0.8161, 0.8161, 0.8161, 0.8161, 0.8161,
        0.8161, 0.8161, 0.8161, 0.8161, 0.8161, 0.8161, 0.8161, 0.8161, 0.7944,
        0.8161, 0.8161, 0.8161, 0.8161, 0.8161, 0.8161, 0.8161, 0.8161, 0.8161,
        0.7703, 0.8161, 0.8161, 0.8161, 0.7944, 0.8161, 0.7944, 0.7944, 0.7944,
        0.8161, 0.7944, 0.7703, 0.7944, 0.7944, 0.8161, 0.8161, 0.8161, 0.8161,
        0.8161, 0.7944])
0
1
2
3
4
5
6
7
8
9
10
11
12
13
14
15
16
17
18
19
20
21
22
23
24
25
26
27
28
29
30
31
32
33
34
35
36
37
38
39
40
41
42
43
44
45
46
47
48
49
50
51
52
53
54
55
56
57
58
59
60
61
62
63
64
65
66
67
68
69
70
71
72
73
74
75
76
77
78
79
80
81
82
83
84
85
86
87
88
89
90
91
92
93
94
95
96
97
98
99
100
101
102
103
104
105
106
107
108
109
110
111
112
113
114
115
116
117
118
119
120
121
122
123
124
125
126
127
128
129
130
131
132
133
134
135
136
137
138
139
140
141
142
143
144
145
146
147
148
149
150
151
152
153
154
155
156
157
158
159
160
161
162
163
164
165
166
167
168
169
170
171
172
173
174
175
176
177
178
179
180
181
182
183
184
185
186
187
188
189
190
191
192
193
194
Assigned Classwise weights to source
S Product T Real Train Ep: 10000 lr0.005946035575013605 	 Loss Classification: 0.009204 Loss T 0.004909 Method MME

32
32
32
32
32
32
32
tensor(585.)

Labeled Target set: Average loss: 0.1149, Accuracy: 563/585 F1 (96.2393%)


Test set: Average loss: 3.6560, Accuracy: 2606/4160 F1 (62.6442%)


Val set: Average loss: 3.5436, Accuracy: 119/192 F1 (61.9792%)

Patience Reset, Counter is: 4
best acc test 62.644231  acc val 61.979167 acc labeled target 96.239316
saving model...
S Product T Real Train Ep: 10100 lr0.005923835048725393 	 Loss Classification: 0.091712 Loss T 0.006819 Method MME

S Product T Real Train Ep: 10200 lr0.005901826973091593 	 Loss Classification: 0.021666 Loss T 0.009776 Method MME

S Product T Real Train Ep: 10300 lr0.005880008739410735 	 Loss Classification: 0.013231 Loss T 0.009170 Method MME

S Product T Real Train Ep: 10400 lr0.005858377786964935 	 Loss Classification: 0.014925 Loss T 0.006339 Method MME

S Product T Real Train Ep: 10500 lr0.005836931601907399 	 Loss Classification: 0.005444 Loss T 0.007026 Method MME

32
32
32
32
32
32
32
tensor(585.)

Labeled Target set: Average loss: 0.0891, Accuracy: 571/585 F1 (97.6068%)


Test set: Average loss: 3.7513, Accuracy: 2610/4160 F1 (62.7404%)


Val set: Average loss: 3.5434, Accuracy: 119/192 F1 (61.9792%)

Patience Reset, Counter is: 0
best acc test 62.740385  acc val 61.979167 acc labeled target 97.606838
saving model...
S Product T Real Train Ep: 10600 lr0.005815667716181004 	 Loss Classification: 0.035187 Loss T 0.006372 Method MME

S Product T Real Train Ep: 10700 lr0.005794583706466925 	 Loss Classification: 0.008047 Loss T 0.004258 Method MME

S Product T Real Train Ep: 10800 lr0.005773677193162352 	 Loss Classification: 0.009164 Loss T 0.009265 Method MME

S Product T Real Train Ep: 10900 lr0.005752945839386346 	 Loss Classification: 0.009894 Loss T 0.005803 Method MME

Per Class Accuracy Calculated According to the Labelled Target examples is:  [1.        1.        1.        1.        1.        1.        1.
 1.        1.        1.        1.        1.        1.        1.
 1.        0.8888889 1.        0.8888889 1.        1.        1.
 1.        1.        0.8888889 1.        1.        1.        1.
 1.        1.        1.        0.8888889 1.        1.        1.
 1.        0.8888889 0.8888889 1.        1.        1.        1.
 1.        0.8888889 1.        0.8888889 1.        1.        1.
 1.        0.8888889 1.        1.        1.        1.        1.
 0.8888889 0.8888889 1.        0.8888889 1.        0.8888889 0.8888889
 1.        1.       ]
Top k classes which perform poorly are:  [45, 62, 61, 31, 59, 36, 57, 56, 37, 43, 17, 23, 15, 50, 0, 41, 40, 44, 38, 42, 39, 48, 47, 35, 49, 51, 52, 53, 54, 55, 58, 60, 46, 34, 32, 63, 1, 2, 3, 4, 5, 6, 7, 8, 9, 10, 11, 12, 13, 14, 16, 18, 19, 20, 21, 22, 24, 25, 26, 27, 28, 29, 30, 33, 64]
Per cls weights according to the accuracy are:  tensor([1.1839, 1.1839, 1.1839, 1.1839, 1.1839, 1.1839, 1.1839, 1.1839, 1.1839,
        1.1839, 1.1839, 1.1839, 1.1839, 1.1839, 1.1839, 1.2056, 1.1839, 1.2056,
        1.1839, 1.1839, 1.1839, 1.1839, 1.1839, 1.2056, 1.1839, 1.1839, 1.1839,
        1.1839, 1.1839, 1.1839, 1.1839, 1.2056, 1.1839, 1.1839, 1.1839, 1.1839,
        1.2056, 1.2056, 1.1839, 1.1839, 1.1839, 1.1839, 1.1839, 1.2056, 1.1839,
        1.2056, 1.1839, 1.1839, 1.1839, 1.1839, 1.2056, 1.1839, 1.1839, 1.1839,
        1.1839, 1.1839, 1.2056, 1.2056, 1.1839, 1.2056, 1.1839, 1.2056, 1.2056,
        1.1839, 1.1839])
0
1
2
3
4
5
6
7
8
9
10
11
12
13
14
15
16
17
18
19
20
21
22
23
24
25
26
27
28
29
30
31
32
33
34
35
36
37
38
39
40
41
42
43
44
45
46
47
48
49
50
51
52
53
54
55
56
57
58
59
60
61
62
63
64
65
66
67
68
69
70
71
72
73
74
75
76
77
78
79
80
81
82
83
84
85
86
87
88
89
90
91
92
93
94
95
96
97
98
99
100
101
102
103
104
105
106
107
108
109
110
111
112
113
114
115
116
117
118
119
120
121
122
123
124
125
126
127
128
129
130
131
132
133
134
135
136
137
138
139
140
141
142
143
144
145
146
147
148
149
150
151
152
153
154
155
156
157
158
159
160
161
162
163
164
165
166
167
168
169
170
171
172
173
174
175
176
177
178
179
180
181
182
183
184
185
186
187
188
189
190
191
192
193
194
Per cls weights according to the accuracy are:  tensor([0.8161, 0.8161, 0.8161, 0.8161, 0.8161, 0.8161, 0.8161, 0.8161, 0.8161,
        0.8161, 0.8161, 0.8161, 0.8161, 0.8161, 0.8161, 0.7944, 0.8161, 0.7944,
        0.8161, 0.8161, 0.8161, 0.8161, 0.8161, 0.7944, 0.8161, 0.8161, 0.8161,
        0.8161, 0.8161, 0.8161, 0.8161, 0.7944, 0.8161, 0.8161, 0.8161, 0.8161,
        0.7944, 0.7944, 0.8161, 0.8161, 0.8161, 0.8161, 0.8161, 0.7944, 0.8161,
        0.7944, 0.8161, 0.8161, 0.8161, 0.8161, 0.7944, 0.8161, 0.8161, 0.8161,
        0.8161, 0.8161, 0.7944, 0.7944, 0.8161, 0.7944, 0.8161, 0.7944, 0.7944,
        0.8161, 0.8161])
0
1
2
3
4
5
6
7
8
9
10
11
12
13
14
15
16
17
18
19
20
21
22
23
24
25
26
27
28
29
30
31
32
33
34
35
36
37
38
39
40
41
42
43
44
45
46
47
48
49
50
51
52
53
54
55
56
57
58
59
60
61
62
63
64
65
66
67
68
69
70
71
72
73
74
75
76
77
78
79
80
81
82
83
84
85
86
87
88
89
90
91
92
93
94
95
96
97
98
99
100
101
102
103
104
105
106
107
108
109
110
111
112
113
114
115
116
117
118
119
120
121
122
123
124
125
126
127
128
129
130
131
132
133
134
135
136
137
138
139
140
141
142
143
144
145
146
147
148
149
150
151
152
153
154
155
156
157
158
159
160
161
162
163
164
165
166
167
168
169
170
171
172
173
174
175
176
177
178
179
180
181
182
183
184
185
186
187
188
189
190
191
192
193
194
Assigned Classwise weights to source
S Product T Real Train Ep: 11000 lr0.005732387350012933 	 Loss Classification: 0.124116 Loss T 0.002132 Method MME

32
32
32
32
32
32
32
tensor(585.)

Labeled Target set: Average loss: 0.0698, Accuracy: 572/585 F1 (97.7778%)


Test set: Average loss: 3.8466, Accuracy: 2609/4160 F1 (62.7163%)


Val set: Average loss: 3.8549, Accuracy: 116/192 F1 (60.4167%)

Patience getting saturated, current counter is:  0
best acc test 62.740385  acc val 60.416667 acc labeled target 97.777778
saving model...
S Product T Real Train Ep: 11100 lr0.005711999470730565 	 Loss Classification: 0.010932 Loss T 0.006907 Method MME

S Product T Real Train Ep: 11200 lr0.005691779987127103 	 Loss Classification: 0.007569 Loss T 0.006647 Method MME

S Product T Real Train Ep: 11300 lr0.005671726723799515 	 Loss Classification: 0.011877 Loss T 0.002973 Method MME

S Product T Real Train Ep: 11400 lr0.005651837543487509 	 Loss Classification: 0.026493 Loss T 0.002071 Method MME

S Product T Real Train Ep: 11500 lr0.005632110346230358 	 Loss Classification: 0.003645 Loss T 0.005532 Method MME

32
32
32
32
32
32
32
tensor(585.)

Labeled Target set: Average loss: 0.1190, Accuracy: 568/585 F1 (97.0940%)


Test set: Average loss: 3.8751, Accuracy: 2607/4160 F1 (62.6683%)


Val set: Average loss: 3.8228, Accuracy: 117/192 F1 (60.9375%)

Patience getting saturated, current counter is:  1
best acc test 62.740385  acc val 60.937500 acc labeled target 97.094017
saving model...
S Product T Real Train Ep: 11600 lr0.005612543068546177 	 Loss Classification: 0.003220 Loss T 0.006014 Method MME

S Product T Real Train Ep: 11700 lr0.005593133682632953 	 Loss Classification: 0.023946 Loss T 0.003351 Method MME

S Product T Real Train Ep: 11800 lr0.005573880195590681 	 Loss Classification: 0.034699 Loss T 0.007452 Method MME

S Product T Real Train Ep: 11900 lr0.0055547806486639095 	 Loss Classification: 0.015021 Loss T 0.005918 Method MME

Per Class Accuracy Calculated According to the Labelled Target examples is:  [1.        1.        1.        1.        1.        1.        1.
 1.        1.        0.8888889 1.        0.8888889 1.        0.8888889
 1.        1.        1.        0.8888889 0.8888889 0.8888889 0.8888889
 0.8888889 1.        1.        1.        1.        1.        1.
 1.        1.        1.        1.        0.8888889 1.        1.
 1.        1.        1.        0.8888889 0.8888889 1.        1.
 1.        0.8888889 0.8888889 1.        1.        1.        1.
 0.8888889 1.        1.        1.        1.        1.        1.
 1.        0.8888889 1.        0.8888889 1.        0.8888889 1.
 1.        1.       ]
Top k classes which perform poorly are:  [32, 38, 39, 43, 44, 49, 21, 20, 19, 18, 13, 17, 61, 9, 59, 57, 11, 53, 62, 40, 41, 42, 60, 45, 46, 48, 58, 56, 55, 37, 50, 51, 52, 54, 47, 36, 0, 34, 1, 2, 3, 4, 5, 6, 7, 8, 10, 12, 14, 15, 16, 22, 23, 24, 25, 26, 27, 28, 29, 30, 31, 63, 33, 35, 64]
Per cls weights according to the accuracy are:  tensor([1.1839, 1.1839, 1.1839, 1.1839, 1.1839, 1.1839, 1.1839, 1.1839, 1.1839,
        1.2056, 1.1839, 1.2056, 1.1839, 1.2056, 1.1839, 1.1839, 1.1839, 1.2056,
        1.2056, 1.2056, 1.2056, 1.2056, 1.1839, 1.1839, 1.1839, 1.1839, 1.1839,
        1.1839, 1.1839, 1.1839, 1.1839, 1.1839, 1.2056, 1.1839, 1.1839, 1.1839,
        1.1839, 1.1839, 1.2056, 1.2056, 1.1839, 1.1839, 1.1839, 1.2056, 1.2056,
        1.1839, 1.1839, 1.1839, 1.1839, 1.2056, 1.1839, 1.1839, 1.1839, 1.1839,
        1.1839, 1.1839, 1.1839, 1.2056, 1.1839, 1.2056, 1.1839, 1.2056, 1.1839,
        1.1839, 1.1839])
0
1
2
3
4
5
6
7
8
9
10
11
12
13
14
15
16
17
18
19
20
21
22
23
24
25
26
27
28
29
30
31
32
33
34
35
36
37
38
39
40
41
42
43
44
45
46
47
48
49
50
51
52
53
54
55
56
57
58
59
60
61
62
63
64
65
66
67
68
69
70
71
72
73
74
75
76
77
78
79
80
81
82
83
84
85
86
87
88
89
90
91
92
93
94
95
96
97
98
99
100
101
102
103
104
105
106
107
108
109
110
111
112
113
114
115
116
117
118
119
120
121
122
123
124
125
126
127
128
129
130
131
132
133
134
135
136
137
138
139
140
141
142
143
144
145
146
147
148
149
150
151
152
153
154
155
156
157
158
159
160
161
162
163
164
165
166
167
168
169
170
171
172
173
174
175
176
177
178
179
180
181
182
183
184
185
186
187
188
189
190
191
192
193
194
Per cls weights according to the accuracy are:  tensor([0.8161, 0.8161, 0.8161, 0.8161, 0.8161, 0.8161, 0.8161, 0.8161, 0.8161,
        0.7944, 0.8161, 0.7944, 0.8161, 0.7944, 0.8161, 0.8161, 0.8161, 0.7944,
        0.7944, 0.7944, 0.7944, 0.7944, 0.8161, 0.8161, 0.8161, 0.8161, 0.8161,
        0.8161, 0.8161, 0.8161, 0.8161, 0.8161, 0.7944, 0.8161, 0.8161, 0.8161,
        0.8161, 0.8161, 0.7944, 0.7944, 0.8161, 0.8161, 0.8161, 0.7944, 0.7944,
        0.8161, 0.8161, 0.8161, 0.8161, 0.7944, 0.8161, 0.8161, 0.8161, 0.8161,
        0.8161, 0.8161, 0.8161, 0.7944, 0.8161, 0.7944, 0.8161, 0.7944, 0.8161,
        0.8161, 0.8161])
0
1
2
3
4
5
6
7
8
9
10
11
12
13
14
15
16
17
18
19
20
21
22
23
24
25
26
27
28
29
30
31
32
33
34
35
36
37
38
39
40
41
42
43
44
45
46
47
48
49
50
51
52
53
54
55
56
57
58
59
60
61
62
63
64
65
66
67
68
69
70
71
72
73
74
75
76
77
78
79
80
81
82
83
84
85
86
87
88
89
90
91
92
93
94
95
96
97
98
99
100
101
102
103
104
105
106
107
108
109
110
111
112
113
114
115
116
117
118
119
120
121
122
123
124
125
126
127
128
129
130
131
132
133
134
135
136
137
138
139
140
141
142
143
144
145
146
147
148
149
150
151
152
153
154
155
156
157
158
159
160
161
162
163
164
165
166
167
168
169
170
171
172
173
174
175
176
177
178
179
180
181
182
183
184
185
186
187
188
189
190
191
192
193
194
Assigned Classwise weights to source
S Product T Real Train Ep: 12000 lr0.005535833116504121 	 Loss Classification: 0.009154 Loss T 0.002366 Method MME

32
32
32
32
32
32
32
tensor(585.)

Labeled Target set: Average loss: 0.1336, Accuracy: 563/585 F1 (96.2393%)


Test set: Average loss: 3.9288, Accuracy: 2609/4160 F1 (62.7163%)


Val set: Average loss: 3.9175, Accuracy: 118/192 F1 (61.4583%)

Patience getting saturated, current counter is:  2
best acc test 62.740385  acc val 61.458333 acc labeled target 96.239316
saving model...
S Product T Real Train Ep: 12100 lr0.00551703570645129 	 Loss Classification: 0.010556 Loss T 0.001924 Method MME

S Product T Real Train Ep: 12200 lr0.005498386557834078 	 Loss Classification: 0.035645 Loss T 0.004730 Method MME

S Product T Real Train Ep: 12300 lr0.00547988384128807 	 Loss Classification: 0.014608 Loss T 0.004537 Method MME

S Product T Real Train Ep: 12400 lr0.005461525758091539 	 Loss Classification: 0.011205 Loss T 0.005461 Method MME

S Product T Real Train Ep: 12500 lr0.005443310539518174 	 Loss Classification: 0.009750 Loss T 0.002337 Method MME

32
32
32
32
32
32
32
tensor(585.)

Labeled Target set: Average loss: 0.0812, Accuracy: 571/585 F1 (97.6068%)


Test set: Average loss: 3.9963, Accuracy: 2612/4160 F1 (62.7885%)


Val set: Average loss: 3.8407, Accuracy: 118/192 F1 (61.4583%)

Patience getting saturated, current counter is:  3
best acc test 62.740385  acc val 61.458333 acc labeled target 97.606838
saving model...
S Product T Real Train Ep: 12600 lr0.005425236446206295 	 Loss Classification: 0.002802 Loss T 0.007568 Method MME

S Product T Real Train Ep: 12700 lr0.005407301767544059 	 Loss Classification: 0.004611 Loss T 0.004180 Method MME

S Product T Real Train Ep: 12800 lr0.005389504821070177 	 Loss Classification: 0.012492 Loss T 0.006320 Method MME

S Product T Real Train Ep: 12900 lr0.005371843951889677 	 Loss Classification: 0.003942 Loss T 0.006517 Method MME

Per Class Accuracy Calculated According to the Labelled Target examples is:  [1.        1.        1.        1.        1.        1.        1.
 1.        1.        0.8888889 1.        1.        1.        1.
 0.8888889 1.        1.        0.8888889 1.        1.        1.
 1.        1.        1.        1.        1.        1.        1.
 1.        1.        0.8888889 0.8888889 1.        1.        1.
 1.        1.        1.        1.        1.        0.8888889 1.
 1.        1.        0.8888889 1.        1.        1.        0.8888889
 1.        1.        1.        1.        0.8888889 1.        0.7777778
 1.        1.        1.        1.        0.8888889 1.        0.8888889
 1.        0.8888889]
Top k classes which perform poorly are:  [55, 64, 17, 44, 14, 53, 40, 48, 9, 30, 60, 31, 62, 38, 37, 41, 42, 43, 39, 45, 49, 47, 36, 50, 51, 52, 54, 56, 57, 58, 59, 61, 46, 35, 0, 33, 1, 2, 3, 4, 5, 6, 7, 8, 10, 11, 12, 13, 15, 16, 18, 19, 20, 21, 22, 23, 24, 25, 26, 27, 28, 29, 63, 34, 32]
Per cls weights according to the accuracy are:  tensor([1.1839, 1.1839, 1.1839, 1.1839, 1.1839, 1.1839, 1.1839, 1.1839, 1.1839,
        1.2056, 1.1839, 1.1839, 1.1839, 1.1839, 1.2056, 1.1839, 1.1839, 1.2056,
        1.1839, 1.1839, 1.1839, 1.1839, 1.1839, 1.1839, 1.1839, 1.1839, 1.1839,
        1.1839, 1.1839, 1.1839, 1.2056, 1.2056, 1.1839, 1.1839, 1.1839, 1.1839,
        1.1839, 1.1839, 1.1839, 1.1839, 1.2056, 1.1839, 1.1839, 1.1839, 1.2056,
        1.1839, 1.1839, 1.1839, 1.2056, 1.1839, 1.1839, 1.1839, 1.1839, 1.2056,
        1.1839, 1.2297, 1.1839, 1.1839, 1.1839, 1.1839, 1.2056, 1.1839, 1.2056,
        1.1839, 1.2056])
0
1
2
3
4
5
6
7
8
9
10
11
12
13
14
15
16
17
18
19
20
21
22
23
24
25
26
27
28
29
30
31
32
33
34
35
36
37
38
39
40
41
42
43
44
45
46
47
48
49
50
51
52
53
54
55
56
57
58
59
60
61
62
63
64
65
66
67
68
69
70
71
72
73
74
75
76
77
78
79
80
81
82
83
84
85
86
87
88
89
90
91
92
93
94
95
96
97
98
99
100
101
102
103
104
105
106
107
108
109
110
111
112
113
114
115
116
117
118
119
120
121
122
123
124
125
126
127
128
129
130
131
132
133
134
135
136
137
138
139
140
141
142
143
144
145
146
147
148
149
150
151
152
153
154
155
156
157
158
159
160
161
162
163
164
165
166
167
168
169
170
171
172
173
174
175
176
177
178
179
180
181
182
183
184
185
186
187
188
189
190
191
192
193
194
Per cls weights according to the accuracy are:  tensor([0.8161, 0.8161, 0.8161, 0.8161, 0.8161, 0.8161, 0.8161, 0.8161, 0.8161,
        0.7944, 0.8161, 0.8161, 0.8161, 0.8161, 0.7944, 0.8161, 0.8161, 0.7944,
        0.8161, 0.8161, 0.8161, 0.8161, 0.8161, 0.8161, 0.8161, 0.8161, 0.8161,
        0.8161, 0.8161, 0.8161, 0.7944, 0.7944, 0.8161, 0.8161, 0.8161, 0.8161,
        0.8161, 0.8161, 0.8161, 0.8161, 0.7944, 0.8161, 0.8161, 0.8161, 0.7944,
        0.8161, 0.8161, 0.8161, 0.7944, 0.8161, 0.8161, 0.8161, 0.8161, 0.7944,
        0.8161, 0.7703, 0.8161, 0.8161, 0.8161, 0.8161, 0.7944, 0.8161, 0.7944,
        0.8161, 0.7944])
0
1
2
3
4
5
6
7
8
9
10
11
12
13
14
15
16
17
18
19
20
21
22
23
24
25
26
27
28
29
30
31
32
33
34
35
36
37
38
39
40
41
42
43
44
45
46
47
48
49
50
51
52
53
54
55
56
57
58
59
60
61
62
63
64
65
66
67
68
69
70
71
72
73
74
75
76
77
78
79
80
81
82
83
84
85
86
87
88
89
90
91
92
93
94
95
96
97
98
99
100
101
102
103
104
105
106
107
108
109
110
111
112
113
114
115
116
117
118
119
120
121
122
123
124
125
126
127
128
129
130
131
132
133
134
135
136
137
138
139
140
141
142
143
144
145
146
147
148
149
150
151
152
153
154
155
156
157
158
159
160
161
162
163
164
165
166
167
168
169
170
171
172
173
174
175
176
177
178
179
180
181
182
183
184
185
186
187
188
189
190
191
192
193
194
Assigned Classwise weights to source
S Product T Real Train Ep: 13000 lr0.0053543175321042955 	 Loss Classification: 0.035265 Loss T 0.001846 Method MME

32
32
32
32
32
32
32
tensor(585.)

Labeled Target set: Average loss: 0.1189, Accuracy: 565/585 F1 (96.5812%)


Test set: Average loss: 4.0385, Accuracy: 2611/4160 F1 (62.7644%)


Val set: Average loss: 3.9823, Accuracy: 118/192 F1 (61.4583%)

Patience getting saturated, current counter is:  4
best acc test 62.740385  acc val 61.458333 acc labeled target 96.581197
saving model...
S Product T Real Train Ep: 13100 lr0.005336923960257046 	 Loss Classification: 0.014589 Loss T 0.002679 Method MME

S Product T Real Train Ep: 13200 lr0.0053196616607905645 	 Loss Classification: 0.005876 Loss T 0.004044 Method MME

S Product T Real Train Ep: 13300 lr0.0053025290835188275 	 Loss Classification: 0.034762 Loss T 0.003908 Method MME

S Product T Real Train Ep: 13400 lr0.005285524703111859 	 Loss Classification: 0.003891 Loss T 0.002984 Method MME

S Product T Real Train Ep: 13500 lr0.005268647018593052 	 Loss Classification: 0.003893 Loss T 0.002613 Method MME

32
32
32
32
32
32
32
tensor(585.)

Labeled Target set: Average loss: 0.0961, Accuracy: 568/585 F1 (97.0940%)


Test set: Average loss: 4.0599, Accuracy: 2613/4160 F1 (62.8125%)


Val set: Average loss: 4.1165, Accuracy: 116/192 F1 (60.4167%)

Patience getting saturated, current counter is:  5
best acc test 62.740385  acc val 60.416667 acc labeled target 97.094017
saving model...
S Product T Real Train Ep: 13600 lr0.005251894552848747 	 Loss Classification: 0.019796 Loss T 0.006747 Method MME

S Product T Real Train Ep: 13700 lr0.005235265852149712 	 Loss Classification: 0.012013 Loss T 0.006338 Method MME

S Product T Real Train Ep: 13800 lr0.005218759485684187 	 Loss Classification: 0.003085 Loss T 0.003379 Method MME

S Product T Real Train Ep: 13900 lr0.005202374045102174 	 Loss Classification: 0.006080 Loss T 0.002154 Method MME

Per Class Accuracy Calculated According to the Labelled Target examples is:  [1.        1.        1.        1.        1.        1.        1.
 1.        1.        1.        0.8888889 1.        0.8888889 1.
 1.        1.        1.        1.        1.        1.        1.
 1.        1.        0.8888889 1.        1.        1.        1.
 1.        0.8888889 0.7777778 1.        1.        1.        1.
 1.        1.        1.        1.        0.8888889 1.        1.
 0.8888889 1.        1.        0.8888889 1.        0.8888889 1.
 1.        0.8888889 1.        0.8888889 0.8888889 1.        1.
 1.        0.7777778 1.        1.        0.8888889 0.8888889 1.
 1.        1.       ]
Top k classes which perform poorly are:  [30, 57, 10, 47, 23, 42, 50, 52, 12, 53, 45, 39, 29, 60, 61, 40, 38, 41, 37, 43, 0, 49, 46, 48, 36, 51, 54, 55, 56, 58, 59, 62, 44, 35, 32, 33, 1, 2, 3, 4, 5, 6, 7, 8, 9, 11, 13, 14, 15, 16, 17, 18, 19, 20, 21, 22, 24, 25, 26, 27, 28, 31, 63, 34, 64]
Per cls weights according to the accuracy are:  tensor([1.1839, 1.1839, 1.1839, 1.1839, 1.1839, 1.1839, 1.1839, 1.1839, 1.1839,
        1.1839, 1.2056, 1.1839, 1.2056, 1.1839, 1.1839, 1.1839, 1.1839, 1.1839,
        1.1839, 1.1839, 1.1839, 1.1839, 1.1839, 1.2056, 1.1839, 1.1839, 1.1839,
        1.1839, 1.1839, 1.2056, 1.2297, 1.1839, 1.1839, 1.1839, 1.1839, 1.1839,
        1.1839, 1.1839, 1.1839, 1.2056, 1.1839, 1.1839, 1.2056, 1.1839, 1.1839,
        1.2056, 1.1839, 1.2056, 1.1839, 1.1839, 1.2056, 1.1839, 1.2056, 1.2056,
        1.1839, 1.1839, 1.1839, 1.2297, 1.1839, 1.1839, 1.2056, 1.2056, 1.1839,
        1.1839, 1.1839])
0
1
2
3
4
5
6
7
8
9
10
11
12
13
14
15
16
17
18
19
20
21
22
23
24
25
26
27
28
29
30
31
32
33
34
35
36
37
38
39
40
41
42
43
44
45
46
47
48
49
50
51
52
53
54
55
56
57
58
59
60
61
62
63
64
65
66
67
68
69
70
71
72
73
74
75
76
77
78
79
80
81
82
83
84
85
86
87
88
89
90
91
92
93
94
95
96
97
98
99
100
101
102
103
104
105
106
107
108
109
110
111
112
113
114
115
116
117
118
119
120
121
122
123
124
125
126
127
128
129
130
131
132
133
134
135
136
137
138
139
140
141
142
143
144
145
146
147
148
149
150
151
152
153
154
155
156
157
158
159
160
161
162
163
164
165
166
167
168
169
170
171
172
173
174
175
176
177
178
179
180
181
182
183
184
185
186
187
188
189
190
191
192
193
194
Per cls weights according to the accuracy are:  tensor([0.8161, 0.8161, 0.8161, 0.8161, 0.8161, 0.8161, 0.8161, 0.8161, 0.8161,
        0.8161, 0.7944, 0.8161, 0.7944, 0.8161, 0.8161, 0.8161, 0.8161, 0.8161,
        0.8161, 0.8161, 0.8161, 0.8161, 0.8161, 0.7944, 0.8161, 0.8161, 0.8161,
        0.8161, 0.8161, 0.7944, 0.7703, 0.8161, 0.8161, 0.8161, 0.8161, 0.8161,
        0.8161, 0.8161, 0.8161, 0.7944, 0.8161, 0.8161, 0.7944, 0.8161, 0.8161,
        0.7944, 0.8161, 0.7944, 0.8161, 0.8161, 0.7944, 0.8161, 0.7944, 0.7944,
        0.8161, 0.8161, 0.8161, 0.7703, 0.8161, 0.8161, 0.7944, 0.7944, 0.8161,
        0.8161, 0.8161])
0
1
2
3
4
5
6
7
8
9
10
11
12
13
14
15
16
17
18
19
20
21
22
23
24
25
26
27
28
29
30
31
32
33
34
35
36
37
38
39
40
41
42
43
44
45
46
47
48
49
50
51
52
53
54
55
56
57
58
59
60
61
62
63
64
65
66
67
68
69
70
71
72
73
74
75
76
77
78
79
80
81
82
83
84
85
86
87
88
89
90
91
92
93
94
95
96
97
98
99
100
101
102
103
104
105
106
107
108
109
110
111
112
113
114
115
116
117
118
119
120
121
122
123
124
125
126
127
128
129
130
131
132
133
134
135
136
137
138
139
140
141
142
143
144
145
146
147
148
149
150
151
152
153
154
155
156
157
158
159
160
161
162
163
164
165
166
167
168
169
170
171
172
173
174
175
176
177
178
179
180
181
182
183
184
185
186
187
188
189
190
191
192
193
194
Assigned Classwise weights to source
S Product T Real Train Ep: 14000 lr0.005186108144070652 	 Loss Classification: 0.004644 Loss T 0.008111 Method MME

32
32
32
32
32
32
32
tensor(585.)

Labeled Target set: Average loss: 0.0943, Accuracy: 569/585 F1 (97.2650%)


Test set: Average loss: 4.1271, Accuracy: 2613/4160 F1 (62.8125%)


Val set: Average loss: 4.1177, Accuracy: 117/192 F1 (60.9375%)

Patience getting saturated, current counter is:  6
best acc test 62.740385  acc val 60.937500 acc labeled target 97.264957
saving model...
S Product T Real Train Ep: 14100 lr0.005169960417839403 	 Loss Classification: 0.004236 Loss T 0.001930 Method MME

S Product T Real Train Ep: 14200 lr0.005153929522817161 	 Loss Classification: 0.002825 Loss T 0.002712 Method MME

S Product T Real Train Ep: 14300 lr0.005138014136157799 	 Loss Classification: 0.008967 Loss T 0.001676 Method MME

S Product T Real Train Ep: 14400 lr0.005122212955356274 	 Loss Classification: 0.026392 Loss T 0.003170 Method MME

S Product T Real Train Ep: 14500 lr0.005106524697854057 	 Loss Classification: 0.045403 Loss T 0.001634 Method MME

32
32
32
32
32
32
32
tensor(585.)

Labeled Target set: Average loss: 0.0904, Accuracy: 569/585 F1 (97.2650%)


Test set: Average loss: 4.1712, Accuracy: 2613/4160 F1 (62.8125%)


Val set: Average loss: 4.3233, Accuracy: 116/192 F1 (60.4167%)

Patience getting saturated, current counter is:  7
best acc test 62.740385  acc val 60.416667 acc labeled target 97.264957
saving model...
S Product T Real Train Ep: 14600 lr0.005090948100653781 	 Loss Classification: 0.016662 Loss T 0.001268 Method MME

S Product T Real Train Ep: 14700 lr0.0050754819199428855 	 Loss Classification: 0.001930 Loss T 0.001836 Method MME

S Product T Real Train Ep: 14800 lr0.005060124930725974 	 Loss Classification: 0.013946 Loss T 0.001941 Method MME

S Product T Real Train Ep: 14900 lr0.00504487592646567 	 Loss Classification: 0.073526 Loss T 0.004263 Method MME

Per Class Accuracy Calculated According to the Labelled Target examples is:  [1.        1.        0.8888889 0.8888889 1.        1.        1.
 1.        1.        0.8888889 1.        1.        0.8888889 0.8888889
 1.        1.        1.        1.        1.        1.        1.
 1.        1.        1.        1.        1.        1.        1.
 1.        1.        1.        0.7777778 1.        1.        1.
 0.8888889 1.        1.        0.8888889 1.        1.        1.
 1.        1.        1.        1.        0.8888889 1.        1.
 0.8888889 0.8888889 0.8888889 1.        1.        1.        1.
 0.8888889 1.        1.        1.        1.        0.8888889 1.
 0.8888889 1.       ]
Top k classes which perform poorly are:  [31, 51, 63, 38, 46, 49, 50, 13, 12, 56, 35, 2, 3, 61, 9, 55, 37, 62, 39, 40, 41, 42, 43, 44, 45, 48, 60, 59, 36, 52, 53, 54, 58, 57, 47, 0, 32, 33, 1, 4, 5, 6, 7, 8, 10, 11, 14, 15, 16, 17, 18, 19, 20, 21, 22, 23, 24, 25, 26, 27, 28, 29, 30, 34, 64]
Per cls weights according to the accuracy are:  tensor([1.1839, 1.1839, 1.2056, 1.2056, 1.1839, 1.1839, 1.1839, 1.1839, 1.1839,
        1.2056, 1.1839, 1.1839, 1.2056, 1.2056, 1.1839, 1.1839, 1.1839, 1.1839,
        1.1839, 1.1839, 1.1839, 1.1839, 1.1839, 1.1839, 1.1839, 1.1839, 1.1839,
        1.1839, 1.1839, 1.1839, 1.1839, 1.2297, 1.1839, 1.1839, 1.1839, 1.2056,
        1.1839, 1.1839, 1.2056, 1.1839, 1.1839, 1.1839, 1.1839, 1.1839, 1.1839,
        1.1839, 1.2056, 1.1839, 1.1839, 1.2056, 1.2056, 1.2056, 1.1839, 1.1839,
        1.1839, 1.1839, 1.2056, 1.1839, 1.1839, 1.1839, 1.1839, 1.2056, 1.1839,
        1.2056, 1.1839])
0
1
2
3
4
5
6
7
8
9
10
11
12
13
14
15
16
17
18
19
20
21
22
23
24
25
26
27
28
29
30
31
32
33
34
35
36
37
38
39
40
41
42
43
44
45
46
47
48
49
50
51
52
53
54
55
56
57
58
59
60
61
62
63
64
65
66
67
68
69
70
71
72
73
74
75
76
77
78
79
80
81
82
83
84
85
86
87
88
89
90
91
92
93
94
95
96
97
98
99
100
101
102
103
104
105
106
107
108
109
110
111
112
113
114
115
116
117
118
119
120
121
122
123
124
125
126
127
128
129
130
131
132
133
134
135
136
137
138
139
140
141
142
143
144
145
146
147
148
149
150
151
152
153
154
155
156
157
158
159
160
161
162
163
164
165
166
167
168
169
170
171
172
173
174
175
176
177
178
179
180
181
182
183
184
185
186
187
188
189
190
191
192
193
194
Per cls weights according to the accuracy are:  tensor([0.8161, 0.8161, 0.7944, 0.7944, 0.8161, 0.8161, 0.8161, 0.8161, 0.8161,
        0.7944, 0.8161, 0.8161, 0.7944, 0.7944, 0.8161, 0.8161, 0.8161, 0.8161,
        0.8161, 0.8161, 0.8161, 0.8161, 0.8161, 0.8161, 0.8161, 0.8161, 0.8161,
        0.8161, 0.8161, 0.8161, 0.8161, 0.7703, 0.8161, 0.8161, 0.8161, 0.7944,
        0.8161, 0.8161, 0.7944, 0.8161, 0.8161, 0.8161, 0.8161, 0.8161, 0.8161,
        0.8161, 0.7944, 0.8161, 0.8161, 0.7944, 0.7944, 0.7944, 0.8161, 0.8161,
        0.8161, 0.8161, 0.7944, 0.8161, 0.8161, 0.8161, 0.8161, 0.7944, 0.8161,
        0.7944, 0.8161])
0
1
2
3
4
5
6
7
8
9
10
11
12
13
14
15
16
17
18
19
20
21
22
23
24
25
26
27
28
29
30
31
32
33
34
35
36
37
38
39
40
41
42
43
44
45
46
47
48
49
50
51
52
53
54
55
56
57
58
59
60
61
62
63
64
65
66
67
68
69
70
71
72
73
74
75
76
77
78
79
80
81
82
83
84
85
86
87
88
89
90
91
92
93
94
95
96
97
98
99
100
101
102
103
104
105
106
107
108
109
110
111
112
113
114
115
116
117
118
119
120
121
122
123
124
125
126
127
128
129
130
131
132
133
134
135
136
137
138
139
140
141
142
143
144
145
146
147
148
149
150
151
152
153
154
155
156
157
158
159
160
161
162
163
164
165
166
167
168
169
170
171
172
173
174
175
176
177
178
179
180
181
182
183
184
185
186
187
188
189
190
191
192
193
194
Assigned Classwise weights to source
S Product T Real Train Ep: 15000 lr0.005029733718731741 	 Loss Classification: 0.005974 Loss T 0.001523 Method MME

32
32
32
32
32
32
32
tensor(585.)

Labeled Target set: Average loss: 0.1081, Accuracy: 568/585 F1 (97.0940%)


Test set: Average loss: 4.1679, Accuracy: 2613/4160 F1 (62.8125%)


Val set: Average loss: 4.1487, Accuracy: 117/192 F1 (60.9375%)

Patience getting saturated, current counter is:  8
best acc test 62.740385  acc val 60.937500 acc labeled target 97.094017
saving model...
S Product T Real Train Ep: 15100 lr0.005014697136858264 	 Loss Classification: 0.007234 Loss T 0.001383 Method MME

S Product T Real Train Ep: 15200 lr0.004999765027608607 	 Loss Classification: 0.002460 Loss T 0.001177 Method MME

S Product T Real Train Ep: 15300 lr0.004984936254848047 	 Loss Classification: 0.009925 Loss T 0.001481 Method MME

S Product T Real Train Ep: 15400 lr0.004970209699223787 	 Loss Classification: 0.010830 Loss T 0.003515 Method MME

S Product T Real Train Ep: 15500 lr0.0049555842578521995 	 Loss Classification: 0.010706 Loss T 0.002456 Method MME

32
32
32
32
32
32
32
tensor(585.)

Labeled Target set: Average loss: 0.1413, Accuracy: 569/585 F1 (97.2650%)


Test set: Average loss: 4.2328, Accuracy: 2615/4160 F1 (62.8606%)


Val set: Average loss: 4.0929, Accuracy: 119/192 F1 (61.9792%)

Patience Reset, Counter is: 9
best acc test 62.860577  acc val 61.979167 acc labeled target 97.264957
saving model...
S Product T Real Train Ep: 15600 lr0.004941058844013093 	 Loss Classification: 0.003424 Loss T 0.002759 Method MME

S Product T Real Train Ep: 15700 lr0.004926632386850831 	 Loss Classification: 0.013298 Loss T 0.002541 Method MME

S Product T Real Train Ep: 15800 lr0.004912303831082109 	 Loss Classification: 0.002642 Loss T 0.001977 Method MME

S Product T Real Train Ep: 15900 lr0.004898072136710217 	 Loss Classification: 0.008941 Loss T 0.002992 Method MME

Per Class Accuracy Calculated According to the Labelled Target examples is:  [1.        1.        0.8888889 0.8888889 1.        0.8888889 1.
 1.        1.        1.        1.        1.        0.8888889 1.
 1.        0.8888889 1.        1.        1.        1.        0.8888889
 1.        1.        0.8888889 0.8888889 0.8888889 1.        1.
 1.        1.        0.8888889 1.        1.        1.        1.
 1.        1.        1.        1.        1.        0.8888889 1.
 1.        0.8888889 1.        1.        1.        0.8888889 1.
 1.        1.        1.        1.        1.        1.        1.
 0.8888889 1.        0.8888889 1.        1.        1.        1.
 0.8888889 1.       ]
Top k classes which perform poorly are:  [56, 23, 24, 25, 15, 12, 43, 20, 30, 47, 63, 5, 3, 2, 40, 58, 42, 44, 45, 41, 46, 0, 50, 49, 39, 51, 52, 53, 54, 55, 57, 59, 60, 61, 62, 48, 38, 32, 36, 1, 4, 6, 7, 8, 9, 10, 11, 13, 14, 16, 37, 17, 19, 21, 22, 26, 27, 28, 29, 31, 33, 34, 35, 18, 64]
Per cls weights according to the accuracy are:  tensor([1.1839, 1.1839, 1.2056, 1.2056, 1.1839, 1.2056, 1.1839, 1.1839, 1.1839,
        1.1839, 1.1839, 1.1839, 1.2056, 1.1839, 1.1839, 1.2056, 1.1839, 1.1839,
        1.1839, 1.1839, 1.2056, 1.1839, 1.1839, 1.2056, 1.2056, 1.2056, 1.1839,
        1.1839, 1.1839, 1.1839, 1.2056, 1.1839, 1.1839, 1.1839, 1.1839, 1.1839,
        1.1839, 1.1839, 1.1839, 1.1839, 1.2056, 1.1839, 1.1839, 1.2056, 1.1839,
        1.1839, 1.1839, 1.2056, 1.1839, 1.1839, 1.1839, 1.1839, 1.1839, 1.1839,
        1.1839, 1.1839, 1.2056, 1.1839, 1.2056, 1.1839, 1.1839, 1.1839, 1.1839,
        1.2056, 1.1839])
0
1
2
3
4
5
6
7
8
9
10
11
12
13
14
15
16
17
18
19
20
21
22
23
24
25
26
27
28
29
30
31
32
33
34
35
36
37
38
39
40
41
42
43
44
45
46
47
48
49
50
51
52
53
54
55
56
57
58
59
60
61
62
63
64
65
66
67
68
69
70
71
72
73
74
75
76
77
78
79
80
81
82
83
84
85
86
87
88
89
90
91
92
93
94
95
96
97
98
99
100
101
102
103
104
105
106
107
108
109
110
111
112
113
114
115
116
117
118
119
120
121
122
123
124
125
126
127
128
129
130
131
132
133
134
135
136
137
138
139
140
141
142
143
144
145
146
147
148
149
150
151
152
153
154
155
156
157
158
159
160
161
162
163
164
165
166
167
168
169
170
171
172
173
174
175
176
177
178
179
180
181
182
183
184
185
186
187
188
189
190
191
192
193
194
Per cls weights according to the accuracy are:  tensor([0.8161, 0.8161, 0.7944, 0.7944, 0.8161, 0.7944, 0.8161, 0.8161, 0.8161,
        0.8161, 0.8161, 0.8161, 0.7944, 0.8161, 0.8161, 0.7944, 0.8161, 0.8161,
        0.8161, 0.8161, 0.7944, 0.8161, 0.8161, 0.7944, 0.7944, 0.7944, 0.8161,
        0.8161, 0.8161, 0.8161, 0.7944, 0.8161, 0.8161, 0.8161, 0.8161, 0.8161,
        0.8161, 0.8161, 0.8161, 0.8161, 0.7944, 0.8161, 0.8161, 0.7944, 0.8161,
        0.8161, 0.8161, 0.7944, 0.8161, 0.8161, 0.8161, 0.8161, 0.8161, 0.8161,
        0.8161, 0.8161, 0.7944, 0.8161, 0.7944, 0.8161, 0.8161, 0.8161, 0.8161,
        0.7944, 0.8161])
0
1
2
3
4
5
6
7
8
9
10
11
12
13
14
15
16
17
18
19
20
21
22
23
24
25
26
27
28
29
30
31
32
33
34
35
36
37
38
39
40
41
42
43
44
45
46
47
48
49
50
51
52
53
54
55
56
57
58
59
60
61
62
63
64
65
66
67
68
69
70
71
72
73
74
75
76
77
78
79
80
81
82
83
84
85
86
87
88
89
90
91
92
93
94
95
96
97
98
99
100
101
102
103
104
105
106
107
108
109
110
111
112
113
114
115
116
117
118
119
120
121
122
123
124
125
126
127
128
129
130
131
132
133
134
135
136
137
138
139
140
141
142
143
144
145
146
147
148
149
150
151
152
153
154
155
156
157
158
159
160
161
162
163
164
165
166
167
168
169
170
171
172
173
174
175
176
177
178
179
180
181
182
183
184
185
186
187
188
189
190
191
192
193
194
Assigned Classwise weights to source
S Product T Real Train Ep: 16000 lr0.004883936278745637 	 Loss Classification: 0.067426 Loss T 0.001242 Method MME

32
32
32
32
32
32
32
tensor(585.)

Labeled Target set: Average loss: 0.1540, Accuracy: 566/585 F1 (96.7521%)


Test set: Average loss: 4.2554, Accuracy: 2615/4160 F1 (62.8606%)


Val set: Average loss: 4.1751, Accuracy: 117/192 F1 (60.9375%)

Patience getting saturated, current counter is:  0
best acc test 62.860577  acc val 60.937500 acc labeled target 96.752137
saving model...
S Product T Real Train Ep: 16100 lr0.004869895246932789 	 Loss Classification: 0.009085 Loss T 0.003876 Method MME

S Product T Real Train Ep: 16200 lr0.004855948045482784 	 Loss Classification: 0.005012 Loss T 0.001889 Method MME

