Dataset multi Target painting Network resnet34 Num per class 3
126 classes in this dataset
THCudaCheck FAIL file=/opt/conda/conda-bld/pytorch_1535493744281/work/aten/src/THC/THCGeneral.cpp line=663 error=11 : invalid argument
T painting Ep: 0 lr0.01 	 Loss Class: 4.942975 RotLab: 1.500601887702942 Ent: 0.4700786769390106 RotUnl: 1.500601887702942 

T painting Ep: 100 lr0.009925650290240803 	 Loss Class: 0.597169 RotLab: 0.7801689505577087 Ent: 0.18190902471542358 RotUnl: 0.7801689505577087 

T painting Ep: 200 lr0.009852577760521605 	 Loss Class: 0.115825 RotLab: 0.5099949836730957 Ent: 0.05591333657503128 RotUnl: 0.5099949836730957 

T painting Ep: 300 lr0.009780748269686728 	 Loss Class: 0.103484 RotLab: 0.4133342206478119 Ent: 0.05673295259475708 RotUnl: 0.4133342206478119 

T painting Ep: 400 lr0.009710128909124701 	 Loss Class: 0.085346 RotLab: 0.3215974271297455 Ent: 0.04436827823519707 RotUnl: 0.3215974271297455 

T painting Ep: 500 lr0.00964068794694323 	 Loss Class: 0.048393 RotLab: 0.4563056230545044 Ent: 0.03344464302062988 RotUnl: 0.4563056230545044 

\Target: Average loss: 3.5144, Accuracy: 8166/31104 F1 (26%)

\Rotation: Average loss: 0.9493, Accuracy: 18367/31104 F1 (59%)

best acc class 26.253858
record record/multi/net_resnet34_painting
saving model
T painting Ep: 600 lr0.00957239477517603 	 Loss Class: 0.045209 RotLab: 0.09263712912797928 Ent: 0.031718555837869644 RotUnl: 0.09263712912797928 

T painting Ep: 700 lr0.009505219859830012 	 Loss Class: 0.039996 RotLab: 0.22953908145427704 Ent: 0.027829855680465698 RotUnl: 0.22953908145427704 

T painting Ep: 800 lr0.009439134693595126 	 Loss Class: 0.029727 RotLab: 0.09588737040758133 Ent: 0.021687505766749382 RotUnl: 0.09588737040758133 

T painting Ep: 900 lr0.009374111751051751 	 Loss Class: 0.019419 RotLab: 0.037485521286726 Ent: 0.015397444367408752 RotUnl: 0.037485521286726 

T painting Ep: 1000 lr0.009310124446222227 	 Loss Class: 0.021470 RotLab: 0.19942468404769897 Ent: 0.016411615535616875 RotUnl: 0.19942468404769897 

\Target: Average loss: 3.5460, Accuracy: 8273/31104 F1 (26%)

\Rotation: Average loss: 1.2176, Accuracy: 18315/31104 F1 (58%)

best acc class 26.597865
record record/multi/net_resnet34_painting
saving model
T painting Ep: 1100 lr0.00924714709232377 	 Loss Class: 0.020286 RotLab: 0.0291301216930151 Ent: 0.015987636521458626 RotUnl: 0.0291301216930151 

T painting Ep: 1200 lr0.009185154863590003 	 Loss Class: 0.024254 RotLab: 0.03295637294650078 Ent: 0.017918026074767113 RotUnl: 0.03295637294650078 

T painting Ep: 1300 lr0.00912412375903735 	 Loss Class: 0.012838 RotLab: 0.05005716159939766 Ent: 0.010827719233930111 RotUnl: 0.05005716159939766 

T painting Ep: 1400 lr0.009064030568061049 	 Loss Class: 0.015485 RotLab: 0.034884046763181686 Ent: 0.012252255342900753 RotUnl: 0.034884046763181686 

T painting Ep: 1500 lr0.009004852837753237 	 Loss Class: 0.027590 RotLab: 0.01755787990987301 Ent: 0.019206512719392776 RotUnl: 0.01755787990987301 

\Target: Average loss: 3.5907, Accuracy: 8277/31104 F1 (26%)

\Rotation: Average loss: 1.2501, Accuracy: 18523/31104 F1 (59%)

best acc class 26.610725
record record/multi/net_resnet34_painting
saving model
T painting Ep: 1600 lr0.008946568841842816 	 Loss Class: 0.019704 RotLab: 0.007562974933534861 Ent: 0.015474319458007812 RotUnl: 0.007562974933534861 

T painting Ep: 1700 lr0.008889157551163433 	 Loss Class: 0.014341 RotLab: 0.01577671431005001 Ent: 0.01188779715448618 RotUnl: 0.01577671431005001 

T painting Ep: 1800 lr0.008832598605562044 	 Loss Class: 0.014476 RotLab: 0.006315936800092459 Ent: 0.011803767643868923 RotUnl: 0.006315936800092459 

T painting Ep: 1900 lr0.008776872287166303 	 Loss Class: 0.013067 RotLab: 0.007294734474271536 Ent: 0.010484102182090282 RotUnl: 0.007294734474271536 

T painting Ep: 2000 lr0.008721959494934213 	 Loss Class: 0.019885 RotLab: 0.0076232850551605225 Ent: 0.015631837770342827 RotUnl: 0.0076232850551605225 

\Target: Average loss: 3.5695, Accuracy: 8306/31104 F1 (26%)

\Rotation: Average loss: 1.3653, Accuracy: 18428/31104 F1 (59%)

best acc class 26.703961
record record/multi/net_resnet34_painting
saving model
T painting Ep: 2100 lr0.008667841720414475 	 Loss Class: 0.012544 RotLab: 0.010335762985050678 Ent: 0.01059565506875515 RotUnl: 0.010335762985050678 

T painting Ep: 2200 lr0.008614501024650454 	 Loss Class: 0.010132 RotLab: 0.0038090546149760485 Ent: 0.008880763314664364 RotUnl: 0.0038090546149760485 

T painting Ep: 2300 lr0.008561920016164943 	 Loss Class: 0.008238 RotLab: 0.00501173734664917 Ent: 0.007519175298511982 RotUnl: 0.00501173734664917 

T painting Ep: 2400 lr0.008510081829966844 	 Loss Class: 0.009321 RotLab: 0.019034812226891518 Ent: 0.008208055980503559 RotUnl: 0.019034812226891518 

T painting Ep: 2500 lr0.008458970107524513 	 Loss Class: 0.012955 RotLab: 0.005497177597135305 Ent: 0.010965719819068909 RotUnl: 0.005497177597135305 

\Target: Average loss: 3.5396, Accuracy: 8522/31104 F1 (27%)

