Dataset multi Target painting Network resnet34 Num per class 3
126 classes in this dataset
THCudaCheck FAIL file=/opt/conda/conda-bld/pytorch_1535493744281/work/aten/src/THC/THCGeneral.cpp line=663 error=11 : invalid argument
T painting Ep: 0 lr0.01 	 Loss Class: 4.812267 RotLab: 1.4167271852493286 Ent: 0.4711553752422333 RotUnl: 1.3508273363113403 

T painting Ep: 100 lr0.009925650290240803 	 Loss Class: 0.463774 RotLab: 0.6948883533477783 Ent: 0.351904958486557 RotUnl: 0.8751489520072937 

T painting Ep: 200 lr0.009852577760521605 	 Loss Class: 0.123272 RotLab: 0.6424608826637268 Ent: 0.2877599895000458 RotUnl: 0.7320689558982849 

T painting Ep: 300 lr0.009780748269686728 	 Loss Class: 0.057582 RotLab: 0.203909233212471 Ent: 0.2560594975948334 RotUnl: 0.8065910339355469 

T painting Ep: 400 lr0.009710128909124701 	 Loss Class: 0.080126 RotLab: 0.17617519199848175 Ent: 0.2843947112560272 RotUnl: 1.0813583135604858 

T painting Ep: 500 lr0.00964068794694323 	 Loss Class: 0.092422 RotLab: 0.02632063627243042 Ent: 0.26334312558174133 RotUnl: 0.6353869438171387 

\Target: Average loss: 3.4636, Accuracy: 8561/31104 F1 (27%)

\Rotation: Average loss: 0.6193, Accuracy: 23713/31104 F1 (76%)

best acc class 27.523791
record record/multi/net_resnet34_painting
saving model
T painting Ep: 600 lr0.00957239477517603 	 Loss Class: 0.063296 RotLab: 0.07354751974344254 Ent: 0.258037269115448 RotUnl: 0.6818122863769531 

T painting Ep: 700 lr0.009505219859830012 	 Loss Class: 0.053322 RotLab: 0.02797197364270687 Ent: 0.26127806305885315 RotUnl: 0.498916357755661 

T painting Ep: 800 lr0.009439134693595126 	 Loss Class: 0.034486 RotLab: 0.08073177188634872 Ent: 0.27165326476097107 RotUnl: 0.9753187298774719 

T painting Ep: 900 lr0.009374111751051751 	 Loss Class: 0.087254 RotLab: 0.04289676621556282 Ent: 0.2545822560787201 RotUnl: 0.437459260225296 

T painting Ep: 1000 lr0.009310124446222227 	 Loss Class: 0.041027 RotLab: 0.053279418498277664 Ent: 0.2810157239437103 RotUnl: 0.7402608394622803 

\Target: Average loss: 3.5444, Accuracy: 8780/31104 F1 (28%)

\Rotation: Average loss: 0.4876, Accuracy: 25221/31104 F1 (81%)

best acc class 28.227881
record record/multi/net_resnet34_painting
saving model
T painting Ep: 1100 lr0.00924714709232377 	 Loss Class: 0.041486 RotLab: 0.04501499608159065 Ent: 0.2776634395122528 RotUnl: 0.5110760927200317 

T painting Ep: 1200 lr0.009185154863590003 	 Loss Class: 0.029675 RotLab: 0.0488663911819458 Ent: 0.2937735617160797 RotUnl: 0.40706226229667664 

T painting Ep: 1300 lr0.00912412375903735 	 Loss Class: 0.048582 RotLab: 0.04528595879673958 Ent: 0.2805976867675781 RotUnl: 0.662624180316925 

T painting Ep: 1400 lr0.009064030568061049 	 Loss Class: 0.040170 RotLab: 0.03779010847210884 Ent: 0.28275904059410095 RotUnl: 0.5636268258094788 

T painting Ep: 1500 lr0.009004852837753237 	 Loss Class: 0.033884 RotLab: 0.01476752758026123 Ent: 0.26140591502189636 RotUnl: 0.5230952501296997 

\Target: Average loss: 3.6343, Accuracy: 8752/31104 F1 (28%)

\Rotation: Average loss: 0.4528, Accuracy: 25764/31104 F1 (82%)

best acc class 28.227881
record record/multi/net_resnet34_painting
saving model
T painting Ep: 1600 lr0.008946568841842816 	 Loss Class: 0.087319 RotLab: 0.05138764902949333 Ent: 0.31395965814590454 RotUnl: 0.47022339701652527 

T painting Ep: 1700 lr0.008889157551163433 	 Loss Class: 0.030686 RotLab: 0.013957311399281025 Ent: 0.30143067240715027 RotUnl: 0.5724027156829834 

T painting Ep: 1800 lr0.008832598605562044 	 Loss Class: 0.039880 RotLab: 0.011291463859379292 Ent: 0.3054906725883484 RotUnl: 0.3531125783920288 

T painting Ep: 1900 lr0.008776872287166303 	 Loss Class: 0.046319 RotLab: 0.039494723081588745 Ent: 0.318785160779953 RotUnl: 0.39319291710853577 

T painting Ep: 2000 lr0.008721959494934213 	 Loss Class: 0.041395 RotLab: 0.010324140079319477 Ent: 0.2921089828014374 RotUnl: 0.51589435338974 

\Target: Average loss: 3.7478, Accuracy: 8563/31104 F1 (27%)

\Rotation: Average loss: 0.3948, Accuracy: 26376/31104 F1 (84%)

best acc class 28.227881
record record/multi/net_resnet34_painting
saving model
T painting Ep: 2100 lr0.008667841720414475 	 Loss Class: 0.042641 RotLab: 0.05521486699581146 Ent: 0.2909928858280182 RotUnl: 0.3674528896808624 

T painting Ep: 2200 lr0.008614501024650454 	 Loss Class: 0.043979 RotLab: 0.01565241813659668 Ent: 0.2925647795200348 RotUnl: 0.6945808529853821 

T painting Ep: 2300 lr0.008561920016164943 	 Loss Class: 0.045796 RotLab: 0.12527364492416382 Ent: 0.3006717562675476 RotUnl: 0.4039957523345947 

T painting Ep: 2400 lr0.008510081829966844 	 Loss Class: 0.036877 RotLab: 0.015882641077041626 Ent: 0.30739161372184753 RotUnl: 0.5799670219421387 

T painting Ep: 2500 lr0.008458970107524513 	 Loss Class: 0.061209 RotLab: 0.026550879701972008 Ent: 0.31785106658935547 RotUnl: 0.42080438137054443 

\Target: Average loss: 3.7490, Accuracy: 8739/31104 F1 (28%)

\Rotation: Average loss: 0.3518, Accuracy: 26818/31104 F1 (86%)

best acc class 28.227881
record record/multi/net_resnet34_painting
saving model
T painting Ep: 2600 lr0.008408568977653933 	 Loss Class: 0.040837 RotLab: 0.016866495832800865 Ent: 0.3262847065925598 RotUnl: 0.5347545146942139 

T painting Ep: 2700 lr0.00835886303827305 	 Loss Class: 0.053221 RotLab: 0.01792740821838379 Ent: 0.3308049142360687 RotUnl: 0.4327295124530792 

T painting Ep: 2800 lr0.008309837338976545 	 Loss Class: 0.033574 RotLab: 0.02401197887957096 Ent: 0.32856231927871704 RotUnl: 0.3956007957458496 

T painting Ep: 2900 lr0.008261477364388068 	 Loss Class: 0.047648 RotLab: 0.01284352969378233 Ent: 0.32051047682762146 RotUnl: 0.3294825255870819 

T painting Ep: 3000 lr0.008213769018249545 	 Loss Class: 0.034466 RotLab: 0.024557748809456825 Ent: 0.3170483708381653 RotUnl: 0.5640813708305359 

\Target: Average loss: 3.7916, Accuracy: 8909/31104 F1 (28%)

\Rotation: Average loss: 0.3218, Accuracy: 27172/31104 F1 (87%)

best acc class 28.642618
record record/multi/net_resnet34_painting
saving model
T painting Ep: 3100 lr0.008166698608209509 	 Loss Class: 0.046653 RotLab: 0.01053371001034975 Ent: 0.3281227946281433 RotUnl: 0.6297382712364197 

T painting Ep: 3200 lr0.008120252831274708 	 Loss Class: 0.049063 RotLab: 0.00643398379907012 Ent: 0.2912805378437042 RotUnl: 0.28388991951942444 

T painting Ep: 3300 lr0.008074418759891278 	 Loss Class: 0.033504 RotLab: 0.012559373863041401 Ent: 0.30588647723197937 RotUnl: 0.5202091932296753 

T painting Ep: 3400 lr0.008029183828623731 	 Loss Class: 0.044469 RotLab: 0.0051772394217550755 Ent: 0.3274455964565277 RotUnl: 0.4567723274230957 

T painting Ep: 3500 lr0.007984535821401871 	 Loss Class: 0.055981 RotLab: 0.016169339418411255 Ent: 0.29813385009765625 RotUnl: 0.541312575340271 

\Target: Average loss: 3.7918, Accuracy: 9091/31104 F1 (29%)

\Rotation: Average loss: 0.3282, Accuracy: 27216/31104 F1 (87%)

best acc class 29.227752
record record/multi/net_resnet34_painting
saving model
T painting Ep: 3600 lr0.007940462859307384 	 Loss Class: 0.029050 RotLab: 0.010794143192470074 Ent: 0.32496729493141174 RotUnl: 0.4708603620529175 

T painting Ep: 3700 lr0.007896953388873518 	 Loss Class: 0.054157 RotLab: 0.0063483319245278835 Ent: 0.3140028417110443 RotUnl: 0.13754738867282867 

T painting Ep: 3800 lr0.007853996170872714 	 Loss Class: 0.037929 RotLab: 0.010338525287806988 Ent: 0.3098488748073578 RotUnl: 0.16735239326953888 

T painting Ep: 3900 lr0.00781158026956848 	 Loss Class: 0.064187 RotLab: 0.02366217039525509 Ent: 0.31669187545776367 RotUnl: 0.21486879885196686 

T painting Ep: 4000 lr0.007769695042409123 	 Loss Class: 0.034008 RotLab: 0.00394025444984436 Ent: 0.3309270441532135 RotUnl: 0.20181351900100708 

\Target: Average loss: 3.8478, Accuracy: 9089/31104 F1 (29%)

\Rotation: Average loss: 0.3245, Accuracy: 27280/31104 F1 (87%)

best acc class 29.227752
record record/multi/net_resnet34_painting
saving model
T painting Ep: 4100 lr0.007728330130142108 	 Loss Class: 0.047205 RotLab: 0.006762246135622263 Ent: 0.30623453855514526 RotUnl: 0.2822420299053192 

T painting Ep: 4200 lr0.007687475447329114 	 Loss Class: 0.044350 RotLab: 0.011431694030761719 Ent: 0.31145697832107544 RotUnl: 0.24023838341236115 

T painting Ep: 4300 lr0.0076471211732427845 	 Loss Class: 0.049137 RotLab: 0.008260210044682026 Ent: 0.3258499205112457 RotUnl: 0.24844546616077423 

T painting Ep: 4400 lr0.007607257743127307 	 Loss Class: 0.048350 RotLab: 0.06322016566991806 Ent: 0.3151971399784088 RotUnl: 0.30204758048057556 

T painting Ep: 4500 lr0.007567875839805858 	 Loss Class: 0.023379 RotLab: 0.01789524219930172 Ent: 0.30301976203918457 RotUnl: 0.28007251024246216 

\Target: Average loss: 3.8675, Accuracy: 9187/31104 F1 (29%)

\Rotation: Average loss: 0.2763, Accuracy: 27767/31104 F1 (89%)

best acc class 29.536394
record record/multi/net_resnet34_painting
saving model
T painting Ep: 4600 lr0.007528966385618854 	 Loss Class: 0.045210 RotLab: 0.010968168266117573 Ent: 0.3109528422355652 RotUnl: 0.22408318519592285 

T painting Ep: 4700 lr0.007490520534677821 	 Loss Class: 0.053030 RotLab: 0.004673779010772705 Ent: 0.31546255946159363 RotUnl: 0.46958422660827637 

T painting Ep: 4800 lr0.007452529665420465 	 Loss Class: 0.053000 RotLab: 0.0033930938225239515 Ent: 0.3017822206020355 RotUnl: 0.18379373848438263 

T painting Ep: 4900 lr0.007414985373453289 	 Loss Class: 0.037502 RotLab: 0.043902259320020676 Ent: 0.30109700560569763 RotUnl: 0.3223521113395691 

T painting Ep: 5000 lr0.007377879464668811 	 Loss Class: 0.044883 RotLab: 0.005713413003832102 Ent: 0.29052525758743286 RotUnl: 0.2080126851797104 

\Target: Average loss: 3.8219, Accuracy: 9509/31104 F1 (30%)

\Rotation: Average loss: 0.2611, Accuracy: 27949/31104 F1 (89%)

best acc class 30.571631
record record/multi/net_resnet34_painting
saving model
T painting Ep: 5100 lr0.007341203948625087 	 Loss Class: 0.038437 RotLab: 0.019402334466576576 Ent: 0.3121165931224823 RotUnl: 0.3522394895553589 

T painting Ep: 5200 lr0.007304951032175895 	 Loss Class: 0.041247 RotLab: 0.004363676067441702 Ent: 0.3165925443172455 RotUnl: 0.2889285981655121 

T painting Ep: 5300 lr0.007269113113340497 	 Loss Class: 0.047283 RotLab: 0.0628146156668663 Ent: 0.2823871374130249 RotUnl: 0.2226891666650772 

T painting Ep: 5400 lr0.007233682775402483 	 Loss Class: 0.055833 RotLab: 0.003387828590348363 Ent: 0.29110240936279297 RotUnl: 0.3756456673145294 

T painting Ep: 5500 lr0.007198652781227704 	 Loss Class: 0.027492 RotLab: 0.003329833270981908 Ent: 0.2914005219936371 RotUnl: 0.0808427706360817 

\Target: Average loss: 3.8220, Accuracy: 9574/31104 F1 (30%)

\Rotation: Average loss: 0.2558, Accuracy: 28073/31104 F1 (90%)

best acc class 30.780607
record record/multi/net_resnet34_painting
saving model
T painting Ep: 5600 lr0.007164016067791809 	 Loss Class: 0.054698 RotLab: 0.024180123582482338 Ent: 0.34720322489738464 RotUnl: 0.1879597157239914 

T painting Ep: 5700 lr0.0071297657409083726 	 Loss Class: 0.054141 RotLab: 0.0021996896248310804 Ent: 0.2895343005657196 RotUnl: 0.26620277762413025 

T painting Ep: 5800 lr0.0070958950701490225 	 Loss Class: 0.029620 RotLab: 0.020806580781936646 Ent: 0.3221120536327362 RotUnl: 0.26111283898353577 

T painting Ep: 5900 lr0.007062397483947426 	 Loss Class: 0.042909 RotLab: 0.0038990378379821777 Ent: 0.3147224187850952 RotUnl: 0.2110278606414795 

T painting Ep: 6000 lr0.007029266564879363 	 Loss Class: 0.036459 RotLab: 0.0018088420620188117 Ent: 0.30553603172302246 RotUnl: 0.2963237464427948 

\Target: Average loss: 3.8452, Accuracy: 9619/31104 F1 (30%)

\Rotation: Average loss: 0.2322, Accuracy: 28271/31104 F1 (90%)

best acc class 30.925283
record record/multi/net_resnet34_painting
saving model
T painting Ep: 6100 lr0.006996496045111504 	 Loss Class: 0.060163 RotLab: 0.005817075725644827 Ent: 0.2966825067996979 RotUnl: 0.18739067018032074 

T painting Ep: 6200 lr0.00696407980201184 	 Loss Class: 0.043701 RotLab: 0.0008888840675354004 Ent: 0.2864736318588257 RotUnl: 0.31707414984703064 

T painting Ep: 6300 lr0.006932011853915101 	 Loss Class: 0.039421 RotLab: 0.008829752914607525 Ent: 0.291543185710907 RotUnl: 0.25123903155326843 

T painting Ep: 6400 lr0.006900286356036734 	 Loss Class: 0.042089 RotLab: 0.0021580855827778578 Ent: 0.30739936232566833 RotUnl: 0.23853914439678192 

T painting Ep: 6500 lr0.006868897596529406 	 Loss Class: 0.054210 RotLab: 0.0033480722922831774 Ent: 0.30296435952186584 RotUnl: 0.3811403512954712 

\Target: Average loss: 3.8300, Accuracy: 9746/31104 F1 (31%)

\Rotation: Average loss: 0.2291, Accuracy: 28333/31104 F1 (91%)

best acc class 31.333591
record record/multi/net_resnet34_painting
saving model
T painting Ep: 6600 lr0.006837839992676177 	 Loss Class: 0.058020 RotLab: 0.0018500486621633172 Ent: 0.29995307326316833 RotUnl: 0.27794021368026733 

T painting Ep: 6700 lr0.006807108087214876 	 Loss Class: 0.043592 RotLab: 0.0008731285925023258 Ent: 0.27919691801071167 RotUnl: 0.49622392654418945 

T painting Ep: 6800 lr0.006776696544788352 	 Loss Class: 0.043805 RotLab: 0.014520108699798584 Ent: 0.2894858419895172 RotUnl: 0.2502059042453766 

T painting Ep: 6900 lr0.006746600148515609 	 Loss Class: 0.050541 RotLab: 0.0009556412696838379 Ent: 0.32213446497917175 RotUnl: 0.266514390707016 

T painting Ep: 7000 lr0.006716813796678979 	 Loss Class: 0.062153 RotLab: 0.031129440292716026 Ent: 0.3086097538471222 RotUnl: 0.092084139585495 

\Target: Average loss: 3.8505, Accuracy: 9855/31104 F1 (31%)

\Rotation: Average loss: 0.2254, Accuracy: 28454/31104 F1 (91%)

best acc class 31.684028
record record/multi/net_resnet34_painting
saving model
T painting Ep: 7100 lr0.006687332499522798 	 Loss Class: 0.058181 RotLab: 0.0020248692017048597 Ent: 0.32880479097366333 RotUnl: 0.46549248695373535 

T painting Ep: 7200 lr0.006658151376159165 	 Loss Class: 0.051808 RotLab: 0.05092750862240791 Ent: 0.32654330134391785 RotUnl: 0.10608634352684021 

T painting Ep: 7300 lr0.00662926565157663 	 Loss Class: 0.052373 RotLab: 0.007803311105817556 Ent: 0.33524855971336365 RotUnl: 0.11720103770494461 

T painting Ep: 7400 lr0.006600670653747793 	 Loss Class: 0.055298 RotLab: 0.00433484697714448 Ent: 0.2752991318702698 RotUnl: 0.15577539801597595 

T painting Ep: 7500 lr0.0065723618108320175 	 Loss Class: 0.052887 RotLab: 0.009539504535496235 Ent: 0.27401503920555115 RotUnl: 0.4250718057155609 

\Target: Average loss: 3.8112, Accuracy: 10100/31104 F1 (32%)

\Rotation: Average loss: 0.2079, Accuracy: 28640/31104 F1 (92%)

best acc class 32.471708
record record/multi/net_resnet34_painting
saving model
T painting Ep: 7600 lr0.006544334648469591 	 Loss Class: 0.044675 RotLab: 0.004165947437286377 Ent: 0.31505751609802246 RotUnl: 0.2999527156352997 

T painting Ep: 7700 lr0.006516584787163857 	 Loss Class: 0.050301 RotLab: 0.005878339055925608 Ent: 0.2968295216560364 RotUnl: 0.3696163594722748 

T painting Ep: 7800 lr0.006489107939747966 	 Loss Class: 0.043675 RotLab: 0.015779420733451843 Ent: 0.3021332919597626 RotUnl: 0.40131279826164246 

T painting Ep: 7900 lr0.0064618999089330565 	 Loss Class: 0.058159 RotLab: 0.007206837181001902 Ent: 0.2935667634010315 RotUnl: 0.1710480898618698 

T painting Ep: 8000 lr0.006434956584934828 	 Loss Class: 0.072027 RotLab: 0.00324026751331985 Ent: 0.28593966364860535 RotUnl: 0.1872205138206482 

\Target: Average loss: 3.8195, Accuracy: 10143/31104 F1 (32%)

\Rotation: Average loss: 0.1929, Accuracy: 28785/31104 F1 (92%)

best acc class 32.609954
record record/multi/net_resnet34_painting
saving model
T painting Ep: 8100 lr0.006408273943175546 	 Loss Class: 0.037347 RotLab: 0.004839301109313965 Ent: 0.30009725689888 RotUnl: 0.22544877231121063 

T painting Ep: 8200 lr0.006381848042058713 	 Loss Class: 0.041771 RotLab: 0.0017330050468444824 Ent: 0.32659563422203064 RotUnl: 0.3919207751750946 

T painting Ep: 8300 lr0.0063556750208137005 	 Loss Class: 0.063222 RotLab: 0.0028348464984446764 Ent: 0.2882522642612457 RotUnl: 0.10805726796388626 

T painting Ep: 8400 lr0.006329751097407787 	 Loss Class: 0.058001 RotLab: 0.0009992321720346808 Ent: 0.2981065809726715 RotUnl: 0.08730507642030716 

T painting Ep: 8500 lr0.0063040725665231365 	 Loss Class: 0.046497 RotLab: 0.0031685035210102797 Ent: 0.2844540476799011 RotUnl: 0.20345087349414825 

\Target: Average loss: 3.8408, Accuracy: 10143/31104 F1 (32%)

\Rotation: Average loss: 0.1876, Accuracy: 28874/31104 F1 (92%)

best acc class 32.609954
record record/multi/net_resnet34_painting
saving model
T painting Ep: 8600 lr0.006278635797596355 	 Loss Class: 0.042361 RotLab: 0.004492481704801321 Ent: 0.28530174493789673 RotUnl: 0.2580077052116394 

T painting Ep: 8700 lr0.006253437232918371 	 Loss Class: 0.064451 RotLab: 0.0019509991398081183 Ent: 0.2725065052509308 RotUnl: 0.13099557161331177 

T painting Ep: 8800 lr0.0062284733857924735 	 Loss Class: 0.061633 RotLab: 0.003169019939377904 Ent: 0.294604629278183 RotUnl: 0.14887265861034393 

T painting Ep: 8900 lr0.006203740838748417 	 Loss Class: 0.045340 RotLab: 0.0014367103576660156 Ent: 0.2975907027721405 RotUnl: 0.22989995777606964 

T painting Ep: 9000 lr0.006179236241810624 	 Loss Class: 0.057270 RotLab: 0.003042976139113307 Ent: 0.2810281217098236 RotUnl: 0.13952170312404633 

\Target: Average loss: 3.8295, Accuracy: 10266/31104 F1 (33%)

\Rotation: Average loss: 0.1666, Accuracy: 29154/31104 F1 (93%)

best acc class 33.005401
record record/multi/net_resnet34_painting
saving model
T painting Ep: 9100 lr0.006154956310818535 	 Loss Class: 0.037294 RotLab: 0.0021163225173950195 Ent: 0.30439671874046326 RotUnl: 0.2761135399341583 

T painting Ep: 9200 lr0.0061308978257973165 	 Loss Class: 0.046558 RotLab: 0.00297691416926682 Ent: 0.2676164507865906 RotUnl: 0.14116467535495758 

T painting Ep: 9300 lr0.0061070576293771285 	 Loss Class: 0.052416 RotLab: 0.016072183847427368 Ent: 0.30894774198532104 RotUnl: 0.19354753196239471 

T painting Ep: 9400 lr0.006083432625259276 	 Loss Class: 0.045395 RotLab: 0.002648651599884033 Ent: 0.286760538816452 RotUnl: 0.10112728923559189 

T painting Ep: 9500 lr0.006060019776727621 	 Loss Class: 0.052532 RotLab: 0.003353635547682643 Ent: 0.27512064576148987 RotUnl: 0.11737964302301407 

\Target: Average loss: 3.8406, Accuracy: 10312/31104 F1 (33%)

\Rotation: Average loss: 0.1756, Accuracy: 29040/31104 F1 (93%)

best acc class 33.153292
record record/multi/net_resnet34_painting
saving model
T painting Ep: 9600 lr0.00603681610520369 	 Loss Class: 0.053601 RotLab: 0.005804290529340506 Ent: 0.27862727642059326 RotUnl: 0.14812041819095612 

T painting Ep: 9700 lr0.0060138186888439825 	 Loss Class: 0.055821 RotLab: 0.00479656457901001 Ent: 0.30323314666748047 RotUnl: 0.2320670336484909 

T painting Ep: 9800 lr0.005991024661178045 	 Loss Class: 0.060274 RotLab: 0.009326119907200336 Ent: 0.2862156331539154 RotUnl: 0.2843763530254364 

T painting Ep: 9900 lr0.0059684312097859115 	 Loss Class: 0.041138 RotLab: 0.0014194846153259277 Ent: 0.2665384113788605 RotUnl: 0.2929568886756897 

T painting Ep: 10000 lr0.005946035575013605 	 Loss Class: 0.058913 RotLab: 0.0023512046318501234 Ent: 0.32607513666152954 RotUnl: 0.22133220732212067 

\Target: Average loss: 3.8551, Accuracy: 10419/31104 F1 (33%)

\Rotation: Average loss: 0.1584, Accuracy: 29260/31104 F1 (94%)

best acc class 33.497299
record record/multi/net_resnet34_painting
saving model
T painting Ep: 10100 lr0.005923835048725393 	 Loss Class: 0.040929 RotLab: 0.0075757503509521484 Ent: 0.3113173246383667 RotUnl: 0.1844480037689209 

T painting Ep: 10200 lr0.005901826973091593 	 Loss Class: 0.061461 RotLab: 0.0006137092714197934 Ent: 0.2670809328556061 RotUnl: 0.3696976900100708 

T painting Ep: 10300 lr0.005880008739410735 	 Loss Class: 0.064859 RotLab: 0.0033831000328063965 Ent: 0.30819347500801086 RotUnl: 0.05464344844222069 

T painting Ep: 10400 lr0.005858377786964935 	 Loss Class: 0.049495 RotLab: 0.0063532195053994656 Ent: 0.27293911576271057 RotUnl: 0.1286092847585678 

T painting Ep: 10500 lr0.005836931601907399 	 Loss Class: 0.062067 RotLab: 0.0006024439935572445 Ent: 0.29636457562446594 RotUnl: 0.17725081741809845 

