Dataset multi Source real Target sketch Labeled num perclass 3 Network resnet34
126 classes in this dataset
Labelled Source Examples:  70358
Unlabelled Target Dataset Size:  23826
Labelled Target Dataset Size:  378
Misc. Labelled Target Dataset Size:  378
Bank keys - Target:  dict_keys(['feat_vec', 'labels', 'names', 'domain_identifier']) Source:  dict_keys(['feat_vec', 'labels', 'names', 'domain_identifier'])
Num  - Target:  23826 Source:  70358
Unlabeled Target Data Batches: 496
S real T sketch Train Ep: 0 lr0.01 	 Loss Classification: 5.039692 Loss T 0.470790 Method MME

24
24
24
24
24
24
24
24
24
24
24
24
24
24
24
24
tensor(1134.)

Labeled Target set: Average loss: 4.9458, Accuracy: 10/1134 F1 (0.8818%)


Test set: Average loss: 4.9451, Accuracy: 226/23808 F1 (0.9493%)


Val set: Average loss: 4.9283, Accuracy: 4/360 F1 (1.1111%)

best acc test 0.949261  acc val 1.111111 acc labeled target 0.881834
saving model...
S real T sketch Train Ep: 100 lr0.009925650290240803 	 Loss Classification: 1.303589 Loss T 0.281260 Method MME

S real T sketch Train Ep: 200 lr0.009852577760521605 	 Loss Classification: 1.256638 Loss T 0.216551 Method MME

S real T sketch Train Ep: 300 lr0.009780748269686728 	 Loss Classification: 0.666497 Loss T 0.201928 Method MME

S real T sketch Train Ep: 400 lr0.009710128909124701 	 Loss Classification: 0.976555 Loss T 0.183850 Method MME

S real T sketch Train Ep: 500 lr0.00964068794694323 	 Loss Classification: 0.667592 Loss T 0.162200 Method MME

24
24
24
24
24
24
24
24
24
24
24
24
24
24
24
24
tensor(1134.)

Labeled Target set: Average loss: 2.6695, Accuracy: 468/1134 F1 (41.2698%)


Test set: Average loss: 2.5403, Accuracy: 11102/23808 F1 (46.6314%)


Val set: Average loss: 2.4199, Accuracy: 175/360 F1 (48.6111%)

best acc test 46.631384  acc val 48.611111 acc labeled target 41.269841
saving model...
S real T sketch Train Ep: 600 lr0.00957239477517603 	 Loss Classification: 0.157301 Loss T 0.173255 Method MME

S real T sketch Train Ep: 700 lr0.009505219859830012 	 Loss Classification: 0.832716 Loss T 0.181323 Method MME

S real T sketch Train Ep: 800 lr0.009439134693595126 	 Loss Classification: 0.918227 Loss T 0.165019 Method MME

S real T sketch Train Ep: 900 lr0.009374111751051751 	 Loss Classification: 0.505065 Loss T 0.129868 Method MME

S real T sketch Train Ep: 1000 lr0.009310124446222227 	 Loss Classification: 0.545247 Loss T 0.119459 Method MME

24
24
24
24
24
24
24
24
24
24
24
24
24
24
24
24
tensor(1134.)

Labeled Target set: Average loss: 2.3041, Accuracy: 595/1134 F1 (52.4691%)


Test set: Average loss: 2.3483, Accuracy: 12150/23808 F1 (51.0333%)


Val set: Average loss: 2.1520, Accuracy: 193/360 F1 (53.6111%)

best acc test 51.033266  acc val 53.611111 acc labeled target 52.469136
saving model...
S real T sketch Train Ep: 1100 lr0.00924714709232377 	 Loss Classification: 0.545323 Loss T 0.132856 Method MME

S real T sketch Train Ep: 1200 lr0.009185154863590003 	 Loss Classification: 1.121625 Loss T 0.124434 Method MME

S real T sketch Train Ep: 1300 lr0.00912412375903735 	 Loss Classification: 0.911449 Loss T 0.121485 Method MME

S real T sketch Train Ep: 1400 lr0.009064030568061049 	 Loss Classification: 0.666651 Loss T 0.116120 Method MME

S real T sketch Train Ep: 1500 lr0.009004852837753237 	 Loss Classification: 0.374812 Loss T 0.115913 Method MME

24
24
24
24
24
24
24
24
24
24
24
24
24
24
24
24
tensor(1134.)

Labeled Target set: Average loss: 2.3431, Accuracy: 578/1134 F1 (50.9700%)


Test set: Average loss: 2.2400, Accuracy: 13036/23808 F1 (54.7547%)


Val set: Average loss: 2.0817, Accuracy: 196/360 F1 (54.4444%)

best acc test 54.754704  acc val 54.444444 acc labeled target 50.970018
saving model...
S real T sketch Train Ep: 1600 lr0.008946568841842816 	 Loss Classification: 0.539792 Loss T 0.123367 Method MME

S real T sketch Train Ep: 1700 lr0.008889157551163433 	 Loss Classification: 0.824629 Loss T 0.124985 Method MME

S real T sketch Train Ep: 1800 lr0.008832598605562044 	 Loss Classification: 0.880335 Loss T 0.112435 Method MME

S real T sketch Train Ep: 1900 lr0.008776872287166303 	 Loss Classification: 0.372893 Loss T 0.131779 Method MME

Per Class Accuracy Calculated According to the Labelled Target examples is:  [1.         1.         0.7777778  0.33333334 0.44444445 0.22222222
 0.5555556  0.7777778  0.6666667  0.11111111 0.8888889  0.7777778
 0.         0.         0.7777778  0.6666667  1.         1.
 0.44444445 0.11111111 0.6666667  0.6666667  0.33333334 0.33333334
 0.22222222 0.33333334 0.         0.22222222 0.44444445 0.33333334
 0.         0.33333334 0.22222222 1.         0.11111111 0.5555556
 0.22222222 0.         0.44444445 0.5555556  0.7777778  0.44444445
 0.         0.11111111 0.44444445 0.5555556  1.         0.5555556
 0.5555556  1.         0.33333334 0.22222222 1.         0.44444445
 0.33333334 0.44444445 0.6666667  0.8888889  0.6666667  0.5555556
 1.         0.33333334 0.7777778  0.33333334 0.44444445 0.33333334
 0.         0.6666667  0.         0.7777778  0.         0.11111111
 0.7777778  0.33333334 0.7777778  0.33333334 0.5555556  0.7777778
 0.7777778  1.         0.22222222 0.33333334 0.33333334 0.5555556
 0.6666667  0.6666667  1.         0.6666667  0.33333334 0.6666667
 0.22222222 1.         0.5555556  0.7777778  1.         0.33333334
 0.6666667  0.8888889  0.5555556  0.33333334 0.7777778  0.6666667
 0.6666667  0.33333334 0.6666667  0.         0.33333334 0.5555556
 0.11111111 0.6666667  0.33333334 0.5555556  0.6666667  0.8888889
 0.8888889  1.         0.         0.6666667  0.         0.22222222
 0.33333334 0.8888889  0.5555556  0.         0.         1.        ]
Top k classes which perform poorly are:  [12, 70, 68, 30, 66, 37, 116, 13, 42, 26, 105, 124, 118, 123, 43, 71, 34, 19, 108, 9, 80, 27, 119, 36, 32, 51, 24, 5, 90, 3, 73, 75, 61, 106, 103, 54, 99, 81, 110, 95, 65, 82, 120, 63, 31, 88, 29, 22, 23, 50, 25, 53, 55, 44, 41, 38, 28, 18, 4, 64, 83, 92, 98, 107, 76, 111, 47, 35, 6, 39, 122, 48, 59, 45, 89, 112, 15, 58, 101, 102, 104, 8, 109, 96, 87, 20, 84, 21, 67, 56, 117, 85, 14, 2, 7, 69, 72, 100, 11, 62, 74, 77, 78, 93, 40, 10, 113, 57, 121, 97, 114, 115, 0, 91, 86, 79, 60, 52, 49, 46, 33, 17, 16, 1, 94, 125]
Per cls weights according to the accuracy are:  tensor([1.5586, 1.9881, 1.5815, 1.5586, 1.5993, 1.6034, 1.7330, 1.7088, 1.7606,
        1.5933, 1.6518, 2.0082, 1.5188, 1.5567, 1.6074, 1.6054, 1.8271, 2.1001,
        1.5419, 1.5419, 1.5933, 1.6673, 1.6562, 1.5401, 1.5604, 1.6115, 1.5680,
        1.5953, 1.6136, 1.5085, 1.5383, 1.5068, 1.5456, 1.5136, 1.5383, 1.5136,
        1.5294, 1.5276, 1.7683, 1.7064, 1.7088, 1.7232, 1.5586, 1.5456, 1.7683,
        1.6854, 1.7017, 2.3276, 1.7972, 2.2582, 1.6673, 1.6994, 1.7530, 1.6136,
        1.6366, 1.7017, 1.7112, 1.6718, 1.7972, 1.9652, 1.8079, 1.5365, 1.8299,
        1.7379, 1.6763, 1.5329, 1.5953, 1.8079, 1.5438, 1.7404, 1.5223, 1.5993,
        1.6584, 1.7088, 1.6013, 1.5017, 1.5604, 1.8496, 1.6650, 1.6261, 1.5051,
        1.5383, 1.5136, 1.5205, 1.9086, 1.6877, 1.6740, 1.7734, 1.5000, 1.5623,
        1.7760, 1.6970, 1.7306, 1.7760, 1.7813, 1.8995, 1.6156, 1.8052, 1.5188,
        2.0219, 2.2582, 1.6282, 1.9555, 2.1686, 1.8216, 1.6584, 1.5835, 1.5776,
        1.5051, 1.5796, 1.5757, 1.7088, 2.2624, 1.9717, 1.6324, 2.1884, 1.5567,
        2.3276, 1.5068, 1.6606, 2.1339, 2.0965, 1.6453, 1.5223, 1.5661, 2.1415],
       dtype=torch.float64)
0
1
2
3
4
5
6
7
8
9
10
11
12
13
14
15
16
17
18
19
20
21
22
23
24
25
26
27
28
29
30
31
32
33
34
35
36
37
38
39
40
41
42
43
44
45
46
47
48
49
50
51
52
53
54
55
56
57
58
59
60
61
62
63
64
65
66
67
68
69
70
71
72
73
74
75
76
77
78
79
80
81
82
83
84
85
86
87
88
89
90
91
92
93
94
95
96
97
98
99
100
101
102
103
104
105
106
107
108
109
110
111
112
113
114
115
116
117
118
119
120
121
122
123
124
125
126
127
128
129
130
131
132
133
134
135
136
137
138
139
140
141
142
143
144
145
146
147
148
149
150
151
152
153
154
155
156
157
158
159
160
161
162
163
164
165
166
167
168
169
170
171
172
173
174
175
176
177
178
179
180
181
182
183
184
185
186
187
188
189
190
191
192
193
194
195
196
197
198
199
200
201
202
203
204
205
206
207
208
209
210
211
212
213
214
215
216
217
218
219
220
221
222
223
224
225
226
227
228
229
230
231
232
233
234
235
236
237
238
239
240
241
242
243
244
245
246
247
248
249
250
251
252
253
254
255
256
257
258
259
260
261
262
263
264
265
266
267
268
269
270
271
272
273
274
275
276
277
278
279
280
281
282
283
284
285
286
287
288
289
290
291
292
293
294
295
296
297
298
299
300
301
302
303
304
305
306
307
308
309
310
311
312
313
314
315
316
317
318
319
320
321
322
323
324
325
326
327
328
329
330
331
332
333
334
335
336
337
338
339
340
341
342
343
344
345
346
347
348
349
350
351
352
353
354
355
356
357
358
359
360
361
362
363
364
365
366
367
368
369
370
371
372
373
374
375
376
377
Per cls weights according to the accuracy are:  tensor([ 0.4414,  0.0119,  0.4185,  0.4414,  0.4007,  0.3966,  0.2670,  0.2912,
         0.2394,  0.4067,  0.3482, -0.0082,  0.4812,  0.4433,  0.3926,  0.3946,
         0.1729, -0.1001,  0.4581,  0.4581,  0.4067,  0.3327,  0.3438,  0.4599,
         0.4396,  0.3885,  0.4320,  0.4047,  0.3864,  0.4915,  0.4617,  0.4932,
         0.4544,  0.4864,  0.4617,  0.4864,  0.4706,  0.4724,  0.2317,  0.2936,
         0.2912,  0.2768,  0.4414,  0.4544,  0.2317,  0.3146,  0.2983, -0.3276,
         0.2028, -0.2582,  0.3327,  0.3006,  0.2470,  0.3864,  0.3634,  0.2983,
         0.2888,  0.3282,  0.2028,  0.0348,  0.1921,  0.4635,  0.1701,  0.2621,
         0.3237,  0.4671,  0.4047,  0.1921,  0.4562,  0.2596,  0.4777,  0.4007,
         0.3416,  0.2912,  0.3987,  0.4983,  0.4396,  0.1504,  0.3350,  0.3739,
         0.4949,  0.4617,  0.4864,  0.4795,  0.0914,  0.3123,  0.3260,  0.2266,
         0.5000,  0.4377,  0.2240,  0.3030,  0.2694,  0.2240,  0.2187,  0.1005,
         0.3844,  0.1948,  0.4812, -0.0219, -0.2582,  0.3718,  0.0445, -0.1686,
         0.1784,  0.3416,  0.4165,  0.4224,  0.4949,  0.4204,  0.4243,  0.2912,
        -0.2624,  0.0283,  0.3676, -0.1884,  0.4433, -0.3276,  0.4932,  0.3394,
        -0.1339, -0.0965,  0.3547,  0.4777,  0.4339, -0.1415],
       dtype=torch.float64)
0
1
2
3
4
5
6
7
8
9
10
11
12
13
14
15
16
17
18
19
20
21
22
23
24
25
26
27
28
29
30
31
32
33
34
35
36
37
38
39
40
41
42
43
44
45
46
47
48
49
50
51
52
53
54
55
56
57
58
59
60
61
62
63
64
65
66
67
68
69
70
71
72
73
74
75
76
77
78
79
80
81
82
83
84
85
86
87
88
89
90
91
92
93
94
95
96
97
98
99
100
101
102
103
104
105
106
107
108
109
110
111
112
113
114
115
116
117
118
119
120
121
122
123
124
125
126
127
128
129
130
131
132
133
134
135
136
137
138
139
140
141
142
143
144
145
146
147
148
149
150
151
152
153
154
155
156
157
158
159
160
161
162
163
164
165
166
167
168
169
170
171
172
173
174
175
176
177
178
179
180
181
182
183
184
185
186
187
188
189
190
191
192
193
194
195
196
197
198
199
200
201
202
203
204
205
206
207
208
209
210
211
212
213
214
215
216
217
218
219
220
221
222
223
224
225
226
227
228
229
230
231
232
233
234
235
236
237
238
239
240
241
242
243
244
245
246
247
248
249
250
251
252
253
254
255
256
257
258
259
260
261
262
263
264
265
266
267
268
269
270
271
272
273
274
275
276
277
278
279
280
281
282
283
284
285
286
287
288
289
290
291
292
293
294
295
296
297
298
299
300
301
302
303
304
305
306
307
308
309
310
311
312
313
314
315
316
317
318
319
320
321
322
323
324
325
326
327
328
329
330
331
332
333
334
335
336
337
338
339
340
341
342
343
344
345
346
347
348
349
350
351
352
353
354
355
356
357
358
359
360
361
362
363
364
365
366
367
368
369
370
371
372
373
374
375
376
377
Assigned Classwise weights to source
S real T sketch Train Ep: 2000 lr0.008721959494934213 	 Loss Classification: 0.716332 Loss T 0.120703 Method MME

24
24
24
24
24
24
24
24
24
24
24
24
24
24
24
24
tensor(1134.)

Labeled Target set: Average loss: 2.5169, Accuracy: 539/1134 F1 (47.5309%)


Test set: Average loss: 2.3986, Accuracy: 12558/23808 F1 (52.7470%)


Val set: Average loss: 2.3829, Accuracy: 186/360 F1 (51.6667%)

best acc test 54.754704  acc val 51.666667 acc labeled target 47.530864
saving model...
S real T sketch Train Ep: 2100 lr0.008667841720414475 	 Loss Classification: 0.666507 Loss T 0.114419 Method MME

S real T sketch Train Ep: 2200 lr0.008614501024650454 	 Loss Classification: 0.516441 Loss T 0.099753 Method MME

S real T sketch Train Ep: 2300 lr0.008561920016164943 	 Loss Classification: 1.436379 Loss T 0.114324 Method MME

S real T sketch Train Ep: 2400 lr0.008510081829966844 	 Loss Classification: 0.400182 Loss T 0.146108 Method MME

S real T sketch Train Ep: 2500 lr0.008458970107524513 	 Loss Classification: 0.605527 Loss T 0.128034 Method MME

24
24
24
24
24
24
24
24
24
24
24
24
24
24
24
24
tensor(1134.)

Labeled Target set: Average loss: 2.2319, Accuracy: 620/1134 F1 (54.6737%)


Test set: Average loss: 2.1930, Accuracy: 13603/23808 F1 (57.1363%)


Val set: Average loss: 2.0367, Accuracy: 207/360 F1 (57.5000%)

best acc test 57.136257  acc val 57.500000 acc labeled target 54.673721
saving model...
S real T sketch Train Ep: 2600 lr0.008408568977653933 	 Loss Classification: 1.306353 Loss T 0.099915 Method MME

S real T sketch Train Ep: 2700 lr0.00835886303827305 	 Loss Classification: 1.389025 Loss T 0.127784 Method MME

S real T sketch Train Ep: 2800 lr0.008309837338976545 	 Loss Classification: 0.825324 Loss T 0.119869 Method MME

S real T sketch Train Ep: 2900 lr0.008261477364388068 	 Loss Classification: 0.627119 Loss T 0.103534 Method MME

Per Class Accuracy Calculated According to the Labelled Target examples is:  [0.8888889  1.         0.44444445 0.33333334 1.         0.33333334
 0.44444445 1.         0.6666667  0.         0.8888889  1.
 0.         0.         1.         0.6666667  1.         1.
 0.22222222 0.22222222 0.7777778  1.         0.11111111 0.33333334
 0.33333334 0.33333334 0.         1.         0.6666667  0.33333334
 0.6666667  0.33333334 0.5555556  0.6666667  0.8888889  0.
 0.         0.         0.6666667  0.5555556  0.7777778  0.8888889
 0.6666667  0.22222222 0.5555556  0.5555556  1.         1.
 0.44444445 1.         0.33333334 0.11111111 1.         0.5555556
 0.6666667  0.44444445 0.44444445 0.7777778  1.         0.7777778
 1.         0.22222222 0.8888889  0.44444445 0.5555556  0.44444445
 0.11111111 0.8888889  0.11111111 0.8888889  0.11111111 0.22222222
 0.5555556  0.33333334 0.8888889  0.33333334 0.33333334 1.
 1.         1.         0.         0.44444445 0.33333334 0.7777778
 0.33333334 0.         0.7777778  0.6666667  0.33333334 0.5555556
 0.11111111 1.         0.6666667  0.8888889  1.         0.5555556
 0.5555556  0.6666667  0.22222222 0.33333334 0.7777778  0.44444445
 0.6666667  0.5555556  0.6666667  0.         0.33333334 0.5555556
 0.         0.33333334 0.5555556  0.44444445 0.6666667  0.8888889
 0.44444445 1.         0.11111111 0.6666667  0.         0.33333334
 0.7777778  0.8888889  0.6666667  0.         0.         1.        ]
Top k classes which perform poorly are:  [105, 80, 35, 26, 36, 37, 118, 13, 12, 85, 123, 108, 124, 9, 66, 51, 22, 70, 90, 68, 116, 18, 19, 43, 71, 98, 61, 75, 73, 50, 76, 109, 119, 3, 5, 88, 31, 84, 82, 29, 23, 24, 25, 99, 106, 114, 2, 56, 55, 63, 101, 48, 65, 81, 111, 6, 72, 64, 103, 89, 95, 53, 107, 96, 110, 45, 44, 39, 32, 38, 117, 8, 122, 28, 30, 92, 87, 112, 102, 15, 97, 42, 104, 54, 33, 120, 57, 100, 83, 20, 59, 40, 86, 121, 113, 0, 62, 93, 10, 34, 67, 69, 41, 74, 77, 1, 4, 7, 91, 11, 14, 16, 17, 115, 21, 79, 94, 46, 47, 49, 52, 58, 60, 78, 27, 125]
Per cls weights according to the accuracy are:  tensor([1.5645, 1.9047, 1.5815, 1.5675, 1.6153, 1.6237, 1.7351, 1.7117, 1.8595,
        1.5846, 1.6373, 2.0352, 1.5349, 1.5569, 1.6170, 1.6104, 1.8503, 2.2235,
        1.5407, 1.5305, 1.5799, 1.6891, 1.6407, 1.5334, 1.5675, 1.6137, 1.5584,
        1.6170, 1.6654, 1.5137, 1.5450, 1.5054, 1.5465, 1.5109, 1.5450, 1.5109,
        1.5206, 1.5137, 1.7614, 1.6984, 1.6872, 1.7233, 1.5569, 1.5799, 1.7292,
        1.7117, 1.6799, 2.3337, 1.7822, 2.1782, 1.6708, 1.7098, 1.7214, 1.6494,
        1.6726, 1.7003, 1.7312, 1.6726, 1.8344, 2.0750, 1.7928, 1.5334, 1.8277,
        1.7655, 1.6564, 1.5799, 1.6237, 1.7471, 1.5450, 1.7675, 1.5192, 1.6170,
        1.6872, 1.7003, 1.6203, 1.5027, 1.5645, 1.8322, 1.6835, 1.6287, 1.5054,
        1.5630, 1.5095, 1.5234, 1.8619, 1.6442, 1.6494, 1.7491, 1.5013, 1.5846,
        1.7614, 1.7117, 1.7273, 1.7593, 1.7156, 1.8549, 1.6220, 1.7655, 1.5277,
        2.0721, 2.2706, 1.6494, 1.9497, 2.2502, 1.8122, 1.6817, 1.5799, 1.5815,
        1.5000, 1.6104, 1.6137, 1.7552, 2.1044, 1.9574, 1.6690, 2.0436, 1.5768,
        2.2071, 1.5109, 1.6459, 2.0077, 2.1104, 1.7214, 1.5178, 1.5737, 1.9809],
       dtype=torch.float64)
0
1
2
3
4
5
6
7
8
9
10
11
12
13
14
15
16
17
18
19
20
21
22
23
24
25
26
27
28
29
30
31
32
33
34
35
36
37
38
39
40
41
42
43
44
45
46
47
48
49
50
51
52
53
54
55
56
57
58
59
60
61
62
63
64
65
66
67
68
69
70
71
72
73
74
75
76
77
78
79
80
81
82
83
84
85
86
87
88
89
90
91
92
93
94
95
96
97
98
99
100
101
102
103
104
105
106
107
108
109
110
111
112
113
114
115
116
117
118
119
120
121
122
123
124
125
126
127
128
129
130
131
132
133
134
135
136
137
138
139
140
141
142
143
144
145
146
147
148
149
150
151
152
153
154
155
156
157
158
159
160
161
162
163
164
165
166
167
168
169
170
171
172
173
174
175
176
177
178
179
180
181
182
183
184
185
186
187
188
189
190
191
192
193
194
195
196
197
198
199
200
201
202
203
204
205
206
207
208
209
210
211
212
213
214
215
216
217
218
219
220
221
222
223
224
225
226
227
228
229
230
231
232
233
234
235
236
237
238
239
240
241
242
243
244
245
246
247
248
249
250
251
252
253
254
255
256
257
258
259
260
261
262
263
264
265
266
267
268
269
270
271
272
273
274
275
276
277
278
279
280
281
282
283
284
285
286
287
288
289
290
291
292
293
294
295
296
297
298
299
300
301
302
303
304
305
306
307
308
309
310
311
312
313
314
315
316
317
318
319
320
321
322
323
324
325
326
327
328
329
330
331
332
333
334
335
336
337
338
339
340
341
342
343
344
345
346
347
348
349
350
351
352
353
354
355
356
357
358
359
360
361
362
363
364
365
366
367
368
369
370
371
372
373
374
375
376
377
Per cls weights according to the accuracy are:  tensor([ 0.4355,  0.0953,  0.4185,  0.4325,  0.3847,  0.3763,  0.2649,  0.2883,
         0.1405,  0.4154,  0.3627, -0.0352,  0.4651,  0.4431,  0.3830,  0.3896,
         0.1497, -0.2235,  0.4593,  0.4695,  0.4201,  0.3109,  0.3593,  0.4666,
         0.4325,  0.3863,  0.4416,  0.3830,  0.3346,  0.4863,  0.4550,  0.4946,
         0.4535,  0.4891,  0.4550,  0.4891,  0.4794,  0.4863,  0.2386,  0.3016,
         0.3128,  0.2767,  0.4431,  0.4201,  0.2708,  0.2883,  0.3201, -0.3337,
         0.2178, -0.1782,  0.3292,  0.2902,  0.2786,  0.3506,  0.3274,  0.2997,
         0.2688,  0.3274,  0.1656, -0.0750,  0.2072,  0.4666,  0.1723,  0.2345,
         0.3436,  0.4201,  0.3763,  0.2529,  0.4550,  0.2325,  0.4808,  0.3830,
         0.3128,  0.2997,  0.3797,  0.4973,  0.4355,  0.1678,  0.3165,  0.3713,
         0.4946,  0.4370,  0.4905,  0.4766,  0.1381,  0.3558,  0.3506,  0.2509,
         0.4987,  0.4154,  0.2386,  0.2883,  0.2727,  0.2407,  0.2844,  0.1451,
         0.3780,  0.2345,  0.4723, -0.0721, -0.2706,  0.3506,  0.0503, -0.2502,
         0.1878,  0.3183,  0.4201,  0.4185,  0.5000,  0.3896,  0.3863,  0.2448,
        -0.1044,  0.0426,  0.3310, -0.0436,  0.4232, -0.2071,  0.4891,  0.3541,
        -0.0077, -0.1104,  0.2786,  0.4822,  0.4263,  0.0191],
       dtype=torch.float64)
0
1
2
3
4
5
6
7
8
9
10
11
12
13
14
15
16
17
18
19
20
21
22
23
24
25
26
27
28
29
30
31
32
33
34
35
36
37
38
39
40
41
42
43
44
45
46
47
48
49
50
51
52
53
54
55
56
57
58
59
60
61
62
63
64
65
66
67
68
69
70
71
72
73
74
75
76
77
78
79
80
81
82
83
84
85
86
87
88
89
90
91
92
93
94
95
96
97
98
99
100
101
102
103
104
105
106
107
108
109
110
111
112
113
114
115
116
117
118
119
120
121
122
123
124
125
126
127
128
129
130
131
132
133
134
135
136
137
138
139
140
141
142
143
144
145
146
147
148
149
150
151
152
153
154
155
156
157
158
159
160
161
162
163
164
165
166
167
168
169
170
171
172
173
174
175
176
177
178
179
180
181
182
183
184
185
186
187
188
189
190
191
192
193
194
195
196
197
198
199
200
201
202
203
204
205
206
207
208
209
210
211
212
213
214
215
216
217
218
219
220
221
222
223
224
225
226
227
228
229
230
231
232
233
234
235
236
237
238
239
240
241
242
243
244
245
246
247
248
249
250
251
252
253
254
255
256
257
258
259
260
261
262
263
264
265
266
267
268
269
270
271
272
273
274
275
276
277
278
279
280
281
282
283
284
285
286
287
288
289
290
291
292
293
294
295
296
297
298
299
300
301
302
303
304
305
306
307
308
309
310
311
312
313
314
315
316
317
318
319
320
321
322
323
324
325
326
327
328
329
330
331
332
333
334
335
336
337
338
339
340
341
342
343
344
345
346
347
348
349
350
351
352
353
354
355
356
357
358
359
360
361
362
363
364
365
366
367
368
369
370
371
372
373
374
375
376
377
Assigned Classwise weights to source
S real T sketch Train Ep: 3000 lr0.008213769018249545 	 Loss Classification: 0.655151 Loss T 0.114961 Method MME

24
24
24
24
24
24
24
24
24
24
24
24
24
24
24
24
tensor(1134.)

Labeled Target set: Average loss: 2.3966, Accuracy: 603/1134 F1 (53.1746%)


Test set: Average loss: 2.3293, Accuracy: 13311/23808 F1 (55.9098%)


Val set: Average loss: 2.1937, Accuracy: 202/360 F1 (56.1111%)

best acc test 57.136257  acc val 56.111111 acc labeled target 53.174603
saving model...
S real T sketch Train Ep: 3100 lr0.008166698608209509 	 Loss Classification: 0.290805 Loss T 0.088909 Method MME

S real T sketch Train Ep: 3200 lr0.008120252831274708 	 Loss Classification: 0.287984 Loss T 0.092074 Method MME

S real T sketch Train Ep: 3300 lr0.008074418759891278 	 Loss Classification: 0.763398 Loss T 0.090289 Method MME

S real T sketch Train Ep: 3400 lr0.008029183828623731 	 Loss Classification: 0.795117 Loss T 0.109686 Method MME

S real T sketch Train Ep: 3500 lr0.007984535821401871 	 Loss Classification: 0.483931 Loss T 0.093300 Method MME

24
24
24
24
24
24
24
24
24
24
24
24
24
24
24
24
tensor(1134.)

Labeled Target set: Average loss: 2.2719, Accuracy: 627/1134 F1 (55.2910%)


Test set: Average loss: 2.1593, Accuracy: 14170/23808 F1 (59.5178%)


Val set: Average loss: 2.0105, Accuracy: 210/360 F1 (58.3333%)

best acc test 59.517809  acc val 58.333333 acc labeled target 55.291005
saving model...
S real T sketch Train Ep: 3600 lr0.007940462859307384 	 Loss Classification: 0.986697 Loss T 0.072542 Method MME

S real T sketch Train Ep: 3700 lr0.007896953388873518 	 Loss Classification: 0.494366 Loss T 0.082394 Method MME

S real T sketch Train Ep: 3800 lr0.007853996170872714 	 Loss Classification: 0.313628 Loss T 0.087191 Method MME

S real T sketch Train Ep: 3900 lr0.00781158026956848 	 Loss Classification: 0.092176 Loss T 0.086505 Method MME

Per Class Accuracy Calculated According to the Labelled Target examples is:  [0.6666667  1.         0.33333334 0.44444445 1.         0.22222222
 0.6666667  0.7777778  0.7777778  0.         0.8888889  1.
 0.         0.         0.7777778  0.44444445 0.7777778  1.
 0.44444445 0.5555556  0.6666667  0.8888889  0.22222222 0.33333334
 0.5555556  0.33333334 0.         1.         0.6666667  0.33333334
 0.6666667  0.33333334 0.         0.44444445 0.5555556  0.33333334
 0.33333334 0.         0.7777778  0.8888889  0.5555556  1.
 0.6666667  0.33333334 0.5555556  0.6666667  1.         0.6666667
 0.5555556  1.         0.44444445 0.11111111 0.8888889  0.22222222
 0.6666667  0.44444445 0.7777778  0.7777778  1.         1.
 1.         0.22222222 1.         0.33333334 0.8888889  0.8888889
 0.44444445 0.8888889  0.         1.         0.         0.44444445
 0.33333334 0.33333334 0.8888889  0.22222222 0.         0.8888889
 1.         0.33333334 0.         0.8888889  0.33333334 0.5555556
 0.33333334 0.44444445 0.8888889  0.6666667  0.         0.33333334
 0.44444445 1.         0.6666667  0.6666667  0.5555556  0.6666667
 0.44444445 0.8888889  0.33333334 0.33333334 0.8888889  0.33333334
 0.6666667  0.8888889  0.6666667  0.         0.22222222 0.5555556
 0.         0.5555556  0.5555556  0.5555556  0.33333334 1.
 0.8888889  1.         0.11111111 0.6666667  0.11111111 0.33333334
 0.6666667  1.         0.6666667  0.         0.         1.        ]
Top k classes which perform poorly are:  [12, 123, 70, 37, 68, 26, 108, 105, 88, 9, 80, 76, 32, 13, 124, 116, 51, 118, 75, 106, 53, 22, 5, 61, 43, 89, 36, 82, 79, 63, 73, 112, 84, 35, 72, 119, 31, 2, 23, 98, 29, 25, 101, 99, 96, 50, 15, 33, 55, 66, 3, 90, 71, 85, 18, 107, 111, 94, 83, 34, 24, 48, 44, 40, 110, 19, 109, 95, 87, 102, 93, 104, 92, 0, 54, 122, 6, 120, 20, 28, 30, 47, 42, 117, 45, 7, 8, 14, 16, 38, 56, 57, 39, 65, 64, 77, 103, 10, 100, 114, 97, 81, 21, 52, 67, 86, 74, 115, 121, 113, 62, 78, 69, 60, 59, 58, 49, 46, 41, 27, 17, 11, 4, 1, 91, 125]
Per cls weights according to the accuracy are:  tensor([1.5422, 1.7840, 1.5668, 1.5592, 1.6076, 1.5972, 1.6983, 1.6889, 1.7947,
        1.5625, 1.6030, 1.9310, 1.5207, 1.5360, 1.6124, 1.5858, 1.7529, 2.3203,
        1.5350, 1.5247, 1.5571, 1.6439, 1.5983, 1.5288, 1.5496, 1.5960, 1.5350,
        1.7931, 1.6207, 1.5137, 1.5308, 1.5088, 1.5360, 1.5107, 1.5381, 1.5097,
        1.5137, 1.5127, 1.7064, 1.6539, 1.6279, 1.6796, 1.5636, 1.6041, 1.6823,
        1.6718, 1.6303, 2.0823, 1.7105, 1.9620, 1.6552, 1.6796, 1.6501, 1.5903,
        1.6514, 1.6402, 1.7119, 1.6291, 1.9328, 2.0313, 1.7558, 1.5412, 1.7705,
        1.7160, 1.6147, 1.5869, 1.5892, 1.6718, 1.5454, 1.7456, 1.5147, 1.6041,
        1.6377, 1.6414, 1.5768, 1.5019, 1.5485, 1.7720, 1.6590, 1.5983, 1.5048,
        1.6088, 1.5039, 1.5157, 1.7456, 1.6279, 1.6065, 1.6692, 1.5019, 1.5658,
        1.6809, 1.6641, 1.6915, 1.7023, 1.6476, 1.7840, 1.6159, 1.7078, 1.5339,
        1.9400, 2.1691, 1.6770, 1.9203, 2.0636, 1.7105, 1.6514, 1.5625, 1.6219,
        1.5000, 1.5983, 1.6291, 1.7216, 1.9238, 1.9256, 1.6476, 1.8568, 1.5779,
        1.9602, 1.5068, 1.6171, 1.8196, 1.8992, 1.6666, 1.5137, 1.5528, 1.8180],
       dtype=torch.float64)
0
1
2
3
4
5
6
7
8
9
10
11
12
13
14
15
16
17
18
19
20
21
22
23
24
25
26
27
28
29
30
31
32
33
34
35
36
37
38
39
40
41
42
43
44
45
46
47
48
49
50
51
52
53
54
55
56
57
58
59
60
61
62
63
64
65
66
67
68
69
70
71
72
73
74
75
76
77
78
79
80
81
82
83
84
85
86
87
88
89
90
91
92
93
94
95
96
97
98
99
100
101
102
103
104
105
106
107
108
109
110
111
112
113
114
115
116
117
118
119
120
121
122
123
124
125
126
127
128
129
130
131
132
133
134
135
136
137
138
139
140
141
142
143
144
145
146
147
148
149
150
151
152
153
154
155
156
157
158
159
160
161
162
163
164
165
166
167
168
169
170
171
172
173
174
175
176
177
178
179
180
181
182
183
184
185
186
187
188
189
190
191
192
193
194
195
196
197
198
199
200
201
202
203
204
205
206
207
208
209
210
211
212
213
214
215
216
217
218
219
220
221
222
223
224
225
226
227
228
229
230
231
232
233
234
235
236
237
238
239
240
241
242
243
244
245
246
247
248
249
250
251
252
253
254
255
256
257
258
259
260
261
262
263
264
265
266
267
268
269
270
271
272
273
274
275
276
277
278
279
280
281
282
283
284
285
286
287
288
289
290
291
292
293
294
295
296
297
298
299
300
301
302
303
304
305
306
307
308
309
310
311
312
313
314
315
316
317
318
319
320
321
322
323
324
325
326
327
328
329
330
331
332
333
334
335
336
337
338
339
340
341
342
343
344
345
346
347
348
349
350
351
352
353
354
355
356
357
358
359
360
361
362
363
364
365
366
367
368
369
370
371
372
373
374
375
376
377
Per cls weights according to the accuracy are:  tensor([ 0.4578,  0.2160,  0.4332,  0.4408,  0.3924,  0.4028,  0.3017,  0.3111,
         0.2053,  0.4375,  0.3970,  0.0690,  0.4793,  0.4640,  0.3876,  0.4142,
         0.2471, -0.3203,  0.4650,  0.4753,  0.4429,  0.3561,  0.4017,  0.4712,
         0.4504,  0.4040,  0.4650,  0.2069,  0.3793,  0.4863,  0.4692,  0.4912,
         0.4640,  0.4893,  0.4619,  0.4903,  0.4863,  0.4873,  0.2936,  0.3461,
         0.3721,  0.3204,  0.4364,  0.3959,  0.3177,  0.3282,  0.3697, -0.0823,
         0.2895,  0.0380,  0.3448,  0.3204,  0.3499,  0.4097,  0.3486,  0.3598,
         0.2881,  0.3709,  0.0672, -0.0313,  0.2442,  0.4588,  0.2295,  0.2840,
         0.3853,  0.4131,  0.4108,  0.3282,  0.4546,  0.2544,  0.4853,  0.3959,
         0.3623,  0.3586,  0.4232,  0.4981,  0.4515,  0.2280,  0.3410,  0.4017,
         0.4952,  0.3912,  0.4961,  0.4843,  0.2544,  0.3721,  0.3935,  0.3308,
         0.4981,  0.4342,  0.3191,  0.3359,  0.3085,  0.2977,  0.3524,  0.2160,
         0.3841,  0.2922,  0.4661,  0.0600, -0.1691,  0.3230,  0.0797, -0.0636,
         0.2895,  0.3486,  0.4375,  0.3781,  0.5000,  0.4017,  0.3709,  0.2784,
         0.0762,  0.0744,  0.3524,  0.1432,  0.4221,  0.0398,  0.4932,  0.3829,
         0.1804,  0.1008,  0.3334,  0.4863,  0.4472,  0.1820],
       dtype=torch.float64)
0
1
2
3
4
5
6
7
8
9
10
11
12
13
14
15
16
17
18
19
20
21
22
23
24
25
26
27
28
29
30
31
32
33
34
35
36
37
38
39
40
41
42
43
44
45
46
47
48
49
50
51
52
53
54
55
56
57
58
59
60
61
62
63
64
65
66
67
68
69
70
71
72
73
74
75
76
77
78
79
80
81
82
83
84
85
86
87
88
89
90
91
92
93
94
95
96
97
98
99
100
101
102
103
104
105
106
107
108
109
110
111
112
113
114
115
116
117
118
119
120
121
122
123
124
125
126
127
128
129
130
131
132
133
134
135
136
137
138
139
140
141
142
143
144
145
146
147
148
149
150
151
152
153
154
155
156
157
158
159
160
161
162
163
164
165
166
167
168
169
170
171
172
173
174
175
176
177
178
179
180
181
182
183
184
185
186
187
188
189
190
191
192
193
194
195
196
197
198
199
200
201
202
203
204
205
206
207
208
209
210
211
212
213
214
215
216
217
218
219
220
221
222
223
224
225
226
227
228
229
230
231
232
233
234
235
236
237
238
239
240
241
242
243
244
245
246
247
248
249
250
251
252
253
254
255
256
257
258
259
260
261
262
263
264
265
266
267
268
269
270
271
272
273
274
275
276
277
278
279
280
281
282
283
284
285
286
287
288
289
290
291
292
293
294
295
296
297
298
299
300
301
302
303
304
305
306
307
308
309
310
311
312
313
314
315
316
317
318
319
320
321
322
323
324
325
326
327
328
329
330
331
332
333
334
335
336
337
338
339
340
341
342
343
344
345
346
347
348
349
350
351
352
353
354
355
356
357
358
359
360
361
362
363
364
365
366
367
368
369
370
371
372
373
374
375
376
377
Assigned Classwise weights to source
S real T sketch Train Ep: 4000 lr0.007769695042409123 	 Loss Classification: 0.284537 Loss T 0.091837 Method MME

24
24
24
24
24
24
24
24
24
24
24
24
24
24
24
24
tensor(1134.)

Labeled Target set: Average loss: 2.6404, Accuracy: 570/1134 F1 (50.2645%)


Test set: Average loss: 2.5087, Accuracy: 13294/23808 F1 (55.8384%)


Val set: Average loss: 2.2979, Accuracy: 187/360 F1 (51.9444%)

best acc test 59.517809  acc val 51.944444 acc labeled target 50.264550
saving model...
S real T sketch Train Ep: 4100 lr0.007728330130142108 	 Loss Classification: 0.437956 Loss T 0.107626 Method MME

S real T sketch Train Ep: 4200 lr0.007687475447329114 	 Loss Classification: 0.498336 Loss T 0.060986 Method MME

S real T sketch Train Ep: 4300 lr0.0076471211732427845 	 Loss Classification: 0.669265 Loss T 0.088554 Method MME

S real T sketch Train Ep: 4400 lr0.007607257743127307 	 Loss Classification: 0.852671 Loss T 0.074381 Method MME

S real T sketch Train Ep: 4500 lr0.007567875839805858 	 Loss Classification: 0.707531 Loss T 0.102042 Method MME

24
24
24
24
24
24
24
24
24
24
24
24
24
24
24
24
tensor(1134.)

Labeled Target set: Average loss: 2.2643, Accuracy: 640/1134 F1 (56.4374%)


Test set: Average loss: 2.2257, Accuracy: 14227/23808 F1 (59.7572%)


Val set: Average loss: 2.1694, Accuracy: 205/360 F1 (56.9444%)

best acc test 59.517809  acc val 56.944444 acc labeled target 56.437390
saving model...
S real T sketch Train Ep: 4600 lr0.007528966385618854 	 Loss Classification: 0.750536 Loss T 0.091859 Method MME

S real T sketch Train Ep: 4700 lr0.007490520534677821 	 Loss Classification: 0.749981 Loss T 0.072031 Method MME

S real T sketch Train Ep: 4800 lr0.007452529665420465 	 Loss Classification: 0.324657 Loss T 0.059455 Method MME

S real T sketch Train Ep: 4900 lr0.007414985373453289 	 Loss Classification: 0.675911 Loss T 0.084737 Method MME

Per Class Accuracy Calculated According to the Labelled Target examples is:  [0.8888889  1.         0.33333334 0.44444445 0.6666667  0.33333334
 0.5555556  1.         0.6666667  0.11111111 0.8888889  1.
 0.         0.11111111 1.         0.5555556  1.         1.
 0.6666667  0.11111111 0.6666667  0.5555556  0.44444445 0.33333334
 0.33333334 0.33333334 0.         1.         0.6666667  0.33333334
 0.7777778  0.         0.33333334 0.6666667  0.7777778  0.11111111
 0.11111111 0.         0.8888889  0.8888889  0.6666667  0.7777778
 0.8888889  0.6666667  0.33333334 0.6666667  0.7777778  1.
 0.44444445 1.         0.44444445 0.         1.         0.22222222
 0.5555556  0.44444445 0.7777778  0.7777778  1.         1.
 1.         0.11111111 1.         0.44444445 0.7777778  0.5555556
 0.33333334 0.6666667  0.33333334 1.         0.         0.5555556
 0.33333334 0.33333334 1.         0.33333334 0.22222222 0.7777778
 1.         1.         0.         1.         0.33333334 0.6666667
 0.6666667  0.22222222 1.         0.6666667  0.         0.44444445
 0.         1.         0.6666667  0.7777778  0.8888889  0.5555556
 0.6666667  0.7777778  0.44444445 0.44444445 0.6666667  0.5555556
 0.6666667  0.7777778  0.6666667  0.         0.22222222 0.44444445
 0.         0.33333334 0.5555556  0.6666667  0.33333334 1.
 0.5555556  0.7777778  0.33333334 0.6666667  0.22222222 0.33333334
 0.6666667  1.         0.6666667  0.         0.         1.        ]
Top k classes which perform poorly are:  [51, 37, 90, 12, 88, 31, 124, 26, 105, 108, 80, 123, 70, 9, 13, 36, 35, 19, 61, 76, 106, 53, 85, 118, 23, 112, 116, 66, 68, 44, 72, 73, 75, 119, 109, 2, 5, 32, 24, 29, 25, 82, 22, 63, 50, 48, 89, 3, 99, 55, 107, 98, 110, 65, 71, 101, 6, 54, 15, 114, 21, 95, 100, 83, 117, 28, 20, 4, 33, 18, 96, 40, 84, 122, 43, 45, 67, 92, 104, 87, 102, 8, 111, 120, 97, 93, 103, 64, 30, 34, 77, 46, 41, 56, 57, 115, 42, 94, 39, 38, 10, 0, 113, 121, 62, 86, 1, 7, 11, 14, 16, 17, 27, 47, 91, 49, 58, 59, 60, 69, 74, 78, 79, 81, 52, 125]
Per cls weights according to the accuracy are:  tensor([1.5436, 1.7646, 1.5621, 1.5583, 1.5940, 1.5900, 1.7211, 1.6666, 1.7646,
        1.5528, 1.5950, 1.8948, 1.5059, 1.5257, 1.5950, 1.5754, 1.7321, 2.2439,
        1.5328, 1.5205, 1.5509, 1.6266, 1.5861, 1.5301, 1.5473, 1.5725, 1.5205,
        2.3255, 1.6277, 1.5118, 1.5310, 1.5076, 1.5382, 1.5076, 1.5400, 1.5528,
        1.5110, 1.5076, 1.6916, 1.6225, 1.5930, 1.6512, 1.5687, 1.5881, 1.6600,
        1.6745, 1.6060, 2.0488, 1.6756, 1.9206, 1.6556, 1.6905, 1.6298, 1.5802,
        1.6479, 1.6372, 1.6790, 1.6245, 1.9892, 2.0719, 1.7223, 1.5409, 1.7236,
        1.7009, 1.5950, 1.5910, 1.5871, 1.6534, 1.5537, 1.7345, 1.5136, 1.6142,
        1.6183, 1.6162, 1.5832, 1.5050, 1.5400, 1.7827, 1.7187, 1.5832, 1.5034,
        1.6235, 1.5017, 1.5170, 1.7370, 1.6050, 1.6000, 1.6383, 1.5034, 1.5463,
        1.6567, 1.6644, 1.6722, 1.6836, 1.6330, 1.7407, 1.6101, 1.6779, 1.5400,
        1.9376, 2.1673, 1.7321, 1.8978, 2.0576, 1.6801, 1.6501, 1.5574, 1.6193,
        1.5000, 1.5871, 1.6245, 1.6916, 1.8770, 2.0059, 1.6351, 1.8053, 1.5773,
        1.8726, 1.5059, 1.5920, 1.7532, 1.8327, 1.6447, 1.5084, 1.5482, 1.7697],
       dtype=torch.float64)
0
1
2
3
4
5
6
7
8
9
10
11
12
13
14
15
16
17
18
19
20
21
22
23
24
25
26
27
28
29
30
31
32
33
34
35
36
37
38
39
40
41
42
43
44
45
46
47
48
49
50
51
52
53
54
55
56
57
58
59
60
61
62
63
64
65
66
67
68
69
70
71
72
73
74
75
76
77
78
79
80
81
82
83
84
85
86
87
88
89
90
91
92
93
94
95
96
97
98
99
100
101
102
103
104
105
106
107
108
109
110
111
112
113
114
115
116
117
118
119
120
121
122
123
124
125
126
127
128
129
130
131
132
133
134
135
136
137
138
139
140
141
142
143
144
145
146
147
148
149
150
151
152
153
154
155
156
157
158
159
160
161
162
163
164
165
166
167
168
169
170
171
172
173
174
175
176
177
178
179
180
181
182
183
184
185
186
187
188
189
190
191
192
193
194
195
196
197
198
199
200
201
202
203
204
205
206
207
208
209
210
211
212
213
214
215
216
217
218
219
220
221
222
223
224
225
226
227
228
229
230
231
232
233
234
235
236
237
238
239
240
241
242
243
244
245
246
247
248
249
250
251
252
253
254
255
256
257
258
259
260
261
262
263
264
265
266
267
268
269
270
271
272
273
274
275
276
277
278
279
280
281
282
283
284
285
286
287
288
289
290
291
292
293
294
295
296
297
298
299
300
301
302
303
304
305
306
307
308
309
310
311
312
313
314
315
316
317
318
319
320
321
322
323
324
325
326
327
328
329
330
331
332
333
334
335
336
337
338
339
340
341
342
343
344
345
346
347
348
349
350
351
352
353
354
355
356
357
358
359
360
361
362
363
364
365
366
367
368
369
370
371
372
373
374
375
376
377
Per cls weights according to the accuracy are:  tensor([ 0.4564,  0.2354,  0.4379,  0.4417,  0.4060,  0.4100,  0.2789,  0.3334,
         0.2354,  0.4472,  0.4050,  0.1052,  0.4941,  0.4743,  0.4050,  0.4246,
         0.2679, -0.2439,  0.4672,  0.4795,  0.4491,  0.3734,  0.4139,  0.4699,
         0.4527,  0.4275,  0.4795, -0.3255,  0.3723,  0.4882,  0.4690,  0.4924,
         0.4618,  0.4924,  0.4600,  0.4472,  0.4890,  0.4924,  0.3084,  0.3775,
         0.4070,  0.3488,  0.4313,  0.4119,  0.3400,  0.3255,  0.3940, -0.0488,
         0.3244,  0.0794,  0.3444,  0.3095,  0.3702,  0.4198,  0.3521,  0.3628,
         0.3210,  0.3755,  0.0108, -0.0719,  0.2777,  0.4591,  0.2764,  0.2991,
         0.4050,  0.4090,  0.4129,  0.3466,  0.4463,  0.2655,  0.4864,  0.3858,
         0.3817,  0.3838,  0.4168,  0.4950,  0.4600,  0.2173,  0.2813,  0.4168,
         0.4966,  0.3765,  0.4983,  0.4830,  0.2630,  0.3950,  0.4000,  0.3617,
         0.4966,  0.4537,  0.3433,  0.3356,  0.3278,  0.3164,  0.3670,  0.2593,
         0.3899,  0.3221,  0.4600,  0.0624, -0.1673,  0.2679,  0.1022, -0.0576,
         0.3199,  0.3499,  0.4426,  0.3807,  0.5000,  0.4129,  0.3755,  0.3084,
         0.1230, -0.0059,  0.3649,  0.1947,  0.4227,  0.1274,  0.4941,  0.4080,
         0.2468,  0.1673,  0.3553,  0.4916,  0.4518,  0.2303],
       dtype=torch.float64)
0
1
2
3
4
5
6
7
8
9
10
11
12
13
14
15
16
17
18
19
20
21
22
23
24
25
26
27
28
29
30
31
32
33
34
35
36
37
38
39
40
41
42
43
44
45
46
47
48
49
50
51
52
53
54
55
56
57
58
59
60
61
62
63
64
65
66
67
68
69
70
71
72
73
74
75
76
77
78
79
80
81
82
83
84
85
86
87
88
89
90
91
92
93
94
95
96
97
98
99
100
101
102
103
104
105
106
107
108
109
110
111
112
113
114
115
116
117
118
119
120
121
122
123
124
125
126
127
128
129
130
131
132
133
134
135
136
137
138
139
140
141
142
143
144
145
146
147
148
149
150
151
152
153
154
155
156
157
158
159
160
161
162
163
164
165
166
167
168
169
170
171
172
173
174
175
176
177
178
179
180
181
182
183
184
185
186
187
188
189
190
191
192
193
194
195
196
197
198
199
200
201
202
203
204
205
206
207
208
209
210
211
212
213
214
215
216
217
218
219
220
221
222
223
224
225
226
227
228
229
230
231
232
233
234
235
236
237
238
239
240
241
242
243
244
245
246
247
248
249
250
251
252
253
254
255
256
257
258
259
260
261
262
263
264
265
266
267
268
269
270
271
272
273
274
275
276
277
278
279
280
281
282
283
284
285
286
287
288
289
290
291
292
293
294
295
296
297
298
299
300
301
302
303
304
305
306
307
308
309
310
311
312
313
314
315
316
317
318
319
320
321
322
323
324
325
326
327
328
329
330
331
332
333
334
335
336
337
338
339
340
341
342
343
344
345
346
347
348
349
350
351
352
353
354
355
356
357
358
359
360
361
362
363
364
365
366
367
368
369
370
371
372
373
374
375
376
377
Assigned Classwise weights to source
S real T sketch Train Ep: 5000 lr0.007377879464668811 	 Loss Classification: 0.822619 Loss T 0.077671 Method MME

24
24
24
24
24
24
24
24
24
24
24
24
24
24
24
24
tensor(1134.)

Labeled Target set: Average loss: 2.6957, Accuracy: 561/1134 F1 (49.4709%)


Test set: Average loss: 2.5412, Accuracy: 13578/23808 F1 (57.0312%)


Val set: Average loss: 2.3940, Accuracy: 195/360 F1 (54.1667%)

best acc test 59.517809  acc val 54.166667 acc labeled target 49.470899
saving model...
S real T sketch Train Ep: 5100 lr0.007341203948625087 	 Loss Classification: 0.294529 Loss T 0.092324 Method MME

S real T sketch Train Ep: 5200 lr0.007304951032175895 	 Loss Classification: 0.683764 Loss T 0.046802 Method MME

S real T sketch Train Ep: 5300 lr0.007269113113340497 	 Loss Classification: 0.483988 Loss T 0.061379 Method MME

S real T sketch Train Ep: 5400 lr0.007233682775402483 	 Loss Classification: 0.653830 Loss T 0.087000 Method MME

S real T sketch Train Ep: 5500 lr0.007198652781227704 	 Loss Classification: 0.409486 Loss T 0.059097 Method MME

24
24
24
24
24
24
24
24
24
24
24
24
24
24
24
24
tensor(1134.)

Labeled Target set: Average loss: 2.2246, Accuracy: 643/1134 F1 (56.7019%)


Test set: Average loss: 2.1942, Accuracy: 14583/23808 F1 (61.2525%)


Val set: Average loss: 2.1991, Accuracy: 208/360 F1 (57.7778%)

best acc test 59.517809  acc val 57.777778 acc labeled target 56.701940
saving model...
S real T sketch Train Ep: 5600 lr0.007164016067791809 	 Loss Classification: 0.937350 Loss T 0.056904 Method MME

S real T sketch Train Ep: 5700 lr0.0071297657409083726 	 Loss Classification: 0.877094 Loss T 0.049979 Method MME

S real T sketch Train Ep: 5800 lr0.0070958950701490225 	 Loss Classification: 0.172558 Loss T 0.086120 Method MME

S real T sketch Train Ep: 5900 lr0.007062397483947426 	 Loss Classification: 0.393273 Loss T 0.083958 Method MME

Per Class Accuracy Calculated According to the Labelled Target examples is:  [0.8888889  1.         0.5555556  0.44444445 0.7777778  0.33333334
 0.6666667  1.         0.6666667  0.11111111 0.7777778  1.
 0.         0.         0.44444445 0.6666667  1.         1.
 0.44444445 0.11111111 0.6666667  1.         0.7777778  0.33333334
 0.33333334 0.33333334 0.         1.         0.6666667  0.33333334
 0.33333334 0.         0.44444445 0.33333334 1.         0.6666667
 0.33333334 0.         0.8888889  0.8888889  0.         0.8888889
 0.8888889  0.33333334 0.33333334 0.6666667  1.         0.7777778
 0.33333334 1.         0.33333334 0.         1.         0.33333334
 0.7777778  0.44444445 1.         1.         1.         1.
 1.         0.11111111 1.         0.5555556  0.7777778  0.8888889
 0.33333334 0.7777778  0.11111111 1.         0.22222222 0.22222222
 0.33333334 0.33333334 1.         0.33333334 0.11111111 0.6666667
 1.         0.5555556  0.         1.         0.         0.6666667
 0.6666667  0.5555556  1.         0.6666667  0.         0.
 0.5555556  1.         0.6666667  0.7777778  1.         0.5555556
 0.6666667  0.7777778  0.         0.33333334 0.7777778  0.44444445
 0.6666667  0.7777778  0.6666667  0.         0.33333334 0.6666667
 0.         0.6666667  0.6666667  0.44444445 0.6666667  1.
 0.7777778  1.         0.22222222 0.6666667  0.         0.33333334
 0.6666667  1.         0.44444445 0.         0.         1.        ]
Top k classes which perform poorly are:  [82, 37, 40, 31, 89, 26, 88, 51, 118, 108, 13, 12, 124, 123, 80, 105, 98, 68, 61, 19, 9, 76, 70, 116, 71, 72, 43, 44, 99, 75, 106, 53, 73, 66, 48, 36, 50, 33, 119, 24, 25, 5, 29, 23, 30, 3, 101, 32, 122, 55, 18, 111, 14, 63, 90, 79, 2, 85, 95, 15, 8, 96, 6, 77, 107, 83, 109, 84, 20, 35, 110, 112, 87, 117, 28, 45, 102, 104, 120, 92, 97, 103, 93, 100, 64, 54, 4, 114, 47, 10, 22, 67, 65, 38, 41, 42, 39, 0, 121, 115, 113, 62, 91, 1, 7, 11, 16, 17, 21, 27, 34, 46, 49, 52, 56, 57, 58, 59, 60, 69, 74, 78, 81, 86, 94, 125]
Per cls weights according to the accuracy are:  tensor([1.5376, 1.7518, 1.5533, 1.5533, 1.5904, 1.5913, 1.7283, 1.6493, 1.7372,
        1.5409, 1.5815, 1.8522, 1.5038, 1.5185, 1.5859, 1.5659, 1.7013, 2.3287,
        1.5240, 1.5177, 1.5458, 1.6113, 1.5807, 1.5256, 1.5458, 1.5566, 1.5138,
        2.2508, 1.6243, 1.5099, 1.5319, 1.5053, 1.5360, 1.5046, 1.5384, 1.5549,
        1.5091, 1.5046, 1.6592, 1.6048, 1.5754, 1.6435, 1.5634, 1.5676, 1.6523,
        1.6602, 1.6021, 1.9416, 1.6493, 1.8837, 1.6454, 1.7294, 1.6122, 1.5474,
        1.6622, 1.6234, 1.6642, 1.6113, 2.0032, 2.1810, 1.7120, 1.5344, 1.7003,
        1.7416, 1.5949, 1.5976, 1.5737, 1.6396, 1.5458, 1.7294, 1.5115, 1.6057,
        1.6094, 1.5922, 1.5659, 1.5053, 1.5319, 1.7807, 1.7383, 1.5659, 1.5008,
        1.6122, 1.5023, 1.5130, 1.6971, 1.6021, 1.5922, 1.6094, 1.5038, 1.5368,
        1.6764, 1.6444, 1.6552, 1.6908, 1.6131, 1.7120, 1.6103, 1.6723, 1.5392,
        1.9067, 2.1511, 1.7986, 1.9704, 2.1134, 1.6425, 1.6513, 1.5574, 1.6272,
        1.5000, 1.5728, 1.6187, 1.6743, 1.8509, 2.0770, 1.6464, 1.7667, 1.5745,
        1.8613, 1.5053, 1.5922, 1.7338, 1.8496, 1.6338, 1.5053, 1.5400, 1.7338],
       dtype=torch.float64)
0
1
2
3
4
5
6
7
8
9
10
11
12
13
14
15
16
17
18
19
20
21
22
23
24
25
26
27
28
29
30
31
32
33
34
35
36
37
38
39
40
41
42
43
44
45
46
47
48
49
50
51
52
53
54
55
56
57
58
59
60
61
62
63
64
65
66
67
68
69
70
71
72
73
74
75
76
77
78
79
80
81
82
83
84
85
86
87
88
89
90
91
92
93
94
95
96
97
98
99
100
101
102
103
104
105
106
107
108
109
110
111
112
113
114
115
116
117
118
119
120
121
122
123
124
125
126
127
128
129
130
131
132
133
134
135
136
137
138
139
140
141
142
143
144
145
146
147
148
149
150
151
152
153
154
155
156
157
158
159
160
161
162
163
164
165
166
167
168
169
170
171
172
173
174
175
176
177
178
179
180
181
182
183
184
185
186
187
188
189
190
191
192
193
194
195
196
197
198
199
200
201
202
203
204
205
206
207
208
209
210
211
212
213
214
215
216
217
218
219
220
221
222
223
224
225
226
227
228
229
230
231
232
233
234
235
236
237
238
239
240
241
242
243
244
245
246
247
248
249
250
251
252
253
254
255
256
257
258
259
260
261
262
263
264
265
266
267
268
269
270
271
272
273
274
275
276
277
278
279
280
281
282
283
284
285
286
287
288
289
290
291
292
293
294
295
296
297
298
299
300
301
302
303
304
305
306
307
308
309
310
311
312
313
314
315
316
317
318
319
320
321
322
323
324
325
326
327
328
329
330
331
332
333
334
335
336
337
338
339
340
341
342
343
344
345
346
347
348
349
350
351
352
353
354
355
356
357
358
359
360
361
362
363
364
365
366
367
368
369
370
371
372
373
374
375
376
377
Per cls weights according to the accuracy are:  tensor([ 0.4624,  0.2482,  0.4467,  0.4467,  0.4096,  0.4087,  0.2717,  0.3507,
         0.2628,  0.4591,  0.4185,  0.1478,  0.4962,  0.4815,  0.4141,  0.4341,
         0.2987, -0.3287,  0.4760,  0.4823,  0.4542,  0.3887,  0.4193,  0.4744,
         0.4542,  0.4434,  0.4862, -0.2508,  0.3757,  0.4901,  0.4681,  0.4947,
         0.4640,  0.4954,  0.4616,  0.4451,  0.4909,  0.4954,  0.3408,  0.3952,
         0.4246,  0.3565,  0.4366,  0.4324,  0.3477,  0.3398,  0.3979,  0.0584,
         0.3507,  0.1163,  0.3546,  0.2706,  0.3878,  0.4526,  0.3378,  0.3766,
         0.3358,  0.3887, -0.0032, -0.1810,  0.2880,  0.4656,  0.2997,  0.2584,
         0.4051,  0.4024,  0.4263,  0.3604,  0.4542,  0.2706,  0.4885,  0.3943,
         0.3906,  0.4078,  0.4341,  0.4947,  0.4681,  0.2193,  0.2617,  0.4341,
         0.4992,  0.3878,  0.4977,  0.4870,  0.3029,  0.3979,  0.4078,  0.3906,
         0.4962,  0.4632,  0.3236,  0.3556,  0.3448,  0.3092,  0.3869,  0.2880,
         0.3897,  0.3277,  0.4608,  0.0933, -0.1511,  0.2014,  0.0296, -0.1134,
         0.3575,  0.3487,  0.4426,  0.3728,  0.5000,  0.4272,  0.3813,  0.3257,
         0.1491, -0.0770,  0.3536,  0.2333,  0.4255,  0.1387,  0.4947,  0.4078,
         0.2662,  0.1504,  0.3662,  0.4947,  0.4600,  0.2662],
       dtype=torch.float64)
0
1
2
3
4
5
6
7
8
9
10
11
12
13
14
15
16
17
18
19
20
21
22
23
24
25
26
27
28
29
30
31
32
33
34
35
36
37
38
39
40
41
42
43
44
45
46
47
48
49
50
51
52
53
54
55
56
57
58
59
60
61
62
63
64
65
66
67
68
69
70
71
72
73
74
75
76
77
78
79
80
81
82
83
84
85
86
87
88
89
90
91
92
93
94
95
96
97
98
99
100
101
102
103
104
105
106
107
108
109
110
111
112
113
114
115
116
117
118
119
120
121
122
123
124
125
126
127
128
129
130
131
132
133
134
135
136
137
138
139
140
141
142
143
144
145
146
147
148
149
150
151
152
153
154
155
156
157
158
159
160
161
162
163
164
165
166
167
168
169
170
171
172
173
174
175
176
177
178
179
180
181
182
183
184
185
186
187
188
189
190
191
192
193
194
195
196
197
198
199
200
201
202
203
204
205
206
207
208
209
210
211
212
213
214
215
216
217
218
219
220
221
222
223
224
225
226
227
228
229
230
231
232
233
234
235
236
237
238
239
240
241
242
243
244
245
246
247
248
249
250
251
252
253
254
255
256
257
258
259
260
261
262
263
264
265
266
267
268
269
270
271
272
273
274
275
276
277
278
279
280
281
282
283
284
285
286
287
288
289
290
291
292
293
294
295
296
297
298
299
300
301
302
303
304
305
306
307
308
309
310
311
312
313
314
315
316
317
318
319
320
321
322
323
324
325
326
327
328
329
330
331
332
333
334
335
336
337
338
339
340
341
342
343
344
345
346
347
348
349
350
351
352
353
354
355
356
357
358
359
360
361
362
363
364
365
366
367
368
369
370
371
372
373
374
375
376
377
Assigned Classwise weights to source
S real T sketch Train Ep: 6000 lr0.007029266564879363 	 Loss Classification: 0.404949 Loss T 0.062085 Method MME

24
24
24
24
24
24
24
24
24
24
24
24
24
24
24
24
tensor(1134.)

Labeled Target set: Average loss: 2.7193, Accuracy: 580/1134 F1 (51.1464%)


Test set: Average loss: 2.6231, Accuracy: 13473/23808 F1 (56.5902%)


Val set: Average loss: 2.5315, Accuracy: 194/360 F1 (53.8889%)

best acc test 59.517809  acc val 53.888889 acc labeled target 51.146384
saving model...
S real T sketch Train Ep: 6100 lr0.006996496045111504 	 Loss Classification: 0.101546 Loss T 0.056690 Method MME

S real T sketch Train Ep: 6200 lr0.00696407980201184 	 Loss Classification: 0.357093 Loss T 0.076158 Method MME

S real T sketch Train Ep: 6300 lr0.006932011853915101 	 Loss Classification: 0.348447 Loss T 0.059986 Method MME

S real T sketch Train Ep: 6400 lr0.006900286356036734 	 Loss Classification: 0.498186 Loss T 0.098168 Method MME

S real T sketch Train Ep: 6500 lr0.006868897596529406 	 Loss Classification: 0.430412 Loss T 0.048498 Method MME

24
24
24
24
24
24
24
24
24
24
24
24
24
24
24
24
tensor(1134.)

Labeled Target set: Average loss: 2.4143, Accuracy: 648/1134 F1 (57.1429%)


Test set: Average loss: 2.2814, Accuracy: 14592/23808 F1 (61.2903%)


Val set: Average loss: 2.1787, Accuracy: 216/360 F1 (60.0000%)

best acc test 61.290323  acc val 60.000000 acc labeled target 57.142857
saving model...
S real T sketch Train Ep: 6600 lr0.006837839992676177 	 Loss Classification: 0.196910 Loss T 0.041984 Method MME

S real T sketch Train Ep: 6700 lr0.006807108087214876 	 Loss Classification: 0.677865 Loss T 0.054856 Method MME

S real T sketch Train Ep: 6800 lr0.006776696544788352 	 Loss Classification: 0.429437 Loss T 0.063942 Method MME

S real T sketch Train Ep: 6900 lr0.006746600148515609 	 Loss Classification: 0.585354 Loss T 0.070479 Method MME

Per Class Accuracy Calculated According to the Labelled Target examples is:  [0.5555556  1.         0.6666667  0.33333334 0.7777778  0.33333334
 0.5555556  1.         0.7777778  0.         1.         1.
 0.         0.         0.22222222 0.6666667  1.         1.
 0.33333334 0.11111111 0.6666667  0.7777778  0.5555556  0.33333334
 0.33333334 0.33333334 0.         0.8888889  0.7777778  0.33333334
 0.5555556  0.33333334 0.         0.33333334 1.         0.22222222
 0.22222222 0.         0.7777778  0.8888889  0.33333334 1.
 0.7777778  0.33333334 0.6666667  0.6666667  1.         0.6666667
 0.33333334 1.         0.33333334 0.11111111 1.         0.11111111
 1.         0.44444445 1.         1.         1.         1.
 0.8888889  0.33333334 1.         0.33333334 0.7777778  0.6666667
 0.11111111 0.6666667  0.11111111 1.         0.         0.5555556
 0.5555556  0.22222222 1.         0.33333334 0.         0.5555556
 1.         0.8888889  0.         1.         0.33333334 0.6666667
 0.7777778  0.6666667  0.8888889  0.6666667  0.         0.33333334
 0.44444445 1.         0.5555556  1.         0.8888889  0.44444445
 0.5555556  1.         0.44444445 0.33333334 1.         0.5555556
 0.6666667  0.6666667  0.6666667  0.         0.22222222 0.6666667
 0.11111111 0.7777778  0.6666667  0.6666667  0.7777778  1.
 1.         0.7777778  0.33333334 0.6666667  0.11111111 0.22222222
 0.6666667  0.8888889  0.44444445 0.         0.         1.        ]
Top k classes which perform poorly are:  [76, 88, 105, 13, 12, 26, 32, 9, 37, 70, 124, 123, 80, 68, 66, 51, 53, 19, 108, 118, 36, 73, 106, 35, 14, 119, 50, 48, 63, 43, 116, 40, 18, 61, 3, 5, 99, 31, 82, 75, 29, 33, 89, 25, 24, 23, 90, 55, 122, 95, 98, 101, 77, 71, 72, 96, 92, 0, 22, 6, 30, 83, 110, 85, 87, 117, 15, 120, 103, 104, 44, 45, 67, 65, 102, 47, 2, 111, 107, 20, 8, 4, 84, 109, 28, 38, 42, 115, 64, 112, 21, 79, 27, 86, 39, 121, 94, 60, 113, 114, 62, 97, 1, 7, 10, 11, 16, 17, 34, 41, 46, 49, 100, 52, 56, 57, 58, 59, 69, 74, 78, 81, 91, 93, 54, 125]
Per cls weights according to the accuracy are:  tensor([1.5332, 1.7507, 1.5604, 1.5563, 1.5907, 1.5915, 1.7442, 1.6411, 1.7270,
        1.5435, 1.5830, 1.8934, 1.5044, 1.5156, 1.5830, 1.5728, 1.7143, 2.3104,
        1.5239, 1.5179, 1.5435, 1.6038, 1.5838, 1.5239, 1.5450, 1.5442, 1.5081,
        2.3453, 1.6038, 1.5111, 1.5324, 1.5066, 1.5309, 1.5029, 1.5435, 1.5531,
        1.5088, 1.5044, 1.6439, 1.6003, 1.5695, 1.6383, 1.5596, 1.5531, 1.6601,
        1.6562, 1.5950, 1.8960, 1.6430, 1.9065, 1.6757, 1.7764, 1.6082, 1.5403,
        1.6927, 1.6208, 1.6847, 1.6190, 2.1011, 2.2989, 1.7154, 1.5371, 1.6948,
        1.7280, 1.5898, 1.5959, 1.5662, 1.6299, 1.5435, 1.7398, 1.5096, 1.6118,
        1.6109, 1.5711, 1.5695, 1.5051, 1.5309, 1.7674, 1.7901, 1.5787, 1.5015,
        1.6208, 1.5029, 1.5103, 1.6907, 1.5830, 1.5881, 1.5950, 1.5037, 1.5442,
        1.6737, 1.6401, 1.6630, 1.6827, 1.6100, 1.7196, 1.6263, 1.6757, 1.5363,
        1.9882, 2.2144, 1.8689, 1.9682, 2.1846, 1.6355, 1.6524, 1.5579, 1.6318,
        1.5000, 1.5678, 1.6235, 1.6927, 1.8526, 2.0788, 1.6486, 1.7618, 1.5737,
        1.8804, 1.5044, 1.5872, 1.7122, 1.8882, 1.6272, 1.5044, 1.5293, 1.7238],
       dtype=torch.float64)
0
1
2
3
4
5
6
7
8
9
10
11
12
13
14
15
16
17
18
19
20
21
22
23
24
25
26
27
28
29
30
31
32
33
34
35
36
37
38
39
40
41
42
43
44
45
46
47
48
49
50
51
52
53
54
55
56
57
58
59
60
61
62
63
64
65
66
67
68
69
70
71
72
73
74
75
76
77
78
79
80
81
82
83
84
85
86
87
88
89
90
91
92
93
94
95
96
97
98
99
100
101
102
103
104
105
106
107
108
109
110
111
112
113
114
115
116
117
118
119
120
121
122
123
124
125
126
127
128
129
130
131
132
133
134
135
136
137
138
139
140
141
142
143
144
145
146
147
148
149
150
151
152
153
154
155
156
157
158
159
160
161
162
163
164
165
166
167
168
169
170
171
172
173
174
175
176
177
178
179
180
181
182
183
184
185
186
187
188
189
190
191
192
193
194
195
196
197
198
199
200
201
202
203
204
205
206
207
208
209
210
211
212
213
214
215
216
217
218
219
220
221
222
223
224
225
226
227
228
229
230
231
232
233
234
235
236
237
238
239
240
241
242
243
244
245
246
247
248
249
250
251
252
253
254
255
256
257
258
259
260
261
262
263
264
265
266
267
268
269
270
271
272
273
274
275
276
277
278
279
280
281
282
283
284
285
286
287
288
289
290
291
292
293
294
295
296
297
298
299
300
301
302
303
304
305
306
307
308
309
310
311
312
313
314
315
316
317
318
319
320
321
322
323
324
325
326
327
328
329
330
331
332
333
334
335
336
337
338
339
340
341
342
343
344
345
346
347
348
349
350
351
352
353
354
355
356
357
358
359
360
361
362
363
364
365
366
367
368
369
370
371
372
373
374
375
376
377
Per cls weights according to the accuracy are:  tensor([ 0.4668,  0.2493,  0.4396,  0.4437,  0.4093,  0.4085,  0.2558,  0.3589,
         0.2730,  0.4565,  0.4170,  0.1066,  0.4956,  0.4844,  0.4170,  0.4272,
         0.2857, -0.3104,  0.4761,  0.4821,  0.4565,  0.3962,  0.4162,  0.4761,
         0.4550,  0.4558,  0.4919, -0.3453,  0.3962,  0.4889,  0.4676,  0.4934,
         0.4691,  0.4971,  0.4565,  0.4469,  0.4912,  0.4956,  0.3561,  0.3997,
         0.4305,  0.3617,  0.4404,  0.4469,  0.3399,  0.3438,  0.4050,  0.1040,
         0.3570,  0.0935,  0.3243,  0.2236,  0.3918,  0.4597,  0.3073,  0.3792,
         0.3153,  0.3810, -0.1011, -0.2989,  0.2846,  0.4629,  0.3052,  0.2720,
         0.4102,  0.4041,  0.4338,  0.3701,  0.4565,  0.2602,  0.4904,  0.3882,
         0.3891,  0.4289,  0.4305,  0.4949,  0.4691,  0.2326,  0.2099,  0.4213,
         0.4985,  0.3792,  0.4971,  0.4897,  0.3093,  0.4170,  0.4119,  0.4050,
         0.4963,  0.4558,  0.3263,  0.3599,  0.3370,  0.3173,  0.3900,  0.2804,
         0.3737,  0.3243,  0.4637,  0.0118, -0.2144,  0.1311,  0.0318, -0.1846,
         0.3645,  0.3476,  0.4421,  0.3682,  0.5000,  0.4322,  0.3765,  0.3073,
         0.1474, -0.0788,  0.3514,  0.2382,  0.4263,  0.1196,  0.4956,  0.4128,
         0.2878,  0.1118,  0.3728,  0.4956,  0.4707,  0.2762],
       dtype=torch.float64)
0
1
2
3
4
5
6
7
8
9
10
11
12
13
14
15
16
17
18
19
20
21
22
23
24
25
26
27
28
29
30
31
32
33
34
35
36
37
38
39
40
41
42
43
44
45
46
47
48
49
50
51
52
53
54
55
56
57
58
59
60
61
62
63
64
65
66
67
68
69
70
71
72
73
74
75
76
77
78
79
80
81
82
83
84
85
86
87
88
89
90
91
92
93
94
95
96
97
98
99
100
101
102
103
104
105
106
107
108
109
110
111
112
113
114
115
116
117
118
119
120
121
122
123
124
125
126
127
128
129
130
131
132
133
134
135
136
137
138
139
140
141
142
143
144
145
146
147
148
149
150
151
152
153
154
155
156
157
158
159
160
161
162
163
164
165
166
167
168
169
170
171
172
173
174
175
176
177
178
179
180
181
182
183
184
185
186
187
188
189
190
191
192
193
194
195
196
197
198
199
200
201
202
203
204
205
206
207
208
209
210
211
212
213
214
215
216
217
218
219
220
221
222
223
224
225
226
227
228
229
230
231
232
233
234
235
236
237
238
239
240
241
242
243
244
245
246
247
248
249
250
251
252
253
254
255
256
257
258
259
260
261
262
263
264
265
266
267
268
269
270
271
272
273
274
275
276
277
278
279
280
281
282
283
284
285
286
287
288
289
290
291
292
293
294
295
296
297
298
299
300
301
302
303
304
305
306
307
308
309
310
311
312
313
314
315
316
317
318
319
320
321
322
323
324
325
326
327
328
329
330
331
332
333
334
335
336
337
338
339
340
341
342
343
344
345
346
347
348
349
350
351
352
353
354
355
356
357
358
359
360
361
362
363
364
365
366
367
368
369
370
371
372
373
374
375
376
377
Assigned Classwise weights to source
S real T sketch Train Ep: 7000 lr0.006716813796678979 	 Loss Classification: 0.207725 Loss T 0.068721 Method MME

24
24
24
24
24
24
24
24
24
24
24
24
24
24
24
24
tensor(1134.)

Labeled Target set: Average loss: 2.6690, Accuracy: 584/1134 F1 (51.4991%)


Test set: Average loss: 2.6435, Accuracy: 13602/23808 F1 (57.1321%)


Val set: Average loss: 2.5993, Accuracy: 194/360 F1 (53.8889%)

best acc test 61.290323  acc val 53.888889 acc labeled target 51.499118
saving model...
S real T sketch Train Ep: 7100 lr0.006687332499522798 	 Loss Classification: 0.492133 Loss T 0.054749 Method MME

S real T sketch Train Ep: 7200 lr0.006658151376159165 	 Loss Classification: 0.458668 Loss T 0.048762 Method MME

