Dataset office_home Source Real Target Art Labeled num perclass 3 Network alexnet
65 classes in this dataset
Labelled Source Examples:  4357
Unlabelled Target Dataset Size:  2232
Labelled Target Dataset Size:  195
Misc. Labelled Target Dataset Size:  195
Bank keys - Target:  dict_keys(['feat_vec', 'labels', 'names', 'domain_identifier']) Source:  dict_keys(['feat_vec', 'labels', 'names', 'domain_identifier'])
Num  - Target:  2232 Source:  4357
Unlabeled Target Data Batches: 34
S Real T Art Train Ep: 0 lr0.01 	 Loss Classification: 4.184122 Loss T 0.415834 Method MME

32
32
32
32
32
32
32
tensor(585.)

Labeled Target set: Average loss: 4.1742, Accuracy: 12/585 F1 (2.0513%)


Test set: Average loss: 4.1610, Accuracy: 42/2208 F1 (1.9022%)


Val set: Average loss: 4.1961, Accuracy: 3/192 F1 (1.5625%)

Patience Reset, Counter is: 0
best acc test 1.902174  acc val 1.562500 acc labeled target 2.051282
saving model...
S Real T Art Train Ep: 100 lr0.009925650290240803 	 Loss Classification: 1.476551 Loss T 0.203830 Method MME

S Real T Art Train Ep: 200 lr0.009852577760521605 	 Loss Classification: 1.202852 Loss T 0.184796 Method MME

S Real T Art Train Ep: 300 lr0.009780748269686728 	 Loss Classification: 0.422518 Loss T 0.183689 Method MME

S Real T Art Train Ep: 400 lr0.009710128909124701 	 Loss Classification: 0.415308 Loss T 0.162991 Method MME

S Real T Art Train Ep: 500 lr0.00964068794694323 	 Loss Classification: 0.393727 Loss T 0.166176 Method MME

32
32
32
32
32
32
32
tensor(585.)

Labeled Target set: Average loss: 0.1588, Accuracy: 563/585 F1 (96.2393%)


Test set: Average loss: 2.4123, Accuracy: 1048/2208 F1 (47.4638%)


Val set: Average loss: 2.3705, Accuracy: 92/192 F1 (47.9167%)

Patience Reset, Counter is: 0
best acc test 47.463768  acc val 47.916667 acc labeled target 96.239316
saving model...
S Real T Art Train Ep: 600 lr0.00957239477517603 	 Loss Classification: 0.295905 Loss T 0.113291 Method MME

S Real T Art Train Ep: 700 lr0.009505219859830012 	 Loss Classification: 0.200697 Loss T 0.118467 Method MME

S Real T Art Train Ep: 800 lr0.009439134693595126 	 Loss Classification: 0.247554 Loss T 0.108606 Method MME

S Real T Art Train Ep: 900 lr0.009374111751051751 	 Loss Classification: 0.124216 Loss T 0.081690 Method MME

S Real T Art Train Ep: 1000 lr0.009310124446222227 	 Loss Classification: 0.313092 Loss T 0.082619 Method MME

32
32
32
32
32
32
32
tensor(585.)

Labeled Target set: Average loss: 0.1618, Accuracy: 557/585 F1 (95.2137%)


Test set: Average loss: 2.8027, Accuracy: 1084/2208 F1 (49.0942%)


Val set: Average loss: 2.7183, Accuracy: 93/192 F1 (48.4375%)

Patience Reset, Counter is: 0
best acc test 49.094203  acc val 48.437500 acc labeled target 95.213675
saving model...
S Real T Art Train Ep: 1100 lr0.00924714709232377 	 Loss Classification: 0.224182 Loss T 0.076265 Method MME

S Real T Art Train Ep: 1200 lr0.009185154863590003 	 Loss Classification: 0.127671 Loss T 0.082823 Method MME

S Real T Art Train Ep: 1300 lr0.00912412375903735 	 Loss Classification: 0.168532 Loss T 0.055855 Method MME

S Real T Art Train Ep: 1400 lr0.009064030568061049 	 Loss Classification: 0.122273 Loss T 0.056207 Method MME

S Real T Art Train Ep: 1500 lr0.009004852837753237 	 Loss Classification: 0.064186 Loss T 0.056279 Method MME

32
32
32
32
32
32
32
tensor(585.)

Labeled Target set: Average loss: 0.1817, Accuracy: 557/585 F1 (95.2137%)


Test set: Average loss: 3.2695, Accuracy: 1122/2208 F1 (50.8152%)


Val set: Average loss: 3.3133, Accuracy: 92/192 F1 (47.9167%)

Patience getting saturated, current counter is:  0
best acc test 49.094203  acc val 47.916667 acc labeled target 95.213675
saving model...
S Real T Art Train Ep: 1600 lr0.008946568841842816 	 Loss Classification: 0.226542 Loss T 0.060403 Method MME

S Real T Art Train Ep: 1700 lr0.008889157551163433 	 Loss Classification: 0.179590 Loss T 0.046787 Method MME

S Real T Art Train Ep: 1800 lr0.008832598605562044 	 Loss Classification: 0.169033 Loss T 0.037176 Method MME

S Real T Art Train Ep: 1900 lr0.008776872287166303 	 Loss Classification: 0.122575 Loss T 0.050685 Method MME

Per Class Accuracy Calculated According to the Labelled Target examples is:  [1.        0.8888889 0.8888889 0.8888889 1.        1.        0.7777778
 1.        1.        1.        0.8888889 1.        0.8888889 0.8888889
 1.        1.        1.        0.8888889 1.        0.8888889 0.8888889
 1.        1.        1.        1.        0.8888889 1.        0.8888889
 1.        1.        1.        1.        1.        0.8888889 0.8888889
 0.8888889 0.8888889 1.        1.        0.8888889 1.        1.
 1.        1.        0.8888889 0.7777778 1.        1.        1.
 1.        1.        0.8888889 0.8888889 1.        1.        1.
 1.        0.8888889 0.8888889 0.8888889 1.        0.8888889 0.8888889
 1.        1.       ]
Top k classes which perform poorly are:  [6, 45, 19, 36, 35, 34, 33, 44, 27, 25, 51, 52, 20, 17, 39, 59, 13, 1, 2, 12, 57, 10, 3, 62, 58, 61, 42, 43, 60, 55, 47, 56, 48, 49, 50, 41, 53, 54, 46, 0, 32, 38, 4, 5, 7, 8, 9, 11, 14, 15, 16, 18, 21, 22, 23, 24, 26, 28, 29, 30, 31, 63, 37, 40, 64]
Per cls weights according to the accuracy are:  tensor([1.1839, 1.2056, 1.2056, 1.2056, 1.1839, 1.1839, 1.2297, 1.1839, 1.1839,
        1.1839, 1.2056, 1.1839, 1.2056, 1.2056, 1.1839, 1.1839, 1.1839, 1.2056,
        1.1839, 1.2056, 1.2056, 1.1839, 1.1839, 1.1839, 1.1839, 1.2056, 1.1839,
        1.2056, 1.1839, 1.1839, 1.1839, 1.1839, 1.1839, 1.2056, 1.2056, 1.2056,
        1.2056, 1.1839, 1.1839, 1.2056, 1.1839, 1.1839, 1.1839, 1.1839, 1.2056,
        1.2297, 1.1839, 1.1839, 1.1839, 1.1839, 1.1839, 1.2056, 1.2056, 1.1839,
        1.1839, 1.1839, 1.1839, 1.2056, 1.2056, 1.2056, 1.1839, 1.2056, 1.2056,
        1.1839, 1.1839])
0
1
2
3
4
5
6
7
8
9
10
11
12
13
14
15
16
17
18
19
20
21
22
23
24
25
26
27
28
29
30
31
32
33
34
35
36
37
38
39
40
41
42
43
44
45
46
47
48
49
50
51
52
53
54
55
56
57
58
59
60
61
62
63
64
65
66
67
68
69
70
71
72
73
74
75
76
77
78
79
80
81
82
83
84
85
86
87
88
89
90
91
92
93
94
95
96
97
98
99
100
101
102
103
104
105
106
107
108
109
110
111
112
113
114
115
116
117
118
119
120
121
122
123
124
125
126
127
128
129
130
131
132
133
134
135
136
137
138
139
140
141
142
143
144
145
146
147
148
149
150
151
152
153
154
155
156
157
158
159
160
161
162
163
164
165
166
167
168
169
170
171
172
173
174
175
176
177
178
179
180
181
182
183
184
185
186
187
188
189
190
191
192
193
194
Per cls weights according to the accuracy are:  tensor([0.8161, 0.7944, 0.7944, 0.7944, 0.8161, 0.8161, 0.7703, 0.8161, 0.8161,
        0.8161, 0.7944, 0.8161, 0.7944, 0.7944, 0.8161, 0.8161, 0.8161, 0.7944,
        0.8161, 0.7944, 0.7944, 0.8161, 0.8161, 0.8161, 0.8161, 0.7944, 0.8161,
        0.7944, 0.8161, 0.8161, 0.8161, 0.8161, 0.8161, 0.7944, 0.7944, 0.7944,
        0.7944, 0.8161, 0.8161, 0.7944, 0.8161, 0.8161, 0.8161, 0.8161, 0.7944,
        0.7703, 0.8161, 0.8161, 0.8161, 0.8161, 0.8161, 0.7944, 0.7944, 0.8161,
        0.8161, 0.8161, 0.8161, 0.7944, 0.7944, 0.7944, 0.8161, 0.7944, 0.7944,
        0.8161, 0.8161])
0
1
2
3
4
5
6
7
8
9
10
11
12
13
14
15
16
17
18
19
20
21
22
23
24
25
26
27
28
29
30
31
32
33
34
35
36
37
38
39
40
41
42
43
44
45
46
47
48
49
50
51
52
53
54
55
56
57
58
59
60
61
62
63
64
65
66
67
68
69
70
71
72
73
74
75
76
77
78
79
80
81
82
83
84
85
86
87
88
89
90
91
92
93
94
95
96
97
98
99
100
101
102
103
104
105
106
107
108
109
110
111
112
113
114
115
116
117
118
119
120
121
122
123
124
125
126
127
128
129
130
131
132
133
134
135
136
137
138
139
140
141
142
143
144
145
146
147
148
149
150
151
152
153
154
155
156
157
158
159
160
161
162
163
164
165
166
167
168
169
170
171
172
173
174
175
176
177
178
179
180
181
182
183
184
185
186
187
188
189
190
191
192
193
194
Assigned Classwise weights to source
S Real T Art Train Ep: 2000 lr0.008721959494934213 	 Loss Classification: 0.084648 Loss T 0.045226 Method MME

32
32
32
32
32
32
32
tensor(585.)

Labeled Target set: Average loss: 0.1504, Accuracy: 559/585 F1 (95.5556%)


Test set: Average loss: 3.6675, Accuracy: 1137/2208 F1 (51.4946%)


Val set: Average loss: 3.5091, Accuracy: 102/192 F1 (53.1250%)

Patience Reset, Counter is: 1
best acc test 51.494565  acc val 53.125000 acc labeled target 95.555556
saving model...
S Real T Art Train Ep: 2100 lr0.008667841720414475 	 Loss Classification: 0.126514 Loss T 0.027263 Method MME

S Real T Art Train Ep: 2200 lr0.008614501024650454 	 Loss Classification: 0.137655 Loss T 0.043532 Method MME

S Real T Art Train Ep: 2300 lr0.008561920016164943 	 Loss Classification: 0.106086 Loss T 0.030379 Method MME

S Real T Art Train Ep: 2400 lr0.008510081829966844 	 Loss Classification: 0.122954 Loss T 0.032524 Method MME

S Real T Art Train Ep: 2500 lr0.008458970107524513 	 Loss Classification: 0.112783 Loss T 0.025333 Method MME

32
32
32
32
32
32
32
tensor(585.)

Labeled Target set: Average loss: 0.1409, Accuracy: 560/585 F1 (95.7265%)


Test set: Average loss: 4.1225, Accuracy: 1141/2208 F1 (51.6757%)


Val set: Average loss: 4.2461, Accuracy: 95/192 F1 (49.4792%)

Patience getting saturated, current counter is:  0
best acc test 51.494565  acc val 49.479167 acc labeled target 95.726496
saving model...
S Real T Art Train Ep: 2600 lr0.008408568977653933 	 Loss Classification: 0.164945 Loss T 0.029439 Method MME

S Real T Art Train Ep: 2700 lr0.00835886303827305 	 Loss Classification: 0.151010 Loss T 0.025496 Method MME

S Real T Art Train Ep: 2800 lr0.008309837338976545 	 Loss Classification: 0.143044 Loss T 0.027229 Method MME

S Real T Art Train Ep: 2900 lr0.008261477364388068 	 Loss Classification: 0.071656 Loss T 0.013252 Method MME

Per Class Accuracy Calculated According to the Labelled Target examples is:  [1.        1.        1.        1.        1.        1.        1.
 1.        1.        1.        1.        0.8888889 0.8888889 0.8888889
 1.        1.        0.7777778 1.        0.8888889 1.        1.
 1.        1.        0.7777778 0.8888889 1.        1.        1.
 1.        1.        1.        0.7777778 1.        1.        1.
 1.        0.8888889 0.8888889 1.        0.8888889 1.        1.
 0.7777778 0.8888889 1.        1.        1.        1.        1.
 1.        0.8888889 1.        1.        0.8888889 1.        0.8888889
 1.        1.        0.8888889 1.        0.8888889 0.8888889 0.7777778
 1.        1.       ]
Top k classes which perform poorly are:  [62, 31, 42, 23, 16, 50, 39, 43, 24, 18, 37, 13, 36, 11, 61, 53, 60, 55, 58, 12, 38, 40, 41, 59, 44, 57, 56, 46, 47, 48, 49, 54, 51, 52, 45, 0, 32, 34, 1, 2, 3, 4, 5, 6, 7, 8, 9, 10, 14, 15, 17, 19, 20, 21, 22, 25, 26, 27, 28, 29, 30, 63, 33, 35, 64]
Per cls weights according to the accuracy are:  tensor([1.1839, 1.1839, 1.1839, 1.1839, 1.1839, 1.1839, 1.1839, 1.1839, 1.1839,
        1.1839, 1.1839, 1.2056, 1.2056, 1.2056, 1.1839, 1.1839, 1.2297, 1.1839,
        1.2056, 1.1839, 1.1839, 1.1839, 1.1839, 1.2297, 1.2056, 1.1839, 1.1839,
        1.1839, 1.1839, 1.1839, 1.1839, 1.2297, 1.1839, 1.1839, 1.1839, 1.1839,
        1.2056, 1.2056, 1.1839, 1.2056, 1.1839, 1.1839, 1.2297, 1.2056, 1.1839,
        1.1839, 1.1839, 1.1839, 1.1839, 1.1839, 1.2056, 1.1839, 1.1839, 1.2056,
        1.1839, 1.2056, 1.1839, 1.1839, 1.2056, 1.1839, 1.2056, 1.2056, 1.2297,
        1.1839, 1.1839])
0
1
2
3
4
5
6
7
8
9
10
11
12
13
14
15
16
17
18
19
20
21
22
23
24
25
26
27
28
29
30
31
32
33
34
35
36
37
38
39
40
41
42
43
44
45
46
47
48
49
50
51
52
53
54
55
56
57
58
59
60
61
62
63
64
65
66
67
68
69
70
71
72
73
74
75
76
77
78
79
80
81
82
83
84
85
86
87
88
89
90
91
92
93
94
95
96
97
98
99
100
101
102
103
104
105
106
107
108
109
110
111
112
113
114
115
116
117
118
119
120
121
122
123
124
125
126
127
128
129
130
131
132
133
134
135
136
137
138
139
140
141
142
143
144
145
146
147
148
149
150
151
152
153
154
155
156
157
158
159
160
161
162
163
164
165
166
167
168
169
170
171
172
173
174
175
176
177
178
179
180
181
182
183
184
185
186
187
188
189
190
191
192
193
194
Per cls weights according to the accuracy are:  tensor([0.8161, 0.8161, 0.8161, 0.8161, 0.8161, 0.8161, 0.8161, 0.8161, 0.8161,
        0.8161, 0.8161, 0.7944, 0.7944, 0.7944, 0.8161, 0.8161, 0.7703, 0.8161,
        0.7944, 0.8161, 0.8161, 0.8161, 0.8161, 0.7703, 0.7944, 0.8161, 0.8161,
        0.8161, 0.8161, 0.8161, 0.8161, 0.7703, 0.8161, 0.8161, 0.8161, 0.8161,
        0.7944, 0.7944, 0.8161, 0.7944, 0.8161, 0.8161, 0.7703, 0.7944, 0.8161,
        0.8161, 0.8161, 0.8161, 0.8161, 0.8161, 0.7944, 0.8161, 0.8161, 0.7944,
        0.8161, 0.7944, 0.8161, 0.8161, 0.7944, 0.8161, 0.7944, 0.7944, 0.7703,
        0.8161, 0.8161])
0
1
2
3
4
5
6
7
8
9
10
11
12
13
14
15
16
17
18
19
20
21
22
23
24
25
26
27
28
29
30
31
32
33
34
35
36
37
38
39
40
41
42
43
44
45
46
47
48
49
50
51
52
53
54
55
56
57
58
59
60
61
62
63
64
65
66
67
68
69
70
71
72
73
74
75
76
77
78
79
80
81
82
83
84
85
86
87
88
89
90
91
92
93
94
95
96
97
98
99
100
101
102
103
104
105
106
107
108
109
110
111
112
113
114
115
116
117
118
119
120
121
122
123
124
125
126
127
128
129
130
131
132
133
134
135
136
137
138
139
140
141
142
143
144
145
146
147
148
149
150
151
152
153
154
155
156
157
158
159
160
161
162
163
164
165
166
167
168
169
170
171
172
173
174
175
176
177
178
179
180
181
182
183
184
185
186
187
188
189
190
191
192
193
194
Assigned Classwise weights to source
S Real T Art Train Ep: 3000 lr0.008213769018249545 	 Loss Classification: 0.012667 Loss T 0.011367 Method MME

32
32
32
32
32
32
32
tensor(585.)

Labeled Target set: Average loss: 0.0954, Accuracy: 568/585 F1 (97.0940%)


Test set: Average loss: 4.5009, Accuracy: 1145/2208 F1 (51.8569%)


Val set: Average loss: 4.3926, Accuracy: 96/192 F1 (50.0000%)

Patience getting saturated, current counter is:  1
best acc test 51.494565  acc val 50.000000 acc labeled target 97.094017
saving model...
S Real T Art Train Ep: 3100 lr0.008166698608209509 	 Loss Classification: 0.066616 Loss T 0.014755 Method MME

S Real T Art Train Ep: 3200 lr0.008120252831274708 	 Loss Classification: 0.022332 Loss T 0.016858 Method MME

S Real T Art Train Ep: 3300 lr0.008074418759891278 	 Loss Classification: 0.031185 Loss T 0.017204 Method MME

S Real T Art Train Ep: 3400 lr0.008029183828623731 	 Loss Classification: 0.016708 Loss T 0.016523 Method MME

S Real T Art Train Ep: 3500 lr0.007984535821401871 	 Loss Classification: 0.104217 Loss T 0.012331 Method MME

32
32
32
32
32
32
32
tensor(585.)

Labeled Target set: Average loss: 0.1816, Accuracy: 559/585 F1 (95.5556%)


Test set: Average loss: 4.8227, Accuracy: 1147/2208 F1 (51.9475%)


Val set: Average loss: 4.5920, Accuracy: 96/192 F1 (50.0000%)

Patience getting saturated, current counter is:  2
best acc test 51.494565  acc val 50.000000 acc labeled target 95.555556
saving model...
S Real T Art Train Ep: 3600 lr0.007940462859307384 	 Loss Classification: 0.022221 Loss T 0.007629 Method MME

S Real T Art Train Ep: 3700 lr0.007896953388873518 	 Loss Classification: 0.080559 Loss T 0.016571 Method MME

S Real T Art Train Ep: 3800 lr0.007853996170872714 	 Loss Classification: 0.010474 Loss T 0.021395 Method MME

S Real T Art Train Ep: 3900 lr0.00781158026956848 	 Loss Classification: 0.313832 Loss T 0.009383 Method MME

Per Class Accuracy Calculated According to the Labelled Target examples is:  [1.        1.        1.        0.8888889 0.8888889 1.        1.
 1.        1.        1.        1.        1.        1.        0.8888889
 1.        1.        0.8888889 0.8888889 0.8888889 0.8888889 1.
 1.        1.        0.8888889 1.        1.        0.8888889 1.
 1.        0.8888889 1.        1.        1.        1.        1.
 1.        0.8888889 1.        0.8888889 0.8888889 1.        1.
 1.        1.        0.8888889 0.7777778 0.8888889 1.        0.8888889
 1.        0.7777778 1.        1.        1.        1.        1.
 1.        0.8888889 0.7777778 1.        1.        0.7777778 0.8888889
 1.        1.       ]
Top k classes which perform poorly are:  [61, 45, 58, 50, 18, 39, 29, 44, 26, 46, 23, 48, 19, 38, 17, 16, 36, 13, 62, 3, 57, 4, 52, 40, 41, 42, 43, 59, 51, 47, 56, 55, 49, 54, 53, 60, 0, 32, 35, 1, 2, 5, 6, 7, 8, 9, 10, 11, 12, 14, 37, 15, 21, 22, 24, 25, 27, 28, 30, 31, 63, 33, 34, 20, 64]
Per cls weights according to the accuracy are:  tensor([1.1839, 1.1839, 1.1839, 1.2056, 1.2056, 1.1839, 1.1839, 1.1839, 1.1839,
        1.1839, 1.1839, 1.1839, 1.1839, 1.2056, 1.1839, 1.1839, 1.2056, 1.2056,
        1.2056, 1.2056, 1.1839, 1.1839, 1.1839, 1.2056, 1.1839, 1.1839, 1.2056,
        1.1839, 1.1839, 1.2056, 1.1839, 1.1839, 1.1839, 1.1839, 1.1839, 1.1839,
        1.2056, 1.1839, 1.2056, 1.2056, 1.1839, 1.1839, 1.1839, 1.1839, 1.2056,
        1.2297, 1.2056, 1.1839, 1.2056, 1.1839, 1.2297, 1.1839, 1.1839, 1.1839,
        1.1839, 1.1839, 1.1839, 1.2056, 1.2297, 1.1839, 1.1839, 1.2297, 1.2056,
        1.1839, 1.1839])
0
1
2
3
4
5
6
7
8
9
10
11
12
13
14
15
16
17
18
19
20
21
22
23
24
25
26
27
28
29
30
31
32
33
34
35
36
37
38
39
40
41
42
43
44
45
46
47
48
49
50
51
52
53
54
55
56
57
58
59
60
61
62
63
64
65
66
67
68
69
70
71
72
73
74
75
76
77
78
79
80
81
82
83
84
85
86
87
88
89
90
91
92
93
94
95
96
97
98
99
100
101
102
103
104
105
106
107
108
109
110
111
112
113
114
115
116
117
118
119
120
121
122
123
124
125
126
127
128
129
130
131
132
133
134
135
136
137
138
139
140
141
142
143
144
145
146
147
148
149
150
151
152
153
154
155
156
157
158
159
160
161
162
163
164
165
166
167
168
169
170
171
172
173
174
175
176
177
178
179
180
181
182
183
184
185
186
187
188
189
190
191
192
193
194
Per cls weights according to the accuracy are:  tensor([0.8161, 0.8161, 0.8161, 0.7944, 0.7944, 0.8161, 0.8161, 0.8161, 0.8161,
        0.8161, 0.8161, 0.8161, 0.8161, 0.7944, 0.8161, 0.8161, 0.7944, 0.7944,
        0.7944, 0.7944, 0.8161, 0.8161, 0.8161, 0.7944, 0.8161, 0.8161, 0.7944,
        0.8161, 0.8161, 0.7944, 0.8161, 0.8161, 0.8161, 0.8161, 0.8161, 0.8161,
        0.7944, 0.8161, 0.7944, 0.7944, 0.8161, 0.8161, 0.8161, 0.8161, 0.7944,
        0.7703, 0.7944, 0.8161, 0.7944, 0.8161, 0.7703, 0.8161, 0.8161, 0.8161,
        0.8161, 0.8161, 0.8161, 0.7944, 0.7703, 0.8161, 0.8161, 0.7703, 0.7944,
        0.8161, 0.8161])
0
1
2
3
4
5
6
7
8
9
10
11
12
13
14
15
16
17
18
19
20
21
22
23
24
25
26
27
28
29
30
31
32
33
34
35
36
37
38
39
40
41
42
43
44
45
46
47
48
49
50
51
52
53
54
55
56
57
58
59
60
61
62
63
64
65
66
67
68
69
70
71
72
73
74
75
76
77
78
79
80
81
82
83
84
85
86
87
88
89
90
91
92
93
94
95
96
97
98
99
100
101
102
103
104
105
106
107
108
109
110
111
112
113
114
115
116
117
118
119
120
121
122
123
124
125
126
127
128
129
130
131
132
133
134
135
136
137
138
139
140
141
142
143
144
145
146
147
148
149
150
151
152
153
154
155
156
157
158
159
160
161
162
163
164
165
166
167
168
169
170
171
172
173
174
175
176
177
178
179
180
181
182
183
184
185
186
187
188
189
190
191
192
193
194
Assigned Classwise weights to source
S Real T Art Train Ep: 4000 lr0.007769695042409123 	 Loss Classification: 0.021168 Loss T 0.008456 Method MME

32
32
32
32
32
32
32
tensor(585.)

Labeled Target set: Average loss: 0.1207, Accuracy: 565/585 F1 (96.5812%)


Test set: Average loss: 5.0689, Accuracy: 1138/2208 F1 (51.5399%)


Val set: Average loss: 4.8290, Accuracy: 96/192 F1 (50.0000%)

Patience getting saturated, current counter is:  3
best acc test 51.494565  acc val 50.000000 acc labeled target 96.581197
saving model...
S Real T Art Train Ep: 4100 lr0.007728330130142108 	 Loss Classification: 0.006995 Loss T 0.012379 Method MME

S Real T Art Train Ep: 4200 lr0.007687475447329114 	 Loss Classification: 0.027339 Loss T 0.011808 Method MME

S Real T Art Train Ep: 4300 lr0.0076471211732427845 	 Loss Classification: 0.037543 Loss T 0.002998 Method MME

S Real T Art Train Ep: 4400 lr0.007607257743127307 	 Loss Classification: 0.031984 Loss T 0.003079 Method MME

S Real T Art Train Ep: 4500 lr0.007567875839805858 	 Loss Classification: 0.030189 Loss T 0.014609 Method MME

32
32
32
32
32
32
32
tensor(585.)

Labeled Target set: Average loss: 0.1566, Accuracy: 558/585 F1 (95.3846%)


Test set: Average loss: 5.3160, Accuracy: 1142/2208 F1 (51.7210%)


Val set: Average loss: 5.2463, Accuracy: 96/192 F1 (50.0000%)

Patience getting saturated, current counter is:  4
best acc test 51.494565  acc val 50.000000 acc labeled target 95.384615
saving model...
S Real T Art Train Ep: 4600 lr0.007528966385618854 	 Loss Classification: 0.031223 Loss T 0.006031 Method MME

S Real T Art Train Ep: 4700 lr0.007490520534677821 	 Loss Classification: 0.051838 Loss T 0.008475 Method MME

S Real T Art Train Ep: 4800 lr0.007452529665420465 	 Loss Classification: 0.066193 Loss T 0.003181 Method MME

S Real T Art Train Ep: 4900 lr0.007414985373453289 	 Loss Classification: 0.083485 Loss T 0.003389 Method MME

Per Class Accuracy Calculated According to the Labelled Target examples is:  [0.8888889 1.        1.        0.8888889 0.8888889 1.        1.
 1.        0.8888889 0.8888889 1.        0.8888889 1.        1.
 1.        1.        0.7777778 0.8888889 1.        1.        0.8888889
 1.        1.        0.7777778 1.        1.        1.        1.
 1.        1.        0.8888889 0.8888889 0.8888889 1.        1.
 0.8888889 0.8888889 1.        1.        1.        1.        0.8888889
 1.        1.        1.        0.7777778 1.        1.        0.8888889
 1.        1.        1.        1.        1.        1.        0.7777778
 0.8888889 0.8888889 0.8888889 0.8888889 1.        1.        1.
 1.        1.       ]
Top k classes which perform poorly are:  [16, 23, 55, 45, 20, 30, 31, 35, 36, 0, 48, 56, 57, 58, 59, 17, 41, 32, 8, 9, 3, 4, 11, 44, 7, 46, 47, 6, 49, 50, 52, 43, 53, 54, 5, 2, 1, 60, 61, 62, 51, 42, 18, 40, 19, 14, 21, 22, 13, 24, 25, 26, 27, 28, 29, 12, 63, 33, 34, 10, 37, 38, 39, 15, 64]
Per cls weights according to the accuracy are:  tensor([1.2056, 1.1839, 1.1839, 1.2056, 1.2056, 1.1839, 1.1839, 1.1839, 1.2056,
        1.2056, 1.1839, 1.2056, 1.1839, 1.1839, 1.1839, 1.1839, 1.2297, 1.2056,
        1.1839, 1.1839, 1.2056, 1.1839, 1.1839, 1.2297, 1.1839, 1.1839, 1.1839,
        1.1839, 1.1839, 1.1839, 1.2056, 1.2056, 1.2056, 1.1839, 1.1839, 1.2056,
        1.2056, 1.1839, 1.1839, 1.1839, 1.1839, 1.2056, 1.1839, 1.1839, 1.1839,
        1.2297, 1.1839, 1.1839, 1.2056, 1.1839, 1.1839, 1.1839, 1.1839, 1.1839,
        1.1839, 1.2297, 1.2056, 1.2056, 1.2056, 1.2056, 1.1839, 1.1839, 1.1839,
        1.1839, 1.1839])
0
1
2
3
4
5
6
7
8
9
10
11
12
13
14
15
16
17
18
19
20
21
22
23
24
25
26
27
28
29
30
31
32
33
34
35
36
37
38
39
40
41
42
43
44
45
46
47
48
49
50
51
52
53
54
55
56
57
58
59
60
61
62
63
64
65
66
67
68
69
70
71
72
73
74
75
76
77
78
79
80
81
82
83
84
85
86
87
88
89
90
91
92
93
94
95
96
97
98
99
100
101
102
103
104
105
106
107
108
109
110
111
112
113
114
115
116
117
118
119
120
121
122
123
124
125
126
127
128
129
130
131
132
133
134
135
136
137
138
139
140
141
142
143
144
145
146
147
148
149
150
151
152
153
154
155
156
157
158
159
160
161
162
163
164
165
166
167
168
169
170
171
172
173
174
175
176
177
178
179
180
181
182
183
184
185
186
187
188
189
190
191
192
193
194
Per cls weights according to the accuracy are:  tensor([0.7944, 0.8161, 0.8161, 0.7944, 0.7944, 0.8161, 0.8161, 0.8161, 0.7944,
        0.7944, 0.8161, 0.7944, 0.8161, 0.8161, 0.8161, 0.8161, 0.7703, 0.7944,
        0.8161, 0.8161, 0.7944, 0.8161, 0.8161, 0.7703, 0.8161, 0.8161, 0.8161,
        0.8161, 0.8161, 0.8161, 0.7944, 0.7944, 0.7944, 0.8161, 0.8161, 0.7944,
        0.7944, 0.8161, 0.8161, 0.8161, 0.8161, 0.7944, 0.8161, 0.8161, 0.8161,
        0.7703, 0.8161, 0.8161, 0.7944, 0.8161, 0.8161, 0.8161, 0.8161, 0.8161,
        0.8161, 0.7703, 0.7944, 0.7944, 0.7944, 0.7944, 0.8161, 0.8161, 0.8161,
        0.8161, 0.8161])
0
1
2
3
4
5
6
7
8
9
10
11
12
13
14
15
16
17
18
19
20
21
22
23
24
25
26
27
28
29
30
31
32
33
34
35
36
37
38
39
40
41
42
43
44
45
46
47
48
49
50
51
52
53
54
55
56
57
58
59
60
61
62
63
64
65
66
67
68
69
70
71
72
73
74
75
76
77
78
79
80
81
82
83
84
85
86
87
88
89
90
91
92
93
94
95
96
97
98
99
100
101
102
103
104
105
106
107
108
109
110
111
112
113
114
115
116
117
118
119
120
121
122
123
124
125
126
127
128
129
130
131
132
133
134
135
136
137
138
139
140
141
142
143
144
145
146
147
148
149
150
151
152
153
154
155
156
157
158
159
160
161
162
163
164
165
166
167
168
169
170
171
172
173
174
175
176
177
178
179
180
181
182
183
184
185
186
187
188
189
190
191
192
193
194
Assigned Classwise weights to source
S Real T Art Train Ep: 5000 lr0.007377879464668811 	 Loss Classification: 0.085582 Loss T 0.007283 Method MME

32
32
32
32
32
32
32
tensor(585.)

Labeled Target set: Average loss: 0.1210, Accuracy: 564/585 F1 (96.4103%)


Test set: Average loss: 5.5873, Accuracy: 1143/2208 F1 (51.7663%)


Val set: Average loss: 5.4704, Accuracy: 96/192 F1 (50.0000%)

Patience getting saturated, current counter is:  5
best acc test 51.494565  acc val 50.000000 acc labeled target 96.410256
saving model...
S Real T Art Train Ep: 5100 lr0.007341203948625087 	 Loss Classification: 0.045032 Loss T 0.007670 Method MME

S Real T Art Train Ep: 5200 lr0.007304951032175895 	 Loss Classification: 0.035972 Loss T 0.007359 Method MME

S Real T Art Train Ep: 5300 lr0.007269113113340497 	 Loss Classification: 0.051495 Loss T 0.003416 Method MME

S Real T Art Train Ep: 5400 lr0.007233682775402483 	 Loss Classification: 0.025430 Loss T 0.007441 Method MME

S Real T Art Train Ep: 5500 lr0.007198652781227704 	 Loss Classification: 0.070460 Loss T 0.007452 Method MME

32
32
32
32
32
32
32
tensor(585.)

Labeled Target set: Average loss: 0.0932, Accuracy: 567/585 F1 (96.9231%)


Test set: Average loss: 5.6592, Accuracy: 1146/2208 F1 (51.9022%)


Val set: Average loss: 5.4154, Accuracy: 96/192 F1 (50.0000%)

Patience getting saturated, current counter is:  6
best acc test 51.494565  acc val 50.000000 acc labeled target 96.923077
saving model...
S Real T Art Train Ep: 5600 lr0.007164016067791809 	 Loss Classification: 0.083674 Loss T 0.004216 Method MME

S Real T Art Train Ep: 5700 lr0.0071297657409083726 	 Loss Classification: 0.074885 Loss T 0.003965 Method MME

S Real T Art Train Ep: 5800 lr0.0070958950701490225 	 Loss Classification: 0.180210 Loss T 0.003287 Method MME

S Real T Art Train Ep: 5900 lr0.007062397483947426 	 Loss Classification: 0.035409 Loss T 0.007927 Method MME

Per Class Accuracy Calculated According to the Labelled Target examples is:  [1.        1.        1.        1.        0.8888889 1.        0.8888889
 1.        0.8888889 0.8888889 1.        1.        1.        1.
 1.        1.        1.        0.8888889 1.        1.        1.
 0.8888889 1.        0.8888889 1.        1.        1.        1.
 0.8888889 1.        0.8888889 1.        1.        1.        1.
 1.        0.7777778 1.        1.        1.        1.        0.8888889
 0.8888889 0.7777778 1.        0.8888889 1.        1.        1.
 1.        0.8888889 1.        1.        1.        1.        0.8888889
 1.        1.        1.        1.        1.        1.        1.
 1.        1.       ]
Top k classes which perform poorly are:  [36, 43, 41, 30, 42, 28, 45, 23, 21, 17, 55, 50, 9, 4, 8, 6, 57, 38, 39, 40, 62, 61, 60, 59, 44, 46, 58, 47, 48, 49, 37, 51, 52, 53, 54, 56, 0, 32, 34, 1, 2, 3, 5, 7, 10, 11, 12, 13, 14, 15, 35, 16, 19, 20, 22, 24, 25, 26, 27, 29, 31, 63, 33, 18, 64]
Per cls weights according to the accuracy are:  tensor([1.1839, 1.1839, 1.1839, 1.1839, 1.2056, 1.1839, 1.2056, 1.1839, 1.2056,
        1.2056, 1.1839, 1.1839, 1.1839, 1.1839, 1.1839, 1.1839, 1.1839, 1.2056,
        1.1839, 1.1839, 1.1839, 1.2056, 1.1839, 1.2056, 1.1839, 1.1839, 1.1839,
        1.1839, 1.2056, 1.1839, 1.2056, 1.1839, 1.1839, 1.1839, 1.1839, 1.1839,
        1.2297, 1.1839, 1.1839, 1.1839, 1.1839, 1.2056, 1.2056, 1.2297, 1.1839,
        1.2056, 1.1839, 1.1839, 1.1839, 1.1839, 1.2056, 1.1839, 1.1839, 1.1839,
        1.1839, 1.2056, 1.1839, 1.1839, 1.1839, 1.1839, 1.1839, 1.1839, 1.1839,
        1.1839, 1.1839])
