Dataset office_home Source Real Target Clipart Labeled num perclass 3 Network alexnet
65 classes in this dataset
Labelled Source Examples:  4357
Unlabelled Target Dataset Size:  4170
Labelled Target Dataset Size:  195
Misc. Labelled Target Dataset Size:  195
Bank keys - Target:  dict_keys(['feat_vec', 'labels', 'names', 'domain_identifier']) Source:  dict_keys(['feat_vec', 'labels', 'names', 'domain_identifier'])
Num  - Target:  4170 Source:  4357
Unlabeled Target Data Batches: 65
S Real T Clipart Train Ep: 0 lr0.01 	 Loss Classification: 4.237679 Loss T 0.415790 Method MME

32
32
32
32
32
32
32
tensor(585.)

Labeled Target set: Average loss: 4.1989, Accuracy: 5/585 F1 (0.8547%)


Test set: Average loss: 4.1772, Accuracy: 118/4160 F1 (2.8365%)


Val set: Average loss: 4.1813, Accuracy: 4/192 F1 (2.0833%)

Patience Reset, Counter is: 0
best acc test 2.836538  acc val 2.083333 acc labeled target 0.854701
saving model...
S Real T Clipart Train Ep: 100 lr0.009925650290240803 	 Loss Classification: 1.650913 Loss T 0.279363 Method MME

S Real T Clipart Train Ep: 200 lr0.009852577760521605 	 Loss Classification: 1.009788 Loss T 0.232016 Method MME

S Real T Clipart Train Ep: 300 lr0.009780748269686728 	 Loss Classification: 0.590671 Loss T 0.197180 Method MME

S Real T Clipart Train Ep: 400 lr0.009710128909124701 	 Loss Classification: 0.941879 Loss T 0.173817 Method MME

S Real T Clipart Train Ep: 500 lr0.00964068794694323 	 Loss Classification: 0.457027 Loss T 0.177581 Method MME

32
32
32
32
32
32
32
tensor(585.)

Labeled Target set: Average loss: 3.4284, Accuracy: 201/585 F1 (34.3590%)


Test set: Average loss: 2.8092, Accuracy: 1515/4160 F1 (36.4183%)


Val set: Average loss: 2.6381, Accuracy: 81/192 F1 (42.1875%)

Patience Reset, Counter is: 0
best acc test 36.418269  acc val 42.187500 acc labeled target 34.358974
saving model...
S Real T Clipart Train Ep: 600 lr0.00957239477517603 	 Loss Classification: 0.441186 Loss T 0.138440 Method MME

S Real T Clipart Train Ep: 700 lr0.009505219859830012 	 Loss Classification: 0.330597 Loss T 0.140850 Method MME

S Real T Clipart Train Ep: 800 lr0.009439134693595126 	 Loss Classification: 0.177550 Loss T 0.141857 Method MME

S Real T Clipart Train Ep: 900 lr0.009374111751051751 	 Loss Classification: 0.373092 Loss T 0.143308 Method MME

S Real T Clipart Train Ep: 1000 lr0.009310124446222227 	 Loss Classification: 0.174771 Loss T 0.126166 Method MME

32
32
32
32
32
32
32
tensor(585.)

Labeled Target set: Average loss: 3.5048, Accuracy: 201/585 F1 (34.3590%)


Test set: Average loss: 3.2859, Accuracy: 1536/4160 F1 (36.9231%)


Val set: Average loss: 3.0959, Accuracy: 75/192 F1 (39.0625%)

Patience getting saturated, current counter is:  0
best acc test 36.418269  acc val 39.062500 acc labeled target 34.358974
saving model...
S Real T Clipart Train Ep: 1100 lr0.00924714709232377 	 Loss Classification: 0.151169 Loss T 0.112371 Method MME

S Real T Clipart Train Ep: 1200 lr0.009185154863590003 	 Loss Classification: 0.426885 Loss T 0.111992 Method MME

S Real T Clipart Train Ep: 1300 lr0.00912412375903735 	 Loss Classification: 0.175600 Loss T 0.095421 Method MME

S Real T Clipart Train Ep: 1400 lr0.009064030568061049 	 Loss Classification: 0.147129 Loss T 0.089799 Method MME

S Real T Clipart Train Ep: 1500 lr0.009004852837753237 	 Loss Classification: 0.161568 Loss T 0.099840 Method MME

32
32
32
32
32
32
32
tensor(585.)

Labeled Target set: Average loss: 3.7116, Accuracy: 209/585 F1 (35.7265%)


Test set: Average loss: 3.5604, Accuracy: 1575/4160 F1 (37.8606%)


Val set: Average loss: 3.3012, Accuracy: 76/192 F1 (39.5833%)

Patience getting saturated, current counter is:  1
best acc test 36.418269  acc val 39.583333 acc labeled target 35.726496
saving model...
S Real T Clipart Train Ep: 1600 lr0.008946568841842816 	 Loss Classification: 0.092136 Loss T 0.072863 Method MME

S Real T Clipart Train Ep: 1700 lr0.008889157551163433 	 Loss Classification: 0.095441 Loss T 0.072883 Method MME

S Real T Clipart Train Ep: 1800 lr0.008832598605562044 	 Loss Classification: 0.050786 Loss T 0.083296 Method MME

S Real T Clipart Train Ep: 1900 lr0.008776872287166303 	 Loss Classification: 0.144217 Loss T 0.081654 Method MME

Per Class Accuracy Calculated According to the Labelled Target examples is:  [1.         0.44444445 0.         0.33333334 0.6666667  0.22222222
 0.11111111 1.         0.33333334 0.11111111 0.5555556  0.
 0.33333334 0.11111111 1.         0.11111111 0.7777778  0.
 0.7777778  0.33333334 0.33333334 0.8888889  0.33333334 0.
 0.         0.33333334 0.         0.6666667  0.44444445 0.7777778
 0.         0.5555556  0.6666667  0.         0.8888889  0.6666667
 0.33333334 0.22222222 0.8888889  0.         0.         0.33333334
 0.5555556  0.44444445 0.         0.22222222 0.         0.22222222
 0.44444445 0.6666667  1.         0.33333334 0.22222222 0.
 0.22222222 0.         0.8888889  0.         0.8888889  0.
 0.11111111 0.         0.11111111 0.11111111 0.22222222]
Top k classes which perform poorly are:  [24, 30, 23, 55, 33, 57, 17, 59, 53, 11, 26, 40, 61, 44, 2, 46, 39, 9, 60, 15, 6, 62, 63, 13, 37, 52, 45, 64, 47, 54, 5, 25, 22, 20, 19, 51, 36, 12, 3, 8, 41, 28, 1, 48, 43, 42, 10, 31, 49, 32, 35, 27, 4, 29, 18, 16, 34, 21, 56, 58, 38, 50, 14, 7, 0]
Per cls weights according to the accuracy are:  tensor([1.1839, 1.3206, 1.5000, 1.3583, 1.2567, 1.4004, 1.4474, 1.1839, 1.3583,
        1.4474, 1.2869, 1.5000, 1.3583, 1.4474, 1.1839, 1.4474, 1.2297, 1.5000,
        1.2297, 1.3583, 1.3583, 1.2056, 1.3583, 1.5000, 1.5000, 1.3583, 1.5000,
        1.2567, 1.3206, 1.2297, 1.5000, 1.2869, 1.2567, 1.5000, 1.2056, 1.2567,
        1.3583, 1.4004, 1.2056, 1.5000, 1.5000, 1.3583, 1.2869, 1.3206, 1.5000,
        1.4004, 1.5000, 1.4004, 1.3206, 1.2567, 1.1839, 1.3583, 1.4004, 1.5000,
        1.4004, 1.5000, 1.2056, 1.5000, 1.2056, 1.5000, 1.4474, 1.5000, 1.4474,
        1.4474, 1.4004])
0
1
2
3
4
5
6
7
8
9
10
11
12
13
14
15
16
17
18
19
20
21
22
23
24
25
26
27
28
29
30
31
32
33
34
35
36
37
38
39
40
41
42
43
44
45
46
47
48
49
50
51
52
53
54
55
56
57
58
59
60
61
62
63
64
65
66
67
68
69
70
71
72
73
74
75
76
77
78
79
80
81
82
83
84
85
86
87
88
89
90
91
92
93
94
95
96
97
98
99
100
101
102
103
104
105
106
107
108
109
110
111
112
113
114
115
116
117
118
119
120
121
122
123
124
125
126
127
128
129
130
131
132
133
134
135
136
137
138
139
140
141
142
143
144
145
146
147
148
149
150
151
152
153
154
155
156
157
158
159
160
161
162
163
164
165
166
167
168
169
170
171
172
173
174
175
176
177
178
179
180
181
182
183
184
185
186
187
188
189
190
191
192
193
194
Per cls weights according to the accuracy are:  tensor([0.8161, 0.6794, 0.5000, 0.6417, 0.7433, 0.5996, 0.5526, 0.8161, 0.6417,
        0.5526, 0.7131, 0.5000, 0.6417, 0.5526, 0.8161, 0.5526, 0.7703, 0.5000,
        0.7703, 0.6417, 0.6417, 0.7944, 0.6417, 0.5000, 0.5000, 0.6417, 0.5000,
        0.7433, 0.6794, 0.7703, 0.5000, 0.7131, 0.7433, 0.5000, 0.7944, 0.7433,
        0.6417, 0.5996, 0.7944, 0.5000, 0.5000, 0.6417, 0.7131, 0.6794, 0.5000,
        0.5996, 0.5000, 0.5996, 0.6794, 0.7433, 0.8161, 0.6417, 0.5996, 0.5000,
        0.5996, 0.5000, 0.7944, 0.5000, 0.7944, 0.5000, 0.5526, 0.5000, 0.5526,
        0.5526, 0.5996])
0
1
2
3
4
5
6
7
8
9
10
11
12
13
14
15
16
17
18
19
20
21
22
23
24
25
26
27
28
29
30
31
32
33
34
35
36
37
38
39
40
41
42
43
44
45
46
47
48
49
50
51
52
53
54
55
56
57
58
59
60
61
62
63
64
65
66
67
68
69
70
71
72
73
74
75
76
77
78
79
80
81
82
83
84
85
86
87
88
89
90
91
92
93
94
95
96
97
98
99
100
101
102
103
104
105
106
107
108
109
110
111
112
113
114
115
116
117
118
119
120
121
122
123
124
125
126
127
128
129
130
131
132
133
134
135
136
137
138
139
140
141
142
143
144
145
146
147
148
149
150
151
152
153
154
155
156
157
158
159
160
161
162
163
164
165
166
167
168
169
170
171
172
173
174
175
176
177
178
179
180
181
182
183
184
185
186
187
188
189
190
191
192
193
194
Assigned Classwise weights to source
S Real T Clipart Train Ep: 2000 lr0.008721959494934213 	 Loss Classification: 0.039817 Loss T 0.070925 Method MME

32
32
32
32
32
32
32
tensor(585.)

Labeled Target set: Average loss: 3.5318, Accuracy: 202/585 F1 (34.5299%)


Test set: Average loss: 3.9634, Accuracy: 1554/4160 F1 (37.3558%)


Val set: Average loss: 3.6471, Accuracy: 82/192 F1 (42.7083%)

Patience Reset, Counter is: 2
best acc test 37.355769  acc val 42.708333 acc labeled target 34.529915
saving model...
S Real T Clipart Train Ep: 2100 lr0.008667841720414475 	 Loss Classification: 0.119766 Loss T 0.067459 Method MME

S Real T Clipart Train Ep: 2200 lr0.008614501024650454 	 Loss Classification: 0.092015 Loss T 0.065278 Method MME

S Real T Clipart Train Ep: 2300 lr0.008561920016164943 	 Loss Classification: 0.310904 Loss T 0.062357 Method MME

S Real T Clipart Train Ep: 2400 lr0.008510081829966844 	 Loss Classification: 0.081652 Loss T 0.061640 Method MME

S Real T Clipart Train Ep: 2500 lr0.008458970107524513 	 Loss Classification: 0.149078 Loss T 0.067054 Method MME

32
32
32
32
32
32
32
tensor(585.)

Labeled Target set: Average loss: 3.4884, Accuracy: 210/585 F1 (35.8974%)


Test set: Average loss: 4.0275, Accuracy: 1591/4160 F1 (38.2452%)


Val set: Average loss: 3.8299, Accuracy: 83/192 F1 (43.2292%)

Patience Reset, Counter is: 0
best acc test 38.245192  acc val 43.229167 acc labeled target 35.897436
saving model...
S Real T Clipart Train Ep: 2600 lr0.008408568977653933 	 Loss Classification: 0.078478 Loss T 0.056192 Method MME

S Real T Clipart Train Ep: 2700 lr0.00835886303827305 	 Loss Classification: 0.190833 Loss T 0.049808 Method MME

S Real T Clipart Train Ep: 2800 lr0.008309837338976545 	 Loss Classification: 0.062067 Loss T 0.055455 Method MME

S Real T Clipart Train Ep: 2900 lr0.008261477364388068 	 Loss Classification: 0.119530 Loss T 0.047673 Method MME

Per Class Accuracy Calculated According to the Labelled Target examples is:  [0.7777778  0.5555556  0.         0.         0.7777778  0.22222222
 0.33333334 0.7777778  0.33333334 0.11111111 0.7777778  0.
 0.         0.         0.8888889  0.         0.7777778  0.
 0.6666667  0.33333334 0.6666667  1.         0.5555556  0.
 0.         0.33333334 0.44444445 0.5555556  0.33333334 1.
 0.         0.44444445 0.44444445 0.         0.6666667  0.6666667
 0.5555556  0.44444445 1.         0.         0.22222222 0.33333334
 0.22222222 0.44444445 0.33333334 0.5555556  0.         0.33333334
 0.         0.6666667  1.         0.33333334 0.11111111 0.
 0.22222222 0.         0.8888889  0.         0.7777778  0.
 0.         0.         0.         0.         0.44444445]
Top k classes which perform poorly are:  [39, 48, 63, 24, 23, 33, 53, 17, 55, 15, 30, 13, 57, 11, 62, 2, 3, 61, 12, 46, 60, 59, 9, 52, 54, 5, 42, 40, 41, 44, 19, 47, 25, 51, 8, 6, 28, 43, 32, 64, 37, 31, 26, 36, 45, 1, 27, 22, 34, 49, 20, 18, 35, 10, 4, 7, 58, 0, 16, 56, 14, 38, 50, 29, 21]
Per cls weights according to the accuracy are:  tensor([1.2297, 1.2869, 1.5000, 1.5000, 1.2297, 1.4004, 1.3583, 1.2297, 1.3583,
        1.4474, 1.2297, 1.5000, 1.5000, 1.5000, 1.2056, 1.5000, 1.2297, 1.5000,
        1.2567, 1.3583, 1.2567, 1.1839, 1.2869, 1.5000, 1.5000, 1.3583, 1.3206,
        1.2869, 1.3583, 1.1839, 1.5000, 1.3206, 1.3206, 1.5000, 1.2567, 1.2567,
        1.2869, 1.3206, 1.1839, 1.5000, 1.4004, 1.3583, 1.4004, 1.3206, 1.3583,
        1.2869, 1.5000, 1.3583, 1.5000, 1.2567, 1.1839, 1.3583, 1.4474, 1.5000,
        1.4004, 1.5000, 1.2056, 1.5000, 1.2297, 1.5000, 1.5000, 1.5000, 1.5000,
        1.5000, 1.3206])
0
1
2
3
4
5
6
7
8
9
10
11
12
13
14
15
16
17
18
19
20
21
22
23
24
25
26
27
28
29
30
31
32
33
34
35
36
37
38
39
40
41
42
43
44
45
46
47
48
49
50
51
52
53
54
55
56
57
58
59
60
61
62
63
64
65
66
67
68
69
70
71
72
73
74
75
76
77
78
79
80
81
82
83
84
85
86
87
88
89
90
91
92
93
94
95
96
97
98
99
100
101
102
103
104
105
106
107
108
109
110
111
112
113
114
115
116
117
118
119
120
121
122
123
124
125
126
127
128
129
130
131
132
133
134
135
136
137
138
139
140
141
142
143
144
145
146
147
148
149
150
151
152
153
154
155
156
157
158
159
160
161
162
163
164
165
166
167
168
169
170
171
172
173
174
175
176
177
178
179
180
181
182
183
184
185
186
187
188
189
190
191
192
193
194
Per cls weights according to the accuracy are:  tensor([0.7703, 0.7131, 0.5000, 0.5000, 0.7703, 0.5996, 0.6417, 0.7703, 0.6417,
        0.5526, 0.7703, 0.5000, 0.5000, 0.5000, 0.7944, 0.5000, 0.7703, 0.5000,
        0.7433, 0.6417, 0.7433, 0.8161, 0.7131, 0.5000, 0.5000, 0.6417, 0.6794,
        0.7131, 0.6417, 0.8161, 0.5000, 0.6794, 0.6794, 0.5000, 0.7433, 0.7433,
        0.7131, 0.6794, 0.8161, 0.5000, 0.5996, 0.6417, 0.5996, 0.6794, 0.6417,
        0.7131, 0.5000, 0.6417, 0.5000, 0.7433, 0.8161, 0.6417, 0.5526, 0.5000,
        0.5996, 0.5000, 0.7944, 0.5000, 0.7703, 0.5000, 0.5000, 0.5000, 0.5000,
        0.5000, 0.6794])
0
1
2
3
4
5
6
7
8
9
10
11
12
13
14
15
16
17
18
19
20
21
22
23
24
25
26
27
28
29
30
31
32
33
34
35
36
37
38
39
40
41
42
43
44
45
46
47
48
49
50
51
52
53
54
55
56
57
58
59
60
61
62
63
64
65
66
67
68
69
70
71
72
73
74
75
76
77
78
79
80
81
82
83
84
85
86
87
88
89
90
91
92
93
94
95
96
97
98
99
100
101
102
103
104
105
106
107
108
109
110
111
112
113
114
115
116
117
118
119
120
121
122
123
124
125
126
127
128
129
130
131
132
133
134
135
136
137
138
139
140
141
142
143
144
145
146
147
148
149
150
151
152
153
154
155
156
157
158
159
160
161
162
163
164
165
166
167
168
169
170
171
172
173
174
175
176
177
178
179
180
181
182
183
184
185
186
187
188
189
190
191
192
193
194
Assigned Classwise weights to source
S Real T Clipart Train Ep: 3000 lr0.008213769018249545 	 Loss Classification: 0.065564 Loss T 0.060596 Method MME

32
32
32
32
32
32
32
tensor(585.)

Labeled Target set: Average loss: 3.9387, Accuracy: 199/585 F1 (34.0171%)


Test set: Average loss: 4.3164, Accuracy: 1599/4160 F1 (38.4375%)


Val set: Average loss: 4.1658, Accuracy: 83/192 F1 (43.2292%)

Patience Reset, Counter is: 0
best acc test 38.437500  acc val 43.229167 acc labeled target 34.017094
saving model...
S Real T Clipart Train Ep: 3100 lr0.008166698608209509 	 Loss Classification: 0.148505 Loss T 0.088188 Method MME

S Real T Clipart Train Ep: 3200 lr0.008120252831274708 	 Loss Classification: 0.032103 Loss T 0.073825 Method MME

S Real T Clipart Train Ep: 3300 lr0.008074418759891278 	 Loss Classification: 0.052612 Loss T 0.085046 Method MME

S Real T Clipart Train Ep: 3400 lr0.008029183828623731 	 Loss Classification: 0.058425 Loss T 0.062818 Method MME

S Real T Clipart Train Ep: 3500 lr0.007984535821401871 	 Loss Classification: 0.239148 Loss T 0.048397 Method MME

32
32
32
32
32
32
32
tensor(585.)

Labeled Target set: Average loss: 0.2426, Accuracy: 547/585 F1 (93.5043%)


Test set: Average loss: 3.4465, Accuracy: 1986/4160 F1 (47.7404%)


Val set: Average loss: 3.2539, Accuracy: 94/192 F1 (48.9583%)

Patience Reset, Counter is: 0
best acc test 47.740385  acc val 48.958333 acc labeled target 93.504274
saving model...
S Real T Clipart Train Ep: 3600 lr0.007940462859307384 	 Loss Classification: 0.094367 Loss T 0.056410 Method MME

S Real T Clipart Train Ep: 3700 lr0.007896953388873518 	 Loss Classification: 0.055760 Loss T 0.062565 Method MME

S Real T Clipart Train Ep: 3800 lr0.007853996170872714 	 Loss Classification: 0.023415 Loss T 0.053510 Method MME

S Real T Clipart Train Ep: 3900 lr0.00781158026956848 	 Loss Classification: 0.141287 Loss T 0.048742 Method MME

Per Class Accuracy Calculated According to the Labelled Target examples is:  [0.8888889 1.        1.        1.        0.7777778 1.        1.
 0.8888889 0.7777778 0.7777778 1.        0.7777778 1.        1.
 1.        0.8888889 1.        0.8888889 1.        1.        0.8888889
 0.8888889 1.        1.        1.        0.8888889 1.        0.7777778
 1.        1.        0.7777778 0.8888889 1.        0.8888889 0.7777778
 1.        1.        0.8888889 1.        0.8888889 0.8888889 1.
 0.8888889 0.7777778 1.        0.8888889 1.        1.        1.
 1.        1.        0.7777778 1.        0.8888889 1.        1.
 0.7777778 1.        0.8888889 0.8888889 1.        0.8888889 1.
 1.        1.       ]
Top k classes which perform poorly are:  [9, 27, 56, 11, 30, 8, 51, 34, 4, 43, 31, 39, 42, 45, 37, 25, 21, 33, 0, 20, 17, 61, 59, 58, 7, 40, 53, 15, 47, 54, 46, 55, 52, 48, 44, 49, 50, 60, 62, 41, 57, 32, 36, 1, 2, 3, 5, 6, 10, 12, 13, 14, 38, 16, 19, 22, 23, 24, 26, 28, 29, 63, 35, 18, 64]
Per cls weights according to the accuracy are:  tensor([1.2056, 1.1839, 1.1839, 1.1839, 1.2297, 1.1839, 1.1839, 1.2056, 1.2297,
        1.2297, 1.1839, 1.2297, 1.1839, 1.1839, 1.1839, 1.2056, 1.1839, 1.2056,
        1.1839, 1.1839, 1.2056, 1.2056, 1.1839, 1.1839, 1.1839, 1.2056, 1.1839,
        1.2297, 1.1839, 1.1839, 1.2297, 1.2056, 1.1839, 1.2056, 1.2297, 1.1839,
        1.1839, 1.2056, 1.1839, 1.2056, 1.2056, 1.1839, 1.2056, 1.2297, 1.1839,
        1.2056, 1.1839, 1.1839, 1.1839, 1.1839, 1.1839, 1.2297, 1.1839, 1.2056,
        1.1839, 1.1839, 1.2297, 1.1839, 1.2056, 1.2056, 1.1839, 1.2056, 1.1839,
        1.1839, 1.1839])
0
1
2
3
4
5
6
7
8
9
10
11
12
13
14
15
16
17
18
19
20
21
22
23
24
25
26
27
28
29
30
31
32
33
34
35
36
37
38
39
40
41
42
43
44
45
46
47
48
49
50
51
52
53
54
55
56
57
58
59
60
61
62
63
64
65
66
67
68
69
70
71
72
73
74
75
76
77
78
79
80
81
82
83
84
85
86
87
88
89
90
91
92
93
94
95
96
97
98
99
100
101
102
103
104
105
106
107
108
109
110
111
112
113
114
115
116
117
118
119
120
121
122
123
124
125
126
127
128
129
130
131
132
133
134
135
136
137
138
139
140
141
142
143
144
145
146
147
148
149
150
151
152
153
154
155
156
157
158
159
160
161
162
163
164
165
166
167
168
169
170
171
172
173
174
175
176
177
178
179
180
181
182
183
184
185
186
187
188
189
190
191
192
193
194
Per cls weights according to the accuracy are:  tensor([0.7944, 0.8161, 0.8161, 0.8161, 0.7703, 0.8161, 0.8161, 0.7944, 0.7703,
        0.7703, 0.8161, 0.7703, 0.8161, 0.8161, 0.8161, 0.7944, 0.8161, 0.7944,
        0.8161, 0.8161, 0.7944, 0.7944, 0.8161, 0.8161, 0.8161, 0.7944, 0.8161,
        0.7703, 0.8161, 0.8161, 0.7703, 0.7944, 0.8161, 0.7944, 0.7703, 0.8161,
        0.8161, 0.7944, 0.8161, 0.7944, 0.7944, 0.8161, 0.7944, 0.7703, 0.8161,
        0.7944, 0.8161, 0.8161, 0.8161, 0.8161, 0.8161, 0.7703, 0.8161, 0.7944,
        0.8161, 0.8161, 0.7703, 0.8161, 0.7944, 0.7944, 0.8161, 0.7944, 0.8161,
        0.8161, 0.8161])
0
1
2
3
4
5
6
7
8
9
10
11
12
13
14
15
16
17
18
19
20
21
22
23
24
25
26
27
28
29
30
31
32
33
34
35
36
37
38
39
40
41
42
43
44
45
46
47
48
49
50
51
52
53
54
55
56
57
58
59
60
61
62
63
64
65
66
67
68
69
70
71
72
73
74
75
76
77
78
79
80
81
82
83
84
85
86
87
88
89
90
91
92
93
94
95
96
97
98
99
100
101
102
103
104
105
106
107
108
109
110
111
112
113
114
115
116
117
118
119
120
121
122
123
124
125
126
127
128
129
130
131
132
133
134
135
136
137
138
139
140
141
142
143
144
145
146
147
148
149
150
151
152
153
154
155
156
157
158
159
160
161
162
163
164
165
166
167
168
169
170
171
172
173
174
175
176
177
178
179
180
181
182
183
184
185
186
187
188
189
190
191
192
193
194
Assigned Classwise weights to source
S Real T Clipart Train Ep: 4000 lr0.007769695042409123 	 Loss Classification: 0.116153 Loss T 0.061280 Method MME

32
32
32
32
32
32
32
tensor(585.)

Labeled Target set: Average loss: 0.1293, Accuracy: 565/585 F1 (96.5812%)


Test set: Average loss: 3.7203, Accuracy: 2010/4160 F1 (48.3173%)


Val set: Average loss: 3.6204, Accuracy: 96/192 F1 (50.0000%)

Patience Reset, Counter is: 0
best acc test 48.317308  acc val 50.000000 acc labeled target 96.581197
saving model...
S Real T Clipart Train Ep: 4100 lr0.007728330130142108 	 Loss Classification: 0.079851 Loss T 0.042803 Method MME

S Real T Clipart Train Ep: 4200 lr0.007687475447329114 	 Loss Classification: 0.170562 Loss T 0.040267 Method MME

S Real T Clipart Train Ep: 4300 lr0.0076471211732427845 	 Loss Classification: 0.051061 Loss T 0.032843 Method MME

S Real T Clipart Train Ep: 4400 lr0.007607257743127307 	 Loss Classification: 0.113852 Loss T 0.037363 Method MME

S Real T Clipart Train Ep: 4500 lr0.007567875839805858 	 Loss Classification: 0.058481 Loss T 0.037422 Method MME

32
32
32
32
32
32
32
tensor(585.)

Labeled Target set: Average loss: 0.1826, Accuracy: 557/585 F1 (95.2137%)


Test set: Average loss: 3.8491, Accuracy: 2009/4160 F1 (48.2933%)


Val set: Average loss: 3.7369, Accuracy: 92/192 F1 (47.9167%)

Patience getting saturated, current counter is:  0
best acc test 48.317308  acc val 47.916667 acc labeled target 95.213675
saving model...
S Real T Clipart Train Ep: 4600 lr0.007528966385618854 	 Loss Classification: 0.030507 Loss T 0.049322 Method MME

S Real T Clipart Train Ep: 4700 lr0.007490520534677821 	 Loss Classification: 0.117753 Loss T 0.026713 Method MME

S Real T Clipart Train Ep: 4800 lr0.007452529665420465 	 Loss Classification: 0.058372 Loss T 0.043525 Method MME

S Real T Clipart Train Ep: 4900 lr0.007414985373453289 	 Loss Classification: 0.098473 Loss T 0.043445 Method MME

Per Class Accuracy Calculated According to the Labelled Target examples is:  [0.8888889 1.        0.8888889 0.8888889 1.        1.        1.
 1.        1.        0.7777778 0.8888889 0.6666667 1.        1.
 1.        1.        0.8888889 1.        1.        1.        1.
 1.        0.8888889 1.        0.8888889 1.        1.        1.
 0.8888889 1.        0.8888889 1.        0.8888889 0.8888889 1.
 1.        1.        0.8888889 0.8888889 1.        1.        1.
 1.        1.        0.8888889 1.        0.7777778 0.8888889 1.
 1.        1.        1.        1.        0.8888889 1.        1.
 1.        1.        0.8888889 0.7777778 0.8888889 1.        0.8888889
 1.        1.       ]
Top k classes which perform poorly are:  [11, 59, 46, 9, 0, 28, 30, 33, 37, 38, 44, 47, 53, 58, 60, 62, 24, 22, 32, 10, 2, 3, 16, 19, 45, 7, 6, 48, 49, 50, 51, 5, 8, 54, 55, 56, 57, 4, 61, 1, 52, 43, 41, 18, 20, 21, 17, 23, 25, 26, 27, 15, 29, 14, 31, 63, 13, 34, 35, 36, 12, 39, 40, 42, 64]
Per cls weights according to the accuracy are:  tensor([1.2056, 1.1839, 1.2056, 1.2056, 1.1839, 1.1839, 1.1839, 1.1839, 1.1839,
        1.2297, 1.2056, 1.2567, 1.1839, 1.1839, 1.1839, 1.1839, 1.2056, 1.1839,
        1.1839, 1.1839, 1.1839, 1.1839, 1.2056, 1.1839, 1.2056, 1.1839, 1.1839,
        1.1839, 1.2056, 1.1839, 1.2056, 1.1839, 1.2056, 1.2056, 1.1839, 1.1839,
        1.1839, 1.2056, 1.2056, 1.1839, 1.1839, 1.1839, 1.1839, 1.1839, 1.2056,
        1.1839, 1.2297, 1.2056, 1.1839, 1.1839, 1.1839, 1.1839, 1.1839, 1.2056,
        1.1839, 1.1839, 1.1839, 1.1839, 1.2056, 1.2297, 1.2056, 1.1839, 1.2056,
        1.1839, 1.1839])
0
1
2
3
4
5
6
7
8
9
10
11
12
13
14
15
16
17
18
19
20
21
22
23
24
25
26
27
28
29
30
31
32
33
34
35
36
37
38
39
40
41
42
43
44
45
46
47
48
49
50
51
52
53
54
55
56
57
58
59
60
61
62
63
64
65
66
67
68
69
70
71
72
73
74
75
76
77
78
79
80
81
82
83
84
85
86
87
88
89
90
91
92
93
94
95
96
97
98
99
100
101
102
103
104
105
106
107
108
109
110
111
112
113
114
115
116
117
118
119
120
121
122
123
124
125
126
127
128
129
130
131
132
133
134
135
136
137
138
139
140
141
142
143
144
145
146
147
148
149
150
151
152
153
154
155
156
157
158
159
160
161
162
163
164
165
166
167
168
169
170
171
172
173
174
175
176
177
178
179
180
181
182
183
184
185
186
187
188
189
190
191
192
193
194
Per cls weights according to the accuracy are:  tensor([0.7944, 0.8161, 0.7944, 0.7944, 0.8161, 0.8161, 0.8161, 0.8161, 0.8161,
        0.7703, 0.7944, 0.7433, 0.8161, 0.8161, 0.8161, 0.8161, 0.7944, 0.8161,
        0.8161, 0.8161, 0.8161, 0.8161, 0.7944, 0.8161, 0.7944, 0.8161, 0.8161,
        0.8161, 0.7944, 0.8161, 0.7944, 0.8161, 0.7944, 0.7944, 0.8161, 0.8161,
        0.8161, 0.7944, 0.7944, 0.8161, 0.8161, 0.8161, 0.8161, 0.8161, 0.7944,
        0.8161, 0.7703, 0.7944, 0.8161, 0.8161, 0.8161, 0.8161, 0.8161, 0.7944,
        0.8161, 0.8161, 0.8161, 0.8161, 0.7944, 0.7703, 0.7944, 0.8161, 0.7944,
        0.8161, 0.8161])
0
1
2
3
4
5
6
7
8
9
10
11
12
13
14
15
16
17
18
19
20
21
22
23
24
25
26
27
28
29
30
31
32
33
34
35
36
37
38
39
40
41
42
43
44
45
46
47
48
49
50
51
52
53
54
55
56
57
58
59
60
61
62
63
64
65
66
67
68
69
70
71
72
73
74
75
76
77
78
79
80
81
82
83
84
85
86
87
88
89
90
91
92
93
94
95
96
97
98
99
100
101
102
103
104
105
106
107
108
109
110
111
112
113
114
115
116
117
118
119
120
121
122
123
124
125
126
127
128
129
130
131
132
133
134
135
136
137
138
139
140
141
142
143
144
145
146
147
148
149
150
151
152
153
154
155
156
157
158
159
160
161
162
163
164
165
166
167
168
169
170
171
172
173
174
175
176
177
178
179
180
181
182
183
184
185
186
187
188
189
190
191
192
193
194
Assigned Classwise weights to source
S Real T Clipart Train Ep: 5000 lr0.007377879464668811 	 Loss Classification: 0.076141 Loss T 0.036237 Method MME

32
32
32
32
32
32
32
tensor(585.)

Labeled Target set: Average loss: 0.1311, Accuracy: 558/585 F1 (95.3846%)


Test set: Average loss: 4.0427, Accuracy: 2042/4160 F1 (49.0865%)


Val set: Average loss: 3.7923, Accuracy: 99/192 F1 (51.5625%)

Patience Reset, Counter is: 1
best acc test 49.086538  acc val 51.562500 acc labeled target 95.384615
saving model...
S Real T Clipart Train Ep: 5100 lr0.007341203948625087 	 Loss Classification: 0.025794 Loss T 0.036434 Method MME

S Real T Clipart Train Ep: 5200 lr0.007304951032175895 	 Loss Classification: 0.033476 Loss T 0.025299 Method MME

S Real T Clipart Train Ep: 5300 lr0.007269113113340497 	 Loss Classification: 0.058323 Loss T 0.038180 Method MME

S Real T Clipart Train Ep: 5400 lr0.007233682775402483 	 Loss Classification: 0.056339 Loss T 0.044355 Method MME

S Real T Clipart Train Ep: 5500 lr0.007198652781227704 	 Loss Classification: 0.223116 Loss T 0.032165 Method MME

32
32
32
32
32
32
32
tensor(585.)

Labeled Target set: Average loss: 0.0740, Accuracy: 572/585 F1 (97.7778%)


Test set: Average loss: 4.2210, Accuracy: 2032/4160 F1 (48.8462%)


Val set: Average loss: 3.9651, Accuracy: 98/192 F1 (51.0417%)

Patience getting saturated, current counter is:  0
best acc test 49.086538  acc val 51.041667 acc labeled target 97.777778
saving model...
S Real T Clipart Train Ep: 5600 lr0.007164016067791809 	 Loss Classification: 0.120616 Loss T 0.030846 Method MME

S Real T Clipart Train Ep: 5700 lr0.0071297657409083726 	 Loss Classification: 0.020642 Loss T 0.031595 Method MME

S Real T Clipart Train Ep: 5800 lr0.0070958950701490225 	 Loss Classification: 0.089905 Loss T 0.023396 Method MME

S Real T Clipart Train Ep: 5900 lr0.007062397483947426 	 Loss Classification: 0.026490 Loss T 0.034026 Method MME

Per Class Accuracy Calculated According to the Labelled Target examples is:  [1.        1.        0.8888889 1.        1.        0.8888889 1.
 1.        1.        1.        1.        0.8888889 1.        1.
 1.        0.8888889 1.        1.        1.        1.        1.
 1.        1.        1.        0.8888889 1.        1.        1.
 1.        1.        1.        1.        1.        1.        1.
 1.        1.        0.8888889 1.        1.        1.        1.
 1.        0.8888889 1.        1.        1.        1.        0.8888889
 1.        1.        0.8888889 1.        1.        0.7777778 1.
 1.        0.8888889 1.        1.        1.        0.8888889 1.
 1.        1.       ]
Top k classes which perform poorly are:  [54, 51, 15, 24, 43, 11, 57, 48, 5, 61, 2, 37, 39, 46, 42, 38, 44, 45, 40, 41, 0, 49, 50, 36, 52, 53, 55, 56, 58, 59, 60, 62, 47, 35, 32, 33, 1, 3, 4, 6, 7, 8, 9, 10, 12, 13, 14, 16, 17, 18, 19, 20, 21, 22, 23, 25, 26, 27, 28, 29, 30, 31, 63, 34, 64]
Per cls weights according to the accuracy are:  tensor([1.1839, 1.1839, 1.2056, 1.1839, 1.1839, 1.2056, 1.1839, 1.1839, 1.1839,
        1.1839, 1.1839, 1.2056, 1.1839, 1.1839, 1.1839, 1.2056, 1.1839, 1.1839,
        1.1839, 1.1839, 1.1839, 1.1839, 1.1839, 1.1839, 1.2056, 1.1839, 1.1839,
        1.1839, 1.1839, 1.1839, 1.1839, 1.1839, 1.1839, 1.1839, 1.1839, 1.1839,
        1.1839, 1.2056, 1.1839, 1.1839, 1.1839, 1.1839, 1.1839, 1.2056, 1.1839,
        1.1839, 1.1839, 1.1839, 1.2056, 1.1839, 1.1839, 1.2056, 1.1839, 1.1839,
        1.2297, 1.1839, 1.1839, 1.2056, 1.1839, 1.1839, 1.1839, 1.2056, 1.1839,
        1.1839, 1.1839])
0
1
2
3
4
5
6
7
8
9
10
11
12
13
14
15
16
17
18
19
20
21
22
23
24
25
26
27
28
29
30
31
32
33
34
35
36
37
38
39
40
41
42
43
44
45
46
47
48
49
50
51
52
53
54
55
56
57
58
59
60
61
62
63
64
65
66
67
68
69
70
71
72
73
74
75
76
77
78
79
80
81
82
83
84
85
86
87
88
89
90
91
92
93
94
95
96
97
98
99
100
101
102
103
104
105
106
107
108
109
110
111
112
113
114
115
116
117
118
119
120
121
122
123
124
125
126
127
128
129
130
131
132
133
134
135
136
137
138
139
140
141
142
143
144
145
146
147
148
149
150
151
152
153
154
155
156
157
158
159
160
161
162
163
164
165
166
167
168
169
170
171
172
173
174
175
176
177
178
179
180
181
182
183
184
185
186
187
188
189
190
191
192
193
194
Per cls weights according to the accuracy are:  tensor([0.8161, 0.8161, 0.7944, 0.8161, 0.8161, 0.7944, 0.8161, 0.8161, 0.8161,
        0.8161, 0.8161, 0.7944, 0.8161, 0.8161, 0.8161, 0.7944, 0.8161, 0.8161,
        0.8161, 0.8161, 0.8161, 0.8161, 0.8161, 0.8161, 0.7944, 0.8161, 0.8161,
        0.8161, 0.8161, 0.8161, 0.8161, 0.8161, 0.8161, 0.8161, 0.8161, 0.8161,
        0.8161, 0.7944, 0.8161, 0.8161, 0.8161, 0.8161, 0.8161, 0.7944, 0.8161,
        0.8161, 0.8161, 0.8161, 0.7944, 0.8161, 0.8161, 0.7944, 0.8161, 0.8161,
        0.7703, 0.8161, 0.8161, 0.7944, 0.8161, 0.8161, 0.8161, 0.7944, 0.8161,
        0.8161, 0.8161])
0
1
2
3
4
5
6
7
8
9
10
11
12
13
14
15
16
17
18
19
20
21
22
23
24
25
26
27
28
29
30
31
32
33
34
35
36
37
38
39
40
41
42
43
44
45
46
47
48
49
50
51
52
53
54
55
56
57
58
59
60
61
62
63
64
65
66
67
68
69
70
71
72
73
74
75
76
77
78
79
80
81
82
83
84
85
86
87
88
89
90
91
92
93
94
95
96
97
98
99
100
101
102
103
104
105
106
107
108
109
110
111
112
113
114
115
116
117
118
119
120
121
122
123
124
125
126
127
128
129
130
131
132
133
134
135
136
137
138
139
140
141
142
143
144
145
146
147
148
149
150
151
152
153
154
155
156
157
158
159
160
161
162
163
164
165
166
167
168
169
170
171
172
173
174
175
176
177
178
179
180
181
182
183
184
185
186
187
188
189
190
191
192
193
194
Assigned Classwise weights to source
S Real T Clipart Train Ep: 6000 lr0.007029266564879363 	 Loss Classification: 0.151379 Loss T 0.031003 Method MME

32
32
32
32
32
32
32
tensor(585.)

Labeled Target set: Average loss: 0.0916, Accuracy: 567/585 F1 (96.9231%)


Test set: Average loss: 4.2923, Accuracy: 2058/4160 F1 (49.4712%)


Val set: Average loss: 3.9378, Accuracy: 98/192 F1 (51.0417%)

Patience getting saturated, current counter is:  1
best acc test 49.086538  acc val 51.041667 acc labeled target 96.923077
saving model...
S Real T Clipart Train Ep: 6100 lr0.006996496045111504 	 Loss Classification: 0.065914 Loss T 0.022659 Method MME

S Real T Clipart Train Ep: 6200 lr0.00696407980201184 	 Loss Classification: 0.020441 Loss T 0.023609 Method MME

S Real T Clipart Train Ep: 6300 lr0.006932011853915101 	 Loss Classification: 0.009867 Loss T 0.020384 Method MME

S Real T Clipart Train Ep: 6400 lr0.006900286356036734 	 Loss Classification: 0.020438 Loss T 0.031620 Method MME

S Real T Clipart Train Ep: 6500 lr0.006868897596529406 	 Loss Classification: 0.026941 Loss T 0.032762 Method MME

32
32
32
32
32
32
32
tensor(585.)

Labeled Target set: Average loss: 0.1391, Accuracy: 568/585 F1 (97.0940%)


Test set: Average loss: 4.4219, Accuracy: 2052/4160 F1 (49.3269%)


Val set: Average loss: 4.1905, Accuracy: 98/192 F1 (51.0417%)

Patience getting saturated, current counter is:  2
best acc test 49.086538  acc val 51.041667 acc labeled target 97.094017
saving model...
S Real T Clipart Train Ep: 6600 lr0.006837839992676177 	 Loss Classification: 0.087462 Loss T 0.023461 Method MME

S Real T Clipart Train Ep: 6700 lr0.006807108087214876 	 Loss Classification: 0.022415 Loss T 0.015161 Method MME

S Real T Clipart Train Ep: 6800 lr0.006776696544788352 	 Loss Classification: 0.021598 Loss T 0.009711 Method MME

S Real T Clipart Train Ep: 6900 lr0.006746600148515609 	 Loss Classification: 0.121833 Loss T 0.015529 Method MME

Per Class Accuracy Calculated According to the Labelled Target examples is:  [1.        1.        0.8888889 1.        1.        0.8888889 1.
 0.8888889 1.        1.        1.        1.        1.        1.
 1.        0.8888889 1.        1.        1.        1.        0.8888889
 1.        1.        1.        1.        1.        1.        1.
 1.        1.        1.        0.8888889 1.        0.8888889 1.
 0.8888889 0.8888889 1.        1.        0.7777778 1.        1.
 1.        1.        1.        1.        1.        1.        1.
 1.        1.        0.8888889 1.        0.7777778 1.        1.
 0.8888889 1.        1.        0.7777778 1.        1.        1.
 1.        1.       ]
Top k classes which perform poorly are:  [53, 59, 39, 35, 36, 51, 15, 20, 56, 7, 5, 31, 2, 33, 40, 41, 42, 37, 43, 44, 38, 45, 0, 47, 48, 49, 52, 54, 55, 57, 58, 60, 61, 62, 46, 50, 32, 63, 1, 3, 4, 6, 8, 9, 10, 11, 12, 13, 14, 16, 17, 18, 19, 21, 22, 23, 24, 25, 26, 27, 28, 29, 30, 34, 64]
Per cls weights according to the accuracy are:  tensor([1.1839, 1.1839, 1.2056, 1.1839, 1.1839, 1.2056, 1.1839, 1.2056, 1.1839,
        1.1839, 1.1839, 1.1839, 1.1839, 1.1839, 1.1839, 1.2056, 1.1839, 1.1839,
        1.1839, 1.1839, 1.2056, 1.1839, 1.1839, 1.1839, 1.1839, 1.1839, 1.1839,
        1.1839, 1.1839, 1.1839, 1.1839, 1.2056, 1.1839, 1.2056, 1.1839, 1.2056,
        1.2056, 1.1839, 1.1839, 1.2297, 1.1839, 1.1839, 1.1839, 1.1839, 1.1839,
        1.1839, 1.1839, 1.1839, 1.1839, 1.1839, 1.1839, 1.2056, 1.1839, 1.2297,
        1.1839, 1.1839, 1.2056, 1.1839, 1.1839, 1.2297, 1.1839, 1.1839, 1.1839,
        1.1839, 1.1839])
0
1
2
3
4
5
6
7
8
9
10
11
12
13
14
15
16
17
18
19
20
21
22
23
24
25
26
27
28
29
30
31
32
33
34
35
36
37
38
39
40
41
42
43
44
45
46
47
48
49
50
51
52
53
54
55
56
57
58
59
60
61
62
63
64
65
66
67
68
69
70
71
72
73
74
75
76
77
78
79
80
81
82
83
84
85
86
87
88
89
90
91
92
93
94
95
96
97
98
99
100
101
102
103
104
105
106
107
108
109
110
111
112
113
114
115
116
117
118
119
120
121
122
123
124
125
126
127
128
129
130
131
132
133
134
135
136
137
138
139
140
141
142
143
144
145
146
147
148
149
150
151
152
153
154
155
156
157
158
159
160
161
162
163
164
165
166
167
168
169
170
171
172
173
174
175
176
177
178
179
180
181
182
183
184
185
186
187
188
189
190
191
192
193
194
Per cls weights according to the accuracy are:  tensor([0.8161, 0.8161, 0.7944, 0.8161, 0.8161, 0.7944, 0.8161, 0.7944, 0.8161,
        0.8161, 0.8161, 0.8161, 0.8161, 0.8161, 0.8161, 0.7944, 0.8161, 0.8161,
        0.8161, 0.8161, 0.7944, 0.8161, 0.8161, 0.8161, 0.8161, 0.8161, 0.8161,
        0.8161, 0.8161, 0.8161, 0.8161, 0.7944, 0.8161, 0.7944, 0.8161, 0.7944,
        0.7944, 0.8161, 0.8161, 0.7703, 0.8161, 0.8161, 0.8161, 0.8161, 0.8161,
        0.8161, 0.8161, 0.8161, 0.8161, 0.8161, 0.8161, 0.7944, 0.8161, 0.7703,
        0.8161, 0.8161, 0.7944, 0.8161, 0.8161, 0.7703, 0.8161, 0.8161, 0.8161,
        0.8161, 0.8161])
0
1
2
3
4
5
6
7
8
9
10
11
12
13
14
15
16
17
18
19
20
21
22
23
24
25
26
27
28
29
30
31
32
33
34
35
36
37
38
39
40
41
42
43
44
45
46
47
48
49
50
51
52
53
54
55
56
57
58
59
60
61
62
63
64
65
66
67
68
69
70
71
72
73
74
75
76
77
78
79
80
81
82
83
84
85
86
87
88
89
90
91
92
93
94
95
96
97
98
99
100
101
102
103
104
105
106
107
108
109
110
111
112
113
114
115
116
117
118
119
120
121
122
123
124
125
126
127
128
129
130
131
132
133
134
135
136
137
138
139
140
141
142
143
144
145
146
147
148
149
150
151
152
153
154
155
156
157
158
159
160
161
162
163
164
165
166
167
168
169
170
171
172
173
174
175
176
177
178
179
180
181
182
183
184
185
186
187
188
189
190
191
192
193
194
Assigned Classwise weights to source
S Real T Clipart Train Ep: 7000 lr0.006716813796678979 	 Loss Classification: 0.010659 Loss T 0.021976 Method MME

32
32
32
32
32
32
32
tensor(585.)

Labeled Target set: Average loss: 0.2575, Accuracy: 566/585 F1 (96.7521%)


Test set: Average loss: 4.5385, Accuracy: 2057/4160 F1 (49.4471%)


Val set: Average loss: 4.1795, Accuracy: 100/192 F1 (52.0833%)

Patience Reset, Counter is: 3
best acc test 49.447115  acc val 52.083333 acc labeled target 96.752137
saving model...
S Real T Clipart Train Ep: 7100 lr0.006687332499522798 	 Loss Classification: 0.026742 Loss T 0.028287 Method MME

S Real T Clipart Train Ep: 7200 lr0.006658151376159165 	 Loss Classification: 0.026594 Loss T 0.012180 Method MME

S Real T Clipart Train Ep: 7300 lr0.00662926565157663 	 Loss Classification: 0.043588 Loss T 0.021004 Method MME

S Real T Clipart Train Ep: 7400 lr0.006600670653747793 	 Loss Classification: 0.036093 Loss T 0.022413 Method MME

S Real T Clipart Train Ep: 7500 lr0.0065723618108320175 	 Loss Classification: 0.010116 Loss T 0.010749 Method MME

32
32
32
32
32
32
32
tensor(585.)

Labeled Target set: Average loss: 0.1114, Accuracy: 565/585 F1 (96.5812%)


Test set: Average loss: 4.6499, Accuracy: 2051/4160 F1 (49.3029%)


Val set: Average loss: 4.3971, Accuracy: 99/192 F1 (51.5625%)

Patience getting saturated, current counter is:  0
best acc test 49.447115  acc val 51.562500 acc labeled target 96.581197
saving model...
S Real T Clipart Train Ep: 7600 lr0.006544334648469591 	 Loss Classification: 0.093041 Loss T 0.017959 Method MME

S Real T Clipart Train Ep: 7700 lr0.006516584787163857 	 Loss Classification: 0.016465 Loss T 0.019717 Method MME

S Real T Clipart Train Ep: 7800 lr0.006489107939747966 	 Loss Classification: 0.035732 Loss T 0.019359 Method MME

S Real T Clipart Train Ep: 7900 lr0.0064618999089330565 	 Loss Classification: 0.016715 Loss T 0.020609 Method MME

Per Class Accuracy Calculated According to the Labelled Target examples is:  [1.        0.8888889 0.8888889 1.        1.        0.8888889 1.
 1.        1.        1.        1.        1.        0.8888889 0.8888889
 1.        0.8888889 1.        0.8888889 1.        0.8888889 1.
 1.        1.        1.        1.        1.        1.        1.
 1.        0.8888889 0.7777778 1.        0.8888889 1.        1.
 1.        1.        1.        1.        1.        0.8888889 1.
 1.        1.        0.8888889 1.        0.8888889 1.        1.
 1.        1.        0.8888889 1.        0.8888889 0.8888889 0.8888889
 1.        0.8888889 1.        1.        1.        1.        1.
 1.        1.       ]
Top k classes which perform poorly are:  [30, 32, 44, 51, 19, 17, 53, 15, 54, 13, 12, 55, 29, 57, 5, 40, 2, 1, 46, 42, 41, 43, 39, 45, 52, 48, 49, 50, 38, 56, 58, 59, 60, 61, 62, 47, 37, 0, 35, 3, 4, 6, 7, 8, 9, 10, 11, 14, 16, 18, 36, 20, 22, 23, 24, 25, 26, 27, 28, 31, 63, 33, 34, 21, 64]
Per cls weights according to the accuracy are:  tensor([1.1839, 1.2056, 1.2056, 1.1839, 1.1839, 1.2056, 1.1839, 1.1839, 1.1839,
        1.1839, 1.1839, 1.1839, 1.2056, 1.2056, 1.1839, 1.2056, 1.1839, 1.2056,
        1.1839, 1.2056, 1.1839, 1.1839, 1.1839, 1.1839, 1.1839, 1.1839, 1.1839,
        1.1839, 1.1839, 1.2056, 1.2297, 1.1839, 1.2056, 1.1839, 1.1839, 1.1839,
        1.1839, 1.1839, 1.1839, 1.1839, 1.2056, 1.1839, 1.1839, 1.1839, 1.2056,
        1.1839, 1.2056, 1.1839, 1.1839, 1.1839, 1.1839, 1.2056, 1.1839, 1.2056,
        1.2056, 1.2056, 1.1839, 1.2056, 1.1839, 1.1839, 1.1839, 1.1839, 1.1839,
        1.1839, 1.1839])
0
1
2
3
4
5
6
7
8
9
10
11
12
13
14
15
16
17
18
19
20
21
22
23
24
25
26
27
28
29
30
31
32
33
34
35
36
37
38
39
40
41
42
43
44
45
46
47
48
49
50
51
52
53
54
55
56
57
58
59
60
61
62
63
64
65
66
67
68
69
70
71
72
73
74
75
76
77
78
79
80
81
82
83
84
85
86
87
88
89
90
91
92
93
94
95
96
97
98
99
100
101
102
103
104
105
106
107
108
109
110
111
112
113
114
115
116
117
118
119
120
121
122
123
124
125
126
127
128
129
130
131
132
133
134
135
136
137
138
139
140
141
142
143
144
145
146
147
148
149
150
151
152
153
154
155
156
157
158
159
160
161
162
163
164
165
166
167
168
169
170
171
172
173
174
175
176
177
178
179
180
181
182
183
184
185
186
187
188
189
190
191
192
193
194
Per cls weights according to the accuracy are:  tensor([0.8161, 0.7944, 0.7944, 0.8161, 0.8161, 0.7944, 0.8161, 0.8161, 0.8161,
        0.8161, 0.8161, 0.8161, 0.7944, 0.7944, 0.8161, 0.7944, 0.8161, 0.7944,
        0.8161, 0.7944, 0.8161, 0.8161, 0.8161, 0.8161, 0.8161, 0.8161, 0.8161,
        0.8161, 0.8161, 0.7944, 0.7703, 0.8161, 0.7944, 0.8161, 0.8161, 0.8161,
        0.8161, 0.8161, 0.8161, 0.8161, 0.7944, 0.8161, 0.8161, 0.8161, 0.7944,
        0.8161, 0.7944, 0.8161, 0.8161, 0.8161, 0.8161, 0.7944, 0.8161, 0.7944,
        0.7944, 0.7944, 0.8161, 0.7944, 0.8161, 0.8161, 0.8161, 0.8161, 0.8161,
        0.8161, 0.8161])
0
1
2
3
4
5
6
7
8
9
10
11
12
13
14
15
16
17
18
19
20
21
22
23
24
25
26
27
28
29
30
31
32
33
34
35
36
37
38
39
40
41
42
43
44
45
46
47
48
49
50
51
52
53
54
55
56
57
58
59
60
61
62
63
64
65
66
67
68
69
70
71
72
73
74
75
76
77
78
79
80
81
82
83
84
85
86
87
88
89
90
91
92
93
94
95
96
97
98
99
100
101
102
103
104
105
106
107
108
109
110
111
112
113
114
115
116
117
118
119
120
121
122
123
124
125
126
127
128
129
130
131
132
133
134
135
136
137
138
139
140
141
142
143
144
145
146
147
148
149
150
151
152
153
154
155
156
157
158
159
160
161
162
163
164
165
166
167
168
169
170
171
172
173
174
175
176
177
178
179
180
181
182
183
184
185
186
187
188
189
190
191
192
193
194
Assigned Classwise weights to source
S Real T Clipart Train Ep: 8000 lr0.006434956584934828 	 Loss Classification: 0.059065 Loss T 0.011872 Method MME

32
32
32
32
32
32
32
tensor(585.)

Labeled Target set: Average loss: 0.1809, Accuracy: 562/585 F1 (96.0684%)


Test set: Average loss: 4.7263, Accuracy: 2069/4160 F1 (49.7356%)


Val set: Average loss: 4.4187, Accuracy: 99/192 F1 (51.5625%)

Patience getting saturated, current counter is:  1
best acc test 49.447115  acc val 51.562500 acc labeled target 96.068376
saving model...
S Real T Clipart Train Ep: 8100 lr0.006408273943175546 	 Loss Classification: 0.010721 Loss T 0.017857 Method MME

S Real T Clipart Train Ep: 8200 lr0.006381848042058713 	 Loss Classification: 0.008678 Loss T 0.016924 Method MME

S Real T Clipart Train Ep: 8300 lr0.0063556750208137005 	 Loss Classification: 0.020422 Loss T 0.010221 Method MME

S Real T Clipart Train Ep: 8400 lr0.006329751097407787 	 Loss Classification: 0.100418 Loss T 0.017585 Method MME

S Real T Clipart Train Ep: 8500 lr0.0063040725665231365 	 Loss Classification: 0.025730 Loss T 0.011696 Method MME

32
32
32
32
32
32
32
tensor(585.)

Labeled Target set: Average loss: 0.0959, Accuracy: 566/585 F1 (96.7521%)


Test set: Average loss: 4.7787, Accuracy: 2062/4160 F1 (49.5673%)


Val set: Average loss: 4.4825, Accuracy: 97/192 F1 (50.5208%)

Patience getting saturated, current counter is:  2
best acc test 49.447115  acc val 50.520833 acc labeled target 96.752137
saving model...
S Real T Clipart Train Ep: 8600 lr0.006278635797596355 	 Loss Classification: 0.010387 Loss T 0.019436 Method MME

S Real T Clipart Train Ep: 8700 lr0.006253437232918371 	 Loss Classification: 0.041685 Loss T 0.011801 Method MME

S Real T Clipart Train Ep: 8800 lr0.0062284733857924735 	 Loss Classification: 0.028290 Loss T 0.010516 Method MME

S Real T Clipart Train Ep: 8900 lr0.006203740838748417 	 Loss Classification: 0.057261 Loss T 0.016488 Method MME

Per Class Accuracy Calculated According to the Labelled Target examples is:  [1.        0.8888889 1.        1.        1.        0.8888889 1.
 1.        1.        0.8888889 1.        0.8888889 1.        0.8888889
 1.        1.        1.        1.        1.        1.        1.
 0.8888889 1.        0.8888889 0.8888889 1.        1.        1.
 1.        1.        1.        1.        1.        0.8888889 1.
 1.        1.        1.        1.        0.8888889 0.8888889 0.8888889
 0.8888889 1.        1.        1.        1.        0.8888889 0.8888889
 1.        1.        1.        1.        0.8888889 1.        1.
 0.8888889 1.        1.        1.        1.        1.        0.8888889
 0.8888889 1.       ]
Top k classes which perform poorly are:  [11, 21, 48, 24, 53, 13, 42, 47, 56, 23, 41, 40, 63, 5, 33, 39, 62, 1, 9, 43, 44, 45, 46, 0, 50, 38, 51, 52, 54, 55, 57, 58, 59, 60, 61, 49, 37, 32, 35, 2, 3, 4, 6, 7, 8, 10, 12, 14, 15, 16, 36, 17, 19, 20, 22, 25, 26, 27, 28, 29, 30, 31, 34, 18, 64]
Per cls weights according to the accuracy are:  tensor([1.1839, 1.2056, 1.1839, 1.1839, 1.1839, 1.2056, 1.1839, 1.1839, 1.1839,
        1.2056, 1.1839, 1.2056, 1.1839, 1.2056, 1.1839, 1.1839, 1.1839, 1.1839,
        1.1839, 1.1839, 1.1839, 1.2056, 1.1839, 1.2056, 1.2056, 1.1839, 1.1839,
        1.1839, 1.1839, 1.1839, 1.1839, 1.1839, 1.1839, 1.2056, 1.1839, 1.1839,
        1.1839, 1.1839, 1.1839, 1.2056, 1.2056, 1.2056, 1.2056, 1.1839, 1.1839,
        1.1839, 1.1839, 1.2056, 1.2056, 1.1839, 1.1839, 1.1839, 1.1839, 1.2056,
        1.1839, 1.1839, 1.2056, 1.1839, 1.1839, 1.1839, 1.1839, 1.1839, 1.2056,
        1.2056, 1.1839])
0
1
2
3
4
5
6
7
8
9
10
11
12
13
14
15
16
17
18
19
20
21
22
23
24
25
26
27
28
29
30
31
32
33
34
35
36
37
38
39
40
41
42
43
44
45
46
47
48
49
50
51
52
53
54
55
56
57
58
59
60
61
62
63
64
65
66
67
68
69
70
71
72
73
74
75
76
77
78
79
80
81
82
83
84
85
86
87
88
89
90
91
92
93
94
95
96
97
98
99
100
101
102
103
104
105
106
107
108
109
110
111
112
113
114
115
116
117
118
119
120
121
122
123
124
125
126
127
128
129
130
131
132
133
134
135
136
137
138
139
140
141
142
143
144
145
146
147
148
149
150
151
152
153
154
155
156
157
158
159
160
161
162
163
164
165
166
167
168
169
170
171
172
173
174
175
176
177
178
179
180
181
182
183
184
185
186
187
188
189
190
191
192
193
194
Per cls weights according to the accuracy are:  tensor([0.8161, 0.7944, 0.8161, 0.8161, 0.8161, 0.7944, 0.8161, 0.8161, 0.8161,
        0.7944, 0.8161, 0.7944, 0.8161, 0.7944, 0.8161, 0.8161, 0.8161, 0.8161,
        0.8161, 0.8161, 0.8161, 0.7944, 0.8161, 0.7944, 0.7944, 0.8161, 0.8161,
        0.8161, 0.8161, 0.8161, 0.8161, 0.8161, 0.8161, 0.7944, 0.8161, 0.8161,
        0.8161, 0.8161, 0.8161, 0.7944, 0.7944, 0.7944, 0.7944, 0.8161, 0.8161,
        0.8161, 0.8161, 0.7944, 0.7944, 0.8161, 0.8161, 0.8161, 0.8161, 0.7944,
        0.8161, 0.8161, 0.7944, 0.8161, 0.8161, 0.8161, 0.8161, 0.8161, 0.7944,
        0.7944, 0.8161])
0
1
2
3
4
5
6
7
8
9
10
11
12
13
14
15
16
17
18
19
20
21
22
23
24
25
26
27
28
29
30
31
32
33
34
35
36
37
38
39
40
41
42
43
44
45
46
47
48
49
50
51
52
53
54
55
56
57
58
59
60
61
62
63
64
65
66
67
68
69
70
71
72
73
74
75
76
77
78
79
80
81
82
83
84
85
86
87
88
89
90
91
92
93
94
95
96
97
98
99
100
101
102
103
104
105
106
107
108
109
110
111
112
113
114
115
116
117
118
119
120
121
122
123
124
125
126
127
128
129
130
131
132
133
134
135
136
137
138
139
140
141
142
143
144
145
146
147
148
149
150
151
152
153
154
155
156
157
158
159
160
161
162
163
164
165
166
167
168
169
170
171
172
173
174
175
176
177
178
179
180
181
182
183
184
185
186
187
188
189
190
191
192
193
194
Assigned Classwise weights to source
S Real T Clipart Train Ep: 9000 lr0.006179236241810624 	 Loss Classification: 0.068950 Loss T 0.019431 Method MME

32
32
32
32
32
32
32
tensor(585.)

Labeled Target set: Average loss: 0.0733, Accuracy: 572/585 F1 (97.7778%)


Test set: Average loss: 4.9094, Accuracy: 2072/4160 F1 (49.8077%)


Val set: Average loss: 4.5575, Accuracy: 100/192 F1 (52.0833%)

Patience Reset, Counter is: 3
best acc test 49.807692  acc val 52.083333 acc labeled target 97.777778
saving model...
S Real T Clipart Train Ep: 9100 lr0.006154956310818535 	 Loss Classification: 0.053398 Loss T 0.005585 Method MME

S Real T Clipart Train Ep: 9200 lr0.0061308978257973165 	 Loss Classification: 0.043203 Loss T 0.010360 Method MME

S Real T Clipart Train Ep: 9300 lr0.0061070576293771285 	 Loss Classification: 0.015392 Loss T 0.007631 Method MME

S Real T Clipart Train Ep: 9400 lr0.006083432625259276 	 Loss Classification: 0.059373 Loss T 0.016361 Method MME

S Real T Clipart Train Ep: 9500 lr0.006060019776727621 	 Loss Classification: 0.022652 Loss T 0.021950 Method MME

32
32
32
32
32
32
32
tensor(585.)

Labeled Target set: Average loss: 0.0882, Accuracy: 569/585 F1 (97.2650%)


Test set: Average loss: 4.9608, Accuracy: 2071/4160 F1 (49.7837%)


Val set: Average loss: 4.5921, Accuracy: 101/192 F1 (52.6042%)

Patience Reset, Counter is: 0
best acc test 49.783654  acc val 52.604167 acc labeled target 97.264957
saving model...
S Real T Clipart Train Ep: 9600 lr0.00603681610520369 	 Loss Classification: 0.175017 Loss T 0.007028 Method MME

S Real T Clipart Train Ep: 9700 lr0.0060138186888439825 	 Loss Classification: 0.055846 Loss T 0.017135 Method MME

S Real T Clipart Train Ep: 9800 lr0.005991024661178045 	 Loss Classification: 0.020105 Loss T 0.007307 Method MME

S Real T Clipart Train Ep: 9900 lr0.0059684312097859115 	 Loss Classification: 0.008655 Loss T 0.011208 Method MME

Per Class Accuracy Calculated According to the Labelled Target examples is:  [1.        1.        0.8888889 1.        1.        0.8888889 1.
 1.        1.        1.        0.7777778 1.        1.        0.8888889
 1.        0.8888889 1.        1.        1.        1.        1.
 1.        1.        1.        1.        1.        1.        0.8888889
 1.        1.        1.        1.        1.        0.8888889 0.8888889
 0.8888889 1.        0.8888889 1.        1.        0.8888889 1.
 1.        1.        1.        1.        1.        1.        1.
 1.        1.        1.        1.        1.        1.        1.
 1.        1.        0.7777778 0.8888889 1.        0.8888889 1.
 1.        1.       ]
Top k classes which perform poorly are:  [10, 58, 34, 15, 27, 13, 40, 35, 5, 37, 61, 2, 33, 59, 38, 39, 45, 41, 42, 43, 44, 46, 0, 48, 49, 50, 52, 53, 54, 55, 56, 57, 60, 62, 47, 51, 32, 63, 1, 3, 4, 6, 7, 8, 9, 11, 12, 14, 16, 17, 18, 19, 20, 21, 22, 23, 24, 25, 26, 28, 29, 30, 31, 36, 64]
Per cls weights according to the accuracy are:  tensor([1.1839, 1.1839, 1.2056, 1.1839, 1.1839, 1.2056, 1.1839, 1.1839, 1.1839,
        1.1839, 1.2297, 1.1839, 1.1839, 1.2056, 1.1839, 1.2056, 1.1839, 1.1839,
        1.1839, 1.1839, 1.1839, 1.1839, 1.1839, 1.1839, 1.1839, 1.1839, 1.1839,
        1.2056, 1.1839, 1.1839, 1.1839, 1.1839, 1.1839, 1.2056, 1.2056, 1.2056,
        1.1839, 1.2056, 1.1839, 1.1839, 1.2056, 1.1839, 1.1839, 1.1839, 1.1839,
        1.1839, 1.1839, 1.1839, 1.1839, 1.1839, 1.1839, 1.1839, 1.1839, 1.1839,
        1.1839, 1.1839, 1.1839, 1.1839, 1.2297, 1.2056, 1.1839, 1.2056, 1.1839,
        1.1839, 1.1839])
0
1
2
3
4
5
6
7
8
9
10
11
12
13
14
15
16
17
18
19
20
21
22
23
24
25
26
27
28
29
30
31
32
33
34
35
36
37
38
39
40
41
42
43
44
45
46
47
48
49
50
51
52
53
54
55
56
57
58
59
60
61
62
63
64
65
66
67
68
69
70
71
72
73
74
75
76
77
78
79
80
81
82
83
84
85
86
87
88
89
90
91
92
93
94
95
96
97
98
99
100
101
102
103
104
105
106
107
108
109
110
111
112
113
114
115
116
117
118
119
120
121
122
123
124
125
126
127
128
129
130
131
132
133
134
135
136
137
138
139
140
141
142
143
144
145
146
147
148
149
150
151
152
153
154
155
156
157
158
159
160
161
162
163
164
165
166
167
168
169
170
171
172
173
174
175
176
177
178
179
180
181
182
183
184
185
186
187
188
189
190
191
192
193
194
Per cls weights according to the accuracy are:  tensor([0.8161, 0.8161, 0.7944, 0.8161, 0.8161, 0.7944, 0.8161, 0.8161, 0.8161,
        0.8161, 0.7703, 0.8161, 0.8161, 0.7944, 0.8161, 0.7944, 0.8161, 0.8161,
        0.8161, 0.8161, 0.8161, 0.8161, 0.8161, 0.8161, 0.8161, 0.8161, 0.8161,
        0.7944, 0.8161, 0.8161, 0.8161, 0.8161, 0.8161, 0.7944, 0.7944, 0.7944,
        0.8161, 0.7944, 0.8161, 0.8161, 0.7944, 0.8161, 0.8161, 0.8161, 0.8161,
        0.8161, 0.8161, 0.8161, 0.8161, 0.8161, 0.8161, 0.8161, 0.8161, 0.8161,
        0.8161, 0.8161, 0.8161, 0.8161, 0.7703, 0.7944, 0.8161, 0.7944, 0.8161,
        0.8161, 0.8161])
0
1
2
3
4
5
6
7
8
9
10
11
12
13
14
15
16
17
18
19
20
21
22
23
24
25
26
27
28
29
30
31
32
33
34
35
36
37
38
39
40
41
42
43
44
45
46
47
48
49
50
51
52
53
54
55
56
57
58
59
60
61
62
63
64
65
66
67
68
69
70
71
72
73
74
75
76
77
78
79
80
81
82
83
84
85
86
87
88
89
90
91
92
93
94
95
96
97
98
99
100
101
102
103
104
105
106
107
108
109
110
111
112
113
114
115
116
117
118
119
120
121
122
123
124
125
126
127
128
129
130
131
132
133
134
135
136
137
138
139
140
141
142
143
144
145
146
147
148
149
150
151
152
153
154
155
156
157
158
159
160
161
162
163
164
165
166
167
168
169
170
171
172
173
174
175
176
177
178
179
180
181
182
183
184
185
186
187
188
189
190
191
192
193
194
Assigned Classwise weights to source
S Real T Clipart Train Ep: 10000 lr0.005946035575013605 	 Loss Classification: 0.010829 Loss T 0.005823 Method MME

32
32
32
32
32
32
32
tensor(585.)

Labeled Target set: Average loss: 0.2000, Accuracy: 568/585 F1 (97.0940%)


Test set: Average loss: 5.0417, Accuracy: 2085/4160 F1 (50.1202%)


Val set: Average loss: 4.7209, Accuracy: 98/192 F1 (51.0417%)

Patience getting saturated, current counter is:  0
best acc test 49.783654  acc val 51.041667 acc labeled target 97.094017
saving model...
S Real T Clipart Train Ep: 10100 lr0.005923835048725393 	 Loss Classification: 0.007073 Loss T 0.014723 Method MME

S Real T Clipart Train Ep: 10200 lr0.005901826973091593 	 Loss Classification: 0.004763 Loss T 0.012078 Method MME

S Real T Clipart Train Ep: 10300 lr0.005880008739410735 	 Loss Classification: 0.003328 Loss T 0.014356 Method MME

S Real T Clipart Train Ep: 10400 lr0.005858377786964935 	 Loss Classification: 0.115879 Loss T 0.014600 Method MME

S Real T Clipart Train Ep: 10500 lr0.005836931601907399 	 Loss Classification: 0.009625 Loss T 0.019751 Method MME

32
32
32
32
32
32
32
tensor(585.)

Labeled Target set: Average loss: 0.0743, Accuracy: 573/585 F1 (97.9487%)


Test set: Average loss: 5.1393, Accuracy: 2092/4160 F1 (50.2885%)


Val set: Average loss: 4.6710, Accuracy: 99/192 F1 (51.5625%)

Patience getting saturated, current counter is:  1
best acc test 49.783654  acc val 51.562500 acc labeled target 97.948718
saving model...
S Real T Clipart Train Ep: 10600 lr0.005815667716181004 	 Loss Classification: 0.007832 Loss T 0.011385 Method MME

S Real T Clipart Train Ep: 10700 lr0.005794583706466925 	 Loss Classification: 0.035148 Loss T 0.008432 Method MME

S Real T Clipart Train Ep: 10800 lr0.005773677193162352 	 Loss Classification: 0.006572 Loss T 0.005609 Method MME

S Real T Clipart Train Ep: 10900 lr0.005752945839386346 	 Loss Classification: 0.095163 Loss T 0.005529 Method MME

Per Class Accuracy Calculated According to the Labelled Target examples is:  [1.        0.8888889 1.        1.        1.        0.8888889 0.8888889
 1.        1.        1.        1.        1.        1.        1.
 1.        1.        1.        1.        0.8888889 1.        1.
 1.        1.        1.        0.8888889 1.        1.        1.
 1.        1.        0.8888889 1.        1.        1.        1.
 1.        1.        1.        1.        0.8888889 1.        1.
 1.        1.        0.8888889 1.        1.        0.8888889 1.
 1.        1.        1.        1.        1.        1.        1.
 1.        1.        0.8888889 1.        0.7777778 1.        1.
 1.        1.       ]
Top k classes which perform poorly are:  [60, 39, 44, 24, 18, 58, 30, 47, 5, 1, 6, 38, 40, 41, 42, 43, 37, 45, 46, 0, 49, 36, 50, 51, 52, 53, 54, 55, 56, 57, 59, 61, 62, 48, 35, 32, 33, 2, 3, 4, 7, 8, 9, 10, 11, 12, 13, 14, 15, 34, 16, 19, 20, 21, 22, 23, 25, 26, 27, 28, 29, 31, 63, 17, 64]
Per cls weights according to the accuracy are:  tensor([1.1839, 1.2056, 1.1839, 1.1839, 1.1839, 1.2056, 1.2056, 1.1839, 1.1839,
        1.1839, 1.1839, 1.1839, 1.1839, 1.1839, 1.1839, 1.1839, 1.1839, 1.1839,
        1.2056, 1.1839, 1.1839, 1.1839, 1.1839, 1.1839, 1.2056, 1.1839, 1.1839,
        1.1839, 1.1839, 1.1839, 1.2056, 1.1839, 1.1839, 1.1839, 1.1839, 1.1839,
        1.1839, 1.1839, 1.1839, 1.2056, 1.1839, 1.1839, 1.1839, 1.1839, 1.2056,
        1.1839, 1.1839, 1.2056, 1.1839, 1.1839, 1.1839, 1.1839, 1.1839, 1.1839,
        1.1839, 1.1839, 1.1839, 1.1839, 1.2056, 1.1839, 1.2297, 1.1839, 1.1839,
        1.1839, 1.1839])
0
1
2
3
4
5
6
7
8
9
10
11
12
13
14
15
16
17
18
19
20
21
22
23
24
25
26
27
28
29
30
31
32
33
34
35
36
37
38
39
40
41
42
43
44
45
46
47
48
49
50
51
52
53
54
55
56
57
58
59
60
61
62
63
64
65
66
67
68
69
70
71
72
73
74
75
76
77
78
79
80
81
82
83
84
85
86
87
88
89
90
91
92
93
94
95
96
97
98
99
100
101
102
103
104
105
106
107
108
109
110
111
112
113
114
115
116
117
118
119
120
121
122
123
124
125
126
127
128
129
130
131
132
133
134
135
136
137
138
139
140
141
142
143
144
145
146
147
148
149
150
151
152
153
154
155
156
157
158
159
160
161
162
163
164
165
166
167
168
169
170
171
172
173
174
175
176
177
178
179
180
181
182
183
184
185
186
187
188
189
190
191
192
193
194
Per cls weights according to the accuracy are:  tensor([0.8161, 0.7944, 0.8161, 0.8161, 0.8161, 0.7944, 0.7944, 0.8161, 0.8161,
        0.8161, 0.8161, 0.8161, 0.8161, 0.8161, 0.8161, 0.8161, 0.8161, 0.8161,
        0.7944, 0.8161, 0.8161, 0.8161, 0.8161, 0.8161, 0.7944, 0.8161, 0.8161,
        0.8161, 0.8161, 0.8161, 0.7944, 0.8161, 0.8161, 0.8161, 0.8161, 0.8161,
        0.8161, 0.8161, 0.8161, 0.7944, 0.8161, 0.8161, 0.8161, 0.8161, 0.7944,
        0.8161, 0.8161, 0.7944, 0.8161, 0.8161, 0.8161, 0.8161, 0.8161, 0.8161,
        0.8161, 0.8161, 0.8161, 0.8161, 0.7944, 0.8161, 0.7703, 0.8161, 0.8161,
        0.8161, 0.8161])
0
1
2
3
4
5
6
7
8
9
10
11
12
13
14
15
16
17
18
19
20
21
22
23
24
25
26
27
28
29
30
31
32
33
34
35
36
37
38
39
40
41
42
43
44
45
46
47
48
49
50
51
52
53
54
55
56
57
58
59
60
61
62
63
64
65
66
67
68
69
70
71
72
73
74
75
76
77
78
79
80
81
82
83
84
85
86
87
88
89
90
91
92
93
94
95
96
97
98
99
100
101
102
103
104
105
106
107
108
109
110
111
112
113
114
115
116
117
118
119
120
121
122
123
124
125
126
127
128
129
130
131
132
133
134
135
136
137
138
139
140
141
142
143
144
145
146
147
148
149
150
151
152
153
154
155
156
157
158
159
160
161
162
163
164
165
166
167
168
169
170
171
172
173
174
175
176
177
178
179
180
181
182
183
184
185
186
187
188
189
190
191
192
193
194
Assigned Classwise weights to source
S Real T Clipart Train Ep: 11000 lr0.005732387350012933 	 Loss Classification: 0.046157 Loss T 0.007956 Method MME

32
32
32
32
32
32
32
tensor(585.)

Labeled Target set: Average loss: 0.0823, Accuracy: 569/585 F1 (97.2650%)


Test set: Average loss: 5.2375, Accuracy: 2087/4160 F1 (50.1683%)


Val set: Average loss: 4.8158, Accuracy: 101/192 F1 (52.6042%)

Patience Reset, Counter is: 2
best acc test 50.168269  acc val 52.604167 acc labeled target 97.264957
saving model...
S Real T Clipart Train Ep: 11100 lr0.005711999470730565 	 Loss Classification: 0.017547 Loss T 0.006871 Method MME

S Real T Clipart Train Ep: 11200 lr0.005691779987127103 	 Loss Classification: 0.132946 Loss T 0.009914 Method MME

S Real T Clipart Train Ep: 11300 lr0.005671726723799515 	 Loss Classification: 0.022946 Loss T 0.012024 Method MME

S Real T Clipart Train Ep: 11400 lr0.005651837543487509 	 Loss Classification: 0.013914 Loss T 0.007732 Method MME

S Real T Clipart Train Ep: 11500 lr0.005632110346230358 	 Loss Classification: 0.025629 Loss T 0.007630 Method MME

32
32
32
32
32
32
32
tensor(585.)

Labeled Target set: Average loss: 0.1209, Accuracy: 568/585 F1 (97.0940%)


Test set: Average loss: 5.3158, Accuracy: 2085/4160 F1 (50.1202%)


Val set: Average loss: 4.9813, Accuracy: 99/192 F1 (51.5625%)

Patience getting saturated, current counter is:  0
best acc test 50.168269  acc val 51.562500 acc labeled target 97.094017
saving model...
S Real T Clipart Train Ep: 11600 lr0.005612543068546177 	 Loss Classification: 0.016316 Loss T 0.006932 Method MME

S Real T Clipart Train Ep: 11700 lr0.005593133682632953 	 Loss Classification: 0.030223 Loss T 0.008685 Method MME

S Real T Clipart Train Ep: 11800 lr0.005573880195590681 	 Loss Classification: 0.024731 Loss T 0.008206 Method MME

S Real T Clipart Train Ep: 11900 lr0.0055547806486639095 	 Loss Classification: 0.020462 Loss T 0.004865 Method MME

Per Class Accuracy Calculated According to the Labelled Target examples is:  [1.        1.        1.        1.        1.        0.8888889 1.
 1.        1.        1.        0.8888889 1.        1.        0.8888889
 1.        1.        0.8888889 1.        1.        0.8888889 1.
 1.        1.        1.        1.        1.        0.7777778 0.8888889
 1.        1.        1.        1.        1.        1.        1.
 1.        1.        1.        0.8888889 1.        0.8888889 1.
 0.8888889 0.8888889 1.        1.        1.        1.        1.
 1.        1.        1.        1.        0.7777778 1.        1.
 0.8888889 1.        1.        0.8888889 1.        1.        1.
 1.        0.8888889]
Top k classes which perform poorly are:  [53, 26, 64, 16, 43, 13, 19, 27, 10, 42, 5, 59, 40, 38, 56, 41, 39, 44, 45, 46, 47, 50, 49, 37, 51, 52, 54, 55, 57, 58, 60, 61, 62, 48, 36, 0, 34, 1, 2, 3, 4, 6, 7, 8, 9, 11, 12, 14, 15, 35, 17, 20, 21, 22, 23, 24, 25, 28, 29, 30, 31, 63, 33, 18, 32]
Per cls weights according to the accuracy are:  tensor([1.1839, 1.1839, 1.1839, 1.1839, 1.1839, 1.2056, 1.1839, 1.1839, 1.1839,
        1.1839, 1.2056, 1.1839, 1.1839, 1.2056, 1.1839, 1.1839, 1.2056, 1.1839,
        1.1839, 1.2056, 1.1839, 1.1839, 1.1839, 1.1839, 1.1839, 1.1839, 1.2297,
        1.2056, 1.1839, 1.1839, 1.1839, 1.1839, 1.1839, 1.1839, 1.1839, 1.1839,
        1.1839, 1.1839, 1.2056, 1.1839, 1.2056, 1.1839, 1.2056, 1.2056, 1.1839,
        1.1839, 1.1839, 1.1839, 1.1839, 1.1839, 1.1839, 1.1839, 1.1839, 1.2297,
        1.1839, 1.1839, 1.2056, 1.1839, 1.1839, 1.2056, 1.1839, 1.1839, 1.1839,
        1.1839, 1.2056])
0
1
2
3
4
5
6
7
8
9
10
11
12
13
14
15
16
17
18
19
20
21
22
23
24
25
26
27
28
29
30
31
32
33
34
35
36
37
38
39
40
41
42
43
44
45
46
47
48
49
50
51
52
53
54
55
56
57
58
59
60
61
62
63
64
65
66
67
68
69
70
71
72
73
74
75
76
77
78
79
80
81
82
83
84
85
86
87
88
89
90
91
92
93
94
95
96
97
98
99
100
101
102
103
104
105
106
107
108
109
110
111
112
113
114
115
116
117
118
119
120
121
122
123
124
125
126
127
128
129
130
131
132
133
134
135
136
137
138
139
140
141
142
143
144
145
146
147
148
149
150
151
152
153
154
155
156
157
158
159
160
161
162
163
164
165
166
167
168
169
170
171
172
173
174
175
176
177
178
179
180
181
182
183
184
185
186
187
188
189
190
191
192
193
194
Per cls weights according to the accuracy are:  tensor([0.8161, 0.8161, 0.8161, 0.8161, 0.8161, 0.7944, 0.8161, 0.8161, 0.8161,
        0.8161, 0.7944, 0.8161, 0.8161, 0.7944, 0.8161, 0.8161, 0.7944, 0.8161,
        0.8161, 0.7944, 0.8161, 0.8161, 0.8161, 0.8161, 0.8161, 0.8161, 0.7703,
        0.7944, 0.8161, 0.8161, 0.8161, 0.8161, 0.8161, 0.8161, 0.8161, 0.8161,
        0.8161, 0.8161, 0.7944, 0.8161, 0.7944, 0.8161, 0.7944, 0.7944, 0.8161,
        0.8161, 0.8161, 0.8161, 0.8161, 0.8161, 0.8161, 0.8161, 0.8161, 0.7703,
        0.8161, 0.8161, 0.7944, 0.8161, 0.8161, 0.7944, 0.8161, 0.8161, 0.8161,
        0.8161, 0.7944])
0
1
2
3
4
5
6
7
8
9
10
11
12
13
14
15
16
17
18
19
20
21
22
23
24
25
26
27
28
29
30
31
32
33
34
35
36
37
38
39
40
41
42
43
44
45
46
47
48
49
50
51
52
53
54
55
56
57
58
59
60
61
62
63
64
65
66
67
68
69
70
71
72
73
74
75
76
77
78
79
80
81
82
83
84
85
86
87
88
89
90
91
92
93
94
95
96
97
98
99
100
101
102
103
104
105
106
107
108
109
110
111
112
113
114
115
116
117
118
119
120
121
122
123
124
125
126
127
128
129
130
131
132
133
134
135
136
137
138
139
140
141
142
143
144
145
146
147
148
149
150
151
152
153
154
155
156
157
158
159
160
161
162
163
164
165
166
167
168
169
170
171
172
173
174
175
176
177
178
179
180
181
182
183
184
185
186
187
188
189
190
191
192
193
194
Assigned Classwise weights to source
S Real T Clipart Train Ep: 12000 lr0.005535833116504121 	 Loss Classification: 0.005843 Loss T 0.007518 Method MME

32
32
32
32
32
32
32
tensor(585.)

Labeled Target set: Average loss: 0.0880, Accuracy: 570/585 F1 (97.4359%)


Test set: Average loss: 5.3532, Accuracy: 2089/4160 F1 (50.2163%)


Val set: Average loss: 4.9839, Accuracy: 98/192 F1 (51.0417%)

Patience getting saturated, current counter is:  1
best acc test 50.168269  acc val 51.041667 acc labeled target 97.435897
saving model...
S Real T Clipart Train Ep: 12100 lr0.00551703570645129 	 Loss Classification: 0.050363 Loss T 0.004169 Method MME

S Real T Clipart Train Ep: 12200 lr0.005498386557834078 	 Loss Classification: 0.038001 Loss T 0.010247 Method MME

S Real T Clipart Train Ep: 12300 lr0.00547988384128807 	 Loss Classification: 0.138715 Loss T 0.005325 Method MME

S Real T Clipart Train Ep: 12400 lr0.005461525758091539 	 Loss Classification: 0.029204 Loss T 0.005446 Method MME

S Real T Clipart Train Ep: 12500 lr0.005443310539518174 	 Loss Classification: 0.070178 Loss T 0.007398 Method MME

32
32
32
32
32
32
32
tensor(585.)

Labeled Target set: Average loss: 0.1070, Accuracy: 567/585 F1 (96.9231%)


Test set: Average loss: 5.3736, Accuracy: 2094/4160 F1 (50.3365%)


Val set: Average loss: 4.9803, Accuracy: 98/192 F1 (51.0417%)

Patience getting saturated, current counter is:  2
best acc test 50.168269  acc val 51.041667 acc labeled target 96.923077
saving model...
S Real T Clipart Train Ep: 12600 lr0.005425236446206295 	 Loss Classification: 0.098478 Loss T 0.005193 Method MME

S Real T Clipart Train Ep: 12700 lr0.005407301767544059 	 Loss Classification: 0.013265 Loss T 0.006172 Method MME

S Real T Clipart Train Ep: 12800 lr0.005389504821070177 	 Loss Classification: 0.006799 Loss T 0.004957 Method MME

S Real T Clipart Train Ep: 12900 lr0.005371843951889677 	 Loss Classification: 0.008266 Loss T 0.004072 Method MME

Per Class Accuracy Calculated According to the Labelled Target examples is:  [1.        1.        0.8888889 0.8888889 1.        1.        0.8888889
 1.        1.        1.        1.        1.        1.        1.
 1.        0.7777778 1.        1.        1.        1.        1.
 1.        1.        1.        1.        0.8888889 0.8888889 1.
 0.8888889 0.8888889 0.8888889 1.        1.        1.        1.
 1.        1.        0.8888889 1.        1.        1.        0.7777778
 0.8888889 1.        1.        1.        0.8888889 0.8888889 0.8888889
 1.        1.        1.        1.        1.        1.        1.
 1.        1.        1.        1.        1.        1.        1.
 0.8888889 1.       ]
Top k classes which perform poorly are:  [15, 41, 37, 46, 25, 26, 42, 48, 29, 28, 6, 63, 3, 2, 30, 47, 40, 43, 44, 45, 39, 0, 50, 51, 52, 53, 54, 55, 56, 57, 58, 59, 60, 61, 62, 38, 49, 32, 35, 1, 4, 5, 7, 8, 9, 10, 11, 12, 13, 14, 36, 16, 18, 19, 20, 21, 22, 23, 24, 27, 31, 33, 34, 17, 64]
Per cls weights according to the accuracy are:  tensor([1.1839, 1.1839, 1.2056, 1.2056, 1.1839, 1.1839, 1.2056, 1.1839, 1.1839,
        1.1839, 1.1839, 1.1839, 1.1839, 1.1839, 1.1839, 1.2297, 1.1839, 1.1839,
        1.1839, 1.1839, 1.1839, 1.1839, 1.1839, 1.1839, 1.1839, 1.2056, 1.2056,
        1.1839, 1.2056, 1.2056, 1.2056, 1.1839, 1.1839, 1.1839, 1.1839, 1.1839,
        1.1839, 1.2056, 1.1839, 1.1839, 1.1839, 1.2297, 1.2056, 1.1839, 1.1839,
        1.1839, 1.2056, 1.2056, 1.2056, 1.1839, 1.1839, 1.1839, 1.1839, 1.1839,
        1.1839, 1.1839, 1.1839, 1.1839, 1.1839, 1.1839, 1.1839, 1.1839, 1.1839,
        1.2056, 1.1839])
0
1
2
3
4
5
6
7
8
9
10
11
12
13
14
15
16
17
18
19
20
21
22
23
24
25
26
27
28
29
30
31
32
33
34
35
36
37
38
39
40
41
42
43
44
45
46
47
48
49
50
51
52
53
54
55
56
57
58
59
60
61
62
63
64
65
66
67
68
69
70
71
72
73
74
75
76
77
78
79
80
81
82
83
84
85
86
87
88
89
90
91
92
93
94
95
96
97
98
99
100
101
102
103
104
105
106
107
108
109
110
111
112
113
114
115
116
117
118
119
120
121
122
123
124
125
126
127
128
129
130
131
132
133
134
135
136
137
138
139
140
141
142
143
144
145
146
147
148
149
150
151
152
153
154
155
156
157
158
159
160
161
162
163
164
165
166
167
168
169
170
171
172
173
174
175
176
177
178
179
180
181
182
183
184
185
186
187
188
189
190
191
192
193
194
Per cls weights according to the accuracy are:  tensor([0.8161, 0.8161, 0.7944, 0.7944, 0.8161, 0.8161, 0.7944, 0.8161, 0.8161,
        0.8161, 0.8161, 0.8161, 0.8161, 0.8161, 0.8161, 0.7703, 0.8161, 0.8161,
        0.8161, 0.8161, 0.8161, 0.8161, 0.8161, 0.8161, 0.8161, 0.7944, 0.7944,
        0.8161, 0.7944, 0.7944, 0.7944, 0.8161, 0.8161, 0.8161, 0.8161, 0.8161,
        0.8161, 0.7944, 0.8161, 0.8161, 0.8161, 0.7703, 0.7944, 0.8161, 0.8161,
        0.8161, 0.7944, 0.7944, 0.7944, 0.8161, 0.8161, 0.8161, 0.8161, 0.8161,
        0.8161, 0.8161, 0.8161, 0.8161, 0.8161, 0.8161, 0.8161, 0.8161, 0.8161,
        0.7944, 0.8161])
0
1
2
3
4
5
6
7
8
9
10
11
12
13
14
15
16
17
18
19
20
21
22
23
24
25
26
27
28
29
30
31
32
33
34
35
36
37
38
39
40
41
42
43
44
45
46
47
48
49
50
51
52
53
54
55
56
57
58
59
60
61
62
63
64
65
66
67
68
69
70
71
72
73
74
75
76
77
78
79
80
81
82
83
84
85
86
87
88
89
90
91
92
93
94
95
96
97
98
99
100
101
102
103
104
105
106
107
108
109
110
111
112
113
114
115
116
117
118
119
120
121
122
123
124
125
126
127
128
129
130
131
132
133
134
135
136
137
138
139
140
141
142
143
144
145
146
147
148
149
150
151
152
153
154
155
156
157
158
159
160
161
162
163
164
165
166
167
168
169
170
171
172
173
174
175
176
177
178
179
180
181
182
183
184
185
186
187
188
189
190
191
192
193
194
Assigned Classwise weights to source
S Real T Clipart Train Ep: 13000 lr0.0053543175321042955 	 Loss Classification: 0.006392 Loss T 0.004661 Method MME

32
32
32
32
32
32
32
tensor(585.)

Labeled Target set: Average loss: 0.0951, Accuracy: 570/585 F1 (97.4359%)


Test set: Average loss: 5.4717, Accuracy: 2094/4160 F1 (50.3365%)


Val set: Average loss: 5.1168, Accuracy: 98/192 F1 (51.0417%)

Patience getting saturated, current counter is:  3
best acc test 50.168269  acc val 51.041667 acc labeled target 97.435897
saving model...
S Real T Clipart Train Ep: 13100 lr0.005336923960257046 	 Loss Classification: 0.015037 Loss T 0.006875 Method MME

S Real T Clipart Train Ep: 13200 lr0.0053196616607905645 	 Loss Classification: 0.006963 Loss T 0.005224 Method MME

S Real T Clipart Train Ep: 13300 lr0.0053025290835188275 	 Loss Classification: 0.082599 Loss T 0.005120 Method MME

S Real T Clipart Train Ep: 13400 lr0.005285524703111859 	 Loss Classification: 0.072540 Loss T 0.003441 Method MME

S Real T Clipart Train Ep: 13500 lr0.005268647018593052 	 Loss Classification: 0.010363 Loss T 0.005243 Method MME

32
32
32
32
32
32
32
tensor(585.)

Labeled Target set: Average loss: 0.1178, Accuracy: 564/585 F1 (96.4103%)


Test set: Average loss: 5.5132, Accuracy: 2094/4160 F1 (50.3365%)


Val set: Average loss: 5.1041, Accuracy: 99/192 F1 (51.5625%)

Patience getting saturated, current counter is:  4
best acc test 50.168269  acc val 51.562500 acc labeled target 96.410256
saving model...
S Real T Clipart Train Ep: 13600 lr0.005251894552848747 	 Loss Classification: 0.020199 Loss T 0.007136 Method MME

S Real T Clipart Train Ep: 13700 lr0.005235265852149712 	 Loss Classification: 0.008312 Loss T 0.004023 Method MME

S Real T Clipart Train Ep: 13800 lr0.005218759485684187 	 Loss Classification: 0.005857 Loss T 0.006408 Method MME

S Real T Clipart Train Ep: 13900 lr0.005202374045102174 	 Loss Classification: 0.007827 Loss T 0.007724 Method MME

Per Class Accuracy Calculated According to the Labelled Target examples is:  [1.        1.        0.8888889 0.8888889 1.        1.        1.
 1.        1.        0.7777778 1.        0.8888889 0.8888889 1.
 1.        1.        1.        1.        1.        1.        0.8888889
 1.        1.        1.        1.        1.        0.8888889 0.8888889
 0.8888889 1.        0.8888889 1.        1.        1.        0.8888889
 0.8888889 1.        1.        1.        0.8888889 1.        0.8888889
 1.        1.        1.        0.8888889 1.        0.8888889 0.8888889
 1.        1.        0.8888889 1.        0.8888889 1.        0.8888889
 1.        1.        1.        1.        1.        1.        1.
 1.        1.       ]
Top k classes which perform poorly are:  [9, 12, 47, 48, 20, 26, 39, 51, 27, 53, 28, 55, 45, 11, 30, 41, 34, 3, 2, 35, 43, 42, 40, 44, 0, 50, 49, 52, 54, 56, 57, 58, 59, 60, 61, 62, 46, 38, 32, 36, 1, 4, 5, 6, 7, 8, 10, 13, 14, 15, 16, 17, 18, 19, 21, 22, 23, 24, 25, 29, 31, 63, 33, 37, 64]
Per cls weights according to the accuracy are:  tensor([1.1839, 1.1839, 1.2056, 1.2056, 1.1839, 1.1839, 1.1839, 1.1839, 1.1839,
        1.2297, 1.1839, 1.2056, 1.2056, 1.1839, 1.1839, 1.1839, 1.1839, 1.1839,
        1.1839, 1.1839, 1.2056, 1.1839, 1.1839, 1.1839, 1.1839, 1.1839, 1.2056,
        1.2056, 1.2056, 1.1839, 1.2056, 1.1839, 1.1839, 1.1839, 1.2056, 1.2056,
        1.1839, 1.1839, 1.1839, 1.2056, 1.1839, 1.2056, 1.1839, 1.1839, 1.1839,
        1.2056, 1.1839, 1.2056, 1.2056, 1.1839, 1.1839, 1.2056, 1.1839, 1.2056,
        1.1839, 1.2056, 1.1839, 1.1839, 1.1839, 1.1839, 1.1839, 1.1839, 1.1839,
        1.1839, 1.1839])
0
1
2
3
4
5
6
7
8
9
10
11
12
13
14
15
16
17
18
19
20
21
22
23
24
25
26
27
28
29
30
31
32
33
34
35
36
37
38
39
40
41
42
43
44
45
46
47
48
49
50
51
52
53
54
55
56
57
58
59
60
61
62
63
64
65
66
67
68
69
70
71
72
73
74
75
76
77
78
79
80
81
82
83
84
85
86
87
88
89
90
91
92
93
94
95
96
97
98
99
100
101
102
103
104
105
106
107
108
109
110
111
112
113
114
115
116
117
118
119
120
121
122
123
124
125
126
127
128
129
130
131
132
133
134
135
136
137
138
139
140
141
142
143
144
145
146
147
148
149
150
151
152
153
154
155
156
157
158
159
160
161
162
163
164
165
166
167
168
169
170
171
172
173
174
175
176
177
178
179
180
181
182
183
184
185
186
187
188
189
190
191
192
193
194
Per cls weights according to the accuracy are:  tensor([0.8161, 0.8161, 0.7944, 0.7944, 0.8161, 0.8161, 0.8161, 0.8161, 0.8161,
        0.7703, 0.8161, 0.7944, 0.7944, 0.8161, 0.8161, 0.8161, 0.8161, 0.8161,
        0.8161, 0.8161, 0.7944, 0.8161, 0.8161, 0.8161, 0.8161, 0.8161, 0.7944,
        0.7944, 0.7944, 0.8161, 0.7944, 0.8161, 0.8161, 0.8161, 0.7944, 0.7944,
        0.8161, 0.8161, 0.8161, 0.7944, 0.8161, 0.7944, 0.8161, 0.8161, 0.8161,
        0.7944, 0.8161, 0.7944, 0.7944, 0.8161, 0.8161, 0.7944, 0.8161, 0.7944,
        0.8161, 0.7944, 0.8161, 0.8161, 0.8161, 0.8161, 0.8161, 0.8161, 0.8161,
        0.8161, 0.8161])
0
1
2
3
4
5
6
7
8
9
10
11
12
13
14
15
16
17
18
19
20
21
22
23
24
25
26
27
28
29
30
31
32
33
34
35
36
37
38
39
40
41
42
43
44
45
46
47
48
49
50
51
52
53
54
55
56
57
58
59
60
61
62
63
64
65
66
67
68
69
70
71
72
73
74
75
76
77
78
79
80
81
82
83
84
85
86
87
88
89
90
91
92
93
94
95
96
97
98
99
100
101
102
103
104
105
106
107
108
109
110
111
112
113
114
115
116
117
118
119
120
121
122
123
124
125
126
127
128
129
130
131
132
133
134
135
136
137
138
139
140
141
142
143
144
145
146
147
148
149
150
151
152
153
154
155
156
157
158
159
160
161
162
163
164
165
166
167
168
169
170
171
172
173
174
175
176
177
178
179
180
181
182
183
184
185
186
187
188
189
190
191
192
193
194
Assigned Classwise weights to source
S Real T Clipart Train Ep: 14000 lr0.005186108144070652 	 Loss Classification: 0.021419 Loss T 0.006592 Method MME

32
32
32
32
32
32
32
tensor(585.)

Labeled Target set: Average loss: 0.0490, Accuracy: 578/585 F1 (98.8034%)


Test set: Average loss: 5.5869, Accuracy: 2100/4160 F1 (50.4808%)


Val set: Average loss: 5.2052, Accuracy: 98/192 F1 (51.0417%)

Patience getting saturated, current counter is:  5
