Dataset multi Source real Target clipart Labeled num perclass 3 Network resnet34
126 classes in this dataset
Unlabelled Target Dataset Size:  18325
Labelled Target Dataset Size:  378
Misc. Labelled Target Dataset Size:  378
Bank keys - Target:  dict_keys(['feat_vec', 'labels', 'names', 'domain_identifier']) Source:  dict_keys(['feat_vec', 'labels', 'names', 'domain_identifier'])
Num  - Target:  18325 Source:  70358
Unlabeled Target Data Size: 381
S real T clipart Train Ep: 0 lr0.01 	 Loss Classification: 5.054628 Loss T 0.469789 Method MME

S real T clipart Train Ep: 100 lr0.009925650290240803 	 Loss Classification: 1.602694 Loss T 0.284334 Method MME

S real T clipart Train Ep: 200 lr0.009852577760521605 	 Loss Classification: 1.006730 Loss T 0.232916 Method MME

S real T clipart Train Ep: 300 lr0.009780748269686728 	 Loss Classification: 1.322006 Loss T 0.205214 Method MME

S real T clipart Train Ep: 400 lr0.009710128909124701 	 Loss Classification: 1.367106 Loss T 0.156716 Method MME

S real T clipart Train Ep: 500 lr0.00964068794694323 	 Loss Classification: 0.826647 Loss T 0.170670 Method MME


Labeled Target set: Average loss: 2.5481, Accuracy: 473/1080 F1 (43.7963%)


Test set: Average loss: 2.2898, Accuracy: 9043/18312 F1 (49.3829%)


Val set: Average loss: 2.3870, Accuracy: 182/360 F1 (50.5556%)

best acc test 49.382918  acc val 50.555556 acc labeled target 43.796296
saving model...
S real T clipart Train Ep: 600 lr0.00957239477517603 	 Loss Classification: 1.086739 Loss T 0.175247 Method MME

S real T clipart Train Ep: 700 lr0.009505219859830012 	 Loss Classification: 1.105870 Loss T 0.162006 Method MME

