Dataset multi Source real Target clipart Labeled num perclass 3 Network resnet34
126 classes in this dataset
Labelled Source Examples:  70358
Unlabelled Target Dataset Size:  18325
Labelled Target Dataset Size:  378
Misc. Labelled Target Dataset Size:  378
Bank keys - Target:  dict_keys(['feat_vec', 'labels', 'names', 'domain_identifier']) Source:  dict_keys(['feat_vec', 'labels', 'names', 'domain_identifier'])
Num  - Target:  18325 Source:  70358
Unlabeled Target Data Batches: 381
S real T clipart Train Ep: 0 lr0.01 	 Loss Classification: 4.751995 Loss T 0.470713 Method MME

24
24
24
24
24
24
24
24
24
24
24
24
24
24
24
24
tensor(1134.)

Labeled Target set: Average loss: 4.9380, Accuracy: 18/1134 F1 (1.5873%)


Test set: Average loss: 4.9159, Accuracy: 350/18312 F1 (1.9113%)


Val set: Average loss: 4.9180, Accuracy: 5/360 F1 (1.3889%)

Patience Reset, Counter is: 0
best acc test 1.911315  acc val 1.388889 acc labeled target 1.587302
saving model...
S real T clipart Train Ep: 100 lr0.009925650290240803 	 Loss Classification: 0.676019 Loss T 0.306850 Method MME

S real T clipart Train Ep: 200 lr0.009852577760521605 	 Loss Classification: 0.784858 Loss T 0.229490 Method MME

S real T clipart Train Ep: 300 lr0.009780748269686728 	 Loss Classification: 1.013891 Loss T 0.201906 Method MME

S real T clipart Train Ep: 400 lr0.009710128909124701 	 Loss Classification: 0.872406 Loss T 0.167890 Method MME

S real T clipart Train Ep: 500 lr0.00964068794694323 	 Loss Classification: 1.036352 Loss T 0.149458 Method MME

24
24
24
24
24
24
24
24
24
24
24
24
24
24
24
24
tensor(1134.)

Labeled Target set: Average loss: 2.5316, Accuracy: 522/1134 F1 (46.0317%)


Test set: Average loss: 2.2480, Accuracy: 9138/18312 F1 (49.9017%)


Val set: Average loss: 2.3739, Accuracy: 172/360 F1 (47.7778%)

Patience Reset, Counter is: 0
best acc test 49.901704  acc val 47.777778 acc labeled target 46.031746
saving model...
S real T clipart Train Ep: 600 lr0.00957239477517603 	 Loss Classification: 0.734213 Loss T 0.131903 Method MME

S real T clipart Train Ep: 700 lr0.009505219859830012 	 Loss Classification: 0.329778 Loss T 0.138410 Method MME

S real T clipart Train Ep: 800 lr0.009439134693595126 	 Loss Classification: 0.111071 Loss T 0.132310 Method MME

S real T clipart Train Ep: 900 lr0.009374111751051751 	 Loss Classification: 1.303291 Loss T 0.149031 Method MME

S real T clipart Train Ep: 1000 lr0.009310124446222227 	 Loss Classification: 1.920355 Loss T 0.138414 Method MME

24
24
24
24
24
24
24
24
24
24
24
24
24
24
24
24
tensor(1134.)

Labeled Target set: Average loss: 2.4043, Accuracy: 560/1134 F1 (49.3827%)


Test set: Average loss: 2.0447, Accuracy: 10120/18312 F1 (55.2643%)


Val set: Average loss: 2.1159, Accuracy: 196/360 F1 (54.4444%)

Patience Reset, Counter is: 0
best acc test 55.264308  acc val 54.444444 acc labeled target 49.382716
saving model...
S real T clipart Train Ep: 1100 lr0.00924714709232377 	 Loss Classification: 0.570524 Loss T 0.107425 Method MME

S real T clipart Train Ep: 1200 lr0.009185154863590003 	 Loss Classification: 1.046341 Loss T 0.158947 Method MME

S real T clipart Train Ep: 1300 lr0.00912412375903735 	 Loss Classification: 0.212948 Loss T 0.110729 Method MME

S real T clipart Train Ep: 1400 lr0.009064030568061049 	 Loss Classification: 0.830466 Loss T 0.130099 Method MME

S real T clipart Train Ep: 1500 lr0.009004852837753237 	 Loss Classification: 1.022273 Loss T 0.134326 Method MME

24
24
24
24
24
24
24
24
24
24
24
24
24
24
24
24
tensor(1134.)

Labeled Target set: Average loss: 2.0898, Accuracy: 613/1134 F1 (54.0564%)


Test set: Average loss: 1.8263, Accuracy: 10938/18312 F1 (59.7313%)


Val set: Average loss: 1.9751, Accuracy: 203/360 F1 (56.3889%)

Patience Reset, Counter is: 0
best acc test 59.731324  acc val 56.388889 acc labeled target 54.056437
saving model...
S real T clipart Train Ep: 1600 lr0.008946568841842816 	 Loss Classification: 0.545731 Loss T 0.128409 Method MME

S real T clipart Train Ep: 1700 lr0.008889157551163433 	 Loss Classification: 0.648993 Loss T 0.096714 Method MME

S real T clipart Train Ep: 1800 lr0.008832598605562044 	 Loss Classification: 0.590954 Loss T 0.134665 Method MME

S real T clipart Train Ep: 1900 lr0.008776872287166303 	 Loss Classification: 1.069570 Loss T 0.115141 Method MME

Per Class Accuracy Calculated According to the Labelled Target examples is:  [0.33333334 1.         0.5555556  0.6666667  0.22222222 0.33333334
 0.11111111 0.5555556  0.5555556  0.11111111 0.6666667  0.
 0.         0.         0.6666667  0.         1.         1.
 0.8888889  0.6666667  0.         1.         1.         0.5555556
 0.5555556  0.8888889  0.6666667  0.5555556  0.         0.5555556
 0.5555556  0.11111111 0.44444445 0.8888889  0.7777778  1.
 0.6666667  0.7777778  0.6666667  0.         0.6666667  0.44444445
 0.44444445 0.5555556  0.         0.5555556  0.6666667  0.6666667
 0.33333334 0.6666667  0.6666667  0.6666667  1.         0.6666667
 0.44444445 0.8888889  0.7777778  0.8888889  0.         0.6666667
 0.6666667  0.33333334 0.7777778  0.44444445 0.5555556  0.8888889
 0.33333334 0.33333334 1.         0.33333334 0.22222222 0.33333334
 0.6666667  0.22222222 0.11111111 0.44444445 0.6666667  1.
 0.         0.6666667  0.         0.7777778  0.         0.
 1.         0.8888889  0.6666667  0.33333334 0.11111111 0.33333334
 0.5555556  0.44444445 0.44444445 0.6666667  0.11111111 0.8888889
 0.7777778  0.7777778  0.8888889  0.33333334 0.5555556  0.33333334
 0.33333334 0.44444445 0.33333334 0.33333334 0.11111111 0.6666667
 0.         0.6666667  0.44444445 1.         0.6666667  1.
 1.         0.6666667  0.44444445 1.         0.33333334 0.33333334
 1.         0.6666667  0.8888889  0.7777778  0.44444445 1.        ]
Top k classes which perform poorly are:  [39, 44, 28, 83, 58, 82, 20, 108, 80, 11, 12, 13, 78, 15, 106, 31, 94, 9, 88, 74, 6, 73, 70, 4, 89, 48, 87, 105, 104, 61, 66, 67, 101, 69, 99, 102, 71, 0, 119, 5, 118, 54, 32, 124, 63, 110, 103, 75, 116, 42, 41, 91, 92, 23, 27, 100, 64, 24, 8, 7, 2, 45, 90, 43, 29, 30, 10, 79, 14, 86, 3, 76, 121, 38, 19, 36, 40, 109, 46, 93, 49, 72, 50, 47, 53, 59, 60, 26, 112, 107, 115, 51, 96, 123, 97, 62, 81, 34, 37, 56, 85, 122, 18, 25, 95, 33, 57, 65, 98, 55, 52, 1, 84, 16, 120, 17, 117, 22, 114, 113, 77, 111, 68, 35, 21, 125]
Per cls weights according to the accuracy are:  tensor([1.3583, 1.1839, 1.2869, 1.2567, 1.4004, 1.3583, 1.4474, 1.2869, 1.2869,
        1.4474, 1.2567, 1.5000, 1.5000, 1.5000, 1.2567, 1.5000, 1.1839, 1.1839,
        1.2056, 1.2567, 1.5000, 1.1839, 1.1839, 1.2869, 1.2869, 1.2056, 1.2567,
        1.2869, 1.5000, 1.2869, 1.2869, 1.4474, 1.3206, 1.2056, 1.2297, 1.1839,
        1.2567, 1.2297, 1.2567, 1.5000, 1.2567, 1.3206, 1.3206, 1.2869, 1.5000,
        1.2869, 1.2567, 1.2567, 1.3583, 1.2567, 1.2567, 1.2567, 1.1839, 1.2567,
        1.3206, 1.2056, 1.2297, 1.2056, 1.5000, 1.2567, 1.2567, 1.3583, 1.2297,
        1.3206, 1.2869, 1.2056, 1.3583, 1.3583, 1.1839, 1.3583, 1.4004, 1.3583,
        1.2567, 1.4004, 1.4474, 1.3206, 1.2567, 1.1839, 1.5000, 1.2567, 1.5000,
        1.2297, 1.5000, 1.5000, 1.1839, 1.2056, 1.2567, 1.3583, 1.4474, 1.3583,
        1.2869, 1.3206, 1.3206, 1.2567, 1.4474, 1.2056, 1.2297, 1.2297, 1.2056,
        1.3583, 1.2869, 1.3583, 1.3583, 1.3206, 1.3583, 1.3583, 1.4474, 1.2567,
        1.5000, 1.2567, 1.3206, 1.1839, 1.2567, 1.1839, 1.1839, 1.2567, 1.3206,
        1.1839, 1.3583, 1.3583, 1.1839, 1.2567, 1.2056, 1.2297, 1.3206, 1.1839])
0
1
2
3
4
5
6
7
8
9
10
11
12
13
14
15
16
17
18
19
20
21
22
23
24
25
26
27
28
29
30
31
32
33
34
35
36
37
38
39
40
41
42
43
44
45
46
47
48
49
50
51
52
53
54
55
56
57
58
59
60
61
62
63
64
65
66
67
68
69
70
71
72
73
74
75
76
77
78
79
80
81
82
83
84
85
86
87
88
89
90
91
92
93
94
95
96
97
98
99
100
101
102
103
104
105
106
107
108
109
110
111
112
113
114
115
116
117
118
119
120
121
122
123
124
125
126
127
128
129
130
131
132
133
134
135
136
137
138
139
140
141
142
143
144
145
146
147
148
149
150
151
152
153
154
155
156
157
158
159
160
161
162
163
164
165
166
167
168
169
170
171
172
173
174
175
176
177
178
179
180
181
182
183
184
185
186
187
188
189
190
191
192
193
194
195
196
197
198
199
200
201
202
203
204
205
206
207
208
209
210
211
212
213
214
215
216
217
218
219
220
221
222
223
224
225
226
227
228
229
230
231
232
233
234
235
236
237
238
239
240
241
242
243
244
245
246
247
248
249
250
251
252
253
254
255
256
257
258
259
260
261
262
263
264
265
266
267
268
269
270
271
272
273
274
275
276
277
278
279
280
281
282
283
284
285
286
287
288
289
290
291
292
293
294
295
296
297
298
299
300
301
302
303
304
305
306
307
308
309
310
311
312
313
314
315
316
317
318
319
320
321
322
323
324
325
326
327
328
329
330
331
332
333
334
335
336
337
338
339
340
341
342
343
344
345
346
347
348
349
350
351
352
353
354
355
356
357
358
359
360
361
362
363
364
365
366
367
368
369
370
371
372
373
374
375
376
377
Per cls weights according to the accuracy are:  tensor([0.6417, 0.8161, 0.7131, 0.7433, 0.5996, 0.6417, 0.5526, 0.7131, 0.7131,
        0.5526, 0.7433, 0.5000, 0.5000, 0.5000, 0.7433, 0.5000, 0.8161, 0.8161,
        0.7944, 0.7433, 0.5000, 0.8161, 0.8161, 0.7131, 0.7131, 0.7944, 0.7433,
        0.7131, 0.5000, 0.7131, 0.7131, 0.5526, 0.6794, 0.7944, 0.7703, 0.8161,
        0.7433, 0.7703, 0.7433, 0.5000, 0.7433, 0.6794, 0.6794, 0.7131, 0.5000,
        0.7131, 0.7433, 0.7433, 0.6417, 0.7433, 0.7433, 0.7433, 0.8161, 0.7433,
        0.6794, 0.7944, 0.7703, 0.7944, 0.5000, 0.7433, 0.7433, 0.6417, 0.7703,
        0.6794, 0.7131, 0.7944, 0.6417, 0.6417, 0.8161, 0.6417, 0.5996, 0.6417,
        0.7433, 0.5996, 0.5526, 0.6794, 0.7433, 0.8161, 0.5000, 0.7433, 0.5000,
        0.7703, 0.5000, 0.5000, 0.8161, 0.7944, 0.7433, 0.6417, 0.5526, 0.6417,
        0.7131, 0.6794, 0.6794, 0.7433, 0.5526, 0.7944, 0.7703, 0.7703, 0.7944,
        0.6417, 0.7131, 0.6417, 0.6417, 0.6794, 0.6417, 0.6417, 0.5526, 0.7433,
        0.5000, 0.7433, 0.6794, 0.8161, 0.7433, 0.8161, 0.8161, 0.7433, 0.6794,
        0.8161, 0.6417, 0.6417, 0.8161, 0.7433, 0.7944, 0.7703, 0.6794, 0.8161])
