Dataset office_home Source Real Target Clipart Labeled num perclass 3 Network alexnet
65 classes in this dataset
Labelled Source Examples:  4357
Unlabelled Target Dataset Size:  4170
Labelled Target Dataset Size:  195
Misc. Labelled Target Dataset Size:  195
Bank keys - Target:  dict_keys(['feat_vec', 'labels', 'names', 'domain_identifier']) Source:  dict_keys(['feat_vec', 'labels', 'names', 'domain_identifier'])
Num  - Target:  4170 Source:  4357
Unlabeled Target Data Batches: 65
S Real T Clipart Train Ep: 0 lr0.01 	 Loss Classification: 4.234707 Loss T 0.415781 Method MME

32
32
32
32
32
32
32
tensor(585.)

Labeled Target set: Average loss: 4.1729, Accuracy: 16/585 F1 (2.7350%)


Test set: Average loss: 4.1827, Accuracy: 73/4160 F1 (1.7548%)


Val set: Average loss: 4.1821, Accuracy: 6/192 F1 (3.1250%)

Patience Reset, Counter is: 0
best acc test 1.754808  acc val 3.125000 acc labeled target 2.735043
saving model...
S Real T Clipart Train Ep: 100 lr0.009925650290240803 	 Loss Classification: 1.380391 Loss T 0.213587 Method MME

S Real T Clipart Train Ep: 200 lr0.009852577760521605 	 Loss Classification: 1.056290 Loss T 0.173339 Method MME

S Real T Clipart Train Ep: 300 lr0.009780748269686728 	 Loss Classification: 0.707985 Loss T 0.166828 Method MME

S Real T Clipart Train Ep: 400 lr0.009710128909124701 	 Loss Classification: 0.887212 Loss T 0.140395 Method MME

S Real T Clipart Train Ep: 500 lr0.00964068794694323 	 Loss Classification: 0.387224 Loss T 0.121188 Method MME

32
32
32
32
32
32
32
tensor(585.)

Labeled Target set: Average loss: 0.1686, Accuracy: 557/585 F1 (95.2137%)


Test set: Average loss: 2.4297, Accuracy: 1984/4160 F1 (47.6923%)


Val set: Average loss: 2.3451, Accuracy: 92/192 F1 (47.9167%)

Patience Reset, Counter is: 0
best acc test 47.692308  acc val 47.916667 acc labeled target 95.213675
saving model...
S Real T Clipart Train Ep: 600 lr0.00957239477517603 	 Loss Classification: 0.438456 Loss T 0.113411 Method MME

S Real T Clipart Train Ep: 700 lr0.009505219859830012 	 Loss Classification: 0.262970 Loss T 0.121250 Method MME

S Real T Clipart Train Ep: 800 lr0.009439134693595126 	 Loss Classification: 0.133713 Loss T 0.102176 Method MME

S Real T Clipart Train Ep: 900 lr0.009374111751051751 	 Loss Classification: 0.225584 Loss T 0.088081 Method MME

S Real T Clipart Train Ep: 1000 lr0.009310124446222227 	 Loss Classification: 0.202379 Loss T 0.084582 Method MME

32
32
32
32
32
32
32
tensor(585.)

Labeled Target set: Average loss: 0.1608, Accuracy: 566/585 F1 (96.7521%)


Test set: Average loss: 2.7892, Accuracy: 2075/4160 F1 (49.8798%)


Val set: Average loss: 2.7028, Accuracy: 95/192 F1 (49.4792%)

Patience Reset, Counter is: 0
best acc test 49.879808  acc val 49.479167 acc labeled target 96.752137
saving model...
S Real T Clipart Train Ep: 1100 lr0.00924714709232377 	 Loss Classification: 0.088613 Loss T 0.069324 Method MME

S Real T Clipart Train Ep: 1200 lr0.009185154863590003 	 Loss Classification: 0.135959 Loss T 0.046783 Method MME

S Real T Clipart Train Ep: 1300 lr0.00912412375903735 	 Loss Classification: 0.126003 Loss T 0.062438 Method MME

S Real T Clipart Train Ep: 1400 lr0.009064030568061049 	 Loss Classification: 0.183935 Loss T 0.062974 Method MME

S Real T Clipart Train Ep: 1500 lr0.009004852837753237 	 Loss Classification: 0.078177 Loss T 0.061077 Method MME

32
32
32
32
32
32
32
tensor(585.)

Labeled Target set: Average loss: 0.2238, Accuracy: 563/585 F1 (96.2393%)


Test set: Average loss: 3.0091, Accuracy: 2134/4160 F1 (51.2981%)


Val set: Average loss: 2.9432, Accuracy: 98/192 F1 (51.0417%)

Patience Reset, Counter is: 0
best acc test 51.298077  acc val 51.041667 acc labeled target 96.239316
saving model...
S Real T Clipart Train Ep: 1600 lr0.008946568841842816 	 Loss Classification: 0.079161 Loss T 0.057520 Method MME

S Real T Clipart Train Ep: 1700 lr0.008889157551163433 	 Loss Classification: 0.094620 Loss T 0.062119 Method MME

S Real T Clipart Train Ep: 1800 lr0.008832598605562044 	 Loss Classification: 0.085290 Loss T 0.061726 Method MME

S Real T Clipart Train Ep: 1900 lr0.008776872287166303 	 Loss Classification: 0.075425 Loss T 0.066610 Method MME

Per Class Accuracy Calculated According to the Labelled Target examples is:  [1.        1.        1.        1.        1.        1.        1.
 1.        1.        1.        0.8888889 1.        0.7777778 1.
 1.        0.8888889 1.        1.        1.        1.        0.8888889
 1.        1.        0.8888889 1.        1.        0.8888889 1.
 1.        0.8888889 0.8888889 1.        1.        1.        1.
 0.8888889 0.8888889 0.8888889 1.        0.8888889 1.        0.8888889
 0.8888889 1.        0.8888889 1.        1.        1.        1.
 1.        1.        1.        1.        1.        0.8888889 1.
 1.        0.8888889 1.        1.        0.8888889 0.8888889 0.8888889
 1.        0.8888889]
Top k classes which perform poorly are:  [12, 64, 37, 39, 30, 29, 41, 42, 26, 44, 23, 20, 35, 15, 36, 62, 61, 10, 60, 54, 57, 52, 38, 40, 59, 58, 43, 51, 55, 45, 46, 47, 53, 49, 50, 56, 48, 0, 33, 1, 2, 3, 4, 5, 6, 7, 8, 9, 11, 13, 34, 14, 17, 18, 19, 21, 22, 24, 25, 27, 28, 31, 63, 16, 32]
Per cls weights according to the accuracy are:  tensor([1.1839, 1.1839, 1.1839, 1.1839, 1.1839, 1.1839, 1.1839, 1.1839, 1.1839,
        1.1839, 1.2056, 1.1839, 1.2297, 1.1839, 1.1839, 1.2056, 1.1839, 1.1839,
        1.1839, 1.1839, 1.2056, 1.1839, 1.1839, 1.2056, 1.1839, 1.1839, 1.2056,
        1.1839, 1.1839, 1.2056, 1.2056, 1.1839, 1.1839, 1.1839, 1.1839, 1.2056,
        1.2056, 1.2056, 1.1839, 1.2056, 1.1839, 1.2056, 1.2056, 1.1839, 1.2056,
        1.1839, 1.1839, 1.1839, 1.1839, 1.1839, 1.1839, 1.1839, 1.1839, 1.1839,
        1.2056, 1.1839, 1.1839, 1.2056, 1.1839, 1.1839, 1.2056, 1.2056, 1.2056,
        1.1839, 1.2056])
0
1
2
3
4
5
6
7
8
9
10
11
12
13
14
15
16
17
18
19
20
21
22
23
24
25
26
27
28
29
30
31
32
33
34
35
36
37
38
39
40
41
42
43
44
45
46
47
48
49
50
51
52
53
54
55
56
57
58
59
60
61
62
63
64
65
66
67
68
69
70
71
72
73
74
75
76
77
78
79
80
81
82
83
84
85
86
87
88
89
90
91
92
93
94
95
96
97
98
99
100
101
102
103
104
105
106
107
108
109
110
111
112
113
114
115
116
117
118
119
120
121
122
123
124
125
126
127
128
129
130
131
132
133
134
135
136
137
138
139
140
141
142
143
144
145
146
147
148
149
150
151
152
153
154
155
156
157
158
159
160
161
162
163
164
165
166
167
168
169
170
171
172
173
174
175
176
177
178
179
180
181
182
183
184
185
186
187
188
189
190
191
192
193
194
Per cls weights according to the accuracy are:  tensor([0.8161, 0.8161, 0.8161, 0.8161, 0.8161, 0.8161, 0.8161, 0.8161, 0.8161,
        0.8161, 0.7944, 0.8161, 0.7703, 0.8161, 0.8161, 0.7944, 0.8161, 0.8161,
        0.8161, 0.8161, 0.7944, 0.8161, 0.8161, 0.7944, 0.8161, 0.8161, 0.7944,
        0.8161, 0.8161, 0.7944, 0.7944, 0.8161, 0.8161, 0.8161, 0.8161, 0.7944,
        0.7944, 0.7944, 0.8161, 0.7944, 0.8161, 0.7944, 0.7944, 0.8161, 0.7944,
        0.8161, 0.8161, 0.8161, 0.8161, 0.8161, 0.8161, 0.8161, 0.8161, 0.8161,
        0.7944, 0.8161, 0.8161, 0.7944, 0.8161, 0.8161, 0.7944, 0.7944, 0.7944,
        0.8161, 0.7944])
0
1
2
3
4
5
6
7
8
9
10
11
12
13
14
15
16
17
18
19
20
21
22
23
24
25
26
27
28
29
30
31
32
33
34
35
36
37
38
39
40
41
42
43
44
45
46
47
48
49
50
51
52
53
54
55
56
57
58
59
60
61
62
63
64
65
66
67
68
69
70
71
72
73
74
75
76
77
78
79
80
81
82
83
84
85
86
87
88
89
90
91
92
93
94
95
96
97
98
99
100
101
102
103
104
105
106
107
108
109
110
111
112
113
114
115
116
117
118
119
120
121
122
123
124
125
126
127
128
129
130
131
132
133
134
135
136
137
138
139
140
141
142
143
144
145
146
147
148
149
150
151
152
153
154
155
156
157
158
159
160
161
162
163
164
165
166
167
168
169
170
171
172
173
174
175
176
177
178
179
180
181
182
183
184
185
186
187
188
189
190
191
192
193
194
Assigned Classwise weights to source
S Real T Clipart Train Ep: 2000 lr0.008721959494934213 	 Loss Classification: 0.043566 Loss T 0.063235 Method MME

32
32
32
32
32
32
32
tensor(585.)

Labeled Target set: Average loss: 0.2632, Accuracy: 555/585 F1 (94.8718%)


Test set: Average loss: 3.2443, Accuracy: 2130/4160 F1 (51.2019%)


Val set: Average loss: 3.0430, Accuracy: 102/192 F1 (53.1250%)

Patience Reset, Counter is: 0
best acc test 51.201923  acc val 53.125000 acc labeled target 94.871795
saving model...
S Real T Clipart Train Ep: 2100 lr0.008667841720414475 	 Loss Classification: 0.032163 Loss T 0.033925 Method MME

S Real T Clipart Train Ep: 2200 lr0.008614501024650454 	 Loss Classification: 0.057464 Loss T 0.046227 Method MME

S Real T Clipart Train Ep: 2300 lr0.008561920016164943 	 Loss Classification: 0.087426 Loss T 0.058082 Method MME

S Real T Clipart Train Ep: 2400 lr0.008510081829966844 	 Loss Classification: 0.073806 Loss T 0.042686 Method MME

S Real T Clipart Train Ep: 2500 lr0.008458970107524513 	 Loss Classification: 0.076735 Loss T 0.041055 Method MME

32
32
32
32
32
32
32
tensor(585.)

Labeled Target set: Average loss: 0.0853, Accuracy: 572/585 F1 (97.7778%)


Test set: Average loss: 3.3962, Accuracy: 2147/4160 F1 (51.6106%)


Val set: Average loss: 3.2819, Accuracy: 99/192 F1 (51.5625%)

Patience getting saturated, current counter is:  0
best acc test 51.201923  acc val 51.562500 acc labeled target 97.777778
saving model...
S Real T Clipart Train Ep: 2600 lr0.008408568977653933 	 Loss Classification: 0.059501 Loss T 0.051934 Method MME

S Real T Clipart Train Ep: 2700 lr0.00835886303827305 	 Loss Classification: 0.064473 Loss T 0.039484 Method MME

S Real T Clipart Train Ep: 2800 lr0.008309837338976545 	 Loss Classification: 0.159587 Loss T 0.039915 Method MME

S Real T Clipart Train Ep: 2900 lr0.008261477364388068 	 Loss Classification: 0.065088 Loss T 0.036867 Method MME

Per Class Accuracy Calculated According to the Labelled Target examples is:  [1.        1.        1.        1.        1.        0.8888889 1.
 1.        1.        0.7777778 1.        1.        1.        1.
 1.        1.        1.        1.        1.        1.        1.
 1.        1.        1.        1.        1.        0.8888889 0.8888889
 1.        1.        1.        1.        1.        1.        1.
 1.        1.        0.8888889 1.        1.        1.        1.
 1.        1.        0.8888889 1.        1.        0.8888889 1.
 1.        1.        0.8888889 1.        1.        1.        0.8888889
 0.8888889 1.        0.8888889 1.        1.        1.        1.
 1.        0.8888889]
Top k classes which perform poorly are:  [9, 44, 51, 26, 55, 47, 56, 64, 58, 5, 37, 27, 39, 38, 40, 41, 42, 43, 36, 45, 49, 48, 35, 50, 52, 53, 54, 57, 59, 60, 61, 62, 46, 34, 0, 63, 1, 2, 3, 4, 6, 7, 8, 10, 11, 12, 13, 14, 15, 16, 17, 18, 19, 20, 21, 22, 23, 24, 25, 28, 29, 30, 31, 33, 32]
Per cls weights according to the accuracy are:  tensor([1.1839, 1.1839, 1.1839, 1.1839, 1.1839, 1.2056, 1.1839, 1.1839, 1.1839,
        1.2297, 1.1839, 1.1839, 1.1839, 1.1839, 1.1839, 1.1839, 1.1839, 1.1839,
        1.1839, 1.1839, 1.1839, 1.1839, 1.1839, 1.1839, 1.1839, 1.1839, 1.2056,
        1.2056, 1.1839, 1.1839, 1.1839, 1.1839, 1.1839, 1.1839, 1.1839, 1.1839,
        1.1839, 1.2056, 1.1839, 1.1839, 1.1839, 1.1839, 1.1839, 1.1839, 1.2056,
        1.1839, 1.1839, 1.2056, 1.1839, 1.1839, 1.1839, 1.2056, 1.1839, 1.1839,
        1.1839, 1.2056, 1.2056, 1.1839, 1.2056, 1.1839, 1.1839, 1.1839, 1.1839,
        1.1839, 1.2056])
0
1
2
3
4
5
6
7
8
9
10
11
12
13
14
15
16
17
18
19
20
21
22
23
24
25
26
27
28
29
30
31
32
33
34
35
36
37
38
39
40
41
42
43
44
45
46
47
48
49
50
51
52
53
54
55
56
57
58
59
60
61
62
63
64
65
66
67
68
69
70
71
72
73
74
75
76
77
78
79
80
81
82
83
84
85
86
87
88
89
90
91
92
93
94
95
96
97
98
99
100
101
102
103
104
105
106
107
108
109
110
111
112
113
114
115
116
117
118
119
120
121
122
123
124
125
126
127
128
129
130
131
132
133
134
135
136
137
138
139
140
141
142
143
144
145
146
147
148
149
150
151
152
153
154
155
156
157
158
159
160
161
162
163
164
165
166
167
168
169
170
171
172
173
174
175
176
177
178
179
180
181
182
183
184
185
186
187
188
189
190
191
192
193
194
Per cls weights according to the accuracy are:  tensor([0.8161, 0.8161, 0.8161, 0.8161, 0.8161, 0.7944, 0.8161, 0.8161, 0.8161,
        0.7703, 0.8161, 0.8161, 0.8161, 0.8161, 0.8161, 0.8161, 0.8161, 0.8161,
        0.8161, 0.8161, 0.8161, 0.8161, 0.8161, 0.8161, 0.8161, 0.8161, 0.7944,
        0.7944, 0.8161, 0.8161, 0.8161, 0.8161, 0.8161, 0.8161, 0.8161, 0.8161,
        0.8161, 0.7944, 0.8161, 0.8161, 0.8161, 0.8161, 0.8161, 0.8161, 0.7944,
        0.8161, 0.8161, 0.7944, 0.8161, 0.8161, 0.8161, 0.7944, 0.8161, 0.8161,
        0.8161, 0.7944, 0.7944, 0.8161, 0.7944, 0.8161, 0.8161, 0.8161, 0.8161,
        0.8161, 0.7944])
0
1
2
3
4
5
6
7
8
9
10
11
12
13
14
15
16
17
18
19
20
21
22
23
24
25
26
27
28
29
30
31
32
33
34
35
36
37
38
39
40
41
42
43
44
45
46
47
48
49
50
51
52
53
54
55
56
57
58
59
60
61
62
63
64
65
66
67
68
69
70
71
72
73
74
75
76
77
78
79
80
81
82
83
84
85
86
87
88
89
90
91
92
93
94
95
96
97
98
99
100
101
102
103
104
105
106
107
108
109
110
111
112
113
114
115
116
117
118
119
120
121
122
123
124
125
126
127
128
129
130
131
132
133
134
135
136
137
138
139
140
141
142
143
144
145
146
147
148
149
150
151
152
153
154
155
156
157
158
159
160
161
162
163
164
165
166
167
168
169
170
171
172
173
174
175
176
177
178
179
180
181
182
183
184
185
186
187
188
189
190
191
192
193
194
Assigned Classwise weights to source
S Real T Clipart Train Ep: 3000 lr0.008213769018249545 	 Loss Classification: 0.051869 Loss T 0.026293 Method MME

32
32
32
32
32
32
32
tensor(585.)

Labeled Target set: Average loss: 0.1694, Accuracy: 561/585 F1 (95.8974%)


Test set: Average loss: 3.6765, Accuracy: 2172/4160 F1 (52.2115%)


Val set: Average loss: 3.4847, Accuracy: 100/192 F1 (52.0833%)

Patience getting saturated, current counter is:  1
best acc test 51.201923  acc val 52.083333 acc labeled target 95.897436
saving model...
S Real T Clipart Train Ep: 3100 lr0.008166698608209509 	 Loss Classification: 0.065884 Loss T 0.042459 Method MME

S Real T Clipart Train Ep: 3200 lr0.008120252831274708 	 Loss Classification: 0.056938 Loss T 0.044897 Method MME

S Real T Clipart Train Ep: 3300 lr0.008074418759891278 	 Loss Classification: 0.064530 Loss T 0.028141 Method MME

S Real T Clipart Train Ep: 3400 lr0.008029183828623731 	 Loss Classification: 0.018793 Loss T 0.022397 Method MME

S Real T Clipart Train Ep: 3500 lr0.007984535821401871 	 Loss Classification: 0.126588 Loss T 0.031769 Method MME

32
32
32
32
32
32
32
tensor(585.)

Labeled Target set: Average loss: 0.0947, Accuracy: 570/585 F1 (97.4359%)


Test set: Average loss: 3.8290, Accuracy: 2156/4160 F1 (51.8269%)


Val set: Average loss: 3.5184, Accuracy: 103/192 F1 (53.6458%)

Patience Reset, Counter is: 2
best acc test 51.826923  acc val 53.645833 acc labeled target 97.435897
saving model...
S Real T Clipart Train Ep: 3600 lr0.007940462859307384 	 Loss Classification: 0.097737 Loss T 0.037526 Method MME

S Real T Clipart Train Ep: 3700 lr0.007896953388873518 	 Loss Classification: 0.024075 Loss T 0.039420 Method MME

S Real T Clipart Train Ep: 3800 lr0.007853996170872714 	 Loss Classification: 0.029425 Loss T 0.045236 Method MME

S Real T Clipart Train Ep: 3900 lr0.00781158026956848 	 Loss Classification: 0.043905 Loss T 0.027515 Method MME

Per Class Accuracy Calculated According to the Labelled Target examples is:  [0.8888889 1.        1.        1.        1.        0.8888889 1.
 1.        1.        1.        1.        0.8888889 1.        1.
 1.        1.        1.        0.8888889 1.        1.        1.
 1.        1.        1.        0.8888889 1.        1.        1.
 1.        0.8888889 0.8888889 1.        1.        1.        1.
 1.        1.        0.8888889 1.        1.        1.        0.8888889
 1.        1.        0.8888889 1.        1.        0.8888889 0.8888889
 1.        1.        1.        1.        1.        1.        1.
 1.        1.        1.        0.8888889 1.        1.        0.8888889
 1.        0.8888889]
Top k classes which perform poorly are:  [0, 62, 59, 48, 47, 44, 41, 37, 30, 29, 24, 17, 64, 11, 5, 13, 6, 42, 43, 45, 46, 4, 3, 49, 50, 51, 52, 53, 54, 55, 56, 57, 58, 2, 60, 61, 1, 40, 39, 38, 7, 14, 15, 16, 18, 19, 20, 21, 22, 23, 10, 12, 25, 27, 28, 9, 8, 31, 63, 33, 34, 35, 36, 26, 32]
Per cls weights according to the accuracy are:  tensor([1.2056, 1.1839, 1.1839, 1.1839, 1.1839, 1.2056, 1.1839, 1.1839, 1.1839,
        1.1839, 1.1839, 1.2056, 1.1839, 1.1839, 1.1839, 1.1839, 1.1839, 1.2056,
        1.1839, 1.1839, 1.1839, 1.1839, 1.1839, 1.1839, 1.2056, 1.1839, 1.1839,
        1.1839, 1.1839, 1.2056, 1.2056, 1.1839, 1.1839, 1.1839, 1.1839, 1.1839,
        1.1839, 1.2056, 1.1839, 1.1839, 1.1839, 1.2056, 1.1839, 1.1839, 1.2056,
        1.1839, 1.1839, 1.2056, 1.2056, 1.1839, 1.1839, 1.1839, 1.1839, 1.1839,
        1.1839, 1.1839, 1.1839, 1.1839, 1.1839, 1.2056, 1.1839, 1.1839, 1.2056,
        1.1839, 1.2056])
0
1
2
3
4
5
6
7
8
9
10
11
12
13
14
15
16
17
18
19
20
21
22
23
24
25
26
27
28
29
30
31
32
33
34
35
36
37
38
39
40
41
42
43
44
45
46
47
48
49
50
51
52
53
54
55
56
57
58
59
60
61
62
63
64
65
66
67
68
69
70
71
72
73
74
75
76
77
78
79
80
81
82
83
84
85
86
87
88
89
90
91
92
93
94
95
96
97
98
99
100
101
102
103
104
105
106
107
108
109
110
111
112
113
114
115
116
117
118
119
120
121
122
123
124
125
126
127
128
129
130
131
132
133
134
135
136
137
138
139
140
141
142
143
144
145
146
147
148
149
150
151
152
153
154
155
156
157
158
159
160
161
162
163
164
165
166
167
168
169
170
171
172
173
174
175
176
177
178
179
180
181
182
183
184
185
186
187
188
189
190
191
192
193
194
Per cls weights according to the accuracy are:  tensor([0.7944, 0.8161, 0.8161, 0.8161, 0.8161, 0.7944, 0.8161, 0.8161, 0.8161,
        0.8161, 0.8161, 0.7944, 0.8161, 0.8161, 0.8161, 0.8161, 0.8161, 0.7944,
        0.8161, 0.8161, 0.8161, 0.8161, 0.8161, 0.8161, 0.7944, 0.8161, 0.8161,
        0.8161, 0.8161, 0.7944, 0.7944, 0.8161, 0.8161, 0.8161, 0.8161, 0.8161,
        0.8161, 0.7944, 0.8161, 0.8161, 0.8161, 0.7944, 0.8161, 0.8161, 0.7944,
        0.8161, 0.8161, 0.7944, 0.7944, 0.8161, 0.8161, 0.8161, 0.8161, 0.8161,
        0.8161, 0.8161, 0.8161, 0.8161, 0.8161, 0.7944, 0.8161, 0.8161, 0.7944,
        0.8161, 0.7944])
0
1
2
3
4
5
6
7
8
9
10
11
12
13
14
15
16
17
18
19
20
21
22
23
24
25
26
27
28
29
30
31
32
33
34
35
36
37
38
39
40
41
42
43
44
45
46
47
48
49
50
51
52
53
54
55
56
57
58
59
60
61
62
63
64
65
66
67
68
69
70
71
72
73
74
75
76
77
78
79
80
81
82
83
84
85
86
87
88
89
90
91
92
93
94
95
96
97
98
99
100
101
102
103
104
105
106
107
108
109
110
111
112
113
114
115
116
117
118
119
120
121
122
123
124
125
126
127
128
129
130
131
132
133
134
135
136
137
138
139
140
141
142
143
144
145
146
147
148
149
150
151
152
153
154
155
156
157
158
159
160
161
162
163
164
165
166
167
168
169
170
171
172
173
174
175
176
177
178
179
180
181
182
183
184
185
186
187
188
189
190
191
192
193
194
Assigned Classwise weights to source
S Real T Clipart Train Ep: 4000 lr0.007769695042409123 	 Loss Classification: 0.083491 Loss T 0.029147 Method MME

32
32
32
32
32
32
32
tensor(585.)

Labeled Target set: Average loss: 0.1143, Accuracy: 566/585 F1 (96.7521%)


Test set: Average loss: 3.9431, Accuracy: 2189/4160 F1 (52.6202%)


Val set: Average loss: 3.6849, Accuracy: 101/192 F1 (52.6042%)

Patience getting saturated, current counter is:  0
best acc test 51.826923  acc val 52.604167 acc labeled target 96.752137
saving model...
S Real T Clipart Train Ep: 4100 lr0.007728330130142108 	 Loss Classification: 0.156557 Loss T 0.023607 Method MME

S Real T Clipart Train Ep: 4200 lr0.007687475447329114 	 Loss Classification: 0.046377 Loss T 0.033717 Method MME

S Real T Clipart Train Ep: 4300 lr0.0076471211732427845 	 Loss Classification: 0.102511 Loss T 0.029868 Method MME

S Real T Clipart Train Ep: 4400 lr0.007607257743127307 	 Loss Classification: 0.014929 Loss T 0.027688 Method MME

S Real T Clipart Train Ep: 4500 lr0.007567875839805858 	 Loss Classification: 0.017926 Loss T 0.031248 Method MME

32
32
32
32
32
32
32
tensor(585.)

Labeled Target set: Average loss: 0.0987, Accuracy: 567/585 F1 (96.9231%)


Test set: Average loss: 4.1368, Accuracy: 2171/4160 F1 (52.1875%)


Val set: Average loss: 3.9333, Accuracy: 101/192 F1 (52.6042%)

Patience getting saturated, current counter is:  1
best acc test 51.826923  acc val 52.604167 acc labeled target 96.923077
saving model...
S Real T Clipart Train Ep: 4600 lr0.007528966385618854 	 Loss Classification: 0.058709 Loss T 0.018442 Method MME

S Real T Clipart Train Ep: 4700 lr0.007490520534677821 	 Loss Classification: 0.030094 Loss T 0.018853 Method MME

S Real T Clipart Train Ep: 4800 lr0.007452529665420465 	 Loss Classification: 0.075969 Loss T 0.026355 Method MME

S Real T Clipart Train Ep: 4900 lr0.007414985373453289 	 Loss Classification: 0.029470 Loss T 0.021906 Method MME

Per Class Accuracy Calculated According to the Labelled Target examples is:  [0.8888889 1.        1.        0.8888889 1.        1.        1.
 1.        0.8888889 1.        0.8888889 1.        1.        1.
 1.        0.8888889 1.        1.        1.        1.        1.
 1.        1.        1.        0.8888889 0.7777778 0.8888889 1.
 1.        0.8888889 1.        1.        1.        1.        1.
 0.8888889 1.        1.        1.        0.8888889 1.        1.
 0.8888889 1.        1.        1.        1.        1.        1.
 1.        1.        0.8888889 1.        0.8888889 1.        1.
 0.8888889 0.8888889 1.        1.        0.8888889 1.        1.
 1.        1.       ]
Top k classes which perform poorly are:  [25, 0, 39, 29, 42, 26, 24, 51, 15, 53, 35, 56, 8, 57, 3, 60, 10, 55, 38, 62, 40, 41, 61, 43, 59, 44, 45, 46, 47, 48, 49, 37, 52, 54, 58, 50, 32, 34, 1, 2, 4, 5, 6, 7, 9, 11, 12, 13, 14, 16, 17, 18, 19, 20, 21, 22, 23, 27, 28, 30, 31, 63, 33, 36, 64]
Per cls weights according to the accuracy are:  tensor([1.2056, 1.1839, 1.1839, 1.2056, 1.1839, 1.1839, 1.1839, 1.1839, 1.2056,
        1.1839, 1.2056, 1.1839, 1.1839, 1.1839, 1.1839, 1.2056, 1.1839, 1.1839,
        1.1839, 1.1839, 1.1839, 1.1839, 1.1839, 1.1839, 1.2056, 1.2297, 1.2056,
        1.1839, 1.1839, 1.2056, 1.1839, 1.1839, 1.1839, 1.1839, 1.1839, 1.2056,
        1.1839, 1.1839, 1.1839, 1.2056, 1.1839, 1.1839, 1.2056, 1.1839, 1.1839,
        1.1839, 1.1839, 1.1839, 1.1839, 1.1839, 1.1839, 1.2056, 1.1839, 1.2056,
        1.1839, 1.1839, 1.2056, 1.2056, 1.1839, 1.1839, 1.2056, 1.1839, 1.1839,
        1.1839, 1.1839])
0
1
2
3
4
5
6
7
8
9
10
11
12
13
14
15
16
17
18
19
20
21
22
23
24
25
26
27
28
29
30
31
32
33
34
35
36
37
38
39
40
41
42
43
44
45
46
47
48
49
50
51
52
53
54
55
56
57
58
59
60
61
62
63
64
65
66
67
68
69
70
71
72
73
74
75
76
77
78
79
80
81
82
83
84
85
86
87
88
89
90
91
92
93
94
95
96
97
98
99
100
101
102
103
104
105
106
107
108
109
110
111
112
113
114
115
116
117
118
119
120
121
122
123
124
125
126
127
128
129
130
131
132
133
134
135
136
137
138
139
140
141
142
143
144
145
146
147
148
149
150
151
152
153
154
155
156
157
158
159
160
161
162
163
164
165
166
167
168
169
170
171
172
173
174
175
176
177
178
179
180
181
182
183
184
185
186
187
188
189
190
191
192
193
194
Per cls weights according to the accuracy are:  tensor([0.7944, 0.8161, 0.8161, 0.7944, 0.8161, 0.8161, 0.8161, 0.8161, 0.7944,
        0.8161, 0.7944, 0.8161, 0.8161, 0.8161, 0.8161, 0.7944, 0.8161, 0.8161,
        0.8161, 0.8161, 0.8161, 0.8161, 0.8161, 0.8161, 0.7944, 0.7703, 0.7944,
        0.8161, 0.8161, 0.7944, 0.8161, 0.8161, 0.8161, 0.8161, 0.8161, 0.7944,
        0.8161, 0.8161, 0.8161, 0.7944, 0.8161, 0.8161, 0.7944, 0.8161, 0.8161,
        0.8161, 0.8161, 0.8161, 0.8161, 0.8161, 0.8161, 0.7944, 0.8161, 0.7944,
        0.8161, 0.8161, 0.7944, 0.7944, 0.8161, 0.8161, 0.7944, 0.8161, 0.8161,
        0.8161, 0.8161])
0
1
2
3
4
5
6
7
8
9
10
11
12
13
14
15
16
17
18
19
20
21
22
23
24
25
26
27
28
29
30
31
32
33
34
35
36
37
38
39
40
41
42
43
44
45
46
47
48
49
50
51
52
53
54
55
56
57
58
59
60
61
62
63
64
65
66
67
68
69
70
71
72
73
74
75
76
77
78
79
80
81
82
83
84
85
86
87
88
89
90
91
92
93
94
95
96
97
98
99
100
101
102
103
104
105
106
107
108
109
110
111
112
113
114
115
116
117
118
119
120
121
122
123
124
125
126
127
128
129
130
131
132
133
134
135
136
137
138
139
140
141
142
143
144
145
146
147
148
149
150
151
152
153
154
155
156
157
158
159
160
161
162
163
164
165
166
167
168
169
170
171
172
173
174
175
176
177
178
179
180
181
182
183
184
185
186
187
188
189
190
191
192
193
194
Assigned Classwise weights to source
S Real T Clipart Train Ep: 5000 lr0.007377879464668811 	 Loss Classification: 0.075795 Loss T 0.026862 Method MME

32
32
32
32
32
32
32
tensor(585.)

Labeled Target set: Average loss: 0.1924, Accuracy: 565/585 F1 (96.5812%)


Test set: Average loss: 4.2045, Accuracy: 2182/4160 F1 (52.4519%)


Val set: Average loss: 3.8804, Accuracy: 104/192 F1 (54.1667%)

Patience Reset, Counter is: 2
best acc test 52.451923  acc val 54.166667 acc labeled target 96.581197
saving model...
S Real T Clipart Train Ep: 5100 lr0.007341203948625087 	 Loss Classification: 0.029211 Loss T 0.019807 Method MME

S Real T Clipart Train Ep: 5200 lr0.007304951032175895 	 Loss Classification: 0.008768 Loss T 0.016294 Method MME

S Real T Clipart Train Ep: 5300 lr0.007269113113340497 	 Loss Classification: 0.172921 Loss T 0.032630 Method MME

S Real T Clipart Train Ep: 5400 lr0.007233682775402483 	 Loss Classification: 0.023457 Loss T 0.011323 Method MME

S Real T Clipart Train Ep: 5500 lr0.007198652781227704 	 Loss Classification: 0.044273 Loss T 0.014623 Method MME

32
32
32
32
32
32
32
tensor(585.)

Labeled Target set: Average loss: 0.1155, Accuracy: 564/585 F1 (96.4103%)


Test set: Average loss: 4.3293, Accuracy: 2189/4160 F1 (52.6202%)


Val set: Average loss: 4.1371, Accuracy: 102/192 F1 (53.1250%)

Patience getting saturated, current counter is:  0
best acc test 52.451923  acc val 53.125000 acc labeled target 96.410256
saving model...
S Real T Clipart Train Ep: 5600 lr0.007164016067791809 	 Loss Classification: 0.050573 Loss T 0.018132 Method MME

S Real T Clipart Train Ep: 5700 lr0.0071297657409083726 	 Loss Classification: 0.016364 Loss T 0.028900 Method MME

S Real T Clipart Train Ep: 5800 lr0.0070958950701490225 	 Loss Classification: 0.005288 Loss T 0.020821 Method MME

S Real T Clipart Train Ep: 5900 lr0.007062397483947426 	 Loss Classification: 0.039750 Loss T 0.013512 Method MME

Per Class Accuracy Calculated According to the Labelled Target examples is:  [1.        0.8888889 1.        0.8888889 1.        0.7777778 1.
 1.        0.8888889 1.        1.        1.        1.        1.
 1.        1.        1.        1.        0.8888889 0.8888889 1.
 1.        1.        1.        1.        1.        0.8888889 1.
 1.        1.        0.8888889 1.        1.        1.        1.
 0.8888889 1.        0.8888889 1.        0.8888889 1.        1.
 0.8888889 0.8888889 1.        0.8888889 0.8888889 1.        0.8888889
 1.        1.        0.8888889 1.        0.8888889 0.8888889 1.
 1.        1.        1.        1.        1.        1.        0.8888889
 1.        1.       ]
Top k classes which perform poorly are:  [5, 35, 48, 19, 18, 37, 51, 26, 53, 54, 43, 42, 30, 8, 39, 3, 62, 1, 45, 46, 41, 40, 38, 44, 0, 49, 52, 55, 56, 57, 58, 59, 60, 61, 47, 50, 32, 34, 2, 4, 6, 7, 9, 10, 11, 12, 13, 14, 15, 16, 17, 20, 21, 22, 23, 24, 25, 27, 28, 29, 31, 63, 33, 36, 64]
Per cls weights according to the accuracy are:  tensor([1.1839, 1.2056, 1.1839, 1.2056, 1.1839, 1.2297, 1.1839, 1.1839, 1.2056,
        1.1839, 1.1839, 1.1839, 1.1839, 1.1839, 1.1839, 1.1839, 1.1839, 1.1839,
        1.2056, 1.2056, 1.1839, 1.1839, 1.1839, 1.1839, 1.1839, 1.1839, 1.2056,
        1.1839, 1.1839, 1.1839, 1.2056, 1.1839, 1.1839, 1.1839, 1.1839, 1.2056,
        1.1839, 1.2056, 1.1839, 1.2056, 1.1839, 1.1839, 1.2056, 1.2056, 1.1839,
        1.2056, 1.2056, 1.1839, 1.2056, 1.1839, 1.1839, 1.2056, 1.1839, 1.2056,
        1.2056, 1.1839, 1.1839, 1.1839, 1.1839, 1.1839, 1.1839, 1.1839, 1.2056,
        1.1839, 1.1839])
0
1
2
3
4
5
6
7
8
9
10
11
12
13
14
15
16
17
18
19
20
21
22
23
24
25
26
27
28
29
30
31
32
33
34
35
36
37
38
39
40
41
42
43
44
45
46
47
48
49
50
51
52
53
54
55
56
57
58
59
60
61
62
63
64
65
66
67
68
69
70
71
72
73
74
75
76
77
78
79
80
81
82
83
84
85
86
87
88
89
90
91
92
93
94
95
96
97
98
99
100
101
102
103
104
105
106
107
108
109
110
111
112
113
114
115
116
117
118
119
120
121
122
123
124
125
126
127
128
129
130
131
132
133
134
135
136
137
138
139
140
141
142
143
144
145
146
147
148
149
150
151
152
153
154
155
156
157
158
159
160
161
162
163
164
165
166
167
168
169
170
171
172
173
174
175
176
177
178
179
180
181
182
183
184
185
186
187
188
189
190
191
192
193
194
Per cls weights according to the accuracy are:  tensor([0.8161, 0.7944, 0.8161, 0.7944, 0.8161, 0.7703, 0.8161, 0.8161, 0.7944,
        0.8161, 0.8161, 0.8161, 0.8161, 0.8161, 0.8161, 0.8161, 0.8161, 0.8161,
        0.7944, 0.7944, 0.8161, 0.8161, 0.8161, 0.8161, 0.8161, 0.8161, 0.7944,
        0.8161, 0.8161, 0.8161, 0.7944, 0.8161, 0.8161, 0.8161, 0.8161, 0.7944,
        0.8161, 0.7944, 0.8161, 0.7944, 0.8161, 0.8161, 0.7944, 0.7944, 0.8161,
        0.7944, 0.7944, 0.8161, 0.7944, 0.8161, 0.8161, 0.7944, 0.8161, 0.7944,
        0.7944, 0.8161, 0.8161, 0.8161, 0.8161, 0.8161, 0.8161, 0.8161, 0.7944,
        0.8161, 0.8161])
0
1
2
3
4
5
6
7
8
9
10
11
12
13
14
15
16
17
18
19
20
21
22
23
24
25
26
27
28
29
30
31
32
33
34
35
36
37
38
39
40
41
42
43
44
45
46
47
48
49
50
51
52
53
54
55
56
57
58
59
60
61
62
63
64
65
66
67
68
69
70
71
72
73
74
75
76
77
78
79
80
81
82
83
84
85
86
87
88
89
90
91
92
93
94
95
96
97
98
99
100
101
102
103
104
105
106
107
108
109
110
111
112
113
114
115
116
117
118
119
120
121
122
123
124
125
126
127
128
129
130
131
132
133
134
135
136
137
138
139
140
141
142
143
144
145
146
147
148
149
150
151
152
153
154
155
156
157
158
159
160
161
162
163
164
165
166
167
168
169
170
171
172
173
174
175
176
177
178
179
180
181
182
183
184
185
186
187
188
189
190
191
192
193
194
Assigned Classwise weights to source
S Real T Clipart Train Ep: 6000 lr0.007029266564879363 	 Loss Classification: 0.020186 Loss T 0.007734 Method MME

32
32
32
32
32
32
32
tensor(585.)

Labeled Target set: Average loss: 0.0848, Accuracy: 569/585 F1 (97.2650%)


Test set: Average loss: 4.5368, Accuracy: 2174/4160 F1 (52.2596%)


Val set: Average loss: 4.3986, Accuracy: 100/192 F1 (52.0833%)

Patience getting saturated, current counter is:  1
best acc test 52.451923  acc val 52.083333 acc labeled target 97.264957
saving model...
S Real T Clipart Train Ep: 6100 lr0.006996496045111504 	 Loss Classification: 0.052311 Loss T 0.012173 Method MME

S Real T Clipart Train Ep: 6200 lr0.00696407980201184 	 Loss Classification: 0.044393 Loss T 0.017600 Method MME

S Real T Clipart Train Ep: 6300 lr0.006932011853915101 	 Loss Classification: 0.029551 Loss T 0.029951 Method MME

S Real T Clipart Train Ep: 6400 lr0.006900286356036734 	 Loss Classification: 0.026139 Loss T 0.018296 Method MME

S Real T Clipart Train Ep: 6500 lr0.006868897596529406 	 Loss Classification: 0.011967 Loss T 0.011798 Method MME

32
32
32
32
32
32
32
tensor(585.)

Labeled Target set: Average loss: 0.0672, Accuracy: 574/585 F1 (98.1197%)


Test set: Average loss: 4.5833, Accuracy: 2186/4160 F1 (52.5481%)


Val set: Average loss: 4.3195, Accuracy: 101/192 F1 (52.6042%)

Patience getting saturated, current counter is:  2
best acc test 52.451923  acc val 52.604167 acc labeled target 98.119658
saving model...
S Real T Clipart Train Ep: 6600 lr0.006837839992676177 	 Loss Classification: 0.021461 Loss T 0.015109 Method MME

S Real T Clipart Train Ep: 6700 lr0.006807108087214876 	 Loss Classification: 0.069778 Loss T 0.013625 Method MME

S Real T Clipart Train Ep: 6800 lr0.006776696544788352 	 Loss Classification: 0.039199 Loss T 0.019282 Method MME

S Real T Clipart Train Ep: 6900 lr0.006746600148515609 	 Loss Classification: 0.019482 Loss T 0.011056 Method MME

Per Class Accuracy Calculated According to the Labelled Target examples is:  [1.        1.        1.        1.        1.        1.        1.
 1.        1.        1.        1.        1.        1.        1.
 1.        0.8888889 0.8888889 1.        1.        0.7777778 1.
 1.        1.        1.        1.        1.        1.        0.8888889
 0.8888889 1.        0.8888889 1.        0.8888889 1.        1.
 1.        1.        0.8888889 1.        1.        1.        1.
 0.8888889 1.        1.        1.        1.        0.8888889 1.
 1.        1.        1.        1.        1.        1.        1.
 1.        1.        1.        1.        1.        1.        1.
 1.        1.       ]
Top k classes which perform poorly are:  [19, 32, 15, 42, 16, 27, 47, 30, 37, 28, 40, 39, 43, 44, 45, 46, 38, 41, 48, 49, 50, 51, 52, 53, 54, 55, 56, 57, 58, 59, 60, 61, 62, 36, 35, 0, 33, 1, 2, 3, 4, 5, 6, 7, 8, 9, 10, 11, 12, 34, 13, 17, 18, 20, 21, 22, 23, 24, 25, 26, 29, 31, 63, 14, 64]
Per cls weights according to the accuracy are:  tensor([1.1839, 1.1839, 1.1839, 1.1839, 1.1839, 1.1839, 1.1839, 1.1839, 1.1839,
        1.1839, 1.1839, 1.1839, 1.1839, 1.1839, 1.1839, 1.2056, 1.2056, 1.1839,
        1.1839, 1.2297, 1.1839, 1.1839, 1.1839, 1.1839, 1.1839, 1.1839, 1.1839,
        1.2056, 1.2056, 1.1839, 1.2056, 1.1839, 1.2056, 1.1839, 1.1839, 1.1839,
        1.1839, 1.2056, 1.1839, 1.1839, 1.1839, 1.1839, 1.2056, 1.1839, 1.1839,
        1.1839, 1.1839, 1.2056, 1.1839, 1.1839, 1.1839, 1.1839, 1.1839, 1.1839,
        1.1839, 1.1839, 1.1839, 1.1839, 1.1839, 1.1839, 1.1839, 1.1839, 1.1839,
        1.1839, 1.1839])
0
1
2
3
4
5
6
7
8
9
10
11
12
13
14
15
16
17
18
19
20
21
22
23
24
25
26
27
28
29
30
31
32
33
34
35
36
37
38
39
40
41
42
43
44
45
46
47
48
49
50
51
52
53
54
55
56
57
58
59
60
61
62
63
64
65
66
67
68
69
70
71
72
73
74
75
76
77
78
79
80
81
82
83
84
85
86
87
88
89
90
91
92
93
94
95
96
97
98
99
100
101
102
103
104
105
106
107
108
109
110
111
112
113
114
115
116
117
118
119
120
121
122
123
124
125
126
127
128
129
130
131
132
133
134
135
136
137
138
139
140
141
142
143
144
145
146
147
148
149
150
151
152
153
154
155
156
157
158
159
160
161
162
163
164
165
166
167
168
169
170
171
172
173
174
175
176
177
178
179
180
181
182
183
184
185
186
187
188
189
190
191
192
193
194
Per cls weights according to the accuracy are:  tensor([0.8161, 0.8161, 0.8161, 0.8161, 0.8161, 0.8161, 0.8161, 0.8161, 0.8161,
        0.8161, 0.8161, 0.8161, 0.8161, 0.8161, 0.8161, 0.7944, 0.7944, 0.8161,
        0.8161, 0.7703, 0.8161, 0.8161, 0.8161, 0.8161, 0.8161, 0.8161, 0.8161,
        0.7944, 0.7944, 0.8161, 0.7944, 0.8161, 0.7944, 0.8161, 0.8161, 0.8161,
        0.8161, 0.7944, 0.8161, 0.8161, 0.8161, 0.8161, 0.7944, 0.8161, 0.8161,
        0.8161, 0.8161, 0.7944, 0.8161, 0.8161, 0.8161, 0.8161, 0.8161, 0.8161,
        0.8161, 0.8161, 0.8161, 0.8161, 0.8161, 0.8161, 0.8161, 0.8161, 0.8161,
        0.8161, 0.8161])
0
1
2
3
4
5
6
7
8
9
10
11
12
13
14
15
16
17
18
19
20
21
22
23
24
25
26
27
28
29
30
31
32
33
34
35
36
37
38
39
40
41
42
43
44
45
46
47
48
49
50
51
52
53
54
55
56
57
58
59
60
61
62
63
64
65
66
67
68
69
70
71
72
73
74
75
76
77
78
79
80
81
82
83
84
85
86
87
88
89
90
91
92
93
94
95
96
97
98
99
100
101
102
103
104
105
106
107
108
109
110
111
112
113
114
115
116
117
118
119
120
121
122
123
124
125
126
127
128
129
130
131
132
133
134
135
136
137
138
139
140
141
142
143
144
145
146
147
148
149
150
151
152
153
154
155
156
157
158
159
160
161
162
163
164
165
166
167
168
169
170
171
172
173
174
175
176
177
178
179
180
181
182
183
184
185
186
187
188
189
190
191
192
193
194
Assigned Classwise weights to source
S Real T Clipart Train Ep: 7000 lr0.006716813796678979 	 Loss Classification: 0.138622 Loss T 0.007609 Method MME

32
32
32
32
32
32
32
tensor(585.)

Labeled Target set: Average loss: 0.1302, Accuracy: 571/585 F1 (97.6068%)


Test set: Average loss: 4.7503, Accuracy: 2180/4160 F1 (52.4038%)


Val set: Average loss: 4.4635, Accuracy: 102/192 F1 (53.1250%)

Patience getting saturated, current counter is:  3
best acc test 52.451923  acc val 53.125000 acc labeled target 97.606838
saving model...
S Real T Clipart Train Ep: 7100 lr0.006687332499522798 	 Loss Classification: 0.042326 Loss T 0.015577 Method MME

S Real T Clipart Train Ep: 7200 lr0.006658151376159165 	 Loss Classification: 0.053562 Loss T 0.007183 Method MME

S Real T Clipart Train Ep: 7300 lr0.00662926565157663 	 Loss Classification: 0.024938 Loss T 0.006892 Method MME

S Real T Clipart Train Ep: 7400 lr0.006600670653747793 	 Loss Classification: 0.030816 Loss T 0.007650 Method MME

S Real T Clipart Train Ep: 7500 lr0.0065723618108320175 	 Loss Classification: 0.138930 Loss T 0.012296 Method MME

32
32
32
32
32
32
32
tensor(585.)

Labeled Target set: Average loss: 0.0875, Accuracy: 569/585 F1 (97.2650%)


Test set: Average loss: 4.7713, Accuracy: 2184/4160 F1 (52.5000%)


Val set: Average loss: 4.5167, Accuracy: 104/192 F1 (54.1667%)

Patience Reset, Counter is: 4
best acc test 52.500000  acc val 54.166667 acc labeled target 97.264957
saving model...
S Real T Clipart Train Ep: 7600 lr0.006544334648469591 	 Loss Classification: 0.048084 Loss T 0.015976 Method MME

S Real T Clipart Train Ep: 7700 lr0.006516584787163857 	 Loss Classification: 0.071513 Loss T 0.021885 Method MME

S Real T Clipart Train Ep: 7800 lr0.006489107939747966 	 Loss Classification: 0.030357 Loss T 0.006295 Method MME

S Real T Clipart Train Ep: 7900 lr0.0064618999089330565 	 Loss Classification: 0.013338 Loss T 0.005700 Method MME

Per Class Accuracy Calculated According to the Labelled Target examples is:  [1.        1.        0.8888889 1.        1.        1.        1.
 0.8888889 1.        1.        1.        1.        0.8888889 1.
 0.8888889 0.8888889 1.        0.8888889 1.        1.        1.
 1.        1.        1.        1.        1.        1.        0.8888889
 1.        1.        0.7777778 1.        1.        1.        1.
 0.8888889 1.        1.        1.        1.        1.        1.
 1.        1.        1.        0.8888889 1.        0.8888889 1.
 1.        0.8888889 1.        1.        1.        1.        1.
 0.8888889 0.8888889 0.8888889 1.        1.        1.        1.
 1.        1.       ]
Top k classes which perform poorly are:  [30, 17, 27, 45, 47, 50, 15, 14, 12, 35, 57, 7, 58, 2, 56, 55, 38, 39, 40, 62, 41, 42, 43, 44, 60, 46, 48, 49, 59, 51, 37, 52, 53, 54, 61, 0, 32, 34, 1, 3, 4, 5, 6, 8, 9, 10, 11, 13, 16, 18, 19, 20, 21, 22, 23, 24, 25, 26, 28, 29, 31, 63, 33, 36, 64]
Per cls weights according to the accuracy are:  tensor([1.1839, 1.1839, 1.2056, 1.1839, 1.1839, 1.1839, 1.1839, 1.2056, 1.1839,
        1.1839, 1.1839, 1.1839, 1.2056, 1.1839, 1.2056, 1.2056, 1.1839, 1.2056,
        1.1839, 1.1839, 1.1839, 1.1839, 1.1839, 1.1839, 1.1839, 1.1839, 1.1839,
        1.2056, 1.1839, 1.1839, 1.2297, 1.1839, 1.1839, 1.1839, 1.1839, 1.2056,
        1.1839, 1.1839, 1.1839, 1.1839, 1.1839, 1.1839, 1.1839, 1.1839, 1.1839,
        1.2056, 1.1839, 1.2056, 1.1839, 1.1839, 1.2056, 1.1839, 1.1839, 1.1839,
        1.1839, 1.1839, 1.2056, 1.2056, 1.2056, 1.1839, 1.1839, 1.1839, 1.1839,
        1.1839, 1.1839])
0
1
2
3
4
5
6
7
8
9
10
11
12
13
14
15
16
17
18
19
20
21
22
23
24
25
26
27
28
29
30
31
32
33
34
35
36
37
38
39
40
41
42
43
44
45
46
47
48
49
50
51
52
53
54
55
56
57
58
59
60
61
62
63
64
65
66
67
68
69
70
71
72
73
74
75
76
77
78
79
80
81
82
83
84
85
86
87
88
89
90
91
92
93
94
95
96
97
98
99
100
101
102
103
104
105
106
107
108
109
110
111
112
113
114
115
116
117
118
119
120
121
122
123
124
125
126
127
128
129
130
131
132
133
134
135
136
137
138
139
140
141
142
143
144
145
146
147
148
149
150
151
152
153
154
155
156
157
158
159
160
161
162
163
164
165
166
167
168
169
170
171
172
173
174
175
176
177
178
179
180
181
182
183
184
185
186
187
188
189
190
191
192
193
194
Per cls weights according to the accuracy are:  tensor([0.8161, 0.8161, 0.7944, 0.8161, 0.8161, 0.8161, 0.8161, 0.7944, 0.8161,
        0.8161, 0.8161, 0.8161, 0.7944, 0.8161, 0.7944, 0.7944, 0.8161, 0.7944,
        0.8161, 0.8161, 0.8161, 0.8161, 0.8161, 0.8161, 0.8161, 0.8161, 0.8161,
        0.7944, 0.8161, 0.8161, 0.7703, 0.8161, 0.8161, 0.8161, 0.8161, 0.7944,
        0.8161, 0.8161, 0.8161, 0.8161, 0.8161, 0.8161, 0.8161, 0.8161, 0.8161,
        0.7944, 0.8161, 0.7944, 0.8161, 0.8161, 0.7944, 0.8161, 0.8161, 0.8161,
        0.8161, 0.8161, 0.7944, 0.7944, 0.7944, 0.8161, 0.8161, 0.8161, 0.8161,
        0.8161, 0.8161])
0
1
2
3
4
5
6
7
8
9
10
11
12
13
14
15
16
17
18
19
20
21
22
23
24
25
26
27
28
29
30
31
32
33
34
35
36
37
38
39
40
41
42
43
44
45
46
47
48
49
50
51
52
53
54
55
56
57
58
59
60
61
62
63
64
65
66
67
68
69
70
71
72
73
74
75
76
77
78
79
80
81
82
83
84
85
86
87
88
89
90
91
92
93
94
95
96
97
98
99
100
101
102
103
104
105
106
107
108
109
110
111
112
113
114
115
116
117
118
119
120
121
122
123
124
125
126
127
128
129
130
131
132
133
134
135
136
137
138
139
140
141
142
143
144
145
146
147
148
149
150
151
152
153
154
155
156
157
158
159
160
161
162
163
164
165
166
167
168
169
170
171
172
173
174
175
176
177
178
179
180
181
182
183
184
185
186
187
188
189
190
191
192
193
194
Assigned Classwise weights to source
S Real T Clipart Train Ep: 8000 lr0.006434956584934828 	 Loss Classification: 0.023464 Loss T 0.008903 Method MME

32
32
32
32
32
32
32
tensor(585.)

Labeled Target set: Average loss: 0.0606, Accuracy: 573/585 F1 (97.9487%)


Test set: Average loss: 4.8578, Accuracy: 2193/4160 F1 (52.7163%)


Val set: Average loss: 4.7127, Accuracy: 101/192 F1 (52.6042%)

Patience getting saturated, current counter is:  0
best acc test 52.500000  acc val 52.604167 acc labeled target 97.948718
saving model...
S Real T Clipart Train Ep: 8100 lr0.006408273943175546 	 Loss Classification: 0.016193 Loss T 0.014107 Method MME

S Real T Clipart Train Ep: 8200 lr0.006381848042058713 	 Loss Classification: 0.027695 Loss T 0.011649 Method MME

S Real T Clipart Train Ep: 8300 lr0.0063556750208137005 	 Loss Classification: 0.006022 Loss T 0.009608 Method MME

S Real T Clipart Train Ep: 8400 lr0.006329751097407787 	 Loss Classification: 0.029872 Loss T 0.007600 Method MME

S Real T Clipart Train Ep: 8500 lr0.0063040725665231365 	 Loss Classification: 0.003117 Loss T 0.006696 Method MME

32
32
32
32
32
32
32
tensor(585.)

Labeled Target set: Average loss: 0.0802, Accuracy: 573/585 F1 (97.9487%)


Test set: Average loss: 4.9609, Accuracy: 2190/4160 F1 (52.6442%)


Val set: Average loss: 4.5935, Accuracy: 105/192 F1 (54.6875%)

Patience Reset, Counter is: 1
best acc test 52.644231  acc val 54.687500 acc labeled target 97.948718
saving model...
S Real T Clipart Train Ep: 8600 lr0.006278635797596355 	 Loss Classification: 0.045710 Loss T 0.011202 Method MME

S Real T Clipart Train Ep: 8700 lr0.006253437232918371 	 Loss Classification: 0.015054 Loss T 0.005734 Method MME

S Real T Clipart Train Ep: 8800 lr0.0062284733857924735 	 Loss Classification: 0.090565 Loss T 0.005371 Method MME

S Real T Clipart Train Ep: 8900 lr0.006203740838748417 	 Loss Classification: 0.010123 Loss T 0.007237 Method MME

Per Class Accuracy Calculated According to the Labelled Target examples is:  [0.8888889 1.        1.        1.        1.        1.        1.
 1.        1.        1.        1.        1.        0.7777778 1.
 1.        1.        1.        1.        1.        0.8888889 1.
 1.        1.        0.8888889 1.        1.        1.        1.
 0.8888889 0.8888889 1.        1.        1.        1.        1.
 1.        1.        1.        0.8888889 1.        1.        1.
 0.8888889 1.        0.8888889 1.        1.        1.        1.
 1.        1.        1.        1.        1.        1.        1.
 1.        1.        0.8888889 1.        0.8888889 1.        1.
 1.        1.       ]
Top k classes which perform poorly are:  [12, 0, 38, 60, 29, 58, 28, 44, 19, 42, 23, 45, 43, 40, 39, 37, 41, 46, 48, 36, 49, 50, 51, 52, 53, 54, 55, 56, 57, 59, 61, 62, 47, 35, 32, 33, 1, 2, 3, 4, 5, 6, 7, 8, 9, 10, 11, 13, 14, 15, 16, 17, 18, 20, 21, 22, 24, 25, 26, 27, 30, 31, 63, 34, 64]
Per cls weights according to the accuracy are:  tensor([1.2056, 1.1839, 1.1839, 1.1839, 1.1839, 1.1839, 1.1839, 1.1839, 1.1839,
        1.1839, 1.1839, 1.1839, 1.2297, 1.1839, 1.1839, 1.1839, 1.1839, 1.1839,
        1.1839, 1.2056, 1.1839, 1.1839, 1.1839, 1.2056, 1.1839, 1.1839, 1.1839,
        1.1839, 1.2056, 1.2056, 1.1839, 1.1839, 1.1839, 1.1839, 1.1839, 1.1839,
        1.1839, 1.1839, 1.2056, 1.1839, 1.1839, 1.1839, 1.2056, 1.1839, 1.2056,
        1.1839, 1.1839, 1.1839, 1.1839, 1.1839, 1.1839, 1.1839, 1.1839, 1.1839,
        1.1839, 1.1839, 1.1839, 1.1839, 1.2056, 1.1839, 1.2056, 1.1839, 1.1839,
        1.1839, 1.1839])
0
1
2
3
4
5
6
7
8
9
10
11
12
13
14
15
16
17
18
19
20
21
22
23
24
25
26
27
28
29
30
31
32
33
34
35
36
37
38
39
40
41
42
43
44
45
46
47
48
49
50
51
52
53
54
55
56
57
58
59
60
61
62
63
64
65
66
67
68
69
70
71
72
73
74
75
76
77
78
79
80
81
82
83
84
85
86
87
88
89
90
91
92
93
94
95
96
97
98
99
100
101
102
103
104
105
106
107
108
109
110
111
112
113
114
115
116
117
118
119
120
121
122
123
124
125
126
127
128
129
130
131
132
133
134
135
136
137
138
139
140
141
142
143
144
145
146
147
148
149
150
151
152
153
154
155
156
157
158
159
160
161
162
163
164
165
166
167
168
169
170
171
172
173
174
175
176
177
178
179
180
181
182
183
184
185
186
187
188
189
190
191
192
193
194
Per cls weights according to the accuracy are:  tensor([0.7944, 0.8161, 0.8161, 0.8161, 0.8161, 0.8161, 0.8161, 0.8161, 0.8161,
        0.8161, 0.8161, 0.8161, 0.7703, 0.8161, 0.8161, 0.8161, 0.8161, 0.8161,
        0.8161, 0.7944, 0.8161, 0.8161, 0.8161, 0.7944, 0.8161, 0.8161, 0.8161,
        0.8161, 0.7944, 0.7944, 0.8161, 0.8161, 0.8161, 0.8161, 0.8161, 0.8161,
        0.8161, 0.8161, 0.7944, 0.8161, 0.8161, 0.8161, 0.7944, 0.8161, 0.7944,
        0.8161, 0.8161, 0.8161, 0.8161, 0.8161, 0.8161, 0.8161, 0.8161, 0.8161,
        0.8161, 0.8161, 0.8161, 0.8161, 0.7944, 0.8161, 0.7944, 0.8161, 0.8161,
        0.8161, 0.8161])
0
1
2
3
4
5
6
7
8
9
10
11
12
13
14
15
16
17
18
19
20
21
22
23
24
25
26
27
28
29
30
31
32
33
34
35
36
37
38
39
40
41
42
43
44
45
46
47
48
49
50
51
52
53
54
55
56
57
58
59
60
61
62
63
64
65
66
67
68
69
70
71
72
73
74
75
76
77
78
79
80
81
82
83
84
85
86
87
88
89
90
91
92
93
94
95
96
97
98
99
100
101
102
103
104
105
106
107
108
109
110
111
112
113
114
115
116
117
118
119
120
121
122
123
124
125
126
127
128
129
130
131
132
133
134
135
136
137
138
139
140
141
142
143
144
145
146
147
148
149
150
151
152
153
154
155
156
157
158
159
160
161
162
163
164
165
166
167
168
169
170
171
172
173
174
175
176
177
178
179
180
181
182
183
184
185
186
187
188
189
190
191
192
193
194
Assigned Classwise weights to source
S Real T Clipart Train Ep: 9000 lr0.006179236241810624 	 Loss Classification: 0.045875 Loss T 0.008227 Method MME

32
32
32
32
32
32
32
tensor(585.)

Labeled Target set: Average loss: 0.0787, Accuracy: 569/585 F1 (97.2650%)


Test set: Average loss: 5.0575, Accuracy: 2190/4160 F1 (52.6442%)


Val set: Average loss: 4.7728, Accuracy: 104/192 F1 (54.1667%)

Patience getting saturated, current counter is:  0
best acc test 52.644231  acc val 54.166667 acc labeled target 97.264957
saving model...
S Real T Clipart Train Ep: 9100 lr0.006154956310818535 	 Loss Classification: 0.007863 Loss T 0.011166 Method MME

S Real T Clipart Train Ep: 9200 lr0.0061308978257973165 	 Loss Classification: 0.057731 Loss T 0.010516 Method MME

S Real T Clipart Train Ep: 9300 lr0.0061070576293771285 	 Loss Classification: 0.052686 Loss T 0.010135 Method MME

S Real T Clipart Train Ep: 9400 lr0.006083432625259276 	 Loss Classification: 0.010744 Loss T 0.006827 Method MME

S Real T Clipart Train Ep: 9500 lr0.006060019776727621 	 Loss Classification: 0.025600 Loss T 0.009947 Method MME

32
32
32
32
32
32
32
tensor(585.)

Labeled Target set: Average loss: 0.1386, Accuracy: 565/585 F1 (96.5812%)


Test set: Average loss: 5.1220, Accuracy: 2191/4160 F1 (52.6683%)


Val set: Average loss: 4.6837, Accuracy: 104/192 F1 (54.1667%)

Patience getting saturated, current counter is:  1
best acc test 52.644231  acc val 54.166667 acc labeled target 96.581197
saving model...
S Real T Clipart Train Ep: 9600 lr0.00603681610520369 	 Loss Classification: 0.021364 Loss T 0.011738 Method MME

S Real T Clipart Train Ep: 9700 lr0.0060138186888439825 	 Loss Classification: 0.003997 Loss T 0.012404 Method MME

S Real T Clipart Train Ep: 9800 lr0.005991024661178045 	 Loss Classification: 0.007629 Loss T 0.009010 Method MME

S Real T Clipart Train Ep: 9900 lr0.0059684312097859115 	 Loss Classification: 0.021697 Loss T 0.004680 Method MME

Per Class Accuracy Calculated According to the Labelled Target examples is:  [1.        1.        1.        1.        1.        1.        1.
 1.        1.        1.        0.8888889 1.        0.8888889 1.
 1.        0.8888889 0.8888889 0.8888889 1.        0.8888889 1.
 1.        1.        1.        0.7777778 0.8888889 1.        0.8888889
 1.        0.8888889 1.        1.        1.        1.        1.
 1.        1.        0.8888889 0.8888889 0.8888889 0.8888889 1.
 1.        1.        0.8888889 1.        1.        1.        0.8888889
 1.        1.        1.        1.        1.        0.7777778 1.
 1.        0.8888889 1.        1.        1.        1.        1.
 1.        1.       ]
Top k classes which perform poorly are:  [24, 54, 37, 19, 38, 17, 16, 15, 25, 12, 48, 27, 44, 29, 57, 40, 39, 10, 45, 43, 42, 41, 46, 0, 49, 51, 52, 53, 55, 56, 58, 59, 60, 61, 62, 47, 50, 32, 35, 1, 2, 3, 4, 5, 6, 7, 8, 9, 11, 13, 36, 14, 20, 21, 22, 23, 26, 28, 30, 31, 63, 33, 34, 18, 64]
Per cls weights according to the accuracy are:  tensor([1.1839, 1.1839, 1.1839, 1.1839, 1.1839, 1.1839, 1.1839, 1.1839, 1.1839,
        1.1839, 1.2056, 1.1839, 1.2056, 1.1839, 1.1839, 1.2056, 1.2056, 1.2056,
        1.1839, 1.2056, 1.1839, 1.1839, 1.1839, 1.1839, 1.2297, 1.2056, 1.1839,
        1.2056, 1.1839, 1.2056, 1.1839, 1.1839, 1.1839, 1.1839, 1.1839, 1.1839,
        1.1839, 1.2056, 1.2056, 1.2056, 1.2056, 1.1839, 1.1839, 1.1839, 1.2056,
        1.1839, 1.1839, 1.1839, 1.2056, 1.1839, 1.1839, 1.1839, 1.1839, 1.1839,
        1.2297, 1.1839, 1.1839, 1.2056, 1.1839, 1.1839, 1.1839, 1.1839, 1.1839,
        1.1839, 1.1839])
0
1
2
3
4
5
6
7
8
9
10
11
12
13
14
15
16
17
18
19
20
21
22
23
24
25
26
27
28
29
30
31
32
33
34
35
36
37
38
39
40
41
42
43
44
45
46
47
48
49
50
51
52
53
54
55
56
57
58
59
60
61
62
63
64
65
66
67
68
69
70
71
72
73
74
75
76
77
78
79
80
81
82
83
84
85
86
87
88
89
90
91
92
93
94
95
96
97
98
99
100
101
102
103
104
105
106
107
108
109
110
111
112
113
114
115
116
117
118
119
120
121
122
123
124
125
126
127
128
129
130
131
132
133
134
135
136
137
138
139
140
141
142
143
144
145
146
147
148
149
150
151
152
153
154
155
156
157
158
159
160
161
162
163
164
165
166
167
168
169
170
171
172
173
174
175
176
177
178
179
180
181
182
183
184
185
186
187
188
189
190
191
192
193
194
Per cls weights according to the accuracy are:  tensor([0.8161, 0.8161, 0.8161, 0.8161, 0.8161, 0.8161, 0.8161, 0.8161, 0.8161,
        0.8161, 0.7944, 0.8161, 0.7944, 0.8161, 0.8161, 0.7944, 0.7944, 0.7944,
        0.8161, 0.7944, 0.8161, 0.8161, 0.8161, 0.8161, 0.7703, 0.7944, 0.8161,
        0.7944, 0.8161, 0.7944, 0.8161, 0.8161, 0.8161, 0.8161, 0.8161, 0.8161,
        0.8161, 0.7944, 0.7944, 0.7944, 0.7944, 0.8161, 0.8161, 0.8161, 0.7944,
        0.8161, 0.8161, 0.8161, 0.7944, 0.8161, 0.8161, 0.8161, 0.8161, 0.8161,
        0.7703, 0.8161, 0.8161, 0.7944, 0.8161, 0.8161, 0.8161, 0.8161, 0.8161,
        0.8161, 0.8161])
0
1
2
3
4
5
6
7
8
9
10
11
12
13
14
15
16
17
18
19
20
21
22
23
24
25
26
27
28
29
30
31
32
33
34
35
36
37
38
39
40
41
42
43
44
45
46
47
48
49
50
51
52
53
54
55
56
57
58
59
60
61
62
63
64
65
66
67
68
69
70
71
72
73
74
75
76
77
78
79
80
81
82
83
84
85
86
87
88
89
90
91
92
93
94
95
96
97
98
99
100
101
102
103
104
105
106
107
108
109
110
111
112
113
114
115
116
117
118
119
120
121
122
123
124
125
126
127
128
129
130
131
132
133
134
135
136
137
138
139
140
141
142
143
144
145
146
147
148
149
150
151
152
153
154
155
156
157
158
159
160
161
162
163
164
165
166
167
168
169
170
171
172
173
174
175
176
177
178
179
180
181
182
183
184
185
186
187
188
189
190
191
192
193
194
Assigned Classwise weights to source
S Real T Clipart Train Ep: 10000 lr0.005946035575013605 	 Loss Classification: 0.049043 Loss T 0.012884 Method MME

32
32
32
32
32
32
32
tensor(585.)

Labeled Target set: Average loss: 0.1161, Accuracy: 571/585 F1 (97.6068%)


Test set: Average loss: 5.1490, Accuracy: 2196/4160 F1 (52.7885%)


Val set: Average loss: 4.7184, Accuracy: 106/192 F1 (55.2083%)

Patience Reset, Counter is: 2
best acc test 52.788462  acc val 55.208333 acc labeled target 97.606838
saving model...
S Real T Clipart Train Ep: 10100 lr0.005923835048725393 	 Loss Classification: 0.026512 Loss T 0.006608 Method MME

S Real T Clipart Train Ep: 10200 lr0.005901826973091593 	 Loss Classification: 0.007455 Loss T 0.002788 Method MME

S Real T Clipart Train Ep: 10300 lr0.005880008739410735 	 Loss Classification: 0.141960 Loss T 0.012089 Method MME

S Real T Clipart Train Ep: 10400 lr0.005858377786964935 	 Loss Classification: 0.071317 Loss T 0.004249 Method MME

S Real T Clipart Train Ep: 10500 lr0.005836931601907399 	 Loss Classification: 0.023449 Loss T 0.006650 Method MME

32
32
32
32
32
32
32
tensor(585.)

Labeled Target set: Average loss: 0.1042, Accuracy: 570/585 F1 (97.4359%)


Test set: Average loss: 5.2358, Accuracy: 2196/4160 F1 (52.7885%)


Val set: Average loss: 4.8758, Accuracy: 103/192 F1 (53.6458%)

Patience getting saturated, current counter is:  0
best acc test 52.788462  acc val 53.645833 acc labeled target 97.435897
saving model...
S Real T Clipart Train Ep: 10600 lr0.005815667716181004 	 Loss Classification: 0.085031 Loss T 0.009655 Method MME

S Real T Clipart Train Ep: 10700 lr0.005794583706466925 	 Loss Classification: 0.020687 Loss T 0.008642 Method MME

S Real T Clipart Train Ep: 10800 lr0.005773677193162352 	 Loss Classification: 0.047436 Loss T 0.005624 Method MME

S Real T Clipart Train Ep: 10900 lr0.005752945839386346 	 Loss Classification: 0.007093 Loss T 0.005293 Method MME

Per Class Accuracy Calculated According to the Labelled Target examples is:  [0.8888889 1.        0.8888889 1.        1.        0.7777778 1.
 1.        1.        0.8888889 0.8888889 0.8888889 1.        1.
 1.        1.        1.        1.        1.        1.        1.
 1.        1.        1.        1.        1.        1.        1.
 0.8888889 1.        0.8888889 1.        1.        1.        0.8888889
 1.        1.        1.        1.        1.        1.        1.
 1.        1.        1.        1.        1.        0.8888889 0.8888889
 1.        0.8888889 1.        1.        1.        1.        1.
 1.        0.8888889 0.8888889 1.        1.        1.        1.
 1.        1.       ]
Top k classes which perform poorly are:  [5, 0, 48, 50, 34, 28, 47, 10, 9, 11, 58, 30, 2, 57, 40, 39, 41, 42, 43, 38, 44, 37, 45, 51, 49, 52, 53, 54, 55, 56, 59, 60, 61, 62, 46, 36, 32, 33, 1, 3, 4, 6, 7, 8, 12, 13, 14, 15, 16, 17, 18, 19, 20, 21, 22, 23, 24, 25, 26, 27, 29, 31, 63, 35, 64]
Per cls weights according to the accuracy are:  tensor([1.2056, 1.1839, 1.2056, 1.1839, 1.1839, 1.2297, 1.1839, 1.1839, 1.1839,
        1.2056, 1.2056, 1.2056, 1.1839, 1.1839, 1.1839, 1.1839, 1.1839, 1.1839,
        1.1839, 1.1839, 1.1839, 1.1839, 1.1839, 1.1839, 1.1839, 1.1839, 1.1839,
        1.1839, 1.2056, 1.1839, 1.2056, 1.1839, 1.1839, 1.1839, 1.2056, 1.1839,
        1.1839, 1.1839, 1.1839, 1.1839, 1.1839, 1.1839, 1.1839, 1.1839, 1.1839,
        1.1839, 1.1839, 1.2056, 1.2056, 1.1839, 1.2056, 1.1839, 1.1839, 1.1839,
        1.1839, 1.1839, 1.1839, 1.2056, 1.2056, 1.1839, 1.1839, 1.1839, 1.1839,
        1.1839, 1.1839])
0
1
2
3
4
5
6
7
8
9
10
11
12
13
14
15
16
17
18
19
20
21
22
23
24
25
26
27
28
29
30
31
32
33
34
35
36
37
38
39
40
41
42
43
44
45
46
47
48
49
50
51
52
53
54
55
56
57
58
59
60
61
62
63
64
65
66
67
68
69
70
71
72
73
74
75
76
77
78
79
80
81
82
83
84
85
86
87
88
89
90
91
92
93
94
95
96
97
98
99
100
101
102
103
104
105
106
107
108
109
110
111
112
113
114
115
116
117
118
119
120
121
122
123
124
125
126
127
128
129
130
131
132
133
134
135
136
137
138
139
140
141
142
143
144
145
146
147
148
149
150
151
152
153
154
155
156
157
158
159
160
161
162
163
164
165
166
167
168
169
170
171
172
173
174
175
176
177
178
179
180
181
182
183
184
185
186
187
188
189
190
191
192
193
194
Per cls weights according to the accuracy are:  tensor([0.7944, 0.8161, 0.7944, 0.8161, 0.8161, 0.7703, 0.8161, 0.8161, 0.8161,
        0.7944, 0.7944, 0.7944, 0.8161, 0.8161, 0.8161, 0.8161, 0.8161, 0.8161,
        0.8161, 0.8161, 0.8161, 0.8161, 0.8161, 0.8161, 0.8161, 0.8161, 0.8161,
        0.8161, 0.7944, 0.8161, 0.7944, 0.8161, 0.8161, 0.8161, 0.7944, 0.8161,
        0.8161, 0.8161, 0.8161, 0.8161, 0.8161, 0.8161, 0.8161, 0.8161, 0.8161,
        0.8161, 0.8161, 0.7944, 0.7944, 0.8161, 0.7944, 0.8161, 0.8161, 0.8161,
        0.8161, 0.8161, 0.8161, 0.7944, 0.7944, 0.8161, 0.8161, 0.8161, 0.8161,
        0.8161, 0.8161])
0
1
2
3
4
5
6
7
8
9
10
11
12
13
14
15
16
17
18
19
20
21
22
23
24
25
26
27
28
29
30
31
32
33
34
35
36
37
38
39
40
41
42
43
44
45
46
47
48
49
50
51
52
53
54
55
56
57
58
59
60
61
62
63
64
65
66
67
68
69
70
71
72
73
74
75
76
77
78
79
80
81
82
83
84
85
86
87
88
89
90
91
92
93
94
95
96
97
98
99
100
101
102
103
104
105
106
107
108
109
110
111
112
113
114
115
116
117
118
119
120
121
122
123
124
125
126
127
128
129
130
131
132
133
134
135
136
137
138
139
140
141
142
143
144
145
146
147
148
149
150
151
152
153
154
155
156
157
158
159
160
161
162
163
164
165
166
167
168
169
170
171
172
173
174
175
176
177
178
179
180
181
182
183
184
185
186
187
188
189
190
191
192
193
194
Assigned Classwise weights to source
S Real T Clipart Train Ep: 11000 lr0.005732387350012933 	 Loss Classification: 0.018129 Loss T 0.001902 Method MME

32
32
32
32
32
32
32
tensor(585.)

Labeled Target set: Average loss: 0.1036, Accuracy: 571/585 F1 (97.6068%)


Test set: Average loss: 5.2094, Accuracy: 2192/4160 F1 (52.6923%)


Val set: Average loss: 4.9755, Accuracy: 104/192 F1 (54.1667%)

Patience getting saturated, current counter is:  1
best acc test 52.788462  acc val 54.166667 acc labeled target 97.606838
saving model...
S Real T Clipart Train Ep: 11100 lr0.005711999470730565 	 Loss Classification: 0.007931 Loss T 0.005596 Method MME

S Real T Clipart Train Ep: 11200 lr0.005691779987127103 	 Loss Classification: 0.006247 Loss T 0.005343 Method MME

S Real T Clipart Train Ep: 11300 lr0.005671726723799515 	 Loss Classification: 0.041956 Loss T 0.004222 Method MME

S Real T Clipart Train Ep: 11400 lr0.005651837543487509 	 Loss Classification: 0.015068 Loss T 0.005243 Method MME

S Real T Clipart Train Ep: 11500 lr0.005632110346230358 	 Loss Classification: 0.012573 Loss T 0.005364 Method MME

32
32
32
32
32
32
32
tensor(585.)

Labeled Target set: Average loss: 0.1462, Accuracy: 574/585 F1 (98.1197%)


Test set: Average loss: 5.3296, Accuracy: 2193/4160 F1 (52.7163%)


Val set: Average loss: 4.9603, Accuracy: 104/192 F1 (54.1667%)

Patience getting saturated, current counter is:  2
best acc test 52.788462  acc val 54.166667 acc labeled target 98.119658
saving model...
S Real T Clipart Train Ep: 11600 lr0.005612543068546177 	 Loss Classification: 0.007037 Loss T 0.005890 Method MME

S Real T Clipart Train Ep: 11700 lr0.005593133682632953 	 Loss Classification: 0.025450 Loss T 0.010758 Method MME

S Real T Clipart Train Ep: 11800 lr0.005573880195590681 	 Loss Classification: 0.017695 Loss T 0.008691 Method MME

S Real T Clipart Train Ep: 11900 lr0.0055547806486639095 	 Loss Classification: 0.060593 Loss T 0.004277 Method MME

Per Class Accuracy Calculated According to the Labelled Target examples is:  [1.        1.        1.        1.        1.        1.        1.
 1.        1.        1.        1.        1.        1.        1.
 1.        1.        1.        1.        1.        1.        1.
 1.        1.        1.        0.8888889 0.8888889 1.        0.8888889
 1.        1.        0.7777778 1.        1.        1.        1.
 1.        1.        1.        1.        1.        1.        0.8888889
 1.        1.        0.8888889 1.        1.        1.        1.
 1.        1.        1.        1.        0.8888889 1.        1.
 1.        0.8888889 1.        0.8888889 1.        1.        0.8888889
 1.        1.       ]
Top k classes which perform poorly are:  [30, 27, 41, 24, 25, 53, 44, 59, 62, 57, 38, 43, 39, 37, 36, 40, 42, 0, 47, 46, 35, 48, 49, 50, 51, 52, 54, 55, 56, 58, 60, 61, 45, 34, 32, 63, 1, 2, 3, 4, 5, 6, 7, 8, 9, 10, 11, 12, 13, 14, 15, 16, 17, 18, 19, 20, 21, 22, 23, 26, 28, 29, 31, 33, 64]
Per cls weights according to the accuracy are:  tensor([1.1839, 1.1839, 1.1839, 1.1839, 1.1839, 1.1839, 1.1839, 1.1839, 1.1839,
        1.1839, 1.1839, 1.1839, 1.1839, 1.1839, 1.1839, 1.1839, 1.1839, 1.1839,
        1.1839, 1.1839, 1.1839, 1.1839, 1.1839, 1.1839, 1.2056, 1.2056, 1.1839,
        1.2056, 1.1839, 1.1839, 1.2297, 1.1839, 1.1839, 1.1839, 1.1839, 1.1839,
        1.1839, 1.1839, 1.1839, 1.1839, 1.1839, 1.2056, 1.1839, 1.1839, 1.2056,
        1.1839, 1.1839, 1.1839, 1.1839, 1.1839, 1.1839, 1.1839, 1.1839, 1.2056,
        1.1839, 1.1839, 1.1839, 1.2056, 1.1839, 1.2056, 1.1839, 1.1839, 1.2056,
        1.1839, 1.1839])
0
1
2
3
4
5
6
7
8
9
10
11
12
13
14
15
16
17
18
19
20
21
22
23
24
25
26
27
28
29
30
31
32
33
34
35
36
37
38
39
40
41
42
43
44
45
46
47
48
49
50
51
52
53
54
55
56
57
58
59
60
61
62
63
64
65
66
67
68
69
70
71
72
73
74
75
76
77
78
79
80
81
82
83
84
85
86
87
88
89
90
91
92
93
94
95
96
97
98
99
100
101
102
103
104
105
106
107
108
109
110
111
112
113
114
115
116
117
118
119
120
121
122
123
124
125
126
127
128
129
130
131
132
133
134
135
136
137
138
139
140
141
142
143
144
145
146
147
148
149
150
151
152
153
154
155
156
157
158
159
160
161
162
163
164
165
166
167
168
169
170
171
172
173
174
175
176
177
178
179
180
181
182
183
184
185
186
187
188
189
190
191
192
193
194
Per cls weights according to the accuracy are:  tensor([0.8161, 0.8161, 0.8161, 0.8161, 0.8161, 0.8161, 0.8161, 0.8161, 0.8161,
        0.8161, 0.8161, 0.8161, 0.8161, 0.8161, 0.8161, 0.8161, 0.8161, 0.8161,
        0.8161, 0.8161, 0.8161, 0.8161, 0.8161, 0.8161, 0.7944, 0.7944, 0.8161,
        0.7944, 0.8161, 0.8161, 0.7703, 0.8161, 0.8161, 0.8161, 0.8161, 0.8161,
        0.8161, 0.8161, 0.8161, 0.8161, 0.8161, 0.7944, 0.8161, 0.8161, 0.7944,
        0.8161, 0.8161, 0.8161, 0.8161, 0.8161, 0.8161, 0.8161, 0.8161, 0.7944,
        0.8161, 0.8161, 0.8161, 0.7944, 0.8161, 0.7944, 0.8161, 0.8161, 0.7944,
        0.8161, 0.8161])
0
1
2
3
4
5
6
7
8
9
10
11
12
13
14
15
16
17
18
19
20
21
22
23
24
25
26
27
28
29
30
31
32
33
34
35
36
37
38
39
40
41
42
43
44
45
46
47
48
49
50
51
52
53
54
55
56
57
58
59
60
61
62
63
64
65
66
67
68
69
70
71
72
73
74
75
76
77
78
79
80
81
82
83
84
85
86
87
88
89
90
91
92
93
94
95
96
97
98
99
100
101
102
103
104
105
106
107
108
109
110
111
112
113
114
115
116
117
118
119
120
121
122
123
124
125
126
127
128
129
130
131
132
133
134
135
136
137
138
139
140
141
142
143
144
145
146
147
148
149
150
151
152
153
154
155
156
157
158
159
160
161
162
163
164
165
166
167
168
169
170
171
172
173
174
175
176
177
178
179
180
181
182
183
184
185
186
187
188
189
190
191
192
193
194
Assigned Classwise weights to source
S Real T Clipart Train Ep: 12000 lr0.005535833116504121 	 Loss Classification: 0.063281 Loss T 0.006500 Method MME

32
32
32
32
32
32
32
tensor(585.)

Labeled Target set: Average loss: 0.1045, Accuracy: 568/585 F1 (97.0940%)


Test set: Average loss: 5.3778, Accuracy: 2188/4160 F1 (52.5962%)


Val set: Average loss: 5.0347, Accuracy: 106/192 F1 (55.2083%)

Patience Reset, Counter is: 3
best acc test 52.596154  acc val 55.208333 acc labeled target 97.094017
saving model...
S Real T Clipart Train Ep: 12100 lr0.00551703570645129 	 Loss Classification: 0.006230 Loss T 0.003896 Method MME

S Real T Clipart Train Ep: 12200 lr0.005498386557834078 	 Loss Classification: 0.016232 Loss T 0.003708 Method MME

S Real T Clipart Train Ep: 12300 lr0.00547988384128807 	 Loss Classification: 0.006184 Loss T 0.005560 Method MME

S Real T Clipart Train Ep: 12400 lr0.005461525758091539 	 Loss Classification: 0.015567 Loss T 0.006318 Method MME

S Real T Clipart Train Ep: 12500 lr0.005443310539518174 	 Loss Classification: 0.004872 Loss T 0.003596 Method MME

32
32
32
32
32
32
32
tensor(585.)

Labeled Target set: Average loss: 0.1221, Accuracy: 565/585 F1 (96.5812%)


Test set: Average loss: 5.4736, Accuracy: 2187/4160 F1 (52.5721%)


Val set: Average loss: 5.1257, Accuracy: 102/192 F1 (53.1250%)

Patience getting saturated, current counter is:  0
best acc test 52.596154  acc val 53.125000 acc labeled target 96.581197
saving model...
S Real T Clipart Train Ep: 12600 lr0.005425236446206295 	 Loss Classification: 0.009068 Loss T 0.004130 Method MME

S Real T Clipart Train Ep: 12700 lr0.005407301767544059 	 Loss Classification: 0.023025 Loss T 0.004683 Method MME

S Real T Clipart Train Ep: 12800 lr0.005389504821070177 	 Loss Classification: 0.042544 Loss T 0.002767 Method MME

S Real T Clipart Train Ep: 12900 lr0.005371843951889677 	 Loss Classification: 0.020275 Loss T 0.003955 Method MME

Per Class Accuracy Calculated According to the Labelled Target examples is:  [1.        1.        0.8888889 0.8888889 1.        1.        1.
 0.8888889 1.        1.        1.        1.        0.8888889 1.
 1.        0.8888889 1.        0.8888889 1.        1.        1.
 1.        1.        1.        1.        1.        1.        1.
 1.        0.8888889 1.        1.        1.        1.        1.
 1.        1.        0.8888889 1.        1.        1.        1.
 1.        1.        0.8888889 0.8888889 1.        1.        1.
 1.        1.        0.8888889 0.8888889 0.8888889 0.8888889 0.8888889
 1.        0.7777778 1.        0.8888889 0.8888889 1.        0.8888889
 1.        1.       ]
Top k classes which perform poorly are:  [57, 17, 29, 51, 37, 52, 15, 53, 54, 44, 55, 12, 7, 59, 60, 3, 2, 62, 45, 39, 38, 41, 42, 43, 40, 0, 47, 48, 49, 50, 56, 58, 61, 46, 36, 32, 34, 1, 4, 5, 6, 8, 9, 10, 11, 13, 14, 16, 18, 35, 19, 21, 22, 23, 24, 25, 26, 27, 28, 30, 31, 63, 33, 20, 64]
Per cls weights according to the accuracy are:  tensor([1.1839, 1.1839, 1.2056, 1.2056, 1.1839, 1.1839, 1.1839, 1.2056, 1.1839,
        1.1839, 1.1839, 1.1839, 1.2056, 1.1839, 1.1839, 1.2056, 1.1839, 1.2056,
        1.1839, 1.1839, 1.1839, 1.1839, 1.1839, 1.1839, 1.1839, 1.1839, 1.1839,
        1.1839, 1.1839, 1.2056, 1.1839, 1.1839, 1.1839, 1.1839, 1.1839, 1.1839,
        1.1839, 1.2056, 1.1839, 1.1839, 1.1839, 1.1839, 1.1839, 1.1839, 1.2056,
        1.2056, 1.1839, 1.1839, 1.1839, 1.1839, 1.1839, 1.2056, 1.2056, 1.2056,
        1.2056, 1.2056, 1.1839, 1.2297, 1.1839, 1.2056, 1.2056, 1.1839, 1.2056,
        1.1839, 1.1839])
0
1
2
3
4
5
6
7
8
9
10
11
12
13
14
15
16
17
18
19
20
21
22
23
24
25
26
27
28
29
30
31
32
33
34
35
36
37
38
39
40
41
42
43
44
45
46
47
48
49
50
51
52
53
54
55
56
57
58
59
60
61
62
63
64
65
66
67
68
69
70
71
72
73
74
75
76
77
78
79
80
81
82
83
84
85
86
87
88
89
90
91
92
93
94
95
96
97
98
99
100
101
102
103
104
105
106
107
108
109
110
111
112
113
114
115
116
117
118
119
120
121
122
123
124
125
126
127
128
129
130
131
132
133
134
135
136
137
138
139
140
141
142
143
144
145
146
147
148
149
150
151
152
153
154
155
156
157
158
159
160
161
162
163
164
165
166
167
168
169
170
171
172
173
174
175
176
177
178
179
180
181
182
183
184
185
186
187
188
189
190
191
192
193
194
Per cls weights according to the accuracy are:  tensor([0.8161, 0.8161, 0.7944, 0.7944, 0.8161, 0.8161, 0.8161, 0.7944, 0.8161,
        0.8161, 0.8161, 0.8161, 0.7944, 0.8161, 0.8161, 0.7944, 0.8161, 0.7944,
        0.8161, 0.8161, 0.8161, 0.8161, 0.8161, 0.8161, 0.8161, 0.8161, 0.8161,
        0.8161, 0.8161, 0.7944, 0.8161, 0.8161, 0.8161, 0.8161, 0.8161, 0.8161,
        0.8161, 0.7944, 0.8161, 0.8161, 0.8161, 0.8161, 0.8161, 0.8161, 0.7944,
        0.7944, 0.8161, 0.8161, 0.8161, 0.8161, 0.8161, 0.7944, 0.7944, 0.7944,
        0.7944, 0.7944, 0.8161, 0.7703, 0.8161, 0.7944, 0.7944, 0.8161, 0.7944,
        0.8161, 0.8161])
0
1
2
3
4
5
6
7
8
9
10
11
12
13
14
15
16
17
18
19
20
21
22
23
24
25
26
27
28
29
30
31
32
33
34
35
36
37
38
39
40
41
42
43
44
45
46
47
48
49
50
51
52
53
54
55
56
57
58
59
60
61
62
63
64
65
66
67
68
69
70
71
72
73
74
75
76
77
78
79
80
81
82
83
84
85
86
87
88
89
90
91
92
93
94
95
96
97
98
99
100
101
102
103
104
105
106
107
108
109
110
111
112
113
114
115
116
117
118
119
120
121
122
123
124
125
126
127
128
129
130
131
132
133
134
135
136
137
138
139
140
141
142
143
144
145
146
147
148
149
150
151
152
153
154
155
156
157
158
159
160
161
162
163
164
165
166
167
168
169
170
171
172
173
174
175
176
177
178
179
180
181
182
183
184
185
186
187
188
189
190
191
192
193
194
Assigned Classwise weights to source
S Real T Clipart Train Ep: 13000 lr0.0053543175321042955 	 Loss Classification: 0.015195 Loss T 0.001469 Method MME

32
32
32
32
32
32
32
tensor(585.)

Labeled Target set: Average loss: 0.0523, Accuracy: 578/585 F1 (98.8034%)


Test set: Average loss: 5.4595, Accuracy: 2188/4160 F1 (52.5962%)


Val set: Average loss: 4.8926, Accuracy: 105/192 F1 (54.6875%)

Patience getting saturated, current counter is:  1
best acc test 52.596154  acc val 54.687500 acc labeled target 98.803419
saving model...
S Real T Clipart Train Ep: 13100 lr0.005336923960257046 	 Loss Classification: 0.066821 Loss T 0.005155 Method MME

S Real T Clipart Train Ep: 13200 lr0.0053196616607905645 	 Loss Classification: 0.017992 Loss T 0.003403 Method MME

S Real T Clipart Train Ep: 13300 lr0.0053025290835188275 	 Loss Classification: 0.005998 Loss T 0.004377 Method MME

S Real T Clipart Train Ep: 13400 lr0.005285524703111859 	 Loss Classification: 0.035079 Loss T 0.005131 Method MME

S Real T Clipart Train Ep: 13500 lr0.005268647018593052 	 Loss Classification: 0.009921 Loss T 0.002209 Method MME

32
32
32
32
32
32
32
tensor(585.)

Labeled Target set: Average loss: 0.0641, Accuracy: 573/585 F1 (97.9487%)


Test set: Average loss: 5.5391, Accuracy: 2187/4160 F1 (52.5721%)


Val set: Average loss: 5.2108, Accuracy: 102/192 F1 (53.1250%)

Patience getting saturated, current counter is:  2
best acc test 52.596154  acc val 53.125000 acc labeled target 97.948718
saving model...
S Real T Clipart Train Ep: 13600 lr0.005251894552848747 	 Loss Classification: 0.006061 Loss T 0.004094 Method MME

S Real T Clipart Train Ep: 13700 lr0.005235265852149712 	 Loss Classification: 0.015578 Loss T 0.007740 Method MME

S Real T Clipart Train Ep: 13800 lr0.005218759485684187 	 Loss Classification: 0.010490 Loss T 0.003501 Method MME

S Real T Clipart Train Ep: 13900 lr0.005202374045102174 	 Loss Classification: 0.019445 Loss T 0.004845 Method MME

Per Class Accuracy Calculated According to the Labelled Target examples is:  [1.        1.        1.        0.8888889 1.        1.        1.
 1.        0.8888889 1.        1.        1.        1.        1.
 1.        1.        1.        1.        1.        1.        0.8888889
 1.        1.        0.8888889 1.        1.        1.        1.
 1.        0.8888889 1.        1.        1.        0.8888889 1.
 1.        0.8888889 1.        0.8888889 0.8888889 1.        1.
 1.        1.        1.        1.        1.        0.8888889 1.
 1.        1.        1.        1.        0.8888889 1.        1.
 1.        1.        1.        1.        0.8888889 1.        1.
 1.        1.       ]
Top k classes which perform poorly are:  [20, 36, 33, 3, 60, 38, 29, 39, 8, 47, 53, 23, 45, 44, 0, 42, 41, 37, 43, 40, 48, 49, 50, 51, 52, 54, 55, 56, 57, 58, 59, 61, 62, 46, 35, 32, 63, 1, 2, 4, 5, 6, 7, 9, 10, 11, 12, 13, 14, 34, 15, 17, 18, 19, 21, 22, 24, 25, 26, 27, 28, 30, 31, 16, 64]
Per cls weights according to the accuracy are:  tensor([1.1839, 1.1839, 1.1839, 1.2056, 1.1839, 1.1839, 1.1839, 1.1839, 1.2056,
        1.1839, 1.1839, 1.1839, 1.1839, 1.1839, 1.1839, 1.1839, 1.1839, 1.1839,
        1.1839, 1.1839, 1.2056, 1.1839, 1.1839, 1.2056, 1.1839, 1.1839, 1.1839,
        1.1839, 1.1839, 1.2056, 1.1839, 1.1839, 1.1839, 1.2056, 1.1839, 1.1839,
        1.2056, 1.1839, 1.2056, 1.2056, 1.1839, 1.1839, 1.1839, 1.1839, 1.1839,
        1.1839, 1.1839, 1.2056, 1.1839, 1.1839, 1.1839, 1.1839, 1.1839, 1.2056,
        1.1839, 1.1839, 1.1839, 1.1839, 1.1839, 1.1839, 1.2056, 1.1839, 1.1839,
        1.1839, 1.1839])
0
1
2
3
4
5
6
7
8
9
10
11
12
13
14
15
16
17
18
19
20
21
22
23
24
25
26
27
28
29
30
31
32
33
34
35
36
37
38
39
40
41
42
43
44
45
46
47
48
49
50
51
52
53
54
55
56
57
58
59
60
61
62
63
64
65
66
67
68
69
70
71
72
73
74
75
76
77
78
79
80
81
82
83
84
85
86
87
88
89
90
91
92
93
94
95
96
97
98
99
100
101
102
103
104
105
106
107
108
109
110
111
112
113
114
115
116
117
118
119
120
121
122
123
124
125
126
127
128
129
130
131
132
133
134
135
136
137
138
139
140
141
142
143
144
145
146
147
148
149
150
151
152
153
154
155
156
157
158
159
160
161
162
163
164
165
166
167
168
169
170
171
172
173
174
175
176
177
178
179
180
181
182
183
184
185
186
187
188
189
190
191
192
193
194
Per cls weights according to the accuracy are:  tensor([0.8161, 0.8161, 0.8161, 0.7944, 0.8161, 0.8161, 0.8161, 0.8161, 0.7944,
        0.8161, 0.8161, 0.8161, 0.8161, 0.8161, 0.8161, 0.8161, 0.8161, 0.8161,
        0.8161, 0.8161, 0.7944, 0.8161, 0.8161, 0.7944, 0.8161, 0.8161, 0.8161,
        0.8161, 0.8161, 0.7944, 0.8161, 0.8161, 0.8161, 0.7944, 0.8161, 0.8161,
        0.7944, 0.8161, 0.7944, 0.7944, 0.8161, 0.8161, 0.8161, 0.8161, 0.8161,
        0.8161, 0.8161, 0.7944, 0.8161, 0.8161, 0.8161, 0.8161, 0.8161, 0.7944,
        0.8161, 0.8161, 0.8161, 0.8161, 0.8161, 0.8161, 0.7944, 0.8161, 0.8161,
        0.8161, 0.8161])
0
1
2
3
4
5
6
7
8
9
10
11
12
13
14
15
16
17
18
19
20
21
22
23
24
25
26
27
28
29
30
31
32
33
34
35
36
37
38
39
40
41
42
43
44
45
46
47
48
49
50
51
52
53
54
55
56
57
58
59
60
61
62
63
64
65
66
67
68
69
70
71
72
73
74
75
76
77
78
79
80
81
82
83
84
85
86
87
88
89
90
91
92
93
94
95
96
97
98
99
100
101
102
103
104
105
106
107
108
109
110
111
112
113
114
115
116
117
118
119
120
121
122
123
124
125
126
127
128
129
130
131
132
133
134
135
136
137
138
139
140
141
142
143
144
145
146
147
148
149
150
151
152
153
154
155
156
157
158
159
160
161
162
163
164
165
166
167
168
169
170
171
172
173
174
175
176
177
178
179
180
181
182
183
184
185
186
187
188
189
190
191
192
193
194
Assigned Classwise weights to source
S Real T Clipart Train Ep: 14000 lr0.005186108144070652 	 Loss Classification: 0.108729 Loss T 0.007141 Method MME

32
32
32
32
32
32
32
tensor(585.)

Labeled Target set: Average loss: 0.0944, Accuracy: 573/585 F1 (97.9487%)


Test set: Average loss: 5.5189, Accuracy: 2187/4160 F1 (52.5721%)


Val set: Average loss: 5.2366, Accuracy: 104/192 F1 (54.1667%)

Patience getting saturated, current counter is:  3
best acc test 52.596154  acc val 54.166667 acc labeled target 97.948718
saving model...
S Real T Clipart Train Ep: 14100 lr0.005169960417839403 	 Loss Classification: 0.006391 Loss T 0.006093 Method MME

S Real T Clipart Train Ep: 14200 lr0.005153929522817161 	 Loss Classification: 0.004091 Loss T 0.002235 Method MME

S Real T Clipart Train Ep: 14300 lr0.005138014136157799 	 Loss Classification: 0.047409 Loss T 0.005427 Method MME

S Real T Clipart Train Ep: 14400 lr0.005122212955356274 	 Loss Classification: 0.006474 Loss T 0.006973 Method MME

S Real T Clipart Train Ep: 14500 lr0.005106524697854057 	 Loss Classification: 0.026879 Loss T 0.002701 Method MME

32
32
32
32
32
32
32
tensor(585.)

Labeled Target set: Average loss: 0.0869, Accuracy: 572/585 F1 (97.7778%)


Test set: Average loss: 5.6059, Accuracy: 2190/4160 F1 (52.6442%)


Val set: Average loss: 5.3889, Accuracy: 102/192 F1 (53.1250%)

Patience getting saturated, current counter is:  4
best acc test 52.596154  acc val 53.125000 acc labeled target 97.777778
saving model...
S Real T Clipart Train Ep: 14600 lr0.005090948100653781 	 Loss Classification: 0.002382 Loss T 0.003195 Method MME

S Real T Clipart Train Ep: 14700 lr0.0050754819199428855 	 Loss Classification: 0.064961 Loss T 0.004242 Method MME

S Real T Clipart Train Ep: 14800 lr0.005060124930725974 	 Loss Classification: 0.049027 Loss T 0.003695 Method MME

S Real T Clipart Train Ep: 14900 lr0.00504487592646567 	 Loss Classification: 0.008835 Loss T 0.002624 Method MME

Per Class Accuracy Calculated According to the Labelled Target examples is:  [1.        1.        1.        0.8888889 1.        0.8888889 1.
 1.        1.        1.        1.        1.        1.        1.
 1.        1.        1.        1.        1.        1.        1.
 1.        1.        1.        1.        0.8888889 1.        1.
 1.        1.        1.        1.        1.        0.8888889 1.
 1.        1.        1.        1.        0.8888889 1.        1.
 1.        1.        0.8888889 1.        0.8888889 1.        0.8888889
 1.        1.        1.        1.        1.        1.        0.8888889
 1.        1.        0.8888889 1.        1.        1.        0.7777778
 0.8888889 1.       ]
Top k classes which perform poorly are:  [62, 33, 48, 63, 25, 55, 44, 39, 5, 3, 58, 46, 38, 37, 40, 36, 41, 42, 43, 35, 0, 47, 50, 51, 52, 53, 54, 56, 57, 59, 60, 61, 45, 49, 32, 31, 1, 2, 4, 6, 7, 8, 9, 10, 11, 12, 13, 14, 15, 16, 17, 18, 19, 20, 21, 22, 23, 24, 26, 27, 28, 29, 30, 34, 64]
Per cls weights according to the accuracy are:  tensor([1.1839, 1.1839, 1.1839, 1.2056, 1.1839, 1.2056, 1.1839, 1.1839, 1.1839,
        1.1839, 1.1839, 1.1839, 1.1839, 1.1839, 1.1839, 1.1839, 1.1839, 1.1839,
        1.1839, 1.1839, 1.1839, 1.1839, 1.1839, 1.1839, 1.1839, 1.2056, 1.1839,
        1.1839, 1.1839, 1.1839, 1.1839, 1.1839, 1.1839, 1.2056, 1.1839, 1.1839,
        1.1839, 1.1839, 1.1839, 1.2056, 1.1839, 1.1839, 1.1839, 1.1839, 1.2056,
        1.1839, 1.2056, 1.1839, 1.2056, 1.1839, 1.1839, 1.1839, 1.1839, 1.1839,
        1.1839, 1.2056, 1.1839, 1.1839, 1.2056, 1.1839, 1.1839, 1.1839, 1.2297,
        1.2056, 1.1839])
0
1
2
3
4
5
6
7
8
9
10
11
12
13
14
15
16
17
18
19
20
21
22
23
24
25
26
27
28
29
30
31
32
33
34
35
36
37
38
39
40
41
42
43
44
45
46
47
48
49
50
51
52
53
54
55
56
57
58
59
60
61
62
63
64
65
66
67
68
69
70
71
72
73
74
75
76
77
78
79
80
81
82
83
84
85
86
87
88
89
90
91
92
93
94
95
96
97
98
99
100
101
102
103
104
105
106
107
108
109
110
111
112
113
114
115
116
117
118
119
120
121
122
123
124
125
126
127
128
129
130
131
132
133
134
135
136
137
138
139
140
141
142
143
144
145
146
147
148
149
150
151
152
153
154
155
156
157
158
159
160
161
162
163
164
165
166
167
168
169
170
171
172
173
174
175
176
177
178
179
180
181
182
183
184
185
186
187
188
189
190
191
192
193
194
Per cls weights according to the accuracy are:  tensor([0.8161, 0.8161, 0.8161, 0.7944, 0.8161, 0.7944, 0.8161, 0.8161, 0.8161,
        0.8161, 0.8161, 0.8161, 0.8161, 0.8161, 0.8161, 0.8161, 0.8161, 0.8161,
        0.8161, 0.8161, 0.8161, 0.8161, 0.8161, 0.8161, 0.8161, 0.7944, 0.8161,
        0.8161, 0.8161, 0.8161, 0.8161, 0.8161, 0.8161, 0.7944, 0.8161, 0.8161,
        0.8161, 0.8161, 0.8161, 0.7944, 0.8161, 0.8161, 0.8161, 0.8161, 0.7944,
        0.8161, 0.7944, 0.8161, 0.7944, 0.8161, 0.8161, 0.8161, 0.8161, 0.8161,
        0.8161, 0.7944, 0.8161, 0.8161, 0.7944, 0.8161, 0.8161, 0.8161, 0.7703,
        0.7944, 0.8161])
0
1
2
3
4
5
6
7
8
9
10
11
12
13
14
15
16
17
18
19
20
21
22
23
24
25
26
27
28
29
30
31
32
33
34
35
36
37
38
39
40
41
42
43
44
45
46
47
48
49
50
51
52
53
54
55
56
57
58
59
60
61
62
63
64
65
66
67
68
69
70
71
72
73
74
75
76
77
78
79
80
81
82
83
84
85
86
87
88
89
90
91
92
93
94
95
96
97
98
99
100
101
102
103
104
105
106
107
108
109
110
111
112
113
114
115
116
117
118
119
120
121
122
123
124
125
126
127
128
129
130
131
132
133
134
135
136
137
138
139
140
141
142
143
144
145
146
147
148
149
150
151
152
153
154
155
156
157
158
159
160
161
162
163
164
165
166
167
168
169
170
171
172
173
174
175
176
177
178
179
180
181
182
183
184
185
186
187
188
189
190
191
192
193
194
Assigned Classwise weights to source
S Real T Clipart Train Ep: 15000 lr0.005029733718731741 	 Loss Classification: 0.005724 Loss T 0.004186 Method MME

32
32
32
32
32
32
32
tensor(585.)

Labeled Target set: Average loss: 0.0498, Accuracy: 573/585 F1 (97.9487%)


Test set: Average loss: 5.6256, Accuracy: 2189/4160 F1 (52.6202%)


Val set: Average loss: 5.2698, Accuracy: 105/192 F1 (54.6875%)

Patience getting saturated, current counter is:  5
