Dataset multi Source real Target painting Labeled num perclass 3 Network resnet34
126 classes in this dataset
Labelled Source Examples:  70358
Unlabelled Target Dataset Size:  31124
Labelled Target Dataset Size:  378
Misc. Labelled Target Dataset Size:  378
Bank keys - Target:  dict_keys(['feat_vec', 'labels', 'names', 'domain_identifier']) Source:  dict_keys(['feat_vec', 'labels', 'names', 'domain_identifier'])
Num  - Target:  31124 Source:  70358
Unlabeled Target Data Batches: 648
S real T painting Train Ep: 0 lr0.01 	 Loss Classification: 5.001513 Loss T 0.470123 Method MME

24
24
24
24
24
24
24
24
24
24
24
24
24
24
24
24
tensor(1134.)

Labeled Target set: Average loss: 4.9696, Accuracy: 10/1134 F1 (0.8818%)


Test set: Average loss: 4.9711, Accuracy: 460/31104 F1 (1.4789%)


Val set: Average loss: 4.9634, Accuracy: 5/360 F1 (1.3889%)

Patience Reset, Counter is: 0
best acc test 1.478909  acc val 1.388889 acc labeled target 0.881834
saving model...
S real T painting Train Ep: 100 lr0.009925650290240803 	 Loss Classification: 1.060418 Loss T 0.267306 Method MME

S real T painting Train Ep: 200 lr0.009852577760521605 	 Loss Classification: 1.744249 Loss T 0.202159 Method MME

S real T painting Train Ep: 300 lr0.009780748269686728 	 Loss Classification: 0.461203 Loss T 0.195689 Method MME

S real T painting Train Ep: 400 lr0.009710128909124701 	 Loss Classification: 0.571679 Loss T 0.163642 Method MME

S real T painting Train Ep: 500 lr0.00964068794694323 	 Loss Classification: 0.903903 Loss T 0.160077 Method MME

24
24
24
24
24
24
24
24
24
24
24
24
24
24
24
24
tensor(1134.)

Labeled Target set: Average loss: 2.3659, Accuracy: 537/1134 F1 (47.3545%)


Test set: Average loss: 1.9906, Accuracy: 17822/31104 F1 (57.2981%)


Val set: Average loss: 2.1036, Accuracy: 194/360 F1 (53.8889%)

Patience Reset, Counter is: 0
best acc test 57.298097  acc val 53.888889 acc labeled target 47.354497
saving model...
S real T painting Train Ep: 600 lr0.00957239477517603 	 Loss Classification: 0.994087 Loss T 0.130348 Method MME

S real T painting Train Ep: 700 lr0.009505219859830012 	 Loss Classification: 0.588122 Loss T 0.132870 Method MME

S real T painting Train Ep: 800 lr0.009439134693595126 	 Loss Classification: 1.004191 Loss T 0.133331 Method MME

S real T painting Train Ep: 900 lr0.009374111751051751 	 Loss Classification: 0.481425 Loss T 0.132438 Method MME

S real T painting Train Ep: 1000 lr0.009310124446222227 	 Loss Classification: 0.965398 Loss T 0.132549 Method MME

24
24
24
24
24
24
24
24
24
24
24
24
24
24
24
24
tensor(1134.)

Labeled Target set: Average loss: 2.3961, Accuracy: 576/1134 F1 (50.7937%)


Test set: Average loss: 1.8876, Accuracy: 18890/31104 F1 (60.7317%)


Val set: Average loss: 2.0629, Accuracy: 209/360 F1 (58.0556%)

Patience Reset, Counter is: 0
best acc test 60.731739  acc val 58.055556 acc labeled target 50.793651
saving model...
S real T painting Train Ep: 1100 lr0.00924714709232377 	 Loss Classification: 0.521687 Loss T 0.110306 Method MME

S real T painting Train Ep: 1200 lr0.009185154863590003 	 Loss Classification: 1.092785 Loss T 0.125686 Method MME

S real T painting Train Ep: 1300 lr0.00912412375903735 	 Loss Classification: 0.969328 Loss T 0.093986 Method MME

S real T painting Train Ep: 1400 lr0.009064030568061049 	 Loss Classification: 1.113382 Loss T 0.092502 Method MME

S real T painting Train Ep: 1500 lr0.009004852837753237 	 Loss Classification: 0.687077 Loss T 0.112072 Method MME

24
24
24
24
24
24
24
24
24
24
24
24
24
24
24
24
tensor(1134.)

Labeled Target set: Average loss: 2.3593, Accuracy: 602/1134 F1 (53.0864%)


Test set: Average loss: 1.8471, Accuracy: 19386/31104 F1 (62.3264%)


Val set: Average loss: 1.9393, Accuracy: 210/360 F1 (58.3333%)

Patience Reset, Counter is: 0
best acc test 62.326389  acc val 58.333333 acc labeled target 53.086420
saving model...
S real T painting Train Ep: 1600 lr0.008946568841842816 	 Loss Classification: 0.895070 Loss T 0.113813 Method MME

S real T painting Train Ep: 1700 lr0.008889157551163433 	 Loss Classification: 0.813405 Loss T 0.123205 Method MME

S real T painting Train Ep: 1800 lr0.008832598605562044 	 Loss Classification: 0.637966 Loss T 0.117576 Method MME

S real T painting Train Ep: 1900 lr0.008776872287166303 	 Loss Classification: 0.703910 Loss T 0.133716 Method MME

Per Class Accuracy Calculated According to the Labelled Target examples is:  [0.6666667  0.22222222 0.5555556  0.22222222 0.33333334 0.11111111
 0.22222222 0.         0.         0.33333334 0.5555556  0.5555556
 0.22222222 0.5555556  0.8888889  0.6666667  0.44444445 1.
 0.8888889  0.22222222 0.6666667  0.33333334 0.6666667  0.33333334
 0.5555556  0.6666667  0.8888889  0.6666667  1.         0.5555556
 0.5555556  0.         0.         0.6666667  0.33333334 0.6666667
 0.11111111 0.6666667  0.6666667  0.6666667  0.44444445 0.11111111
 0.7777778  0.6666667  0.6666667  0.7777778  0.7777778  1.
 0.         0.6666667  0.11111111 0.44444445 1.         0.6666667
 0.         0.         0.5555556  1.         0.8888889  0.8888889
 0.6666667  0.22222222 0.5555556  0.44444445 0.8888889  0.6666667
 0.         0.6666667  0.22222222 0.8888889  0.5555556  0.8888889
 0.8888889  0.44444445 0.5555556  0.         0.11111111 0.5555556
 0.8888889  1.         0.         0.7777778  0.6666667  0.
 0.22222222 0.6666667  0.11111111 0.5555556  0.33333334 0.5555556
 0.33333334 0.33333334 0.6666667  0.6666667  0.6666667  0.44444445
 0.         0.6666667  0.22222222 0.5555556  0.5555556  0.22222222
 1.         0.7777778  0.6666667  0.33333334 0.6666667  0.44444445
 0.11111111 0.7777778  0.6666667  0.44444445 0.         0.5555556
 0.22222222 0.8888889  0.8888889  1.         0.8888889  0.8888889
 0.8888889  0.8888889  0.33333334 0.6666667  0.7777778  1.        ]
Top k classes which perform poorly are:  [75, 32, 80, 112, 66, 83, 7, 8, 96, 31, 55, 54, 48, 36, 41, 86, 5, 76, 50, 108, 61, 98, 84, 68, 101, 6, 3, 12, 19, 1, 114, 4, 122, 91, 34, 21, 90, 88, 9, 23, 105, 51, 63, 16, 95, 107, 73, 40, 111, 113, 10, 11, 87, 29, 89, 56, 30, 13, 74, 100, 24, 99, 2, 70, 77, 62, 82, 110, 92, 93, 94, 97, 104, 106, 85, 123, 0, 37, 25, 33, 35, 22, 20, 38, 39, 43, 44, 27, 53, 49, 15, 60, 65, 67, 109, 46, 45, 124, 42, 103, 81, 14, 121, 118, 18, 119, 115, 116, 120, 71, 72, 58, 59, 64, 69, 78, 26, 28, 102, 47, 17, 52, 57, 117, 79, 125]
Per cls weights according to the accuracy are:  tensor([1.2567, 1.4004, 1.2869, 1.4004, 1.3583, 1.4474, 1.4004, 1.5000, 1.5000,
        1.3583, 1.2869, 1.2869, 1.4004, 1.2869, 1.2056, 1.2567, 1.3206, 1.1839,
        1.2056, 1.4004, 1.2567, 1.3583, 1.2567, 1.3583, 1.2869, 1.2567, 1.2056,
        1.2567, 1.1839, 1.2869, 1.2869, 1.5000, 1.5000, 1.2567, 1.3583, 1.2567,
        1.4474, 1.2567, 1.2567, 1.2567, 1.3206, 1.4474, 1.2297, 1.2567, 1.2567,
        1.2297, 1.2297, 1.1839, 1.5000, 1.2567, 1.4474, 1.3206, 1.1839, 1.2567,
        1.5000, 1.5000, 1.2869, 1.1839, 1.2056, 1.2056, 1.2567, 1.4004, 1.2869,
        1.3206, 1.2056, 1.2567, 1.5000, 1.2567, 1.4004, 1.2056, 1.2869, 1.2056,
        1.2056, 1.3206, 1.2869, 1.5000, 1.4474, 1.2869, 1.2056, 1.1839, 1.5000,
        1.2297, 1.2567, 1.5000, 1.4004, 1.2567, 1.4474, 1.2869, 1.3583, 1.2869,
        1.3583, 1.3583, 1.2567, 1.2567, 1.2567, 1.3206, 1.5000, 1.2567, 1.4004,
        1.2869, 1.2869, 1.4004, 1.1839, 1.2297, 1.2567, 1.3583, 1.2567, 1.3206,
        1.4474, 1.2297, 1.2567, 1.3206, 1.5000, 1.2869, 1.4004, 1.2056, 1.2056,
        1.1839, 1.2056, 1.2056, 1.2056, 1.2056, 1.3583, 1.2567, 1.2297, 1.1839])
0
1
2
3
4
5
6
7
8
9
10
11
12
13
14
15
16
17
18
19
20
21
22
23
24
25
26
27
28
29
30
31
32
33
34
35
36
37
38
39
40
41
42
43
44
45
46
47
48
49
50
51
52
53
54
55
56
57
58
59
60
61
62
63
64
65
66
67
68
69
70
71
72
73
74
75
76
77
78
79
80
81
82
83
84
85
86
87
88
89
90
91
92
93
94
95
96
97
98
99
100
101
102
103
104
105
106
107
108
109
110
111
112
113
114
115
116
117
118
119
120
121
122
123
124
125
126
127
128
129
130
131
132
133
134
135
136
137
138
139
140
141
142
143
144
145
146
147
148
149
150
151
152
153
154
155
156
157
158
159
160
161
162
163
164
165
166
167
168
169
170
171
172
173
174
175
176
177
178
179
180
181
182
183
184
185
186
187
188
189
190
191
192
193
194
195
196
197
198
199
200
201
202
203
204
205
206
207
208
209
210
211
212
213
214
215
216
217
218
219
220
221
222
223
224
225
226
227
228
229
230
231
232
233
234
235
236
237
238
239
240
241
242
243
244
245
246
247
248
249
250
251
252
253
254
255
256
257
258
259
260
261
262
263
264
265
266
267
268
269
270
271
272
273
274
275
276
277
278
279
280
281
282
283
284
285
286
287
288
289
290
291
292
293
294
295
296
297
298
299
300
301
302
303
304
305
306
307
308
309
310
311
312
313
314
315
316
317
318
319
320
321
322
323
324
325
326
327
328
329
330
331
332
333
334
335
336
337
338
339
340
341
342
343
344
345
346
347
348
349
350
351
352
353
354
355
356
357
358
359
360
361
362
363
364
365
366
367
368
369
370
371
372
373
374
375
376
377
Per cls weights according to the accuracy are:  tensor([0.7433, 0.5996, 0.7131, 0.5996, 0.6417, 0.5526, 0.5996, 0.5000, 0.5000,
        0.6417, 0.7131, 0.7131, 0.5996, 0.7131, 0.7944, 0.7433, 0.6794, 0.8161,
        0.7944, 0.5996, 0.7433, 0.6417, 0.7433, 0.6417, 0.7131, 0.7433, 0.7944,
        0.7433, 0.8161, 0.7131, 0.7131, 0.5000, 0.5000, 0.7433, 0.6417, 0.7433,
        0.5526, 0.7433, 0.7433, 0.7433, 0.6794, 0.5526, 0.7703, 0.7433, 0.7433,
        0.7703, 0.7703, 0.8161, 0.5000, 0.7433, 0.5526, 0.6794, 0.8161, 0.7433,
        0.5000, 0.5000, 0.7131, 0.8161, 0.7944, 0.7944, 0.7433, 0.5996, 0.7131,
        0.6794, 0.7944, 0.7433, 0.5000, 0.7433, 0.5996, 0.7944, 0.7131, 0.7944,
        0.7944, 0.6794, 0.7131, 0.5000, 0.5526, 0.7131, 0.7944, 0.8161, 0.5000,
        0.7703, 0.7433, 0.5000, 0.5996, 0.7433, 0.5526, 0.7131, 0.6417, 0.7131,
        0.6417, 0.6417, 0.7433, 0.7433, 0.7433, 0.6794, 0.5000, 0.7433, 0.5996,
        0.7131, 0.7131, 0.5996, 0.8161, 0.7703, 0.7433, 0.6417, 0.7433, 0.6794,
        0.5526, 0.7703, 0.7433, 0.6794, 0.5000, 0.7131, 0.5996, 0.7944, 0.7944,
        0.8161, 0.7944, 0.7944, 0.7944, 0.7944, 0.6417, 0.7433, 0.7703, 0.8161])
0
1
2
3
4
5
6
7
8
9
10
11
12
13
14
15
16
17
18
19
20
21
22
23
24
25
26
27
28
29
30
31
32
33
34
35
36
37
38
39
40
41
42
43
44
45
46
47
48
49
50
51
52
53
54
55
56
57
58
59
60
61
62
63
64
65
66
67
68
69
70
71
72
73
74
75
76
77
78
79
80
81
82
83
84
85
86
87
88
89
90
91
92
93
94
95
96
97
98
99
100
101
102
103
104
105
106
107
108
109
110
111
112
113
114
115
116
117
118
119
120
121
122
123
124
125
126
127
128
129
130
131
132
133
134
135
136
137
138
139
140
141
142
143
144
145
146
147
148
149
150
151
152
153
154
155
156
157
158
159
160
161
162
163
164
165
166
167
168
169
170
171
172
173
174
175
176
177
178
179
180
181
182
183
184
185
186
187
188
189
190
191
192
193
194
195
196
197
198
199
200
201
202
203
204
205
206
207
208
209
210
211
212
213
214
215
216
217
218
219
220
221
222
223
224
225
226
227
228
229
230
231
232
233
234
235
236
237
238
239
240
241
242
243
244
245
246
247
248
249
250
251
252
253
254
255
256
257
258
259
260
261
262
263
264
265
266
267
268
269
270
271
272
273
274
275
276
277
278
279
280
281
282
283
284
285
286
287
288
289
290
291
292
293
294
295
296
297
298
299
300
301
302
303
304
305
306
307
308
309
310
311
312
313
314
315
316
317
318
319
320
321
322
323
324
325
326
327
328
329
330
331
332
333
334
335
336
337
338
339
340
341
342
343
344
345
346
347
348
349
350
351
352
353
354
355
356
357
358
359
360
361
362
363
364
365
366
367
368
369
370
371
372
373
374
375
376
377
Assigned Classwise weights to source
S real T painting Train Ep: 2000 lr0.008721959494934213 	 Loss Classification: 0.431955 Loss T 0.061872 Method MME

24
24
24
24
24
24
24
24
24
24
24
24
24
24
24
24
tensor(1134.)

Labeled Target set: Average loss: 2.4714, Accuracy: 591/1134 F1 (52.1164%)


Test set: Average loss: 1.8993, Accuracy: 19281/31104 F1 (61.9888%)


Val set: Average loss: 2.1300, Accuracy: 206/360 F1 (57.2222%)

Patience getting saturated, current counter is:  0
best acc test 62.326389  acc val 57.222222 acc labeled target 52.116402
saving model...
S real T painting Train Ep: 2100 lr0.008667841720414475 	 Loss Classification: 1.133784 Loss T 0.100698 Method MME

S real T painting Train Ep: 2200 lr0.008614501024650454 	 Loss Classification: 0.978224 Loss T 0.086883 Method MME

S real T painting Train Ep: 2300 lr0.008561920016164943 	 Loss Classification: 0.435592 Loss T 0.109954 Method MME

S real T painting Train Ep: 2400 lr0.008510081829966844 	 Loss Classification: 0.970275 Loss T 0.104749 Method MME

S real T painting Train Ep: 2500 lr0.008458970107524513 	 Loss Classification: 0.708984 Loss T 0.093521 Method MME

24
24
24
24
24
24
24
24
24
24
24
24
24
24
24
24
tensor(1134.)

Labeled Target set: Average loss: 2.4079, Accuracy: 601/1134 F1 (52.9982%)


Test set: Average loss: 1.8066, Accuracy: 19876/31104 F1 (63.9017%)


Val set: Average loss: 1.9484, Accuracy: 210/360 F1 (58.3333%)

Patience Reset, Counter is: 1
best acc test 63.901749  acc val 58.333333 acc labeled target 52.998236
saving model...
S real T painting Train Ep: 2600 lr0.008408568977653933 	 Loss Classification: 0.301819 Loss T 0.106995 Method MME

S real T painting Train Ep: 2700 lr0.00835886303827305 	 Loss Classification: 0.603646 Loss T 0.108317 Method MME

S real T painting Train Ep: 2800 lr0.008309837338976545 	 Loss Classification: 0.460030 Loss T 0.104591 Method MME

S real T painting Train Ep: 2900 lr0.008261477364388068 	 Loss Classification: 0.813392 Loss T 0.111271 Method MME

Per Class Accuracy Calculated According to the Labelled Target examples is:  [0.8888889  0.         0.22222222 0.33333334 0.6666667  0.11111111
 0.44444445 0.11111111 0.44444445 0.33333334 0.7777778  0.5555556
 0.         0.22222222 0.7777778  0.5555556  0.6666667  0.7777778
 0.6666667  0.33333334 0.6666667  0.22222222 0.6666667  0.33333334
 0.33333334 0.6666667  0.8888889  0.7777778  1.         0.44444445
 0.44444445 0.         0.44444445 0.5555556  0.33333334 0.5555556
 0.         1.         0.6666667  0.6666667  0.44444445 0.44444445
 0.5555556  0.11111111 0.5555556  0.6666667  0.44444445 0.6666667
 0.         0.6666667  0.22222222 0.44444445 0.8888889  0.6666667
 0.         0.22222222 0.5555556  1.         0.5555556  0.7777778
 0.6666667  0.44444445 0.6666667  0.44444445 0.6666667  0.6666667
 0.22222222 0.7777778  0.5555556  0.8888889  0.5555556  0.6666667
 1.         0.7777778  0.22222222 0.         0.7777778  0.6666667
 0.44444445 0.8888889  0.33333334 0.6666667  0.44444445 0.
 0.5555556  0.33333334 0.33333334 0.5555556  0.33333334 0.7777778
 0.22222222 0.33333334 0.6666667  0.7777778  0.6666667  0.33333334
 0.         0.7777778  0.22222222 0.7777778  0.8888889  0.11111111
 1.         1.         0.6666667  0.44444445 0.6666667  0.22222222
 0.11111111 0.7777778  0.8888889  0.22222222 0.         0.6666667
 0.7777778  1.         0.6666667  0.7777778  0.11111111 1.
 0.5555556  0.8888889  0.44444445 0.6666667  0.6666667  1.        ]
Top k classes which perform poorly are:  [54, 83, 48, 75, 31, 96, 112, 12, 36, 1, 43, 7, 5, 118, 108, 101, 74, 107, 90, 98, 2, 50, 21, 55, 111, 13, 66, 3, 85, 88, 91, 80, 86, 34, 9, 19, 23, 24, 95, 78, 82, 63, 105, 61, 6, 51, 41, 122, 32, 29, 30, 40, 8, 46, 70, 68, 11, 15, 84, 56, 33, 120, 42, 87, 44, 58, 35, 104, 113, 92, 94, 81, 106, 77, 62, 116, 4, 16, 18, 20, 22, 25, 123, 39, 45, 47, 49, 38, 65, 60, 124, 71, 64, 53, 76, 10, 14, 17, 117, 114, 59, 99, 97, 27, 93, 73, 89, 67, 109, 121, 0, 100, 79, 69, 52, 26, 110, 103, 102, 115, 72, 57, 119, 37, 28, 125]
Per cls weights according to the accuracy are:  tensor([1.2056, 1.5000, 1.4004, 1.3583, 1.2567, 1.4474, 1.3206, 1.4474, 1.3206,
        1.3583, 1.2297, 1.2869, 1.5000, 1.4004, 1.2297, 1.2869, 1.2567, 1.2297,
        1.2567, 1.3583, 1.2567, 1.4004, 1.2567, 1.3583, 1.3583, 1.2567, 1.2056,
        1.2297, 1.1839, 1.3206, 1.3206, 1.5000, 1.3206, 1.2869, 1.3583, 1.2869,
        1.5000, 1.1839, 1.2567, 1.2567, 1.3206, 1.3206, 1.2869, 1.4474, 1.2869,
        1.2567, 1.3206, 1.2567, 1.5000, 1.2567, 1.4004, 1.3206, 1.2056, 1.2567,
        1.5000, 1.4004, 1.2869, 1.1839, 1.2869, 1.2297, 1.2567, 1.3206, 1.2567,
        1.3206, 1.2567, 1.2567, 1.4004, 1.2297, 1.2869, 1.2056, 1.2869, 1.2567,
        1.1839, 1.2297, 1.4004, 1.5000, 1.2297, 1.2567, 1.3206, 1.2056, 1.3583,
        1.2567, 1.3206, 1.5000, 1.2869, 1.3583, 1.3583, 1.2869, 1.3583, 1.2297,
        1.4004, 1.3583, 1.2567, 1.2297, 1.2567, 1.3583, 1.5000, 1.2297, 1.4004,
        1.2297, 1.2056, 1.4474, 1.1839, 1.1839, 1.2567, 1.3206, 1.2567, 1.4004,
        1.4474, 1.2297, 1.2056, 1.4004, 1.5000, 1.2567, 1.2297, 1.1839, 1.2567,
        1.2297, 1.4474, 1.1839, 1.2869, 1.2056, 1.3206, 1.2567, 1.2567, 1.1839])
0
1
2
3
4
5
6
7
8
9
10
11
12
13
14
15
16
17
18
19
20
21
22
23
24
25
26
27
28
29
30
31
32
33
34
35
36
37
38
39
40
41
42
43
44
45
46
47
48
49
50
51
52
53
54
55
56
57
58
59
60
61
62
63
64
65
66
67
68
69
70
71
72
73
74
75
76
77
78
79
80
81
82
83
84
85
86
87
88
89
90
91
92
93
94
95
96
97
98
99
100
101
102
103
104
105
106
107
108
109
110
111
112
113
114
115
116
117
118
119
120
121
122
123
124
125
126
127
128
129
130
131
132
133
134
135
136
137
138
139
140
141
142
143
144
145
146
147
148
149
150
151
152
153
154
155
156
157
158
159
160
161
162
163
164
165
166
167
168
169
170
171
172
173
174
175
176
177
178
179
180
181
182
183
184
185
186
187
188
189
190
191
192
193
194
195
196
197
198
199
200
201
202
203
204
205
206
207
208
209
210
211
212
213
214
215
216
217
218
219
220
221
222
223
224
225
226
227
228
229
230
231
232
233
234
235
236
237
238
239
240
241
242
243
244
245
246
247
248
249
250
251
252
253
254
255
256
257
258
259
260
261
262
263
264
265
266
267
268
269
270
271
272
273
274
275
276
277
278
279
280
281
282
283
284
285
286
287
288
289
290
291
292
293
294
295
296
297
298
299
300
301
302
303
304
305
306
307
308
309
310
311
312
313
314
315
316
317
318
319
320
321
322
323
324
325
326
327
328
329
330
331
332
333
334
335
336
337
338
339
340
341
342
343
344
345
346
347
348
349
350
351
352
353
354
355
356
357
358
359
360
361
362
363
364
365
366
367
368
369
370
371
372
373
374
375
376
377
Per cls weights according to the accuracy are:  tensor([0.7944, 0.5000, 0.5996, 0.6417, 0.7433, 0.5526, 0.6794, 0.5526, 0.6794,
        0.6417, 0.7703, 0.7131, 0.5000, 0.5996, 0.7703, 0.7131, 0.7433, 0.7703,
        0.7433, 0.6417, 0.7433, 0.5996, 0.7433, 0.6417, 0.6417, 0.7433, 0.7944,
        0.7703, 0.8161, 0.6794, 0.6794, 0.5000, 0.6794, 0.7131, 0.6417, 0.7131,
        0.5000, 0.8161, 0.7433, 0.7433, 0.6794, 0.6794, 0.7131, 0.5526, 0.7131,
        0.7433, 0.6794, 0.7433, 0.5000, 0.7433, 0.5996, 0.6794, 0.7944, 0.7433,
        0.5000, 0.5996, 0.7131, 0.8161, 0.7131, 0.7703, 0.7433, 0.6794, 0.7433,
        0.6794, 0.7433, 0.7433, 0.5996, 0.7703, 0.7131, 0.7944, 0.7131, 0.7433,
        0.8161, 0.7703, 0.5996, 0.5000, 0.7703, 0.7433, 0.6794, 0.7944, 0.6417,
        0.7433, 0.6794, 0.5000, 0.7131, 0.6417, 0.6417, 0.7131, 0.6417, 0.7703,
        0.5996, 0.6417, 0.7433, 0.7703, 0.7433, 0.6417, 0.5000, 0.7703, 0.5996,
        0.7703, 0.7944, 0.5526, 0.8161, 0.8161, 0.7433, 0.6794, 0.7433, 0.5996,
        0.5526, 0.7703, 0.7944, 0.5996, 0.5000, 0.7433, 0.7703, 0.8161, 0.7433,
        0.7703, 0.5526, 0.8161, 0.7131, 0.7944, 0.6794, 0.7433, 0.7433, 0.8161])
0
1
2
3
4
5
6
7
8
9
10
11
12
13
14
15
16
17
18
19
20
21
22
23
24
25
26
27
28
29
30
31
32
33
34
35
36
37
38
39
40
41
42
43
44
45
46
47
48
49
50
51
52
53
54
55
56
57
58
59
60
61
62
63
64
65
66
67
68
69
70
71
72
73
74
75
76
77
78
79
80
81
82
83
84
85
86
87
88
89
90
91
92
93
94
95
96
97
98
99
100
101
102
103
104
105
106
107
108
109
110
111
112
113
114
115
116
117
118
119
120
121
122
123
124
125
126
127
128
129
130
131
132
133
134
135
136
137
138
139
140
141
142
143
144
145
146
147
148
149
150
151
152
153
154
155
156
157
158
159
160
161
162
163
164
165
166
167
168
169
170
171
172
173
174
175
176
177
178
179
180
181
182
183
184
185
186
187
188
189
190
191
192
193
194
195
196
197
198
199
200
201
202
203
204
205
206
207
208
209
210
211
212
213
214
215
216
217
218
219
220
221
222
223
224
225
226
227
228
229
230
231
232
233
234
235
236
237
238
239
240
241
242
243
244
245
246
247
248
249
250
251
252
253
254
255
256
257
258
259
260
261
262
263
264
265
266
267
268
269
270
271
272
273
274
275
276
277
278
279
280
281
282
283
284
285
286
287
288
289
290
291
292
293
294
295
296
297
298
299
300
301
302
303
304
305
306
307
308
309
310
311
312
313
314
315
316
317
318
319
320
321
322
323
324
325
326
327
328
329
330
331
332
333
334
335
336
337
338
339
340
341
342
343
344
345
346
347
348
349
350
351
352
353
354
355
356
357
358
359
360
361
362
363
364
365
366
367
368
369
370
371
372
373
374
375
376
377
Assigned Classwise weights to source
S real T painting Train Ep: 3000 lr0.008213769018249545 	 Loss Classification: 0.361393 Loss T 0.100094 Method MME

24
24
24
24
24
24
24
24
24
24
24
24
24
24
24
24
tensor(1134.)

Labeled Target set: Average loss: 2.3975, Accuracy: 589/1134 F1 (51.9400%)


Test set: Average loss: 1.8559, Accuracy: 19966/31104 F1 (64.1911%)


Val set: Average loss: 2.1462, Accuracy: 213/360 F1 (59.1667%)

Patience Reset, Counter is: 0
best acc test 64.191101  acc val 59.166667 acc labeled target 51.940035
saving model...
S real T painting Train Ep: 3100 lr0.008166698608209509 	 Loss Classification: 0.378926 Loss T 0.093476 Method MME

S real T painting Train Ep: 3200 lr0.008120252831274708 	 Loss Classification: 0.629951 Loss T 0.102084 Method MME

S real T painting Train Ep: 3300 lr0.008074418759891278 	 Loss Classification: 0.785829 Loss T 0.063247 Method MME

S real T painting Train Ep: 3400 lr0.008029183828623731 	 Loss Classification: 0.289506 Loss T 0.090387 Method MME

S real T painting Train Ep: 3500 lr0.007984535821401871 	 Loss Classification: 0.416553 Loss T 0.085917 Method MME

24
24
24
24
24
24
24
24
24
24
24
24
24
24
24
24
tensor(1134.)

Labeled Target set: Average loss: 2.1770, Accuracy: 665/1134 F1 (58.6420%)


Test set: Average loss: 1.6786, Accuracy: 20767/31104 F1 (66.7663%)


Val set: Average loss: 1.8217, Accuracy: 223/360 F1 (61.9444%)

Patience Reset, Counter is: 0
best acc test 66.766332  acc val 61.944444 acc labeled target 58.641975
saving model...
S real T painting Train Ep: 3600 lr0.007940462859307384 	 Loss Classification: 0.588520 Loss T 0.102016 Method MME

S real T painting Train Ep: 3700 lr0.007896953388873518 	 Loss Classification: 0.531354 Loss T 0.072377 Method MME

S real T painting Train Ep: 3800 lr0.007853996170872714 	 Loss Classification: 0.150842 Loss T 0.087340 Method MME

S real T painting Train Ep: 3900 lr0.00781158026956848 	 Loss Classification: 0.906931 Loss T 0.077198 Method MME

Per Class Accuracy Calculated According to the Labelled Target examples is:  [0.6666667  0.33333334 0.5555556  0.44444445 0.7777778  0.11111111
 0.11111111 0.22222222 0.5555556  0.5555556  0.6666667  0.7777778
 0.33333334 1.         0.6666667  0.5555556  0.6666667  1.
 0.6666667  0.5555556  0.5555556  0.33333334 0.5555556  0.7777778
 0.5555556  0.6666667  1.         0.8888889  1.         0.44444445
 0.7777778  0.         0.44444445 0.5555556  0.5555556  0.5555556
 0.22222222 0.6666667  1.         0.6666667  0.5555556  0.33333334
 0.7777778  0.33333334 0.44444445 0.6666667  0.5555556  0.6666667
 0.         0.6666667  0.11111111 0.6666667  0.8888889  0.6666667
 0.         0.         0.7777778  1.         0.8888889  1.
 0.6666667  0.44444445 0.5555556  0.5555556  0.8888889  0.8888889
 0.22222222 0.5555556  1.         1.         0.33333334 0.7777778
 0.8888889  0.6666667  0.44444445 0.         0.5555556  0.5555556
 0.8888889  0.8888889  0.22222222 1.         0.44444445 0.
 0.5555556  0.33333334 0.5555556  0.6666667  0.33333334 0.5555556
 0.33333334 0.6666667  0.5555556  0.8888889  0.6666667  0.33333334
 0.         0.8888889  0.33333334 0.5555556  0.7777778  0.11111111
 1.         0.5555556  0.5555556  0.33333334 0.6666667  0.33333334
 0.33333334 1.         0.7777778  0.22222222 0.         0.6666667
 0.7777778  1.         0.8888889  0.8888889  0.         0.8888889
 0.8888889  1.         0.22222222 1.         0.8888889  1.        ]
Top k classes which perform poorly are:  [83, 54, 96, 112, 75, 118, 55, 31, 48, 6, 5, 101, 50, 122, 111, 80, 36, 7, 66, 85, 70, 88, 41, 43, 98, 95, 105, 108, 1, 12, 107, 90, 21, 32, 61, 29, 3, 74, 44, 82, 63, 86, 84, 76, 67, 89, 77, 62, 24, 2, 8, 9, 15, 19, 20, 22, 46, 104, 35, 99, 33, 34, 40, 92, 103, 73, 106, 87, 113, 94, 91, 0, 37, 25, 39, 10, 45, 60, 47, 14, 49, 16, 51, 53, 18, 30, 23, 42, 56, 110, 11, 114, 4, 71, 100, 116, 117, 119, 120, 27, 72, 97, 93, 52, 65, 64, 58, 124, 78, 79, 123, 69, 121, 68, 115, 81, 13, 59, 109, 57, 17, 38, 26, 102, 28, 125]
Per cls weights according to the accuracy are:  tensor([1.2567, 1.3583, 1.2869, 1.3206, 1.2297, 1.4474, 1.4474, 1.4004, 1.2869,
        1.2869, 1.2567, 1.2297, 1.3583, 1.1839, 1.2567, 1.2869, 1.2567, 1.1839,
        1.2567, 1.2869, 1.2869, 1.3583, 1.2869, 1.2297, 1.2869, 1.2567, 1.1839,
        1.2056, 1.1839, 1.3206, 1.2297, 1.5000, 1.3206, 1.2869, 1.2869, 1.2869,
        1.4004, 1.2567, 1.1839, 1.2567, 1.2869, 1.3583, 1.2297, 1.3583, 1.3206,
        1.2567, 1.2869, 1.2567, 1.5000, 1.2567, 1.4474, 1.2567, 1.2056, 1.2567,
        1.5000, 1.5000, 1.2297, 1.1839, 1.2056, 1.1839, 1.2567, 1.3206, 1.2869,
        1.2869, 1.2056, 1.2056, 1.4004, 1.2869, 1.1839, 1.1839, 1.3583, 1.2297,
        1.2056, 1.2567, 1.3206, 1.5000, 1.2869, 1.2869, 1.2056, 1.2056, 1.4004,
        1.1839, 1.3206, 1.5000, 1.2869, 1.3583, 1.2869, 1.2567, 1.3583, 1.2869,
        1.3583, 1.2567, 1.2869, 1.2056, 1.2567, 1.3583, 1.5000, 1.2056, 1.3583,
        1.2869, 1.2297, 1.4474, 1.1839, 1.2869, 1.2869, 1.3583, 1.2567, 1.3583,
        1.3583, 1.1839, 1.2297, 1.4004, 1.5000, 1.2567, 1.2297, 1.1839, 1.2056,
        1.2056, 1.5000, 1.2056, 1.2056, 1.1839, 1.4004, 1.1839, 1.2056, 1.1839])
0
1
2
3
4
5
6
7
8
9
10
11
12
13
14
15
16
17
18
19
20
21
22
23
24
25
26
27
28
29
30
31
32
33
34
35
36
37
38
39
40
41
42
43
44
45
46
47
48
49
50
51
52
53
54
55
56
57
58
59
60
61
62
63
64
65
66
67
68
69
70
71
72
73
74
75
76
77
78
79
80
81
82
83
84
85
86
87
88
89
90
91
92
93
94
95
96
97
98
99
100
101
102
103
104
105
106
107
108
109
110
111
112
113
114
115
116
117
118
119
120
121
122
123
124
125
126
127
128
129
130
131
132
133
134
135
136
137
138
139
140
141
142
143
144
145
146
147
148
149
150
151
152
153
154
155
156
157
158
159
160
161
162
163
164
165
166
167
168
169
170
171
172
173
174
175
176
177
178
179
180
181
182
183
184
185
186
187
188
189
190
191
192
193
194
195
196
197
198
199
200
201
202
203
204
205
206
207
208
209
210
211
212
213
214
215
216
217
218
219
220
221
222
223
224
225
226
227
228
229
230
231
232
233
234
235
236
237
238
239
240
241
242
243
244
245
246
247
248
249
250
251
252
253
254
255
256
257
258
259
260
261
262
263
264
265
266
267
268
269
270
271
272
273
274
275
276
277
278
279
280
281
282
283
284
285
286
287
288
289
290
291
292
293
294
295
296
297
298
299
300
301
302
303
304
305
306
307
308
309
310
311
312
313
314
315
316
317
318
319
320
321
322
323
324
325
326
327
328
329
330
331
332
333
334
335
336
337
338
339
340
341
342
343
344
345
346
347
348
349
350
351
352
353
354
355
356
357
358
359
360
361
362
363
364
365
366
367
368
369
370
371
372
373
374
375
376
377
Per cls weights according to the accuracy are:  tensor([0.7433, 0.6417, 0.7131, 0.6794, 0.7703, 0.5526, 0.5526, 0.5996, 0.7131,
        0.7131, 0.7433, 0.7703, 0.6417, 0.8161, 0.7433, 0.7131, 0.7433, 0.8161,
        0.7433, 0.7131, 0.7131, 0.6417, 0.7131, 0.7703, 0.7131, 0.7433, 0.8161,
        0.7944, 0.8161, 0.6794, 0.7703, 0.5000, 0.6794, 0.7131, 0.7131, 0.7131,
        0.5996, 0.7433, 0.8161, 0.7433, 0.7131, 0.6417, 0.7703, 0.6417, 0.6794,
        0.7433, 0.7131, 0.7433, 0.5000, 0.7433, 0.5526, 0.7433, 0.7944, 0.7433,
        0.5000, 0.5000, 0.7703, 0.8161, 0.7944, 0.8161, 0.7433, 0.6794, 0.7131,
        0.7131, 0.7944, 0.7944, 0.5996, 0.7131, 0.8161, 0.8161, 0.6417, 0.7703,
        0.7944, 0.7433, 0.6794, 0.5000, 0.7131, 0.7131, 0.7944, 0.7944, 0.5996,
        0.8161, 0.6794, 0.5000, 0.7131, 0.6417, 0.7131, 0.7433, 0.6417, 0.7131,
        0.6417, 0.7433, 0.7131, 0.7944, 0.7433, 0.6417, 0.5000, 0.7944, 0.6417,
        0.7131, 0.7703, 0.5526, 0.8161, 0.7131, 0.7131, 0.6417, 0.7433, 0.6417,
        0.6417, 0.8161, 0.7703, 0.5996, 0.5000, 0.7433, 0.7703, 0.8161, 0.7944,
        0.7944, 0.5000, 0.7944, 0.7944, 0.8161, 0.5996, 0.8161, 0.7944, 0.8161])
0
1
2
3
4
5
6
7
8
9
10
11
12
13
14
15
16
17
18
19
20
21
22
23
24
25
26
27
28
29
30
31
32
33
34
35
36
37
38
39
40
41
42
43
44
45
46
47
48
49
50
51
52
53
54
55
56
57
58
59
60
61
62
63
64
65
66
67
68
69
70
71
72
73
74
75
76
77
78
79
80
81
82
83
84
85
86
87
88
89
90
91
92
93
94
95
96
97
98
99
100
101
102
103
104
105
106
107
108
109
110
111
112
113
114
115
116
117
118
119
120
121
122
123
124
125
126
127
128
129
130
131
132
133
134
135
136
137
138
139
140
141
142
143
144
145
146
147
148
149
150
151
152
153
154
155
156
157
158
159
160
161
162
163
164
165
166
167
168
169
170
171
172
173
174
175
176
177
178
179
180
181
182
183
184
185
186
187
188
189
190
191
192
193
194
195
196
197
198
199
200
201
202
203
204
205
206
207
208
209
210
211
212
213
214
215
216
217
218
219
220
221
222
223
224
225
226
227
228
229
230
231
232
233
234
235
236
237
238
239
240
241
242
243
244
245
246
247
248
249
250
251
252
253
254
255
256
257
258
259
260
261
262
263
264
265
266
267
268
269
270
271
272
273
274
275
276
277
278
279
280
281
282
283
284
285
286
287
288
289
290
291
292
293
294
295
296
297
298
299
300
301
302
303
304
305
306
307
308
309
310
311
312
313
314
315
316
317
318
319
320
321
322
323
324
325
326
327
328
329
330
331
332
333
334
335
336
337
338
339
340
341
342
343
344
345
346
347
348
349
350
351
352
353
354
355
356
357
358
359
360
361
362
363
364
365
366
367
368
369
370
371
372
373
374
375
376
377
Assigned Classwise weights to source
S real T painting Train Ep: 4000 lr0.007769695042409123 	 Loss Classification: 0.321236 Loss T 0.071450 Method MME

24
24
24
24
24
24
24
24
24
24
24
24
24
24
24
24
tensor(1134.)

Labeled Target set: Average loss: 2.4858, Accuracy: 604/1134 F1 (53.2628%)


Test set: Average loss: 1.8271, Accuracy: 20091/31104 F1 (64.5930%)


Val set: Average loss: 1.9764, Accuracy: 219/360 F1 (60.8333%)

Patience getting saturated, current counter is:  0
best acc test 66.766332  acc val 60.833333 acc labeled target 53.262787
saving model...
S real T painting Train Ep: 4100 lr0.007728330130142108 	 Loss Classification: 1.004370 Loss T 0.073648 Method MME

S real T painting Train Ep: 4200 lr0.007687475447329114 	 Loss Classification: 0.399875 Loss T 0.075704 Method MME

S real T painting Train Ep: 4300 lr0.0076471211732427845 	 Loss Classification: 0.144487 Loss T 0.089009 Method MME

S real T painting Train Ep: 4400 lr0.007607257743127307 	 Loss Classification: 0.637536 Loss T 0.079901 Method MME

S real T painting Train Ep: 4500 lr0.007567875839805858 	 Loss Classification: 0.722822 Loss T 0.105891 Method MME

24
24
24
24
24
24
24
24
24
24
24
24
24
24
24
24
tensor(1134.)

Labeled Target set: Average loss: 2.1558, Accuracy: 648/1134 F1 (57.1429%)


Test set: Average loss: 1.6752, Accuracy: 21123/31104 F1 (67.9109%)


Val set: Average loss: 1.7405, Accuracy: 236/360 F1 (65.5556%)

Patience Reset, Counter is: 1
best acc test 67.910880  acc val 65.555556 acc labeled target 57.142857
saving model...
S real T painting Train Ep: 4600 lr0.007528966385618854 	 Loss Classification: 0.884862 Loss T 0.073425 Method MME

S real T painting Train Ep: 4700 lr0.007490520534677821 	 Loss Classification: 1.532622 Loss T 0.069400 Method MME

S real T painting Train Ep: 4800 lr0.007452529665420465 	 Loss Classification: 0.758057 Loss T 0.092160 Method MME

S real T painting Train Ep: 4900 lr0.007414985373453289 	 Loss Classification: 0.752988 Loss T 0.101163 Method MME

Per Class Accuracy Calculated According to the Labelled Target examples is:  [0.8888889  0.33333334 0.5555556  0.5555556  0.44444445 0.
 0.22222222 0.         0.44444445 0.44444445 0.6666667  0.7777778
 0.         0.44444445 1.         0.6666667  0.7777778  1.
 0.6666667  0.44444445 0.6666667  0.22222222 0.6666667  0.33333334
 0.33333334 0.6666667  0.8888889  0.7777778  1.         0.7777778
 1.         0.         0.5555556  0.5555556  0.33333334 0.6666667
 0.33333334 1.         0.6666667  0.6666667  0.7777778  0.22222222
 0.44444445 0.22222222 0.6666667  0.7777778  0.7777778  0.6666667
 0.44444445 0.6666667  0.33333334 0.7777778  1.         0.6666667
 0.         0.         0.7777778  1.         0.33333334 1.
 0.6666667  0.5555556  0.6666667  0.22222222 1.         0.6666667
 0.         0.44444445 0.7777778  0.8888889  0.6666667  0.5555556
 0.8888889  0.7777778  0.44444445 0.         1.         0.5555556
 1.         1.         0.         0.7777778  0.6666667  0.11111111
 0.7777778  0.33333334 0.5555556  0.5555556  0.33333334 0.44444445
 0.33333334 0.44444445 0.6666667  0.8888889  0.6666667  0.33333334
 0.         0.6666667  0.33333334 0.6666667  1.         0.
 0.8888889  0.7777778  0.5555556  0.33333334 0.6666667  0.33333334
 0.         0.6666667  0.6666667  0.33333334 0.         0.6666667
 0.33333334 1.         0.7777778  1.         0.         1.
 0.7777778  1.         0.33333334 0.7777778  0.7777778  1.        ]
Top k classes which perform poorly are:  [101, 118, 54, 55, 112, 66, 108, 12, 80, 75, 31, 96, 7, 5, 83, 6, 63, 21, 41, 43, 34, 36, 98, 114, 95, 107, 90, 85, 111, 105, 88, 58, 50, 1, 24, 122, 23, 67, 74, 48, 13, 9, 19, 8, 89, 4, 91, 42, 87, 77, 104, 71, 32, 3, 61, 2, 86, 33, 20, 99, 97, 35, 94, 92, 38, 39, 25, 44, 10, 82, 22, 106, 47, 15, 62, 60, 70, 53, 109, 18, 110, 113, 49, 65, 73, 56, 116, 29, 124, 27, 120, 51, 45, 84, 68, 81, 11, 103, 16, 123, 40, 46, 0, 93, 72, 69, 26, 102, 100, 14, 17, 121, 119, 28, 117, 30, 37, 52, 57, 59, 64, 76, 78, 79, 115, 125]
Per cls weights according to the accuracy are:  tensor([1.2056, 1.3583, 1.2869, 1.2869, 1.3206, 1.5000, 1.4004, 1.5000, 1.3206,
        1.3206, 1.2567, 1.2297, 1.5000, 1.3206, 1.1839, 1.2567, 1.2297, 1.1839,
        1.2567, 1.3206, 1.2567, 1.4004, 1.2567, 1.3583, 1.3583, 1.2567, 1.2056,
        1.2297, 1.1839, 1.2297, 1.1839, 1.5000, 1.2869, 1.2869, 1.3583, 1.2567,
        1.3583, 1.1839, 1.2567, 1.2567, 1.2297, 1.4004, 1.3206, 1.4004, 1.2567,
        1.2297, 1.2297, 1.2567, 1.3206, 1.2567, 1.3583, 1.2297, 1.1839, 1.2567,
        1.5000, 1.5000, 1.2297, 1.1839, 1.3583, 1.1839, 1.2567, 1.2869, 1.2567,
        1.4004, 1.1839, 1.2567, 1.5000, 1.3206, 1.2297, 1.2056, 1.2567, 1.2869,
        1.2056, 1.2297, 1.3206, 1.5000, 1.1839, 1.2869, 1.1839, 1.1839, 1.5000,
        1.2297, 1.2567, 1.4474, 1.2297, 1.3583, 1.2869, 1.2869, 1.3583, 1.3206,
        1.3583, 1.3206, 1.2567, 1.2056, 1.2567, 1.3583, 1.5000, 1.2567, 1.3583,
        1.2567, 1.1839, 1.5000, 1.2056, 1.2297, 1.2869, 1.3583, 1.2567, 1.3583,
        1.5000, 1.2567, 1.2567, 1.3583, 1.5000, 1.2567, 1.3583, 1.1839, 1.2297,
        1.1839, 1.5000, 1.1839, 1.2297, 1.1839, 1.3583, 1.2297, 1.2297, 1.1839])
0
1
2
3
4
5
6
7
8
9
10
11
12
13
14
15
16
17
18
19
20
21
22
23
24
25
26
27
28
29
30
31
32
33
34
35
36
37
38
39
40
41
42
43
44
45
46
47
48
49
50
51
52
53
54
55
56
57
58
59
60
61
62
63
64
65
66
67
68
69
70
71
72
73
74
75
76
77
78
79
80
81
82
83
84
85
86
87
88
89
90
91
92
93
94
95
96
97
98
99
100
101
102
103
104
105
106
107
108
109
110
111
112
113
114
115
116
117
118
119
120
121
122
123
124
125
126
127
128
129
130
131
132
133
134
135
136
137
138
139
140
141
142
143
144
145
146
147
148
149
150
151
152
153
154
155
156
157
158
159
160
161
162
163
164
165
166
167
168
169
170
171
172
173
174
175
176
177
178
179
180
181
182
183
184
185
186
187
188
189
190
191
192
193
194
195
196
197
198
199
200
201
202
203
204
205
206
207
208
209
210
211
212
213
214
215
216
217
218
219
220
221
222
223
224
225
226
227
228
229
230
231
232
233
234
235
236
237
238
239
240
241
242
243
244
245
246
247
248
249
250
251
252
253
254
255
256
257
258
259
260
261
262
263
264
265
266
267
268
269
270
271
272
273
274
275
276
277
278
279
280
281
282
283
284
285
286
287
288
289
290
291
292
293
294
295
296
297
298
299
300
301
302
303
304
305
306
307
308
309
310
311
312
313
314
315
316
317
318
319
320
321
322
323
324
325
326
327
328
329
330
331
332
333
334
335
336
337
338
339
340
341
342
343
344
345
346
347
348
349
350
351
352
353
354
355
356
357
358
359
360
361
362
363
364
365
366
367
368
369
370
371
372
373
374
375
376
377
Per cls weights according to the accuracy are:  tensor([0.7944, 0.6417, 0.7131, 0.7131, 0.6794, 0.5000, 0.5996, 0.5000, 0.6794,
        0.6794, 0.7433, 0.7703, 0.5000, 0.6794, 0.8161, 0.7433, 0.7703, 0.8161,
        0.7433, 0.6794, 0.7433, 0.5996, 0.7433, 0.6417, 0.6417, 0.7433, 0.7944,
        0.7703, 0.8161, 0.7703, 0.8161, 0.5000, 0.7131, 0.7131, 0.6417, 0.7433,
        0.6417, 0.8161, 0.7433, 0.7433, 0.7703, 0.5996, 0.6794, 0.5996, 0.7433,
        0.7703, 0.7703, 0.7433, 0.6794, 0.7433, 0.6417, 0.7703, 0.8161, 0.7433,
        0.5000, 0.5000, 0.7703, 0.8161, 0.6417, 0.8161, 0.7433, 0.7131, 0.7433,
        0.5996, 0.8161, 0.7433, 0.5000, 0.6794, 0.7703, 0.7944, 0.7433, 0.7131,
        0.7944, 0.7703, 0.6794, 0.5000, 0.8161, 0.7131, 0.8161, 0.8161, 0.5000,
        0.7703, 0.7433, 0.5526, 0.7703, 0.6417, 0.7131, 0.7131, 0.6417, 0.6794,
        0.6417, 0.6794, 0.7433, 0.7944, 0.7433, 0.6417, 0.5000, 0.7433, 0.6417,
        0.7433, 0.8161, 0.5000, 0.7944, 0.7703, 0.7131, 0.6417, 0.7433, 0.6417,
        0.5000, 0.7433, 0.7433, 0.6417, 0.5000, 0.7433, 0.6417, 0.8161, 0.7703,
        0.8161, 0.5000, 0.8161, 0.7703, 0.8161, 0.6417, 0.7703, 0.7703, 0.8161])
0
1
2
3
4
5
6
7
8
9
10
11
12
13
14
15
16
17
18
19
20
21
22
23
24
25
26
27
28
29
30
31
32
33
34
35
36
37
38
39
40
41
42
43
44
45
46
47
48
49
50
51
52
53
54
55
56
57
58
59
60
61
62
63
64
65
66
67
68
69
70
71
72
73
74
75
76
77
78
79
80
81
82
83
84
85
86
87
88
89
90
91
92
93
94
95
96
97
98
99
100
101
102
103
104
105
106
107
108
109
110
111
112
113
114
115
116
117
118
119
120
121
122
123
124
125
126
127
128
129
130
131
132
133
134
135
136
137
138
139
140
141
142
143
144
145
146
147
148
149
150
151
152
153
154
155
156
157
158
159
160
161
162
163
164
165
166
167
168
169
170
171
172
173
174
175
176
177
178
179
180
181
182
183
184
185
186
187
188
189
190
191
192
193
194
195
196
197
198
199
200
201
202
203
204
205
206
207
208
209
210
211
212
213
214
215
216
217
218
219
220
221
222
223
224
225
226
227
228
229
230
231
232
233
234
235
236
237
238
239
240
241
242
243
244
245
246
247
248
249
250
251
252
253
254
255
256
257
258
259
260
261
262
263
264
265
266
267
268
269
270
271
272
273
274
275
276
277
278
279
280
281
282
283
284
285
286
287
288
289
290
291
292
293
294
295
296
297
298
299
300
301
302
303
304
305
306
307
308
309
310
311
312
313
314
315
316
317
318
319
320
321
322
323
324
325
326
327
328
329
330
331
332
333
334
335
336
337
338
339
340
341
342
343
344
345
346
347
348
349
350
351
352
353
354
355
356
357
358
359
360
361
362
363
364
365
366
367
368
369
370
371
372
373
374
375
376
377
Assigned Classwise weights to source
S real T painting Train Ep: 5000 lr0.007377879464668811 	 Loss Classification: 0.484606 Loss T 0.088445 Method MME

24
24
24
24
24
24
24
24
24
24
24
24
24
24
24
24
tensor(1134.)

Labeled Target set: Average loss: 2.3528, Accuracy: 620/1134 F1 (54.6737%)


Test set: Average loss: 1.8008, Accuracy: 20453/31104 F1 (65.7568%)


Val set: Average loss: 2.0119, Accuracy: 220/360 F1 (61.1111%)

Patience getting saturated, current counter is:  0
best acc test 67.910880  acc val 61.111111 acc labeled target 54.673721
saving model...
S real T painting Train Ep: 5100 lr0.007341203948625087 	 Loss Classification: 0.726999 Loss T 0.063648 Method MME

S real T painting Train Ep: 5200 lr0.007304951032175895 	 Loss Classification: 0.553132 Loss T 0.088775 Method MME

S real T painting Train Ep: 5300 lr0.007269113113340497 	 Loss Classification: 0.265170 Loss T 0.085321 Method MME

S real T painting Train Ep: 5400 lr0.007233682775402483 	 Loss Classification: 0.879854 Loss T 0.078039 Method MME

S real T painting Train Ep: 5500 lr0.007198652781227704 	 Loss Classification: 0.660252 Loss T 0.073800 Method MME

24
24
24
24
24
24
24
24
24
24
24
24
24
24
24
24
tensor(1134.)

Labeled Target set: Average loss: 2.1214, Accuracy: 652/1134 F1 (57.4956%)


Test set: Average loss: 1.6575, Accuracy: 20989/31104 F1 (67.4801%)


Val set: Average loss: 1.8562, Accuracy: 225/360 F1 (62.5000%)

Patience getting saturated, current counter is:  1
best acc test 67.910880  acc val 62.500000 acc labeled target 57.495591
saving model...
S real T painting Train Ep: 5600 lr0.007164016067791809 	 Loss Classification: 0.376951 Loss T 0.093579 Method MME

S real T painting Train Ep: 5700 lr0.0071297657409083726 	 Loss Classification: 0.881207 Loss T 0.055447 Method MME

S real T painting Train Ep: 5800 lr0.0070958950701490225 	 Loss Classification: 0.308964 Loss T 0.105426 Method MME

S real T painting Train Ep: 5900 lr0.007062397483947426 	 Loss Classification: 0.251531 Loss T 0.081526 Method MME

Per Class Accuracy Calculated According to the Labelled Target examples is:  [0.7777778  0.44444445 0.6666667  0.33333334 0.5555556  0.
 0.33333334 0.         0.44444445 0.33333334 0.6666667  0.7777778
 0.11111111 0.22222222 1.         0.7777778  0.7777778  1.
 0.6666667  0.5555556  0.6666667  0.         0.6666667  0.7777778
 0.6666667  0.7777778  1.         0.8888889  1.         0.7777778
 0.7777778  0.         0.6666667  0.7777778  0.6666667  0.6666667
 0.33333334 0.6666667  0.44444445 0.6666667  0.6666667  0.44444445
 0.6666667  0.11111111 0.44444445 0.44444445 0.6666667  0.7777778
 0.         0.6666667  0.11111111 0.33333334 0.8888889  0.6666667
 0.22222222 0.         0.7777778  0.8888889  0.8888889  1.
 0.6666667  0.44444445 0.6666667  0.22222222 0.8888889  0.6666667
 0.         0.8888889  0.7777778  1.         0.6666667  0.33333334
 0.8888889  0.6666667  0.22222222 0.         0.33333334 0.44444445
 1.         1.         0.         1.         0.6666667  0.
 0.8888889  0.11111111 0.11111111 0.6666667  0.22222222 0.7777778
 0.22222222 0.5555556  0.6666667  0.8888889  0.6666667  0.33333334
 0.         0.7777778  0.22222222 0.6666667  0.7777778  0.
 0.7777778  0.8888889  0.6666667  0.6666667  0.6666667  0.33333334
 0.33333334 0.7777778  1.         0.11111111 0.11111111 0.6666667
 0.33333334 1.         0.6666667  1.         0.         1.
 0.8888889  1.         0.6666667  0.8888889  1.         1.        ]
Top k classes which perform poorly are:  [21, 83, 101, 5, 48, 7, 96, 55, 31, 75, 80, 66, 118, 85, 111, 86, 43, 50, 12, 112, 90, 63, 74, 54, 98, 88, 13, 95, 3, 51, 6, 9, 76, 36, 107, 108, 114, 71, 45, 1, 38, 41, 61, 77, 44, 8, 4, 19, 91, 82, 87, 65, 70, 73, 60, 92, 94, 62, 105, 2, 10, 122, 116, 113, 18, 20, 22, 24, 106, 99, 42, 104, 34, 35, 37, 39, 40, 46, 49, 53, 32, 109, 89, 102, 97, 100, 0, 29, 23, 25, 15, 30, 33, 47, 56, 68, 11, 16, 58, 123, 120, 72, 27, 67, 84, 93, 52, 57, 103, 64, 121, 119, 14, 117, 115, 81, 110, 26, 28, 59, 124, 69, 78, 79, 17, 125]
Per cls weights according to the accuracy are:  tensor([1.2297, 1.3206, 1.2567, 1.3583, 1.2869, 1.5000, 1.3583, 1.5000, 1.3206,
        1.3583, 1.2567, 1.2297, 1.4474, 1.4004, 1.1839, 1.2297, 1.2297, 1.1839,
        1.2567, 1.2869, 1.2567, 1.5000, 1.2567, 1.2297, 1.2567, 1.2297, 1.1839,
        1.2056, 1.1839, 1.2297, 1.2297, 1.5000, 1.2567, 1.2297, 1.2567, 1.2567,
        1.3583, 1.2567, 1.3206, 1.2567, 1.2567, 1.3206, 1.2567, 1.4474, 1.3206,
        1.3206, 1.2567, 1.2297, 1.5000, 1.2567, 1.4474, 1.3583, 1.2056, 1.2567,
        1.4004, 1.5000, 1.2297, 1.2056, 1.2056, 1.1839, 1.2567, 1.3206, 1.2567,
        1.4004, 1.2056, 1.2567, 1.5000, 1.2056, 1.2297, 1.1839, 1.2567, 1.3583,
        1.2056, 1.2567, 1.4004, 1.5000, 1.3583, 1.3206, 1.1839, 1.1839, 1.5000,
        1.1839, 1.2567, 1.5000, 1.2056, 1.4474, 1.4474, 1.2567, 1.4004, 1.2297,
        1.4004, 1.2869, 1.2567, 1.2056, 1.2567, 1.3583, 1.5000, 1.2297, 1.4004,
        1.2567, 1.2297, 1.5000, 1.2297, 1.2056, 1.2567, 1.2567, 1.2567, 1.3583,
        1.3583, 1.2297, 1.1839, 1.4474, 1.4474, 1.2567, 1.3583, 1.1839, 1.2567,
        1.1839, 1.5000, 1.1839, 1.2056, 1.1839, 1.2567, 1.2056, 1.1839, 1.1839])
0
1
2
3
4
5
6
7
8
9
10
11
12
13
14
15
16
17
18
19
20
21
22
23
24
25
26
27
28
29
30
31
32
33
34
35
36
37
38
39
40
41
42
43
44
45
46
47
48
49
50
51
52
53
54
55
56
57
58
59
60
61
62
63
64
65
66
67
68
69
70
71
72
73
74
75
76
77
78
79
80
81
82
83
84
85
86
87
88
89
90
91
92
93
94
95
96
97
98
99
100
101
102
103
104
105
106
107
108
109
110
111
112
113
114
115
116
117
118
119
120
121
122
123
124
125
126
127
128
129
130
131
132
133
134
135
136
137
138
139
140
141
142
143
144
145
146
147
148
149
150
151
152
153
154
155
156
157
158
159
160
161
162
163
164
165
166
167
168
169
170
171
172
173
174
175
176
177
178
179
180
181
182
183
184
185
186
187
188
189
190
191
192
193
194
195
196
197
198
199
200
201
202
203
204
205
206
207
208
209
210
211
212
213
214
215
216
217
218
219
220
221
222
223
224
225
226
227
228
229
230
231
232
233
234
235
236
237
238
239
240
241
242
243
244
245
246
247
248
249
250
251
252
253
254
255
256
257
258
259
260
261
262
263
264
265
266
267
268
269
270
271
272
273
274
275
276
277
278
279
280
281
282
283
284
285
286
287
288
289
290
291
292
293
294
295
296
297
298
299
300
301
302
303
304
305
306
307
308
309
310
311
312
313
314
315
316
317
318
319
320
321
322
323
324
325
326
327
328
329
330
331
332
333
334
335
336
337
338
339
340
341
342
343
344
345
346
347
348
349
350
351
352
353
354
355
356
357
358
359
360
361
362
363
364
365
366
367
368
369
370
371
372
373
374
375
376
377
Per cls weights according to the accuracy are:  tensor([0.7703, 0.6794, 0.7433, 0.6417, 0.7131, 0.5000, 0.6417, 0.5000, 0.6794,
        0.6417, 0.7433, 0.7703, 0.5526, 0.5996, 0.8161, 0.7703, 0.7703, 0.8161,
        0.7433, 0.7131, 0.7433, 0.5000, 0.7433, 0.7703, 0.7433, 0.7703, 0.8161,
        0.7944, 0.8161, 0.7703, 0.7703, 0.5000, 0.7433, 0.7703, 0.7433, 0.7433,
        0.6417, 0.7433, 0.6794, 0.7433, 0.7433, 0.6794, 0.7433, 0.5526, 0.6794,
        0.6794, 0.7433, 0.7703, 0.5000, 0.7433, 0.5526, 0.6417, 0.7944, 0.7433,
        0.5996, 0.5000, 0.7703, 0.7944, 0.7944, 0.8161, 0.7433, 0.6794, 0.7433,
        0.5996, 0.7944, 0.7433, 0.5000, 0.7944, 0.7703, 0.8161, 0.7433, 0.6417,
        0.7944, 0.7433, 0.5996, 0.5000, 0.6417, 0.6794, 0.8161, 0.8161, 0.5000,
        0.8161, 0.7433, 0.5000, 0.7944, 0.5526, 0.5526, 0.7433, 0.5996, 0.7703,
        0.5996, 0.7131, 0.7433, 0.7944, 0.7433, 0.6417, 0.5000, 0.7703, 0.5996,
        0.7433, 0.7703, 0.5000, 0.7703, 0.7944, 0.7433, 0.7433, 0.7433, 0.6417,
        0.6417, 0.7703, 0.8161, 0.5526, 0.5526, 0.7433, 0.6417, 0.8161, 0.7433,
        0.8161, 0.5000, 0.8161, 0.7944, 0.8161, 0.7433, 0.7944, 0.8161, 0.8161])
0
1
2
3
4
5
6
7
8
9
10
11
12
13
14
15
16
17
18
19
20
21
22
23
24
25
26
27
28
29
30
31
32
33
34
35
36
37
38
39
40
41
42
43
44
45
46
47
48
49
50
51
52
53
54
55
56
57
58
59
60
61
62
63
64
65
66
67
68
69
70
71
72
73
74
75
76
77
78
79
80
81
82
83
84
85
86
87
88
89
90
91
92
93
94
95
96
97
98
99
100
101
102
103
104
105
106
107
108
109
110
111
112
113
114
115
116
117
118
119
120
121
122
123
124
125
126
127
128
129
130
131
132
133
134
135
136
137
138
139
140
141
142
143
144
145
146
147
148
149
150
151
152
153
154
155
156
157
158
159
160
161
162
163
164
165
166
167
168
169
170
171
172
173
174
175
176
177
178
179
180
181
182
183
184
185
186
187
188
189
190
191
192
193
194
195
196
197
198
199
200
201
202
203
204
205
206
207
208
209
210
211
212
213
214
215
216
217
218
219
220
221
222
223
224
225
226
227
228
229
230
231
232
233
234
235
236
237
238
239
240
241
242
243
244
245
246
247
248
249
250
251
252
253
254
255
256
257
258
259
260
261
262
263
264
265
266
267
268
269
270
271
272
273
274
275
276
277
278
279
280
281
282
283
284
285
286
287
288
289
290
291
292
293
294
295
296
297
298
299
300
301
302
303
304
305
306
307
308
309
310
311
312
313
314
315
316
317
318
319
320
321
322
323
324
325
326
327
328
329
330
331
332
333
334
335
336
337
338
339
340
341
342
343
344
345
346
347
348
349
350
351
352
353
354
355
356
357
358
359
360
361
362
363
364
365
366
367
368
369
370
371
372
373
374
375
376
377
Assigned Classwise weights to source
S real T painting Train Ep: 6000 lr0.007029266564879363 	 Loss Classification: 0.354545 Loss T 0.099759 Method MME

24
24
24
24
24
24
24
24
24
24
24
24
24
24
24
24
tensor(1134.)

Labeled Target set: Average loss: 2.2921, Accuracy: 649/1134 F1 (57.2310%)


Test set: Average loss: 1.7437, Accuracy: 20915/31104 F1 (67.2422%)


Val set: Average loss: 1.9052, Accuracy: 219/360 F1 (60.8333%)

Patience getting saturated, current counter is:  2
best acc test 67.910880  acc val 60.833333 acc labeled target 57.231041
saving model...
S real T painting Train Ep: 6100 lr0.006996496045111504 	 Loss Classification: 0.203443 Loss T 0.076361 Method MME

S real T painting Train Ep: 6200 lr0.00696407980201184 	 Loss Classification: 0.707994 Loss T 0.088290 Method MME

S real T painting Train Ep: 6300 lr0.006932011853915101 	 Loss Classification: 0.808284 Loss T 0.076399 Method MME

S real T painting Train Ep: 6400 lr0.006900286356036734 	 Loss Classification: 0.259959 Loss T 0.068019 Method MME

S real T painting Train Ep: 6500 lr0.006868897596529406 	 Loss Classification: 0.284242 Loss T 0.083472 Method MME

24
24
24
24
24
24
24
24
24
24
24
24
24
24
24
24
tensor(1134.)

Labeled Target set: Average loss: 2.2551, Accuracy: 644/1134 F1 (56.7901%)


Test set: Average loss: 1.6214, Accuracy: 21404/31104 F1 (68.8143%)


Val set: Average loss: 1.7497, Accuracy: 224/360 F1 (62.2222%)

Patience getting saturated, current counter is:  3
best acc test 67.910880  acc val 62.222222 acc labeled target 56.790123
saving model...
S real T painting Train Ep: 6600 lr0.006837839992676177 	 Loss Classification: 0.234028 Loss T 0.065462 Method MME

S real T painting Train Ep: 6700 lr0.006807108087214876 	 Loss Classification: 0.667337 Loss T 0.087613 Method MME

S real T painting Train Ep: 6800 lr0.006776696544788352 	 Loss Classification: 0.390518 Loss T 0.061901 Method MME

S real T painting Train Ep: 6900 lr0.006746600148515609 	 Loss Classification: 0.326937 Loss T 0.067419 Method MME

Per Class Accuracy Calculated According to the Labelled Target examples is:  [0.7777778  0.44444445 0.5555556  0.33333334 0.5555556  0.
 0.33333334 0.11111111 0.44444445 0.44444445 0.7777778  0.6666667
 0.         0.33333334 0.8888889  0.33333334 0.6666667  1.
 1.         0.6666667  0.6666667  0.22222222 0.6666667  0.44444445
 0.44444445 0.7777778  1.         1.         1.         0.8888889
 0.7777778  0.         0.33333334 0.5555556  0.44444445 0.5555556
 0.33333334 0.7777778  0.7777778  0.6666667  0.7777778  0.22222222
 0.8888889  0.7777778  0.6666667  0.6666667  0.7777778  0.6666667
 0.         0.6666667  0.         0.6666667  1.         0.6666667
 0.11111111 0.         0.6666667  1.         0.6666667  1.
 0.6666667  0.5555556  0.6666667  0.22222222 0.7777778  0.6666667
 0.         0.44444445 0.8888889  0.8888889  0.44444445 0.8888889
 1.         0.6666667  0.6666667  0.         0.44444445 0.6666667
 0.7777778  1.         0.         1.         0.6666667  0.
 0.7777778  0.11111111 0.33333334 0.6666667  0.33333334 0.5555556
 0.33333334 0.5555556  0.6666667  0.8888889  0.6666667  0.33333334
 0.         1.         0.33333334 0.5555556  0.8888889  0.11111111
 0.33333334 0.5555556  0.6666667  0.33333334 0.6666667  0.33333334
 0.33333334 0.6666667  0.6666667  0.         0.11111111 0.6666667
 0.22222222 1.         0.5555556  0.7777778  0.         1.
 0.7777778  1.         0.5555556  1.         0.6666667  1.        ]
Top k classes which perform poorly are:  [31, 83, 118, 111, 12, 80, 48, 50, 75, 96, 5, 55, 66, 54, 85, 112, 101, 7, 41, 114, 21, 63, 88, 36, 107, 3, 32, 86, 98, 102, 15, 90, 105, 6, 95, 13, 108, 8, 76, 70, 34, 67, 1, 24, 23, 9, 2, 103, 61, 4, 122, 35, 33, 99, 91, 89, 116, 73, 74, 77, 92, 65, 94, 82, 62, 60, 11, 16, 19, 20, 22, 113, 110, 109, 124, 39, 87, 45, 104, 47, 49, 51, 53, 56, 58, 106, 44, 117, 120, 0, 40, 84, 43, 46, 30, 25, 38, 64, 10, 78, 37, 68, 69, 100, 14, 71, 93, 42, 29, 18, 119, 121, 123, 17, 115, 81, 27, 28, 52, 57, 59, 97, 72, 79, 26, 125]
Per cls weights according to the accuracy are:  tensor([1.2297, 1.3206, 1.2869, 1.3583, 1.2869, 1.5000, 1.3583, 1.4474, 1.3206,
        1.3206, 1.2297, 1.2567, 1.5000, 1.3583, 1.2056, 1.3583, 1.2567, 1.1839,
        1.1839, 1.2567, 1.2567, 1.4004, 1.2567, 1.3206, 1.3206, 1.2297, 1.1839,
        1.1839, 1.1839, 1.2056, 1.2297, 1.5000, 1.3583, 1.2869, 1.3206, 1.2869,
        1.3583, 1.2297, 1.2297, 1.2567, 1.2297, 1.4004, 1.2056, 1.2297, 1.2567,
        1.2567, 1.2297, 1.2567, 1.5000, 1.2567, 1.5000, 1.2567, 1.1839, 1.2567,
        1.4474, 1.5000, 1.2567, 1.1839, 1.2567, 1.1839, 1.2567, 1.2869, 1.2567,
        1.4004, 1.2297, 1.2567, 1.5000, 1.3206, 1.2056, 1.2056, 1.3206, 1.2056,
        1.1839, 1.2567, 1.2567, 1.5000, 1.3206, 1.2567, 1.2297, 1.1839, 1.5000,
        1.1839, 1.2567, 1.5000, 1.2297, 1.4474, 1.3583, 1.2567, 1.3583, 1.2869,
        1.3583, 1.2869, 1.2567, 1.2056, 1.2567, 1.3583, 1.5000, 1.1839, 1.3583,
        1.2869, 1.2056, 1.4474, 1.3583, 1.2869, 1.2567, 1.3583, 1.2567, 1.3583,
        1.3583, 1.2567, 1.2567, 1.5000, 1.4474, 1.2567, 1.4004, 1.1839, 1.2869,
        1.2297, 1.5000, 1.1839, 1.2297, 1.1839, 1.2869, 1.1839, 1.2567, 1.1839])
0
1
2
3
4
5
6
7
8
9
10
11
12
13
14
15
16
17
18
19
20
21
22
23
24
25
26
27
28
29
30
31
32
33
34
35
36
37
38
39
40
41
42
43
44
45
46
47
48
49
50
51
52
53
54
55
56
57
58
59
60
61
62
63
64
65
66
67
68
69
70
71
72
73
74
75
76
77
78
79
80
81
82
83
84
85
86
87
88
89
90
91
92
93
94
95
96
97
98
99
100
101
102
103
104
105
106
107
108
109
110
111
112
113
114
115
116
117
118
119
120
121
122
123
124
125
126
127
128
129
130
131
132
133
134
135
136
137
138
139
140
141
142
143
144
145
146
147
148
149
150
151
152
153
154
155
156
157
158
159
160
161
162
163
164
165
166
167
168
169
170
171
172
173
174
175
176
177
178
179
180
181
182
183
184
185
186
187
188
189
190
191
192
193
194
195
196
197
198
199
200
201
202
203
204
205
206
207
208
209
210
211
212
213
214
215
216
217
218
219
220
221
222
223
224
225
226
227
228
229
230
231
232
233
234
235
236
237
238
239
240
241
242
243
244
245
246
247
248
249
250
251
252
253
254
255
256
257
258
259
260
261
262
263
264
265
266
267
268
269
270
271
272
273
274
275
276
277
278
279
280
281
282
283
284
285
286
287
288
289
290
291
292
293
294
295
296
297
298
299
300
301
302
303
304
305
306
307
308
309
310
311
312
313
314
315
316
317
318
319
320
321
322
323
324
325
326
327
328
329
330
331
332
333
334
335
336
337
338
339
340
341
342
343
344
345
346
347
348
349
350
351
352
353
354
355
356
357
358
359
360
361
362
363
364
365
366
367
368
369
370
371
372
373
374
375
376
377
Per cls weights according to the accuracy are:  tensor([0.7703, 0.6794, 0.7131, 0.6417, 0.7131, 0.5000, 0.6417, 0.5526, 0.6794,
        0.6794, 0.7703, 0.7433, 0.5000, 0.6417, 0.7944, 0.6417, 0.7433, 0.8161,
        0.8161, 0.7433, 0.7433, 0.5996, 0.7433, 0.6794, 0.6794, 0.7703, 0.8161,
        0.8161, 0.8161, 0.7944, 0.7703, 0.5000, 0.6417, 0.7131, 0.6794, 0.7131,
        0.6417, 0.7703, 0.7703, 0.7433, 0.7703, 0.5996, 0.7944, 0.7703, 0.7433,
        0.7433, 0.7703, 0.7433, 0.5000, 0.7433, 0.5000, 0.7433, 0.8161, 0.7433,
        0.5526, 0.5000, 0.7433, 0.8161, 0.7433, 0.8161, 0.7433, 0.7131, 0.7433,
        0.5996, 0.7703, 0.7433, 0.5000, 0.6794, 0.7944, 0.7944, 0.6794, 0.7944,
        0.8161, 0.7433, 0.7433, 0.5000, 0.6794, 0.7433, 0.7703, 0.8161, 0.5000,
        0.8161, 0.7433, 0.5000, 0.7703, 0.5526, 0.6417, 0.7433, 0.6417, 0.7131,
        0.6417, 0.7131, 0.7433, 0.7944, 0.7433, 0.6417, 0.5000, 0.8161, 0.6417,
        0.7131, 0.7944, 0.5526, 0.6417, 0.7131, 0.7433, 0.6417, 0.7433, 0.6417,
        0.6417, 0.7433, 0.7433, 0.5000, 0.5526, 0.7433, 0.5996, 0.8161, 0.7131,
        0.7703, 0.5000, 0.8161, 0.7703, 0.8161, 0.7131, 0.8161, 0.7433, 0.8161])
0
1
2
3
4
5
6
7
8
9
10
11
12
13
14
15
16
17
18
19
20
21
22
23
24
25
26
27
28
29
30
31
32
33
34
35
36
37
38
39
40
41
42
43
44
45
46
47
48
49
50
51
52
53
54
55
56
57
58
59
60
61
62
63
64
65
66
67
68
69
70
71
72
73
74
75
76
77
78
79
80
81
82
83
84
85
86
87
88
89
90
91
92
93
94
95
96
97
98
99
100
101
102
103
104
105
106
107
108
109
110
111
112
113
114
115
116
117
118
119
120
121
122
123
124
125
126
127
128
129
130
131
132
133
134
135
136
137
138
139
140
141
142
143
144
145
146
147
148
149
150
151
152
153
154
155
156
157
158
159
160
161
162
163
164
165
166
167
168
169
170
171
172
173
174
175
176
177
178
179
180
181
182
183
184
185
186
187
188
189
190
191
192
193
194
195
196
197
198
199
200
201
202
203
204
205
206
207
208
209
210
211
212
213
214
215
216
217
218
219
220
221
222
223
224
225
226
227
228
229
230
231
232
233
234
235
236
237
238
239
240
241
242
243
244
245
246
247
248
249
250
251
252
253
254
255
256
257
258
259
260
261
262
263
264
265
266
267
268
269
270
271
272
273
274
275
276
277
278
279
280
281
282
283
284
285
286
287
288
289
290
291
292
293
294
295
296
297
298
299
300
301
302
303
304
305
306
307
308
309
310
311
312
313
314
315
316
317
318
319
320
321
322
323
324
325
326
327
328
329
330
331
332
333
334
335
336
337
338
339
340
341
342
343
344
345
346
347
348
349
350
351
352
353
354
355
356
357
358
359
360
361
362
363
364
365
366
367
368
369
370
371
372
373
374
375
376
377
Assigned Classwise weights to source
S real T painting Train Ep: 7000 lr0.006716813796678979 	 Loss Classification: 0.426854 Loss T 0.105554 Method MME

24
24
24
24
24
24
24
24
24
24
24
24
24
24
24
24
tensor(1134.)

Labeled Target set: Average loss: 2.2621, Accuracy: 652/1134 F1 (57.4956%)


Test set: Average loss: 1.7629, Accuracy: 21119/31104 F1 (67.8980%)


Val set: Average loss: 1.8760, Accuracy: 235/360 F1 (65.2778%)

Patience getting saturated, current counter is:  4
best acc test 67.910880  acc val 65.277778 acc labeled target 57.495591
saving model...
S real T painting Train Ep: 7100 lr0.006687332499522798 	 Loss Classification: 0.550144 Loss T 0.098407 Method MME

S real T painting Train Ep: 7200 lr0.006658151376159165 	 Loss Classification: 0.294456 Loss T 0.072278 Method MME

S real T painting Train Ep: 7300 lr0.00662926565157663 	 Loss Classification: 0.972986 Loss T 0.049154 Method MME

S real T painting Train Ep: 7400 lr0.006600670653747793 	 Loss Classification: 0.259003 Loss T 0.071632 Method MME

S real T painting Train Ep: 7500 lr0.0065723618108320175 	 Loss Classification: 0.527339 Loss T 0.059687 Method MME

24
24
24
24
24
24
24
24
24
24
24
24
24
24
24
24
tensor(1134.)

Labeled Target set: Average loss: 2.2060, Accuracy: 661/1134 F1 (58.2892%)


Test set: Average loss: 1.6637, Accuracy: 21711/31104 F1 (69.8013%)


Val set: Average loss: 1.7061, Accuracy: 231/360 F1 (64.1667%)

Patience getting saturated, current counter is:  5
