Dataset multi Source real Target sketch Labeled num perclass 3 Network resnet34
126 classes in this dataset
23826
Bank keys - Target:  dict_keys(['feat_vec', 'labels', 'names']) Source:  dict_keys(['feat_vec', 'labels', 'names'])
Num  - Target:  23826 Source:  70358
S real T sketch Train Ep: 0 lr0.01 	 Loss Classification: 4.945865 Loss T 0.468262 Method MME

S real T sketch Train Ep: 100 lr0.009925650290240803 	 Loss Classification: 1.051659 Loss T 0.296860 Method MME

S real T sketch Train Ep: 200 lr0.009852577760521605 	 Loss Classification: 1.176227 Loss T 0.171815 Method MME

S real T sketch Train Ep: 300 lr0.009780748269686728 	 Loss Classification: 0.564863 Loss T 0.207025 Method MME

S real T sketch Train Ep: 400 lr0.009710128909124701 	 Loss Classification: 0.823507 Loss T 0.189037 Method MME

S real T sketch Train Ep: 500 lr0.00964068794694323 	 Loss Classification: 0.537055 Loss T 0.163864 Method MME


Test set: Average loss: 2.7362, Accuracy: 9188/23808 F1 (39%)


Test set: Average loss: 2.2969, Accuracy: 164/360 F1 (46%)

best acc test 38.592070 best acc val 45.555556
saving model...
S real T sketch Train Ep: 600 lr0.00957239477517603 	 Loss Classification: 0.663647 Loss T 0.091854 Method MME

S real T sketch Train Ep: 700 lr0.009505219859830012 	 Loss Classification: 0.424879 Loss T 0.060415 Method MME

S real T sketch Train Ep: 800 lr0.009439134693595126 	 Loss Classification: 0.401512 Loss T 0.131804 Method MME

S real T sketch Train Ep: 900 lr0.009374111751051751 	 Loss Classification: 0.153687 Loss T 0.134736 Method MME

S real T sketch Train Ep: 1000 lr0.009310124446222227 	 Loss Classification: 0.473632 Loss T 0.092089 Method MME


Test set: Average loss: 3.2317, Accuracy: 6742/23808 F1 (28%)


Test set: Average loss: 2.8579, Accuracy: 111/360 F1 (31%)

best acc test 38.592070 best acc val 30.833333
saving model...
S real T sketch Train Ep: 1100 lr0.00924714709232377 	 Loss Classification: 0.711298 Loss T 0.142930 Method MME

S real T sketch Train Ep: 1200 lr0.009185154863590003 	 Loss Classification: 0.460452 Loss T 0.084364 Method MME

S real T sketch Train Ep: 1300 lr0.00912412375903735 	 Loss Classification: 0.273359 Loss T 0.042114 Method MME

S real T sketch Train Ep: 1400 lr0.009064030568061049 	 Loss Classification: 0.389618 Loss T 0.130813 Method MME

S real T sketch Train Ep: 1500 lr0.009004852837753237 	 Loss Classification: 0.502533 Loss T 0.087284 Method MME


Test set: Average loss: 3.2274, Accuracy: 8120/23808 F1 (34%)


Test set: Average loss: 2.9638, Accuracy: 137/360 F1 (38%)

best acc test 38.592070 best acc val 38.055556
saving model...
S real T sketch Train Ep: 1600 lr0.008946568841842816 	 Loss Classification: 0.119986 Loss T 0.070776 Method MME

S real T sketch Train Ep: 1700 lr0.008889157551163433 	 Loss Classification: 0.644915 Loss T 0.080482 Method MME

S real T sketch Train Ep: 1800 lr0.008832598605562044 	 Loss Classification: 0.466703 Loss T 0.160442 Method MME

S real T sketch Train Ep: 1900 lr0.008776872287166303 	 Loss Classification: 0.385851 Loss T 0.136438 Method MME

S real T sketch Train Ep: 2000 lr0.008721959494934213 	 Loss Classification: 0.552047 Loss T 0.168384 Method MME


Test set: Average loss: 2.2644, Accuracy: 12188/23808 F1 (51%)


Test set: Average loss: 2.1489, Accuracy: 191/360 F1 (53%)

best acc test 51.192876 best acc val 53.055556
saving model...
S real T sketch Train Ep: 2100 lr0.008667841720414475 	 Loss Classification: 0.498129 Loss T 0.187130 Method MME

S real T sketch Train Ep: 2200 lr0.008614501024650454 	 Loss Classification: 0.279264 Loss T 0.074885 Method MME

S real T sketch Train Ep: 2300 lr0.008561920016164943 	 Loss Classification: 0.391273 Loss T 0.119048 Method MME

S real T sketch Train Ep: 2400 lr0.008510081829966844 	 Loss Classification: 0.418004 Loss T 0.103823 Method MME

S real T sketch Train Ep: 2500 lr0.008458970107524513 	 Loss Classification: 0.314440 Loss T 0.102680 Method MME


Test set: Average loss: 2.2840, Accuracy: 13179/23808 F1 (55%)


Test set: Average loss: 2.1161, Accuracy: 208/360 F1 (58%)

best acc test 55.355343 best acc val 57.777778
saving model...
S real T sketch Train Ep: 2600 lr0.008408568977653933 	 Loss Classification: 0.265050 Loss T 0.067004 Method MME

S real T sketch Train Ep: 2700 lr0.00835886303827305 	 Loss Classification: 0.380880 Loss T 0.091219 Method MME

S real T sketch Train Ep: 2800 lr0.008309837338976545 	 Loss Classification: 0.377564 Loss T 0.117206 Method MME

S real T sketch Train Ep: 2900 lr0.008261477364388068 	 Loss Classification: 0.291018 Loss T 0.083750 Method MME

S real T sketch Train Ep: 3000 lr0.008213769018249545 	 Loss Classification: 0.351630 Loss T 0.108940 Method MME


Test set: Average loss: 2.3998, Accuracy: 13106/23808 F1 (55%)


Test set: Average loss: 2.2968, Accuracy: 206/360 F1 (57%)

best acc test 55.355343 best acc val 57.222222
saving model...
S real T sketch Train Ep: 3100 lr0.008166698608209509 	 Loss Classification: 0.936291 Loss T 0.096151 Method MME

S real T sketch Train Ep: 3200 lr0.008120252831274708 	 Loss Classification: 0.453931 Loss T 0.096479 Method MME

S real T sketch Train Ep: 3300 lr0.008074418759891278 	 Loss Classification: 0.161711 Loss T 0.079333 Method MME

S real T sketch Train Ep: 3400 lr0.008029183828623731 	 Loss Classification: 0.320974 Loss T 0.078211 Method MME

S real T sketch Train Ep: 3500 lr0.007984535821401871 	 Loss Classification: 0.537160 Loss T 0.042312 Method MME


Test set: Average loss: 3.1326, Accuracy: 9776/23808 F1 (41%)

