Dataset multi Source real Target sketch Labeled num perclass 3 Network resnet34
126 classes in this dataset
Labelled Source Examples:  70358
Unlabelled Target Dataset Size:  23826
Labelled Target Dataset Size:  378
Misc. Labelled Target Dataset Size:  378
Bank keys - Target:  dict_keys(['feat_vec', 'labels', 'names', 'domain_identifier']) Source:  dict_keys(['feat_vec', 'labels', 'names', 'domain_identifier'])
Num  - Target:  23826 Source:  70358
Unlabeled Target Data Batches: 496
S real T sketch Train Ep: 0 lr0.01 	 Loss Classification: 4.901090 Loss T 0.471588 Method MME

24
24
24
24
24
24
24
24
24
24
24
24
24
24
24
24
tensor(1134.)

Labeled Target set: Average loss: 4.9657, Accuracy: 14/1134 F1 (1.2346%)


Test set: Average loss: 5.0136, Accuracy: 163/23808 F1 (0.6846%)


Val set: Average loss: 4.9830, Accuracy: 2/360 F1 (0.5556%)

best acc test 0.684644  acc val 0.555556 acc labeled target 1.234568
saving model...
S real T sketch Train Ep: 100 lr0.009925650290240803 	 Loss Classification: 1.443146 Loss T 0.279575 Method MME

S real T sketch Train Ep: 200 lr0.009852577760521605 	 Loss Classification: 0.835125 Loss T 0.233512 Method MME

S real T sketch Train Ep: 300 lr0.009780748269686728 	 Loss Classification: 0.881733 Loss T 0.189162 Method MME

S real T sketch Train Ep: 400 lr0.009710128909124701 	 Loss Classification: 0.897822 Loss T 0.182032 Method MME

S real T sketch Train Ep: 500 lr0.00964068794694323 	 Loss Classification: 0.776183 Loss T 0.165501 Method MME

24
24
24
24
24
24
24
24
24
24
24
24
24
24
24
24
tensor(1134.)

Labeled Target set: Average loss: 2.7409, Accuracy: 457/1134 F1 (40.2998%)


Test set: Average loss: 2.5346, Accuracy: 11079/23808 F1 (46.5348%)


Val set: Average loss: 2.4688, Accuracy: 170/360 F1 (47.2222%)

best acc test 46.534778  acc val 47.222222 acc labeled target 40.299824
saving model...
S real T sketch Train Ep: 600 lr0.00957239477517603 	 Loss Classification: 1.179925 Loss T 0.139074 Method MME

S real T sketch Train Ep: 700 lr0.009505219859830012 	 Loss Classification: 0.570706 Loss T 0.164140 Method MME

S real T sketch Train Ep: 800 lr0.009439134693595126 	 Loss Classification: 0.882830 Loss T 0.156028 Method MME

S real T sketch Train Ep: 900 lr0.009374111751051751 	 Loss Classification: 0.542575 Loss T 0.150049 Method MME

S real T sketch Train Ep: 1000 lr0.009310124446222227 	 Loss Classification: 0.925787 Loss T 0.122904 Method MME

24
24
24
24
24
24
24
24
24
24
24
24
24
24
24
24
tensor(1134.)

Labeled Target set: Average loss: 2.5790, Accuracy: 526/1134 F1 (46.3845%)


Test set: Average loss: 2.3624, Accuracy: 12346/23808 F1 (51.8565%)


Val set: Average loss: 2.3636, Accuracy: 186/360 F1 (51.6667%)

best acc test 51.856519  acc val 51.666667 acc labeled target 46.384480
saving model...
S real T sketch Train Ep: 1100 lr0.00924714709232377 	 Loss Classification: 1.089200 Loss T 0.140029 Method MME

S real T sketch Train Ep: 1200 lr0.009185154863590003 	 Loss Classification: 1.461715 Loss T 0.149700 Method MME

S real T sketch Train Ep: 1300 lr0.00912412375903735 	 Loss Classification: 0.684246 Loss T 0.120561 Method MME

S real T sketch Train Ep: 1400 lr0.009064030568061049 	 Loss Classification: 0.867483 Loss T 0.110464 Method MME

S real T sketch Train Ep: 1500 lr0.009004852837753237 	 Loss Classification: 1.483854 Loss T 0.098200 Method MME

24
24
24
24
24
24
24
24
24
24
24
24
24
24
24
24
tensor(1134.)

Labeled Target set: Average loss: 2.4177, Accuracy: 537/1134 F1 (47.3545%)


Test set: Average loss: 2.1674, Accuracy: 13091/23808 F1 (54.9857%)


Val set: Average loss: 2.1013, Accuracy: 195/360 F1 (54.1667%)

best acc test 54.985719  acc val 54.166667 acc labeled target 47.354497
saving model...
S real T sketch Train Ep: 1600 lr0.008946568841842816 	 Loss Classification: 0.689360 Loss T 0.113567 Method MME

S real T sketch Train Ep: 1700 lr0.008889157551163433 	 Loss Classification: 0.890326 Loss T 0.120929 Method MME

S real T sketch Train Ep: 1800 lr0.008832598605562044 	 Loss Classification: 0.775798 Loss T 0.118309 Method MME

S real T sketch Train Ep: 1900 lr0.008776872287166303 	 Loss Classification: 0.509006 Loss T 0.122923 Method MME

Per Class Accuracy Calculated According to the Labelled Target examples is:  [1.         1.         0.33333334 0.22222222 0.44444445 0.22222222
 0.11111111 0.8888889  0.22222222 0.44444445 0.6666667  0.8888889
 0.         0.22222222 0.44444445 0.11111111 1.         1.
 0.6666667  0.11111111 0.5555556  0.5555556  0.         0.22222222
 0.33333334 0.22222222 0.         0.33333334 0.5555556  0.22222222
 0.6666667  0.33333334 0.         0.7777778  0.5555556  0.33333334
 0.33333334 0.         1.         0.6666667  0.7777778  1.
 0.         0.33333334 0.44444445 0.5555556  1.         0.6666667
 0.6666667  1.         0.33333334 0.22222222 0.6666667  0.6666667
 0.         0.5555556  0.5555556  0.6666667  1.         0.8888889
 0.7777778  0.22222222 0.8888889  0.22222222 0.44444445 0.7777778
 0.11111111 0.6666667  0.33333334 0.8888889  0.         0.22222222
 0.5555556  0.33333334 0.6666667  0.33333334 0.         0.6666667
 0.5555556  0.         0.         0.22222222 0.         0.5555556
 0.44444445 0.22222222 0.6666667  0.6666667  0.         0.33333334
 0.33333334 0.7777778  0.5555556  0.8888889  1.         0.6666667
 0.7777778  0.8888889  0.         0.33333334 0.8888889  0.33333334
 0.6666667  0.44444445 0.44444445 0.         0.22222222 0.33333334
 0.33333334 0.11111111 0.22222222 0.5555556  0.6666667  1.
 0.11111111 1.         0.         0.6666667  0.44444445 0.33333334
 0.7777778  0.8888889  0.6666667  0.         0.         0.8888889 ]
Top k classes which perform poorly are:  [105, 37, 26, 80, 42, 22, 116, 54, 88, 32, 124, 12, 98, 123, 70, 79, 82, 76, 6, 66, 15, 19, 114, 109, 85, 63, 51, 110, 71, 61, 81, 3, 29, 5, 8, 106, 23, 25, 13, 31, 89, 119, 101, 68, 73, 75, 2, 99, 50, 108, 90, 36, 24, 27, 43, 35, 107, 44, 14, 104, 64, 9, 84, 118, 4, 103, 34, 83, 78, 72, 28, 56, 111, 55, 45, 21, 92, 20, 95, 86, 87, 102, 52, 74, 67, 122, 10, 112, 57, 53, 48, 47, 117, 77, 39, 18, 30, 120, 40, 96, 91, 60, 65, 33, 121, 62, 125, 97, 93, 69, 59, 7, 11, 100, 1, 16, 17, 38, 46, 115, 49, 113, 58, 94, 41, 0]
Assigned Classwise weights to source
S real T sketch Train Ep: 2000 lr0.008721959494934213 	 Loss Classification: 0.813323 Loss T 0.117735 Method MME

24
24
24
24
24
24
24
24
24
24
24
24
24
24
24
24
tensor(1134.)

Labeled Target set: Average loss: 2.3277, Accuracy: 582/1134 F1 (51.3228%)


Test set: Average loss: 2.1579, Accuracy: 13432/23808 F1 (56.4180%)


Val set: Average loss: 2.0824, Accuracy: 195/360 F1 (54.1667%)

best acc test 56.418011  acc val 54.166667 acc labeled target 51.322751
saving model...
S real T sketch Train Ep: 2100 lr0.008667841720414475 	 Loss Classification: 0.562746 Loss T 0.097627 Method MME

S real T sketch Train Ep: 2200 lr0.008614501024650454 	 Loss Classification: 1.076313 Loss T 0.121605 Method MME

S real T sketch Train Ep: 2300 lr0.008561920016164943 	 Loss Classification: 1.353602 Loss T 0.101964 Method MME

S real T sketch Train Ep: 2400 lr0.008510081829966844 	 Loss Classification: 0.668552 Loss T 0.106961 Method MME

S real T sketch Train Ep: 2500 lr0.008458970107524513 	 Loss Classification: 0.577146 Loss T 0.122713 Method MME

24
24
24
24
24
24
24
24
24
24
24
24
24
24
24
24
tensor(1134.)

Labeled Target set: Average loss: 2.2933, Accuracy: 604/1134 F1 (53.2628%)


Test set: Average loss: 2.0862, Accuracy: 13900/23808 F1 (58.3837%)


Val set: Average loss: 1.9291, Accuracy: 208/360 F1 (57.7778%)

best acc test 58.383737  acc val 57.777778 acc labeled target 53.262787
saving model...
S real T sketch Train Ep: 2600 lr0.008408568977653933 	 Loss Classification: 0.670946 Loss T 0.115198 Method MME

S real T sketch Train Ep: 2700 lr0.00835886303827305 	 Loss Classification: 1.061540 Loss T 0.122776 Method MME

S real T sketch Train Ep: 2800 lr0.008309837338976545 	 Loss Classification: 0.695341 Loss T 0.107346 Method MME

S real T sketch Train Ep: 2900 lr0.008261477364388068 	 Loss Classification: 0.710416 Loss T 0.100993 Method MME

Per Class Accuracy Calculated According to the Labelled Target examples is:  [0.44444445 1.         0.5555556  0.44444445 0.44444445 0.33333334
 0.5555556  0.8888889  0.6666667  0.         0.6666667  1.
 0.         0.11111111 0.5555556  0.         1.         1.
 0.44444445 0.11111111 0.6666667  0.8888889  1.         0.33333334
 0.22222222 0.22222222 0.         0.6666667  0.6666667  0.33333334
 0.7777778  0.33333334 0.33333334 0.6666667  0.8888889  0.
 0.33333334 0.         0.6666667  0.6666667  0.7777778  0.8888889
 0.11111111 0.44444445 0.6666667  0.5555556  1.         0.7777778
 0.33333334 1.         0.33333334 0.         0.8888889  0.5555556
 0.6666667  0.33333334 0.8888889  0.6666667  0.6666667  1.
 0.8888889  0.         1.         0.22222222 0.7777778  0.5555556
 0.11111111 0.6666667  0.33333334 0.8888889  0.11111111 0.33333334
 1.         0.7777778  1.         0.33333334 0.         0.7777778
 0.8888889  0.33333334 0.         1.         0.33333334 0.6666667
 0.6666667  0.7777778  1.         0.6666667  0.         0.22222222
 0.33333334 0.8888889  0.6666667  0.8888889  1.         0.33333334
 0.44444445 1.         0.6666667  0.11111111 1.         0.44444445
 0.5555556  0.8888889  0.5555556  0.         0.33333334 0.5555556
 0.         0.22222222 0.33333334 0.7777778  0.44444445 0.6666667
 0.7777778  0.8888889  0.         0.6666667  0.11111111 0.33333334
 0.33333334 0.7777778  0.6666667  0.         0.         0.6666667 ]
Top k classes which perform poorly are:  [88, 105, 108, 26, 51, 35, 116, 15, 61, 12, 37, 9, 76, 124, 80, 123, 118, 70, 19, 42, 66, 13, 99, 89, 63, 24, 25, 109, 95, 48, 68, 90, 55, 79, 82, 50, 36, 75, 5, 120, 106, 32, 71, 110, 23, 31, 119, 29, 18, 112, 0, 96, 4, 3, 43, 101, 65, 2, 6, 14, 104, 53, 107, 45, 102, 83, 84, 87, 122, 92, 98, 117, 113, 125, 20, 39, 10, 38, 54, 33, 57, 44, 58, 8, 28, 67, 27, 30, 85, 64, 77, 114, 111, 47, 40, 121, 73, 34, 103, 115, 41, 21, 91, 52, 56, 60, 7, 78, 69, 93, 16, 11, 1, 17, 74, 100, 97, 46, 94, 49, 86, 59, 81, 72, 22, 62]
Assigned Classwise weights to source
S real T sketch Train Ep: 3000 lr0.008213769018249545 	 Loss Classification: 0.772568 Loss T 0.100396 Method MME

24
24
24
24
24
24
24
24
24
24
24
24
24
24
24
24
tensor(1134.)

Labeled Target set: Average loss: 2.2275, Accuracy: 634/1134 F1 (55.9083%)


Test set: Average loss: 2.0970, Accuracy: 14155/23808 F1 (59.4548%)


Val set: Average loss: 1.8140, Accuracy: 224/360 F1 (62.2222%)

best acc test 59.454805  acc val 62.222222 acc labeled target 55.908289
saving model...
S real T sketch Train Ep: 3100 lr0.008166698608209509 	 Loss Classification: 0.497883 Loss T 0.095242 Method MME

S real T sketch Train Ep: 3200 lr0.008120252831274708 	 Loss Classification: 0.120984 Loss T 0.099290 Method MME

S real T sketch Train Ep: 3300 lr0.008074418759891278 	 Loss Classification: 0.665237 Loss T 0.087825 Method MME

S real T sketch Train Ep: 3400 lr0.008029183828623731 	 Loss Classification: 0.156827 Loss T 0.086784 Method MME

S real T sketch Train Ep: 3500 lr0.007984535821401871 	 Loss Classification: 0.383456 Loss T 0.088428 Method MME

24
24
24
24
24
24
24
24
24
24
24
24
24
24
24
24
tensor(1134.)

Labeled Target set: Average loss: 2.1330, Accuracy: 634/1134 F1 (55.9083%)


Test set: Average loss: 2.0529, Accuracy: 14482/23808 F1 (60.8283%)


Val set: Average loss: 1.9337, Accuracy: 214/360 F1 (59.4444%)

best acc test 59.454805  acc val 59.444444 acc labeled target 55.908289
saving model...
S real T sketch Train Ep: 3600 lr0.007940462859307384 	 Loss Classification: 0.265990 Loss T 0.100799 Method MME

S real T sketch Train Ep: 3700 lr0.007896953388873518 	 Loss Classification: 0.329382 Loss T 0.062237 Method MME

S real T sketch Train Ep: 3800 lr0.007853996170872714 	 Loss Classification: 0.582931 Loss T 0.075952 Method MME

S real T sketch Train Ep: 3900 lr0.00781158026956848 	 Loss Classification: 0.244623 Loss T 0.090242 Method MME

Per Class Accuracy Calculated According to the Labelled Target examples is:  [0.8888889  1.         0.6666667  0.44444445 0.8888889  0.33333334
 0.5555556  1.         0.5555556  0.         0.7777778  1.
 0.         0.33333334 0.44444445 0.11111111 1.         1.
 1.         0.44444445 0.6666667  0.8888889  0.6666667  0.22222222
 0.33333334 0.33333334 0.         0.8888889  0.6666667  0.22222222
 0.5555556  0.5555556  0.11111111 0.7777778  0.5555556  0.33333334
 0.33333334 0.         0.8888889  0.6666667  0.5555556  1.
 0.         0.         0.5555556  0.5555556  1.         0.6666667
 0.6666667  0.8888889  0.33333334 0.33333334 1.         0.5555556
 0.5555556  0.6666667  0.5555556  0.7777778  0.7777778  0.8888889
 1.         0.         1.         0.33333334 0.7777778  0.6666667
 0.22222222 0.6666667  0.22222222 0.7777778  0.         0.5555556
 1.         0.7777778  1.         0.33333334 0.         0.7777778
 1.         0.5555556  0.         1.         0.         1.
 0.5555556  0.44444445 1.         0.6666667  0.         0.33333334
 0.11111111 1.         0.5555556  0.8888889  0.7777778  0.44444445
 0.33333334 0.8888889  0.11111111 0.33333334 0.8888889  0.6666667
 0.5555556  1.         0.5555556  0.         0.22222222 0.5555556
 0.         0.33333334 0.44444445 0.7777778  0.8888889  1.
 0.6666667  1.         0.         0.6666667  0.22222222 0.22222222
 0.5555556  0.6666667  1.         0.         0.         1.        ]
Top k classes which perform poorly are:  [105, 88, 108, 82, 80, 76, 70, 124, 61, 43, 42, 37, 26, 116, 123, 12, 9, 98, 90, 32, 15, 118, 119, 66, 23, 68, 29, 106, 36, 35, 5, 99, 50, 109, 75, 25, 24, 89, 51, 13, 63, 96, 14, 110, 3, 85, 19, 95, 79, 71, 6, 8, 84, 102, 107, 56, 53, 40, 30, 44, 45, 34, 92, 31, 120, 104, 54, 101, 121, 28, 39, 55, 117, 87, 48, 20, 114, 67, 47, 65, 2, 22, 57, 111, 77, 73, 10, 69, 64, 58, 33, 94, 100, 97, 0, 112, 59, 49, 38, 27, 21, 4, 93, 113, 122, 115, 62, 91, 1, 7, 11, 16, 17, 18, 41, 103, 46, 60, 72, 74, 78, 81, 83, 86, 52, 125]
Assigned Classwise weights to source
S real T sketch Train Ep: 4000 lr0.007769695042409123 	 Loss Classification: 1.309855 Loss T 0.079881 Method MME

24
24
24
24
24
24
24
24
24
24
24
24
24
24
24
24
tensor(1134.)

Labeled Target set: Average loss: 2.2265, Accuracy: 628/1134 F1 (55.3792%)


Test set: Average loss: 1.9823, Accuracy: 14841/23808 F1 (62.3362%)


Val set: Average loss: 1.9538, Accuracy: 215/360 F1 (59.7222%)

best acc test 59.454805  acc val 59.722222 acc labeled target 55.379189
saving model...
S real T sketch Train Ep: 4100 lr0.007728330130142108 	 Loss Classification: 0.537808 Loss T 0.088515 Method MME

S real T sketch Train Ep: 4200 lr0.007687475447329114 	 Loss Classification: 0.349521 Loss T 0.096694 Method MME

S real T sketch Train Ep: 4300 lr0.0076471211732427845 	 Loss Classification: 0.907464 Loss T 0.100722 Method MME

S real T sketch Train Ep: 4400 lr0.007607257743127307 	 Loss Classification: 0.270765 Loss T 0.095578 Method MME

S real T sketch Train Ep: 4500 lr0.007567875839805858 	 Loss Classification: 0.648581 Loss T 0.105111 Method MME

24
24
24
24
24
24
24
24
24
24
24
24
24
24
24
24
tensor(1134.)

Labeled Target set: Average loss: 2.2323, Accuracy: 644/1134 F1 (56.7901%)


Test set: Average loss: 2.0321, Accuracy: 14656/23808 F1 (61.5591%)


Val set: Average loss: 2.0034, Accuracy: 205/360 F1 (56.9444%)

best acc test 59.454805  acc val 56.944444 acc labeled target 56.790123
saving model...
S real T sketch Train Ep: 4600 lr0.007528966385618854 	 Loss Classification: 0.219219 Loss T 0.075109 Method MME

S real T sketch Train Ep: 4700 lr0.007490520534677821 	 Loss Classification: 0.933762 Loss T 0.083597 Method MME

S real T sketch Train Ep: 4800 lr0.007452529665420465 	 Loss Classification: 0.271672 Loss T 0.071213 Method MME

S real T sketch Train Ep: 4900 lr0.007414985373453289 	 Loss Classification: 0.274799 Loss T 0.098766 Method MME

Per Class Accuracy Calculated According to the Labelled Target examples is:  [0.6666667  1.         0.5555556  0.6666667  0.8888889  0.33333334
 0.44444445 0.7777778  0.8888889  0.         1.         1.
 0.         0.         0.44444445 0.         0.7777778  1.
 0.8888889  0.22222222 0.6666667  1.         0.5555556  0.5555556
 0.5555556  0.33333334 0.         0.6666667  0.44444445 0.33333334
 0.7777778  0.33333334 0.11111111 0.6666667  0.         0.22222222
 0.11111111 0.         0.8888889  1.         0.6666667  0.8888889
 0.11111111 0.44444445 0.44444445 0.44444445 1.         0.8888889
 0.5555556  1.         0.33333334 0.         1.         0.5555556
 0.8888889  0.5555556  0.7777778  0.5555556  1.         0.8888889
 0.8888889  0.         0.8888889  0.44444445 0.5555556  0.6666667
 0.33333334 0.5555556  0.33333334 1.         0.         0.6666667
 0.6666667  0.5555556  0.7777778  0.33333334 0.5555556  0.6666667
 1.         0.8888889  0.         1.         0.         0.5555556
 0.6666667  0.8888889  1.         0.6666667  0.         0.5555556
 0.44444445 0.8888889  0.6666667  0.6666667  1.         0.5555556
 0.6666667  1.         0.44444445 0.33333334 0.8888889  0.5555556
 0.6666667  0.8888889  0.5555556  0.         0.33333334 0.5555556
 0.         0.5555556  0.33333334 0.7777778  0.8888889  0.8888889
 0.6666667  1.         0.11111111 0.6666667  0.         0.11111111
 1.         0.7777778  0.7777778  0.         0.         1.        ]
Top k classes which perform poorly are:  [34, 124, 61, 105, 51, 108, 80, 37, 82, 26, 15, 13, 70, 118, 9, 123, 12, 88, 36, 42, 32, 116, 119, 19, 35, 5, 106, 66, 68, 99, 50, 75, 110, 29, 25, 31, 14, 63, 98, 45, 44, 43, 90, 28, 6, 24, 67, 64, 83, 2, 104, 95, 57, 23, 55, 73, 53, 107, 89, 48, 109, 22, 101, 76, 84, 72, 87, 71, 77, 96, 0, 65, 3, 117, 20, 114, 27, 102, 33, 93, 40, 92, 111, 74, 56, 16, 121, 7, 122, 30, 113, 112, 103, 100, 62, 91, 41, 47, 18, 54, 60, 59, 79, 8, 85, 4, 38, 10, 21, 11, 17, 115, 1, 120, 46, 94, 49, 52, 58, 69, 78, 81, 97, 86, 39, 125]
Assigned Classwise weights to source
S real T sketch Train Ep: 5000 lr0.007377879464668811 	 Loss Classification: 0.711015 Loss T 0.060038 Method MME

24
24
24
24
24
24
24
24
24
24
24
24
24
24
24
24
tensor(1134.)

Labeled Target set: Average loss: 2.1297, Accuracy: 672/1134 F1 (59.2593%)


Test set: Average loss: 1.9943, Accuracy: 15001/23808 F1 (63.0082%)


Val set: Average loss: 1.8913, Accuracy: 219/360 F1 (60.8333%)

best acc test 59.454805  acc val 60.833333 acc labeled target 59.259259
saving model...
S real T sketch Train Ep: 5100 lr0.007341203948625087 	 Loss Classification: 0.418985 Loss T 0.085629 Method MME

S real T sketch Train Ep: 5200 lr0.007304951032175895 	 Loss Classification: 0.204791 Loss T 0.091969 Method MME

S real T sketch Train Ep: 5300 lr0.007269113113340497 	 Loss Classification: 1.042873 Loss T 0.084203 Method MME

S real T sketch Train Ep: 5400 lr0.007233682775402483 	 Loss Classification: 0.362854 Loss T 0.082904 Method MME

S real T sketch Train Ep: 5500 lr0.007198652781227704 	 Loss Classification: 0.449541 Loss T 0.068460 Method MME

24
24
24
24
24
24
24
24
24
24
24
24
24
24
24
24
tensor(1134.)

Labeled Target set: Average loss: 2.1565, Accuracy: 653/1134 F1 (57.5838%)


Test set: Average loss: 1.9817, Accuracy: 15087/23808 F1 (63.3695%)


Val set: Average loss: 1.9069, Accuracy: 215/360 F1 (59.7222%)

best acc test 59.454805  acc val 59.722222 acc labeled target 57.583774
saving model...
S real T sketch Train Ep: 5600 lr0.007164016067791809 	 Loss Classification: 0.803951 Loss T 0.078296 Method MME

S real T sketch Train Ep: 5700 lr0.0071297657409083726 	 Loss Classification: 0.648026 Loss T 0.050661 Method MME

S real T sketch Train Ep: 5800 lr0.0070958950701490225 	 Loss Classification: 0.537902 Loss T 0.088471 Method MME

S real T sketch Train Ep: 5900 lr0.007062397483947426 	 Loss Classification: 0.074073 Loss T 0.067273 Method MME

Per Class Accuracy Calculated According to the Labelled Target examples is:  [0.7777778  1.         0.7777778  0.5555556  0.8888889  0.33333334
 0.6666667  0.8888889  0.6666667  0.22222222 0.8888889  1.
 0.         0.         0.5555556  0.         0.33333334 1.
 0.6666667  0.33333334 0.6666667  1.         0.44444445 0.6666667
 0.33333334 0.         0.         0.8888889  0.44444445 0.33333334
 0.6666667  0.5555556  0.22222222 0.44444445 0.44444445 0.11111111
 0.22222222 0.         0.7777778  0.7777778  0.5555556  0.6666667
 0.5555556  0.44444445 0.5555556  0.6666667  1.         0.6666667
 0.33333334 1.         0.33333334 0.33333334 1.         0.33333334
 0.8888889  0.44444445 0.7777778  0.6666667  1.         1.
 0.8888889  0.         1.         0.33333334 0.8888889  0.7777778
 0.44444445 0.6666667  0.11111111 1.         0.         0.7777778
 0.5555556  0.7777778  1.         0.33333334 0.         0.8888889
 1.         0.6666667  0.         1.         0.33333334 0.11111111
 0.7777778  0.33333334 0.8888889  0.6666667  0.         0.5555556
 0.44444445 1.         0.5555556  1.         1.         0.44444445
 0.5555556  1.         0.33333334 0.33333334 1.         0.5555556
 0.6666667  0.6666667  0.6666667  0.         0.33333334 0.6666667
 0.         0.8888889  0.33333334 0.6666667  0.8888889  1.
 0.7777778  0.8888889  0.44444445 0.6666667  0.11111111 0.33333334
 1.         1.         0.7777778  0.         0.         1.        ]
Top k classes which perform poorly are:  [105, 88, 37, 26, 25, 108, 76, 15, 13, 12, 80, 124, 123, 70, 61, 35, 83, 118, 68, 9, 36, 32, 48, 75, 29, 119, 82, 50, 63, 98, 24, 110, 53, 85, 5, 19, 16, 106, 99, 51, 55, 116, 43, 33, 95, 22, 90, 28, 66, 34, 89, 3, 101, 72, 14, 31, 96, 42, 92, 40, 44, 107, 111, 102, 87, 103, 79, 117, 57, 47, 104, 67, 30, 45, 23, 41, 18, 8, 6, 20, 122, 38, 39, 2, 65, 0, 73, 56, 114, 71, 84, 4, 64, 7, 10, 60, 54, 109, 115, 27, 77, 112, 86, 113, 120, 121, 62, 97, 1, 11, 17, 21, 46, 49, 52, 100, 58, 69, 74, 78, 81, 91, 93, 94, 59, 125]
Assigned Classwise weights to source
S real T sketch Train Ep: 6000 lr0.007029266564879363 	 Loss Classification: 0.671409 Loss T 0.065260 Method MME

24
24
24
24
24
24
24
24
24
24
24
24
24
24
24
24
tensor(1134.)

Labeled Target set: Average loss: 2.0485, Accuracy: 690/1134 F1 (60.8466%)


Test set: Average loss: 1.9116, Accuracy: 15372/23808 F1 (64.5665%)


Val set: Average loss: 1.9067, Accuracy: 221/360 F1 (61.3889%)

best acc test 59.454805  acc val 61.388889 acc labeled target 60.846561
saving model...
S real T sketch Train Ep: 6100 lr0.006996496045111504 	 Loss Classification: 0.504897 Loss T 0.081848 Method MME

S real T sketch Train Ep: 6200 lr0.00696407980201184 	 Loss Classification: 0.202594 Loss T 0.070878 Method MME

S real T sketch Train Ep: 6300 lr0.006932011853915101 	 Loss Classification: 0.222448 Loss T 0.076615 Method MME

S real T sketch Train Ep: 6400 lr0.006900286356036734 	 Loss Classification: 0.602374 Loss T 0.077268 Method MME

S real T sketch Train Ep: 6500 lr0.006868897596529406 	 Loss Classification: 0.453924 Loss T 0.062633 Method MME

24
24
24
24
24
24
24
24
24
24
24
24
24
24
24
24
tensor(1134.)

Labeled Target set: Average loss: 2.2142, Accuracy: 678/1134 F1 (59.7884%)


Test set: Average loss: 1.9979, Accuracy: 15338/23808 F1 (64.4237%)


Val set: Average loss: 1.9416, Accuracy: 225/360 F1 (62.5000%)

best acc test 64.423723  acc val 62.500000 acc labeled target 59.788360
saving model...
S real T sketch Train Ep: 6600 lr0.006837839992676177 	 Loss Classification: 0.485678 Loss T 0.085569 Method MME

S real T sketch Train Ep: 6700 lr0.006807108087214876 	 Loss Classification: 0.331704 Loss T 0.073840 Method MME

S real T sketch Train Ep: 6800 lr0.006776696544788352 	 Loss Classification: 0.064658 Loss T 0.069445 Method MME

S real T sketch Train Ep: 6900 lr0.006746600148515609 	 Loss Classification: 0.635645 Loss T 0.063995 Method MME

Per Class Accuracy Calculated According to the Labelled Target examples is:  [0.33333334 1.         0.7777778  0.6666667  1.         0.11111111
 0.5555556  0.8888889  0.7777778  0.22222222 1.         0.8888889
 0.         0.         0.22222222 0.         1.         1.
 1.         0.11111111 0.5555556  1.         0.22222222 0.8888889
 0.33333334 0.33333334 0.         0.6666667  0.6666667  0.44444445
 1.         0.5555556  0.5555556  0.5555556  0.5555556  0.
 0.22222222 0.         0.7777778  0.8888889  0.5555556  1.
 0.8888889  0.5555556  0.5555556  0.6666667  1.         0.8888889
 0.6666667  0.8888889  0.33333334 0.33333334 1.         0.44444445
 0.8888889  0.6666667  0.8888889  0.7777778  1.         0.8888889
 1.         0.33333334 1.         0.33333334 1.         0.6666667
 0.6666667  0.8888889  0.5555556  1.         0.         0.7777778
 1.         0.5555556  0.8888889  0.33333334 0.22222222 0.8888889
 1.         0.5555556  0.         1.         0.22222222 0.33333334
 0.5555556  0.33333334 1.         0.6666667  0.         0.
 0.33333334 0.8888889  0.6666667  0.7777778  0.6666667  0.5555556
 0.44444445 0.7777778  0.6666667  0.6666667  0.8888889  0.5555556
 0.7777778  0.8888889  0.7777778  0.         0.22222222 0.5555556
 0.         0.5555556  0.33333334 0.7777778  0.7777778  1.
 1.         0.8888889  0.22222222 0.6666667  0.11111111 0.33333334
 0.44444445 0.8888889  0.7777778  0.         0.         1.        ]
Top k classes which perform poorly are:  [37, 89, 26, 88, 105, 15, 13, 12, 80, 35, 124, 123, 108, 70, 5, 118, 19, 82, 106, 116, 14, 36, 76, 9, 22, 90, 61, 51, 85, 83, 63, 50, 110, 0, 75, 25, 119, 24, 53, 96, 120, 29, 109, 68, 79, 101, 107, 84, 73, 33, 6, 34, 20, 32, 31, 40, 44, 43, 95, 3, 94, 66, 65, 92, 117, 98, 45, 27, 55, 48, 87, 99, 28, 97, 93, 102, 104, 71, 2, 111, 122, 112, 57, 8, 38, 77, 100, 7, 121, 11, 23, 39, 42, 91, 74, 47, 49, 103, 54, 56, 59, 67, 115, 114, 113, 62, 81, 1, 4, 10, 16, 17, 18, 21, 30, 41, 46, 52, 58, 60, 64, 69, 72, 78, 86, 125]
Assigned Classwise weights to source
S real T sketch Train Ep: 7000 lr0.006716813796678979 	 Loss Classification: 0.045249 Loss T 0.064961 Method MME

24
24
24
24
24
24
24
24
24
24
24
24
24
24
24
24
tensor(1134.)

Labeled Target set: Average loss: 2.1807, Accuracy: 674/1134 F1 (59.4356%)


Test set: Average loss: 1.9941, Accuracy: 15489/23808 F1 (65.0580%)


Val set: Average loss: 1.9722, Accuracy: 220/360 F1 (61.1111%)

best acc test 64.423723  acc val 61.111111 acc labeled target 59.435626
saving model...
S real T sketch Train Ep: 7100 lr0.006687332499522798 	 Loss Classification: 0.473235 Loss T 0.043748 Method MME

S real T sketch Train Ep: 7200 lr0.006658151376159165 	 Loss Classification: 0.380972 Loss T 0.061025 Method MME

S real T sketch Train Ep: 7300 lr0.00662926565157663 	 Loss Classification: 0.256615 Loss T 0.068064 Method MME

S real T sketch Train Ep: 7400 lr0.006600670653747793 	 Loss Classification: 0.563464 Loss T 0.073914 Method MME

S real T sketch Train Ep: 7500 lr0.0065723618108320175 	 Loss Classification: 0.252909 Loss T 0.047966 Method MME

24
24
24
24
24
24
24
24
24
24
24
24
24
24
24
24
tensor(1134.)

Labeled Target set: Average loss: 2.0886, Accuracy: 707/1134 F1 (62.3457%)


Test set: Average loss: 1.9544, Accuracy: 15544/23808 F1 (65.2890%)


Val set: Average loss: 1.8472, Accuracy: 221/360 F1 (61.3889%)

best acc test 64.423723  acc val 61.388889 acc labeled target 62.345679
saving model...
S real T sketch Train Ep: 7600 lr0.006544334648469591 	 Loss Classification: 0.249584 Loss T 0.073358 Method MME

S real T sketch Train Ep: 7700 lr0.006516584787163857 	 Loss Classification: 0.471134 Loss T 0.069164 Method MME

S real T sketch Train Ep: 7800 lr0.006489107939747966 	 Loss Classification: 0.461314 Loss T 0.054244 Method MME

S real T sketch Train Ep: 7900 lr0.0064618999089330565 	 Loss Classification: 0.374280 Loss T 0.077279 Method MME

Per Class Accuracy Calculated According to the Labelled Target examples is:  [1.         1.         0.7777778  0.6666667  1.         0.33333334
 0.7777778  1.         1.         0.         1.         1.
 0.         0.11111111 0.33333334 0.         1.         1.
 0.8888889  0.5555556  0.6666667  1.         0.7777778  1.
 0.5555556  0.22222222 0.11111111 1.         0.6666667  0.33333334
 0.7777778  0.33333334 0.44444445 0.6666667  0.33333334 0.22222222
 0.33333334 0.         0.8888889  0.6666667  0.22222222 1.
 0.5555556  0.5555556  0.7777778  0.5555556  1.         0.6666667
 0.44444445 1.         0.33333334 0.11111111 1.         0.44444445
 0.8888889  0.6666667  0.8888889  0.6666667  1.         1.
 1.         0.22222222 0.8888889  0.33333334 0.7777778  0.6666667
 0.         0.6666667  0.8888889  1.         0.         0.7777778
 0.5555556  1.         1.         0.22222222 0.22222222 0.8888889
 0.8888889  0.8888889  0.         1.         0.33333334 0.8888889
 0.7777778  0.44444445 1.         0.7777778  0.         0.22222222
 0.44444445 0.8888889  0.6666667  1.         0.8888889  0.6666667
 0.44444445 1.         0.44444445 0.33333334 0.8888889  0.5555556
 0.6666667  0.8888889  0.7777778  0.         0.33333334 0.6666667
 0.11111111 0.44444445 0.33333334 0.8888889  0.8888889  1.
 1.         0.8888889  0.5555556  0.6666667  0.         0.22222222
 0.6666667  1.         0.8888889  0.         0.         0.8888889 ]
Top k classes which perform poorly are:  [123, 66, 70, 88, 105, 37, 80, 9, 118, 124, 12, 15, 108, 51, 13, 26, 61, 89, 119, 40, 35, 76, 25, 75, 31, 29, 36, 106, 34, 110, 50, 14, 63, 82, 5, 99, 53, 85, 48, 96, 98, 32, 90, 109, 116, 19, 101, 24, 72, 43, 45, 42, 67, 65, 3, 120, 117, 107, 47, 28, 57, 102, 55, 39, 20, 95, 92, 33, 84, 71, 87, 104, 44, 30, 22, 6, 2, 64, 100, 103, 94, 91, 111, 112, 115, 122, 62, 125, 83, 18, 54, 56, 38, 68, 77, 78, 79, 121, 7, 8, 10, 11, 16, 17, 114, 113, 1, 21, 4, 23, 46, 41, 86, 49, 52, 58, 59, 60, 97, 69, 73, 74, 93, 81, 27, 0]
Assigned Classwise weights to source
S real T sketch Train Ep: 8000 lr0.006434956584934828 	 Loss Classification: 0.130803 Loss T 0.046650 Method MME

24
24
24
24
24
24
24
24
24
24
24
24
24
24
24
24
tensor(1134.)

Labeled Target set: Average loss: 2.0961, Accuracy: 694/1134 F1 (61.1993%)


Test set: Average loss: 1.9672, Accuracy: 15558/23808 F1 (65.3478%)


Val set: Average loss: 1.8925, Accuracy: 226/360 F1 (62.7778%)

best acc test 65.347782  acc val 62.777778 acc labeled target 61.199295
saving model...
S real T sketch Train Ep: 8100 lr0.006408273943175546 	 Loss Classification: 0.047823 Loss T 0.062885 Method MME

S real T sketch Train Ep: 8200 lr0.006381848042058713 	 Loss Classification: 1.171833 Loss T 0.066006 Method MME

S real T sketch Train Ep: 8300 lr0.0063556750208137005 	 Loss Classification: 0.318207 Loss T 0.066418 Method MME

S real T sketch Train Ep: 8400 lr0.006329751097407787 	 Loss Classification: 0.350689 Loss T 0.072237 Method MME

S real T sketch Train Ep: 8500 lr0.0063040725665231365 	 Loss Classification: 0.494523 Loss T 0.057459 Method MME

24
24
24
24
24
24
24
24
24
24
24
24
24
24
24
24
tensor(1134.)

Labeled Target set: Average loss: 0.1630, Accuracy: 1095/1134 F1 (96.5608%)


Test set: Average loss: 1.7683, Accuracy: 16222/23808 F1 (68.1368%)


Val set: Average loss: 1.4416, Accuracy: 255/360 F1 (70.8333%)

best acc test 68.136761  acc val 70.833333 acc labeled target 96.560847
saving model...
S real T sketch Train Ep: 8600 lr0.006278635797596355 	 Loss Classification: 0.129454 Loss T 0.061663 Method MME

S real T sketch Train Ep: 8700 lr0.006253437232918371 	 Loss Classification: 0.164527 Loss T 0.063900 Method MME

S real T sketch Train Ep: 8800 lr0.0062284733857924735 	 Loss Classification: 0.823081 Loss T 0.063894 Method MME

S real T sketch Train Ep: 8900 lr0.006203740838748417 	 Loss Classification: 0.511427 Loss T 0.033515 Method MME

Per Class Accuracy Calculated According to the Labelled Target examples is:  [1.        1.        1.        1.        1.        1.        0.7777778
 0.8888889 1.        0.8888889 1.        1.        1.        0.8888889
 0.8888889 1.        1.        1.        0.8888889 1.        0.8888889
 0.7777778 1.        1.        0.8888889 1.        0.8888889 1.
 0.8888889 1.        1.        1.        1.        1.        1.
 0.8888889 0.8888889 0.8888889 1.        0.8888889 1.        1.
 1.        1.        1.        1.        1.        1.        0.8888889
 1.        1.        0.8888889 1.        1.        1.        1.
 1.        0.8888889 1.        1.        1.        1.        1.
 1.        1.        1.        1.        1.        1.        1.
 1.        1.        1.        0.8888889 1.        0.8888889 0.8888889
 1.        1.        0.8888889 0.8888889 1.        0.7777778 1.
 1.        1.        1.        1.        0.8888889 1.        1.
 1.        1.        1.        1.        1.        0.8888889 0.8888889
 0.8888889 0.8888889 1.        0.8888889 1.        0.8888889 1.
 1.        0.8888889 1.        1.        1.        1.        1.
 1.        1.        1.        1.        1.        0.8888889 0.8888889
 1.        1.        0.8888889 1.        1.        0.8888889 1.       ]
Top k classes which perform poorly are:  [21, 6, 82, 24, 57, 26, 28, 106, 103, 88, 101, 35, 37, 39, 99, 98, 97, 96, 51, 36, 73, 48, 121, 118, 9, 117, 20, 79, 13, 76, 7, 14, 80, 75, 124, 18, 74, 90, 77, 83, 78, 87, 86, 85, 81, 91, 89, 84, 0, 93, 123, 122, 120, 119, 116, 115, 114, 113, 112, 92, 111, 109, 108, 107, 105, 104, 102, 100, 95, 94, 110, 72, 62, 70, 34, 33, 32, 31, 30, 29, 27, 25, 23, 22, 19, 17, 16, 15, 12, 11, 10, 8, 5, 4, 3, 2, 1, 38, 71, 40, 42, 69, 68, 67, 66, 65, 64, 63, 61, 60, 59, 58, 56, 55, 54, 53, 52, 50, 49, 47, 46, 45, 44, 43, 41, 125]
Assigned Classwise weights to source
S real T sketch Train Ep: 9000 lr0.006179236241810624 	 Loss Classification: 0.432746 Loss T 0.040313 Method MME

24
24
24
24
24
24
24
24
24
24
24
24
24
24
24
24
tensor(1134.)

Labeled Target set: Average loss: 0.1079, Accuracy: 1105/1134 F1 (97.4427%)


Test set: Average loss: 1.7658, Accuracy: 16421/23808 F1 (68.9726%)


Val set: Average loss: 1.4781, Accuracy: 247/360 F1 (68.6111%)

best acc test 68.136761  acc val 68.611111 acc labeled target 97.442681
saving model...
S real T sketch Train Ep: 9100 lr0.006154956310818535 	 Loss Classification: 0.079754 Loss T 0.043781 Method MME

S real T sketch Train Ep: 9200 lr0.0061308978257973165 	 Loss Classification: 0.290250 Loss T 0.048414 Method MME

S real T sketch Train Ep: 9300 lr0.0061070576293771285 	 Loss Classification: 0.366753 Loss T 0.060602 Method MME

S real T sketch Train Ep: 9400 lr0.006083432625259276 	 Loss Classification: 0.239224 Loss T 0.031954 Method MME

S real T sketch Train Ep: 9500 lr0.006060019776727621 	 Loss Classification: 0.179047 Loss T 0.056868 Method MME

24
24
24
24
24
24
24
24
24
24
24
24
24
24
24
24
tensor(1134.)

Labeled Target set: Average loss: 0.1524, Accuracy: 1099/1134 F1 (96.9136%)


Test set: Average loss: 1.8832, Accuracy: 16262/23808 F1 (68.3048%)


Val set: Average loss: 1.7004, Accuracy: 243/360 F1 (67.5000%)

best acc test 68.136761  acc val 67.500000 acc labeled target 96.913580
saving model...
S real T sketch Train Ep: 9600 lr0.00603681610520369 	 Loss Classification: 0.344939 Loss T 0.067191 Method MME

S real T sketch Train Ep: 9700 lr0.0060138186888439825 	 Loss Classification: 0.534277 Loss T 0.053805 Method MME

S real T sketch Train Ep: 9800 lr0.005991024661178045 	 Loss Classification: 0.374580 Loss T 0.058733 Method MME

S real T sketch Train Ep: 9900 lr0.0059684312097859115 	 Loss Classification: 0.071609 Loss T 0.041549 Method MME

Per Class Accuracy Calculated According to the Labelled Target examples is:  [1.        1.        1.        1.        1.        0.8888889 0.8888889
 1.        1.        1.        0.7777778 1.        1.        1.
 1.        1.        1.        0.8888889 0.8888889 1.        1.
 1.        1.        1.        1.        0.8888889 0.8888889 1.
 1.        1.        0.8888889 1.        1.        0.8888889 1.
 1.        1.        0.7777778 1.        1.        1.        1.
 0.8888889 1.        1.        1.        0.8888889 1.        1.
 1.        1.        0.8888889 0.8888889 0.8888889 1.        1.
 1.        1.        1.        1.        1.        0.8888889 1.
 1.        1.        1.        1.        1.        1.        1.
 0.7777778 0.8888889 1.        1.        1.        0.8888889 1.
 1.        1.        1.        1.        1.        1.        1.
 0.8888889 0.8888889 1.        1.        0.8888889 1.        0.8888889
 1.        1.        1.        1.        0.8888889 1.        1.
 0.8888889 1.        1.        1.        1.        0.8888889 1.
 1.        0.7777778 1.        1.        1.        1.        1.
 1.        1.        1.        1.        1.        0.8888889 1.
 0.8888889 1.        1.        1.        0.8888889 0.8888889 1.       ]
Top k classes which perform poorly are:  [106, 70, 37, 10, 26, 103, 30, 33, 95, 42, 90, 98, 88, 51, 52, 53, 85, 84, 61, 124, 75, 25, 46, 71, 117, 119, 123, 6, 18, 5, 17, 86, 118, 120, 83, 82, 81, 105, 87, 121, 122, 78, 77, 76, 74, 73, 72, 80, 79, 89, 116, 108, 109, 104, 110, 102, 101, 100, 99, 111, 97, 112, 96, 113, 94, 93, 114, 92, 91, 115, 107, 0, 62, 68, 31, 29, 28, 27, 24, 23, 22, 21, 20, 19, 16, 15, 14, 13, 12, 11, 9, 8, 7, 4, 3, 2, 1, 32, 69, 34, 36, 67, 66, 65, 64, 63, 60, 59, 58, 57, 56, 55, 54, 50, 49, 48, 47, 45, 44, 43, 41, 40, 39, 38, 35, 125]
Assigned Classwise weights to source
S real T sketch Train Ep: 10000 lr0.005946035575013605 	 Loss Classification: 0.051009 Loss T 0.050882 Method MME

24
24
24
24
24
24
24
24
24
24
24
24
24
24
24
24
tensor(1134.)

Labeled Target set: Average loss: 0.1299, Accuracy: 1100/1134 F1 (97.0018%)


Test set: Average loss: 1.7877, Accuracy: 16509/23808 F1 (69.3422%)


Val set: Average loss: 1.6118, Accuracy: 233/360 F1 (64.7222%)

best acc test 68.136761  acc val 64.722222 acc labeled target 97.001764
saving model...
S real T sketch Train Ep: 10100 lr0.005923835048725393 	 Loss Classification: 0.099280 Loss T 0.088058 Method MME

S real T sketch Train Ep: 10200 lr0.005901826973091593 	 Loss Classification: 0.657768 Loss T 0.043014 Method MME

S real T sketch Train Ep: 10300 lr0.005880008739410735 	 Loss Classification: 0.291321 Loss T 0.047662 Method MME

S real T sketch Train Ep: 10400 lr0.005858377786964935 	 Loss Classification: 0.537870 Loss T 0.050085 Method MME

S real T sketch Train Ep: 10500 lr0.005836931601907399 	 Loss Classification: 0.401330 Loss T 0.043949 Method MME

24
24
24
24
24
24
24
24
24
24
24
24
24
24
24
24
tensor(1134.)

Labeled Target set: Average loss: 0.1385, Accuracy: 1095/1134 F1 (96.5608%)


Test set: Average loss: 1.8802, Accuracy: 16386/23808 F1 (68.8256%)


Val set: Average loss: 1.5924, Accuracy: 241/360 F1 (66.9444%)

best acc test 68.136761  acc val 66.944444 acc labeled target 96.560847
saving model...
S real T sketch Train Ep: 10600 lr0.005815667716181004 	 Loss Classification: 0.090487 Loss T 0.032438 Method MME

S real T sketch Train Ep: 10700 lr0.005794583706466925 	 Loss Classification: 0.198326 Loss T 0.056008 Method MME

S real T sketch Train Ep: 10800 lr0.005773677193162352 	 Loss Classification: 0.526880 Loss T 0.065184 Method MME

S real T sketch Train Ep: 10900 lr0.005752945839386346 	 Loss Classification: 0.291311 Loss T 0.049806 Method MME

Per Class Accuracy Calculated According to the Labelled Target examples is:  [1.        1.        1.        0.8888889 1.        0.8888889 1.
 0.8888889 1.        1.        1.        1.        1.        1.
 0.8888889 1.        1.        1.        1.        1.        1.
 1.        1.        0.8888889 1.        0.8888889 0.7777778 1.
 1.        0.8888889 1.        1.        0.8888889 0.8888889 1.
 1.        1.        0.7777778 1.        1.        1.        0.8888889
 1.        1.        1.        0.8888889 1.        1.        1.
 1.        0.8888889 1.        1.        0.8888889 1.        1.
 1.        1.        1.        1.        0.8888889 1.        0.8888889
 1.        1.        0.8888889 1.        1.        1.        1.
 0.8888889 1.        0.8888889 1.        1.        0.8888889 0.8888889
 1.        1.        1.        1.        1.        1.        1.
 1.        0.8888889 1.        1.        0.8888889 1.        0.8888889
 1.        1.        1.        1.        1.        1.        1.
 1.        1.        1.        0.8888889 1.        1.        1.
 0.8888889 0.8888889 1.        0.7777778 1.        1.        0.8888889
 1.        1.        1.        0.7777778 1.        1.        1.
 0.8888889 1.        1.        1.        1.        0.7777778 0.8888889]
Top k classes which perform poorly are:  [26, 115, 108, 37, 124, 32, 33, 41, 45, 50, 53, 60, 65, 70, 62, 75, 76, 85, 88, 90, 101, 105, 106, 111, 119, 29, 72, 125, 25, 23, 5, 14, 7, 3, 28, 98, 97, 96, 95, 94, 93, 92, 91, 89, 9, 87, 86, 10, 84, 83, 82, 81, 80, 8, 99, 102, 79, 123, 122, 121, 120, 1, 118, 117, 116, 2, 114, 113, 112, 110, 109, 4, 107, 6, 104, 103, 100, 78, 11, 27, 19, 49, 48, 47, 46, 20, 44, 43, 42, 51, 21, 39, 38, 22, 36, 35, 34, 24, 31, 30, 40, 77, 52, 54, 12, 74, 73, 13, 71, 69, 68, 67, 66, 18, 15, 63, 16, 61, 17, 59, 58, 57, 56, 55, 64, 0]
Assigned Classwise weights to source
S real T sketch Train Ep: 11000 lr0.005732387350012933 	 Loss Classification: 0.601358 Loss T 0.057699 Method MME

24
24
24
24
24
24
24
24
24
24
24
24
24
24
24
24
tensor(1134.)

Labeled Target set: Average loss: 0.1251, Accuracy: 1105/1134 F1 (97.4427%)


Test set: Average loss: 1.8530, Accuracy: 16601/23808 F1 (69.7287%)


Val set: Average loss: 1.6331, Accuracy: 242/360 F1 (67.2222%)

best acc test 68.136761  acc val 67.222222 acc labeled target 97.442681
saving model...
S real T sketch Train Ep: 11100 lr0.005711999470730565 	 Loss Classification: 0.124918 Loss T 0.058187 Method MME

S real T sketch Train Ep: 11200 lr0.005691779987127103 	 Loss Classification: 0.401301 Loss T 0.040098 Method MME

S real T sketch Train Ep: 11300 lr0.005671726723799515 	 Loss Classification: 0.701730 Loss T 0.040352 Method MME

S real T sketch Train Ep: 11400 lr0.005651837543487509 	 Loss Classification: 0.507799 Loss T 0.036498 Method MME

S real T sketch Train Ep: 11500 lr0.005632110346230358 	 Loss Classification: 0.319644 Loss T 0.041988 Method MME

24
24
24
24
24
24
24
24
24
24
24
24
24
24
24
24
tensor(1134.)

Labeled Target set: Average loss: 0.1423, Accuracy: 1100/1134 F1 (97.0018%)


Test set: Average loss: 1.8342, Accuracy: 16711/23808 F1 (70.1907%)


Val set: Average loss: 1.6406, Accuracy: 248/360 F1 (68.8889%)

best acc test 68.136761  acc val 68.888889 acc labeled target 97.001764
saving model...
S real T sketch Train Ep: 11600 lr0.005612543068546177 	 Loss Classification: 0.373041 Loss T 0.067189 Method MME

S real T sketch Train Ep: 11700 lr0.005593133682632953 	 Loss Classification: 0.217563 Loss T 0.033383 Method MME

S real T sketch Train Ep: 11800 lr0.005573880195590681 	 Loss Classification: 0.044199 Loss T 0.066074 Method MME

S real T sketch Train Ep: 11900 lr0.0055547806486639095 	 Loss Classification: 0.296701 Loss T 0.044440 Method MME

Per Class Accuracy Calculated According to the Labelled Target examples is:  [0.8888889 1.        1.        0.8888889 1.        1.        1.
 1.        1.        1.        0.8888889 1.        0.8888889 0.8888889
 1.        1.        0.8888889 0.8888889 1.        0.8888889 1.
 1.        1.        1.        1.        1.        0.7777778 1.
 0.8888889 0.8888889 1.        0.8888889 1.        1.        1.
 1.        0.8888889 0.8888889 1.        0.8888889 1.        1.
 1.        1.        1.        1.        1.        1.        1.
 1.        1.        1.        1.        1.        0.8888889 1.
 0.8888889 1.        0.8888889 1.        0.8888889 1.        1.
 1.        1.        0.8888889 1.        1.        1.        1.
 1.        1.        1.        1.        1.        0.8888889 1.
 1.        1.        1.        0.8888889 1.        1.        1.
 1.        1.        1.        1.        0.8888889 1.        1.
 1.        0.8888889 1.        1.        1.        1.        1.
 1.        1.        1.        1.        0.8888889 1.        1.
 0.8888889 0.7777778 1.        1.        1.        1.        1.
 1.        1.        1.        0.8888889 1.        0.8888889 0.7777778
 1.        1.        1.        1.        1.        0.8888889 1.       ]
Top k classes which perform poorly are:  [106, 26, 118, 0, 56, 105, 28, 29, 31, 54, 102, 36, 37, 39, 88, 60, 19, 58, 117, 75, 3, 65, 17, 10, 115, 12, 92, 80, 16, 124, 13, 90, 89, 76, 87, 77, 86, 78, 82, 91, 84, 79, 83, 85, 81, 100, 94, 123, 122, 121, 120, 119, 116, 114, 113, 112, 111, 110, 109, 108, 107, 104, 103, 101, 74, 99, 98, 97, 96, 95, 93, 73, 62, 71, 34, 33, 32, 30, 27, 25, 24, 23, 22, 21, 20, 18, 15, 14, 11, 9, 8, 7, 6, 5, 4, 2, 1, 35, 72, 38, 41, 70, 69, 68, 67, 66, 64, 63, 61, 59, 57, 55, 53, 52, 51, 50, 49, 48, 47, 46, 45, 44, 43, 42, 40, 125]
Assigned Classwise weights to source
S real T sketch Train Ep: 12000 lr0.005535833116504121 	 Loss Classification: 0.330460 Loss T 0.036190 Method MME

24
24
24
24
24
24
24
24
24
24
24
24
24
24
24
24
tensor(1134.)

Labeled Target set: Average loss: 0.1046, Accuracy: 1107/1134 F1 (97.6190%)


Test set: Average loss: 1.8743, Accuracy: 16676/23808 F1 (70.0437%)


Val set: Average loss: 1.6542, Accuracy: 247/360 F1 (68.6111%)

best acc test 68.136761  acc val 68.611111 acc labeled target 97.619048
saving model...
S real T sketch Train Ep: 12100 lr0.00551703570645129 	 Loss Classification: 0.211848 Loss T 0.032262 Method MME

S real T sketch Train Ep: 12200 lr0.005498386557834078 	 Loss Classification: 0.191198 Loss T 0.071717 Method MME

S real T sketch Train Ep: 12300 lr0.00547988384128807 	 Loss Classification: 0.410767 Loss T 0.057176 Method MME

S real T sketch Train Ep: 12400 lr0.005461525758091539 	 Loss Classification: 0.318208 Loss T 0.055001 Method MME

S real T sketch Train Ep: 12500 lr0.005443310539518174 	 Loss Classification: 0.638649 Loss T 0.042597 Method MME

24
24
24
24
24
24
24
24
24
24
24
24
24
24
24
24
tensor(1134.)

Labeled Target set: Average loss: 0.1463, Accuracy: 1096/1134 F1 (96.6490%)


Test set: Average loss: 1.8803, Accuracy: 16674/23808 F1 (70.0353%)


Val set: Average loss: 1.7010, Accuracy: 242/360 F1 (67.2222%)

best acc test 68.136761  acc val 67.222222 acc labeled target 96.649030
saving model...
S real T sketch Train Ep: 12600 lr0.005425236446206295 	 Loss Classification: 0.107012 Loss T 0.059415 Method MME

S real T sketch Train Ep: 12700 lr0.005407301767544059 	 Loss Classification: 0.239301 Loss T 0.044645 Method MME

S real T sketch Train Ep: 12800 lr0.005389504821070177 	 Loss Classification: 0.302273 Loss T 0.025448 Method MME

S real T sketch Train Ep: 12900 lr0.005371843951889677 	 Loss Classification: 0.141748 Loss T 0.044440 Method MME

Per Class Accuracy Calculated According to the Labelled Target examples is:  [1.        1.        0.8888889 0.8888889 1.        1.        0.8888889
 1.        0.8888889 0.8888889 1.        1.        1.        0.8888889
 1.        1.        1.        0.8888889 0.8888889 0.8888889 1.
 1.        1.        1.        1.        1.        0.8888889 0.8888889
 0.8888889 1.        1.        0.8888889 0.7777778 1.        0.8888889
 1.        0.8888889 0.8888889 1.        1.        1.        1.
 1.        1.        1.        1.        1.        0.8888889 0.8888889
 1.        1.        1.        1.        1.        1.        1.
 1.        0.8888889 1.        1.        0.7777778 1.        0.8888889
 0.8888889 0.8888889 1.        1.        1.        0.8888889 1.
 1.        1.        1.        1.        1.        1.        0.7777778
 0.8888889 1.        1.        1.        1.        1.        1.
 1.        1.        1.        1.        0.7777778 1.        1.
 1.        1.        1.        1.        0.8888889 1.        1.
 1.        1.        1.        1.        0.8888889 1.        1.
 1.        0.8888889 1.        1.        0.8888889 1.        1.
 0.8888889 1.        1.        1.        1.        1.        1.
 1.        1.        1.        1.        1.        0.8888889 1.       ]
Top k classes which perform poorly are:  [32, 60, 88, 76, 62, 27, 28, 106, 31, 34, 36, 102, 95, 47, 48, 57, 124, 63, 64, 68, 77, 26, 109, 37, 13, 112, 9, 19, 8, 18, 17, 2, 6, 3, 89, 87, 120, 86, 85, 84, 111, 122, 90, 83, 82, 81, 80, 79, 78, 123, 121, 91, 94, 93, 108, 113, 107, 114, 105, 115, 104, 116, 103, 117, 101, 100, 99, 98, 97, 96, 118, 119, 110, 92, 75, 0, 73, 38, 35, 33, 30, 29, 25, 24, 23, 22, 21, 20, 16, 15, 14, 12, 11, 10, 7, 5, 4, 1, 39, 40, 41, 42, 72, 71, 70, 69, 67, 66, 65, 61, 59, 58, 74, 56, 54, 53, 52, 51, 50, 49, 46, 45, 44, 43, 55, 125]
Assigned Classwise weights to source
S real T sketch Train Ep: 13000 lr0.0053543175321042955 	 Loss Classification: 0.032502 Loss T 0.033104 Method MME

24
24
24
24
24
24
24
24
24
24
24
24
24
24
24
24
tensor(1134.)

Labeled Target set: Average loss: 0.1449, Accuracy: 1097/1134 F1 (96.7372%)


Test set: Average loss: 1.8307, Accuracy: 16851/23808 F1 (70.7787%)


Val set: Average loss: 1.3801, Accuracy: 256/360 F1 (71.1111%)

best acc test 70.778730  acc val 71.111111 acc labeled target 96.737213
saving model...
S real T sketch Train Ep: 13100 lr0.005336923960257046 	 Loss Classification: 0.065323 Loss T 0.040750 Method MME

S real T sketch Train Ep: 13200 lr0.0053196616607905645 	 Loss Classification: 0.078888 Loss T 0.037335 Method MME

S real T sketch Train Ep: 13300 lr0.0053025290835188275 	 Loss Classification: 0.757688 Loss T 0.026403 Method MME

S real T sketch Train Ep: 13400 lr0.005285524703111859 	 Loss Classification: 0.100749 Loss T 0.053090 Method MME

S real T sketch Train Ep: 13500 lr0.005268647018593052 	 Loss Classification: 0.118443 Loss T 0.038057 Method MME

24
24
24
24
24
24
24
24
24
24
24
24
24
24
24
24
tensor(1134.)

Labeled Target set: Average loss: 0.1703, Accuracy: 1098/1134 F1 (96.8254%)


Test set: Average loss: 1.8812, Accuracy: 16823/23808 F1 (70.6611%)


Val set: Average loss: 1.6384, Accuracy: 246/360 F1 (68.3333%)

best acc test 70.778730  acc val 68.333333 acc labeled target 96.825397
saving model...
S real T sketch Train Ep: 13600 lr0.005251894552848747 	 Loss Classification: 0.101416 Loss T 0.038378 Method MME

S real T sketch Train Ep: 13700 lr0.005235265852149712 	 Loss Classification: 0.282199 Loss T 0.037858 Method MME

S real T sketch Train Ep: 13800 lr0.005218759485684187 	 Loss Classification: 0.281379 Loss T 0.035098 Method MME

S real T sketch Train Ep: 13900 lr0.005202374045102174 	 Loss Classification: 0.164339 Loss T 0.072734 Method MME

Per Class Accuracy Calculated According to the Labelled Target examples is:  [1.        1.        0.8888889 0.8888889 0.8888889 0.8888889 1.
 1.        1.        1.        1.        1.        1.        1.
 1.        1.        1.        1.        1.        0.8888889 1.
 0.8888889 1.        1.        1.        1.        0.8888889 0.8888889
 1.        1.        1.        0.8888889 1.        0.8888889 1.
 1.        0.8888889 0.8888889 1.        1.        1.        1.
 1.        1.        0.8888889 1.        1.        1.        0.8888889
 1.        1.        1.        1.        1.        0.8888889 0.8888889
 1.        0.8888889 1.        0.8888889 0.8888889 1.        0.8888889
 1.        0.8888889 1.        0.8888889 1.        1.        0.8888889
 0.8888889 1.        1.        0.8888889 1.        1.        1.
 1.        1.        1.        1.        1.        0.7777778 0.8888889
 1.        1.        1.        1.        1.        0.7777778 1.
 0.8888889 0.8888889 1.        1.        1.        0.8888889 1.
 0.8888889 1.        1.        1.        1.        1.        1.
 1.        1.        1.        1.        1.        0.8888889 1.
 1.        1.        1.        1.        1.        1.        1.
 1.        1.        1.        1.        1.        0.8888889 1.       ]
Top k classes which perform poorly are:  [82, 89, 62, 31, 33, 36, 73, 98, 96, 44, 92, 91, 48, 54, 55, 57, 83, 59, 60, 124, 64, 66, 69, 70, 27, 26, 37, 2, 3, 21, 4, 19, 110, 5, 106, 116, 117, 84, 118, 119, 120, 121, 81, 85, 80, 79, 78, 123, 77, 76, 122, 86, 88, 105, 104, 103, 102, 107, 101, 108, 100, 99, 109, 97, 95, 94, 93, 111, 112, 113, 90, 114, 115, 87, 75, 0, 72, 29, 28, 25, 24, 23, 22, 20, 18, 17, 16, 15, 14, 13, 12, 11, 10, 9, 8, 7, 6, 1, 30, 32, 34, 35, 71, 68, 67, 65, 63, 61, 58, 56, 53, 52, 74, 51, 49, 47, 46, 45, 43, 42, 41, 40, 39, 38, 50, 125]
Assigned Classwise weights to source
S real T sketch Train Ep: 14000 lr0.005186108144070652 	 Loss Classification: 0.351496 Loss T 0.033613 Method MME

24
24
24
24
24
24
24
24
24
24
24
24
24
24
24
24
tensor(1134.)

Labeled Target set: Average loss: 0.1514, Accuracy: 1103/1134 F1 (97.2663%)


Test set: Average loss: 1.9080, Accuracy: 16800/23808 F1 (70.5645%)


Val set: Average loss: 1.6333, Accuracy: 242/360 F1 (67.2222%)

best acc test 70.778730  acc val 67.222222 acc labeled target 97.266314
saving model...
S real T sketch Train Ep: 14100 lr0.005169960417839403 	 Loss Classification: 0.303450 Loss T 0.037273 Method MME

S real T sketch Train Ep: 14200 lr0.005153929522817161 	 Loss Classification: 0.365803 Loss T 0.038720 Method MME

S real T sketch Train Ep: 14300 lr0.005138014136157799 	 Loss Classification: 0.472273 Loss T 0.047166 Method MME

S real T sketch Train Ep: 14400 lr0.005122212955356274 	 Loss Classification: 0.316857 Loss T 0.041640 Method MME

S real T sketch Train Ep: 14500 lr0.005106524697854057 	 Loss Classification: 0.201685 Loss T 0.038776 Method MME

24
24
24
24
24
24
24
24
24
24
24
24
24
24
24
24
tensor(1134.)

Labeled Target set: Average loss: 0.1817, Accuracy: 1088/1134 F1 (95.9436%)


Test set: Average loss: 1.8786, Accuracy: 16863/23808 F1 (70.8291%)


Val set: Average loss: 1.5889, Accuracy: 246/360 F1 (68.3333%)

best acc test 70.778730  acc val 68.333333 acc labeled target 95.943563
saving model...
S real T sketch Train Ep: 14600 lr0.005090948100653781 	 Loss Classification: 0.629095 Loss T 0.040542 Method MME

S real T sketch Train Ep: 14700 lr0.0050754819199428855 	 Loss Classification: 0.059624 Loss T 0.046338 Method MME

S real T sketch Train Ep: 14800 lr0.005060124930725974 	 Loss Classification: 0.143087 Loss T 0.034510 Method MME

S real T sketch Train Ep: 14900 lr0.00504487592646567 	 Loss Classification: 0.436062 Loss T 0.033474 Method MME

Per Class Accuracy Calculated According to the Labelled Target examples is:  [1.        1.        1.        0.8888889 1.        1.        0.8888889
 1.        1.        1.        1.        1.        1.        0.8888889
 1.        0.8888889 1.        0.8888889 0.8888889 1.        1.
 0.8888889 1.        0.8888889 1.        0.8888889 1.        1.
 0.8888889 1.        0.8888889 1.        0.8888889 0.8888889 0.8888889
 1.        0.8888889 1.        1.        1.        0.8888889 1.
 0.7777778 1.        1.        0.8888889 1.        1.        0.8888889
 1.        1.        1.        1.        0.8888889 0.8888889 0.8888889
 1.        0.7777778 1.        0.8888889 1.        0.8888889 1.
 1.        1.        1.        0.8888889 1.        1.        1.
 0.8888889 1.        1.        1.        1.        1.        0.8888889
 1.        1.        1.        0.8888889 1.        0.7777778 0.6666667
 1.        1.        0.8888889 1.        1.        1.        0.8888889
 1.        1.        0.8888889 1.        0.7777778 1.        0.8888889
 1.        1.        1.        0.8888889 1.        1.        1.
 0.8888889 0.8888889 1.        1.        1.        1.        1.
 1.        1.        1.        0.8888889 1.        1.        1.
 1.        1.        1.        1.        1.        1.        1.       ]
Top k classes which perform poorly are:  [83, 95, 42, 57, 82, 76, 106, 28, 105, 30, 32, 33, 34, 55, 36, 25, 101, 54, 40, 53, 97, 45, 90, 48, 59, 115, 3, 80, 70, 6, 66, 23, 13, 93, 86, 17, 18, 61, 21, 15, 85, 84, 81, 87, 91, 89, 79, 92, 78, 88, 0, 96, 123, 122, 121, 120, 119, 118, 117, 116, 114, 113, 94, 112, 110, 109, 108, 107, 104, 103, 77, 100, 99, 98, 111, 102, 62, 74, 35, 31, 29, 27, 26, 24, 22, 20, 19, 16, 14, 12, 11, 10, 9, 8, 7, 5, 4, 2, 1, 37, 75, 38, 41, 73, 72, 71, 69, 68, 67, 65, 64, 63, 124, 60, 58, 56, 52, 51, 50, 49, 47, 46, 44, 43, 39, 125]
Assigned Classwise weights to source
S real T sketch Train Ep: 15000 lr0.005029733718731741 	 Loss Classification: 0.210519 Loss T 0.028954 Method MME

24
24
24
24
24
24
24
24
24
24
24
24
24
24
24
24
tensor(1134.)

Labeled Target set: Average loss: 0.1497, Accuracy: 1101/1134 F1 (97.0900%)


Test set: Average loss: 1.8711, Accuracy: 16893/23808 F1 (70.9551%)


Val set: Average loss: 1.6663, Accuracy: 243/360 F1 (67.5000%)

best acc test 70.778730  acc val 67.500000 acc labeled target 97.089947
saving model...
S real T sketch Train Ep: 15100 lr0.005014697136858264 	 Loss Classification: 0.131252 Loss T 0.045656 Method MME

S real T sketch Train Ep: 15200 lr0.004999765027608607 	 Loss Classification: 0.144567 Loss T 0.031287 Method MME

S real T sketch Train Ep: 15300 lr0.004984936254848047 	 Loss Classification: 0.308238 Loss T 0.039163 Method MME

S real T sketch Train Ep: 15400 lr0.004970209699223787 	 Loss Classification: 0.320240 Loss T 0.025640 Method MME

S real T sketch Train Ep: 15500 lr0.0049555842578521995 	 Loss Classification: 0.316975 Loss T 0.031396 Method MME

24
24
24
24
24
24
24
24
24
24
24
24
24
24
24
24
tensor(1134.)

Labeled Target set: Average loss: 0.1239, Accuracy: 1102/1134 F1 (97.1781%)


Test set: Average loss: 1.8668, Accuracy: 16994/23808 F1 (71.3794%)


Val set: Average loss: 1.6507, Accuracy: 247/360 F1 (68.6111%)

best acc test 70.778730  acc val 68.611111 acc labeled target 97.178131
saving model...
S real T sketch Train Ep: 15600 lr0.004941058844013093 	 Loss Classification: 0.066000 Loss T 0.032295 Method MME

S real T sketch Train Ep: 15700 lr0.004926632386850831 	 Loss Classification: 0.221178 Loss T 0.054610 Method MME

S real T sketch Train Ep: 15800 lr0.004912303831082109 	 Loss Classification: 0.117102 Loss T 0.031647 Method MME

S real T sketch Train Ep: 15900 lr0.004898072136710217 	 Loss Classification: 0.256614 Loss T 0.040250 Method MME

Per Class Accuracy Calculated According to the Labelled Target examples is:  [1.        1.        1.        1.        1.        1.        0.8888889
 1.        1.        0.8888889 1.        0.8888889 1.        1.
 1.        1.        1.        1.        1.        1.        1.
 1.        1.        1.        1.        0.7777778 1.        1.
 0.8888889 1.        1.        0.8888889 0.8888889 1.        1.
 0.7777778 0.8888889 1.        1.        1.        0.8888889 1.
 0.8888889 1.        1.        0.8888889 1.        1.        0.8888889
 1.        1.        1.        1.        1.        1.        1.
 1.        0.8888889 1.        1.        1.        1.        1.
 1.        1.        1.        1.        1.        0.8888889 1.
 0.8888889 1.        1.        1.        1.        0.8888889 0.8888889
 1.        1.        1.        0.7777778 0.8888889 0.8888889 1.
 1.        1.        1.        1.        1.        1.        0.8888889
 1.        1.        1.        1.        1.        0.7777778 0.8888889
 1.        1.        1.        0.8888889 0.8888889 1.        1.
 1.        0.8888889 1.        1.        1.        1.        1.
 1.        1.        1.        1.        1.        1.        1.
 0.8888889 1.        1.        1.        1.        1.        1.       ]
Top k classes which perform poorly are:  [25, 80, 35, 96, 101, 28, 31, 32, 68, 36, 40, 97, 45, 90, 48, 82, 81, 57, 76, 75, 102, 42, 70, 106, 11, 6, 119, 9, 104, 88, 87, 86, 85, 84, 83, 121, 79, 78, 77, 122, 123, 74, 73, 72, 71, 120, 118, 117, 105, 103, 107, 108, 109, 100, 99, 110, 111, 98, 112, 113, 114, 115, 95, 94, 93, 116, 92, 91, 89, 0, 62, 67, 29, 27, 26, 24, 23, 22, 21, 20, 19, 18, 17, 30, 16, 14, 13, 12, 10, 8, 7, 5, 4, 3, 2, 1, 15, 69, 33, 37, 66, 65, 64, 63, 124, 61, 60, 59, 58, 56, 55, 34, 54, 52, 51, 50, 49, 47, 46, 44, 43, 41, 39, 38, 53, 125]
Assigned Classwise weights to source
S real T sketch Train Ep: 16000 lr0.004883936278745637 	 Loss Classification: 0.091505 Loss T 0.038393 Method MME

24
24
24
24
24
24
24
24
24
24
24
24
24
24
24
24
tensor(1134.)

Labeled Target set: Average loss: 0.1136, Accuracy: 1108/1134 F1 (97.7072%)


Test set: Average loss: 1.9195, Accuracy: 16951/23808 F1 (71.1988%)


Val set: Average loss: 1.5824, Accuracy: 249/360 F1 (69.1667%)

best acc test 70.778730  acc val 69.166667 acc labeled target 97.707231
saving model...
S real T sketch Train Ep: 16100 lr0.004869895246932789 	 Loss Classification: 0.091046 Loss T 0.050752 Method MME

S real T sketch Train Ep: 16200 lr0.004855948045482784 	 Loss Classification: 0.258442 Loss T 0.056451 Method MME

S real T sketch Train Ep: 16300 lr0.004842093692812012 	 Loss Classification: 0.217158 Loss T 0.027366 Method MME

S real T sketch Train Ep: 16400 lr0.004828331221286437 	 Loss Classification: 0.231351 Loss T 0.035494 Method MME

S real T sketch Train Ep: 16500 lr0.004814659676971443 	 Loss Classification: 0.094552 Loss T 0.019171 Method MME

24
24
24
24
24
24
24
24
24
24
24
24
24
24
24
24
tensor(1134.)

Labeled Target set: Average loss: 0.1212, Accuracy: 1105/1134 F1 (97.4427%)


Test set: Average loss: 1.9032, Accuracy: 16923/23808 F1 (71.0811%)


Val set: Average loss: 1.6524, Accuracy: 244/360 F1 (67.7778%)

best acc test 70.778730  acc val 67.777778 acc labeled target 97.442681
saving model...
S real T sketch Train Ep: 16600 lr0.004801078119387078 	 Loss Classification: 0.004457 Loss T 0.035851 Method MME

S real T sketch Train Ep: 16700 lr0.004787585621268585 	 Loss Classification: 0.017320 Loss T 0.025456 Method MME

S real T sketch Train Ep: 16800 lr0.0047741812683320655 	 Loss Classification: 0.110275 Loss T 0.042719 Method MME

S real T sketch Train Ep: 16900 lr0.004760864159045157 	 Loss Classification: 0.058588 Loss T 0.040056 Method MME

Per Class Accuracy Calculated According to the Labelled Target examples is:  [1.        1.        0.7777778 1.        1.        1.        1.
 1.        1.        0.8888889 1.        0.8888889 1.        0.8888889
 1.        1.        1.        1.        0.8888889 1.        1.
 1.        1.        1.        0.8888889 0.8888889 0.8888889 1.
 1.        1.        0.8888889 0.8888889 1.        1.        1.
 1.        1.        1.        1.        1.        1.        1.
 1.        1.        1.        1.        1.        1.        1.
 1.        1.        0.8888889 1.        1.        1.        1.
 1.        1.        1.        0.8888889 1.        1.        1.
 1.        0.8888889 1.        1.        1.        0.8888889 1.
 0.8888889 1.        1.        0.8888889 1.        0.8888889 0.8888889
 1.        1.        1.        1.        1.        0.7777778 0.8888889
 1.        1.        1.        1.        1.        0.8888889 1.
 1.        1.        1.        1.        1.        1.        1.
 1.        1.        1.        1.        1.        1.        1.
 1.        1.        1.        0.8888889 1.        1.        1.
 1.        1.        0.8888889 1.        1.        1.        1.
 1.        0.8888889 1.        0.8888889 1.        0.8888889 0.8888889]
Top k classes which perform poorly are:  [2, 82, 125, 25, 26, 30, 31, 68, 89, 51, 83, 59, 76, 75, 124, 64, 73, 24, 108, 70, 11, 18, 122, 9, 120, 114, 13, 86, 85, 84, 116, 117, 81, 80, 79, 109, 77, 87, 119, 121, 74, 123, 72, 71, 78, 118, 90, 110, 107, 106, 111, 112, 113, 105, 104, 103, 102, 88, 101, 99, 98, 97, 96, 95, 94, 93, 92, 91, 115, 100, 0, 67, 34, 33, 32, 29, 28, 27, 23, 22, 21, 20, 19, 35, 17, 15, 14, 12, 10, 8, 7, 6, 5, 4, 3, 1, 16, 69, 36, 38, 66, 65, 63, 61, 60, 58, 57, 56, 55, 54, 53, 37, 52, 49, 48, 47, 46, 45, 44, 43, 42, 41, 40, 39, 50, 62]
Assigned Classwise weights to source
S real T sketch Train Ep: 17000 lr0.0047476334044026 	 Loss Classification: 0.179913 Loss T 0.036529 Method MME

24
24
24
24
24
24
24
24
24
24
24
24
24
24
24
24
tensor(1134.)

Labeled Target set: Average loss: 0.0985, Accuracy: 1108/1134 F1 (97.7072%)


Test set: Average loss: 1.8934, Accuracy: 17003/23808 F1 (71.4172%)


Val set: Average loss: 1.4200, Accuracy: 254/360 F1 (70.5556%)

best acc test 70.778730  acc val 70.555556 acc labeled target 97.707231
saving model...
S real T sketch Train Ep: 17100 lr0.004734488127706559 	 Loss Classification: 0.069793 Loss T 0.033178 Method MME

S real T sketch Train Ep: 17200 lr0.004721427464351597 	 Loss Classification: 0.122544 Loss T 0.028969 Method MME

S real T sketch Train Ep: 17300 lr0.004708450561614184 	 Loss Classification: 0.082013 Loss T 0.037356 Method MME

S real T sketch Train Ep: 17400 lr0.004695556578446619 	 Loss Classification: 0.108030 Loss T 0.034663 Method MME

S real T sketch Train Ep: 17500 lr0.004682744685275263 	 Loss Classification: 0.166866 Loss T 0.044218 Method MME

24
24
24
24
24
24
24
24
24
24
24
24
24
24
24
24
tensor(1134.)

Labeled Target set: Average loss: 0.1328, Accuracy: 1103/1134 F1 (97.2663%)


Test set: Average loss: 1.9088, Accuracy: 17041/23808 F1 (71.5768%)


Val set: Average loss: 1.5104, Accuracy: 249/360 F1 (69.1667%)

best acc test 70.778730  acc val 69.166667 acc labeled target 97.266314
saving model...
S real T sketch Train Ep: 17600 lr0.004670014063802979 	 Loss Classification: 0.208254 Loss T 0.028142 Method MME

S real T sketch Train Ep: 17700 lr0.004657363906815676 	 Loss Classification: 0.047322 Loss T 0.045297 Method MME

S real T sketch Train Ep: 17800 lr0.004644793417992855 	 Loss Classification: 0.160062 Loss T 0.033838 Method MME

S real T sketch Train Ep: 17900 lr0.004632301811722062 	 Loss Classification: 0.214383 Loss T 0.025191 Method MME

Per Class Accuracy Calculated According to the Labelled Target examples is:  [1.        1.        1.        1.        1.        1.        1.
 1.        1.        0.8888889 0.8888889 1.        1.        1.
 0.8888889 1.        0.8888889 1.        1.        0.8888889 1.
 1.        1.        1.        1.        0.8888889 1.        1.
 0.8888889 1.        0.8888889 1.        1.        1.        0.8888889
 0.8888889 1.        0.7777778 1.        1.        1.        1.
 0.7777778 1.        1.        0.8888889 1.        1.        0.8888889
 1.        1.        1.        1.        1.        1.        1.
 0.8888889 1.        0.8888889 1.        1.        0.8888889 0.8888889
 1.        1.        1.        1.        1.        1.        1.
 0.7777778 1.        0.8888889 1.        1.        1.        1.
 1.        1.        1.        1.        1.        1.        1.
 0.8888889 1.        1.        1.        1.        1.        0.8888889
 1.        1.        1.        1.        1.        1.        1.
 1.        1.        1.        1.        1.        1.        1.
 1.        1.        1.        1.        1.        0.8888889 1.
 1.        1.        0.8888889 1.        1.        1.        1.
 0.8888889 1.        1.        1.        0.7777778 0.8888889 1.       ]
Top k classes which perform poorly are:  [123, 70, 37, 42, 62, 28, 30, 34, 45, 90, 48, 84, 56, 58, 61, 124, 25, 19, 35, 9, 119, 110, 10, 114, 14, 72, 16, 88, 87, 86, 85, 118, 83, 109, 82, 120, 89, 104, 121, 122, 79, 78, 77, 76, 75, 74, 73, 80, 81, 117, 91, 103, 112, 102, 105, 101, 100, 99, 113, 106, 98, 115, 97, 96, 95, 94, 107, 93, 92, 108, 116, 111, 0, 69, 31, 29, 27, 26, 24, 23, 22, 21, 20, 18, 17, 15, 13, 12, 11, 8, 7, 6, 5, 4, 3, 2, 1, 32, 71, 33, 38, 68, 67, 66, 65, 64, 63, 60, 59, 57, 55, 54, 53, 52, 51, 50, 49, 47, 46, 44, 43, 41, 40, 39, 36, 125]
Assigned Classwise weights to source
S real T sketch Train Ep: 18000 lr0.004619888312917149 	 Loss Classification: 0.419673 Loss T 0.028100 Method MME

24
24
24
24
24
24
24
24
24
24
24
24
24
24
24
24
tensor(1134.)

Labeled Target set: Average loss: 0.0954, Accuracy: 1110/1134 F1 (97.8836%)


Test set: Average loss: 1.9598, Accuracy: 17001/23808 F1 (71.4088%)


Val set: Average loss: 1.6775, Accuracy: 249/360 F1 (69.1667%)

best acc test 70.778730  acc val 69.166667 acc labeled target 97.883598
saving model...
S real T sketch Train Ep: 18100 lr0.00460755215684026 	 Loss Classification: 0.144426 Loss T 0.026585 Method MME

S real T sketch Train Ep: 18200 lr0.00459529258892745 	 Loss Classification: 0.206485 Loss T 0.034860 Method MME

S real T sketch Train Ep: 18300 lr0.004583108864617844 	 Loss Classification: 0.306291 Loss T 0.037334 Method MME

S real T sketch Train Ep: 18400 lr0.0045710002491862545 	 Loss Classification: 0.248061 Loss T 0.025083 Method MME

S real T sketch Train Ep: 18500 lr0.0045589660175791875 	 Loss Classification: 0.199521 Loss T 0.028603 Method MME

24
24
24
24
24
24
24
24
24
24
24
24
24
24
24
24
tensor(1134.)

Labeled Target set: Average loss: 0.1413, Accuracy: 1100/1134 F1 (97.0018%)


Test set: Average loss: 1.9848, Accuracy: 17002/23808 F1 (71.4130%)


Val set: Average loss: 1.5945, Accuracy: 245/360 F1 (68.0556%)

best acc test 70.778730  acc val 68.055556 acc labeled target 97.001764
saving model...
S real T sketch Train Ep: 18600 lr0.004547005454254138 	 Loss Classification: 0.142900 Loss T 0.023457 Method MME

S real T sketch Train Ep: 18700 lr0.004535117853022106 	 Loss Classification: 0.112445 Loss T 0.040446 Method MME

S real T sketch Train Ep: 18800 lr0.004523302516893268 	 Loss Classification: 0.191153 Loss T 0.027102 Method MME

S real T sketch Train Ep: 18900 lr0.004511558757925708 	 Loss Classification: 0.209296 Loss T 0.024485 Method MME

Per Class Accuracy Calculated According to the Labelled Target examples is:  [1.        1.        1.        1.        1.        0.8888889 1.
 1.        1.        0.8888889 0.8888889 1.        1.        0.8888889
 0.7777778 1.        1.        1.        1.        1.        1.
 1.        1.        1.        1.        1.        1.        1.
 0.7777778 1.        1.        1.        1.        1.        1.
 1.        1.        0.8888889 1.        0.8888889 1.        0.8888889
 1.        1.        1.        0.8888889 0.8888889 0.8888889 1.
 1.        1.        1.        1.        1.        1.        1.
 0.8888889 0.8888889 1.        0.8888889 1.        1.        1.
 1.        1.        1.        0.8888889 1.        1.        1.
 0.8888889 1.        1.        0.8888889 1.        0.8888889 0.8888889
 1.        1.        1.        1.        1.        0.8888889 0.8888889
 1.        1.        1.        1.        1.        1.        1.
 1.        1.        1.        1.        0.8888889 1.        1.
 1.        0.8888889 1.        1.        1.        1.        1.
 1.        0.7777778 1.        1.        0.8888889 0.8888889 1.
 0.8888889 1.        1.        1.        0.8888889 0.8888889 0.8888889
 1.        1.        1.        1.        1.        1.        1.       ]
Top k classes which perform poorly are:  [106, 14, 28, 99, 37, 39, 41, 45, 46, 47, 95, 56, 57, 59, 76, 75, 66, 73, 82, 83, 70, 10, 109, 110, 13, 9, 117, 112, 5, 116, 118, 87, 86, 85, 84, 81, 108, 79, 78, 77, 120, 121, 74, 122, 123, 72, 119, 80, 115, 89, 107, 105, 104, 103, 102, 111, 101, 100, 98, 97, 96, 71, 94, 113, 93, 114, 92, 91, 90, 88, 0, 62, 68, 29, 27, 26, 25, 24, 23, 22, 21, 20, 19, 18, 17, 16, 15, 12, 11, 8, 7, 6, 4, 3, 2, 1, 30, 31, 32, 33, 67, 65, 64, 63, 124, 61, 60, 58, 55, 54, 53, 69, 52, 50, 49, 48, 44, 43, 42, 40, 38, 36, 35, 34, 51, 125]
Assigned Classwise weights to source
S real T sketch Train Ep: 19000 lr0.004499885897077159 	 Loss Classification: 0.172395 Loss T 0.025298 Method MME

24
24
24
24
24
24
24
24
24
24
24
24
24
24
24
24
tensor(1134.)

Labeled Target set: Average loss: 0.1024, Accuracy: 1113/1134 F1 (98.1481%)


Test set: Average loss: 1.9877, Accuracy: 17083/23808 F1 (71.7532%)


Val set: Average loss: 1.6519, Accuracy: 240/360 F1 (66.6667%)

best acc test 70.778730  acc val 66.666667 acc labeled target 98.148148
saving model...
S real T sketch Train Ep: 19100 lr0.004488283264059669 	 Loss Classification: 0.042584 Loss T 0.031542 Method MME

S real T sketch Train Ep: 19200 lr0.004476750197197131 	 Loss Classification: 0.186110 Loss T 0.029565 Method MME

S real T sketch Train Ep: 19300 lr0.004465286043285614 	 Loss Classification: 0.072121 Loss T 0.025588 Method MME

S real T sketch Train Ep: 19400 lr0.004453890157456425 	 Loss Classification: 0.185802 Loss T 0.019764 Method MME

S real T sketch Train Ep: 19500 lr0.004442561903041838 	 Loss Classification: 0.043072 Loss T 0.022107 Method MME

24
24
24
24
24
24
24
24
24
24
24
24
24
24
24
24
tensor(1134.)

Labeled Target set: Average loss: 0.1054, Accuracy: 1109/1134 F1 (97.7954%)


Test set: Average loss: 1.9894, Accuracy: 17061/23808 F1 (71.6608%)


Val set: Average loss: 1.5856, Accuracy: 253/360 F1 (70.2778%)

best acc test 70.778730  acc val 70.277778 acc labeled target 97.795414
saving model...
S real T sketch Train Ep: 19600 lr0.004431300651443432 	 Loss Classification: 0.309790 Loss T 0.023516 Method MME

S real T sketch Train Ep: 19700 lr0.004420105782002992 	 Loss Classification: 0.138526 Loss T 0.018140 Method MME

S real T sketch Train Ep: 19800 lr0.004408976681875879 	 Loss Classification: 0.056926 Loss T 0.029384 Method MME

S real T sketch Train Ep: 19900 lr0.004397912745906863 	 Loss Classification: 0.356416 Loss T 0.022782 Method MME

Per Class Accuracy Calculated According to the Labelled Target examples is:  [1.        1.        1.        1.        1.        1.        1.
 1.        1.        0.8888889 1.        0.8888889 1.        1.
 0.8888889 1.        1.        1.        1.        1.        1.
 1.        1.        1.        1.        1.        0.8888889 1.
 0.8888889 1.        1.        1.        1.        1.        0.8888889
 0.8888889 1.        0.7777778 1.        1.        0.8888889 1.
 1.        1.        1.        1.        1.        0.8888889 1.
 1.        0.8888889 1.        1.        1.        1.        0.8888889
 1.        1.        1.        1.        1.        1.        1.
 0.8888889 0.8888889 0.8888889 0.8888889 1.        1.        1.
 1.        1.        1.        1.        1.        1.        1.
 1.        1.        1.        1.        1.        0.8888889 0.8888889
 1.        1.        1.        1.        1.        1.        1.
 1.        1.        1.        1.        1.        1.        1.
 1.        0.8888889 1.        1.        1.        1.        1.
 1.        1.        1.        0.8888889 1.        0.8888889 1.
 1.        1.        1.        1.        1.        1.        0.8888889
 1.        1.        1.        1.        1.        0.7777778 1.       ]
Top k classes which perform poorly are:  [37, 124, 35, 34, 47, 99, 28, 26, 50, 83, 82, 108, 110, 14, 55, 40, 11, 9, 63, 118, 66, 64, 65, 91, 73, 90, 89, 74, 88, 87, 78, 77, 84, 75, 81, 92, 80, 76, 79, 86, 85, 0, 94, 123, 122, 121, 120, 119, 117, 116, 115, 114, 113, 112, 111, 93, 109, 106, 105, 104, 103, 102, 101, 100, 98, 97, 96, 72, 95, 107, 71, 62, 69, 27, 25, 24, 23, 22, 21, 20, 19, 18, 17, 16, 15, 13, 12, 10, 8, 7, 6, 5, 4, 3, 2, 1, 29, 30, 31, 32, 68, 67, 61, 60, 59, 58, 57, 56, 54, 53, 52, 70, 51, 48, 46, 45, 44, 43, 42, 41, 39, 38, 36, 33, 49, 125]
Assigned Classwise weights to source
S real T sketch Train Ep: 20000 lr0.004386913376508308 	 Loss Classification: 0.143681 Loss T 0.013043 Method MME

24
24
24
24
24
24
24
24
24
24
24
24
24
24
24
24
tensor(1134.)

Labeled Target set: Average loss: 0.1197, Accuracy: 1106/1134 F1 (97.5309%)


Test set: Average loss: 1.9568, Accuracy: 17070/23808 F1 (71.6986%)


Val set: Average loss: 1.5487, Accuracy: 249/360 F1 (69.1667%)

best acc test 70.778730  acc val 69.166667 acc labeled target 97.530864
saving model...
S real T sketch Train Ep: 20100 lr0.004375977983540715 	 Loss Classification: 0.195592 Loss T 0.023222 Method MME

S real T sketch Train Ep: 20200 lr0.004365105984195512 	 Loss Classification: 0.372627 Loss T 0.032684 Method MME

S real T sketch Train Ep: 20300 lr0.004354296802880095 	 Loss Classification: 0.187008 Loss T 0.023525 Method MME

S real T sketch Train Ep: 20400 lr0.004343549871105023 	 Loss Classification: 0.208765 Loss T 0.028563 Method MME

S real T sketch Train Ep: 20500 lr0.0043328646273733526 	 Loss Classification: 0.462604 Loss T 0.032370 Method MME

24
24
24
24
24
24
24
24
24
24
24
24
24
24
24
24
tensor(1134.)

Labeled Target set: Average loss: 0.1245, Accuracy: 1107/1134 F1 (97.6190%)


Test set: Average loss: 2.0184, Accuracy: 17025/23808 F1 (71.5096%)


Val set: Average loss: 1.6641, Accuracy: 253/360 F1 (70.2778%)

best acc test 70.778730  acc val 70.277778 acc labeled target 97.619048
saving model...
S real T sketch Train Ep: 20600 lr0.00432224051707205 	 Loss Classification: 0.054749 Loss T 0.027249 Method MME

S real T sketch Train Ep: 20700 lr0.0043116769923654385 	 Loss Classification: 0.255165 Loss T 0.025344 Method MME

S real T sketch Train Ep: 20800 lr0.004301173512090631 	 Loss Classification: 0.050393 Loss T 0.035049 Method MME

S real T sketch Train Ep: 20900 lr0.004290729541654919 	 Loss Classification: 0.100445 Loss T 0.037503 Method MME

Per Class Accuracy Calculated According to the Labelled Target examples is:  [1.        1.        0.7777778 1.        1.        1.        1.
 1.        1.        0.8888889 1.        1.        1.        1.
 1.        0.8888889 1.        1.        1.        0.8888889 1.
 1.        1.        1.        0.8888889 0.8888889 1.        1.
 1.        0.7777778 1.        0.8888889 1.        1.        1.
 0.7777778 0.8888889 1.        1.        0.8888889 0.8888889 1.
 1.        1.        1.        0.8888889 1.        1.        1.
 1.        1.        1.        1.        1.        1.        1.
 1.        1.        1.        1.        1.        1.        0.8888889
 1.        0.8888889 1.        1.        1.        1.        1.
 0.8888889 1.        1.        1.        1.        1.        1.
 1.        1.        0.8888889 1.        1.        0.8888889 1.
 1.        0.8888889 1.        1.        1.        1.        1.
 1.        0.8888889 1.        0.8888889 1.        0.8888889 1.
 1.        1.        1.        1.        0.8888889 1.        1.
 1.        1.        1.        1.        1.        1.        1.
 1.        1.        1.        1.        1.        1.        1.
 0.8888889 1.        1.        1.        1.        1.        1.       ]
Top k classes which perform poorly are:  [2, 29, 35, 62, 102, 31, 36, 96, 39, 40, 94, 92, 45, 85, 82, 79, 64, 25, 24, 70, 119, 9, 15, 19, 91, 90, 89, 88, 87, 86, 120, 84, 83, 108, 80, 122, 78, 77, 76, 75, 74, 123, 73, 72, 121, 81, 118, 117, 107, 106, 105, 109, 110, 104, 103, 111, 101, 112, 100, 99, 71, 113, 114, 97, 115, 116, 95, 93, 98, 0, 68, 32, 30, 28, 27, 26, 23, 22, 21, 20, 18, 17, 33, 16, 13, 12, 11, 10, 8, 7, 6, 5, 4, 3, 1, 14, 34, 37, 38, 67, 66, 65, 63, 124, 61, 60, 59, 58, 57, 56, 55, 54, 53, 52, 51, 50, 49, 48, 47, 46, 44, 43, 42, 41, 69, 125]
Assigned Classwise weights to source
S real T sketch Train Ep: 21000 lr0.0042803445529350555 	 Loss Classification: 0.224926 Loss T 0.037528 Method MME

24
24
24
24
24
24
24
24
24
24
24
24
24
24
24
24
tensor(1134.)

Labeled Target set: Average loss: 0.1076, Accuracy: 1106/1134 F1 (97.5309%)


Test set: Average loss: 1.9830, Accuracy: 17130/23808 F1 (71.9506%)


Val set: Average loss: 1.5061, Accuracy: 254/360 F1 (70.5556%)

best acc test 70.778730  acc val 70.555556 acc labeled target 97.530864
saving model...
S real T sketch Train Ep: 21100 lr0.0042700180241784045 	 Loss Classification: 0.203028 Loss T 0.026487 Method MME

S real T sketch Train Ep: 21200 lr0.004259749439905917 	 Loss Classification: 0.178069 Loss T 0.018380 Method MME

S real T sketch Train Ep: 21300 lr0.004249538290816886 	 Loss Classification: 0.264458 Loss T 0.029920 Method MME

S real T sketch Train Ep: 21400 lr0.004239384073695442 	 Loss Classification: 0.121208 Loss T 0.011819 Method MME

S real T sketch Train Ep: 21500 lr0.004229286291318768 	 Loss Classification: 0.141447 Loss T 0.024766 Method MME

24
24
24
24
24
24
24
24
24
24
24
24
24
24
24
24
tensor(1134.)

Labeled Target set: Average loss: 0.1301, Accuracy: 1098/1134 F1 (96.8254%)


Test set: Average loss: 2.0497, Accuracy: 17077/23808 F1 (71.7280%)


Val set: Average loss: 1.6401, Accuracy: 253/360 F1 (70.2778%)

best acc test 70.778730  acc val 70.277778 acc labeled target 96.825397
saving model...
S real T sketch Train Ep: 21600 lr0.004219244452366975 	 Loss Classification: 0.210796 Loss T 0.032469 Method MME

S real T sketch Train Ep: 21700 lr0.004209258071334615 	 Loss Classification: 0.067764 Loss T 0.034879 Method MME

S real T sketch Train Ep: 21800 lr0.004199326668443797 	 Loss Classification: 0.063710 Loss T 0.011843 Method MME

S real T sketch Train Ep: 21900 lr0.004189449769558871 	 Loss Classification: 0.212221 Loss T 0.019899 Method MME

Per Class Accuracy Calculated According to the Labelled Target examples is:  [1.        1.        1.        1.        1.        1.        1.
 1.        1.        0.8888889 1.        1.        1.        1.
 1.        1.        1.        1.        1.        1.        1.
 1.        1.        1.        1.        1.        0.8888889 1.
 0.8888889 1.        0.8888889 1.        0.8888889 0.8888889 0.8888889
 1.        0.8888889 0.8888889 0.8888889 0.8888889 0.8888889 1.
 1.        0.8888889 1.        1.        1.        0.8888889 1.
 1.        0.8888889 1.        1.        0.8888889 1.        1.
 0.8888889 1.        1.        1.        1.        0.8888889 1.
 1.        1.        1.        1.        1.        1.        1.
 1.        1.        1.        1.        1.        1.        0.7777778
 1.        0.8888889 0.8888889 1.        1.        1.        1.
 0.8888889 1.        1.        1.        0.8888889 0.8888889 1.
 1.        1.        1.        1.        0.8888889 1.        1.
 0.7777778 1.        1.        1.        1.        1.        1.
 1.        0.8888889 0.8888889 0.8888889 1.        1.        0.8888889
 1.        1.        1.        0.8888889 1.        1.        0.8888889
 0.7777778 1.        1.        1.        1.        1.        1.       ]
Top k classes which perform poorly are:  [76, 119, 98, 108, 84, 56, 47, 36, 53, 89, 88, 106, 28, 30, 50, 32, 26, 107, 34, 37, 38, 111, 39, 61, 40, 115, 9, 79, 78, 118, 95, 43, 33, 90, 0, 85, 86, 83, 82, 81, 80, 77, 75, 74, 87, 91, 96, 93, 123, 122, 121, 120, 117, 116, 114, 113, 112, 110, 109, 105, 104, 103, 102, 101, 100, 99, 97, 73, 94, 92, 72, 62, 70, 24, 23, 22, 21, 20, 19, 18, 17, 16, 15, 14, 13, 12, 11, 10, 8, 7, 6, 5, 4, 3, 2, 1, 25, 27, 29, 31, 69, 68, 67, 66, 65, 64, 63, 124, 60, 59, 58, 71, 57, 54, 52, 51, 49, 48, 46, 45, 44, 42, 41, 35, 55, 125]
Assigned Classwise weights to source
S real T sketch Train Ep: 22000 lr0.004179626906102638 	 Loss Classification: 0.141284 Loss T 0.018147 Method MME

24
24
24
24
24
24
24
24
24
24
24
24
24
24
24
24
tensor(1134.)

Labeled Target set: Average loss: 0.1336, Accuracy: 1100/1134 F1 (97.0018%)


Test set: Average loss: 2.0385, Accuracy: 17061/23808 F1 (71.6608%)


Val set: Average loss: 1.5608, Accuracy: 255/360 F1 (70.8333%)

best acc test 70.778730  acc val 70.833333 acc labeled target 97.001764
saving model...
S real T sketch Train Ep: 22100 lr0.004169857614974071 	 Loss Classification: 0.257751 Loss T 0.028666 Method MME

S real T sketch Train Ep: 22200 lr0.004160141438467499 	 Loss Classification: 0.160403 Loss T 0.021923 Method MME

S real T sketch Train Ep: 22300 lr0.004150477924193236 	 Loss Classification: 0.051977 Loss T 0.038911 Method MME

S real T sketch Train Ep: 22400 lr0.00414086662499961 	 Loss Classification: 0.022906 Loss T 0.014267 Method MME

S real T sketch Train Ep: 22500 lr0.004131307098896385 	 Loss Classification: 0.094817 Loss T 0.017479 Method MME

24
24
24
24
24
24
24
24
24
24
24
24
24
24
24
24
tensor(1134.)

Labeled Target set: Average loss: 0.0904, Accuracy: 1108/1134 F1 (97.7072%)


Test set: Average loss: 2.0530, Accuracy: 17103/23808 F1 (71.8372%)


Val set: Average loss: 1.6380, Accuracy: 247/360 F1 (68.6111%)

best acc test 70.778730  acc val 68.611111 acc labeled target 97.707231
saving model...
S real T sketch Train Ep: 22600 lr0.0041217989089795196 	 Loss Classification: 0.191816 Loss T 0.019619 Method MME

S real T sketch Train Ep: 22700 lr0.004112341623357265 	 Loss Classification: 0.104376 Loss T 0.034796 Method MME

S real T sketch Train Ep: 22800 lr0.004102934815077543 	 Loss Classification: 0.057462 Loss T 0.023788 Method MME

S real T sketch Train Ep: 22900 lr0.004093578062056604 	 Loss Classification: 0.082398 Loss T 0.010800 Method MME

Per Class Accuracy Calculated According to the Labelled Target examples is:  [0.8888889 1.        1.        1.        1.        1.        1.
 1.        1.        1.        1.        1.        1.        1.
 1.        1.        1.        0.8888889 1.        1.        1.
 1.        1.        1.        1.        1.        1.        0.8888889
 1.        1.        0.8888889 1.        1.        1.        1.
 1.        1.        0.7777778 1.        1.        1.        0.8888889
 1.        1.        1.        1.        1.        1.        1.
 1.        1.        0.8888889 1.        1.        1.        1.
 1.        1.        1.        1.        1.        1.        0.8888889
 1.        1.        1.        1.        1.        0.8888889 1.
 0.8888889 1.        1.        0.8888889 1.        0.7777778 1.
 1.        1.        1.        1.        1.        1.        1.
 1.        1.        1.        1.        1.        1.        1.
 1.        1.        1.        1.        0.8888889 1.        1.
 0.7777778 1.        0.8888889 1.        0.8888889 1.        1.
 1.        1.        1.        1.        1.        0.8888889 1.
 1.        1.        0.8888889 1.        0.8888889 1.        0.8888889
 1.        1.        1.        1.        0.8888889 0.7777778 1.       ]
Top k classes which perform poorly are:  [37, 124, 98, 75, 0, 41, 51, 68, 70, 73, 95, 100, 102, 110, 114, 116, 118, 123, 30, 27, 62, 17, 21, 97, 96, 9, 94, 93, 92, 91, 90, 89, 88, 87, 86, 85, 84, 83, 82, 81, 80, 79, 78, 77, 76, 8, 99, 7, 101, 1, 122, 121, 120, 119, 2, 117, 3, 115, 4, 10, 113, 111, 5, 109, 108, 107, 106, 105, 104, 103, 6, 112, 74, 11, 72, 44, 43, 42, 16, 40, 39, 38, 36, 35, 34, 45, 33, 31, 18, 29, 28, 19, 26, 25, 24, 23, 22, 32, 46, 47, 48, 71, 12, 69, 13, 67, 66, 65, 64, 63, 14, 61, 60, 59, 58, 57, 56, 55, 54, 53, 52, 15, 50, 49, 20, 125]
Assigned Classwise weights to source
S real T sketch Train Ep: 23000 lr0.00408427094700893 	 Loss Classification: 0.102380 Loss T 0.013849 Method MME

24
24
24
24
24
24
24
24
24
24
24
24
24
24
24
24
tensor(1134.)

Labeled Target set: Average loss: 0.1178, Accuracy: 1103/1134 F1 (97.2663%)


Test set: Average loss: 2.0598, Accuracy: 17104/23808 F1 (71.8414%)


Val set: Average loss: 1.6712, Accuracy: 240/360 F1 (66.6667%)

best acc test 70.778730  acc val 66.666667 acc labeled target 97.266314
saving model...
S real T sketch Train Ep: 23100 lr0.004075013057378346 	 Loss Classification: 0.180749 Loss T 0.025200 Method MME

S real T sketch Train Ep: 23200 lr0.004065803985270331 	 Loss Classification: 0.251030 Loss T 0.024745 Method MME

S real T sketch Train Ep: 23300 lr0.004056643327385506 	 Loss Classification: 0.125549 Loss T 0.022221 Method MME

S real T sketch Train Ep: 23400 lr0.004047530684954247 	 Loss Classification: 0.265527 Loss T 0.018512 Method MME

S real T sketch Train Ep: 23500 lr0.0040384656636724406 	 Loss Classification: 0.026427 Loss T 0.031113 Method MME

24
24
24
24
24
24
24
24
24
24
24
24
24
24
24
24
tensor(1134.)

Labeled Target set: Average loss: 0.1095, Accuracy: 1111/1134 F1 (97.9718%)


Test set: Average loss: 2.0674, Accuracy: 17119/23808 F1 (71.9044%)


Val set: Average loss: 1.5948, Accuracy: 249/360 F1 (69.1667%)

