Dataset multi Source real Target sketch Labeled num perclass 3 Network resnet34
126 classes in this dataset
23826
dict_keys(['feat_vec', 'labels', 'names'])
23826
S real T sketch Train Ep: 0 lr0.01 	 Loss Classification: 4.958836 Loss T 0.471383 Method MME

S real T sketch Train Ep: 100 lr0.009925650290240803 	 Loss Classification: 1.082629 Loss T 0.307937 Method MME

S real T sketch Train Ep: 200 lr0.009852577760521605 	 Loss Classification: 0.644801 Loss T 0.252269 Method MME

S real T sketch Train Ep: 300 lr0.009780748269686728 	 Loss Classification: 0.686582 Loss T 0.219681 Method MME

S real T sketch Train Ep: 400 lr0.009710128909124701 	 Loss Classification: 0.548466 Loss T 0.183774 Method MME

S real T sketch Train Ep: 500 lr0.00964068794694323 	 Loss Classification: 0.363900 Loss T 0.175949 Method MME


Test set: Average loss: 2.1252, Accuracy: 12620/23808 F1 (53%)


Test set: Average loss: 1.9056, Accuracy: 209/360 F1 (58%)

best acc test 53.007392 best acc val 58.055556
tensor([[0.7562, 0.7233, 0.7971,  ..., 0.7631, 0.7033, 0.7364],
        [0.7631, 0.7048, 0.8051,  ..., 0.7510, 0.6938, 0.7363],
        [0.7502, 0.7182, 0.8170,  ..., 0.7641, 0.7118, 0.7303],
        ...,
        [0.7697, 0.7301, 0.7530,  ..., 0.7574, 0.7190, 0.7311],
        [0.7637, 0.7493, 0.7609,  ..., 0.7569, 0.6979, 0.7249],
        [0.7971, 0.7429, 0.7645,  ..., 0.7636, 0.7152, 0.7523]],
       device='cuda:0', grad_fn=<MmBackward>)
saving model...
S real T sketch Train Ep: 600 lr0.00957239477517603 	 Loss Classification: 0.255104 Loss T 0.201336 Method MME

S real T sketch Train Ep: 700 lr0.009505219859830012 	 Loss Classification: 0.224741 Loss T 0.169228 Method MME

S real T sketch Train Ep: 800 lr0.009439134693595126 	 Loss Classification: 0.496284 Loss T 0.156060 Method MME

S real T sketch Train Ep: 900 lr0.009374111751051751 	 Loss Classification: 0.511584 Loss T 0.165507 Method MME

S real T sketch Train Ep: 1000 lr0.009310124446222227 	 Loss Classification: 0.426852 Loss T 0.153055 Method MME


Test set: Average loss: 1.9484, Accuracy: 13743/23808 F1 (58%)


Test set: Average loss: 1.7456, Accuracy: 217/360 F1 (60%)

best acc test 57.724294 best acc val 60.277778
tensor([[0.6908, 0.7751, 0.6603,  ..., 0.7653, 0.7126, 0.7025],
        [0.6914, 0.7828, 0.6501,  ..., 0.7645, 0.7482, 0.6919],
        [0.6710, 0.7655, 0.6680,  ..., 0.7779, 0.7164, 0.7101],
        ...,
        [0.7130, 0.7769, 0.6878,  ..., 0.6689, 0.6805, 0.7342],
        [0.7077, 0.7933, 0.7045,  ..., 0.6827, 0.6939, 0.7124],
        [0.7215, 0.7746, 0.7220,  ..., 0.6886, 0.7117, 0.7250]],
       device='cuda:0', grad_fn=<MmBackward>)
saving model...
S real T sketch Train Ep: 1100 lr0.00924714709232377 	 Loss Classification: 0.284798 Loss T 0.146335 Method MME

S real T sketch Train Ep: 1200 lr0.009185154863590003 	 Loss Classification: 0.338569 Loss T 0.126323 Method MME

S real T sketch Train Ep: 1300 lr0.00912412375903735 	 Loss Classification: 0.410241 Loss T 0.185351 Method MME

S real T sketch Train Ep: 1400 lr0.009064030568061049 	 Loss Classification: 0.288424 Loss T 0.150350 Method MME

S real T sketch Train Ep: 1500 lr0.009004852837753237 	 Loss Classification: 0.251915 Loss T 0.091614 Method MME


Test set: Average loss: 1.8602, Accuracy: 14359/23808 F1 (60%)


Test set: Average loss: 1.5872, Accuracy: 231/360 F1 (64%)

best acc test 60.311660 best acc val 64.166667
tensor([[0.7106, 0.6853, 0.5946,  ..., 0.7165, 0.6484, 0.7424],
        [0.6694, 0.6804, 0.5936,  ..., 0.6947, 0.6596, 0.7440],
        [0.6805, 0.6889, 0.5995,  ..., 0.6843, 0.6501, 0.7179],
        ...,
        [0.6700, 0.6926, 0.6409,  ..., 0.7082, 0.6755, 0.6858],
        [0.7102, 0.6877, 0.6081,  ..., 0.7506, 0.6878, 0.7052],
        [0.6998, 0.6938, 0.6236,  ..., 0.7109, 0.6915, 0.6744]],
       device='cuda:0', grad_fn=<MmBackward>)
saving model...
S real T sketch Train Ep: 1600 lr0.008946568841842816 	 Loss Classification: 0.372007 Loss T 0.141831 Method MME

S real T sketch Train Ep: 1700 lr0.008889157551163433 	 Loss Classification: 0.323984 Loss T 0.124610 Method MME

S real T sketch Train Ep: 1800 lr0.008832598605562044 	 Loss Classification: 0.397147 Loss T 0.118671 Method MME

S real T sketch Train Ep: 1900 lr0.008776872287166303 	 Loss Classification: 0.332245 Loss T 0.124850 Method MME

S real T sketch Train Ep: 2000 lr0.008721959494934213 	 Loss Classification: 0.581142 Loss T 0.109907 Method MME


Test set: Average loss: 1.8053, Accuracy: 14775/23808 F1 (62%)


Test set: Average loss: 1.6053, Accuracy: 227/360 F1 (63%)

best acc test 60.311660 best acc val 63.055556
tensor([[0.6593, 0.6175, 0.6380,  ..., 0.6672, 0.7777, 0.5813],
        [0.6509, 0.6396, 0.6473,  ..., 0.6610, 0.7707, 0.6198],
        [0.6400, 0.6181, 0.6351,  ..., 0.6729, 0.7215, 0.5956],
        ...,
        [0.6469, 0.7116, 0.6492,  ..., 0.6806, 0.6455, 0.7037],
        [0.7024, 0.6742, 0.6760,  ..., 0.7041, 0.7017, 0.6669],
        [0.7127, 0.7579, 0.6734,  ..., 0.7141, 0.6563, 0.7293]],
       device='cuda:0', grad_fn=<MmBackward>)
saving model...
S real T sketch Train Ep: 2100 lr0.008667841720414475 	 Loss Classification: 0.457104 Loss T 0.127300 Method MME

S real T sketch Train Ep: 2200 lr0.008614501024650454 	 Loss Classification: 0.377919 Loss T 0.151235 Method MME

S real T sketch Train Ep: 2300 lr0.008561920016164943 	 Loss Classification: 0.597066 Loss T 0.121350 Method MME

