Dataset multi Source real Target sketch Labeled num perclass 3 Network resnet34
126 classes in this dataset
496
S real T sketch Train Ep: 0 lr0.01 	 Loss Classification: 4.958296 Loss T 0.469884 Method MME

S real T sketch Train Ep: 100 lr0.009925650290240803 	 Loss Classification: 0.561393 Loss T 0.304348 Method MME

S real T sketch Train Ep: 200 lr0.009852577760521605 	 Loss Classification: 0.536342 Loss T 0.236915 Method MME

S real T sketch Train Ep: 300 lr0.009780748269686728 	 Loss Classification: 0.256498 Loss T 0.182228 Method MME

S real T sketch Train Ep: 400 lr0.009710128909124701 	 Loss Classification: 0.180034 Loss T 0.204584 Method MME

S real T sketch Train Ep: 500 lr0.00964068794694323 	 Loss Classification: 0.464932 Loss T 0.183019 Method MME


Test set: Average loss: 1.9895, Accuracy: 12966/23808 F1 (54%)


Test set: Average loss: 1.8719, Accuracy: 203/360 F1 (56%)

best acc test 54.460685 best acc val 56.388889
record record/multi/MME/MME_net_resnet34_real_to_sketch_num_3
saving model...
S real T sketch Train Ep: 600 lr0.00957239477517603 	 Loss Classification: 0.525919 Loss T 0.161382 Method MME

S real T sketch Train Ep: 700 lr0.009505219859830012 	 Loss Classification: 0.437091 Loss T 0.147200 Method MME

S real T sketch Train Ep: 800 lr0.009439134693595126 	 Loss Classification: 0.423357 Loss T 0.134380 Method MME

S real T sketch Train Ep: 900 lr0.009374111751051751 	 Loss Classification: 0.497647 Loss T 0.122822 Method MME

S real T sketch Train Ep: 1000 lr0.009310124446222227 	 Loss Classification: 0.439111 Loss T 0.119274 Method MME


Test set: Average loss: 1.9101, Accuracy: 13864/23808 F1 (58%)


Test set: Average loss: 1.7148, Accuracy: 221/360 F1 (61%)

best acc test 58.232527 best acc val 61.388889
record record/multi/MME/MME_net_resnet34_real_to_sketch_num_3
saving model...
S real T sketch Train Ep: 1100 lr0.00924714709232377 	 Loss Classification: 0.421082 Loss T 0.148933 Method MME

S real T sketch Train Ep: 1200 lr0.009185154863590003 	 Loss Classification: 0.273506 Loss T 0.140417 Method MME

S real T sketch Train Ep: 1300 lr0.00912412375903735 	 Loss Classification: 0.304559 Loss T 0.107885 Method MME

S real T sketch Train Ep: 1400 lr0.009064030568061049 	 Loss Classification: 0.481452 Loss T 0.164075 Method MME

S real T sketch Train Ep: 1500 lr0.009004852837753237 	 Loss Classification: 0.283629 Loss T 0.152071 Method MME


Test set: Average loss: 1.8263, Accuracy: 14415/23808 F1 (61%)


Test set: Average loss: 1.6068, Accuracy: 220/360 F1 (61%)

best acc test 58.232527 best acc val 61.111111
record record/multi/MME/MME_net_resnet34_real_to_sketch_num_3
saving model...
S real T sketch Train Ep: 1600 lr0.008946568841842816 	 Loss Classification: 0.177871 Loss T 0.126895 Method MME

S real T sketch Train Ep: 1700 lr0.008889157551163433 	 Loss Classification: 0.249018 Loss T 0.118229 Method MME

S real T sketch Train Ep: 1800 lr0.008832598605562044 	 Loss Classification: 0.314939 Loss T 0.129257 Method MME

S real T sketch Train Ep: 1900 lr0.008776872287166303 	 Loss Classification: 0.084898 Loss T 0.120784 Method MME

S real T sketch Train Ep: 2000 lr0.008721959494934213 	 Loss Classification: 0.402112 Loss T 0.112819 Method MME


Test set: Average loss: 1.7645, Accuracy: 15010/23808 F1 (63%)


Test set: Average loss: 1.4906, Accuracy: 237/360 F1 (66%)

best acc test 63.046035 best acc val 65.833333
record record/multi/MME/MME_net_resnet34_real_to_sketch_num_3
saving model...
S real T sketch Train Ep: 2100 lr0.008667841720414475 	 Loss Classification: 0.240551 Loss T 0.104217 Method MME

S real T sketch Train Ep: 2200 lr0.008614501024650454 	 Loss Classification: 0.406753 Loss T 0.095339 Method MME

S real T sketch Train Ep: 2300 lr0.008561920016164943 	 Loss Classification: 0.281052 Loss T 0.127584 Method MME

S real T sketch Train Ep: 2400 lr0.008510081829966844 	 Loss Classification: 0.105507 Loss T 0.117202 Method MME

S real T sketch Train Ep: 2500 lr0.008458970107524513 	 Loss Classification: 0.358701 Loss T 0.088151 Method MME


Test set: Average loss: 1.8171, Accuracy: 14946/23808 F1 (63%)


Test set: Average loss: 1.6121, Accuracy: 235/360 F1 (65%)

best acc test 63.046035 best acc val 65.277778
record record/multi/MME/MME_net_resnet34_real_to_sketch_num_3
saving model...
S real T sketch Train Ep: 2600 lr0.008408568977653933 	 Loss Classification: 0.219438 Loss T 0.080559 Method MME

S real T sketch Train Ep: 2700 lr0.00835886303827305 	 Loss Classification: 0.340816 Loss T 0.107641 Method MME

S real T sketch Train Ep: 2800 lr0.008309837338976545 	 Loss Classification: 0.348846 Loss T 0.102534 Method MME

S real T sketch Train Ep: 2900 lr0.008261477364388068 	 Loss Classification: 0.376457 Loss T 0.102984 Method MME

S real T sketch Train Ep: 3000 lr0.008213769018249545 	 Loss Classification: 0.143850 Loss T 0.096882 Method MME


Test set: Average loss: 1.7390, Accuracy: 15532/23808 F1 (65%)


Test set: Average loss: 1.5919, Accuracy: 235/360 F1 (65%)

best acc test 63.046035 best acc val 65.277778
record record/multi/MME/MME_net_resnet34_real_to_sketch_num_3
saving model...
S real T sketch Train Ep: 3100 lr0.008166698608209509 	 Loss Classification: 0.243993 Loss T 0.068887 Method MME

S real T sketch Train Ep: 3200 lr0.008120252831274708 	 Loss Classification: 0.256987 Loss T 0.108222 Method MME

S real T sketch Train Ep: 3300 lr0.008074418759891278 	 Loss Classification: 0.079778 Loss T 0.078002 Method MME

S real T sketch Train Ep: 3400 lr0.008029183828623731 	 Loss Classification: 0.450349 Loss T 0.080288 Method MME

S real T sketch Train Ep: 3500 lr0.007984535821401871 	 Loss Classification: 0.187984 Loss T 0.078274 Method MME


Test set: Average loss: 1.7228, Accuracy: 15709/23808 F1 (66%)


Test set: Average loss: 1.6059, Accuracy: 235/360 F1 (65%)

best acc test 63.046035 best acc val 65.277778
record record/multi/MME/MME_net_resnet34_real_to_sketch_num_3
saving model...
S real T sketch Train Ep: 3600 lr0.007940462859307384 	 Loss Classification: 0.378495 Loss T 0.071819 Method MME

S real T sketch Train Ep: 3700 lr0.007896953388873518 	 Loss Classification: 0.178829 Loss T 0.104982 Method MME

S real T sketch Train Ep: 3800 lr0.007853996170872714 	 Loss Classification: 0.115836 Loss T 0.099928 Method MME

S real T sketch Train Ep: 3900 lr0.00781158026956848 	 Loss Classification: 0.214002 Loss T 0.096716 Method MME

S real T sketch Train Ep: 4000 lr0.007769695042409123 	 Loss Classification: 0.364347 Loss T 0.073273 Method MME


Test set: Average loss: 1.7680, Accuracy: 15664/23808 F1 (66%)


Test set: Average loss: 1.5593, Accuracy: 245/360 F1 (68%)

best acc test 65.793011 best acc val 68.055556
record record/multi/MME/MME_net_resnet34_real_to_sketch_num_3
saving model...
S real T sketch Train Ep: 4100 lr0.007728330130142108 	 Loss Classification: 0.219952 Loss T 0.078936 Method MME

S real T sketch Train Ep: 4200 lr0.007687475447329114 	 Loss Classification: 0.373130 Loss T 0.065777 Method MME

S real T sketch Train Ep: 4300 lr0.0076471211732427845 	 Loss Classification: 0.428836 Loss T 0.062994 Method MME

S real T sketch Train Ep: 4400 lr0.007607257743127307 	 Loss Classification: 0.434110 Loss T 0.093680 Method MME

S real T sketch Train Ep: 4500 lr0.007567875839805858 	 Loss Classification: 0.422058 Loss T 0.097182 Method MME


Test set: Average loss: 1.7178, Accuracy: 15881/23808 F1 (67%)


Test set: Average loss: 1.4936, Accuracy: 241/360 F1 (67%)

best acc test 65.793011 best acc val 66.944444
record record/multi/MME/MME_net_resnet34_real_to_sketch_num_3
saving model...
S real T sketch Train Ep: 4600 lr0.007528966385618854 	 Loss Classification: 0.356116 Loss T 0.078446 Method MME

S real T sketch Train Ep: 4700 lr0.007490520534677821 	 Loss Classification: 0.308743 Loss T 0.089734 Method MME

S real T sketch Train Ep: 4800 lr0.007452529665420465 	 Loss Classification: 0.323918 Loss T 0.074088 Method MME

S real T sketch Train Ep: 4900 lr0.007414985373453289 	 Loss Classification: 0.194299 Loss T 0.087798 Method MME

S real T sketch Train Ep: 5000 lr0.007377879464668811 	 Loss Classification: 0.266328 Loss T 0.056908 Method MME


Test set: Average loss: 1.7943, Accuracy: 15767/23808 F1 (66%)


Test set: Average loss: 1.5383, Accuracy: 231/360 F1 (64%)

best acc test 65.793011 best acc val 64.166667
record record/multi/MME/MME_net_resnet34_real_to_sketch_num_3
saving model...
S real T sketch Train Ep: 5100 lr0.007341203948625087 	 Loss Classification: 0.353290 Loss T 0.103501 Method MME

S real T sketch Train Ep: 5200 lr0.007304951032175895 	 Loss Classification: 0.092959 Loss T 0.074238 Method MME

S real T sketch Train Ep: 5300 lr0.007269113113340497 	 Loss Classification: 0.279849 Loss T 0.088599 Method MME

S real T sketch Train Ep: 5400 lr0.007233682775402483 	 Loss Classification: 0.280745 Loss T 0.095790 Method MME

S real T sketch Train Ep: 5500 lr0.007198652781227704 	 Loss Classification: 0.230518 Loss T 0.074385 Method MME


Test set: Average loss: 1.7649, Accuracy: 15943/23808 F1 (67%)


Test set: Average loss: 1.5693, Accuracy: 236/360 F1 (66%)

best acc test 65.793011 best acc val 65.555556
record record/multi/MME/MME_net_resnet34_real_to_sketch_num_3
saving model...
S real T sketch Train Ep: 5600 lr0.007164016067791809 	 Loss Classification: 0.311685 Loss T 0.051698 Method MME

S real T sketch Train Ep: 5700 lr0.0071297657409083726 	 Loss Classification: 0.317313 Loss T 0.082812 Method MME

S real T sketch Train Ep: 5800 lr0.0070958950701490225 	 Loss Classification: 0.131680 Loss T 0.056292 Method MME

S real T sketch Train Ep: 5900 lr0.007062397483947426 	 Loss Classification: 0.054594 Loss T 0.055258 Method MME

S real T sketch Train Ep: 6000 lr0.007029266564879363 	 Loss Classification: 0.074164 Loss T 0.047380 Method MME


Test set: Average loss: 1.7581, Accuracy: 16076/23808 F1 (68%)


Test set: Average loss: 1.4775, Accuracy: 240/360 F1 (67%)

best acc test 65.793011 best acc val 66.666667
record record/multi/MME/MME_net_resnet34_real_to_sketch_num_3
saving model...
S real T sketch Train Ep: 6100 lr0.006996496045111504 	 Loss Classification: 0.255778 Loss T 0.060115 Method MME

S real T sketch Train Ep: 6200 lr0.00696407980201184 	 Loss Classification: 0.289900 Loss T 0.071811 Method MME

S real T sketch Train Ep: 6300 lr0.006932011853915101 	 Loss Classification: 0.310547 Loss T 0.081480 Method MME

S real T sketch Train Ep: 6400 lr0.006900286356036734 	 Loss Classification: 0.199382 Loss T 0.067007 Method MME

S real T sketch Train Ep: 6500 lr0.006868897596529406 	 Loss Classification: 0.156189 Loss T 0.056380 Method MME


Test set: Average loss: 1.8361, Accuracy: 16068/23808 F1 (67%)


Test set: Average loss: 1.5924, Accuracy: 239/360 F1 (66%)

best acc test 65.793011 best acc val 66.388889
record record/multi/MME/MME_net_resnet34_real_to_sketch_num_3
saving model...
S real T sketch Train Ep: 6600 lr0.006837839992676177 	 Loss Classification: 0.215656 Loss T 0.087708 Method MME

S real T sketch Train Ep: 6700 lr0.006807108087214876 	 Loss Classification: 0.558560 Loss T 0.062852 Method MME

S real T sketch Train Ep: 6800 lr0.006776696544788352 	 Loss Classification: 0.481206 Loss T 0.062888 Method MME

S real T sketch Train Ep: 6900 lr0.006746600148515609 	 Loss Classification: 0.141118 Loss T 0.063869 Method MME

S real T sketch Train Ep: 7000 lr0.006716813796678979 	 Loss Classification: 0.082026 Loss T 0.064978 Method MME


Test set: Average loss: 1.8125, Accuracy: 16175/23808 F1 (68%)


Test set: Average loss: 1.5637, Accuracy: 242/360 F1 (67%)

