Dataset multi Target real Network resnet34 Num per class 3
126 classes in this dataset
THCudaCheck FAIL file=/opt/conda/conda-bld/pytorch_1535493744281/work/aten/src/THC/THCGeneral.cpp line=663 error=11 : invalid argument
T real Ep: 0 lr0.01 	 Loss Class: 4.970780 RotLab: 1.357372760772705 Ent: 0.47152456641197205 RotUnl: 1.572615146636963 

T real Ep: 100 lr0.009925650290240803 	 Loss Class: 0.336468 RotLab: 0.8139710426330566 Ent: 0.2603625953197479 RotUnl: 1.2301181554794312 

T real Ep: 200 lr0.009852577760521605 	 Loss Class: 0.120821 RotLab: 0.3810548782348633 Ent: 0.24530506134033203 RotUnl: 0.7341145873069763 

T real Ep: 300 lr0.009780748269686728 	 Loss Class: 0.078408 RotLab: 0.20873160660266876 Ent: 0.2469715178012848 RotUnl: 0.75987309217453 

T real Ep: 400 lr0.009710128909124701 	 Loss Class: 0.068483 RotLab: 0.24713094532489777 Ent: 0.2280959188938141 RotUnl: 0.7121446132659912 

T real Ep: 500 lr0.00964068794694323 	 Loss Class: 0.047630 RotLab: 0.2909240424633026 Ent: 0.22120948135852814 RotUnl: 0.7146704792976379 

\Target: Average loss: 2.3789, Accuracy: 30900/69936 F1 (44%)

\Rotation: Average loss: 0.5513, Accuracy: 55126/69936 F1 (78%)

best acc class 44.183253
record record/multi/net_resnet34_real
saving model
T real Ep: 600 lr0.00957239477517603 	 Loss Class: 0.046283 RotLab: 0.15224972367286682 Ent: 0.22903291881084442 RotUnl: 0.5283761620521545 

T real Ep: 700 lr0.009505219859830012 	 Loss Class: 0.055796 RotLab: 0.10605832189321518 Ent: 0.21720682084560394 RotUnl: 0.701426088809967 

T real Ep: 800 lr0.009439134693595126 	 Loss Class: 0.042524 RotLab: 0.018555423244833946 Ent: 0.23924313485622406 RotUnl: 0.3235779404640198 

T real Ep: 900 lr0.009374111751051751 	 Loss Class: 0.043306 RotLab: 0.02744775079190731 Ent: 0.22772283852100372 RotUnl: 0.7712673544883728 

T real Ep: 1000 lr0.009310124446222227 	 Loss Class: 0.037143 RotLab: 0.06393767148256302 Ent: 0.24178552627563477 RotUnl: 0.22755278646945953 

\Target: Average loss: 2.4656, Accuracy: 31474/69936 F1 (45%)

\Rotation: Average loss: 0.4435, Accuracy: 57729/69936 F1 (82%)

best acc class 45.004004
record record/multi/net_resnet34_real
saving model
T real Ep: 1100 lr0.00924714709232377 	 Loss Class: 0.045682 RotLab: 0.07126028090715408 Ent: 0.2775092124938965 RotUnl: 0.4513275623321533 

T real Ep: 1200 lr0.009185154863590003 	 Loss Class: 0.045786 RotLab: 0.18455739319324493 Ent: 0.28027570247650146 RotUnl: 0.7349956035614014 

T real Ep: 1300 lr0.00912412375903735 	 Loss Class: 0.042943 RotLab: 0.02008751966059208 Ent: 0.2711695730686188 RotUnl: 0.5166761875152588 

T real Ep: 1400 lr0.009064030568061049 	 Loss Class: 0.035745 RotLab: 0.050360843539237976 Ent: 0.2622523009777069 RotUnl: 0.4182030260562897 

T real Ep: 1500 lr0.009004852837753237 	 Loss Class: 0.049221 RotLab: 0.026691069826483727 Ent: 0.2672884464263916 RotUnl: 0.41677793860435486 

\Target: Average loss: 2.6565, Accuracy: 31529/69936 F1 (45%)

\Rotation: Average loss: 0.4081, Accuracy: 58779/69936 F1 (84%)

best acc class 45.082647
record record/multi/net_resnet34_real
saving model
T real Ep: 1600 lr0.008946568841842816 	 Loss Class: 0.041960 RotLab: 0.11116287857294083 Ent: 0.27686190605163574 RotUnl: 0.2097414880990982 

T real Ep: 1700 lr0.008889157551163433 	 Loss Class: 0.039139 RotLab: 0.02418503165245056 Ent: 0.25569602847099304 RotUnl: 0.45339617133140564 

T real Ep: 1800 lr0.008832598605562044 	 Loss Class: 0.038033 RotLab: 0.015631258487701416 Ent: 0.27416959404945374 RotUnl: 0.4511701166629791 

T real Ep: 1900 lr0.008776872287166303 	 Loss Class: 0.035291 RotLab: 0.028905918821692467 Ent: 0.3227059841156006 RotUnl: 0.45495250821113586 

T real Ep: 2000 lr0.008721959494934213 	 Loss Class: 0.042267 RotLab: 0.0407862551510334 Ent: 0.2677657902240753 RotUnl: 0.4412008225917816 

\Target: Average loss: 2.7858, Accuracy: 31318/69936 F1 (44%)

\Rotation: Average loss: 0.3677, Accuracy: 59961/69936 F1 (85%)

best acc class 45.082647
record record/multi/net_resnet34_real
saving model
T real Ep: 2100 lr0.008667841720414475 	 Loss Class: 0.062799 RotLab: 0.007917314767837524 Ent: 0.2832791805267334 RotUnl: 0.49834585189819336 

T real Ep: 2200 lr0.008614501024650454 	 Loss Class: 0.041156 RotLab: 0.012593984603881836 Ent: 0.2981657087802887 RotUnl: 0.559102475643158 

T real Ep: 2300 lr0.008561920016164943 	 Loss Class: 0.037044 RotLab: 0.05423039197921753 Ent: 0.26337191462516785 RotUnl: 0.26926735043525696 

T real Ep: 2400 lr0.008510081829966844 	 Loss Class: 0.049837 RotLab: 0.029799887910485268 Ent: 0.2733825743198395 RotUnl: 0.2995513081550598 

T real Ep: 2500 lr0.008458970107524513 	 Loss Class: 0.069175 RotLab: 0.028412580490112305 Ent: 0.2911822497844696 RotUnl: 0.473238080739975 

\Target: Average loss: 2.8709, Accuracy: 31540/69936 F1 (45%)

\Rotation: Average loss: 0.3529, Accuracy: 60271/69936 F1 (86%)

best acc class 45.098376
record record/multi/net_resnet34_real
saving model
T real Ep: 2600 lr0.008408568977653933 	 Loss Class: 0.037196 RotLab: 0.014563043601810932 Ent: 0.2847007215023041 RotUnl: 0.40198495984077454 

T real Ep: 2700 lr0.00835886303827305 	 Loss Class: 0.038700 RotLab: 0.027477005496621132 Ent: 0.29153910279273987 RotUnl: 0.4886222779750824 

T real Ep: 2800 lr0.008309837338976545 	 Loss Class: 0.040651 RotLab: 0.006069153547286987 Ent: 0.26207229495048523 RotUnl: 0.20272879302501678 

T real Ep: 2900 lr0.008261477364388068 	 Loss Class: 0.046602 RotLab: 0.009969145059585571 Ent: 0.28088271617889404 RotUnl: 0.6766549944877625 

T real Ep: 3000 lr0.008213769018249545 	 Loss Class: 0.053915 RotLab: 0.05187229439616203 Ent: 0.2847592532634735 RotUnl: 0.30441126227378845 

\Target: Average loss: 2.9325, Accuracy: 31845/69936 F1 (45%)

\Rotation: Average loss: 0.3213, Accuracy: 60998/69936 F1 (87%)

best acc class 45.534489
record record/multi/net_resnet34_real
saving model
T real Ep: 3100 lr0.008166698608209509 	 Loss Class: 0.039499 RotLab: 0.03555255010724068 Ent: 0.2649298906326294 RotUnl: 0.19337157905101776 

T real Ep: 3200 lr0.008120252831274708 	 Loss Class: 0.038045 RotLab: 0.011376728303730488 Ent: 0.27706822752952576 RotUnl: 0.46474575996398926 

T real Ep: 3300 lr0.008074418759891278 	 Loss Class: 0.062089 RotLab: 0.03808199241757393 Ent: 0.27177292108535767 RotUnl: 0.3310003876686096 

T real Ep: 3400 lr0.008029183828623731 	 Loss Class: 0.036800 RotLab: 0.030215511098504066 Ent: 0.2708657681941986 RotUnl: 0.234740749001503 

T real Ep: 3500 lr0.007984535821401871 	 Loss Class: 0.071243 RotLab: 0.015829235315322876 Ent: 0.29588982462882996 RotUnl: 0.21491976082324982 

\Target: Average loss: 2.9859, Accuracy: 32001/69936 F1 (45%)

\Rotation: Average loss: 0.3299, Accuracy: 60896/69936 F1 (87%)

best acc class 45.757550
record record/multi/net_resnet34_real
saving model
T real Ep: 3600 lr0.007940462859307384 	 Loss Class: 0.041674 RotLab: 0.006977697368711233 Ent: 0.29157885909080505 RotUnl: 0.11822239309549332 

T real Ep: 3700 lr0.007896953388873518 	 Loss Class: 0.065461 RotLab: 0.02473832108080387 Ent: 0.31107622385025024 RotUnl: 0.35356828570365906 

T real Ep: 3800 lr0.007853996170872714 	 Loss Class: 0.044456 RotLab: 0.005270540714263916 Ent: 0.3046906590461731 RotUnl: 0.6235977411270142 

T real Ep: 3900 lr0.00781158026956848 	 Loss Class: 0.037991 RotLab: 0.010003228671848774 Ent: 0.28972432017326355 RotUnl: 0.60249924659729 

T real Ep: 4000 lr0.007769695042409123 	 Loss Class: 0.059894 RotLab: 0.017564615234732628 Ent: 0.269517183303833 RotUnl: 0.32877957820892334 

\Target: Average loss: 3.0068, Accuracy: 32244/69936 F1 (46%)

\Rotation: Average loss: 0.3028, Accuracy: 61572/69936 F1 (88%)

best acc class 46.105010
record record/multi/net_resnet34_real
saving model
T real Ep: 4100 lr0.007728330130142108 	 Loss Class: 0.085095 RotLab: 0.01767968200147152 Ent: 0.26457279920578003 RotUnl: 0.4201458990573883 

T real Ep: 4200 lr0.007687475447329114 	 Loss Class: 0.050508 RotLab: 0.007560779806226492 Ent: 0.2613388001918793 RotUnl: 0.39317429065704346 

T real Ep: 4300 lr0.0076471211732427845 	 Loss Class: 0.057577 RotLab: 0.012718657962977886 Ent: 0.30383816361427307 RotUnl: 0.43389007449150085 

T real Ep: 4400 lr0.007607257743127307 	 Loss Class: 0.054522 RotLab: 0.008159875869750977 Ent: 0.28472432494163513 RotUnl: 0.25538370013237 

T real Ep: 4500 lr0.007567875839805858 	 Loss Class: 0.051308 RotLab: 0.001977304695174098 Ent: 0.28984031081199646 RotUnl: 0.4585881531238556 

\Target: Average loss: 3.0270, Accuracy: 32544/69936 F1 (46%)

\Rotation: Average loss: 0.2838, Accuracy: 62139/69936 F1 (88%)

best acc class 46.533974
record record/multi/net_resnet34_real
saving model
T real Ep: 4600 lr0.007528966385618854 	 Loss Class: 0.052205 RotLab: 0.02498008869588375 Ent: 0.25752249360084534 RotUnl: 0.2479909211397171 

T real Ep: 4700 lr0.007490520534677821 	 Loss Class: 0.036533 RotLab: 0.005856265779584646 Ent: 0.27870988845825195 RotUnl: 0.2967301905155182 

T real Ep: 4800 lr0.007452529665420465 	 Loss Class: 0.052540 RotLab: 0.029401054605841637 Ent: 0.26040807366371155 RotUnl: 0.1388978362083435 

T real Ep: 4900 lr0.007414985373453289 	 Loss Class: 0.042555 RotLab: 0.010957499034702778 Ent: 0.29435205459594727 RotUnl: 0.4954151213169098 

T real Ep: 5000 lr0.007377879464668811 	 Loss Class: 0.058784 RotLab: 0.009199638850986958 Ent: 0.271677702665329 RotUnl: 0.5426270961761475 

\Target: Average loss: 3.0583, Accuracy: 32613/69936 F1 (46%)

\Rotation: Average loss: 0.2751, Accuracy: 62369/69936 F1 (89%)

best acc class 46.632636
record record/multi/net_resnet34_real
saving model
T real Ep: 5100 lr0.007341203948625087 	 Loss Class: 0.069308 RotLab: 0.005619754549115896 Ent: 0.2474423199892044 RotUnl: 0.3188606798648834 

T real Ep: 5200 lr0.007304951032175895 	 Loss Class: 0.045584 RotLab: 0.0074448189698159695 Ent: 0.2795758843421936 RotUnl: 0.17784123122692108 

T real Ep: 5300 lr0.007269113113340497 	 Loss Class: 0.048100 RotLab: 0.01300873328000307 Ent: 0.2671184539794922 RotUnl: 0.5698347091674805 

T real Ep: 5400 lr0.007233682775402483 	 Loss Class: 0.043259 RotLab: 0.012560158967971802 Ent: 0.2616550922393799 RotUnl: 0.46823620796203613 

T real Ep: 5500 lr0.007198652781227704 	 Loss Class: 0.064336 RotLab: 0.013392448425292969 Ent: 0.265683650970459 RotUnl: 0.2978645861148834 

\Target: Average loss: 3.0562, Accuracy: 32856/69936 F1 (46%)

\Rotation: Average loss: 0.2797, Accuracy: 62212/69936 F1 (88%)

best acc class 46.980096
record record/multi/net_resnet34_real
saving model
T real Ep: 5600 lr0.007164016067791809 	 Loss Class: 0.039691 RotLab: 0.0042183795012533665 Ent: 0.25476452708244324 RotUnl: 0.5832312703132629 

T real Ep: 5700 lr0.0071297657409083726 	 Loss Class: 0.043757 RotLab: 0.13626526296138763 Ent: 0.2683250904083252 RotUnl: 0.3776634931564331 

T real Ep: 5800 lr0.0070958950701490225 	 Loss Class: 0.042850 RotLab: 0.003856658935546875 Ent: 0.278624027967453 RotUnl: 0.24916625022888184 

T real Ep: 5900 lr0.007062397483947426 	 Loss Class: 0.041863 RotLab: 0.005426526069641113 Ent: 0.26470324397087097 RotUnl: 0.17025978863239288 

T real Ep: 6000 lr0.007029266564879363 	 Loss Class: 0.040358 RotLab: 0.02878093719482422 Ent: 0.27670714259147644 RotUnl: 0.17061518132686615 

\Target: Average loss: 3.0941, Accuracy: 33093/69936 F1 (47%)

\Rotation: Average loss: 0.2778, Accuracy: 62335/69936 F1 (89%)

best acc class 47.318977
record record/multi/net_resnet34_real
saving model
T real Ep: 6100 lr0.006996496045111504 	 Loss Class: 0.070097 RotLab: 0.006704052444547415 Ent: 0.20496205985546112 RotUnl: 0.390072226524353 

T real Ep: 6200 lr0.00696407980201184 	 Loss Class: 0.044485 RotLab: 0.007700989488512278 Ent: 0.2729024589061737 RotUnl: 0.17997954785823822 

T real Ep: 6300 lr0.006932011853915101 	 Loss Class: 0.056076 RotLab: 0.015239119529724121 Ent: 0.2720131576061249 RotUnl: 0.32456174492836 

T real Ep: 6400 lr0.006900286356036734 	 Loss Class: 0.055895 RotLab: 0.008157193660736084 Ent: 0.26212647557258606 RotUnl: 0.24389886856079102 

T real Ep: 6500 lr0.006868897596529406 	 Loss Class: 0.064928 RotLab: 0.012287775985896587 Ent: 0.27718961238861084 RotUnl: 0.16247610747814178 

\Target: Average loss: 3.1108, Accuracy: 33232/69936 F1 (47%)

\Rotation: Average loss: 0.2557, Accuracy: 62897/69936 F1 (89%)

best acc class 47.517730
record record/multi/net_resnet34_real
saving model
T real Ep: 6600 lr0.006837839992676177 	 Loss Class: 0.039357 RotLab: 0.011643677949905396 Ent: 0.26736679673194885 RotUnl: 0.16857831180095673 

T real Ep: 6700 lr0.006807108087214876 	 Loss Class: 0.041414 RotLab: 0.011042535305023193 Ent: 0.2561304569244385 RotUnl: 0.4560628831386566 

T real Ep: 6800 lr0.006776696544788352 	 Loss Class: 0.047801 RotLab: 0.008385737426578999 Ent: 0.24735653400421143 RotUnl: 0.3251817226409912 

T real Ep: 6900 lr0.006746600148515609 	 Loss Class: 0.037462 RotLab: 0.0037876565475016832 Ent: 0.26550576090812683 RotUnl: 0.23932762444019318 

T real Ep: 7000 lr0.006716813796678979 	 Loss Class: 0.037092 RotLab: 0.007560819387435913 Ent: 0.27108487486839294 RotUnl: 0.30166372656822205 

\Target: Average loss: 3.0817, Accuracy: 33590/69936 F1 (48%)

\Rotation: Average loss: 0.2489, Accuracy: 63023/69936 F1 (90%)

best acc class 48.029627
record record/multi/net_resnet34_real
saving model
T real Ep: 7100 lr0.006687332499522798 	 Loss Class: 0.046548 RotLab: 0.026325464248657227 Ent: 0.2693091332912445 RotUnl: 0.20364351570606232 

T real Ep: 7200 lr0.006658151376159165 	 Loss Class: 0.061113 RotLab: 0.01133545208722353 Ent: 0.2725135385990143 RotUnl: 0.2641437351703644 

T real Ep: 7300 lr0.00662926565157663 	 Loss Class: 0.040212 RotLab: 0.013244539499282837 Ent: 0.26219841837882996 RotUnl: 0.22519409656524658 

T real Ep: 7400 lr0.006600670653747793 	 Loss Class: 0.044690 RotLab: 0.011912236921489239 Ent: 0.2533879280090332 RotUnl: 0.30978333950042725 

T real Ep: 7500 lr0.0065723618108320175 	 Loss Class: 0.051787 RotLab: 0.006269514560699463 Ent: 0.248400017619133 RotUnl: 0.16541661322116852 

\Target: Average loss: 3.1019, Accuracy: 33734/69936 F1 (48%)

\Rotation: Average loss: 0.2389, Accuracy: 63420/69936 F1 (90%)

best acc class 48.235530
record record/multi/net_resnet34_real
saving model
T real Ep: 7600 lr0.006544334648469591 	 Loss Class: 0.060274 RotLab: 0.026407917961478233 Ent: 0.2707328796386719 RotUnl: 0.2166532278060913 

T real Ep: 7700 lr0.006516584787163857 	 Loss Class: 0.040226 RotLab: 0.02847421169281006 Ent: 0.2851129472255707 RotUnl: 0.08770132809877396 

T real Ep: 7800 lr0.006489107939747966 	 Loss Class: 0.039482 RotLab: 0.005908807273954153 Ent: 0.24250297248363495 RotUnl: 0.3727930784225464 

T real Ep: 7900 lr0.0064618999089330565 	 Loss Class: 0.043142 RotLab: 0.013240118511021137 Ent: 0.2459927648305893 RotUnl: 0.20726896822452545 

T real Ep: 8000 lr0.006434956584934828 	 Loss Class: 0.049422 RotLab: 0.005129476543515921 Ent: 0.2202812284231186 RotUnl: 0.48356130719184875 

