Dataset multi Source painting Target real Labeled num perclass 3 Network resnet34
126 classes in this dataset
Labelled Source Examples:  31502
Unlabelled Target Dataset Size:  69980
Labelled Target Dataset Size:  378
Misc. Labelled Target Dataset Size:  378
Bank keys - Target:  dict_keys(['feat_vec', 'labels', 'names', 'domain_identifier']) Source:  dict_keys(['feat_vec', 'labels', 'names', 'domain_identifier'])
Num  - Target:  69980 Source:  31502
Unlabeled Target Data Batches: 1457
S painting T real Train Ep: 0 lr0.01 	 Loss Classification: 4.765652 Loss T 0.471008 Method MME

24
24
24
24
24
24
24
24
24
24
24
24
24
24
24
24
tensor(1134.)

Labeled Target set: Average loss: 4.9637, Accuracy: 3/1134 F1 (0.2646%)


Test set: Average loss: 4.9603, Accuracy: 464/69960 F1 (0.6632%)


Val set: Average loss: 4.9602, Accuracy: 5/360 F1 (1.3889%)

best acc test 0.663236  acc val 1.388889 acc labeled target 0.264550
saving model...
S painting T real Train Ep: 100 lr0.009925650290240803 	 Loss Classification: 2.607411 Loss T 0.251102 Method MME

S painting T real Train Ep: 200 lr0.009852577760521605 	 Loss Classification: 2.220362 Loss T 0.227906 Method MME

S painting T real Train Ep: 300 lr0.009780748269686728 	 Loss Classification: 1.587405 Loss T 0.160531 Method MME

S painting T real Train Ep: 400 lr0.009710128909124701 	 Loss Classification: 1.384148 Loss T 0.151345 Method MME

S painting T real Train Ep: 500 lr0.00964068794694323 	 Loss Classification: 1.236228 Loss T 0.143646 Method MME

24
24
24
24
24
24
24
24
24
24
24
24
24
24
24
24
tensor(1134.)

Labeled Target set: Average loss: 2.0623, Accuracy: 597/1134 F1 (52.6455%)


Test set: Average loss: 1.5964, Accuracy: 43601/69960 F1 (62.3228%)


Val set: Average loss: 1.8108, Accuracy: 203/360 F1 (56.3889%)

best acc test 62.322756  acc val 56.388889 acc labeled target 52.645503
saving model...
S painting T real Train Ep: 600 lr0.00957239477517603 	 Loss Classification: 1.326335 Loss T 0.135611 Method MME

S painting T real Train Ep: 700 lr0.009505219859830012 	 Loss Classification: 1.539256 Loss T 0.137409 Method MME

S painting T real Train Ep: 800 lr0.009439134693595126 	 Loss Classification: 1.467308 Loss T 0.134634 Method MME

S painting T real Train Ep: 900 lr0.009374111751051751 	 Loss Classification: 1.099657 Loss T 0.133072 Method MME

S painting T real Train Ep: 1000 lr0.009310124446222227 	 Loss Classification: 1.175928 Loss T 0.106277 Method MME

24
24
24
24
24
24
24
24
24
24
24
24
24
24
24
24
tensor(1134.)

Labeled Target set: Average loss: 1.8973, Accuracy: 643/1134 F1 (56.7019%)


Test set: Average loss: 1.4640, Accuracy: 45565/69960 F1 (65.1301%)


Val set: Average loss: 1.5180, Accuracy: 231/360 F1 (64.1667%)

best acc test 65.130074  acc val 64.166667 acc labeled target 56.701940
saving model...
S painting T real Train Ep: 1100 lr0.00924714709232377 	 Loss Classification: 1.429585 Loss T 0.105482 Method MME

S painting T real Train Ep: 1200 lr0.009185154863590003 	 Loss Classification: 1.539524 Loss T 0.109559 Method MME

S painting T real Train Ep: 1300 lr0.00912412375903735 	 Loss Classification: 0.574247 Loss T 0.103674 Method MME

S painting T real Train Ep: 1400 lr0.009064030568061049 	 Loss Classification: 1.013507 Loss T 0.088586 Method MME

S painting T real Train Ep: 1500 lr0.009004852837753237 	 Loss Classification: 1.072200 Loss T 0.086058 Method MME

24
24
24
24
24
24
24
24
24
24
24
24
24
24
24
24
tensor(1134.)

Labeled Target set: Average loss: 1.7595, Accuracy: 687/1134 F1 (60.5820%)


Test set: Average loss: 1.3409, Accuracy: 48224/69960 F1 (68.9308%)


Val set: Average loss: 1.5018, Accuracy: 235/360 F1 (65.2778%)

best acc test 68.930818  acc val 65.277778 acc labeled target 60.582011
saving model...
S painting T real Train Ep: 1600 lr0.008946568841842816 	 Loss Classification: 1.661983 Loss T 0.089096 Method MME

S painting T real Train Ep: 1700 lr0.008889157551163433 	 Loss Classification: 0.871413 Loss T 0.092357 Method MME

S painting T real Train Ep: 1800 lr0.008832598605562044 	 Loss Classification: 0.899274 Loss T 0.098418 Method MME

S painting T real Train Ep: 1900 lr0.008776872287166303 	 Loss Classification: 0.538296 Loss T 0.096029 Method MME

Per Class Accuracy Calculated According to the Labelled Target examples is:  [1.         0.         0.6666667  1.         0.44444445 1.
 0.8888889  0.44444445 0.6666667  0.5555556  0.44444445 0.6666667
 0.         0.         0.6666667  0.6666667  0.22222222 1.
 0.         0.7777778  0.33333334 0.5555556  1.         0.33333334
 0.33333334 1.         0.6666667  0.6666667  0.5555556  0.44444445
 0.6666667  0.11111111 0.8888889  0.         0.33333334 0.8888889
 0.         0.5555556  0.22222222 1.         0.6666667  1.
 0.33333334 0.6666667  0.8888889  0.7777778  0.6666667  0.8888889
 0.33333334 1.         0.44444445 0.44444445 0.6666667  0.33333334
 0.11111111 0.5555556  1.         1.         0.7777778  1.
 1.         0.22222222 1.         0.11111111 1.         0.8888889
 0.         0.8888889  0.8888889  0.7777778  1.         0.33333334
 0.8888889  0.6666667  0.6666667  0.5555556  0.6666667  0.33333334
 0.         0.8888889  0.11111111 0.7777778  0.44444445 0.
 0.         0.8888889  1.         0.33333334 0.         0.6666667
 0.22222222 0.7777778  0.8888889  1.         0.7777778  0.8888889
 0.         1.         1.         0.5555556  0.6666667  0.44444445
 0.8888889  0.33333334 0.5555556  1.         0.8888889  0.7777778
 0.         1.         0.7777778  0.44444445 0.8888889  0.8888889
 0.6666667  1.         0.44444445 1.         0.         0.8888889
 0.5555556  0.7777778  0.         0.44444445 0.6666667  1.        ]
Top k classes which perform poorly are:  [18, 66, 84, 108, 13, 12, 96, 83, 88, 118, 33, 122, 78, 1, 36, 80, 54, 63, 31, 61, 38, 16, 90, 34, 53, 103, 77, 48, 20, 87, 24, 23, 71, 42, 50, 51, 111, 116, 29, 82, 101, 123, 4, 7, 10, 120, 21, 37, 9, 99, 75, 28, 55, 104, 73, 89, 100, 76, 124, 74, 52, 30, 15, 26, 27, 14, 40, 43, 46, 11, 114, 8, 2, 110, 58, 91, 81, 69, 94, 121, 45, 107, 19, 95, 92, 102, 106, 6, 113, 85, 112, 32, 79, 35, 44, 72, 68, 67, 47, 65, 119, 109, 117, 115, 0, 62, 98, 3, 5, 17, 22, 25, 39, 41, 49, 56, 57, 59, 60, 64, 70, 86, 93, 97, 105, 125]
Per cls weights according to the accuracy are:  tensor([1.1839, 1.5000, 1.2567, 1.1839, 1.3206, 1.1839, 1.2056, 1.3206, 1.2567,
        1.2869, 1.3206, 1.2567, 1.5000, 1.5000, 1.2567, 1.2567, 1.4004, 1.1839,
        1.5000, 1.2297, 1.3583, 1.2869, 1.1839, 1.3583, 1.3583, 1.1839, 1.2567,
        1.2567, 1.2869, 1.3206, 1.2567, 1.4474, 1.2056, 1.5000, 1.3583, 1.2056,
        1.5000, 1.2869, 1.4004, 1.1839, 1.2567, 1.1839, 1.3583, 1.2567, 1.2056,
        1.2297, 1.2567, 1.2056, 1.3583, 1.1839, 1.3206, 1.3206, 1.2567, 1.3583,
        1.4474, 1.2869, 1.1839, 1.1839, 1.2297, 1.1839, 1.1839, 1.4004, 1.1839,
        1.4474, 1.1839, 1.2056, 1.5000, 1.2056, 1.2056, 1.2297, 1.1839, 1.3583,
        1.2056, 1.2567, 1.2567, 1.2869, 1.2567, 1.3583, 1.5000, 1.2056, 1.4474,
        1.2297, 1.3206, 1.5000, 1.5000, 1.2056, 1.1839, 1.3583, 1.5000, 1.2567,
        1.4004, 1.2297, 1.2056, 1.1839, 1.2297, 1.2056, 1.5000, 1.1839, 1.1839,
        1.2869, 1.2567, 1.3206, 1.2056, 1.3583, 1.2869, 1.1839, 1.2056, 1.2297,
        1.5000, 1.1839, 1.2297, 1.3206, 1.2056, 1.2056, 1.2567, 1.1839, 1.3206,
        1.1839, 1.5000, 1.2056, 1.2869, 1.2297, 1.5000, 1.3206, 1.2567, 1.1839])
0
1
2
3
4
5
6
7
8
9
10
11
12
13
14
15
16
17
18
19
20
21
22
23
24
25
26
27
28
29
30
31
32
33
34
35
36
37
38
39
40
41
42
43
44
45
46
47
48
49
50
51
52
53
54
55
56
57
58
59
60
61
62
63
64
65
66
67
68
69
70
71
72
73
74
75
76
77
78
79
80
81
82
83
84
85
86
87
88
89
90
91
92
93
94
95
96
97
98
99
100
101
102
103
104
105
106
107
108
109
110
111
112
113
114
115
116
117
118
119
120
121
122
123
124
125
126
127
128
129
130
131
132
133
134
135
136
137
138
139
140
141
142
143
144
145
146
147
148
149
150
151
152
153
154
155
156
157
158
159
160
161
162
163
164
165
166
167
168
169
170
171
172
173
174
175
176
177
178
179
180
181
182
183
184
185
186
187
188
189
190
191
192
193
194
195
196
197
198
199
200
201
202
203
204
205
206
207
208
209
210
211
212
213
214
215
216
217
218
219
220
221
222
223
224
225
226
227
228
229
230
231
232
233
234
235
236
237
238
239
240
241
242
243
244
245
246
247
248
249
250
251
252
253
254
255
256
257
258
259
260
261
262
263
264
265
266
267
268
269
270
271
272
273
274
275
276
277
278
279
280
281
282
283
284
285
286
287
288
289
290
291
292
293
294
295
296
297
298
299
300
301
302
303
304
305
306
307
308
309
310
311
312
313
314
315
316
317
318
319
320
321
322
323
324
325
326
327
328
329
330
331
332
333
334
335
336
337
338
339
340
341
342
343
344
345
346
347
348
349
350
351
352
353
354
355
356
357
358
359
360
361
362
363
364
365
366
367
368
369
370
371
372
373
374
375
376
377
Per cls weights according to the accuracy are:  tensor([0.8161, 0.5000, 0.7433, 0.8161, 0.6794, 0.8161, 0.7944, 0.6794, 0.7433,
        0.7131, 0.6794, 0.7433, 0.5000, 0.5000, 0.7433, 0.7433, 0.5996, 0.8161,
        0.5000, 0.7703, 0.6417, 0.7131, 0.8161, 0.6417, 0.6417, 0.8161, 0.7433,
        0.7433, 0.7131, 0.6794, 0.7433, 0.5526, 0.7944, 0.5000, 0.6417, 0.7944,
        0.5000, 0.7131, 0.5996, 0.8161, 0.7433, 0.8161, 0.6417, 0.7433, 0.7944,
        0.7703, 0.7433, 0.7944, 0.6417, 0.8161, 0.6794, 0.6794, 0.7433, 0.6417,
        0.5526, 0.7131, 0.8161, 0.8161, 0.7703, 0.8161, 0.8161, 0.5996, 0.8161,
        0.5526, 0.8161, 0.7944, 0.5000, 0.7944, 0.7944, 0.7703, 0.8161, 0.6417,
        0.7944, 0.7433, 0.7433, 0.7131, 0.7433, 0.6417, 0.5000, 0.7944, 0.5526,
        0.7703, 0.6794, 0.5000, 0.5000, 0.7944, 0.8161, 0.6417, 0.5000, 0.7433,
        0.5996, 0.7703, 0.7944, 0.8161, 0.7703, 0.7944, 0.5000, 0.8161, 0.8161,
        0.7131, 0.7433, 0.6794, 0.7944, 0.6417, 0.7131, 0.8161, 0.7944, 0.7703,
        0.5000, 0.8161, 0.7703, 0.6794, 0.7944, 0.7944, 0.7433, 0.8161, 0.6794,
        0.8161, 0.5000, 0.7944, 0.7131, 0.7703, 0.5000, 0.6794, 0.7433, 0.8161])
0
1
2
3
4
5
6
7
8
9
10
11
12
13
14
15
16
17
18
19
20
21
22
23
24
25
26
27
28
29
30
31
32
33
34
35
36
37
38
39
40
41
42
43
44
45
46
47
48
49
50
51
52
53
54
55
56
57
58
59
60
61
62
63
64
65
66
67
68
69
70
71
72
73
74
75
76
77
78
79
80
81
82
83
84
85
86
87
88
89
90
91
92
93
94
95
96
97
98
99
100
101
102
103
104
105
106
107
108
109
110
111
112
113
114
115
116
117
118
119
120
121
122
123
124
125
126
127
128
129
130
131
132
133
134
135
136
137
138
139
140
141
142
143
144
145
146
147
148
149
150
151
152
153
154
155
156
157
158
159
160
161
162
163
164
165
166
167
168
169
170
171
172
173
174
175
176
177
178
179
180
181
182
183
184
185
186
187
188
189
190
191
192
193
194
195
196
197
198
199
200
201
202
203
204
205
206
207
208
209
210
211
212
213
214
215
216
217
218
219
220
221
222
223
224
225
226
227
228
229
230
231
232
233
234
235
236
237
238
239
240
241
242
243
244
245
246
247
248
249
250
251
252
253
254
255
256
257
258
259
260
261
262
263
264
265
266
267
268
269
270
271
272
273
274
275
276
277
278
279
280
281
282
283
284
285
286
287
288
289
290
291
292
293
294
295
296
297
298
299
300
301
302
303
304
305
306
307
308
309
310
311
312
313
314
315
316
317
318
319
320
321
322
323
324
325
326
327
328
329
330
331
332
333
334
335
336
337
338
339
340
341
342
343
344
345
346
347
348
349
350
351
352
353
354
355
356
357
358
359
360
361
362
363
364
365
366
367
368
369
370
371
372
373
374
375
376
377
Assigned Classwise weights to source
S painting T real Train Ep: 2000 lr0.008721959494934213 	 Loss Classification: 1.048706 Loss T 0.079084 Method MME

24
24
24
24
24
24
24
24
24
24
24
24
24
24
24
24
tensor(1134.)

Labeled Target set: Average loss: 1.9485, Accuracy: 638/1134 F1 (56.2610%)


Test set: Average loss: 1.5797, Accuracy: 45174/69960 F1 (64.5712%)


Val set: Average loss: 1.6240, Accuracy: 220/360 F1 (61.1111%)

best acc test 68.930818  acc val 61.111111 acc labeled target 56.261023
saving model...
S painting T real Train Ep: 2100 lr0.008667841720414475 	 Loss Classification: 0.768294 Loss T 0.092826 Method MME

S painting T real Train Ep: 2200 lr0.008614501024650454 	 Loss Classification: 1.168460 Loss T 0.100367 Method MME

S painting T real Train Ep: 2300 lr0.008561920016164943 	 Loss Classification: 0.831623 Loss T 0.086705 Method MME

S painting T real Train Ep: 2400 lr0.008510081829966844 	 Loss Classification: 1.166563 Loss T 0.079632 Method MME

S painting T real Train Ep: 2500 lr0.008458970107524513 	 Loss Classification: 0.627274 Loss T 0.084649 Method MME

24
24
24
24
24
24
24
24
24
24
24
24
24
24
24
24
tensor(1134.)

Labeled Target set: Average loss: 1.7112, Accuracy: 717/1134 F1 (63.2275%)


Test set: Average loss: 1.3294, Accuracy: 49638/69960 F1 (70.9520%)


Val set: Average loss: 1.5190, Accuracy: 235/360 F1 (65.2778%)

best acc test 70.951973  acc val 65.277778 acc labeled target 63.227513
saving model...
S painting T real Train Ep: 2600 lr0.008408568977653933 	 Loss Classification: 1.481174 Loss T 0.132211 Method MME

S painting T real Train Ep: 2700 lr0.00835886303827305 	 Loss Classification: 0.682998 Loss T 0.062136 Method MME

S painting T real Train Ep: 2800 lr0.008309837338976545 	 Loss Classification: 0.567739 Loss T 0.083745 Method MME

S painting T real Train Ep: 2900 lr0.008261477364388068 	 Loss Classification: 0.741250 Loss T 0.092546 Method MME

Per Class Accuracy Calculated According to the Labelled Target examples is:  [1.         0.22222222 0.6666667  0.6666667  0.5555556  1.
 0.5555556  0.22222222 0.6666667  0.7777778  0.8888889  0.6666667
 0.         0.         0.6666667  0.33333334 0.44444445 1.
 0.44444445 0.8888889  0.8888889  0.8888889  1.         0.33333334
 0.22222222 0.6666667  0.5555556  0.6666667  0.7777778  0.8888889
 0.8888889  0.33333334 1.         0.         0.33333334 1.
 0.         0.5555556  0.33333334 1.         0.6666667  1.
 0.33333334 0.6666667  1.         1.         0.44444445 0.6666667
 0.5555556  1.         1.         0.33333334 0.7777778  0.33333334
 0.11111111 0.5555556  0.8888889  0.8888889  0.7777778  1.
 1.         0.22222222 1.         0.11111111 1.         0.7777778
 0.         1.         0.8888889  0.8888889  1.         0.5555556
 0.8888889  0.5555556  0.         0.8888889  0.6666667  0.33333334
 0.         0.8888889  0.         0.6666667  0.22222222 0.
 0.         1.         0.8888889  0.44444445 0.33333334 0.33333334
 0.         0.7777778  0.8888889  0.8888889  1.         1.
 0.33333334 1.         1.         1.         0.8888889  0.5555556
 0.7777778  0.33333334 0.44444445 0.6666667  1.         0.5555556
 0.         0.5555556  0.6666667  0.11111111 1.         1.
 0.5555556  1.         0.44444445 1.         0.         1.
 0.44444445 1.         0.44444445 0.7777778  1.         1.        ]
Top k classes which perform poorly are:  [118, 74, 80, 108, 66, 83, 84, 36, 33, 13, 12, 78, 90, 63, 111, 54, 1, 82, 7, 61, 24, 31, 38, 77, 96, 42, 23, 51, 103, 53, 88, 89, 15, 34, 116, 104, 120, 16, 122, 18, 87, 46, 55, 4, 26, 109, 37, 48, 114, 101, 107, 73, 71, 6, 81, 110, 105, 2, 27, 3, 40, 25, 47, 76, 11, 43, 8, 14, 9, 123, 28, 58, 102, 52, 91, 65, 93, 79, 86, 100, 72, 69, 68, 57, 56, 30, 29, 21, 20, 19, 10, 75, 92, 0, 112, 115, 117, 119, 121, 106, 113, 62, 98, 5, 17, 22, 32, 35, 39, 41, 44, 45, 49, 50, 59, 60, 124, 64, 67, 70, 85, 94, 95, 97, 99, 125]
Per cls weights according to the accuracy are:  tensor([1.1839, 1.4004, 1.2567, 1.2567, 1.2869, 1.1839, 1.2869, 1.4004, 1.2567,
        1.2297, 1.2056, 1.2567, 1.5000, 1.5000, 1.2567, 1.3583, 1.3206, 1.1839,
        1.3206, 1.2056, 1.2056, 1.2056, 1.1839, 1.3583, 1.4004, 1.2567, 1.2869,
        1.2567, 1.2297, 1.2056, 1.2056, 1.3583, 1.1839, 1.5000, 1.3583, 1.1839,
        1.5000, 1.2869, 1.3583, 1.1839, 1.2567, 1.1839, 1.3583, 1.2567, 1.1839,
        1.1839, 1.3206, 1.2567, 1.2869, 1.1839, 1.1839, 1.3583, 1.2297, 1.3583,
        1.4474, 1.2869, 1.2056, 1.2056, 1.2297, 1.1839, 1.1839, 1.4004, 1.1839,
        1.4474, 1.1839, 1.2297, 1.5000, 1.1839, 1.2056, 1.2056, 1.1839, 1.2869,
        1.2056, 1.2869, 1.5000, 1.2056, 1.2567, 1.3583, 1.5000, 1.2056, 1.5000,
        1.2567, 1.4004, 1.5000, 1.5000, 1.1839, 1.2056, 1.3206, 1.3583, 1.3583,
        1.5000, 1.2297, 1.2056, 1.2056, 1.1839, 1.1839, 1.3583, 1.1839, 1.1839,
        1.1839, 1.2056, 1.2869, 1.2297, 1.3583, 1.3206, 1.2567, 1.1839, 1.2869,
        1.5000, 1.2869, 1.2567, 1.4474, 1.1839, 1.1839, 1.2869, 1.1839, 1.3206,
        1.1839, 1.5000, 1.1839, 1.3206, 1.1839, 1.3206, 1.2297, 1.1839, 1.1839])
0
1
2
3
4
5
6
7
8
9
10
11
12
13
14
15
16
17
18
19
20
21
22
23
24
25
26
27
28
29
30
31
32
33
34
35
36
37
38
39
40
41
42
43
44
45
46
47
48
49
50
51
52
53
54
55
56
57
58
59
60
61
62
63
64
65
66
67
68
69
70
71
72
73
74
75
76
77
78
79
80
81
82
83
84
85
86
87
88
89
90
91
92
93
94
95
96
97
98
99
100
101
102
103
104
105
106
107
108
109
110
111
112
113
114
115
116
117
118
119
120
121
122
123
124
125
126
127
128
129
130
131
132
133
134
135
136
137
138
139
140
141
142
143
144
145
146
147
148
149
150
151
152
153
154
155
156
157
158
159
160
161
162
163
164
165
166
167
168
169
170
171
172
173
174
175
176
177
178
179
180
181
182
183
184
185
186
187
188
189
190
191
192
193
194
195
196
197
198
199
200
201
202
203
204
205
206
207
208
209
210
211
212
213
214
215
216
217
218
219
220
221
222
223
224
225
226
227
228
229
230
231
232
233
234
235
236
237
238
239
240
241
242
243
244
245
246
247
248
249
250
251
252
253
254
255
256
257
258
259
260
261
262
263
264
265
266
267
268
269
270
271
272
273
274
275
276
277
278
279
280
281
282
283
284
285
286
287
288
289
290
291
292
293
294
295
296
297
298
299
300
301
302
303
304
305
306
307
308
309
310
311
312
313
314
315
316
317
318
319
320
321
322
323
324
325
326
327
328
329
330
331
332
333
334
335
336
337
338
339
340
341
342
343
344
345
346
347
348
349
350
351
352
353
354
355
356
357
358
359
360
361
362
363
364
365
366
367
368
369
370
371
372
373
374
375
376
377
Per cls weights according to the accuracy are:  tensor([0.8161, 0.5996, 0.7433, 0.7433, 0.7131, 0.8161, 0.7131, 0.5996, 0.7433,
        0.7703, 0.7944, 0.7433, 0.5000, 0.5000, 0.7433, 0.6417, 0.6794, 0.8161,
        0.6794, 0.7944, 0.7944, 0.7944, 0.8161, 0.6417, 0.5996, 0.7433, 0.7131,
        0.7433, 0.7703, 0.7944, 0.7944, 0.6417, 0.8161, 0.5000, 0.6417, 0.8161,
        0.5000, 0.7131, 0.6417, 0.8161, 0.7433, 0.8161, 0.6417, 0.7433, 0.8161,
        0.8161, 0.6794, 0.7433, 0.7131, 0.8161, 0.8161, 0.6417, 0.7703, 0.6417,
        0.5526, 0.7131, 0.7944, 0.7944, 0.7703, 0.8161, 0.8161, 0.5996, 0.8161,
        0.5526, 0.8161, 0.7703, 0.5000, 0.8161, 0.7944, 0.7944, 0.8161, 0.7131,
        0.7944, 0.7131, 0.5000, 0.7944, 0.7433, 0.6417, 0.5000, 0.7944, 0.5000,
        0.7433, 0.5996, 0.5000, 0.5000, 0.8161, 0.7944, 0.6794, 0.6417, 0.6417,
        0.5000, 0.7703, 0.7944, 0.7944, 0.8161, 0.8161, 0.6417, 0.8161, 0.8161,
        0.8161, 0.7944, 0.7131, 0.7703, 0.6417, 0.6794, 0.7433, 0.8161, 0.7131,
        0.5000, 0.7131, 0.7433, 0.5526, 0.8161, 0.8161, 0.7131, 0.8161, 0.6794,
        0.8161, 0.5000, 0.8161, 0.6794, 0.8161, 0.6794, 0.7703, 0.8161, 0.8161])
0
1
2
3
4
5
6
7
8
9
10
11
12
13
14
15
16
17
18
19
20
21
22
23
24
25
26
27
28
29
30
31
32
33
34
35
36
37
38
39
40
41
42
43
44
45
46
47
48
49
50
51
52
53
54
55
56
57
58
59
60
61
62
63
64
65
66
67
68
69
70
71
72
73
74
75
76
77
78
79
80
81
82
83
84
85
86
87
88
89
90
91
92
93
94
95
96
97
98
99
100
101
102
103
104
105
106
107
108
109
110
111
112
113
114
115
116
117
118
119
120
121
122
123
124
125
126
127
128
129
130
131
132
133
134
135
136
137
138
139
140
141
142
143
144
145
146
147
148
149
150
151
152
153
154
155
156
157
158
159
160
161
162
163
164
165
166
167
168
169
170
171
172
173
174
175
176
177
178
179
180
181
182
183
184
185
186
187
188
189
190
191
192
193
194
195
196
197
198
199
200
201
202
203
204
205
206
207
208
209
210
211
212
213
214
215
216
217
218
219
220
221
222
223
224
225
226
227
228
229
230
231
232
233
234
235
236
237
238
239
240
241
242
243
244
245
246
247
248
249
250
251
252
253
254
255
256
257
258
259
260
261
262
263
264
265
266
267
268
269
270
271
272
273
274
275
276
277
278
279
280
281
282
283
284
285
286
287
288
289
290
291
292
293
294
295
296
297
298
299
300
301
302
303
304
305
306
307
308
309
310
311
312
313
314
315
316
317
318
319
320
321
322
323
324
325
326
327
328
329
330
331
332
333
334
335
336
337
338
339
340
341
342
343
344
345
346
347
348
349
350
351
352
353
354
355
356
357
358
359
360
361
362
363
364
365
366
367
368
369
370
371
372
373
374
375
376
377
Assigned Classwise weights to source
S painting T real Train Ep: 3000 lr0.008213769018249545 	 Loss Classification: 0.614554 Loss T 0.078413 Method MME

24
24
24
24
24
24
24
24
24
24
24
24
24
24
24
24
tensor(1134.)

Labeled Target set: Average loss: 2.1250, Accuracy: 655/1134 F1 (57.7601%)


Test set: Average loss: 1.6900, Accuracy: 46253/69960 F1 (66.1135%)


Val set: Average loss: 1.9152, Accuracy: 230/360 F1 (63.8889%)

best acc test 70.951973  acc val 63.888889 acc labeled target 57.760141
saving model...
S painting T real Train Ep: 3100 lr0.008166698608209509 	 Loss Classification: 0.709574 Loss T 0.060327 Method MME

S painting T real Train Ep: 3200 lr0.008120252831274708 	 Loss Classification: 0.821356 Loss T 0.086519 Method MME

S painting T real Train Ep: 3300 lr0.008074418759891278 	 Loss Classification: 0.245552 Loss T 0.086192 Method MME

S painting T real Train Ep: 3400 lr0.008029183828623731 	 Loss Classification: 0.910842 Loss T 0.083939 Method MME

S painting T real Train Ep: 3500 lr0.007984535821401871 	 Loss Classification: 0.837856 Loss T 0.071895 Method MME

24
24
24
24
24
24
24
24
24
24
24
24
24
24
24
24
tensor(1134.)

Labeled Target set: Average loss: 1.6684, Accuracy: 734/1134 F1 (64.7266%)


Test set: Average loss: 1.3178, Accuracy: 49992/69960 F1 (71.4580%)


Val set: Average loss: 1.5300, Accuracy: 242/360 F1 (67.2222%)

best acc test 71.457976  acc val 67.222222 acc labeled target 64.726631
saving model...
S painting T real Train Ep: 3600 lr0.007940462859307384 	 Loss Classification: 0.609344 Loss T 0.065017 Method MME

S painting T real Train Ep: 3700 lr0.007896953388873518 	 Loss Classification: 1.110555 Loss T 0.081390 Method MME

S painting T real Train Ep: 3800 lr0.007853996170872714 	 Loss Classification: 1.514094 Loss T 0.064685 Method MME

S painting T real Train Ep: 3900 lr0.00781158026956848 	 Loss Classification: 0.685876 Loss T 0.078811 Method MME

Per Class Accuracy Calculated According to the Labelled Target examples is:  [1.         0.33333334 0.6666667  0.8888889  0.6666667  0.8888889
 0.8888889  0.6666667  0.6666667  0.6666667  1.         0.6666667
 0.         0.33333334 0.6666667  0.11111111 0.33333334 1.
 0.22222222 0.7777778  0.44444445 0.7777778  1.         0.33333334
 0.44444445 0.8888889  0.6666667  0.6666667  1.         0.5555556
 0.8888889  0.11111111 1.         0.22222222 0.44444445 0.6666667
 0.         0.8888889  0.33333334 1.         0.6666667  1.
 0.22222222 0.7777778  1.         0.7777778  0.6666667  0.6666667
 1.         0.8888889  1.         0.5555556  0.8888889  0.44444445
 0.33333334 0.6666667  1.         1.         0.33333334 0.44444445
 1.         0.22222222 1.         0.         1.         0.8888889
 0.         1.         0.8888889  0.8888889  1.         0.33333334
 0.8888889  0.5555556  0.11111111 0.7777778  0.6666667  0.33333334
 0.         1.         0.         0.7777778  0.44444445 0.11111111
 0.22222222 1.         1.         0.33333334 0.         0.33333334
 0.33333334 1.         1.         0.8888889  0.7777778  1.
 0.5555556  1.         0.5555556  0.7777778  0.8888889  0.44444445
 1.         0.33333334 0.44444445 1.         1.         0.44444445
 0.11111111 0.6666667  0.6666667  0.44444445 0.8888889  1.
 0.6666667  1.         0.5555556  1.         0.         0.8888889
 0.7777778  0.8888889  0.33333334 0.33333334 1.         1.        ]
Top k classes which perform poorly are:  [12, 88, 36, 63, 66, 118, 80, 78, 83, 31, 15, 74, 108, 61, 18, 84, 42, 33, 90, 89, 38, 54, 58, 71, 87, 103, 77, 122, 16, 13, 23, 123, 1, 104, 53, 34, 107, 20, 59, 101, 82, 24, 111, 51, 98, 73, 116, 29, 96, 110, 8, 4, 9, 2, 7, 109, 27, 55, 35, 11, 40, 46, 76, 14, 114, 26, 47, 45, 43, 19, 81, 21, 94, 120, 75, 99, 100, 93, 49, 37, 69, 68, 65, 112, 3, 5, 52, 6, 121, 72, 119, 30, 25, 106, 117, 115, 105, 113, 102, 0, 62, 95, 10, 17, 22, 28, 32, 39, 41, 44, 48, 50, 97, 56, 60, 124, 64, 67, 70, 79, 85, 86, 91, 92, 57, 125]
Per cls weights according to the accuracy are:  tensor([1.1839, 1.3583, 1.2567, 1.2056, 1.2567, 1.2056, 1.2056, 1.2567, 1.2567,
        1.2567, 1.1839, 1.2567, 1.5000, 1.3583, 1.2567, 1.4474, 1.3583, 1.1839,
        1.4004, 1.2297, 1.3206, 1.2297, 1.1839, 1.3583, 1.3206, 1.2056, 1.2567,
        1.2567, 1.1839, 1.2869, 1.2056, 1.4474, 1.1839, 1.4004, 1.3206, 1.2567,
        1.5000, 1.2056, 1.3583, 1.1839, 1.2567, 1.1839, 1.4004, 1.2297, 1.1839,
        1.2297, 1.2567, 1.2567, 1.1839, 1.2056, 1.1839, 1.2869, 1.2056, 1.3206,
        1.3583, 1.2567, 1.1839, 1.1839, 1.3583, 1.3206, 1.1839, 1.4004, 1.1839,
        1.5000, 1.1839, 1.2056, 1.5000, 1.1839, 1.2056, 1.2056, 1.1839, 1.3583,
        1.2056, 1.2869, 1.4474, 1.2297, 1.2567, 1.3583, 1.5000, 1.1839, 1.5000,
        1.2297, 1.3206, 1.4474, 1.4004, 1.1839, 1.1839, 1.3583, 1.5000, 1.3583,
        1.3583, 1.1839, 1.1839, 1.2056, 1.2297, 1.1839, 1.2869, 1.1839, 1.2869,
        1.2297, 1.2056, 1.3206, 1.1839, 1.3583, 1.3206, 1.1839, 1.1839, 1.3206,
        1.4474, 1.2567, 1.2567, 1.3206, 1.2056, 1.1839, 1.2567, 1.1839, 1.2869,
        1.1839, 1.5000, 1.2056, 1.2297, 1.2056, 1.3583, 1.3583, 1.1839, 1.1839])
0
1
2
3
4
5
6
7
8
9
10
11
12
13
14
15
16
17
18
19
20
21
22
23
24
25
26
27
28
29
30
31
32
33
34
35
36
37
38
39
40
41
42
43
44
45
46
47
48
49
50
51
52
53
54
55
56
57
58
59
60
61
62
63
64
65
66
67
68
69
70
71
72
73
74
75
76
77
78
79
80
81
82
83
84
85
86
87
88
89
90
91
92
93
94
95
96
97
98
99
100
101
102
103
104
105
106
107
108
109
110
111
112
113
114
115
116
117
118
119
120
121
122
123
124
125
126
127
128
129
130
131
132
133
134
135
136
137
138
139
140
141
142
143
144
145
146
147
148
149
150
151
152
153
154
155
156
157
158
159
160
161
162
163
164
165
166
167
168
169
170
171
172
173
174
175
176
177
178
179
180
181
182
183
184
185
186
187
188
189
190
191
192
193
194
195
196
197
198
199
200
201
202
203
204
205
206
207
208
209
210
211
212
213
214
215
216
217
218
219
220
221
222
223
224
225
226
227
228
229
230
231
232
233
234
235
236
237
238
239
240
241
242
243
244
245
246
247
248
249
250
251
252
253
254
255
256
257
258
259
260
261
262
263
264
265
266
267
268
269
270
271
272
273
274
275
276
277
278
279
280
281
282
283
284
285
286
287
288
289
290
291
292
293
294
295
296
297
298
299
300
301
302
303
304
305
306
307
308
309
310
311
312
313
314
315
316
317
318
319
320
321
322
323
324
325
326
327
328
329
330
331
332
333
334
335
336
337
338
339
340
341
342
343
344
345
346
347
348
349
350
351
352
353
354
355
356
357
358
359
360
361
362
363
364
365
366
367
368
369
370
371
372
373
374
375
376
377
Per cls weights according to the accuracy are:  tensor([0.8161, 0.6417, 0.7433, 0.7944, 0.7433, 0.7944, 0.7944, 0.7433, 0.7433,
        0.7433, 0.8161, 0.7433, 0.5000, 0.6417, 0.7433, 0.5526, 0.6417, 0.8161,
        0.5996, 0.7703, 0.6794, 0.7703, 0.8161, 0.6417, 0.6794, 0.7944, 0.7433,
        0.7433, 0.8161, 0.7131, 0.7944, 0.5526, 0.8161, 0.5996, 0.6794, 0.7433,
        0.5000, 0.7944, 0.6417, 0.8161, 0.7433, 0.8161, 0.5996, 0.7703, 0.8161,
        0.7703, 0.7433, 0.7433, 0.8161, 0.7944, 0.8161, 0.7131, 0.7944, 0.6794,
        0.6417, 0.7433, 0.8161, 0.8161, 0.6417, 0.6794, 0.8161, 0.5996, 0.8161,
        0.5000, 0.8161, 0.7944, 0.5000, 0.8161, 0.7944, 0.7944, 0.8161, 0.6417,
        0.7944, 0.7131, 0.5526, 0.7703, 0.7433, 0.6417, 0.5000, 0.8161, 0.5000,
        0.7703, 0.6794, 0.5526, 0.5996, 0.8161, 0.8161, 0.6417, 0.5000, 0.6417,
        0.6417, 0.8161, 0.8161, 0.7944, 0.7703, 0.8161, 0.7131, 0.8161, 0.7131,
        0.7703, 0.7944, 0.6794, 0.8161, 0.6417, 0.6794, 0.8161, 0.8161, 0.6794,
        0.5526, 0.7433, 0.7433, 0.6794, 0.7944, 0.8161, 0.7433, 0.8161, 0.7131,
        0.8161, 0.5000, 0.7944, 0.7703, 0.7944, 0.6417, 0.6417, 0.8161, 0.8161])
0
1
2
3
4
5
6
7
8
9
10
11
12
13
14
15
16
17
18
19
20
21
22
23
24
25
26
27
28
29
30
31
32
33
34
35
36
37
38
39
40
41
42
43
44
45
46
47
48
49
50
51
52
53
54
55
56
57
58
59
60
61
62
63
64
65
66
67
68
69
70
71
72
73
74
75
76
77
78
79
80
81
82
83
84
85
86
87
88
89
90
91
92
93
94
95
96
97
98
99
100
101
102
103
104
105
106
107
108
109
110
111
112
113
114
115
116
117
118
119
120
121
122
123
124
125
126
127
128
129
130
131
132
133
134
135
136
137
138
139
140
141
142
143
144
145
146
147
148
149
150
151
152
153
154
155
156
157
158
159
160
161
162
163
164
165
166
167
168
169
170
171
172
173
174
175
176
177
178
179
180
181
182
183
184
185
186
187
188
189
190
191
192
193
194
195
196
197
198
199
200
201
202
203
204
205
206
207
208
209
210
211
212
213
214
215
216
217
218
219
220
221
222
223
224
225
226
227
228
229
230
231
232
233
234
235
236
237
238
239
240
241
242
243
244
245
246
247
248
249
250
251
252
253
254
255
256
257
258
259
260
261
262
263
264
265
266
267
268
269
270
271
272
273
274
275
276
277
278
279
280
281
282
283
284
285
286
287
288
289
290
291
292
293
294
295
296
297
298
299
300
301
302
303
304
305
306
307
308
309
310
311
312
313
314
315
316
317
318
319
320
321
322
323
324
325
326
327
328
329
330
331
332
333
334
335
336
337
338
339
340
341
342
343
344
345
346
347
348
349
350
351
352
353
354
355
356
357
358
359
360
361
362
363
364
365
366
367
368
369
370
371
372
373
374
375
376
377
Assigned Classwise weights to source
S painting T real Train Ep: 4000 lr0.007769695042409123 	 Loss Classification: 0.298620 Loss T 0.077870 Method MME

24
24
24
24
24
24
24
24
24
24
24
24
24
24
24
24
tensor(1134.)

Labeled Target set: Average loss: 1.9646, Accuracy: 676/1134 F1 (59.6120%)


Test set: Average loss: 1.5391, Accuracy: 47630/69960 F1 (68.0818%)


Val set: Average loss: 1.7213, Accuracy: 240/360 F1 (66.6667%)

best acc test 71.457976  acc val 66.666667 acc labeled target 59.611993
saving model...
S painting T real Train Ep: 4100 lr0.007728330130142108 	 Loss Classification: 0.226717 Loss T 0.075267 Method MME

S painting T real Train Ep: 4200 lr0.007687475447329114 	 Loss Classification: 0.454511 Loss T 0.060558 Method MME

S painting T real Train Ep: 4300 lr0.0076471211732427845 	 Loss Classification: 0.291659 Loss T 0.080440 Method MME

S painting T real Train Ep: 4400 lr0.007607257743127307 	 Loss Classification: 0.659056 Loss T 0.066924 Method MME

S painting T real Train Ep: 4500 lr0.007567875839805858 	 Loss Classification: 0.799076 Loss T 0.066355 Method MME

24
24
24
24
24
24
24
24
24
24
24
24
24
24
24
24
tensor(1134.)

Labeled Target set: Average loss: 1.6978, Accuracy: 746/1134 F1 (65.7848%)


Test set: Average loss: 1.3360, Accuracy: 50873/69960 F1 (72.7173%)


Val set: Average loss: 1.5742, Accuracy: 249/360 F1 (69.1667%)

best acc test 72.717267  acc val 69.166667 acc labeled target 65.784832
saving model...
S painting T real Train Ep: 4600 lr0.007528966385618854 	 Loss Classification: 0.506263 Loss T 0.046816 Method MME

S painting T real Train Ep: 4700 lr0.007490520534677821 	 Loss Classification: 0.858967 Loss T 0.077551 Method MME

S painting T real Train Ep: 4800 lr0.007452529665420465 	 Loss Classification: 0.893570 Loss T 0.069389 Method MME

S painting T real Train Ep: 4900 lr0.007414985373453289 	 Loss Classification: 0.445745 Loss T 0.042727 Method MME

Per Class Accuracy Calculated According to the Labelled Target examples is:  [1.         0.11111111 1.         1.         0.5555556  0.6666667
 1.         0.6666667  1.         0.6666667  0.7777778  0.6666667
 0.         0.22222222 0.5555556  0.6666667  0.6666667  1.
 0.         0.5555556  0.5555556  0.6666667  1.         0.33333334
 0.8888889  0.8888889  0.44444445 0.6666667  0.8888889  1.
 0.7777778  0.33333334 0.6666667  0.22222222 0.33333334 0.8888889
 0.         0.8888889  0.33333334 0.8888889  0.5555556  0.8888889
 0.33333334 0.6666667  0.8888889  1.         0.6666667  1.
 0.7777778  1.         1.         0.5555556  0.7777778  0.6666667
 0.33333334 0.5555556  1.         1.         0.22222222 0.7777778
 1.         0.         0.8888889  0.22222222 1.         1.
 0.         0.8888889  1.         1.         1.         0.5555556
 1.         0.5555556  0.22222222 1.         0.6666667  0.33333334
 0.         0.8888889  0.         0.8888889  0.6666667  0.
 0.         0.8888889  1.         0.33333334 0.         0.5555556
 0.         1.         0.6666667  0.8888889  0.5555556  0.8888889
 0.         1.         0.5555556  0.5555556  1.         0.6666667
 0.6666667  0.6666667  0.8888889  0.8888889  0.8888889  0.6666667
 0.22222222 0.7777778  0.7777778  0.6666667  1.         1.
 0.5555556  1.         0.5555556  0.8888889  0.         1.
 0.5555556  0.8888889  0.33333334 0.5555556  1.         1.        ]
Top k classes which perform poorly are:  [80, 66, 18, 61, 78, 12, 83, 84, 118, 88, 36, 90, 96, 1, 108, 13, 33, 74, 63, 58, 34, 54, 77, 31, 38, 87, 42, 122, 23, 26, 116, 114, 71, 51, 55, 73, 89, 94, 99, 40, 98, 123, 4, 120, 14, 19, 20, 11, 107, 21, 101, 82, 27, 111, 7, 5, 103, 16, 92, 32, 102, 76, 46, 15, 43, 53, 9, 10, 110, 109, 59, 52, 30, 48, 121, 81, 93, 95, 85, 41, 105, 28, 37, 44, 35, 117, 79, 62, 24, 67, 106, 39, 104, 25, 112, 100, 113, 115, 119, 0, 91, 2, 3, 6, 8, 17, 22, 29, 45, 47, 49, 50, 56, 57, 60, 124, 64, 65, 68, 69, 70, 72, 75, 86, 97, 125]
Per cls weights according to the accuracy are:  tensor([1.1839, 1.4474, 1.1839, 1.1839, 1.2869, 1.2567, 1.1839, 1.2567, 1.1839,
        1.2567, 1.2297, 1.2567, 1.5000, 1.4004, 1.2869, 1.2567, 1.2567, 1.1839,
        1.5000, 1.2869, 1.2869, 1.2567, 1.1839, 1.3583, 1.2056, 1.2056, 1.3206,
        1.2567, 1.2056, 1.1839, 1.2297, 1.3583, 1.2567, 1.4004, 1.3583, 1.2056,
        1.5000, 1.2056, 1.3583, 1.2056, 1.2869, 1.2056, 1.3583, 1.2567, 1.2056,
        1.1839, 1.2567, 1.1839, 1.2297, 1.1839, 1.1839, 1.2869, 1.2297, 1.2567,
        1.3583, 1.2869, 1.1839, 1.1839, 1.4004, 1.2297, 1.1839, 1.5000, 1.2056,
        1.4004, 1.1839, 1.1839, 1.5000, 1.2056, 1.1839, 1.1839, 1.1839, 1.2869,
        1.1839, 1.2869, 1.4004, 1.1839, 1.2567, 1.3583, 1.5000, 1.2056, 1.5000,
        1.2056, 1.2567, 1.5000, 1.5000, 1.2056, 1.1839, 1.3583, 1.5000, 1.2869,
        1.5000, 1.1839, 1.2567, 1.2056, 1.2869, 1.2056, 1.5000, 1.1839, 1.2869,
        1.2869, 1.1839, 1.2567, 1.2567, 1.2567, 1.2056, 1.2056, 1.2056, 1.2567,
        1.4004, 1.2297, 1.2297, 1.2567, 1.1839, 1.1839, 1.2869, 1.1839, 1.2869,
        1.2056, 1.5000, 1.1839, 1.2869, 1.2056, 1.3583, 1.2869, 1.1839, 1.1839])
0
1
2
3
4
5
6
7
8
9
10
11
12
13
14
15
16
17
18
19
20
21
22
23
24
25
26
27
28
29
30
31
32
33
34
35
36
37
38
39
40
41
42
43
44
45
46
47
48
49
50
51
52
53
54
55
56
57
58
59
60
61
62
63
64
65
66
67
68
69
70
71
72
73
74
75
76
77
78
79
80
81
82
83
84
85
86
87
88
89
90
91
92
93
94
95
96
97
98
99
100
101
102
103
104
105
106
107
108
109
110
111
112
113
114
115
116
117
118
119
120
121
122
123
124
125
126
127
128
129
130
131
132
133
134
135
136
137
138
139
140
141
142
143
144
145
146
147
148
149
150
151
152
153
154
155
156
157
158
159
160
161
162
163
164
165
166
167
168
169
170
171
172
173
174
175
176
177
178
179
180
181
182
183
184
185
186
187
188
189
190
191
192
193
194
195
196
197
198
199
200
201
202
203
204
205
206
207
208
209
210
211
212
213
214
215
216
217
218
219
220
221
222
223
224
225
226
227
228
229
230
231
232
233
234
235
236
237
238
239
240
241
242
243
244
245
246
247
248
249
250
251
252
253
254
255
256
257
258
259
260
261
262
263
264
265
266
267
268
269
270
271
272
273
274
275
276
277
278
279
280
281
282
283
284
285
286
287
288
289
290
291
292
293
294
295
296
297
298
299
300
301
302
303
304
305
306
307
308
309
310
311
312
313
314
315
316
317
318
319
320
321
322
323
324
325
326
327
328
329
330
331
332
333
334
335
336
337
338
339
340
341
342
343
344
345
346
347
348
349
350
351
352
353
354
355
356
357
358
359
360
361
362
363
364
365
366
367
368
369
370
371
372
373
374
375
376
377
Per cls weights according to the accuracy are:  tensor([0.8161, 0.5526, 0.8161, 0.8161, 0.7131, 0.7433, 0.8161, 0.7433, 0.8161,
        0.7433, 0.7703, 0.7433, 0.5000, 0.5996, 0.7131, 0.7433, 0.7433, 0.8161,
        0.5000, 0.7131, 0.7131, 0.7433, 0.8161, 0.6417, 0.7944, 0.7944, 0.6794,
        0.7433, 0.7944, 0.8161, 0.7703, 0.6417, 0.7433, 0.5996, 0.6417, 0.7944,
        0.5000, 0.7944, 0.6417, 0.7944, 0.7131, 0.7944, 0.6417, 0.7433, 0.7944,
        0.8161, 0.7433, 0.8161, 0.7703, 0.8161, 0.8161, 0.7131, 0.7703, 0.7433,
        0.6417, 0.7131, 0.8161, 0.8161, 0.5996, 0.7703, 0.8161, 0.5000, 0.7944,
        0.5996, 0.8161, 0.8161, 0.5000, 0.7944, 0.8161, 0.8161, 0.8161, 0.7131,
        0.8161, 0.7131, 0.5996, 0.8161, 0.7433, 0.6417, 0.5000, 0.7944, 0.5000,
        0.7944, 0.7433, 0.5000, 0.5000, 0.7944, 0.8161, 0.6417, 0.5000, 0.7131,
        0.5000, 0.8161, 0.7433, 0.7944, 0.7131, 0.7944, 0.5000, 0.8161, 0.7131,
        0.7131, 0.8161, 0.7433, 0.7433, 0.7433, 0.7944, 0.7944, 0.7944, 0.7433,
        0.5996, 0.7703, 0.7703, 0.7433, 0.8161, 0.8161, 0.7131, 0.8161, 0.7131,
        0.7944, 0.5000, 0.8161, 0.7131, 0.7944, 0.6417, 0.7131, 0.8161, 0.8161])
0
1
2
3
4
5
6
7
8
9
10
11
12
13
14
15
16
17
18
19
20
21
22
23
24
25
26
27
28
29
30
31
32
33
34
35
36
37
38
39
40
41
42
43
44
45
46
47
48
49
50
51
52
53
54
55
56
57
58
59
60
61
62
63
64
65
66
67
68
69
70
71
72
73
74
75
76
77
78
79
80
81
82
83
84
85
86
87
88
89
90
91
92
93
94
95
96
97
98
99
100
101
102
103
104
105
106
107
108
109
110
111
112
113
114
115
116
117
118
119
120
121
122
123
124
125
126
127
128
129
130
131
132
133
134
135
136
137
138
139
140
141
142
143
144
145
146
147
148
149
150
151
152
153
154
155
156
157
158
159
160
161
162
163
164
165
166
167
168
169
170
171
172
173
174
175
176
177
178
179
180
181
182
183
184
185
186
187
188
189
190
191
192
193
194
195
196
197
198
199
200
201
202
203
204
205
206
207
208
209
210
211
212
213
214
215
216
217
218
219
220
221
222
223
224
225
226
227
228
229
230
231
232
233
234
235
236
237
238
239
240
241
242
243
244
245
246
247
248
249
250
251
252
253
254
255
256
257
258
259
260
261
262
263
264
265
266
267
268
269
270
271
272
273
274
275
276
277
278
279
280
281
282
283
284
285
286
287
288
289
290
291
292
293
294
295
296
297
298
299
300
301
302
303
304
305
306
307
308
309
310
311
312
313
314
315
316
317
318
319
320
321
322
323
324
325
326
327
328
329
330
331
332
333
334
335
336
337
338
339
340
341
342
343
344
345
346
347
348
349
350
351
352
353
354
355
356
357
358
359
360
361
362
363
364
365
366
367
368
369
370
371
372
373
374
375
376
377
Assigned Classwise weights to source
S painting T real Train Ep: 5000 lr0.007377879464668811 	 Loss Classification: 0.692223 Loss T 0.058073 Method MME

24
24
24
24
24
24
24
24
24
24
24
24
24
24
24
24
tensor(1134.)

Labeled Target set: Average loss: 2.0071, Accuracy: 676/1134 F1 (59.6120%)


Test set: Average loss: 1.6539, Accuracy: 46836/69960 F1 (66.9468%)


Val set: Average loss: 1.7744, Accuracy: 231/360 F1 (64.1667%)

best acc test 72.717267  acc val 64.166667 acc labeled target 59.611993
saving model...
S painting T real Train Ep: 5100 lr0.007341203948625087 	 Loss Classification: 0.711863 Loss T 0.049499 Method MME

S painting T real Train Ep: 5200 lr0.007304951032175895 	 Loss Classification: 0.956268 Loss T 0.055884 Method MME

S painting T real Train Ep: 5300 lr0.007269113113340497 	 Loss Classification: 0.868366 Loss T 0.058706 Method MME

S painting T real Train Ep: 5400 lr0.007233682775402483 	 Loss Classification: 0.889736 Loss T 0.065822 Method MME

S painting T real Train Ep: 5500 lr0.007198652781227704 	 Loss Classification: 0.278514 Loss T 0.057207 Method MME

24
24
24
24
24
24
24
24
24
24
24
24
24
24
24
24
tensor(1134.)

Labeled Target set: Average loss: 1.6918, Accuracy: 759/1134 F1 (66.9312%)


Test set: Average loss: 1.3689, Accuracy: 51296/69960 F1 (73.3219%)


Val set: Average loss: 1.6341, Accuracy: 246/360 F1 (68.3333%)

best acc test 72.717267  acc val 68.333333 acc labeled target 66.931217
saving model...
S painting T real Train Ep: 5600 lr0.007164016067791809 	 Loss Classification: 0.582187 Loss T 0.067767 Method MME

S painting T real Train Ep: 5700 lr0.0071297657409083726 	 Loss Classification: 0.755894 Loss T 0.071157 Method MME

S painting T real Train Ep: 5800 lr0.0070958950701490225 	 Loss Classification: 1.165389 Loss T 0.068486 Method MME

S painting T real Train Ep: 5900 lr0.007062397483947426 	 Loss Classification: 0.196531 Loss T 0.047417 Method MME

Per Class Accuracy Calculated According to the Labelled Target examples is:  [1.         0.44444445 0.6666667  1.         0.6666667  0.8888889
 0.7777778  0.7777778  0.6666667  0.6666667  0.7777778  0.6666667
 0.         0.11111111 0.6666667  0.6666667  0.44444445 0.8888889
 0.11111111 1.         0.         0.7777778  1.         0.22222222
 0.7777778  0.7777778  0.6666667  0.6666667  0.8888889  1.
 0.33333334 0.         0.7777778  0.11111111 0.6666667  0.7777778
 0.         1.         0.33333334 1.         0.6666667  1.
 0.44444445 0.8888889  1.         1.         0.5555556  0.6666667
 1.         1.         0.8888889  0.6666667  0.6666667  0.6666667
 0.33333334 0.6666667  1.         1.         0.7777778  1.
 1.         0.5555556  0.8888889  0.         1.         1.
 0.         1.         0.8888889  1.         1.         0.6666667
 0.7777778  0.6666667  0.44444445 0.8888889  0.6666667  0.44444445
 0.         0.8888889  0.         1.         0.5555556  0.
 0.33333334 1.         0.8888889  0.44444445 0.         0.6666667
 0.11111111 0.6666667  0.6666667  0.8888889  0.7777778  1.
 0.         1.         0.44444445 0.6666667  1.         0.5555556
 0.8888889  0.6666667  0.7777778  1.         0.7777778  0.8888889
 0.6666667  0.6666667  0.7777778  0.44444445 1.         1.
 0.         1.         0.44444445 1.         0.         1.
 0.5555556  0.8888889  0.5555556  0.5555556  0.7777778  1.        ]
Top k classes which perform poorly are:  [114, 20, 12, 63, 31, 66, 36, 83, 96, 78, 80, 88, 118, 33, 13, 90, 18, 23, 54, 84, 38, 30, 98, 116, 1, 42, 77, 74, 16, 87, 111, 120, 122, 101, 46, 82, 123, 61, 108, 71, 109, 51, 76, 52, 53, 73, 55, 99, 40, 89, 2, 4, 8, 9, 11, 14, 15, 47, 103, 91, 92, 26, 27, 34, 110, 6, 7, 35, 10, 72, 32, 104, 106, 21, 94, 124, 24, 25, 58, 93, 102, 86, 62, 75, 68, 107, 5, 50, 17, 43, 79, 121, 28, 100, 117, 115, 112, 105, 119, 113, 0, 95, 3, 19, 22, 29, 37, 39, 41, 44, 45, 48, 97, 49, 57, 59, 60, 64, 65, 67, 69, 70, 81, 85, 56, 125]
Per cls weights according to the accuracy are:  tensor([1.1839, 1.3206, 1.2567, 1.1839, 1.2567, 1.2056, 1.2297, 1.2297, 1.2567,
        1.2567, 1.2297, 1.2567, 1.5000, 1.4474, 1.2567, 1.2567, 1.3206, 1.2056,
        1.4474, 1.1839, 1.5000, 1.2297, 1.1839, 1.4004, 1.2297, 1.2297, 1.2567,
        1.2567, 1.2056, 1.1839, 1.3583, 1.5000, 1.2297, 1.4474, 1.2567, 1.2297,
        1.5000, 1.1839, 1.3583, 1.1839, 1.2567, 1.1839, 1.3206, 1.2056, 1.1839,
        1.1839, 1.2869, 1.2567, 1.1839, 1.1839, 1.2056, 1.2567, 1.2567, 1.2567,
        1.3583, 1.2567, 1.1839, 1.1839, 1.2297, 1.1839, 1.1839, 1.2869, 1.2056,
        1.5000, 1.1839, 1.1839, 1.5000, 1.1839, 1.2056, 1.1839, 1.1839, 1.2567,
        1.2297, 1.2567, 1.3206, 1.2056, 1.2567, 1.3206, 1.5000, 1.2056, 1.5000,
        1.1839, 1.2869, 1.5000, 1.3583, 1.1839, 1.2056, 1.3206, 1.5000, 1.2567,
        1.4474, 1.2567, 1.2567, 1.2056, 1.2297, 1.1839, 1.5000, 1.1839, 1.3206,
        1.2567, 1.1839, 1.2869, 1.2056, 1.2567, 1.2297, 1.1839, 1.2297, 1.2056,
        1.2567, 1.2567, 1.2297, 1.3206, 1.1839, 1.1839, 1.5000, 1.1839, 1.3206,
        1.1839, 1.5000, 1.1839, 1.2869, 1.2056, 1.2869, 1.2869, 1.2297, 1.1839])
0
1
2
3
4
5
6
7
8
9
10
11
12
13
14
15
16
17
18
19
20
21
22
23
24
25
26
27
28
29
30
31
32
33
34
35
36
37
38
39
40
41
42
43
44
45
46
47
48
49
50
51
52
53
54
55
56
57
58
59
60
61
62
63
64
65
66
67
68
69
70
71
72
73
74
75
76
77
78
79
80
81
82
83
84
85
86
87
88
89
90
91
92
93
94
95
96
97
98
99
100
101
102
103
104
105
106
107
108
109
110
111
112
113
114
115
116
117
118
119
120
121
122
123
124
125
126
127
128
129
130
131
132
133
134
135
136
137
138
139
140
141
142
143
144
145
146
147
148
149
150
151
152
153
154
155
156
157
158
159
160
161
162
163
164
165
166
167
168
169
170
171
172
173
174
175
176
177
178
179
180
181
182
183
184
185
186
187
188
189
190
191
192
193
194
195
196
197
198
199
200
201
202
203
204
205
206
207
208
209
210
211
212
213
214
215
216
217
218
219
220
221
222
223
224
225
226
227
228
229
230
231
232
233
234
235
236
237
238
239
240
241
242
243
244
245
246
247
248
249
250
251
252
253
254
255
256
257
258
259
260
261
262
263
264
265
266
267
268
269
270
271
272
273
274
275
276
277
278
279
280
281
282
283
284
285
286
287
288
289
290
291
292
293
294
295
296
297
298
299
300
301
302
303
304
305
306
307
308
309
310
311
312
313
314
315
316
317
318
319
320
321
322
323
324
325
326
327
328
329
330
331
332
333
334
335
336
337
338
339
340
341
342
343
344
345
346
347
348
349
350
351
352
353
354
355
356
357
358
359
360
361
362
363
364
365
366
367
368
369
370
371
372
373
374
375
376
377
Per cls weights according to the accuracy are:  tensor([0.8161, 0.6794, 0.7433, 0.8161, 0.7433, 0.7944, 0.7703, 0.7703, 0.7433,
        0.7433, 0.7703, 0.7433, 0.5000, 0.5526, 0.7433, 0.7433, 0.6794, 0.7944,
        0.5526, 0.8161, 0.5000, 0.7703, 0.8161, 0.5996, 0.7703, 0.7703, 0.7433,
        0.7433, 0.7944, 0.8161, 0.6417, 0.5000, 0.7703, 0.5526, 0.7433, 0.7703,
        0.5000, 0.8161, 0.6417, 0.8161, 0.7433, 0.8161, 0.6794, 0.7944, 0.8161,
        0.8161, 0.7131, 0.7433, 0.8161, 0.8161, 0.7944, 0.7433, 0.7433, 0.7433,
        0.6417, 0.7433, 0.8161, 0.8161, 0.7703, 0.8161, 0.8161, 0.7131, 0.7944,
        0.5000, 0.8161, 0.8161, 0.5000, 0.8161, 0.7944, 0.8161, 0.8161, 0.7433,
        0.7703, 0.7433, 0.6794, 0.7944, 0.7433, 0.6794, 0.5000, 0.7944, 0.5000,
        0.8161, 0.7131, 0.5000, 0.6417, 0.8161, 0.7944, 0.6794, 0.5000, 0.7433,
        0.5526, 0.7433, 0.7433, 0.7944, 0.7703, 0.8161, 0.5000, 0.8161, 0.6794,
        0.7433, 0.8161, 0.7131, 0.7944, 0.7433, 0.7703, 0.8161, 0.7703, 0.7944,
        0.7433, 0.7433, 0.7703, 0.6794, 0.8161, 0.8161, 0.5000, 0.8161, 0.6794,
        0.8161, 0.5000, 0.8161, 0.7131, 0.7944, 0.7131, 0.7131, 0.7703, 0.8161])
0
1
2
3
4
5
6
7
8
9
10
11
12
13
14
15
16
17
18
19
20
21
22
23
24
25
26
27
28
29
30
31
32
33
34
35
36
37
38
39
40
41
42
43
44
45
46
47
48
49
50
51
52
53
54
55
56
57
58
59
60
61
62
63
64
65
66
67
68
69
70
71
72
73
74
75
76
77
78
79
80
81
82
83
84
85
86
87
88
89
90
91
92
93
94
95
96
97
98
99
100
101
102
103
104
105
106
107
108
109
110
111
112
113
114
115
116
117
118
119
120
121
122
123
124
125
126
127
128
129
130
131
132
133
134
135
136
137
138
139
140
141
142
143
144
145
146
147
148
149
150
151
152
153
154
155
156
157
158
159
160
161
162
163
164
165
166
167
168
169
170
171
172
173
174
175
176
177
178
179
180
181
182
183
184
185
186
187
188
189
190
191
192
193
194
195
196
197
198
199
200
201
202
203
204
205
206
207
208
209
210
211
212
213
214
215
216
217
218
219
220
221
222
223
224
225
226
227
228
229
230
231
232
233
234
235
236
237
238
239
240
241
242
243
244
245
246
247
248
249
250
251
252
253
254
255
256
257
258
259
260
261
262
263
264
265
266
267
268
269
270
271
272
273
274
275
276
277
278
279
280
281
282
283
284
285
286
287
288
289
290
291
292
293
294
295
296
297
298
299
300
301
302
303
304
305
306
307
308
309
310
311
312
313
314
315
316
317
318
319
320
321
322
323
324
325
326
327
328
329
330
331
332
333
334
335
336
337
338
339
340
341
342
343
344
345
346
347
348
349
350
351
352
353
354
355
356
357
358
359
360
361
362
363
364
365
366
367
368
369
370
371
372
373
374
375
376
377
Assigned Classwise weights to source
S painting T real Train Ep: 6000 lr0.007029266564879363 	 Loss Classification: 0.256615 Loss T 0.053478 Method MME

24
24
24
24
24
24
24
24
24
24
24
24
24
24
24
24
tensor(1134.)

Labeled Target set: Average loss: 2.0102, Accuracy: 666/1134 F1 (58.7302%)


Test set: Average loss: 1.6482, Accuracy: 47410/69960 F1 (67.7673%)


Val set: Average loss: 1.9170, Accuracy: 232/360 F1 (64.4444%)

best acc test 72.717267  acc val 64.444444 acc labeled target 58.730159
saving model...
S painting T real Train Ep: 6100 lr0.006996496045111504 	 Loss Classification: 0.360425 Loss T 0.055041 Method MME

S painting T real Train Ep: 6200 lr0.00696407980201184 	 Loss Classification: 1.003794 Loss T 0.052975 Method MME

S painting T real Train Ep: 6300 lr0.006932011853915101 	 Loss Classification: 0.286023 Loss T 0.062854 Method MME

S painting T real Train Ep: 6400 lr0.006900286356036734 	 Loss Classification: 0.329729 Loss T 0.049602 Method MME

S painting T real Train Ep: 6500 lr0.006868897596529406 	 Loss Classification: 0.371234 Loss T 0.064088 Method MME

24
24
24
24
24
24
24
24
24
24
24
24
24
24
24
24
tensor(1134.)

Labeled Target set: Average loss: 1.7011, Accuracy: 740/1134 F1 (65.2557%)


Test set: Average loss: 1.3352, Accuracy: 51858/69960 F1 (74.1252%)


Val set: Average loss: 1.5148, Accuracy: 253/360 F1 (70.2778%)

best acc test 74.125214  acc val 70.277778 acc labeled target 65.255732
saving model...
S painting T real Train Ep: 6600 lr0.006837839992676177 	 Loss Classification: 0.718746 Loss T 0.049774 Method MME

S painting T real Train Ep: 6700 lr0.006807108087214876 	 Loss Classification: 0.396029 Loss T 0.041739 Method MME

S painting T real Train Ep: 6800 lr0.006776696544788352 	 Loss Classification: 0.244133 Loss T 0.040148 Method MME

S painting T real Train Ep: 6900 lr0.006746600148515609 	 Loss Classification: 0.263305 Loss T 0.041778 Method MME

Per Class Accuracy Calculated According to the Labelled Target examples is:  [1.         0.         0.8888889  0.8888889  0.33333334 1.
 0.7777778  0.44444445 0.7777778  0.7777778  0.8888889  0.6666667
 0.         0.22222222 0.5555556  0.6666667  1.         1.
 0.5555556  1.         0.11111111 0.5555556  1.         0.22222222
 0.         0.8888889  0.5555556  0.6666667  1.         0.8888889
 0.44444445 0.44444445 0.6666667  0.         0.33333334 1.
 0.         1.         0.22222222 1.         0.6666667  0.8888889
 0.44444445 0.8888889  1.         0.8888889  1.         0.8888889
 0.7777778  1.         1.         0.5555556  0.7777778  0.5555556
 0.6666667  0.8888889  0.8888889  1.         0.33333334 0.5555556
 1.         0.33333334 1.         0.22222222 1.         1.
 0.         0.8888889  0.8888889  1.         1.         1.
 0.5555556  0.6666667  0.6666667  0.6666667  0.6666667  0.33333334
 0.         1.         0.         1.         0.5555556  0.
 0.33333334 1.         1.         0.33333334 0.         0.33333334
 0.11111111 0.7777778  0.7777778  0.7777778  0.5555556  1.
 0.         1.         0.5555556  0.6666667  0.7777778  0.5555556
 0.8888889  0.6666667  0.         0.8888889  0.7777778  0.5555556
 0.6666667  0.6666667  0.7777778  0.44444445 0.8888889  1.
 0.5555556  0.8888889  0.7777778  1.         0.         1.
 0.44444445 1.         0.33333334 0.33333334 0.5555556  1.        ]
Top k classes which perform poorly are:  [88, 1, 66, 83, 24, 96, 118, 36, 104, 33, 80, 78, 12, 20, 90, 63, 38, 23, 13, 77, 84, 87, 34, 4, 89, 123, 122, 58, 61, 120, 7, 42, 30, 111, 31, 51, 124, 114, 72, 53, 107, 59, 98, 101, 94, 26, 21, 14, 18, 82, 40, 99, 108, 109, 11, 15, 74, 54, 75, 76, 27, 32, 103, 73, 91, 92, 93, 100, 106, 48, 110, 6, 52, 8, 9, 116, 105, 2, 3, 10, 25, 29, 68, 115, 102, 43, 45, 47, 112, 55, 56, 67, 41, 117, 119, 121, 113, 0, 62, 95, 5, 16, 17, 19, 22, 28, 35, 37, 39, 44, 46, 97, 49, 57, 60, 64, 65, 69, 70, 71, 79, 81, 85, 86, 50, 125]
Per cls weights according to the accuracy are:  tensor([1.1839, 1.5000, 1.2056, 1.2056, 1.3583, 1.1839, 1.2297, 1.3206, 1.2297,
        1.2297, 1.2056, 1.2567, 1.5000, 1.4004, 1.2869, 1.2567, 1.1839, 1.1839,
        1.2869, 1.1839, 1.4474, 1.2869, 1.1839, 1.4004, 1.5000, 1.2056, 1.2869,
        1.2567, 1.1839, 1.2056, 1.3206, 1.3206, 1.2567, 1.5000, 1.3583, 1.1839,
        1.5000, 1.1839, 1.4004, 1.1839, 1.2567, 1.2056, 1.3206, 1.2056, 1.1839,
        1.2056, 1.1839, 1.2056, 1.2297, 1.1839, 1.1839, 1.2869, 1.2297, 1.2869,
        1.2567, 1.2056, 1.2056, 1.1839, 1.3583, 1.2869, 1.1839, 1.3583, 1.1839,
        1.4004, 1.1839, 1.1839, 1.5000, 1.2056, 1.2056, 1.1839, 1.1839, 1.1839,
        1.2869, 1.2567, 1.2567, 1.2567, 1.2567, 1.3583, 1.5000, 1.1839, 1.5000,
        1.1839, 1.2869, 1.5000, 1.3583, 1.1839, 1.1839, 1.3583, 1.5000, 1.3583,
        1.4474, 1.2297, 1.2297, 1.2297, 1.2869, 1.1839, 1.5000, 1.1839, 1.2869,
        1.2567, 1.2297, 1.2869, 1.2056, 1.2567, 1.5000, 1.2056, 1.2297, 1.2869,
        1.2567, 1.2567, 1.2297, 1.3206, 1.2056, 1.1839, 1.2869, 1.2056, 1.2297,
        1.1839, 1.5000, 1.1839, 1.3206, 1.1839, 1.3583, 1.3583, 1.2869, 1.1839])
0
1
2
3
4
5
6
7
8
9
10
11
12
13
14
15
16
17
18
19
20
21
22
23
24
25
26
27
28
29
30
31
32
33
34
35
36
37
38
39
40
41
42
43
44
45
46
47
48
49
50
51
52
53
54
55
56
57
58
59
60
61
62
63
64
65
66
67
68
69
70
71
72
73
74
75
76
77
78
79
80
81
82
83
84
85
86
87
88
89
90
91
92
93
94
95
96
97
98
99
100
101
102
103
104
105
106
107
108
109
110
111
112
113
114
115
116
117
118
119
120
121
122
123
124
125
126
127
128
129
130
131
132
133
134
135
136
137
138
139
140
141
142
143
144
145
146
147
148
149
150
151
152
153
154
155
156
157
158
159
160
161
162
163
164
165
166
167
168
169
170
171
172
173
174
175
176
177
178
179
180
181
182
183
184
185
186
187
188
189
190
191
192
193
194
195
196
197
198
199
200
201
202
203
204
205
206
207
208
209
210
211
212
213
214
215
216
217
218
219
220
221
222
223
224
225
226
227
228
229
230
231
232
233
234
235
236
237
238
239
240
241
242
243
244
245
246
247
248
249
250
251
252
253
254
255
256
257
258
259
260
261
262
263
264
265
266
267
268
269
270
271
272
273
274
275
276
277
278
279
280
281
282
283
284
285
286
287
288
289
290
291
292
293
294
295
296
297
298
299
300
301
302
303
304
305
306
307
308
309
310
311
312
313
314
315
316
317
318
319
320
321
322
323
324
325
326
327
328
329
330
331
332
333
334
335
336
337
338
339
340
341
342
343
344
345
346
347
348
349
350
351
352
353
354
355
356
357
358
359
360
361
362
363
364
365
366
367
368
369
370
371
372
373
374
375
376
377
Per cls weights according to the accuracy are:  tensor([0.8161, 0.5000, 0.7944, 0.7944, 0.6417, 0.8161, 0.7703, 0.6794, 0.7703,
        0.7703, 0.7944, 0.7433, 0.5000, 0.5996, 0.7131, 0.7433, 0.8161, 0.8161,
        0.7131, 0.8161, 0.5526, 0.7131, 0.8161, 0.5996, 0.5000, 0.7944, 0.7131,
        0.7433, 0.8161, 0.7944, 0.6794, 0.6794, 0.7433, 0.5000, 0.6417, 0.8161,
        0.5000, 0.8161, 0.5996, 0.8161, 0.7433, 0.7944, 0.6794, 0.7944, 0.8161,
        0.7944, 0.8161, 0.7944, 0.7703, 0.8161, 0.8161, 0.7131, 0.7703, 0.7131,
        0.7433, 0.7944, 0.7944, 0.8161, 0.6417, 0.7131, 0.8161, 0.6417, 0.8161,
        0.5996, 0.8161, 0.8161, 0.5000, 0.7944, 0.7944, 0.8161, 0.8161, 0.8161,
        0.7131, 0.7433, 0.7433, 0.7433, 0.7433, 0.6417, 0.5000, 0.8161, 0.5000,
        0.8161, 0.7131, 0.5000, 0.6417, 0.8161, 0.8161, 0.6417, 0.5000, 0.6417,
        0.5526, 0.7703, 0.7703, 0.7703, 0.7131, 0.8161, 0.5000, 0.8161, 0.7131,
        0.7433, 0.7703, 0.7131, 0.7944, 0.7433, 0.5000, 0.7944, 0.7703, 0.7131,
        0.7433, 0.7433, 0.7703, 0.6794, 0.7944, 0.8161, 0.7131, 0.7944, 0.7703,
        0.8161, 0.5000, 0.8161, 0.6794, 0.8161, 0.6417, 0.6417, 0.7131, 0.8161])
0
1
2
3
4
5
6
7
8
9
10
11
12
13
14
15
16
17
18
19
20
21
22
23
24
25
26
27
28
29
30
31
32
33
34
35
36
37
38
39
40
41
42
43
44
45
46
47
48
49
50
51
52
53
54
55
56
57
58
59
60
61
62
63
64
65
66
67
68
69
70
71
72
73
74
75
76
77
78
79
80
81
82
83
84
85
86
87
88
89
90
91
92
93
94
95
96
97
98
99
100
101
102
103
104
105
106
107
108
109
110
111
112
113
114
115
116
117
118
119
120
121
122
123
124
125
126
127
128
129
130
131
132
133
134
135
136
137
138
139
140
141
142
143
144
145
146
147
148
149
150
151
152
153
154
155
156
157
158
159
160
161
162
163
164
165
166
167
168
169
170
171
172
173
174
175
176
177
178
179
180
181
182
183
184
185
186
187
188
189
190
191
192
193
194
195
196
197
198
199
200
201
202
203
204
205
206
207
208
209
210
211
212
213
214
215
216
217
218
219
220
221
222
223
224
225
226
227
228
229
230
231
232
233
234
235
236
237
238
239
240
241
242
243
244
245
246
247
248
249
250
251
252
253
254
255
256
257
258
259
260
261
262
263
264
265
266
267
268
269
270
271
272
273
274
275
276
277
278
279
280
281
282
283
284
285
286
287
288
289
290
291
292
293
294
295
296
297
298
299
300
301
302
303
304
305
306
307
308
309
310
311
312
313
314
315
316
317
318
319
320
321
322
323
324
325
326
327
328
329
330
331
332
333
334
335
336
337
338
339
340
341
342
343
344
345
346
347
348
349
350
351
352
353
354
355
356
357
358
359
360
361
362
363
364
365
366
367
368
369
370
371
372
373
374
375
376
377
Assigned Classwise weights to source
S painting T real Train Ep: 7000 lr0.006716813796678979 	 Loss Classification: 0.461765 Loss T 0.041916 Method MME

24
24
24
24
24
24
24
24
24
24
24
24
24
24
24
24
tensor(1134.)

Labeled Target set: Average loss: 2.0107, Accuracy: 691/1134 F1 (60.9347%)


Test set: Average loss: 1.6915, Accuracy: 47749/69960 F1 (68.2519%)


Val set: Average loss: 1.9493, Accuracy: 224/360 F1 (62.2222%)

best acc test 74.125214  acc val 62.222222 acc labeled target 60.934744
saving model...
S painting T real Train Ep: 7100 lr0.006687332499522798 	 Loss Classification: 0.437039 Loss T 0.043143 Method MME

S painting T real Train Ep: 7200 lr0.006658151376159165 	 Loss Classification: 0.740028 Loss T 0.067087 Method MME

S painting T real Train Ep: 7300 lr0.00662926565157663 	 Loss Classification: 0.305057 Loss T 0.054182 Method MME

S painting T real Train Ep: 7400 lr0.006600670653747793 	 Loss Classification: 1.021660 Loss T 0.043523 Method MME

S painting T real Train Ep: 7500 lr0.0065723618108320175 	 Loss Classification: 0.458584 Loss T 0.045516 Method MME

24
24
24
24
24
24
24
24
24
24
24
24
24
24
24
24
tensor(1134.)

Labeled Target set: Average loss: 1.7002, Accuracy: 748/1134 F1 (65.9612%)


Test set: Average loss: 1.3222, Accuracy: 52350/69960 F1 (74.8285%)


Val set: Average loss: 1.5116, Accuracy: 251/360 F1 (69.7222%)

best acc test 74.125214  acc val 69.722222 acc labeled target 65.961199
saving model...
S painting T real Train Ep: 7600 lr0.006544334648469591 	 Loss Classification: 0.309537 Loss T 0.059213 Method MME

S painting T real Train Ep: 7700 lr0.006516584787163857 	 Loss Classification: 0.374717 Loss T 0.040118 Method MME

S painting T real Train Ep: 7800 lr0.006489107939747966 	 Loss Classification: 0.513330 Loss T 0.042301 Method MME

S painting T real Train Ep: 7900 lr0.0064618999089330565 	 Loss Classification: 0.135317 Loss T 0.029682 Method MME

Per Class Accuracy Calculated According to the Labelled Target examples is:  [1.         0.22222222 0.6666667  1.         0.33333334 1.
 0.8888889  0.5555556  0.7777778  1.         1.         0.6666667
 0.         0.33333334 0.5555556  0.6666667  0.7777778  1.
 0.         0.6666667  0.11111111 0.44444445 1.         0.33333334
 0.6666667  0.7777778  0.6666667  0.6666667  0.8888889  1.
 0.33333334 0.22222222 0.8888889  0.22222222 0.5555556  0.7777778
 0.         1.         0.33333334 1.         0.6666667  0.6666667
 0.33333334 0.8888889  0.8888889  0.8888889  0.7777778  1.
 0.8888889  1.         1.         0.5555556  0.6666667  0.6666667
 0.11111111 0.7777778  1.         0.8888889  0.5555556  0.6666667
 0.8888889  0.         1.         0.33333334 1.         1.
 0.         1.         0.8888889  1.         0.8888889  0.5555556
 0.8888889  0.6666667  0.33333334 0.7777778  0.6666667  0.44444445
 0.         1.         0.         0.6666667  0.5555556  0.
 0.11111111 1.         1.         0.33333334 0.33333334 0.33333334
 0.6666667  0.6666667  0.6666667  0.7777778  0.6666667  1.
 0.         0.8888889  0.5555556  1.         0.6666667  0.6666667
 0.8888889  0.7777778  0.22222222 0.8888889  1.         0.7777778
 0.6666667  0.6666667  0.6666667  0.5555556  0.8888889  0.8888889
 0.6666667  0.8888889  0.5555556  1.         0.         1.
 0.5555556  0.8888889  0.6666667  0.33333334 0.8888889  1.        ]
Top k classes which perform poorly are:  [80, 18, 83, 66, 96, 12, 61, 118, 78, 36, 54, 84, 20, 104, 33, 1, 31, 38, 89, 87, 30, 63, 42, 88, 123, 4, 13, 23, 74, 21, 77, 51, 111, 58, 116, 7, 98, 120, 14, 82, 71, 34, 76, 59, 73, 110, 109, 53, 52, 108, 101, 114, 2, 122, 11, 15, 19, 24, 100, 27, 94, 26, 40, 90, 81, 41, 92, 91, 46, 75, 8, 55, 16, 107, 25, 93, 103, 35, 97, 102, 105, 112, 72, 6, 121, 28, 32, 115, 43, 45, 44, 113, 57, 60, 124, 68, 70, 48, 106, 117, 119, 0, 62, 95, 3, 5, 9, 10, 17, 22, 29, 37, 39, 99, 47, 50, 56, 64, 65, 67, 69, 79, 85, 86, 49, 125]
Per cls weights according to the accuracy are:  tensor([1.1839, 1.4004, 1.2567, 1.1839, 1.3583, 1.1839, 1.2056, 1.2869, 1.2297,
        1.1839, 1.1839, 1.2567, 1.5000, 1.3583, 1.2869, 1.2567, 1.2297, 1.1839,
        1.5000, 1.2567, 1.4474, 1.3206, 1.1839, 1.3583, 1.2567, 1.2297, 1.2567,
        1.2567, 1.2056, 1.1839, 1.3583, 1.4004, 1.2056, 1.4004, 1.2869, 1.2297,
        1.5000, 1.1839, 1.3583, 1.1839, 1.2567, 1.2567, 1.3583, 1.2056, 1.2056,
        1.2056, 1.2297, 1.1839, 1.2056, 1.1839, 1.1839, 1.2869, 1.2567, 1.2567,
        1.4474, 1.2297, 1.1839, 1.2056, 1.2869, 1.2567, 1.2056, 1.5000, 1.1839,
        1.3583, 1.1839, 1.1839, 1.5000, 1.1839, 1.2056, 1.1839, 1.2056, 1.2869,
        1.2056, 1.2567, 1.3583, 1.2297, 1.2567, 1.3206, 1.5000, 1.1839, 1.5000,
        1.2567, 1.2869, 1.5000, 1.4474, 1.1839, 1.1839, 1.3583, 1.3583, 1.3583,
        1.2567, 1.2567, 1.2567, 1.2297, 1.2567, 1.1839, 1.5000, 1.2056, 1.2869,
        1.1839, 1.2567, 1.2567, 1.2056, 1.2297, 1.4004, 1.2056, 1.1839, 1.2297,
        1.2567, 1.2567, 1.2567, 1.2869, 1.2056, 1.2056, 1.2567, 1.2056, 1.2869,
        1.1839, 1.5000, 1.1839, 1.2869, 1.2056, 1.2567, 1.3583, 1.2056, 1.1839])
0
1
2
3
4
5
6
7
8
9
10
11
12
13
14
15
16
17
18
19
20
21
22
23
24
25
26
27
28
29
30
31
32
33
34
35
36
37
38
39
40
41
42
43
44
45
46
47
48
49
50
51
52
53
54
55
56
57
58
59
60
61
62
63
64
65
66
67
68
69
70
71
72
73
74
75
76
77
78
79
80
81
82
83
84
85
86
87
88
89
90
91
92
93
94
95
96
97
98
99
100
101
102
103
104
105
106
107
108
109
110
111
112
113
114
115
116
117
118
119
120
121
122
123
124
125
126
127
128
129
130
131
132
133
134
135
136
137
138
139
140
141
142
143
144
145
146
147
148
149
150
151
152
153
154
155
156
157
158
159
160
161
162
163
164
165
166
167
168
169
170
171
172
173
174
175
176
177
178
179
180
181
182
183
184
185
186
187
188
189
190
191
192
193
194
195
196
197
198
199
200
201
202
203
204
205
206
207
208
209
210
211
212
213
214
215
216
217
218
219
220
221
222
223
224
225
226
227
228
229
230
231
232
233
234
235
236
237
238
239
240
241
242
243
244
245
246
247
248
249
250
251
252
253
254
255
256
257
258
259
260
261
262
263
264
265
266
267
268
269
270
271
272
273
274
275
276
277
278
279
280
281
282
283
284
285
286
287
288
289
290
291
292
293
294
295
296
297
298
299
300
301
302
303
304
305
306
307
308
309
310
311
312
313
314
315
316
317
318
319
320
321
322
323
324
325
326
327
328
329
330
331
332
333
334
335
336
337
338
339
340
341
342
343
344
345
346
347
348
349
350
351
352
353
354
355
356
357
358
359
360
361
362
363
364
365
366
367
368
369
370
371
372
373
374
375
376
377
Per cls weights according to the accuracy are:  tensor([0.8161, 0.5996, 0.7433, 0.8161, 0.6417, 0.8161, 0.7944, 0.7131, 0.7703,
        0.8161, 0.8161, 0.7433, 0.5000, 0.6417, 0.7131, 0.7433, 0.7703, 0.8161,
        0.5000, 0.7433, 0.5526, 0.6794, 0.8161, 0.6417, 0.7433, 0.7703, 0.7433,
        0.7433, 0.7944, 0.8161, 0.6417, 0.5996, 0.7944, 0.5996, 0.7131, 0.7703,
        0.5000, 0.8161, 0.6417, 0.8161, 0.7433, 0.7433, 0.6417, 0.7944, 0.7944,
        0.7944, 0.7703, 0.8161, 0.7944, 0.8161, 0.8161, 0.7131, 0.7433, 0.7433,
        0.5526, 0.7703, 0.8161, 0.7944, 0.7131, 0.7433, 0.7944, 0.5000, 0.8161,
        0.6417, 0.8161, 0.8161, 0.5000, 0.8161, 0.7944, 0.8161, 0.7944, 0.7131,
        0.7944, 0.7433, 0.6417, 0.7703, 0.7433, 0.6794, 0.5000, 0.8161, 0.5000,
        0.7433, 0.7131, 0.5000, 0.5526, 0.8161, 0.8161, 0.6417, 0.6417, 0.6417,
        0.7433, 0.7433, 0.7433, 0.7703, 0.7433, 0.8161, 0.5000, 0.7944, 0.7131,
        0.8161, 0.7433, 0.7433, 0.7944, 0.7703, 0.5996, 0.7944, 0.8161, 0.7703,
        0.7433, 0.7433, 0.7433, 0.7131, 0.7944, 0.7944, 0.7433, 0.7944, 0.7131,
        0.8161, 0.5000, 0.8161, 0.7131, 0.7944, 0.7433, 0.6417, 0.7944, 0.8161])
0
1
2
3
4
5
6
7
8
9
10
11
12
13
14
15
16
17
18
19
20
21
22
23
24
25
26
27
28
29
30
31
32
33
34
35
36
37
38
39
40
41
42
43
44
45
46
47
48
49
50
51
52
53
54
55
56
57
58
59
60
61
62
63
64
65
66
67
68
69
70
71
72
73
74
75
76
77
78
79
80
81
82
83
84
85
86
87
88
89
90
91
92
93
94
95
96
97
98
99
100
101
102
103
104
105
106
107
108
109
110
111
112
113
114
115
116
117
118
119
120
121
122
123
124
125
126
127
128
129
130
131
132
133
134
135
136
137
138
139
140
141
142
143
144
145
146
147
148
149
150
151
152
153
154
155
156
157
158
159
160
161
162
163
164
165
166
167
168
169
170
171
172
173
174
175
176
177
178
179
180
181
182
183
184
185
186
187
188
189
190
191
192
193
194
195
196
197
198
199
200
201
202
203
204
205
206
207
208
209
210
211
212
213
214
215
216
217
218
219
220
221
222
223
224
225
226
227
228
229
230
231
232
233
234
235
236
237
238
239
240
241
242
243
244
245
246
247
248
249
250
251
252
253
254
255
256
257
258
259
260
261
262
263
264
265
266
267
268
269
270
271
272
273
274
275
276
277
278
279
280
281
282
283
284
285
286
287
288
289
290
291
292
293
294
295
296
297
298
299
300
301
302
303
304
305
306
307
308
309
310
311
312
313
314
315
316
317
318
319
320
321
322
323
324
325
326
327
328
329
330
331
332
333
334
335
336
337
338
339
340
341
342
343
344
345
346
347
348
349
350
351
352
353
354
355
356
357
358
359
360
361
362
363
364
365
366
367
368
369
370
371
372
373
374
375
376
377
Assigned Classwise weights to source
S painting T real Train Ep: 8000 lr0.006434956584934828 	 Loss Classification: 0.187941 Loss T 0.040225 Method MME

24
24
24
24
24
24
24
24
24
24
24
24
24
24
24
24
tensor(1134.)

Labeled Target set: Average loss: 1.8550, Accuracy: 732/1134 F1 (64.5503%)


Test set: Average loss: 1.4725, Accuracy: 50240/69960 F1 (71.8125%)


Val set: Average loss: 1.7051, Accuracy: 245/360 F1 (68.0556%)

best acc test 74.125214  acc val 68.055556 acc labeled target 64.550265
saving model...
S painting T real Train Ep: 8100 lr0.006408273943175546 	 Loss Classification: 0.074508 Loss T 0.051088 Method MME

S painting T real Train Ep: 8200 lr0.006381848042058713 	 Loss Classification: 0.450018 Loss T 0.046156 Method MME

S painting T real Train Ep: 8300 lr0.0063556750208137005 	 Loss Classification: 0.482812 Loss T 0.039580 Method MME

S painting T real Train Ep: 8400 lr0.006329751097407787 	 Loss Classification: 0.194036 Loss T 0.027368 Method MME

S painting T real Train Ep: 8500 lr0.0063040725665231365 	 Loss Classification: 0.975655 Loss T 0.050928 Method MME

24
24
24
24
24
24
24
24
24
24
24
24
24
24
24
24
tensor(1134.)

Labeled Target set: Average loss: 0.0992, Accuracy: 1104/1134 F1 (97.3545%)


Test set: Average loss: 1.0736, Accuracy: 54404/69960 F1 (77.7644%)


Val set: Average loss: 1.3287, Accuracy: 255/360 F1 (70.8333%)

best acc test 77.764437  acc val 70.833333 acc labeled target 97.354497
saving model...
S painting T real Train Ep: 8600 lr0.006278635797596355 	 Loss Classification: 0.441457 Loss T 0.037406 Method MME

S painting T real Train Ep: 8700 lr0.006253437232918371 	 Loss Classification: 0.715225 Loss T 0.038890 Method MME

S painting T real Train Ep: 8800 lr0.0062284733857924735 	 Loss Classification: 0.497227 Loss T 0.073102 Method MME

S painting T real Train Ep: 8900 lr0.006203740838748417 	 Loss Classification: 0.149348 Loss T 0.027442 Method MME

Per Class Accuracy Calculated According to the Labelled Target examples is:  [1.        1.        1.        1.        1.        0.8888889 1.
 1.        0.7777778 1.        0.8888889 0.8888889 1.        0.8888889
 1.        0.8888889 0.8888889 1.        1.        1.        1.
 1.        0.8888889 0.8888889 1.        1.        1.        1.
 0.8888889 1.        0.8888889 1.        1.        1.        0.8888889
 1.        0.7777778 0.8888889 0.8888889 1.        1.        1.
 1.        1.        1.        0.8888889 0.8888889 1.        1.
 1.        1.        0.8888889 1.        1.        1.        1.
 1.        0.8888889 0.8888889 1.        1.        1.        1.
 1.        0.8888889 1.        1.        1.        1.        1.
 1.        1.        1.        1.        1.        1.        1.
 1.        0.8888889 1.        0.8888889 1.        1.        1.
 1.        1.        1.        1.        0.8888889 1.        1.
 1.        1.        1.        1.        1.        1.        1.
 1.        1.        1.        1.        1.        1.        1.
 1.        1.        1.        1.        1.        1.        0.8888889
 1.        1.        1.        1.        1.        1.        0.8888889
 0.8888889 1.        1.        1.        1.        0.8888889 1.       ]
Top k classes which perform poorly are:  [36, 8, 38, 37, 51, 34, 88, 30, 28, 57, 58, 23, 22, 46, 111, 124, 45, 119, 5, 16, 118, 80, 11, 10, 13, 64, 15, 78, 92, 91, 76, 77, 94, 93, 82, 90, 89, 87, 86, 85, 81, 83, 79, 84, 0, 96, 123, 122, 121, 120, 117, 116, 115, 114, 113, 112, 110, 109, 108, 107, 106, 105, 104, 103, 102, 101, 75, 100, 99, 98, 97, 95, 74, 62, 72, 33, 32, 31, 29, 27, 26, 25, 24, 21, 20, 35, 19, 17, 14, 12, 9, 7, 6, 4, 3, 2, 1, 18, 39, 40, 41, 71, 70, 69, 68, 67, 66, 65, 63, 61, 60, 59, 56, 55, 54, 53, 52, 50, 49, 48, 47, 44, 43, 42, 73, 125]
Per cls weights according to the accuracy are:  tensor([1.1839, 1.1839, 1.1839, 1.1839, 1.1839, 1.2056, 1.1839, 1.1839, 1.2297,
        1.1839, 1.2056, 1.2056, 1.1839, 1.2056, 1.1839, 1.2056, 1.2056, 1.1839,
        1.1839, 1.1839, 1.1839, 1.1839, 1.2056, 1.2056, 1.1839, 1.1839, 1.1839,
        1.1839, 1.2056, 1.1839, 1.2056, 1.1839, 1.1839, 1.1839, 1.2056, 1.1839,
        1.2297, 1.2056, 1.2056, 1.1839, 1.1839, 1.1839, 1.1839, 1.1839, 1.1839,
        1.2056, 1.2056, 1.1839, 1.1839, 1.1839, 1.1839, 1.2056, 1.1839, 1.1839,
        1.1839, 1.1839, 1.1839, 1.2056, 1.2056, 1.1839, 1.1839, 1.1839, 1.1839,
        1.1839, 1.2056, 1.1839, 1.1839, 1.1839, 1.1839, 1.1839, 1.1839, 1.1839,
        1.1839, 1.1839, 1.1839, 1.1839, 1.1839, 1.1839, 1.2056, 1.1839, 1.2056,
        1.1839, 1.1839, 1.1839, 1.1839, 1.1839, 1.1839, 1.1839, 1.2056, 1.1839,
        1.1839, 1.1839, 1.1839, 1.1839, 1.1839, 1.1839, 1.1839, 1.1839, 1.1839,
        1.1839, 1.1839, 1.1839, 1.1839, 1.1839, 1.1839, 1.1839, 1.1839, 1.1839,
        1.1839, 1.1839, 1.1839, 1.2056, 1.1839, 1.1839, 1.1839, 1.1839, 1.1839,
        1.1839, 1.2056, 1.2056, 1.1839, 1.1839, 1.1839, 1.1839, 1.2056, 1.1839])
0
1
2
3
4
5
6
7
8
9
10
11
12
13
14
15
16
17
18
19
20
21
22
23
24
25
26
27
28
29
30
31
32
33
34
35
36
37
38
39
40
41
42
43
44
45
46
47
48
49
50
51
52
53
54
55
56
57
58
59
60
61
62
63
64
65
66
67
68
69
70
71
72
73
74
75
76
77
78
79
80
81
82
83
84
85
86
87
88
89
90
91
92
93
94
95
96
97
98
99
100
101
102
103
104
105
106
107
108
109
110
111
112
113
114
115
116
117
118
119
120
121
122
123
124
125
126
127
128
129
130
131
132
133
134
135
136
137
138
139
140
141
142
143
144
145
146
147
148
149
150
151
152
153
154
155
156
157
158
159
160
161
162
163
164
165
166
167
168
169
170
171
172
173
174
175
176
177
178
179
180
181
182
183
184
185
186
187
188
189
190
191
192
193
194
195
196
197
198
199
200
201
202
203
204
205
206
207
208
209
210
211
212
213
214
215
216
217
218
219
220
221
222
223
224
225
226
227
228
229
230
231
232
233
234
235
236
237
238
239
240
241
242
243
244
245
246
247
248
249
250
251
252
253
254
255
256
257
258
259
260
261
262
263
264
265
266
267
268
269
270
271
272
273
274
275
276
277
278
279
280
281
282
283
284
285
286
287
288
289
290
291
292
293
294
295
296
297
298
299
300
301
302
303
304
305
306
307
308
309
310
311
312
313
314
315
316
317
318
319
320
321
322
323
324
325
326
327
328
329
330
331
332
333
334
335
336
337
338
339
340
341
342
343
344
345
346
347
348
349
350
351
352
353
354
355
356
357
358
359
360
361
362
363
364
365
366
367
368
369
370
371
372
373
374
375
376
377
Per cls weights according to the accuracy are:  tensor([0.8161, 0.8161, 0.8161, 0.8161, 0.8161, 0.7944, 0.8161, 0.8161, 0.7703,
        0.8161, 0.7944, 0.7944, 0.8161, 0.7944, 0.8161, 0.7944, 0.7944, 0.8161,
        0.8161, 0.8161, 0.8161, 0.8161, 0.7944, 0.7944, 0.8161, 0.8161, 0.8161,
        0.8161, 0.7944, 0.8161, 0.7944, 0.8161, 0.8161, 0.8161, 0.7944, 0.8161,
        0.7703, 0.7944, 0.7944, 0.8161, 0.8161, 0.8161, 0.8161, 0.8161, 0.8161,
        0.7944, 0.7944, 0.8161, 0.8161, 0.8161, 0.8161, 0.7944, 0.8161, 0.8161,
        0.8161, 0.8161, 0.8161, 0.7944, 0.7944, 0.8161, 0.8161, 0.8161, 0.8161,
        0.8161, 0.7944, 0.8161, 0.8161, 0.8161, 0.8161, 0.8161, 0.8161, 0.8161,
        0.8161, 0.8161, 0.8161, 0.8161, 0.8161, 0.8161, 0.7944, 0.8161, 0.7944,
        0.8161, 0.8161, 0.8161, 0.8161, 0.8161, 0.8161, 0.8161, 0.7944, 0.8161,
        0.8161, 0.8161, 0.8161, 0.8161, 0.8161, 0.8161, 0.8161, 0.8161, 0.8161,
        0.8161, 0.8161, 0.8161, 0.8161, 0.8161, 0.8161, 0.8161, 0.8161, 0.8161,
        0.8161, 0.8161, 0.8161, 0.7944, 0.8161, 0.8161, 0.8161, 0.8161, 0.8161,
        0.8161, 0.7944, 0.7944, 0.8161, 0.8161, 0.8161, 0.8161, 0.7944, 0.8161])
0
1
2
3
4
5
6
7
8
9
10
11
12
13
14
15
16
17
18
19
20
21
22
23
24
25
26
27
28
29
30
31
32
33
34
35
36
37
38
39
40
41
42
43
44
45
46
47
48
49
50
51
52
53
54
55
56
57
58
59
60
61
62
63
64
65
66
67
68
69
70
71
72
73
74
75
76
77
78
79
80
81
82
83
84
85
86
87
88
89
90
91
92
93
94
95
96
97
98
99
100
101
102
103
104
105
106
107
108
109
110
111
112
113
114
115
116
117
118
119
120
121
122
123
124
125
126
127
128
129
130
131
132
133
134
135
136
137
138
139
140
141
142
143
144
145
146
147
148
149
150
151
152
153
154
155
156
157
158
159
160
161
162
163
164
165
166
167
168
169
170
171
172
173
174
175
176
177
178
179
180
181
182
183
184
185
186
187
188
189
190
191
192
193
194
195
196
197
198
199
200
201
202
203
204
205
206
207
208
209
210
211
212
213
214
215
216
217
218
219
220
221
222
223
224
225
226
227
228
229
230
231
232
233
234
235
236
237
238
239
240
241
242
243
244
245
246
247
248
249
250
251
252
253
254
255
256
257
258
259
260
261
262
263
264
265
266
267
268
269
270
271
272
273
274
275
276
277
278
279
280
281
282
283
284
285
286
287
288
289
290
291
292
293
294
295
296
297
298
299
300
301
302
303
304
305
306
307
308
309
310
311
312
313
314
315
316
317
318
319
320
321
322
323
324
325
326
327
328
329
330
331
332
333
334
335
336
337
338
339
340
341
342
343
344
345
346
347
348
349
350
351
352
353
354
355
356
357
358
359
360
361
362
363
364
365
366
367
368
369
370
371
372
373
374
375
376
377
Assigned Classwise weights to source
S painting T real Train Ep: 9000 lr0.006179236241810624 	 Loss Classification: 0.485655 Loss T 0.038443 Method MME

24
24
24
24
24
24
24
24
24
24
24
24
24
24
24
24
tensor(1134.)

Labeled Target set: Average loss: 0.1984, Accuracy: 1084/1134 F1 (95.5908%)


Test set: Average loss: 1.3475, Accuracy: 51635/69960 F1 (73.8065%)


Val set: Average loss: 1.4916, Accuracy: 261/360 F1 (72.5000%)

best acc test 73.806461  acc val 72.500000 acc labeled target 95.590829
saving model...
S painting T real Train Ep: 9100 lr0.006154956310818535 	 Loss Classification: 0.577840 Loss T 0.059068 Method MME

S painting T real Train Ep: 9200 lr0.0061308978257973165 	 Loss Classification: 0.097765 Loss T 0.036471 Method MME

S painting T real Train Ep: 9300 lr0.0061070576293771285 	 Loss Classification: 0.442558 Loss T 0.029014 Method MME

S painting T real Train Ep: 9400 lr0.006083432625259276 	 Loss Classification: 0.315529 Loss T 0.040527 Method MME

S painting T real Train Ep: 9500 lr0.006060019776727621 	 Loss Classification: 0.739391 Loss T 0.038625 Method MME

24
24
24
24
24
24
24
24
24
24
24
24
24
24
24
24
tensor(1134.)

Labeled Target set: Average loss: 0.0876, Accuracy: 1105/1134 F1 (97.4427%)


Test set: Average loss: 1.0901, Accuracy: 55236/69960 F1 (78.9537%)


Val set: Average loss: 1.3211, Accuracy: 265/360 F1 (73.6111%)

best acc test 78.953688  acc val 73.611111 acc labeled target 97.442681
saving model...
S painting T real Train Ep: 9600 lr0.00603681610520369 	 Loss Classification: 0.407625 Loss T 0.027207 Method MME

S painting T real Train Ep: 9700 lr0.0060138186888439825 	 Loss Classification: 0.199353 Loss T 0.038008 Method MME

S painting T real Train Ep: 9800 lr0.005991024661178045 	 Loss Classification: 0.327822 Loss T 0.041110 Method MME

S painting T real Train Ep: 9900 lr0.0059684312097859115 	 Loss Classification: 0.810919 Loss T 0.041709 Method MME

