Dataset multi Target sketch Network resnet34 Num per class 3
126 classes in this dataset
THCudaCheck FAIL file=/opt/conda/conda-bld/pytorch_1535493744281/work/aten/src/THC/THCGeneral.cpp line=663 error=11 : invalid argument
T sketch Ep: 0 lr0.01 	 Loss Class: 5.116399 RotLab: 1.5177727937698364 Ent: 0.47050008177757263 RotUnl: 1.808092713356018 

T sketch Ep: 100 lr0.009925650290240803 	 Loss Class: 0.639821 RotLab: 0.8341125845909119 Ent: 0.3394731283187866 RotUnl: 1.1161311864852905 

T sketch Ep: 200 lr0.009852577760521605 	 Loss Class: 0.215185 RotLab: 0.40272772312164307 Ent: 0.27505579590797424 RotUnl: 0.7464630007743835 

T sketch Ep: 300 lr0.009780748269686728 	 Loss Class: 0.073140 RotLab: 0.15761040151119232 Ent: 0.2745766341686249 RotUnl: 0.7216624617576599 

T sketch Ep: 400 lr0.009710128909124701 	 Loss Class: 0.071588 RotLab: 0.22391939163208008 Ent: 0.26303598284721375 RotUnl: 0.7520613670349121 

T sketch Ep: 500 lr0.00964068794694323 	 Loss Class: 0.042970 RotLab: 0.12056171149015427 Ent: 0.24533505737781525 RotUnl: 0.7886645197868347 

\Target: Average loss: 3.9329, Accuracy: 5375/23808 F1 (22%)

\Rotation: Average loss: 0.7490, Accuracy: 17020/23808 F1 (71%)

best acc class 22.576445
record record/multi/net_resnet34_sketch
saving model
T sketch Ep: 600 lr0.00957239477517603 	 Loss Class: 0.052656 RotLab: 0.2182660549879074 Ent: 0.22714348137378693 RotUnl: 0.8452957272529602 

T sketch Ep: 700 lr0.009505219859830012 	 Loss Class: 0.055682 RotLab: 0.15646862983703613 Ent: 0.2687503397464752 RotUnl: 0.6371569037437439 

T sketch Ep: 800 lr0.009439134693595126 	 Loss Class: 0.048445 RotLab: 0.09679675847291946 Ent: 0.25597503781318665 RotUnl: 0.74760502576828 

T sketch Ep: 900 lr0.009374111751051751 	 Loss Class: 0.025651 RotLab: 0.09338391572237015 Ent: 0.2692917585372925 RotUnl: 1.065982699394226 

T sketch Ep: 1000 lr0.009310124446222227 	 Loss Class: 0.061114 RotLab: 0.11127850413322449 Ent: 0.24827146530151367 RotUnl: 0.6949829459190369 

\Target: Average loss: 3.9446, Accuracy: 5445/23808 F1 (22%)

\Rotation: Average loss: 0.5919, Accuracy: 18295/23808 F1 (76%)

best acc class 22.870464
record record/multi/net_resnet34_sketch
saving model
T sketch Ep: 1100 lr0.00924714709232377 	 Loss Class: 0.066906 RotLab: 0.030886748805642128 Ent: 0.24789901077747345 RotUnl: 0.6753354072570801 

T sketch Ep: 1200 lr0.009185154863590003 	 Loss Class: 0.049289 RotLab: 0.05587460473179817 Ent: 0.2699389159679413 RotUnl: 0.668943464756012 

T sketch Ep: 1300 lr0.00912412375903735 	 Loss Class: 0.038488 RotLab: 0.010841697454452515 Ent: 0.2747426927089691 RotUnl: 0.7282636761665344 

T sketch Ep: 1400 lr0.009064030568061049 	 Loss Class: 0.057338 RotLab: 0.13546743988990784 Ent: 0.27698349952697754 RotUnl: 0.8032172322273254 

T sketch Ep: 1500 lr0.009004852837753237 	 Loss Class: 0.050943 RotLab: 0.0543963797390461 Ent: 0.3073582351207733 RotUnl: 0.5734555125236511 

\Target: Average loss: 3.9497, Accuracy: 5614/23808 F1 (23%)

\Rotation: Average loss: 0.5054, Accuracy: 18992/23808 F1 (79%)

best acc class 23.580309
record record/multi/net_resnet34_sketch
saving model
T sketch Ep: 1600 lr0.008946568841842816 	 Loss Class: 0.035038 RotLab: 0.04407348111271858 Ent: 0.272935688495636 RotUnl: 0.42791712284088135 

T sketch Ep: 1700 lr0.008889157551163433 	 Loss Class: 0.048728 RotLab: 0.011337041854858398 Ent: 0.29474958777427673 RotUnl: 0.619794487953186 

T sketch Ep: 1800 lr0.008832598605562044 	 Loss Class: 0.039543 RotLab: 0.11623290926218033 Ent: 0.2842230498790741 RotUnl: 0.44086694717407227 

T sketch Ep: 1900 lr0.008776872287166303 	 Loss Class: 0.042503 RotLab: 0.012468039989471436 Ent: 0.26744526624679565 RotUnl: 0.5861919522285461 

T sketch Ep: 2000 lr0.008721959494934213 	 Loss Class: 0.049749 RotLab: 0.011046439409255981 Ent: 0.26977109909057617 RotUnl: 0.5218040943145752 

\Target: Average loss: 4.0007, Accuracy: 5689/23808 F1 (23%)

\Rotation: Average loss: 0.4586, Accuracy: 19625/23808 F1 (82%)

best acc class 23.895329
record record/multi/net_resnet34_sketch
saving model
T sketch Ep: 2100 lr0.008667841720414475 	 Loss Class: 0.033717 RotLab: 0.06161656603217125 Ent: 0.28313514590263367 RotUnl: 0.26980140805244446 

T sketch Ep: 2200 lr0.008614501024650454 	 Loss Class: 0.058699 RotLab: 0.06095041707158089 Ent: 0.28943201899528503 RotUnl: 0.6538916230201721 

T sketch Ep: 2300 lr0.008561920016164943 	 Loss Class: 0.053595 RotLab: 0.08013376593589783 Ent: 0.310366690158844 RotUnl: 0.42408812046051025 

T sketch Ep: 2400 lr0.008510081829966844 	 Loss Class: 0.039152 RotLab: 0.018835872411727905 Ent: 0.2843279540538788 RotUnl: 0.3167519271373749 

T sketch Ep: 2500 lr0.008458970107524513 	 Loss Class: 0.036120 RotLab: 0.027324477210640907 Ent: 0.2939908802509308 RotUnl: 0.34474965929985046 

\Target: Average loss: 3.9964, Accuracy: 5682/23808 F1 (23%)

\Rotation: Average loss: 0.4375, Accuracy: 19750/23808 F1 (82%)

best acc class 23.895329
record record/multi/net_resnet34_sketch
saving model
T sketch Ep: 2600 lr0.008408568977653933 	 Loss Class: 0.042168 RotLab: 0.06359934061765671 Ent: 0.29973289370536804 RotUnl: 0.9773387312889099 

T sketch Ep: 2700 lr0.00835886303827305 	 Loss Class: 0.037238 RotLab: 0.013381282798945904 Ent: 0.2972509562969208 RotUnl: 0.5162290930747986 

T sketch Ep: 2800 lr0.008309837338976545 	 Loss Class: 0.040722 RotLab: 0.024681290611624718 Ent: 0.2889786660671234 RotUnl: 0.4259527623653412 

T sketch Ep: 2900 lr0.008261477364388068 	 Loss Class: 0.052469 RotLab: 0.023135384544730186 Ent: 0.29396530985832214 RotUnl: 0.25832056999206543 

T sketch Ep: 3000 lr0.008213769018249545 	 Loss Class: 0.043015 RotLab: 0.02279181219637394 Ent: 0.3078155517578125 RotUnl: 0.4570426046848297 

\Target: Average loss: 4.0378, Accuracy: 5810/23808 F1 (24%)

\Rotation: Average loss: 0.3896, Accuracy: 20212/23808 F1 (84%)

best acc class 24.403562
record record/multi/net_resnet34_sketch
saving model
T sketch Ep: 3100 lr0.008166698608209509 	 Loss Class: 0.049300 RotLab: 0.022524654865264893 Ent: 0.31077346205711365 RotUnl: 0.3062601387500763 

T sketch Ep: 3200 lr0.008120252831274708 	 Loss Class: 0.059835 RotLab: 0.01394665241241455 Ent: 0.2907271087169647 RotUnl: 0.22116728127002716 

T sketch Ep: 3300 lr0.008074418759891278 	 Loss Class: 0.042627 RotLab: 0.022751232609152794 Ent: 0.2956521511077881 RotUnl: 0.5941879749298096 

T sketch Ep: 3400 lr0.008029183828623731 	 Loss Class: 0.029965 RotLab: 0.012574304826557636 Ent: 0.30766695737838745 RotUnl: 0.25000491738319397 

T sketch Ep: 3500 lr0.007984535821401871 	 Loss Class: 0.046698 RotLab: 0.005153477191925049 Ent: 0.2952028214931488 RotUnl: 0.2618213891983032 

\Target: Average loss: 4.0722, Accuracy: 5914/23808 F1 (24%)

\Rotation: Average loss: 0.3370, Accuracy: 20668/23808 F1 (86%)

best acc class 24.840390
record record/multi/net_resnet34_sketch
saving model
T sketch Ep: 3600 lr0.007940462859307384 	 Loss Class: 0.034473 RotLab: 0.005769928451627493 Ent: 0.31388601660728455 RotUnl: 0.2586134970188141 

T sketch Ep: 3700 lr0.007896953388873518 	 Loss Class: 0.033427 RotLab: 0.008857637643814087 Ent: 0.302601158618927 RotUnl: 0.16351285576820374 

T sketch Ep: 3800 lr0.007853996170872714 	 Loss Class: 0.054868 RotLab: 0.010015159845352173 Ent: 0.3224964141845703 RotUnl: 0.22153306007385254 

T sketch Ep: 3900 lr0.00781158026956848 	 Loss Class: 0.045992 RotLab: 0.010690917260944843 Ent: 0.3160266578197479 RotUnl: 0.6868867874145508 

T sketch Ep: 4000 lr0.007769695042409123 	 Loss Class: 0.052853 RotLab: 0.018782595172524452 Ent: 0.2975030541419983 RotUnl: 0.4458765983581543 

\Target: Average loss: 4.0980, Accuracy: 5929/23808 F1 (24%)

\Rotation: Average loss: 0.3048, Accuracy: 21000/23808 F1 (88%)

best acc class 24.903394
record record/multi/net_resnet34_sketch
saving model
T sketch Ep: 4100 lr0.007728330130142108 	 Loss Class: 0.038293 RotLab: 0.045184243470430374 Ent: 0.3092874586582184 RotUnl: 0.3026333153247833 

T sketch Ep: 4200 lr0.007687475447329114 	 Loss Class: 0.054912 RotLab: 0.009731967933475971 Ent: 0.31098586320877075 RotUnl: 0.3051674962043762 

T sketch Ep: 4300 lr0.0076471211732427845 	 Loss Class: 0.041203 RotLab: 0.007025281433016062 Ent: 0.33471059799194336 RotUnl: 0.49777743220329285 

T sketch Ep: 4400 lr0.007607257743127307 	 Loss Class: 0.049100 RotLab: 0.003065387485548854 Ent: 0.2862496078014374 RotUnl: 0.20491158962249756 

T sketch Ep: 4500 lr0.007567875839805858 	 Loss Class: 0.046830 RotLab: 0.009613503701984882 Ent: 0.31436973810195923 RotUnl: 0.35384905338287354 

\Target: Average loss: 4.1207, Accuracy: 5963/23808 F1 (25%)

\Rotation: Average loss: 0.2921, Accuracy: 21119/23808 F1 (88%)

best acc class 25.046203
record record/multi/net_resnet34_sketch
saving model
T sketch Ep: 4600 lr0.007528966385618854 	 Loss Class: 0.030119 RotLab: 0.016627848148345947 Ent: 0.30829063057899475 RotUnl: 0.4844009578227997 

T sketch Ep: 4700 lr0.007490520534677821 	 Loss Class: 0.060541 RotLab: 0.006307502742856741 Ent: 0.3075113892555237 RotUnl: 0.30044013261795044 

T sketch Ep: 4800 lr0.007452529665420465 	 Loss Class: 0.040480 RotLab: 0.010578572750091553 Ent: 0.32990261912345886 RotUnl: 0.3377842605113983 

T sketch Ep: 4900 lr0.007414985373453289 	 Loss Class: 0.045479 RotLab: 0.00353308510966599 Ent: 0.3331904411315918 RotUnl: 0.2928816080093384 

T sketch Ep: 5000 lr0.007377879464668811 	 Loss Class: 0.046398 RotLab: 0.0031210780143737793 Ent: 0.2793874740600586 RotUnl: 0.37555941939353943 

\Target: Average loss: 4.1201, Accuracy: 6134/23808 F1 (25%)

\Rotation: Average loss: 0.2638, Accuracy: 21360/23808 F1 (89%)

best acc class 25.764449
record record/multi/net_resnet34_sketch
saving model
T sketch Ep: 5100 lr0.007341203948625087 	 Loss Class: 0.036615 RotLab: 0.0050393142737448215 Ent: 0.3283456861972809 RotUnl: 0.29941922426223755 

T sketch Ep: 5200 lr0.007304951032175895 	 Loss Class: 0.053447 RotLab: 0.04488903284072876 Ent: 0.29829880595207214 RotUnl: 0.30754029750823975 

T sketch Ep: 5300 lr0.007269113113340497 	 Loss Class: 0.056586 RotLab: 0.014713674783706665 Ent: 0.3033387362957001 RotUnl: 0.2375919073820114 

T sketch Ep: 5400 lr0.007233682775402483 	 Loss Class: 0.049711 RotLab: 0.0025950472336262465 Ent: 0.30431222915649414 RotUnl: 0.18553870916366577 

T sketch Ep: 5500 lr0.007198652781227704 	 Loss Class: 0.056639 RotLab: 0.0026228625793009996 Ent: 0.28468355536460876 RotUnl: 0.1021224856376648 

\Target: Average loss: 4.1273, Accuracy: 6087/23808 F1 (25%)

\Rotation: Average loss: 0.2466, Accuracy: 21552/23808 F1 (90%)

best acc class 25.764449
record record/multi/net_resnet34_sketch
saving model
T sketch Ep: 5600 lr0.007164016067791809 	 Loss Class: 0.026597 RotLab: 0.0026691555976867676 Ent: 0.3153395354747772 RotUnl: 0.09398367255926132 

T sketch Ep: 5700 lr0.0071297657409083726 	 Loss Class: 0.042480 RotLab: 0.0022436976432800293 Ent: 0.3130694329738617 RotUnl: 0.25849494338035583 

T sketch Ep: 5800 lr0.0070958950701490225 	 Loss Class: 0.047735 RotLab: 0.0017596682300791144 Ent: 0.2846505045890808 RotUnl: 0.2033538669347763 

T sketch Ep: 5900 lr0.007062397483947426 	 Loss Class: 0.037589 RotLab: 0.0027775962371379137 Ent: 0.3002469837665558 RotUnl: 0.368514746427536 

T sketch Ep: 6000 lr0.007029266564879363 	 Loss Class: 0.052503 RotLab: 0.0013206800213083625 Ent: 0.3079005181789398 RotUnl: 0.1721128672361374 

\Target: Average loss: 4.1398, Accuracy: 6212/23808 F1 (26%)

\Rotation: Average loss: 0.2258, Accuracy: 21722/23808 F1 (91%)

best acc class 26.092070
record record/multi/net_resnet34_sketch
saving model
T sketch Ep: 6100 lr0.006996496045111504 	 Loss Class: 0.033365 RotLab: 0.00933114718645811 Ent: 0.30217939615249634 RotUnl: 0.4133734405040741 

T sketch Ep: 6200 lr0.00696407980201184 	 Loss Class: 0.050807 RotLab: 0.02011626958847046 Ent: 0.3171030580997467 RotUnl: 0.3261411190032959 

T sketch Ep: 6300 lr0.006932011853915101 	 Loss Class: 0.043589 RotLab: 0.008248478174209595 Ent: 0.2920939326286316 RotUnl: 0.3303256332874298 

T sketch Ep: 6400 lr0.006900286356036734 	 Loss Class: 0.061999 RotLab: 0.0017964839935302734 Ent: 0.31253504753112793 RotUnl: 0.2978452146053314 

T sketch Ep: 6500 lr0.006868897596529406 	 Loss Class: 0.039796 RotLab: 0.0011934638023376465 Ent: 0.2854374349117279 RotUnl: 0.206612229347229 

\Target: Average loss: 4.1454, Accuracy: 6228/23808 F1 (26%)

\Rotation: Average loss: 0.2086, Accuracy: 21903/23808 F1 (91%)

best acc class 26.159274
record record/multi/net_resnet34_sketch
saving model
T sketch Ep: 6600 lr0.006837839992676177 	 Loss Class: 0.046012 RotLab: 0.003129939315840602 Ent: 0.2975684106349945 RotUnl: 0.3273512125015259 

T sketch Ep: 6700 lr0.006807108087214876 	 Loss Class: 0.031005 RotLab: 0.002260665176436305 Ent: 0.30648574233055115 RotUnl: 0.466215044260025 

T sketch Ep: 6800 lr0.006776696544788352 	 Loss Class: 0.044864 RotLab: 0.004674265626817942 Ent: 0.32276591658592224 RotUnl: 0.32327643036842346 

T sketch Ep: 6900 lr0.006746600148515609 	 Loss Class: 0.050589 RotLab: 0.014123141765594482 Ent: 0.3321891725063324 RotUnl: 0.22438450157642365 

T sketch Ep: 7000 lr0.006716813796678979 	 Loss Class: 0.035470 RotLab: 0.0013515552273020148 Ent: 0.3149569630622864 RotUnl: 0.21959562599658966 

\Target: Average loss: 4.1342, Accuracy: 6270/23808 F1 (26%)

\Rotation: Average loss: 0.2150, Accuracy: 21875/23808 F1 (91%)

best acc class 26.335685
record record/multi/net_resnet34_sketch
saving model
T sketch Ep: 7100 lr0.006687332499522798 	 Loss Class: 0.040042 RotLab: 0.007044970989227295 Ent: 0.3176162838935852 RotUnl: 0.26564785838127136 

T sketch Ep: 7200 lr0.006658151376159165 	 Loss Class: 0.031916 RotLab: 0.001897235750220716 Ent: 0.3098619878292084 RotUnl: 0.19354216754436493 

T sketch Ep: 7300 lr0.00662926565157663 	 Loss Class: 0.034537 RotLab: 0.0018501082668080926 Ent: 0.31684643030166626 RotUnl: 0.12490519136190414 

T sketch Ep: 7400 lr0.006600670653747793 	 Loss Class: 0.074414 RotLab: 0.007666518446058035 Ent: 0.3176930248737335 RotUnl: 0.3805890381336212 

T sketch Ep: 7500 lr0.0065723618108320175 	 Loss Class: 0.038857 RotLab: 0.008542269468307495 Ent: 0.2879675030708313 RotUnl: 0.3852784335613251 

\Target: Average loss: 4.1785, Accuracy: 6328/23808 F1 (26%)

\Rotation: Average loss: 0.1895, Accuracy: 22101/23808 F1 (92%)

best acc class 26.579301
record record/multi/net_resnet34_sketch
saving model
T sketch Ep: 7600 lr0.006544334648469591 	 Loss Class: 0.049130 RotLab: 0.001335104345344007 Ent: 0.33250370621681213 RotUnl: 0.12247312068939209 

T sketch Ep: 7700 lr0.006516584787163857 	 Loss Class: 0.050756 RotLab: 0.0006714661722071469 Ent: 0.3010300397872925 RotUnl: 0.3860236704349518 

T sketch Ep: 7800 lr0.006489107939747966 	 Loss Class: 0.060892 RotLab: 0.002113739727064967 Ent: 0.32759639620780945 RotUnl: 0.09392309188842773 

T sketch Ep: 7900 lr0.0064618999089330565 	 Loss Class: 0.054170 RotLab: 0.015644609928131104 Ent: 0.30891045928001404 RotUnl: 0.18315334618091583 

T sketch Ep: 8000 lr0.006434956584934828 	 Loss Class: 0.027796 RotLab: 0.010726611129939556 Ent: 0.32303333282470703 RotUnl: 0.1001165509223938 

\Target: Average loss: 4.2015, Accuracy: 6253/23808 F1 (26%)

\Rotation: Average loss: 0.1851, Accuracy: 22105/23808 F1 (92%)

best acc class 26.579301
record record/multi/net_resnet34_sketch
saving model
T sketch Ep: 8100 lr0.006408273943175546 	 Loss Class: 0.037636 RotLab: 0.028741255402565002 Ent: 0.3160133957862854 RotUnl: 0.2362392395734787 

T sketch Ep: 8200 lr0.006381848042058713 	 Loss Class: 0.044913 RotLab: 0.002751509426161647 Ent: 0.29064851999282837 RotUnl: 0.20865456759929657 

T sketch Ep: 8300 lr0.0063556750208137005 	 Loss Class: 0.059569 RotLab: 0.0010113319149240851 Ent: 0.30229929089546204 RotUnl: 0.18569445610046387 

T sketch Ep: 8400 lr0.006329751097407787 	 Loss Class: 0.036210 RotLab: 0.0015363693237304688 Ent: 0.3227176368236542 RotUnl: 0.1934068351984024 

T sketch Ep: 8500 lr0.0063040725665231365 	 Loss Class: 0.053156 RotLab: 0.0019408067455515265 Ent: 0.2831178605556488 RotUnl: 0.15920840203762054 

\Target: Average loss: 4.1667, Accuracy: 6329/23808 F1 (26%)

\Rotation: Average loss: 0.1721, Accuracy: 22238/23808 F1 (93%)

best acc class 26.583501
record record/multi/net_resnet34_sketch
saving model
T sketch Ep: 8600 lr0.006278635797596355 	 Loss Class: 0.048770 RotLab: 0.0014044642448425293 Ent: 0.2907063364982605 RotUnl: 0.4221184551715851 

T sketch Ep: 8700 lr0.006253437232918371 	 Loss Class: 0.032916 RotLab: 0.0014771422138437629 Ent: 0.3105919659137726 RotUnl: 0.10800144821405411 

T sketch Ep: 8800 lr0.0062284733857924735 	 Loss Class: 0.037192 RotLab: 0.0006056030397303402 Ent: 0.28184381127357483 RotUnl: 0.09758377075195312 

T sketch Ep: 8900 lr0.006203740838748417 	 Loss Class: 0.061994 RotLab: 0.0011161366710439324 Ent: 0.3050157129764557 RotUnl: 0.35099467635154724 

T sketch Ep: 9000 lr0.006179236241810624 	 Loss Class: 0.049476 RotLab: 0.0021110177040100098 Ent: 0.2979850471019745 RotUnl: 0.3003963530063629 

\Target: Average loss: 4.1908, Accuracy: 6390/23808 F1 (26%)

\Rotation: Average loss: 0.1591, Accuracy: 22377/23808 F1 (93%)

best acc class 26.839718
record record/multi/net_resnet34_sketch
saving model
T sketch Ep: 9100 lr0.006154956310818535 	 Loss Class: 0.053873 RotLab: 0.003391822101548314 Ent: 0.2948639392852783 RotUnl: 0.1514183133840561 

T sketch Ep: 9200 lr0.0061308978257973165 	 Loss Class: 0.058845 RotLab: 0.008472482673823833 Ent: 0.3281872868537903 RotUnl: 0.13140958547592163 

T sketch Ep: 9300 lr0.0061070576293771285 	 Loss Class: 0.041761 RotLab: 0.0067310333251953125 Ent: 0.32956448197364807 RotUnl: 0.380764365196228 

T sketch Ep: 9400 lr0.006083432625259276 	 Loss Class: 0.049613 RotLab: 0.0014096101513132453 Ent: 0.3102997839450836 RotUnl: 0.14547738432884216 

T sketch Ep: 9500 lr0.006060019776727621 	 Loss Class: 0.043435 RotLab: 0.032630324363708496 Ent: 0.24727597832679749 RotUnl: 0.14792446792125702 

\Target: Average loss: 4.2138, Accuracy: 6455/23808 F1 (27%)

\Rotation: Average loss: 0.1519, Accuracy: 22456/23808 F1 (94%)

best acc class 27.112735
record record/multi/net_resnet34_sketch
saving model
T sketch Ep: 9600 lr0.00603681610520369 	 Loss Class: 0.049229 RotLab: 0.0013578931102529168 Ent: 0.2942197024822235 RotUnl: 0.18145787715911865 

T sketch Ep: 9700 lr0.0060138186888439825 	 Loss Class: 0.050078 RotLab: 0.0005724231596104801 Ent: 0.30060163140296936 RotUnl: 0.17432816326618195 

T sketch Ep: 9800 lr0.005991024661178045 	 Loss Class: 0.043664 RotLab: 0.008731265552341938 Ent: 0.30712535977363586 RotUnl: 0.08063697069883347 

T sketch Ep: 9900 lr0.0059684312097859115 	 Loss Class: 0.047718 RotLab: 0.000674903392791748 Ent: 0.3194621503353119 RotUnl: 0.1579868644475937 

T sketch Ep: 10000 lr0.005946035575013605 	 Loss Class: 0.062948 RotLab: 0.0025599400978535414 Ent: 0.29774603247642517 RotUnl: 0.2323509007692337 

\Target: Average loss: 4.2057, Accuracy: 6554/23808 F1 (27%)

\Rotation: Average loss: 0.1520, Accuracy: 22473/23808 F1 (94%)

best acc class 27.528562
record record/multi/net_resnet34_sketch
saving model
T sketch Ep: 10100 lr0.005923835048725393 	 Loss Class: 0.056650 RotLab: 0.000549614429473877 Ent: 0.28064271807670593 RotUnl: 0.12809138000011444 

T sketch Ep: 10200 lr0.005901826973091593 	 Loss Class: 0.047596 RotLab: 0.0008521080017089844 Ent: 0.2823363244533539 RotUnl: 0.10398157685995102 

T sketch Ep: 10300 lr0.005880008739410735 	 Loss Class: 0.056111 RotLab: 0.0017505288124084473 Ent: 0.2926533818244934 RotUnl: 0.10721153765916824 

T sketch Ep: 10400 lr0.005858377786964935 	 Loss Class: 0.038225 RotLab: 0.002354393480345607 Ent: 0.3113548457622528 RotUnl: 0.22565722465515137 

T sketch Ep: 10500 lr0.005836931601907399 	 Loss Class: 0.046856 RotLab: 0.0011791586875915527 Ent: 0.2799525856971741 RotUnl: 0.2441416233778 

\Target: Average loss: 4.2131, Accuracy: 6570/23808 F1 (27%)

\Rotation: Average loss: 0.1372, Accuracy: 22610/23808 F1 (94%)

best acc class 27.595766
record record/multi/net_resnet34_sketch
saving model
T sketch Ep: 10600 lr0.005815667716181004 	 Loss Class: 0.052322 RotLab: 0.0013816356658935547 Ent: 0.28361019492149353 RotUnl: 0.053187187761068344 

T sketch Ep: 10700 lr0.005794583706466925 	 Loss Class: 0.035853 RotLab: 0.0017567276954650879 Ent: 0.2535816431045532 RotUnl: 0.19239430129528046 

T sketch Ep: 10800 lr0.005773677193162352 	 Loss Class: 0.037255 RotLab: 0.001340846181847155 Ent: 0.2881358861923218 RotUnl: 0.249658465385437 

T sketch Ep: 10900 lr0.005752945839386346 	 Loss Class: 0.065746 RotLab: 0.0008161465520970523 Ent: 0.28141582012176514 RotUnl: 0.23571379482746124 

T sketch Ep: 11000 lr0.005732387350012933 	 Loss Class: 0.044908 RotLab: 0.003650267841294408 Ent: 0.29795536398887634 RotUnl: 0.03520788252353668 

\Target: Average loss: 4.2351, Accuracy: 6519/23808 F1 (27%)

\Rotation: Average loss: 0.1268, Accuracy: 22705/23808 F1 (95%)

best acc class 27.595766
record record/multi/net_resnet34_sketch
saving model
