Dataset multi Source real Target sketch Labeled num perclass 3 Network resnet34
126 classes in this dataset
Unlabelled Target Dataset Size:  23826
Labelled Target Dataset Size:  378
Bank keys - Target:  dict_keys(['feat_vec', 'labels', 'names', 'domain_identifier']) Source:  dict_keys(['feat_vec', 'labels', 'names', 'domain_identifier'])
Num  - Target:  23826 Source:  70358
S real T sketch Train Ep: 0 lr0.01 	 Loss Classification: 5.165833 Loss T 0.471628 Method MME


Labeled Target set: Average loss: 4.9814, Accuracy: 13/1080 F1 (1.2037%)


Test set: Average loss: 4.9089, Accuracy: 336/23808 F1 (1.4113%)


Val set: Average loss: 4.9348, Accuracy: 5/360 F1 (1.3889%)

best acc test 1.411290  acc val 1.388889 acc labeled target 1.203704
saving model...
S real T sketch Train Ep: 100 lr0.009925650290240803 	 Loss Classification: 1.294744 Loss T 0.292400 Method MME

S real T sketch Train Ep: 200 lr0.009852577760521605 	 Loss Classification: 1.539082 Loss T 0.247126 Method MME

S real T sketch Train Ep: 300 lr0.009780748269686728 	 Loss Classification: 0.684247 Loss T 0.201367 Method MME

S real T sketch Train Ep: 400 lr0.009710128909124701 	 Loss Classification: 1.230398 Loss T 0.131410 Method MME

S real T sketch Train Ep: 500 lr0.00964068794694323 	 Loss Classification: 0.556213 Loss T 0.182751 Method MME


Labeled Target set: Average loss: 2.6049, Accuracy: 472/1080 F1 (43.7037%)


Test set: Average loss: 2.5361, Accuracy: 11042/23808 F1 (46.3794%)


Val set: Average loss: 2.4140, Accuracy: 176/360 F1 (48.8889%)

best acc test 46.379368  acc val 48.888889 acc labeled target 43.703704
saving model...
S real T sketch Train Ep: 600 lr0.00957239477517603 	 Loss Classification: 1.211640 Loss T 0.140171 Method MME

S real T sketch Train Ep: 700 lr0.009505219859830012 	 Loss Classification: 1.045836 Loss T 0.173026 Method MME

S real T sketch Train Ep: 800 lr0.009439134693595126 	 Loss Classification: 1.026114 Loss T 0.140022 Method MME

S real T sketch Train Ep: 900 lr0.009374111751051751 	 Loss Classification: 0.830209 Loss T 0.157248 Method MME

S real T sketch Train Ep: 1000 lr0.009310124446222227 	 Loss Classification: 1.090672 Loss T 0.151131 Method MME


Labeled Target set: Average loss: 2.5192, Accuracy: 500/1080 F1 (46.2963%)


Test set: Average loss: 2.4497, Accuracy: 11873/23808 F1 (49.8698%)


Val set: Average loss: 2.3453, Accuracy: 186/360 F1 (51.6667%)

best acc test 49.869792  acc val 51.666667 acc labeled target 46.296296
saving model...
S real T sketch Train Ep: 1100 lr0.00924714709232377 	 Loss Classification: 0.744185 Loss T 0.141631 Method MME

S real T sketch Train Ep: 1200 lr0.009185154863590003 	 Loss Classification: 0.857979 Loss T 0.134341 Method MME

S real T sketch Train Ep: 1300 lr0.00912412375903735 	 Loss Classification: 1.421174 Loss T 0.142687 Method MME

S real T sketch Train Ep: 1400 lr0.009064030568061049 	 Loss Classification: 0.886208 Loss T 0.125879 Method MME

S real T sketch Train Ep: 1500 lr0.009004852837753237 	 Loss Classification: 0.942242 Loss T 0.126879 Method MME


Labeled Target set: Average loss: 2.2722, Accuracy: 562/1080 F1 (52.0370%)


Test set: Average loss: 2.4075, Accuracy: 12452/23808 F1 (52.3017%)


Val set: Average loss: 2.2465, Accuracy: 195/360 F1 (54.1667%)

best acc test 52.301747  acc val 54.166667 acc labeled target 52.037037
saving model...
S real T sketch Train Ep: 1600 lr0.008946568841842816 	 Loss Classification: 1.199720 Loss T 0.154127 Method MME

S real T sketch Train Ep: 1700 lr0.008889157551163433 	 Loss Classification: 0.601673 Loss T 0.141276 Method MME

S real T sketch Train Ep: 1800 lr0.008832598605562044 	 Loss Classification: 1.006080 Loss T 0.120690 Method MME

S real T sketch Train Ep: 1900 lr0.008776872287166303 	 Loss Classification: 0.396341 Loss T 0.133302 Method MME

S real T sketch Train Ep: 2000 lr0.008721959494934213 	 Loss Classification: 1.132131 Loss T 0.120148 Method MME


Labeled Target set: Average loss: 2.2064, Accuracy: 576/1080 F1 (53.3333%)


Test set: Average loss: 2.2068, Accuracy: 13291/23808 F1 (55.8258%)


Val set: Average loss: 2.1922, Accuracy: 198/360 F1 (55.0000%)

best acc test 55.825773  acc val 55.000000 acc labeled target 53.333333
saving model...
S real T sketch Train Ep: 2100 lr0.008667841720414475 	 Loss Classification: 0.974839 Loss T 0.119534 Method MME

S real T sketch Train Ep: 2200 lr0.008614501024650454 	 Loss Classification: 0.483803 Loss T 0.103639 Method MME

S real T sketch Train Ep: 2300 lr0.008561920016164943 	 Loss Classification: 1.055453 Loss T 0.118268 Method MME

S real T sketch Train Ep: 2400 lr0.008510081829966844 	 Loss Classification: 0.960413 Loss T 0.102188 Method MME

S real T sketch Train Ep: 2500 lr0.008458970107524513 	 Loss Classification: 0.556206 Loss T 0.113356 Method MME


Labeled Target set: Average loss: 2.3395, Accuracy: 555/1080 F1 (51.3889%)


Test set: Average loss: 2.2320, Accuracy: 13363/23808 F1 (56.1282%)


Val set: Average loss: 2.0815, Accuracy: 198/360 F1 (55.0000%)

best acc test 56.128192  acc val 55.000000 acc labeled target 51.388889
saving model...
S real T sketch Train Ep: 2600 lr0.008408568977653933 	 Loss Classification: 1.199153 Loss T 0.098540 Method MME

S real T sketch Train Ep: 2700 lr0.00835886303827305 	 Loss Classification: 0.765496 Loss T 0.089422 Method MME

S real T sketch Train Ep: 2800 lr0.008309837338976545 	 Loss Classification: 1.084426 Loss T 0.121892 Method MME

S real T sketch Train Ep: 2900 lr0.008261477364388068 	 Loss Classification: 0.757058 Loss T 0.097834 Method MME

S real T sketch Train Ep: 3000 lr0.008213769018249545 	 Loss Classification: 1.078061 Loss T 0.116085 Method MME


Labeled Target set: Average loss: 2.1909, Accuracy: 609/1080 F1 (56.3889%)


Test set: Average loss: 2.1269, Accuracy: 13993/23808 F1 (58.7744%)


Val set: Average loss: 2.0039, Accuracy: 206/360 F1 (57.2222%)

best acc test 58.774362  acc val 57.222222 acc labeled target 56.388889
saving model...
S real T sketch Train Ep: 3100 lr0.008166698608209509 	 Loss Classification: 0.757846 Loss T 0.098734 Method MME

S real T sketch Train Ep: 3200 lr0.008120252831274708 	 Loss Classification: 1.128874 Loss T 0.098643 Method MME

S real T sketch Train Ep: 3300 lr0.008074418759891278 	 Loss Classification: 1.084917 Loss T 0.103303 Method MME

S real T sketch Train Ep: 3400 lr0.008029183828623731 	 Loss Classification: 0.841771 Loss T 0.094635 Method MME

torch.Size([70358, 24])
S real T sketch Train Ep: 3500 lr0.007984535821401871 	 Loss Classification: 10.131896 Loss T 0.097982 Method MME


Labeled Target set: Average loss: 2.1808, Accuracy: 610/1080 F1 (56.4815%)


Test set: Average loss: 2.1776, Accuracy: 14006/23808 F1 (58.8290%)


Val set: Average loss: 1.8907, Accuracy: 218/360 F1 (60.5556%)

best acc test 58.828965  acc val 60.555556 acc labeled target 56.481481
saving model...
torch.Size([70358, 24])
torch.Size([70358, 24])
torch.Size([70358, 24])
torch.Size([70358, 24])
torch.Size([70358, 24])
torch.Size([70358, 24])
torch.Size([70358, 24])
torch.Size([70358, 24])
torch.Size([70358, 24])
torch.Size([70358, 24])
torch.Size([70358, 24])
torch.Size([70358, 24])
torch.Size([70358, 24])
torch.Size([70358, 24])
torch.Size([70358, 24])
torch.Size([70358, 24])
torch.Size([70358, 24])
torch.Size([70358, 24])
torch.Size([70358, 24])
torch.Size([70358, 24])
torch.Size([70358, 24])
torch.Size([70358, 24])
torch.Size([70358, 24])
torch.Size([70358, 24])
torch.Size([70358, 24])
torch.Size([70358, 24])
torch.Size([70358, 24])
torch.Size([70358, 24])
torch.Size([70358, 24])
torch.Size([70358, 24])
torch.Size([70358, 24])
torch.Size([70358, 24])
torch.Size([70358, 24])
torch.Size([70358, 24])
torch.Size([70358, 24])
torch.Size([70358, 24])
torch.Size([70358, 24])
torch.Size([70358, 24])
torch.Size([70358, 24])
torch.Size([70358, 24])
torch.Size([70358, 24])
torch.Size([70358, 24])
torch.Size([70358, 24])
torch.Size([70358, 24])
torch.Size([70358, 24])
torch.Size([70358, 24])
torch.Size([70358, 24])
torch.Size([70358, 24])
torch.Size([70358, 24])
torch.Size([70358, 24])
torch.Size([70358, 24])
torch.Size([70358, 24])
torch.Size([70358, 24])
torch.Size([70358, 24])
torch.Size([70358, 24])
torch.Size([70358, 24])
torch.Size([70358, 24])
torch.Size([70358, 24])
torch.Size([70358, 24])
torch.Size([70358, 24])
torch.Size([70358, 24])
torch.Size([70358, 24])
torch.Size([70358, 24])
torch.Size([70358, 24])
torch.Size([70358, 24])
torch.Size([70358, 24])
torch.Size([70358, 24])
torch.Size([70358, 24])
torch.Size([70358, 24])
torch.Size([70358, 24])
torch.Size([70358, 24])
torch.Size([70358, 24])
torch.Size([70358, 24])
torch.Size([70358, 24])
torch.Size([70358, 24])
torch.Size([70358, 24])
torch.Size([70358, 24])
torch.Size([70358, 24])
torch.Size([70358, 24])
torch.Size([70358, 24])
torch.Size([70358, 24])
torch.Size([70358, 24])
torch.Size([70358, 24])
torch.Size([70358, 24])
torch.Size([70358, 24])
torch.Size([70358, 24])
torch.Size([70358, 24])
torch.Size([70358, 24])
torch.Size([70358, 24])
torch.Size([70358, 24])
torch.Size([70358, 24])
torch.Size([70358, 24])
torch.Size([70358, 24])
torch.Size([70358, 24])
torch.Size([70358, 24])
torch.Size([70358, 24])
torch.Size([70358, 24])
torch.Size([70358, 24])
torch.Size([70358, 24])
torch.Size([70358, 24])
S real T sketch Train Ep: 3600 lr0.007940462859307384 	 Loss Classification: 5.797808 Loss T 0.314131 Method MME

torch.Size([70358, 24])
torch.Size([70358, 24])
torch.Size([70358, 24])
torch.Size([70358, 24])
torch.Size([70358, 24])
torch.Size([70358, 24])
torch.Size([70358, 24])
torch.Size([70358, 24])
torch.Size([70358, 24])
torch.Size([70358, 24])
torch.Size([70358, 24])
torch.Size([70358, 24])
torch.Size([70358, 24])
torch.Size([70358, 24])
torch.Size([70358, 24])
torch.Size([70358, 24])
torch.Size([70358, 24])
torch.Size([70358, 24])
torch.Size([70358, 24])
torch.Size([70358, 24])
torch.Size([70358, 24])
torch.Size([70358, 24])
torch.Size([70358, 24])
torch.Size([70358, 24])
torch.Size([70358, 24])
torch.Size([70358, 24])
torch.Size([70358, 24])
torch.Size([70358, 24])
torch.Size([70358, 24])
torch.Size([70358, 24])
torch.Size([70358, 24])
torch.Size([70358, 24])
torch.Size([70358, 24])
torch.Size([70358, 24])
torch.Size([70358, 24])
torch.Size([70358, 24])
torch.Size([70358, 24])
torch.Size([70358, 24])
torch.Size([70358, 24])
torch.Size([70358, 24])
torch.Size([70358, 24])
torch.Size([70358, 24])
torch.Size([70358, 24])
torch.Size([70358, 24])
torch.Size([70358, 24])
torch.Size([70358, 24])
torch.Size([70358, 24])
torch.Size([70358, 24])
torch.Size([70358, 24])
torch.Size([70358, 24])
torch.Size([70358, 24])
torch.Size([70358, 24])
torch.Size([70358, 24])
torch.Size([70358, 24])
torch.Size([70358, 24])
torch.Size([70358, 24])
torch.Size([70358, 24])
torch.Size([70358, 24])
torch.Size([70358, 24])
torch.Size([70358, 24])
torch.Size([70358, 24])
torch.Size([70358, 24])
torch.Size([70358, 24])
torch.Size([70358, 24])
torch.Size([70358, 24])
torch.Size([70358, 24])
torch.Size([70358, 24])
torch.Size([70358, 24])
torch.Size([70358, 24])
torch.Size([70358, 24])
torch.Size([70358, 24])
torch.Size([70358, 24])
torch.Size([70358, 24])
torch.Size([70358, 24])
torch.Size([70358, 24])
torch.Size([70358, 24])
torch.Size([70358, 24])
torch.Size([70358, 24])
torch.Size([70358, 24])
torch.Size([70358, 24])
torch.Size([70358, 24])
torch.Size([70358, 24])
torch.Size([70358, 24])
torch.Size([70358, 24])
torch.Size([70358, 24])
torch.Size([70358, 24])
torch.Size([70358, 24])
torch.Size([70358, 24])
torch.Size([70358, 24])
torch.Size([70358, 24])
torch.Size([70358, 24])
torch.Size([70358, 24])
torch.Size([70358, 24])
torch.Size([70358, 24])
torch.Size([70358, 24])
torch.Size([70358, 24])
torch.Size([70358, 24])
torch.Size([70358, 24])
torch.Size([70358, 24])
torch.Size([70358, 24])
S real T sketch Train Ep: 3700 lr0.007896953388873518 	 Loss Classification: 6.028637 Loss T 0.362773 Method MME

torch.Size([70358, 24])
torch.Size([70358, 24])
torch.Size([70358, 24])
torch.Size([70358, 24])
torch.Size([70358, 24])
torch.Size([70358, 24])
torch.Size([70358, 24])
torch.Size([70358, 24])
torch.Size([70358, 24])
torch.Size([70358, 24])
torch.Size([70358, 24])
torch.Size([70358, 24])
torch.Size([70358, 24])
torch.Size([70358, 24])
torch.Size([70358, 24])
torch.Size([70358, 24])
torch.Size([70358, 24])
torch.Size([70358, 24])
torch.Size([70358, 24])
torch.Size([70358, 24])
torch.Size([70358, 24])
torch.Size([70358, 24])
torch.Size([70358, 24])
torch.Size([70358, 24])
torch.Size([70358, 24])
torch.Size([70358, 24])
torch.Size([70358, 24])
torch.Size([70358, 24])
torch.Size([70358, 24])
torch.Size([70358, 24])
torch.Size([70358, 24])
torch.Size([70358, 24])
torch.Size([70358, 24])
torch.Size([70358, 24])
torch.Size([70358, 24])
torch.Size([70358, 24])
torch.Size([70358, 24])
torch.Size([70358, 24])
torch.Size([70358, 24])
torch.Size([70358, 24])
torch.Size([70358, 24])
torch.Size([70358, 24])
torch.Size([70358, 24])
torch.Size([70358, 24])
torch.Size([70358, 24])
torch.Size([70358, 24])
torch.Size([70358, 24])
torch.Size([70358, 24])
torch.Size([70358, 24])
torch.Size([70358, 24])
torch.Size([70358, 24])
torch.Size([70358, 24])
torch.Size([70358, 24])
torch.Size([70358, 24])
torch.Size([70358, 24])
torch.Size([70358, 24])
torch.Size([70358, 24])
torch.Size([70358, 24])
torch.Size([70358, 24])
torch.Size([70358, 24])
torch.Size([70358, 24])
torch.Size([70358, 24])
torch.Size([70358, 24])
torch.Size([70358, 24])
torch.Size([70358, 24])
torch.Size([70358, 24])
torch.Size([70358, 24])
torch.Size([70358, 24])
torch.Size([70358, 24])
torch.Size([70358, 24])
torch.Size([70358, 24])
torch.Size([70358, 24])
torch.Size([70358, 24])
torch.Size([70358, 24])
torch.Size([70358, 24])
torch.Size([70358, 24])
torch.Size([70358, 24])
torch.Size([70358, 24])
torch.Size([70358, 24])
torch.Size([70358, 24])
torch.Size([70358, 24])
torch.Size([70358, 24])
torch.Size([70358, 24])
torch.Size([70358, 24])
torch.Size([70358, 24])
torch.Size([70358, 24])
torch.Size([70358, 24])
torch.Size([70358, 24])
torch.Size([70358, 24])
torch.Size([70358, 24])
torch.Size([70358, 24])
torch.Size([70358, 24])
torch.Size([70358, 24])
torch.Size([70358, 24])
torch.Size([70358, 24])
torch.Size([70358, 24])
torch.Size([70358, 24])
torch.Size([70358, 24])
torch.Size([70358, 24])
torch.Size([70358, 24])
S real T sketch Train Ep: 3800 lr0.007853996170872714 	 Loss Classification: 6.380701 Loss T 0.369127 Method MME

torch.Size([70358, 24])
torch.Size([70358, 24])
torch.Size([70358, 24])
torch.Size([70358, 24])
torch.Size([70358, 24])
torch.Size([70358, 24])
torch.Size([70358, 24])
torch.Size([70358, 24])
torch.Size([70358, 24])
torch.Size([70358, 24])
torch.Size([70358, 24])
torch.Size([70358, 24])
torch.Size([70358, 24])
torch.Size([70358, 24])
torch.Size([70358, 24])
torch.Size([70358, 24])
torch.Size([70358, 24])
torch.Size([70358, 24])
torch.Size([70358, 24])
torch.Size([70358, 24])
torch.Size([70358, 24])
torch.Size([70358, 24])
torch.Size([70358, 24])
torch.Size([70358, 24])
torch.Size([70358, 24])
torch.Size([70358, 24])
torch.Size([70358, 24])
torch.Size([70358, 24])
torch.Size([70358, 24])
torch.Size([70358, 24])
torch.Size([70358, 24])
torch.Size([70358, 24])
torch.Size([70358, 24])
torch.Size([70358, 24])
torch.Size([70358, 24])
torch.Size([70358, 24])
torch.Size([70358, 24])
torch.Size([70358, 24])
torch.Size([70358, 24])
torch.Size([70358, 24])
torch.Size([70358, 24])
torch.Size([70358, 24])
torch.Size([70358, 24])
torch.Size([70358, 24])
torch.Size([70358, 24])
torch.Size([70358, 24])
torch.Size([70358, 24])
torch.Size([70358, 24])
torch.Size([70358, 24])
torch.Size([70358, 24])
torch.Size([70358, 24])
torch.Size([70358, 24])
torch.Size([70358, 24])
torch.Size([70358, 24])
torch.Size([70358, 24])
torch.Size([70358, 24])
torch.Size([70358, 24])
torch.Size([70358, 24])
torch.Size([70358, 24])
torch.Size([70358, 24])
torch.Size([70358, 24])
torch.Size([70358, 24])
torch.Size([70358, 24])
torch.Size([70358, 24])
torch.Size([70358, 24])
torch.Size([70358, 24])
torch.Size([70358, 24])
torch.Size([70358, 24])
torch.Size([70358, 24])
torch.Size([70358, 24])
torch.Size([70358, 24])
torch.Size([70358, 24])
torch.Size([70358, 24])
torch.Size([70358, 24])
torch.Size([70358, 24])
torch.Size([70358, 24])
torch.Size([70358, 24])
torch.Size([70358, 24])
torch.Size([70358, 24])
torch.Size([70358, 24])
torch.Size([70358, 24])
torch.Size([70358, 24])
torch.Size([70358, 24])
torch.Size([70358, 24])
torch.Size([70358, 24])
torch.Size([70358, 24])
torch.Size([70358, 24])
torch.Size([70358, 24])
torch.Size([70358, 24])
torch.Size([70358, 24])
torch.Size([70358, 24])
torch.Size([70358, 24])
torch.Size([70358, 24])
torch.Size([70358, 24])
torch.Size([70358, 24])
torch.Size([70358, 24])
torch.Size([70358, 24])
torch.Size([70358, 24])
torch.Size([70358, 24])
torch.Size([70358, 24])
S real T sketch Train Ep: 3900 lr0.00781158026956848 	 Loss Classification: 5.597488 Loss T 0.371332 Method MME

torch.Size([70358, 24])
torch.Size([70358, 24])
torch.Size([70358, 24])
torch.Size([70358, 24])
torch.Size([70358, 24])
torch.Size([70358, 24])
torch.Size([70358, 24])
torch.Size([70358, 24])
torch.Size([70358, 24])
torch.Size([70358, 24])
torch.Size([70358, 24])
torch.Size([70358, 24])
torch.Size([70358, 24])
torch.Size([70358, 24])
torch.Size([70358, 24])
torch.Size([70358, 24])
torch.Size([70358, 24])
torch.Size([70358, 24])
torch.Size([70358, 24])
torch.Size([70358, 24])
torch.Size([70358, 24])
torch.Size([70358, 24])
torch.Size([70358, 24])
torch.Size([70358, 24])
torch.Size([70358, 24])
torch.Size([70358, 24])
torch.Size([70358, 24])
torch.Size([70358, 24])
torch.Size([70358, 24])
torch.Size([70358, 24])
torch.Size([70358, 24])
torch.Size([70358, 24])
torch.Size([70358, 24])
torch.Size([70358, 24])
torch.Size([70358, 24])
torch.Size([70358, 24])
torch.Size([70358, 24])
torch.Size([70358, 24])
torch.Size([70358, 24])
torch.Size([70358, 24])
torch.Size([70358, 24])
torch.Size([70358, 24])
torch.Size([70358, 24])
torch.Size([70358, 24])
torch.Size([70358, 24])
torch.Size([70358, 24])
torch.Size([70358, 24])
torch.Size([70358, 24])
torch.Size([70358, 24])
torch.Size([70358, 24])
torch.Size([70358, 24])
torch.Size([70358, 24])
torch.Size([70358, 24])
torch.Size([70358, 24])
torch.Size([70358, 24])
torch.Size([70358, 24])
torch.Size([70358, 24])
torch.Size([70358, 24])
torch.Size([70358, 24])
torch.Size([70358, 24])
torch.Size([70358, 24])
torch.Size([70358, 24])
torch.Size([70358, 24])
torch.Size([70358, 24])
torch.Size([70358, 24])
torch.Size([70358, 24])
torch.Size([70358, 24])
torch.Size([70358, 24])
torch.Size([70358, 24])
torch.Size([70358, 24])
torch.Size([70358, 24])
torch.Size([70358, 24])
torch.Size([70358, 24])
torch.Size([70358, 24])
torch.Size([70358, 24])
torch.Size([70358, 24])
torch.Size([70358, 24])
torch.Size([70358, 24])
torch.Size([70358, 24])
torch.Size([70358, 24])
torch.Size([70358, 24])
torch.Size([70358, 24])
torch.Size([70358, 24])
torch.Size([70358, 24])
torch.Size([70358, 24])
torch.Size([70358, 24])
torch.Size([70358, 24])
torch.Size([70358, 24])
torch.Size([70358, 24])
torch.Size([70358, 24])
torch.Size([70358, 24])
torch.Size([70358, 24])
torch.Size([70358, 24])
torch.Size([70358, 24])
torch.Size([70358, 24])
torch.Size([70358, 24])
torch.Size([70358, 24])
torch.Size([70358, 24])
torch.Size([70358, 24])
torch.Size([70358, 24])
S real T sketch Train Ep: 4000 lr0.007769695042409123 	 Loss Classification: 6.075220 Loss T 0.382958 Method MME


Labeled Target set: Average loss: 0.9155, Accuracy: 1039/1080 F1 (96.2037%)


Test set: Average loss: 2.7271, Accuracy: 11616/23808 F1 (48.7903%)


Val set: Average loss: 2.4911, Accuracy: 191/360 F1 (53.0556%)

best acc test 58.828965  acc val 53.055556 acc labeled target 96.203704
saving model...
torch.Size([70358, 24])
torch.Size([70358, 24])
torch.Size([70358, 24])
torch.Size([70358, 24])
torch.Size([70358, 24])
torch.Size([70358, 24])
torch.Size([70358, 24])
torch.Size([70358, 24])
torch.Size([70358, 24])
torch.Size([70358, 24])
torch.Size([70358, 24])
torch.Size([70358, 24])
torch.Size([70358, 24])
torch.Size([70358, 24])
torch.Size([70358, 24])
torch.Size([70358, 24])
torch.Size([70358, 24])
torch.Size([70358, 24])
torch.Size([70358, 24])
torch.Size([70358, 24])
torch.Size([70358, 24])
torch.Size([70358, 24])
torch.Size([70358, 24])
torch.Size([70358, 24])
torch.Size([70358, 24])
torch.Size([70358, 24])
torch.Size([70358, 24])
torch.Size([70358, 24])
torch.Size([70358, 24])
torch.Size([70358, 24])
torch.Size([70358, 24])
torch.Size([70358, 24])
torch.Size([70358, 24])
torch.Size([70358, 24])
torch.Size([70358, 24])
torch.Size([70358, 24])
torch.Size([70358, 24])
torch.Size([70358, 24])
torch.Size([70358, 24])
torch.Size([70358, 24])
torch.Size([70358, 24])
torch.Size([70358, 24])
torch.Size([70358, 24])
torch.Size([70358, 24])
torch.Size([70358, 24])
torch.Size([70358, 24])
torch.Size([70358, 24])
torch.Size([70358, 24])
torch.Size([70358, 24])
torch.Size([70358, 24])
torch.Size([70358, 24])
torch.Size([70358, 24])
torch.Size([70358, 24])
torch.Size([70358, 24])
torch.Size([70358, 24])
torch.Size([70358, 24])
torch.Size([70358, 24])
torch.Size([70358, 24])
torch.Size([70358, 24])
torch.Size([70358, 24])
torch.Size([70358, 24])
torch.Size([70358, 24])
torch.Size([70358, 24])
torch.Size([70358, 24])
torch.Size([70358, 24])
torch.Size([70358, 24])
torch.Size([70358, 24])
torch.Size([70358, 24])
torch.Size([70358, 24])
torch.Size([70358, 24])
torch.Size([70358, 24])
torch.Size([70358, 24])
torch.Size([70358, 24])
torch.Size([70358, 24])
torch.Size([70358, 24])
torch.Size([70358, 24])
torch.Size([70358, 24])
torch.Size([70358, 24])
torch.Size([70358, 24])
torch.Size([70358, 24])
torch.Size([70358, 24])
torch.Size([70358, 24])
torch.Size([70358, 24])
torch.Size([70358, 24])
torch.Size([70358, 24])
torch.Size([70358, 24])
torch.Size([70358, 24])
torch.Size([70358, 24])
torch.Size([70358, 24])
torch.Size([70358, 24])
torch.Size([70358, 24])
torch.Size([70358, 24])
torch.Size([70358, 24])
torch.Size([70358, 24])
torch.Size([70358, 24])
torch.Size([70358, 24])
torch.Size([70358, 24])
torch.Size([70358, 24])
torch.Size([70358, 24])
torch.Size([70358, 24])
S real T sketch Train Ep: 4100 lr0.007728330130142108 	 Loss Classification: 6.029716 Loss T 0.387473 Method MME

torch.Size([70358, 24])
torch.Size([70358, 24])
torch.Size([70358, 24])
torch.Size([70358, 24])
torch.Size([70358, 24])
torch.Size([70358, 24])
torch.Size([70358, 24])
torch.Size([70358, 24])
torch.Size([70358, 24])
torch.Size([70358, 24])
torch.Size([70358, 24])
torch.Size([70358, 24])
torch.Size([70358, 24])
torch.Size([70358, 24])
torch.Size([70358, 24])
torch.Size([70358, 24])
torch.Size([70358, 24])
torch.Size([70358, 24])
torch.Size([70358, 24])
torch.Size([70358, 24])
torch.Size([70358, 24])
torch.Size([70358, 24])
torch.Size([70358, 24])
torch.Size([70358, 24])
torch.Size([70358, 24])
torch.Size([70358, 24])
torch.Size([70358, 24])
torch.Size([70358, 24])
torch.Size([70358, 24])
torch.Size([70358, 24])
torch.Size([70358, 24])
torch.Size([70358, 24])
torch.Size([70358, 24])
torch.Size([70358, 24])
torch.Size([70358, 24])
torch.Size([70358, 24])
torch.Size([70358, 24])
torch.Size([70358, 24])
torch.Size([70358, 24])
torch.Size([70358, 24])
torch.Size([70358, 24])
torch.Size([70358, 24])
torch.Size([70358, 24])
torch.Size([70358, 24])
torch.Size([70358, 24])
torch.Size([70358, 24])
torch.Size([70358, 24])
torch.Size([70358, 24])
torch.Size([70358, 24])
torch.Size([70358, 24])
torch.Size([70358, 24])
torch.Size([70358, 24])
torch.Size([70358, 24])
torch.Size([70358, 24])
torch.Size([70358, 24])
torch.Size([70358, 24])
torch.Size([70358, 24])
torch.Size([70358, 24])
torch.Size([70358, 24])
torch.Size([70358, 24])
torch.Size([70358, 24])
torch.Size([70358, 24])
torch.Size([70358, 24])
torch.Size([70358, 24])
torch.Size([70358, 24])
torch.Size([70358, 24])
torch.Size([70358, 24])
torch.Size([70358, 24])
torch.Size([70358, 24])
torch.Size([70358, 24])
torch.Size([70358, 24])
torch.Size([70358, 24])
torch.Size([70358, 24])
torch.Size([70358, 24])
torch.Size([70358, 24])
torch.Size([70358, 24])
torch.Size([70358, 24])
torch.Size([70358, 24])
torch.Size([70358, 24])
torch.Size([70358, 24])
torch.Size([70358, 24])
torch.Size([70358, 24])
torch.Size([70358, 24])
torch.Size([70358, 24])
torch.Size([70358, 24])
torch.Size([70358, 24])
torch.Size([70358, 24])
torch.Size([70358, 24])
torch.Size([70358, 24])
torch.Size([70358, 24])
torch.Size([70358, 24])
torch.Size([70358, 24])
torch.Size([70358, 24])
torch.Size([70358, 24])
torch.Size([70358, 24])
torch.Size([70358, 24])
torch.Size([70358, 24])
torch.Size([70358, 24])
torch.Size([70358, 24])
torch.Size([70358, 24])
S real T sketch Train Ep: 4200 lr0.007687475447329114 	 Loss Classification: 5.889447 Loss T 0.392668 Method MME

torch.Size([70358, 24])
torch.Size([70358, 24])
torch.Size([70358, 24])
torch.Size([70358, 24])
torch.Size([70358, 24])
torch.Size([70358, 24])
torch.Size([70358, 24])
torch.Size([70358, 24])
torch.Size([70358, 24])
torch.Size([70358, 24])
torch.Size([70358, 24])
torch.Size([70358, 24])
torch.Size([70358, 24])
torch.Size([70358, 24])
torch.Size([70358, 24])
torch.Size([70358, 24])
torch.Size([70358, 24])
torch.Size([70358, 24])
torch.Size([70358, 24])
torch.Size([70358, 24])
torch.Size([70358, 24])
torch.Size([70358, 24])
torch.Size([70358, 24])
torch.Size([70358, 24])
torch.Size([70358, 24])
torch.Size([70358, 24])
torch.Size([70358, 24])
torch.Size([70358, 24])
torch.Size([70358, 24])
torch.Size([70358, 24])
torch.Size([70358, 24])
torch.Size([70358, 24])
torch.Size([70358, 24])
torch.Size([70358, 24])
torch.Size([70358, 24])
torch.Size([70358, 24])
torch.Size([70358, 24])
torch.Size([70358, 24])
torch.Size([70358, 24])
torch.Size([70358, 24])
torch.Size([70358, 24])
torch.Size([70358, 24])
torch.Size([70358, 24])
torch.Size([70358, 24])
torch.Size([70358, 24])
torch.Size([70358, 24])
torch.Size([70358, 24])
torch.Size([70358, 24])
torch.Size([70358, 24])
torch.Size([70358, 24])
torch.Size([70358, 24])
torch.Size([70358, 24])
torch.Size([70358, 24])
torch.Size([70358, 24])
torch.Size([70358, 24])
torch.Size([70358, 24])
torch.Size([70358, 24])
torch.Size([70358, 24])
torch.Size([70358, 24])
torch.Size([70358, 24])
torch.Size([70358, 24])
torch.Size([70358, 24])
torch.Size([70358, 24])
torch.Size([70358, 24])
torch.Size([70358, 24])
torch.Size([70358, 24])
torch.Size([70358, 24])
torch.Size([70358, 24])
torch.Size([70358, 24])
torch.Size([70358, 24])
torch.Size([70358, 24])
torch.Size([70358, 24])
torch.Size([70358, 24])
torch.Size([70358, 24])
torch.Size([70358, 24])
torch.Size([70358, 24])
torch.Size([70358, 24])
torch.Size([70358, 24])
torch.Size([70358, 24])
torch.Size([70358, 24])
torch.Size([70358, 24])
torch.Size([70358, 24])
torch.Size([70358, 24])
torch.Size([70358, 24])
torch.Size([70358, 24])
torch.Size([70358, 24])
torch.Size([70358, 24])
torch.Size([70358, 24])
torch.Size([70358, 24])
torch.Size([70358, 24])
torch.Size([70358, 24])
torch.Size([70358, 24])
torch.Size([70358, 24])
torch.Size([70358, 24])
torch.Size([70358, 24])
torch.Size([70358, 24])
torch.Size([70358, 24])
torch.Size([70358, 24])
torch.Size([70358, 24])
torch.Size([70358, 24])
S real T sketch Train Ep: 4300 lr0.0076471211732427845 	 Loss Classification: 5.908524 Loss T 0.391606 Method MME

torch.Size([70358, 24])
torch.Size([70358, 24])
torch.Size([70358, 24])
torch.Size([70358, 24])
torch.Size([70358, 24])
torch.Size([70358, 24])
torch.Size([70358, 24])
torch.Size([70358, 24])
torch.Size([70358, 24])
torch.Size([70358, 24])
torch.Size([70358, 24])
torch.Size([70358, 24])
torch.Size([70358, 24])
torch.Size([70358, 24])
torch.Size([70358, 24])
torch.Size([70358, 24])
torch.Size([70358, 24])
torch.Size([70358, 24])
torch.Size([70358, 24])
torch.Size([70358, 24])
torch.Size([70358, 24])
torch.Size([70358, 24])
torch.Size([70358, 24])
torch.Size([70358, 24])
torch.Size([70358, 24])
torch.Size([70358, 24])
torch.Size([70358, 24])
torch.Size([70358, 24])
torch.Size([70358, 24])
torch.Size([70358, 24])
torch.Size([70358, 24])
torch.Size([70358, 24])
torch.Size([70358, 24])
torch.Size([70358, 24])
torch.Size([70358, 24])
torch.Size([70358, 24])
torch.Size([70358, 24])
torch.Size([70358, 24])
torch.Size([70358, 24])
torch.Size([70358, 24])
torch.Size([70358, 24])
torch.Size([70358, 24])
torch.Size([70358, 24])
torch.Size([70358, 24])
torch.Size([70358, 24])
torch.Size([70358, 24])
torch.Size([70358, 24])
torch.Size([70358, 24])
torch.Size([70358, 24])
torch.Size([70358, 24])
torch.Size([70358, 24])
torch.Size([70358, 24])
torch.Size([70358, 24])
torch.Size([70358, 24])
torch.Size([70358, 24])
torch.Size([70358, 24])
torch.Size([70358, 24])
torch.Size([70358, 24])
torch.Size([70358, 24])
torch.Size([70358, 24])
torch.Size([70358, 24])
torch.Size([70358, 24])
torch.Size([70358, 24])
torch.Size([70358, 24])
torch.Size([70358, 24])
torch.Size([70358, 24])
torch.Size([70358, 24])
torch.Size([70358, 24])
torch.Size([70358, 24])
torch.Size([70358, 24])
torch.Size([70358, 24])
torch.Size([70358, 24])
torch.Size([70358, 24])
torch.Size([70358, 24])
torch.Size([70358, 24])
torch.Size([70358, 24])
torch.Size([70358, 24])
torch.Size([70358, 24])
torch.Size([70358, 24])
torch.Size([70358, 24])
torch.Size([70358, 24])
torch.Size([70358, 24])
torch.Size([70358, 24])
torch.Size([70358, 24])
torch.Size([70358, 24])
torch.Size([70358, 24])
torch.Size([70358, 24])
torch.Size([70358, 24])
torch.Size([70358, 24])
torch.Size([70358, 24])
torch.Size([70358, 24])
torch.Size([70358, 24])
torch.Size([70358, 24])
torch.Size([70358, 24])
torch.Size([70358, 24])
torch.Size([70358, 24])
torch.Size([70358, 24])
torch.Size([70358, 24])
torch.Size([70358, 24])
torch.Size([70358, 24])
S real T sketch Train Ep: 4400 lr0.007607257743127307 	 Loss Classification: 5.367817 Loss T 0.402679 Method MME

torch.Size([70358, 24])
torch.Size([70358, 24])
torch.Size([70358, 24])
torch.Size([70358, 24])
torch.Size([70358, 24])
torch.Size([70358, 24])
torch.Size([70358, 24])
torch.Size([70358, 24])
torch.Size([70358, 24])
torch.Size([70358, 24])
torch.Size([70358, 24])
torch.Size([70358, 24])
torch.Size([70358, 24])
torch.Size([70358, 24])
torch.Size([70358, 24])
torch.Size([70358, 24])
torch.Size([70358, 24])
torch.Size([70358, 24])
torch.Size([70358, 24])
torch.Size([70358, 24])
torch.Size([70358, 24])
torch.Size([70358, 24])
torch.Size([70358, 24])
torch.Size([70358, 24])
torch.Size([70358, 24])
torch.Size([70358, 24])
torch.Size([70358, 24])
torch.Size([70358, 24])
torch.Size([70358, 24])
torch.Size([70358, 24])
torch.Size([70358, 24])
torch.Size([70358, 24])
torch.Size([70358, 24])
torch.Size([70358, 24])
torch.Size([70358, 24])
torch.Size([70358, 24])
torch.Size([70358, 24])
torch.Size([70358, 24])
torch.Size([70358, 24])
torch.Size([70358, 24])
torch.Size([70358, 24])
torch.Size([70358, 24])
torch.Size([70358, 24])
torch.Size([70358, 24])
torch.Size([70358, 24])
torch.Size([70358, 24])
torch.Size([70358, 24])
torch.Size([70358, 24])
torch.Size([70358, 24])
torch.Size([70358, 24])
torch.Size([70358, 24])
torch.Size([70358, 24])
torch.Size([70358, 24])
torch.Size([70358, 24])
torch.Size([70358, 24])
torch.Size([70358, 24])
torch.Size([70358, 24])
torch.Size([70358, 24])
torch.Size([70358, 24])
torch.Size([70358, 24])
torch.Size([70358, 24])
torch.Size([70358, 24])
torch.Size([70358, 24])
torch.Size([70358, 24])
torch.Size([70358, 24])
torch.Size([70358, 24])
torch.Size([70358, 24])
torch.Size([70358, 24])
torch.Size([70358, 24])
torch.Size([70358, 24])
torch.Size([70358, 24])
torch.Size([70358, 24])
torch.Size([70358, 24])
torch.Size([70358, 24])
torch.Size([70358, 24])
torch.Size([70358, 24])
torch.Size([70358, 24])
torch.Size([70358, 24])
torch.Size([70358, 24])
torch.Size([70358, 24])
torch.Size([70358, 24])
torch.Size([70358, 24])
torch.Size([70358, 24])
torch.Size([70358, 24])
torch.Size([70358, 24])
torch.Size([70358, 24])
torch.Size([70358, 24])
torch.Size([70358, 24])
torch.Size([70358, 24])
torch.Size([70358, 24])
torch.Size([70358, 24])
torch.Size([70358, 24])
torch.Size([70358, 24])
torch.Size([70358, 24])
torch.Size([70358, 24])
torch.Size([70358, 24])
torch.Size([70358, 24])
torch.Size([70358, 24])
torch.Size([70358, 24])
torch.Size([70358, 24])
S real T sketch Train Ep: 4500 lr0.007567875839805858 	 Loss Classification: 5.850309 Loss T 0.400523 Method MME


Labeled Target set: Average loss: 0.9066, Accuracy: 1052/1080 F1 (97.4074%)


Test set: Average loss: 2.8908, Accuracy: 11539/23808 F1 (48.4669%)


Val set: Average loss: 2.6086, Accuracy: 197/360 F1 (54.7222%)

best acc test 58.828965  acc val 54.722222 acc labeled target 97.407407
saving model...
torch.Size([70358, 24])
torch.Size([70358, 24])
torch.Size([70358, 24])
torch.Size([70358, 24])
torch.Size([70358, 24])
torch.Size([70358, 24])
torch.Size([70358, 24])
torch.Size([70358, 24])
torch.Size([70358, 24])
torch.Size([70358, 24])
torch.Size([70358, 24])
torch.Size([70358, 24])
torch.Size([70358, 24])
torch.Size([70358, 24])
torch.Size([70358, 24])
torch.Size([70358, 24])
torch.Size([70358, 24])
torch.Size([70358, 24])
torch.Size([70358, 24])
torch.Size([70358, 24])
torch.Size([70358, 24])
torch.Size([70358, 24])
torch.Size([70358, 24])
torch.Size([70358, 24])
torch.Size([70358, 24])
torch.Size([70358, 24])
torch.Size([70358, 24])
torch.Size([70358, 24])
torch.Size([70358, 24])
torch.Size([70358, 24])
torch.Size([70358, 24])
torch.Size([70358, 24])
torch.Size([70358, 24])
torch.Size([70358, 24])
torch.Size([70358, 24])
torch.Size([70358, 24])
torch.Size([70358, 24])
torch.Size([70358, 24])
torch.Size([70358, 24])
torch.Size([70358, 24])
torch.Size([70358, 24])
torch.Size([70358, 24])
torch.Size([70358, 24])
torch.Size([70358, 24])
torch.Size([70358, 24])
torch.Size([70358, 24])
torch.Size([70358, 24])
torch.Size([70358, 24])
torch.Size([70358, 24])
torch.Size([70358, 24])
torch.Size([70358, 24])
torch.Size([70358, 24])
torch.Size([70358, 24])
torch.Size([70358, 24])
torch.Size([70358, 24])
torch.Size([70358, 24])
torch.Size([70358, 24])
torch.Size([70358, 24])
torch.Size([70358, 24])
torch.Size([70358, 24])
torch.Size([70358, 24])
torch.Size([70358, 24])
torch.Size([70358, 24])
torch.Size([70358, 24])
torch.Size([70358, 24])
torch.Size([70358, 24])
torch.Size([70358, 24])
torch.Size([70358, 24])
torch.Size([70358, 24])
torch.Size([70358, 24])
torch.Size([70358, 24])
torch.Size([70358, 24])
torch.Size([70358, 24])
torch.Size([70358, 24])
torch.Size([70358, 24])
torch.Size([70358, 24])
torch.Size([70358, 24])
torch.Size([70358, 24])
torch.Size([70358, 24])
torch.Size([70358, 24])
torch.Size([70358, 24])
torch.Size([70358, 24])
torch.Size([70358, 24])
torch.Size([70358, 24])
torch.Size([70358, 24])
torch.Size([70358, 24])
torch.Size([70358, 24])
torch.Size([70358, 24])
torch.Size([70358, 24])
torch.Size([70358, 24])
torch.Size([70358, 24])
torch.Size([70358, 24])
torch.Size([70358, 24])
torch.Size([70358, 24])
torch.Size([70358, 24])
torch.Size([70358, 24])
torch.Size([70358, 24])
torch.Size([70358, 24])
torch.Size([70358, 24])
torch.Size([70358, 24])
S real T sketch Train Ep: 4600 lr0.007528966385618854 	 Loss Classification: 5.499045 Loss T 0.410751 Method MME

torch.Size([70358, 24])
torch.Size([70358, 24])
torch.Size([70358, 24])
torch.Size([70358, 24])
torch.Size([70358, 24])
torch.Size([70358, 24])
torch.Size([70358, 24])
torch.Size([70358, 24])
torch.Size([70358, 24])
torch.Size([70358, 24])
torch.Size([70358, 24])
torch.Size([70358, 24])
torch.Size([70358, 24])
torch.Size([70358, 24])
torch.Size([70358, 24])
torch.Size([70358, 24])
torch.Size([70358, 24])
torch.Size([70358, 24])
torch.Size([70358, 24])
torch.Size([70358, 24])
torch.Size([70358, 24])
torch.Size([70358, 24])
torch.Size([70358, 24])
torch.Size([70358, 24])
torch.Size([70358, 24])
torch.Size([70358, 24])
torch.Size([70358, 24])
torch.Size([70358, 24])
torch.Size([70358, 24])
torch.Size([70358, 24])
torch.Size([70358, 24])
torch.Size([70358, 24])
torch.Size([70358, 24])
torch.Size([70358, 24])
torch.Size([70358, 24])
torch.Size([70358, 24])
torch.Size([70358, 24])
torch.Size([70358, 24])
torch.Size([70358, 24])
torch.Size([70358, 24])
torch.Size([70358, 24])
torch.Size([70358, 24])
torch.Size([70358, 24])
torch.Size([70358, 24])
torch.Size([70358, 24])
torch.Size([70358, 24])
torch.Size([70358, 24])
torch.Size([70358, 24])
torch.Size([70358, 24])
torch.Size([70358, 24])
torch.Size([70358, 24])
torch.Size([70358, 24])
torch.Size([70358, 24])
torch.Size([70358, 24])
torch.Size([70358, 24])
torch.Size([70358, 24])
torch.Size([70358, 24])
torch.Size([70358, 24])
torch.Size([70358, 24])
torch.Size([70358, 24])
torch.Size([70358, 24])
torch.Size([70358, 24])
torch.Size([70358, 24])
torch.Size([70358, 24])
torch.Size([70358, 24])
torch.Size([70358, 24])
torch.Size([70358, 24])
torch.Size([70358, 24])
torch.Size([70358, 24])
torch.Size([70358, 24])
torch.Size([70358, 24])
torch.Size([70358, 24])
torch.Size([70358, 24])
torch.Size([70358, 24])
torch.Size([70358, 24])
torch.Size([70358, 24])
torch.Size([70358, 24])
torch.Size([70358, 24])
torch.Size([70358, 24])
torch.Size([70358, 24])
torch.Size([70358, 24])
torch.Size([70358, 24])
torch.Size([70358, 24])
torch.Size([70358, 24])
torch.Size([70358, 24])
torch.Size([70358, 24])
torch.Size([70358, 24])
torch.Size([70358, 24])
torch.Size([70358, 24])
torch.Size([70358, 24])
torch.Size([70358, 24])
torch.Size([70358, 24])
torch.Size([70358, 24])
torch.Size([70358, 24])
torch.Size([70358, 24])
torch.Size([70358, 24])
torch.Size([70358, 24])
torch.Size([70358, 24])
torch.Size([70358, 24])
torch.Size([70358, 24])
S real T sketch Train Ep: 4700 lr0.007490520534677821 	 Loss Classification: 5.735422 Loss T 0.408691 Method MME

torch.Size([70358, 24])
torch.Size([70358, 24])
torch.Size([70358, 24])
torch.Size([70358, 24])
torch.Size([70358, 24])
torch.Size([70358, 24])
torch.Size([70358, 24])
torch.Size([70358, 24])
torch.Size([70358, 24])
torch.Size([70358, 24])
torch.Size([70358, 24])
torch.Size([70358, 24])
torch.Size([70358, 24])
torch.Size([70358, 24])
torch.Size([70358, 24])
torch.Size([70358, 24])
torch.Size([70358, 24])
torch.Size([70358, 24])
torch.Size([70358, 24])
torch.Size([70358, 24])
torch.Size([70358, 24])
torch.Size([70358, 24])
torch.Size([70358, 24])
torch.Size([70358, 24])
torch.Size([70358, 24])
torch.Size([70358, 24])
torch.Size([70358, 24])
torch.Size([70358, 24])
torch.Size([70358, 24])
torch.Size([70358, 24])
torch.Size([70358, 24])
torch.Size([70358, 24])
torch.Size([70358, 24])
torch.Size([70358, 24])
torch.Size([70358, 24])
torch.Size([70358, 24])
torch.Size([70358, 24])
torch.Size([70358, 24])
torch.Size([70358, 24])
torch.Size([70358, 24])
torch.Size([70358, 24])
torch.Size([70358, 24])
torch.Size([70358, 24])
torch.Size([70358, 24])
torch.Size([70358, 24])
torch.Size([70358, 24])
torch.Size([70358, 24])
torch.Size([70358, 24])
torch.Size([70358, 24])
torch.Size([70358, 24])
torch.Size([70358, 24])
torch.Size([70358, 24])
torch.Size([70358, 24])
torch.Size([70358, 24])
torch.Size([70358, 24])
torch.Size([70358, 24])
torch.Size([70358, 24])
torch.Size([70358, 24])
torch.Size([70358, 24])
torch.Size([70358, 24])
torch.Size([70358, 24])
torch.Size([70358, 24])
torch.Size([70358, 24])
torch.Size([70358, 24])
torch.Size([70358, 24])
torch.Size([70358, 24])
torch.Size([70358, 24])
torch.Size([70358, 24])
torch.Size([70358, 24])
torch.Size([70358, 24])
torch.Size([70358, 24])
torch.Size([70358, 24])
torch.Size([70358, 24])
torch.Size([70358, 24])
torch.Size([70358, 24])
torch.Size([70358, 24])
torch.Size([70358, 24])
torch.Size([70358, 24])
torch.Size([70358, 24])
torch.Size([70358, 24])
torch.Size([70358, 24])
torch.Size([70358, 24])
torch.Size([70358, 24])
torch.Size([70358, 24])
torch.Size([70358, 24])
torch.Size([70358, 24])
torch.Size([70358, 24])
torch.Size([70358, 24])
torch.Size([70358, 24])
torch.Size([70358, 24])
torch.Size([70358, 24])
torch.Size([70358, 24])
torch.Size([70358, 24])
torch.Size([70358, 24])
torch.Size([70358, 24])
torch.Size([70358, 24])
torch.Size([70358, 24])
torch.Size([70358, 24])
torch.Size([70358, 24])
torch.Size([70358, 24])
S real T sketch Train Ep: 4800 lr0.007452529665420465 	 Loss Classification: 5.735993 Loss T 0.407627 Method MME

torch.Size([70358, 24])
torch.Size([70358, 24])
torch.Size([70358, 24])
torch.Size([70358, 24])
torch.Size([70358, 24])
torch.Size([70358, 24])
torch.Size([70358, 24])
torch.Size([70358, 24])
torch.Size([70358, 24])
torch.Size([70358, 24])
torch.Size([70358, 24])
torch.Size([70358, 24])
torch.Size([70358, 24])
torch.Size([70358, 24])
torch.Size([70358, 24])
torch.Size([70358, 24])
torch.Size([70358, 24])
torch.Size([70358, 24])
torch.Size([70358, 24])
torch.Size([70358, 24])
torch.Size([70358, 24])
torch.Size([70358, 24])
torch.Size([70358, 24])
torch.Size([70358, 24])
torch.Size([70358, 24])
torch.Size([70358, 24])
torch.Size([70358, 24])
torch.Size([70358, 24])
torch.Size([70358, 24])
torch.Size([70358, 24])
torch.Size([70358, 24])
torch.Size([70358, 24])
torch.Size([70358, 24])
torch.Size([70358, 24])
torch.Size([70358, 24])
torch.Size([70358, 24])
torch.Size([70358, 24])
torch.Size([70358, 24])
torch.Size([70358, 24])
torch.Size([70358, 24])
torch.Size([70358, 24])
torch.Size([70358, 24])
torch.Size([70358, 24])
torch.Size([70358, 24])
torch.Size([70358, 24])
torch.Size([70358, 24])
torch.Size([70358, 24])
torch.Size([70358, 24])
torch.Size([70358, 24])
torch.Size([70358, 24])
torch.Size([70358, 24])
torch.Size([70358, 24])
torch.Size([70358, 24])
torch.Size([70358, 24])
torch.Size([70358, 24])
torch.Size([70358, 24])
torch.Size([70358, 24])
torch.Size([70358, 24])
torch.Size([70358, 24])
torch.Size([70358, 24])
torch.Size([70358, 24])
torch.Size([70358, 24])
torch.Size([70358, 24])
torch.Size([70358, 24])
torch.Size([70358, 24])
torch.Size([70358, 24])
torch.Size([70358, 24])
torch.Size([70358, 24])
torch.Size([70358, 24])
torch.Size([70358, 24])
torch.Size([70358, 24])
torch.Size([70358, 24])
torch.Size([70358, 24])
torch.Size([70358, 24])
torch.Size([70358, 24])
torch.Size([70358, 24])
torch.Size([70358, 24])
torch.Size([70358, 24])
torch.Size([70358, 24])
torch.Size([70358, 24])
torch.Size([70358, 24])
torch.Size([70358, 24])
torch.Size([70358, 24])
torch.Size([70358, 24])
torch.Size([70358, 24])
torch.Size([70358, 24])
torch.Size([70358, 24])
torch.Size([70358, 24])
torch.Size([70358, 24])
torch.Size([70358, 24])
torch.Size([70358, 24])
torch.Size([70358, 24])
torch.Size([70358, 24])
torch.Size([70358, 24])
torch.Size([70358, 24])
torch.Size([70358, 24])
torch.Size([70358, 24])
torch.Size([70358, 24])
torch.Size([70358, 24])
torch.Size([70358, 24])
S real T sketch Train Ep: 4900 lr0.007414985373453289 	 Loss Classification: 6.185444 Loss T 0.413476 Method MME

torch.Size([70358, 24])
torch.Size([70358, 24])
torch.Size([70358, 24])
torch.Size([70358, 24])
torch.Size([70358, 24])
torch.Size([70358, 24])
torch.Size([70358, 24])
torch.Size([70358, 24])
torch.Size([70358, 24])
torch.Size([70358, 24])
torch.Size([70358, 24])
torch.Size([70358, 24])
torch.Size([70358, 24])
torch.Size([70358, 24])
torch.Size([70358, 24])
torch.Size([70358, 24])
torch.Size([70358, 24])
torch.Size([70358, 24])
torch.Size([70358, 24])
torch.Size([70358, 24])
torch.Size([70358, 24])
torch.Size([70358, 24])
torch.Size([70358, 24])
torch.Size([70358, 24])
torch.Size([70358, 24])
torch.Size([70358, 24])
torch.Size([70358, 24])
torch.Size([70358, 24])
torch.Size([70358, 24])
torch.Size([70358, 24])
torch.Size([70358, 24])
torch.Size([70358, 24])
torch.Size([70358, 24])
torch.Size([70358, 24])
torch.Size([70358, 24])
torch.Size([70358, 24])
torch.Size([70358, 24])
torch.Size([70358, 24])
torch.Size([70358, 24])
torch.Size([70358, 24])
torch.Size([70358, 24])
torch.Size([70358, 24])
torch.Size([70358, 24])
torch.Size([70358, 24])
torch.Size([70358, 24])
torch.Size([70358, 24])
torch.Size([70358, 24])
torch.Size([70358, 24])
torch.Size([70358, 24])
torch.Size([70358, 24])
torch.Size([70358, 24])
torch.Size([70358, 24])
torch.Size([70358, 24])
torch.Size([70358, 24])
torch.Size([70358, 24])
torch.Size([70358, 24])
torch.Size([70358, 24])
torch.Size([70358, 24])
torch.Size([70358, 24])
torch.Size([70358, 24])
torch.Size([70358, 24])
torch.Size([70358, 24])
torch.Size([70358, 24])
torch.Size([70358, 24])
torch.Size([70358, 24])
torch.Size([70358, 24])
torch.Size([70358, 24])
torch.Size([70358, 24])
torch.Size([70358, 24])
torch.Size([70358, 24])
torch.Size([70358, 24])
torch.Size([70358, 24])
torch.Size([70358, 24])
torch.Size([70358, 24])
torch.Size([70358, 24])
torch.Size([70358, 24])
torch.Size([70358, 24])
torch.Size([70358, 24])
torch.Size([70358, 24])
torch.Size([70358, 24])
torch.Size([70358, 24])
torch.Size([70358, 24])
torch.Size([70358, 24])
torch.Size([70358, 24])
torch.Size([70358, 24])
torch.Size([70358, 24])
torch.Size([70358, 24])
torch.Size([70358, 24])
torch.Size([70358, 24])
torch.Size([70358, 24])
torch.Size([70358, 24])
torch.Size([70358, 24])
torch.Size([70358, 24])
torch.Size([70358, 24])
torch.Size([70358, 24])
torch.Size([70358, 24])
torch.Size([70358, 24])
torch.Size([70358, 24])
torch.Size([70358, 24])
torch.Size([70358, 24])
S real T sketch Train Ep: 5000 lr0.007377879464668811 	 Loss Classification: 5.324571 Loss T 0.412923 Method MME


Labeled Target set: Average loss: 0.9360, Accuracy: 1062/1080 F1 (98.3333%)


Test set: Average loss: 3.0184, Accuracy: 11215/23808 F1 (47.1060%)


Val set: Average loss: 2.7268, Accuracy: 195/360 F1 (54.1667%)

best acc test 58.828965  acc val 54.166667 acc labeled target 98.333333
saving model...
torch.Size([70358, 24])
torch.Size([70358, 24])
torch.Size([70358, 24])
torch.Size([70358, 24])
torch.Size([70358, 24])
torch.Size([70358, 24])
torch.Size([70358, 24])
torch.Size([70358, 24])
torch.Size([70358, 24])
torch.Size([70358, 24])
torch.Size([70358, 24])
torch.Size([70358, 24])
torch.Size([70358, 24])
torch.Size([70358, 24])
torch.Size([70358, 24])
torch.Size([70358, 24])
torch.Size([70358, 24])
torch.Size([70358, 24])
torch.Size([70358, 24])
torch.Size([70358, 24])
torch.Size([70358, 24])
torch.Size([70358, 24])
torch.Size([70358, 24])
torch.Size([70358, 24])
torch.Size([70358, 24])
torch.Size([70358, 24])
torch.Size([70358, 24])
torch.Size([70358, 24])
torch.Size([70358, 24])
torch.Size([70358, 24])
torch.Size([70358, 24])
torch.Size([70358, 24])
torch.Size([70358, 24])
torch.Size([70358, 24])
torch.Size([70358, 24])
torch.Size([70358, 24])
torch.Size([70358, 24])
torch.Size([70358, 24])
torch.Size([70358, 24])
torch.Size([70358, 24])
torch.Size([70358, 24])
torch.Size([70358, 24])
torch.Size([70358, 24])
torch.Size([70358, 24])
torch.Size([70358, 24])
torch.Size([70358, 24])
torch.Size([70358, 24])
torch.Size([70358, 24])
torch.Size([70358, 24])
torch.Size([70358, 24])
torch.Size([70358, 24])
torch.Size([70358, 24])
torch.Size([70358, 24])
torch.Size([70358, 24])
torch.Size([70358, 24])
torch.Size([70358, 24])
torch.Size([70358, 24])
torch.Size([70358, 24])
torch.Size([70358, 24])
torch.Size([70358, 24])
torch.Size([70358, 24])
torch.Size([70358, 24])
torch.Size([70358, 24])
torch.Size([70358, 24])
torch.Size([70358, 24])
torch.Size([70358, 24])
torch.Size([70358, 24])
torch.Size([70358, 24])
torch.Size([70358, 24])
torch.Size([70358, 24])
torch.Size([70358, 24])
torch.Size([70358, 24])
torch.Size([70358, 24])
torch.Size([70358, 24])
torch.Size([70358, 24])
torch.Size([70358, 24])
torch.Size([70358, 24])
torch.Size([70358, 24])
torch.Size([70358, 24])
torch.Size([70358, 24])
torch.Size([70358, 24])
torch.Size([70358, 24])
torch.Size([70358, 24])
torch.Size([70358, 24])
torch.Size([70358, 24])
torch.Size([70358, 24])
torch.Size([70358, 24])
torch.Size([70358, 24])
torch.Size([70358, 24])
torch.Size([70358, 24])
torch.Size([70358, 24])
torch.Size([70358, 24])
torch.Size([70358, 24])
torch.Size([70358, 24])
torch.Size([70358, 24])
torch.Size([70358, 24])
torch.Size([70358, 24])
torch.Size([70358, 24])
torch.Size([70358, 24])
torch.Size([70358, 24])
S real T sketch Train Ep: 5100 lr0.007341203948625087 	 Loss Classification: 6.027680 Loss T 0.405925 Method MME

torch.Size([70358, 24])
torch.Size([70358, 24])
torch.Size([70358, 24])
torch.Size([70358, 24])
torch.Size([70358, 24])
torch.Size([70358, 24])
torch.Size([70358, 24])
torch.Size([70358, 24])
torch.Size([70358, 24])
torch.Size([70358, 24])
torch.Size([70358, 24])
torch.Size([70358, 24])
torch.Size([70358, 24])
torch.Size([70358, 24])
torch.Size([70358, 24])
torch.Size([70358, 24])
torch.Size([70358, 24])
torch.Size([70358, 24])
torch.Size([70358, 24])
torch.Size([70358, 24])
torch.Size([70358, 24])
torch.Size([70358, 24])
torch.Size([70358, 24])
torch.Size([70358, 24])
torch.Size([70358, 24])
torch.Size([70358, 24])
torch.Size([70358, 24])
torch.Size([70358, 24])
torch.Size([70358, 24])
torch.Size([70358, 24])
torch.Size([70358, 24])
torch.Size([70358, 24])
torch.Size([70358, 24])
torch.Size([70358, 24])
torch.Size([70358, 24])
torch.Size([70358, 24])
torch.Size([70358, 24])
torch.Size([70358, 24])
torch.Size([70358, 24])
torch.Size([70358, 24])
torch.Size([70358, 24])
torch.Size([70358, 24])
torch.Size([70358, 24])
torch.Size([70358, 24])
torch.Size([70358, 24])
torch.Size([70358, 24])
torch.Size([70358, 24])
torch.Size([70358, 24])
torch.Size([70358, 24])
torch.Size([70358, 24])
torch.Size([70358, 24])
torch.Size([70358, 24])
torch.Size([70358, 24])
torch.Size([70358, 24])
torch.Size([70358, 24])
torch.Size([70358, 24])
torch.Size([70358, 24])
torch.Size([70358, 24])
torch.Size([70358, 24])
torch.Size([70358, 24])
torch.Size([70358, 24])
torch.Size([70358, 24])
torch.Size([70358, 24])
torch.Size([70358, 24])
torch.Size([70358, 24])
torch.Size([70358, 24])
torch.Size([70358, 24])
torch.Size([70358, 24])
torch.Size([70358, 24])
torch.Size([70358, 24])
torch.Size([70358, 24])
torch.Size([70358, 24])
torch.Size([70358, 24])
torch.Size([70358, 24])
torch.Size([70358, 24])
torch.Size([70358, 24])
torch.Size([70358, 24])
torch.Size([70358, 24])
torch.Size([70358, 24])
torch.Size([70358, 24])
torch.Size([70358, 24])
torch.Size([70358, 24])
torch.Size([70358, 24])
torch.Size([70358, 24])
torch.Size([70358, 24])
torch.Size([70358, 24])
torch.Size([70358, 24])
torch.Size([70358, 24])
torch.Size([70358, 24])
torch.Size([70358, 24])
torch.Size([70358, 24])
torch.Size([70358, 24])
torch.Size([70358, 24])
torch.Size([70358, 24])
torch.Size([70358, 24])
torch.Size([70358, 24])
torch.Size([70358, 24])
torch.Size([70358, 24])
torch.Size([70358, 24])
torch.Size([70358, 24])
S real T sketch Train Ep: 5200 lr0.007304951032175895 	 Loss Classification: 5.706923 Loss T 0.411045 Method MME

torch.Size([70358, 24])
torch.Size([70358, 24])
torch.Size([70358, 24])
torch.Size([70358, 24])
torch.Size([70358, 24])
torch.Size([70358, 24])
torch.Size([70358, 24])
torch.Size([70358, 24])
torch.Size([70358, 24])
torch.Size([70358, 24])
torch.Size([70358, 24])
torch.Size([70358, 24])
torch.Size([70358, 24])
torch.Size([70358, 24])
torch.Size([70358, 24])
torch.Size([70358, 24])
torch.Size([70358, 24])
torch.Size([70358, 24])
torch.Size([70358, 24])
torch.Size([70358, 24])
torch.Size([70358, 24])
torch.Size([70358, 24])
torch.Size([70358, 24])
torch.Size([70358, 24])
torch.Size([70358, 24])
torch.Size([70358, 24])
torch.Size([70358, 24])
torch.Size([70358, 24])
torch.Size([70358, 24])
torch.Size([70358, 24])
torch.Size([70358, 24])
torch.Size([70358, 24])
torch.Size([70358, 24])
torch.Size([70358, 24])
torch.Size([70358, 24])
torch.Size([70358, 24])
torch.Size([70358, 24])
torch.Size([70358, 24])
torch.Size([70358, 24])
torch.Size([70358, 24])
torch.Size([70358, 24])
torch.Size([70358, 24])
torch.Size([70358, 24])
torch.Size([70358, 24])
torch.Size([70358, 24])
torch.Size([70358, 24])
torch.Size([70358, 24])
torch.Size([70358, 24])
torch.Size([70358, 24])
torch.Size([70358, 24])
torch.Size([70358, 24])
torch.Size([70358, 24])
torch.Size([70358, 24])
torch.Size([70358, 24])
torch.Size([70358, 24])
torch.Size([70358, 24])
torch.Size([70358, 24])
torch.Size([70358, 24])
torch.Size([70358, 24])
torch.Size([70358, 24])
torch.Size([70358, 24])
torch.Size([70358, 24])
torch.Size([70358, 24])
torch.Size([70358, 24])
torch.Size([70358, 24])
torch.Size([70358, 24])
torch.Size([70358, 24])
torch.Size([70358, 24])
torch.Size([70358, 24])
torch.Size([70358, 24])
torch.Size([70358, 24])
torch.Size([70358, 24])
torch.Size([70358, 24])
torch.Size([70358, 24])
torch.Size([70358, 24])
torch.Size([70358, 24])
torch.Size([70358, 24])
torch.Size([70358, 24])
torch.Size([70358, 24])
torch.Size([70358, 24])
torch.Size([70358, 24])
torch.Size([70358, 24])
torch.Size([70358, 24])
torch.Size([70358, 24])
torch.Size([70358, 24])
torch.Size([70358, 24])
torch.Size([70358, 24])
torch.Size([70358, 24])
torch.Size([70358, 24])
torch.Size([70358, 24])
torch.Size([70358, 24])
torch.Size([70358, 24])
torch.Size([70358, 24])
torch.Size([70358, 24])
torch.Size([70358, 24])
torch.Size([70358, 24])
torch.Size([70358, 24])
torch.Size([70358, 24])
torch.Size([70358, 24])
torch.Size([70358, 24])
S real T sketch Train Ep: 5300 lr0.007269113113340497 	 Loss Classification: 5.671391 Loss T 0.402480 Method MME

torch.Size([70358, 24])
torch.Size([70358, 24])
torch.Size([70358, 24])
torch.Size([70358, 24])
torch.Size([70358, 24])
torch.Size([70358, 24])
torch.Size([70358, 24])
torch.Size([70358, 24])
torch.Size([70358, 24])
torch.Size([70358, 24])
torch.Size([70358, 24])
torch.Size([70358, 24])
torch.Size([70358, 24])
torch.Size([70358, 24])
torch.Size([70358, 24])
torch.Size([70358, 24])
torch.Size([70358, 24])
torch.Size([70358, 24])
torch.Size([70358, 24])
torch.Size([70358, 24])
torch.Size([70358, 24])
torch.Size([70358, 24])
torch.Size([70358, 24])
torch.Size([70358, 24])
torch.Size([70358, 24])
torch.Size([70358, 24])
torch.Size([70358, 24])
torch.Size([70358, 24])
torch.Size([70358, 24])
torch.Size([70358, 24])
torch.Size([70358, 24])
torch.Size([70358, 24])
torch.Size([70358, 24])
torch.Size([70358, 24])
torch.Size([70358, 24])
torch.Size([70358, 24])
torch.Size([70358, 24])
torch.Size([70358, 24])
torch.Size([70358, 24])
torch.Size([70358, 24])
torch.Size([70358, 24])
torch.Size([70358, 24])
torch.Size([70358, 24])
torch.Size([70358, 24])
torch.Size([70358, 24])
torch.Size([70358, 24])
torch.Size([70358, 24])
torch.Size([70358, 24])
torch.Size([70358, 24])
torch.Size([70358, 24])
torch.Size([70358, 24])
torch.Size([70358, 24])
torch.Size([70358, 24])
torch.Size([70358, 24])
torch.Size([70358, 24])
torch.Size([70358, 24])
torch.Size([70358, 24])
torch.Size([70358, 24])
torch.Size([70358, 24])
torch.Size([70358, 24])
torch.Size([70358, 24])
torch.Size([70358, 24])
torch.Size([70358, 24])
torch.Size([70358, 24])
torch.Size([70358, 24])
torch.Size([70358, 24])
torch.Size([70358, 24])
torch.Size([70358, 24])
torch.Size([70358, 24])
torch.Size([70358, 24])
torch.Size([70358, 24])
torch.Size([70358, 24])
torch.Size([70358, 24])
torch.Size([70358, 24])
torch.Size([70358, 24])
torch.Size([70358, 24])
torch.Size([70358, 24])
torch.Size([70358, 24])
torch.Size([70358, 24])
torch.Size([70358, 24])
torch.Size([70358, 24])
torch.Size([70358, 24])
torch.Size([70358, 24])
torch.Size([70358, 24])
torch.Size([70358, 24])
torch.Size([70358, 24])
torch.Size([70358, 24])
torch.Size([70358, 24])
torch.Size([70358, 24])
torch.Size([70358, 24])
torch.Size([70358, 24])
torch.Size([70358, 24])
torch.Size([70358, 24])
torch.Size([70358, 24])
torch.Size([70358, 24])
torch.Size([70358, 24])
torch.Size([70358, 24])
torch.Size([70358, 24])
torch.Size([70358, 24])
torch.Size([70358, 24])
S real T sketch Train Ep: 5400 lr0.007233682775402483 	 Loss Classification: 5.645784 Loss T 0.411746 Method MME

torch.Size([70358, 24])
torch.Size([70358, 24])
torch.Size([70358, 24])
torch.Size([70358, 24])
torch.Size([70358, 24])
torch.Size([70358, 24])
torch.Size([70358, 24])
torch.Size([70358, 24])
torch.Size([70358, 24])
torch.Size([70358, 24])
torch.Size([70358, 24])
torch.Size([70358, 24])
torch.Size([70358, 24])
torch.Size([70358, 24])
torch.Size([70358, 24])
torch.Size([70358, 24])
torch.Size([70358, 24])
torch.Size([70358, 24])
torch.Size([70358, 24])
torch.Size([70358, 24])
torch.Size([70358, 24])
torch.Size([70358, 24])
torch.Size([70358, 24])
torch.Size([70358, 24])
torch.Size([70358, 24])
torch.Size([70358, 24])
torch.Size([70358, 24])
torch.Size([70358, 24])
torch.Size([70358, 24])
torch.Size([70358, 24])
torch.Size([70358, 24])
torch.Size([70358, 24])
torch.Size([70358, 24])
torch.Size([70358, 24])
torch.Size([70358, 24])
torch.Size([70358, 24])
torch.Size([70358, 24])
torch.Size([70358, 24])
torch.Size([70358, 24])
torch.Size([70358, 24])
torch.Size([70358, 24])
torch.Size([70358, 24])
torch.Size([70358, 24])
torch.Size([70358, 24])
torch.Size([70358, 24])
torch.Size([70358, 24])
torch.Size([70358, 24])
torch.Size([70358, 24])
torch.Size([70358, 24])
torch.Size([70358, 24])
torch.Size([70358, 24])
torch.Size([70358, 24])
torch.Size([70358, 24])
torch.Size([70358, 24])
torch.Size([70358, 24])
torch.Size([70358, 24])
torch.Size([70358, 24])
torch.Size([70358, 24])
torch.Size([70358, 24])
torch.Size([70358, 24])
torch.Size([70358, 24])
torch.Size([70358, 24])
torch.Size([70358, 24])
torch.Size([70358, 24])
torch.Size([70358, 24])
torch.Size([70358, 24])
torch.Size([70358, 24])
torch.Size([70358, 24])
torch.Size([70358, 24])
torch.Size([70358, 24])
torch.Size([70358, 24])
torch.Size([70358, 24])
torch.Size([70358, 24])
torch.Size([70358, 24])
torch.Size([70358, 24])
torch.Size([70358, 24])
torch.Size([70358, 24])
torch.Size([70358, 24])
torch.Size([70358, 24])
torch.Size([70358, 24])
torch.Size([70358, 24])
torch.Size([70358, 24])
torch.Size([70358, 24])
torch.Size([70358, 24])
torch.Size([70358, 24])
torch.Size([70358, 24])
torch.Size([70358, 24])
torch.Size([70358, 24])
torch.Size([70358, 24])
torch.Size([70358, 24])
torch.Size([70358, 24])
torch.Size([70358, 24])
torch.Size([70358, 24])
torch.Size([70358, 24])
torch.Size([70358, 24])
torch.Size([70358, 24])
torch.Size([70358, 24])
torch.Size([70358, 24])
torch.Size([70358, 24])
torch.Size([70358, 24])
S real T sketch Train Ep: 5500 lr0.007198652781227704 	 Loss Classification: 5.799183 Loss T 0.411118 Method MME


Labeled Target set: Average loss: 0.8646, Accuracy: 1070/1080 F1 (99.0741%)


Test set: Average loss: 2.9295, Accuracy: 11767/23808 F1 (49.4246%)


Val set: Average loss: 2.6792, Accuracy: 200/360 F1 (55.5556%)

best acc test 58.828965  acc val 55.555556 acc labeled target 99.074074
saving model...
torch.Size([70358, 24])
torch.Size([70358, 24])
torch.Size([70358, 24])
torch.Size([70358, 24])
torch.Size([70358, 24])
torch.Size([70358, 24])
torch.Size([70358, 24])
torch.Size([70358, 24])
torch.Size([70358, 24])
torch.Size([70358, 24])
torch.Size([70358, 24])
torch.Size([70358, 24])
torch.Size([70358, 24])
torch.Size([70358, 24])
torch.Size([70358, 24])
torch.Size([70358, 24])
torch.Size([70358, 24])
torch.Size([70358, 24])
torch.Size([70358, 24])
torch.Size([70358, 24])
torch.Size([70358, 24])
torch.Size([70358, 24])
torch.Size([70358, 24])
torch.Size([70358, 24])
torch.Size([70358, 24])
torch.Size([70358, 24])
torch.Size([70358, 24])
torch.Size([70358, 24])
torch.Size([70358, 24])
torch.Size([70358, 24])
torch.Size([70358, 24])
torch.Size([70358, 24])
torch.Size([70358, 24])
torch.Size([70358, 24])
torch.Size([70358, 24])
torch.Size([70358, 24])
torch.Size([70358, 24])
torch.Size([70358, 24])
torch.Size([70358, 24])
torch.Size([70358, 24])
torch.Size([70358, 24])
torch.Size([70358, 24])
torch.Size([70358, 24])
torch.Size([70358, 24])
torch.Size([70358, 24])
torch.Size([70358, 24])
torch.Size([70358, 24])
torch.Size([70358, 24])
torch.Size([70358, 24])
torch.Size([70358, 24])
torch.Size([70358, 24])
torch.Size([70358, 24])
torch.Size([70358, 24])
torch.Size([70358, 24])
torch.Size([70358, 24])
torch.Size([70358, 24])
torch.Size([70358, 24])
torch.Size([70358, 24])
torch.Size([70358, 24])
torch.Size([70358, 24])
torch.Size([70358, 24])
torch.Size([70358, 24])
torch.Size([70358, 24])
torch.Size([70358, 24])
torch.Size([70358, 24])
torch.Size([70358, 24])
torch.Size([70358, 24])
torch.Size([70358, 24])
torch.Size([70358, 24])
torch.Size([70358, 24])
torch.Size([70358, 24])
torch.Size([70358, 24])
torch.Size([70358, 24])
torch.Size([70358, 24])
torch.Size([70358, 24])
torch.Size([70358, 24])
torch.Size([70358, 24])
torch.Size([70358, 24])
torch.Size([70358, 24])
torch.Size([70358, 24])
torch.Size([70358, 24])
torch.Size([70358, 24])
torch.Size([70358, 24])
torch.Size([70358, 24])
torch.Size([70358, 24])
torch.Size([70358, 24])
torch.Size([70358, 24])
torch.Size([70358, 24])
torch.Size([70358, 24])
torch.Size([70358, 24])
torch.Size([70358, 24])
torch.Size([70358, 24])
torch.Size([70358, 24])
torch.Size([70358, 24])
torch.Size([70358, 24])
torch.Size([70358, 24])
torch.Size([70358, 24])
torch.Size([70358, 24])
torch.Size([70358, 24])
torch.Size([70358, 24])
S real T sketch Train Ep: 5600 lr0.007164016067791809 	 Loss Classification: 5.696633 Loss T 0.417269 Method MME

torch.Size([70358, 24])
torch.Size([70358, 24])
torch.Size([70358, 24])
torch.Size([70358, 24])
torch.Size([70358, 24])
torch.Size([70358, 24])
torch.Size([70358, 24])
torch.Size([70358, 24])
torch.Size([70358, 24])
torch.Size([70358, 24])
torch.Size([70358, 24])
torch.Size([70358, 24])
torch.Size([70358, 24])
torch.Size([70358, 24])
torch.Size([70358, 24])
torch.Size([70358, 24])
torch.Size([70358, 24])
torch.Size([70358, 24])
torch.Size([70358, 24])
torch.Size([70358, 24])
torch.Size([70358, 24])
torch.Size([70358, 24])
torch.Size([70358, 24])
torch.Size([70358, 24])
torch.Size([70358, 24])
torch.Size([70358, 24])
torch.Size([70358, 24])
torch.Size([70358, 24])
torch.Size([70358, 24])
torch.Size([70358, 24])
torch.Size([70358, 24])
torch.Size([70358, 24])
torch.Size([70358, 24])
torch.Size([70358, 24])
torch.Size([70358, 24])
torch.Size([70358, 24])
torch.Size([70358, 24])
torch.Size([70358, 24])
torch.Size([70358, 24])
torch.Size([70358, 24])
torch.Size([70358, 24])
torch.Size([70358, 24])
torch.Size([70358, 24])
torch.Size([70358, 24])
torch.Size([70358, 24])
torch.Size([70358, 24])
torch.Size([70358, 24])
torch.Size([70358, 24])
torch.Size([70358, 24])
torch.Size([70358, 24])
torch.Size([70358, 24])
torch.Size([70358, 24])
torch.Size([70358, 24])
torch.Size([70358, 24])
torch.Size([70358, 24])
torch.Size([70358, 24])
torch.Size([70358, 24])
torch.Size([70358, 24])
torch.Size([70358, 24])
torch.Size([70358, 24])
torch.Size([70358, 24])
torch.Size([70358, 24])
torch.Size([70358, 24])
torch.Size([70358, 24])
torch.Size([70358, 24])
torch.Size([70358, 24])
torch.Size([70358, 24])
torch.Size([70358, 24])
torch.Size([70358, 24])
torch.Size([70358, 24])
torch.Size([70358, 24])
torch.Size([70358, 24])
torch.Size([70358, 24])
torch.Size([70358, 24])
torch.Size([70358, 24])
torch.Size([70358, 24])
torch.Size([70358, 24])
torch.Size([70358, 24])
torch.Size([70358, 24])
torch.Size([70358, 24])
torch.Size([70358, 24])
torch.Size([70358, 24])
torch.Size([70358, 24])
torch.Size([70358, 24])
torch.Size([70358, 24])
torch.Size([70358, 24])
torch.Size([70358, 24])
torch.Size([70358, 24])
torch.Size([70358, 24])
torch.Size([70358, 24])
torch.Size([70358, 24])
torch.Size([70358, 24])
torch.Size([70358, 24])
torch.Size([70358, 24])
torch.Size([70358, 24])
torch.Size([70358, 24])
torch.Size([70358, 24])
torch.Size([70358, 24])
torch.Size([70358, 24])
torch.Size([70358, 24])
S real T sketch Train Ep: 5700 lr0.0071297657409083726 	 Loss Classification: 5.722421 Loss T 0.409014 Method MME

torch.Size([70358, 24])
torch.Size([70358, 24])
torch.Size([70358, 24])
torch.Size([70358, 24])
torch.Size([70358, 24])
torch.Size([70358, 24])
torch.Size([70358, 24])
torch.Size([70358, 24])
torch.Size([70358, 24])
torch.Size([70358, 24])
torch.Size([70358, 24])
torch.Size([70358, 24])
torch.Size([70358, 24])
torch.Size([70358, 24])
torch.Size([70358, 24])
torch.Size([70358, 24])
torch.Size([70358, 24])
torch.Size([70358, 24])
torch.Size([70358, 24])
torch.Size([70358, 24])
torch.Size([70358, 24])
torch.Size([70358, 24])
torch.Size([70358, 24])
torch.Size([70358, 24])
torch.Size([70358, 24])
torch.Size([70358, 24])
torch.Size([70358, 24])
torch.Size([70358, 24])
torch.Size([70358, 24])
torch.Size([70358, 24])
torch.Size([70358, 24])
torch.Size([70358, 24])
torch.Size([70358, 24])
torch.Size([70358, 24])
torch.Size([70358, 24])
torch.Size([70358, 24])
torch.Size([70358, 24])
torch.Size([70358, 24])
torch.Size([70358, 24])
torch.Size([70358, 24])
torch.Size([70358, 24])
torch.Size([70358, 24])
torch.Size([70358, 24])
torch.Size([70358, 24])
torch.Size([70358, 24])
torch.Size([70358, 24])
torch.Size([70358, 24])
torch.Size([70358, 24])
torch.Size([70358, 24])
torch.Size([70358, 24])
torch.Size([70358, 24])
torch.Size([70358, 24])
torch.Size([70358, 24])
torch.Size([70358, 24])
torch.Size([70358, 24])
torch.Size([70358, 24])
torch.Size([70358, 24])
torch.Size([70358, 24])
torch.Size([70358, 24])
torch.Size([70358, 24])
torch.Size([70358, 24])
torch.Size([70358, 24])
torch.Size([70358, 24])
torch.Size([70358, 24])
torch.Size([70358, 24])
torch.Size([70358, 24])
torch.Size([70358, 24])
torch.Size([70358, 24])
torch.Size([70358, 24])
torch.Size([70358, 24])
torch.Size([70358, 24])
torch.Size([70358, 24])
torch.Size([70358, 24])
torch.Size([70358, 24])
torch.Size([70358, 24])
torch.Size([70358, 24])
torch.Size([70358, 24])
torch.Size([70358, 24])
torch.Size([70358, 24])
torch.Size([70358, 24])
torch.Size([70358, 24])
torch.Size([70358, 24])
torch.Size([70358, 24])
torch.Size([70358, 24])
torch.Size([70358, 24])
torch.Size([70358, 24])
torch.Size([70358, 24])
torch.Size([70358, 24])
torch.Size([70358, 24])
torch.Size([70358, 24])
torch.Size([70358, 24])
torch.Size([70358, 24])
torch.Size([70358, 24])
torch.Size([70358, 24])
torch.Size([70358, 24])
torch.Size([70358, 24])
torch.Size([70358, 24])
torch.Size([70358, 24])
torch.Size([70358, 24])
torch.Size([70358, 24])
S real T sketch Train Ep: 5800 lr0.0070958950701490225 	 Loss Classification: 5.830889 Loss T 0.398193 Method MME

torch.Size([70358, 24])
torch.Size([70358, 24])
torch.Size([70358, 24])
torch.Size([70358, 24])
torch.Size([70358, 24])
torch.Size([70358, 24])
torch.Size([70358, 24])
torch.Size([70358, 24])
torch.Size([70358, 24])
torch.Size([70358, 24])
torch.Size([70358, 24])
torch.Size([70358, 24])
torch.Size([70358, 24])
torch.Size([70358, 24])
torch.Size([70358, 24])
torch.Size([70358, 24])
torch.Size([70358, 24])
torch.Size([70358, 24])
torch.Size([70358, 24])
torch.Size([70358, 24])
torch.Size([70358, 24])
torch.Size([70358, 24])
torch.Size([70358, 24])
torch.Size([70358, 24])
torch.Size([70358, 24])
torch.Size([70358, 24])
torch.Size([70358, 24])
torch.Size([70358, 24])
torch.Size([70358, 24])
torch.Size([70358, 24])
torch.Size([70358, 24])
torch.Size([70358, 24])
torch.Size([70358, 24])
torch.Size([70358, 24])
torch.Size([70358, 24])
torch.Size([70358, 24])
torch.Size([70358, 24])
torch.Size([70358, 24])
torch.Size([70358, 24])
torch.Size([70358, 24])
torch.Size([70358, 24])
torch.Size([70358, 24])
torch.Size([70358, 24])
torch.Size([70358, 24])
torch.Size([70358, 24])
torch.Size([70358, 24])
torch.Size([70358, 24])
torch.Size([70358, 24])
torch.Size([70358, 24])
torch.Size([70358, 24])
torch.Size([70358, 24])
torch.Size([70358, 24])
torch.Size([70358, 24])
torch.Size([70358, 24])
torch.Size([70358, 24])
torch.Size([70358, 24])
torch.Size([70358, 24])
torch.Size([70358, 24])
torch.Size([70358, 24])
torch.Size([70358, 24])
torch.Size([70358, 24])
torch.Size([70358, 24])
torch.Size([70358, 24])
torch.Size([70358, 24])
torch.Size([70358, 24])
torch.Size([70358, 24])
torch.Size([70358, 24])
torch.Size([70358, 24])
torch.Size([70358, 24])
torch.Size([70358, 24])
torch.Size([70358, 24])
torch.Size([70358, 24])
torch.Size([70358, 24])
torch.Size([70358, 24])
torch.Size([70358, 24])
torch.Size([70358, 24])
torch.Size([70358, 24])
torch.Size([70358, 24])
torch.Size([70358, 24])
torch.Size([70358, 24])
torch.Size([70358, 24])
torch.Size([70358, 24])
torch.Size([70358, 24])
torch.Size([70358, 24])
torch.Size([70358, 24])
torch.Size([70358, 24])
torch.Size([70358, 24])
torch.Size([70358, 24])
torch.Size([70358, 24])
torch.Size([70358, 24])
torch.Size([70358, 24])
torch.Size([70358, 24])
torch.Size([70358, 24])
torch.Size([70358, 24])
torch.Size([70358, 24])
torch.Size([70358, 24])
torch.Size([70358, 24])
torch.Size([70358, 24])
torch.Size([70358, 24])
torch.Size([70358, 24])
S real T sketch Train Ep: 5900 lr0.007062397483947426 	 Loss Classification: 5.652919 Loss T 0.409385 Method MME

torch.Size([70358, 24])
torch.Size([70358, 24])
torch.Size([70358, 24])
torch.Size([70358, 24])
torch.Size([70358, 24])
torch.Size([70358, 24])
torch.Size([70358, 24])
torch.Size([70358, 24])
torch.Size([70358, 24])
torch.Size([70358, 24])
torch.Size([70358, 24])
torch.Size([70358, 24])
torch.Size([70358, 24])
torch.Size([70358, 24])
torch.Size([70358, 24])
torch.Size([70358, 24])
torch.Size([70358, 24])
torch.Size([70358, 24])
torch.Size([70358, 24])
torch.Size([70358, 24])
torch.Size([70358, 24])
torch.Size([70358, 24])
torch.Size([70358, 24])
torch.Size([70358, 24])
torch.Size([70358, 24])
torch.Size([70358, 24])
torch.Size([70358, 24])
torch.Size([70358, 24])
torch.Size([70358, 24])
torch.Size([70358, 24])
torch.Size([70358, 24])
torch.Size([70358, 24])
torch.Size([70358, 24])
torch.Size([70358, 24])
torch.Size([70358, 24])
torch.Size([70358, 24])
torch.Size([70358, 24])
torch.Size([70358, 24])
torch.Size([70358, 24])
torch.Size([70358, 24])
torch.Size([70358, 24])
torch.Size([70358, 24])
torch.Size([70358, 24])
torch.Size([70358, 24])
torch.Size([70358, 24])
torch.Size([70358, 24])
torch.Size([70358, 24])
torch.Size([70358, 24])
torch.Size([70358, 24])
torch.Size([70358, 24])
torch.Size([70358, 24])
torch.Size([70358, 24])
torch.Size([70358, 24])
torch.Size([70358, 24])
torch.Size([70358, 24])
torch.Size([70358, 24])
torch.Size([70358, 24])
torch.Size([70358, 24])
torch.Size([70358, 24])
torch.Size([70358, 24])
torch.Size([70358, 24])
torch.Size([70358, 24])
torch.Size([70358, 24])
torch.Size([70358, 24])
torch.Size([70358, 24])
torch.Size([70358, 24])
torch.Size([70358, 24])
torch.Size([70358, 24])
torch.Size([70358, 24])
torch.Size([70358, 24])
torch.Size([70358, 24])
torch.Size([70358, 24])
torch.Size([70358, 24])
torch.Size([70358, 24])
torch.Size([70358, 24])
torch.Size([70358, 24])
torch.Size([70358, 24])
torch.Size([70358, 24])
torch.Size([70358, 24])
torch.Size([70358, 24])
torch.Size([70358, 24])
torch.Size([70358, 24])
torch.Size([70358, 24])
torch.Size([70358, 24])
torch.Size([70358, 24])
torch.Size([70358, 24])
torch.Size([70358, 24])
torch.Size([70358, 24])
torch.Size([70358, 24])
torch.Size([70358, 24])
torch.Size([70358, 24])
torch.Size([70358, 24])
torch.Size([70358, 24])
torch.Size([70358, 24])
torch.Size([70358, 24])
torch.Size([70358, 24])
torch.Size([70358, 24])
torch.Size([70358, 24])
torch.Size([70358, 24])
torch.Size([70358, 24])
S real T sketch Train Ep: 6000 lr0.007029266564879363 	 Loss Classification: 5.668706 Loss T 0.412410 Method MME


Labeled Target set: Average loss: 0.8497, Accuracy: 1070/1080 F1 (99.0741%)


Test set: Average loss: 3.0308, Accuracy: 11212/23808 F1 (47.0934%)


Val set: Average loss: 2.7795, Accuracy: 189/360 F1 (52.5000%)

best acc test 58.828965  acc val 52.500000 acc labeled target 99.074074
saving model...
torch.Size([70358, 24])
torch.Size([70358, 24])
torch.Size([70358, 24])
torch.Size([70358, 24])
torch.Size([70358, 24])
torch.Size([70358, 24])
torch.Size([70358, 24])
torch.Size([70358, 24])
torch.Size([70358, 24])
torch.Size([70358, 24])
torch.Size([70358, 24])
torch.Size([70358, 24])
torch.Size([70358, 24])
torch.Size([70358, 24])
torch.Size([70358, 24])
torch.Size([70358, 24])
torch.Size([70358, 24])
torch.Size([70358, 24])
torch.Size([70358, 24])
torch.Size([70358, 24])
torch.Size([70358, 24])
torch.Size([70358, 24])
torch.Size([70358, 24])
torch.Size([70358, 24])
torch.Size([70358, 24])
torch.Size([70358, 24])
torch.Size([70358, 24])
torch.Size([70358, 24])
torch.Size([70358, 24])
torch.Size([70358, 24])
torch.Size([70358, 24])
torch.Size([70358, 24])
torch.Size([70358, 24])
torch.Size([70358, 24])
torch.Size([70358, 24])
torch.Size([70358, 24])
torch.Size([70358, 24])
torch.Size([70358, 24])
torch.Size([70358, 24])
torch.Size([70358, 24])
torch.Size([70358, 24])
torch.Size([70358, 24])
torch.Size([70358, 24])
torch.Size([70358, 24])
torch.Size([70358, 24])
torch.Size([70358, 24])
torch.Size([70358, 24])
torch.Size([70358, 24])
torch.Size([70358, 24])
torch.Size([70358, 24])
torch.Size([70358, 24])
torch.Size([70358, 24])
torch.Size([70358, 24])
torch.Size([70358, 24])
torch.Size([70358, 24])
torch.Size([70358, 24])
torch.Size([70358, 24])
torch.Size([70358, 24])
torch.Size([70358, 24])
torch.Size([70358, 24])
torch.Size([70358, 24])
torch.Size([70358, 24])
torch.Size([70358, 24])
torch.Size([70358, 24])
torch.Size([70358, 24])
torch.Size([70358, 24])
torch.Size([70358, 24])
torch.Size([70358, 24])
torch.Size([70358, 24])
torch.Size([70358, 24])
torch.Size([70358, 24])
torch.Size([70358, 24])
torch.Size([70358, 24])
torch.Size([70358, 24])
torch.Size([70358, 24])
torch.Size([70358, 24])
torch.Size([70358, 24])
torch.Size([70358, 24])
torch.Size([70358, 24])
torch.Size([70358, 24])
torch.Size([70358, 24])
torch.Size([70358, 24])
torch.Size([70358, 24])
torch.Size([70358, 24])
torch.Size([70358, 24])
torch.Size([70358, 24])
torch.Size([70358, 24])
torch.Size([70358, 24])
torch.Size([70358, 24])
torch.Size([70358, 24])
torch.Size([70358, 24])
torch.Size([70358, 24])
torch.Size([70358, 24])
torch.Size([70358, 24])
torch.Size([70358, 24])
torch.Size([70358, 24])
torch.Size([70358, 24])
torch.Size([70358, 24])
torch.Size([70358, 24])
torch.Size([70358, 24])
S real T sketch Train Ep: 6100 lr0.006996496045111504 	 Loss Classification: 5.848145 Loss T 0.411010 Method MME

torch.Size([70358, 24])
torch.Size([70358, 24])
torch.Size([70358, 24])
torch.Size([70358, 24])
torch.Size([70358, 24])
torch.Size([70358, 24])
torch.Size([70358, 24])
torch.Size([70358, 24])
torch.Size([70358, 24])
torch.Size([70358, 24])
torch.Size([70358, 24])
torch.Size([70358, 24])
torch.Size([70358, 24])
torch.Size([70358, 24])
torch.Size([70358, 24])
torch.Size([70358, 24])
torch.Size([70358, 24])
torch.Size([70358, 24])
torch.Size([70358, 24])
torch.Size([70358, 24])
torch.Size([70358, 24])
torch.Size([70358, 24])
torch.Size([70358, 24])
torch.Size([70358, 24])
torch.Size([70358, 24])
torch.Size([70358, 24])
torch.Size([70358, 24])
torch.Size([70358, 24])
torch.Size([70358, 24])
torch.Size([70358, 24])
torch.Size([70358, 24])
torch.Size([70358, 24])
torch.Size([70358, 24])
torch.Size([70358, 24])
torch.Size([70358, 24])
torch.Size([70358, 24])
torch.Size([70358, 24])
torch.Size([70358, 24])
torch.Size([70358, 24])
torch.Size([70358, 24])
torch.Size([70358, 24])
torch.Size([70358, 24])
torch.Size([70358, 24])
torch.Size([70358, 24])
torch.Size([70358, 24])
torch.Size([70358, 24])
torch.Size([70358, 24])
torch.Size([70358, 24])
torch.Size([70358, 24])
torch.Size([70358, 24])
torch.Size([70358, 24])
torch.Size([70358, 24])
torch.Size([70358, 24])
torch.Size([70358, 24])
torch.Size([70358, 24])
torch.Size([70358, 24])
torch.Size([70358, 24])
torch.Size([70358, 24])
torch.Size([70358, 24])
torch.Size([70358, 24])
torch.Size([70358, 24])
torch.Size([70358, 24])
torch.Size([70358, 24])
torch.Size([70358, 24])
torch.Size([70358, 24])
torch.Size([70358, 24])
torch.Size([70358, 24])
torch.Size([70358, 24])
torch.Size([70358, 24])
torch.Size([70358, 24])
torch.Size([70358, 24])
torch.Size([70358, 24])
torch.Size([70358, 24])
torch.Size([70358, 24])
torch.Size([70358, 24])
torch.Size([70358, 24])
torch.Size([70358, 24])
torch.Size([70358, 24])
torch.Size([70358, 24])
torch.Size([70358, 24])
torch.Size([70358, 24])
torch.Size([70358, 24])
torch.Size([70358, 24])
torch.Size([70358, 24])
torch.Size([70358, 24])
torch.Size([70358, 24])
torch.Size([70358, 24])
torch.Size([70358, 24])
torch.Size([70358, 24])
torch.Size([70358, 24])
torch.Size([70358, 24])
torch.Size([70358, 24])
torch.Size([70358, 24])
torch.Size([70358, 24])
torch.Size([70358, 24])
torch.Size([70358, 24])
torch.Size([70358, 24])
torch.Size([70358, 24])
torch.Size([70358, 24])
torch.Size([70358, 24])
S real T sketch Train Ep: 6200 lr0.00696407980201184 	 Loss Classification: 5.491000 Loss T 0.409716 Method MME

torch.Size([70358, 24])
torch.Size([70358, 24])
torch.Size([70358, 24])
torch.Size([70358, 24])
torch.Size([70358, 24])
torch.Size([70358, 24])
torch.Size([70358, 24])
torch.Size([70358, 24])
torch.Size([70358, 24])
torch.Size([70358, 24])
torch.Size([70358, 24])
torch.Size([70358, 24])
torch.Size([70358, 24])
torch.Size([70358, 24])
torch.Size([70358, 24])
torch.Size([70358, 24])
torch.Size([70358, 24])
torch.Size([70358, 24])
torch.Size([70358, 24])
torch.Size([70358, 24])
torch.Size([70358, 24])
torch.Size([70358, 24])
torch.Size([70358, 24])
torch.Size([70358, 24])
torch.Size([70358, 24])
torch.Size([70358, 24])
torch.Size([70358, 24])
torch.Size([70358, 24])
torch.Size([70358, 24])
torch.Size([70358, 24])
torch.Size([70358, 24])
torch.Size([70358, 24])
torch.Size([70358, 24])
torch.Size([70358, 24])
torch.Size([70358, 24])
torch.Size([70358, 24])
torch.Size([70358, 24])
torch.Size([70358, 24])
torch.Size([70358, 24])
torch.Size([70358, 24])
torch.Size([70358, 24])
torch.Size([70358, 24])
torch.Size([70358, 24])
torch.Size([70358, 24])
torch.Size([70358, 24])
torch.Size([70358, 24])
torch.Size([70358, 24])
torch.Size([70358, 24])
torch.Size([70358, 24])
torch.Size([70358, 24])
torch.Size([70358, 24])
torch.Size([70358, 24])
torch.Size([70358, 24])
torch.Size([70358, 24])
torch.Size([70358, 24])
torch.Size([70358, 24])
torch.Size([70358, 24])
torch.Size([70358, 24])
torch.Size([70358, 24])
torch.Size([70358, 24])
torch.Size([70358, 24])
torch.Size([70358, 24])
torch.Size([70358, 24])
torch.Size([70358, 24])
torch.Size([70358, 24])
torch.Size([70358, 24])
torch.Size([70358, 24])
torch.Size([70358, 24])
torch.Size([70358, 24])
torch.Size([70358, 24])
torch.Size([70358, 24])
torch.Size([70358, 24])
torch.Size([70358, 24])
torch.Size([70358, 24])
torch.Size([70358, 24])
torch.Size([70358, 24])
torch.Size([70358, 24])
torch.Size([70358, 24])
torch.Size([70358, 24])
torch.Size([70358, 24])
torch.Size([70358, 24])
torch.Size([70358, 24])
torch.Size([70358, 24])
torch.Size([70358, 24])
torch.Size([70358, 24])
torch.Size([70358, 24])
torch.Size([70358, 24])
torch.Size([70358, 24])
torch.Size([70358, 24])
torch.Size([70358, 24])
torch.Size([70358, 24])
torch.Size([70358, 24])
torch.Size([70358, 24])
torch.Size([70358, 24])
torch.Size([70358, 24])
torch.Size([70358, 24])
torch.Size([70358, 24])
torch.Size([70358, 24])
torch.Size([70358, 24])
torch.Size([70358, 24])
S real T sketch Train Ep: 6300 lr0.006932011853915101 	 Loss Classification: 5.797243 Loss T 0.399677 Method MME

torch.Size([70358, 24])
torch.Size([70358, 24])
torch.Size([70358, 24])
torch.Size([70358, 24])
torch.Size([70358, 24])
torch.Size([70358, 24])
torch.Size([70358, 24])
torch.Size([70358, 24])
torch.Size([70358, 24])
torch.Size([70358, 24])
torch.Size([70358, 24])
torch.Size([70358, 24])
torch.Size([70358, 24])
torch.Size([70358, 24])
torch.Size([70358, 24])
torch.Size([70358, 24])
torch.Size([70358, 24])
torch.Size([70358, 24])
torch.Size([70358, 24])
torch.Size([70358, 24])
torch.Size([70358, 24])
torch.Size([70358, 24])
torch.Size([70358, 24])
torch.Size([70358, 24])
torch.Size([70358, 24])
torch.Size([70358, 24])
torch.Size([70358, 24])
torch.Size([70358, 24])
torch.Size([70358, 24])
torch.Size([70358, 24])
torch.Size([70358, 24])
torch.Size([70358, 24])
torch.Size([70358, 24])
torch.Size([70358, 24])
torch.Size([70358, 24])
torch.Size([70358, 24])
torch.Size([70358, 24])
torch.Size([70358, 24])
torch.Size([70358, 24])
torch.Size([70358, 24])
torch.Size([70358, 24])
torch.Size([70358, 24])
torch.Size([70358, 24])
torch.Size([70358, 24])
torch.Size([70358, 24])
torch.Size([70358, 24])
torch.Size([70358, 24])
torch.Size([70358, 24])
torch.Size([70358, 24])
torch.Size([70358, 24])
torch.Size([70358, 24])
torch.Size([70358, 24])
torch.Size([70358, 24])
torch.Size([70358, 24])
torch.Size([70358, 24])
torch.Size([70358, 24])
torch.Size([70358, 24])
torch.Size([70358, 24])
torch.Size([70358, 24])
torch.Size([70358, 24])
torch.Size([70358, 24])
torch.Size([70358, 24])
torch.Size([70358, 24])
torch.Size([70358, 24])
torch.Size([70358, 24])
torch.Size([70358, 24])
torch.Size([70358, 24])
torch.Size([70358, 24])
torch.Size([70358, 24])
torch.Size([70358, 24])
torch.Size([70358, 24])
torch.Size([70358, 24])
torch.Size([70358, 24])
torch.Size([70358, 24])
torch.Size([70358, 24])
torch.Size([70358, 24])
torch.Size([70358, 24])
torch.Size([70358, 24])
torch.Size([70358, 24])
torch.Size([70358, 24])
torch.Size([70358, 24])
torch.Size([70358, 24])
torch.Size([70358, 24])
torch.Size([70358, 24])
torch.Size([70358, 24])
torch.Size([70358, 24])
torch.Size([70358, 24])
torch.Size([70358, 24])
torch.Size([70358, 24])
torch.Size([70358, 24])
torch.Size([70358, 24])
torch.Size([70358, 24])
torch.Size([70358, 24])
torch.Size([70358, 24])
torch.Size([70358, 24])
torch.Size([70358, 24])
torch.Size([70358, 24])
torch.Size([70358, 24])
torch.Size([70358, 24])
torch.Size([70358, 24])
S real T sketch Train Ep: 6400 lr0.006900286356036734 	 Loss Classification: 5.969251 Loss T 0.406287 Method MME

torch.Size([70358, 24])
torch.Size([70358, 24])
torch.Size([70358, 24])
torch.Size([70358, 24])
torch.Size([70358, 24])
torch.Size([70358, 24])
torch.Size([70358, 24])
torch.Size([70358, 24])
torch.Size([70358, 24])
torch.Size([70358, 24])
torch.Size([70358, 24])
torch.Size([70358, 24])
torch.Size([70358, 24])
torch.Size([70358, 24])
torch.Size([70358, 24])
torch.Size([70358, 24])
torch.Size([70358, 24])
torch.Size([70358, 24])
torch.Size([70358, 24])
torch.Size([70358, 24])
torch.Size([70358, 24])
torch.Size([70358, 24])
torch.Size([70358, 24])
torch.Size([70358, 24])
torch.Size([70358, 24])
torch.Size([70358, 24])
torch.Size([70358, 24])
torch.Size([70358, 24])
torch.Size([70358, 24])
torch.Size([70358, 24])
torch.Size([70358, 24])
torch.Size([70358, 24])
torch.Size([70358, 24])
torch.Size([70358, 24])
torch.Size([70358, 24])
torch.Size([70358, 24])
torch.Size([70358, 24])
torch.Size([70358, 24])
torch.Size([70358, 24])
torch.Size([70358, 24])
torch.Size([70358, 24])
torch.Size([70358, 24])
torch.Size([70358, 24])
torch.Size([70358, 24])
torch.Size([70358, 24])
torch.Size([70358, 24])
torch.Size([70358, 24])
torch.Size([70358, 24])
torch.Size([70358, 24])
torch.Size([70358, 24])
torch.Size([70358, 24])
torch.Size([70358, 24])
torch.Size([70358, 24])
torch.Size([70358, 24])
torch.Size([70358, 24])
torch.Size([70358, 24])
torch.Size([70358, 24])
torch.Size([70358, 24])
torch.Size([70358, 24])
torch.Size([70358, 24])
torch.Size([70358, 24])
torch.Size([70358, 24])
torch.Size([70358, 24])
torch.Size([70358, 24])
torch.Size([70358, 24])
torch.Size([70358, 24])
torch.Size([70358, 24])
torch.Size([70358, 24])
torch.Size([70358, 24])
torch.Size([70358, 24])
torch.Size([70358, 24])
torch.Size([70358, 24])
torch.Size([70358, 24])
torch.Size([70358, 24])
torch.Size([70358, 24])
torch.Size([70358, 24])
torch.Size([70358, 24])
torch.Size([70358, 24])
torch.Size([70358, 24])
torch.Size([70358, 24])
torch.Size([70358, 24])
torch.Size([70358, 24])
torch.Size([70358, 24])
torch.Size([70358, 24])
torch.Size([70358, 24])
torch.Size([70358, 24])
torch.Size([70358, 24])
torch.Size([70358, 24])
torch.Size([70358, 24])
torch.Size([70358, 24])
torch.Size([70358, 24])
torch.Size([70358, 24])
torch.Size([70358, 24])
torch.Size([70358, 24])
torch.Size([70358, 24])
torch.Size([70358, 24])
torch.Size([70358, 24])
torch.Size([70358, 24])
torch.Size([70358, 24])
torch.Size([70358, 24])
S real T sketch Train Ep: 6500 lr0.006868897596529406 	 Loss Classification: 5.380613 Loss T 0.408118 Method MME


Labeled Target set: Average loss: 0.8785, Accuracy: 1069/1080 F1 (98.9815%)


Test set: Average loss: 3.0819, Accuracy: 11029/23808 F1 (46.3248%)


Val set: Average loss: 2.8681, Accuracy: 189/360 F1 (52.5000%)

