Dataset multi Source real Target sketch Labeled num perclass 3 Network resnet34
126 classes in this dataset
23826
Bank keys - Target:  dict_keys(['feat_vec', 'labels', 'names', 'domain_identifier']) Source:  dict_keys(['feat_vec', 'labels', 'names', 'domain_identifier'])
Num  - Target:  23826 Source:  70358
S real T sketch Train Ep: 0 lr0.01 	 Loss Classification: 4.862587 Loss T 0.471346 Method MME

S real T sketch Train Ep: 100 lr0.009925650290240803 	 Loss Classification: 0.993995 Loss T 0.299121 Method MME

S real T sketch Train Ep: 200 lr0.009852577760521605 	 Loss Classification: 0.500633 Loss T 0.243791 Method MME

S real T sketch Train Ep: 300 lr0.009780748269686728 	 Loss Classification: 0.305397 Loss T 0.234106 Method MME

S real T sketch Train Ep: 400 lr0.009710128909124701 	 Loss Classification: 0.477299 Loss T 0.236211 Method MME

S real T sketch Train Ep: 500 lr0.00964068794694323 	 Loss Classification: 0.603908 Loss T 0.227468 Method MME


Test set: Average loss: 2.3600, Accuracy: 11173/23808 F1 (47%)


Test set: Average loss: 2.0625, Accuracy: 185/360 F1 (51%)

best acc test 46.929603 best acc val 51.388889
saving model...
S real T sketch Train Ep: 600 lr0.00957239477517603 	 Loss Classification: 0.262173 Loss T 0.226476 Method MME

S real T sketch Train Ep: 700 lr0.009505219859830012 	 Loss Classification: 0.493753 Loss T 0.235882 Method MME

S real T sketch Train Ep: 800 lr0.009439134693595126 	 Loss Classification: 0.635135 Loss T 0.217853 Method MME

S real T sketch Train Ep: 900 lr0.009374111751051751 	 Loss Classification: 0.311894 Loss T 0.224114 Method MME

S real T sketch Train Ep: 1000 lr0.009310124446222227 	 Loss Classification: 0.636773 Loss T 0.222740 Method MME


Test set: Average loss: 2.2498, Accuracy: 11898/23808 F1 (50%)


Test set: Average loss: 2.0094, Accuracy: 194/360 F1 (54%)

best acc test 49.974798 best acc val 53.888889
saving model...
S real T sketch Train Ep: 1100 lr0.00924714709232377 	 Loss Classification: 0.614260 Loss T 0.214699 Method MME

S real T sketch Train Ep: 1200 lr0.009185154863590003 	 Loss Classification: 0.498780 Loss T 0.197145 Method MME

S real T sketch Train Ep: 1300 lr0.00912412375903735 	 Loss Classification: 0.528005 Loss T 0.209418 Method MME

S real T sketch Train Ep: 1400 lr0.009064030568061049 	 Loss Classification: 0.622506 Loss T 0.204511 Method MME

S real T sketch Train Ep: 1500 lr0.009004852837753237 	 Loss Classification: 0.297628 Loss T 0.178735 Method MME


Test set: Average loss: 2.8702, Accuracy: 9507/23808 F1 (40%)


Test set: Average loss: 2.6571, Accuracy: 156/360 F1 (43%)

best acc test 49.974798 best acc val 43.333333
saving model...
S real T sketch Train Ep: 1600 lr0.008946568841842816 	 Loss Classification: 0.315725 Loss T 0.209610 Method MME

S real T sketch Train Ep: 1700 lr0.008889157551163433 	 Loss Classification: 0.342469 Loss T 0.157565 Method MME

S real T sketch Train Ep: 1800 lr0.008832598605562044 	 Loss Classification: 0.360691 Loss T 0.136712 Method MME

S real T sketch Train Ep: 1900 lr0.008776872287166303 	 Loss Classification: 0.292136 Loss T 0.178621 Method MME

S real T sketch Train Ep: 2000 lr0.008721959494934213 	 Loss Classification: 0.506945 Loss T 0.188664 Method MME

0
1
2
3
4
5
6
7
8
9
10
11
12
13
14
15
16
17
18
19
20
21
22
23
24
25
26
27
28
29
30
31
32
33
34
35
36
37
38
39
40
41
42
43
44
45
46
47
48
49
50
51
52
53
54
55
56
57
58
59
60
61
62
63
64
65
66
67
68
69
70
71
72
73
74
75
76
77
78
79
80
81
82
83
84
85
86
87
88
89
90
91
92
93
94
95
96
97
98
99
100
101
102
103
104
105
106
107
108
109
110
111
112
113
114
115
116
117
118
119
120
121
122
123
124
125
126
127
128
129
130
131
132
133
134
135
136
137
138
139
140
141
142
143
144
145
146
147
148
149
150
151
152
153
154
155
156
157
158
159
160
161
162
163
164
165
166
167
168
169
170
171
172
173
174
175
176
177
178
179
180
181
182
183
184
185
186
187
188
189
190
191
192
193
194
195
196
197
198
199
200
201
202
203
204
205
206
207
208
209
210
211
212
213
214
215
216
217
218
219
220
221
222
223
224
225
226
227
228
229
230
231
232
233
234
235
236
237
238
239
240
241
242
243
244
245
246
247
248
249
250
251
252
253
254
255
256
257
258
259
260
261
262
263
264
265
266
267
268
269
270
271
272
273
274
275
276
277
278
279
280
281
282
283
284
285
286
287
288
289
290
291
292
293
294
295
296
297
298
299
300
301
302
303
304
305
306
307
308
309
310
311
312
313
314
315
316
317
318
319
320
321
322
323
324
325
326
327
328
329
330
331
332
333
334
335
336
337
338
339
340
341
342
343
344
345
346
347
348
349
350
351
352
353
354
355
356
357
358
359
360
361
362
363
364
365
366
367
368
369
370
371
372
373
374
375
376
377
378
379
380
381
382
383
384
385
386
387
388
389
390
391
392
393
394
395
396
397
398
399
400
401
402
403
404
405
406
407
408
409
410
411
412
413
414
415
416
417
418
419
420
421
422
423
424
425
426
427
428
429
430
431
432
433
434
435
436
437
438
439
440
441
442
443
444
445
446
447
448
449
450
451
452
453
454
455
456
457
458
459
460
461
462
463
464
465
466
467
468
469
470
471
472
473
474
475
476
477
478
479
480
481
482
483
484
485
486
487
488
489
490
491
492
493
494
495

Test set: Average loss: 2.3110, Accuracy: 11768/23808 F1 (49%)


Test set: Average loss: 1.9238, Accuracy: 197/360 F1 (55%)

best acc test 49.428763 best acc val 54.722222
saving model...
S real T sketch Train Ep: 2100 lr0.008667841720414475 	 Loss Classification: 0.366168 Loss T 0.180168 Method MME

S real T sketch Train Ep: 2200 lr0.008614501024650454 	 Loss Classification: 0.341108 Loss T 0.134687 Method MME

S real T sketch Train Ep: 2300 lr0.008561920016164943 	 Loss Classification: 0.471933 Loss T 0.148272 Method MME

S real T sketch Train Ep: 2400 lr0.008510081829966844 	 Loss Classification: 0.358173 Loss T 0.144238 Method MME

S real T sketch Train Ep: 2500 lr0.008458970107524513 	 Loss Classification: 0.299606 Loss T 0.117581 Method MME


Test set: Average loss: 1.9069, Accuracy: 14263/23808 F1 (60%)


Test set: Average loss: 1.7142, Accuracy: 219/360 F1 (61%)

best acc test 59.908434 best acc val 60.833333
saving model...
S real T sketch Train Ep: 2600 lr0.008408568977653933 	 Loss Classification: 0.248557 Loss T 0.115652 Method MME

S real T sketch Train Ep: 2700 lr0.00835886303827305 	 Loss Classification: 0.423545 Loss T 0.140306 Method MME

S real T sketch Train Ep: 2800 lr0.008309837338976545 	 Loss Classification: 0.467977 Loss T 0.111674 Method MME

S real T sketch Train Ep: 2900 lr0.008261477364388068 	 Loss Classification: 0.284517 Loss T 0.104077 Method MME

S real T sketch Train Ep: 3000 lr0.008213769018249545 	 Loss Classification: 0.208108 Loss T 0.109972 Method MME


Test set: Average loss: 1.7965, Accuracy: 14885/23808 F1 (63%)


Test set: Average loss: 1.6327, Accuracy: 230/360 F1 (64%)

best acc test 62.521001 best acc val 63.888889
saving model...
S real T sketch Train Ep: 3100 lr0.008166698608209509 	 Loss Classification: 0.375864 Loss T 0.117887 Method MME

S real T sketch Train Ep: 3200 lr0.008120252831274708 	 Loss Classification: 0.438773 Loss T 0.115977 Method MME

S real T sketch Train Ep: 3300 lr0.008074418759891278 	 Loss Classification: 0.553722 Loss T 0.130908 Method MME

S real T sketch Train Ep: 3400 lr0.008029183828623731 	 Loss Classification: 0.386494 Loss T 0.107353 Method MME

S real T sketch Train Ep: 3500 lr0.007984535821401871 	 Loss Classification: 0.414479 Loss T 0.090145 Method MME


Test set: Average loss: 1.7965, Accuracy: 15114/23808 F1 (63%)


Test set: Average loss: 1.6291, Accuracy: 231/360 F1 (64%)

best acc test 63.482863 best acc val 64.166667
saving model...
S real T sketch Train Ep: 3600 lr0.007940462859307384 	 Loss Classification: 0.333170 Loss T 0.098449 Method MME

S real T sketch Train Ep: 3700 lr0.007896953388873518 	 Loss Classification: 0.246998 Loss T 0.095116 Method MME

S real T sketch Train Ep: 3800 lr0.007853996170872714 	 Loss Classification: 0.098887 Loss T 0.085391 Method MME

S real T sketch Train Ep: 3900 lr0.00781158026956848 	 Loss Classification: 0.250493 Loss T 0.100959 Method MME

S real T sketch Train Ep: 4000 lr0.007769695042409123 	 Loss Classification: 0.199283 Loss T 0.060161 Method MME

0
1
2
3
4
5
6
7
8
9
10
11
12
13
14
15
16
17
18
19
20
21
22
23
24
25
26
27
28
29
30
31
32
33
34
35
36
37
38
39
40
41
42
43
44
45
46
47
48
49
50
51
52
53
54
55
56
57
58
59
60
61
62
63
64
65
66
67
68
69
70
71
72
73
74
75
76
77
78
79
80
81
82
83
84
85
86
87
88
89
90
91
92
93
94
95
96
97
98
99
100
101
102
103
104
105
106
107
108
109
110
111
112
113
114
115
116
117
118
119
120
121
122
123
124
125
126
127
128
129
130
131
132
133
134
135
136
137
138
139
140
141
142
143
144
145
146
147
148
149
150
151
152
153
154
155
156
157
158
159
160
161
162
163
164
165
166
167
168
169
170
171
172
173
174
175
176
177
178
179
180
181
182
183
184
185
186
187
188
189
190
191
192
193
194
195
196
197
198
199
200
201
202
203
204
205
206
207
208
209
210
211
212
213
214
215
216
217
218
219
220
221
222
223
224
225
226
227
228
229
230
231
232
233
234
235
236
237
238
239
240
241
242
243
244
245
246
247
248
249
250
251
252
253
254
255
256
257
258
259
260
261
262
263
264
265
266
267
268
269
270
271
272
273
274
275
276
277
278
279
280
281
282
283
284
285
286
287
288
289
290
291
292
293
294
295
296
297
298
299
300
301
302
303
304
305
306
307
308
309
310
311
312
313
314
315
316
317
318
319
320
321
322
323
324
325
326
327
328
329
330
331
332
333
334
335
336
337
338
339
340
341
342
343
344
345
346
347
348
349
350
351
352
353
354
355
356
357
358
359
360
361
362
363
364
365
366
367
368
369
370
371
372
373
374
375
376
377
378
379
380
381
382
383
384
385
386
387
388
389
390
391
392
393
394
395
396
397
398
399
400
401
402
403
404
405
406
407
408
409
410
411
412
413
414
415
416
417
418
419
420
421
422
423
424
425
426
427
428
429
430
431
432
433
434
435
436
437
438
439
440
441
442
443
444
445
446
447
448
449
450
451
452
453
454
455
456
457
458
459
460
461
462
463
464
465
466
467
468
469
470
471
472
473
474
475
476
477
478
479
480
481
482
483
484
485
486
487
488
489
490
491
492
493
494
495

Test set: Average loss: 1.7876, Accuracy: 15357/23808 F1 (65%)


Test set: Average loss: 1.5447, Accuracy: 233/360 F1 (65%)

best acc test 64.503528 best acc val 64.722222
saving model...
S real T sketch Train Ep: 4100 lr0.007728330130142108 	 Loss Classification: 0.130345 Loss T 0.118680 Method MME

S real T sketch Train Ep: 4200 lr0.007687475447329114 	 Loss Classification: 0.169211 Loss T 0.111732 Method MME

S real T sketch Train Ep: 4300 lr0.0076471211732427845 	 Loss Classification: 0.288549 Loss T 0.062866 Method MME

S real T sketch Train Ep: 4400 lr0.007607257743127307 	 Loss Classification: 0.318050 Loss T 0.100378 Method MME

S real T sketch Train Ep: 4500 lr0.007567875839805858 	 Loss Classification: 0.144039 Loss T 0.067792 Method MME


Test set: Average loss: 1.7889, Accuracy: 15411/23808 F1 (65%)


Test set: Average loss: 1.6051, Accuracy: 231/360 F1 (64%)

best acc test 64.503528 best acc val 64.166667
saving model...
S real T sketch Train Ep: 4600 lr0.007528966385618854 	 Loss Classification: 0.318336 Loss T 0.064572 Method MME

S real T sketch Train Ep: 4700 lr0.007490520534677821 	 Loss Classification: 0.390105 Loss T 0.090470 Method MME

S real T sketch Train Ep: 4800 lr0.007452529665420465 	 Loss Classification: 0.193252 Loss T 0.110593 Method MME

S real T sketch Train Ep: 4900 lr0.007414985373453289 	 Loss Classification: 0.308380 Loss T 0.102742 Method MME

S real T sketch Train Ep: 5000 lr0.007377879464668811 	 Loss Classification: 0.337467 Loss T 0.088509 Method MME


Test set: Average loss: 1.7171, Accuracy: 15782/23808 F1 (66%)


Test set: Average loss: 1.4735, Accuracy: 243/360 F1 (68%)

best acc test 66.288642 best acc val 67.500000
saving model...
S real T sketch Train Ep: 5100 lr0.007341203948625087 	 Loss Classification: 0.236556 Loss T 0.088257 Method MME

S real T sketch Train Ep: 5200 lr0.007304951032175895 	 Loss Classification: 0.576304 Loss T 0.084950 Method MME

S real T sketch Train Ep: 5300 lr0.007269113113340497 	 Loss Classification: 0.473383 Loss T 0.096136 Method MME

S real T sketch Train Ep: 5400 lr0.007233682775402483 	 Loss Classification: 0.440380 Loss T 0.075821 Method MME

S real T sketch Train Ep: 5500 lr0.007198652781227704 	 Loss Classification: 0.148531 Loss T 0.081299 Method MME


Test set: Average loss: 1.7455, Accuracy: 15834/23808 F1 (67%)


Test set: Average loss: 1.4781, Accuracy: 238/360 F1 (66%)

best acc test 66.288642 best acc val 66.111111
saving model...
S real T sketch Train Ep: 5600 lr0.007164016067791809 	 Loss Classification: 0.168207 Loss T 0.067956 Method MME

S real T sketch Train Ep: 5700 lr0.0071297657409083726 	 Loss Classification: 0.271088 Loss T 0.120941 Method MME

S real T sketch Train Ep: 5800 lr0.0070958950701490225 	 Loss Classification: 0.242082 Loss T 0.074476 Method MME

S real T sketch Train Ep: 5900 lr0.007062397483947426 	 Loss Classification: 0.166629 Loss T 0.058063 Method MME

S real T sketch Train Ep: 6000 lr0.007029266564879363 	 Loss Classification: 0.165300 Loss T 0.079013 Method MME

