Dataset multi Source real Target sketch Labeled num perclass 3 Network resnet34
126 classes in this dataset
Unlabelled Target Dataset Size:  23826
Labelled Target Dataset Size:  378
Misc. Labelled Target Dataset Size:  378
Bank keys - Target:  dict_keys(['feat_vec', 'labels', 'names', 'domain_identifier']) Source:  dict_keys(['feat_vec', 'labels', 'names', 'domain_identifier'])
Num  - Target:  23826 Source:  70358
S real T sketch Train Ep: 0 lr0.01 	 Loss Classification: 4.915094 Loss T 0.470590 Method MME


Labeled Target set: Average loss: 4.9606, Accuracy: 13/1080 F1 (1.2037%)


Test set: Average loss: 4.9646, Accuracy: 114/23808 F1 (0.4788%)


Val set: Average loss: 4.9672, Accuracy: 2/360 F1 (0.5556%)

best acc test 0.478831  acc val 0.555556 acc labeled target 1.203704
saving model...
S real T sketch Train Ep: 100 lr0.009925650290240803 	 Loss Classification: 1.661342 Loss T 0.294433 Method MME

S real T sketch Train Ep: 200 lr0.009852577760521605 	 Loss Classification: 1.641809 Loss T 0.201375 Method MME

S real T sketch Train Ep: 300 lr0.009780748269686728 	 Loss Classification: 0.742697 Loss T 0.188280 Method MME

S real T sketch Train Ep: 400 lr0.009710128909124701 	 Loss Classification: 0.979599 Loss T 0.167758 Method MME

S real T sketch Train Ep: 500 lr0.00964068794694323 	 Loss Classification: 0.983376 Loss T 0.177736 Method MME


Labeled Target set: Average loss: 2.5753, Accuracy: 467/1080 F1 (43.2407%)


Test set: Average loss: 2.5444, Accuracy: 11046/23808 F1 (46.3962%)


Val set: Average loss: 2.4499, Accuracy: 173/360 F1 (48.0556%)

best acc test 46.396169  acc val 48.055556 acc labeled target 43.240741
saving model...
S real T sketch Train Ep: 600 lr0.00957239477517603 	 Loss Classification: 1.386487 Loss T 0.147209 Method MME

S real T sketch Train Ep: 700 lr0.009505219859830012 	 Loss Classification: 0.787707 Loss T 0.150042 Method MME

S real T sketch Train Ep: 800 lr0.009439134693595126 	 Loss Classification: 1.480930 Loss T 0.178136 Method MME

