Dataset multi Source real Target sketch Labeled num perclass 3 Network resnet34
126 classes in this dataset
Unlabelled Target Dataset Size:  23826
Labelled Target Dataset Size:  378
Misc. Labelled Target Dataset Size:  378
Bank keys - Target:  dict_keys(['feat_vec', 'labels', 'names', 'domain_identifier']) Source:  dict_keys(['feat_vec', 'labels', 'names', 'domain_identifier'])
Num  - Target:  23826 Source:  70358
S real T sketch Train Ep: 0 lr0.01 	 Loss Classification: 4.990029 Loss T 0.469448 Method MME


Labeled Target set: Average loss: 4.9336, Accuracy: 7/1080 F1 (0.6481%)


Test set: Average loss: 4.9518, Accuracy: 110/23808 F1 (0.4620%)


Val set: Average loss: 4.9762, Accuracy: 3/360 F1 (0.8333%)

best acc test 0.462030  acc val 0.833333 acc labeled target 0.648148
saving model...
S real T sketch Train Ep: 100 lr0.009925650290240803 	 Loss Classification: 1.657676 Loss T 0.297282 Method MME

S real T sketch Train Ep: 200 lr0.009852577760521605 	 Loss Classification: 0.851967 Loss T 0.207585 Method MME

S real T sketch Train Ep: 300 lr0.009780748269686728 	 Loss Classification: 1.254524 Loss T 0.206245 Method MME

S real T sketch Train Ep: 400 lr0.009710128909124701 	 Loss Classification: 1.008003 Loss T 0.180767 Method MME

S real T sketch Train Ep: 500 lr0.00964068794694323 	 Loss Classification: 0.657053 Loss T 0.178246 Method MME


Labeled Target set: Average loss: 2.5873, Accuracy: 458/1080 F1 (42.4074%)


Test set: Average loss: 2.5139, Accuracy: 11210/23808 F1 (47.0850%)


Val set: Average loss: 2.4017, Accuracy: 168/360 F1 (46.6667%)

best acc test 47.085013  acc val 46.666667 acc labeled target 42.407407
saving model...
