Dataset multi Source real Target sketch Labeled num perclass 3 Network resnet34
126 classes in this dataset
S real T sketch Train Ep: 0 lr0.01 	 Loss Classification: 4.926527 Method S+T

S real T sketch Train Ep: 100 lr0.009925650290240803 	 Loss Classification: 0.719571 Method S+T

S real T sketch Train Ep: 200 lr0.009852577760521605 	 Loss Classification: 0.678793 Method S+T

S real T sketch Train Ep: 300 lr0.009780748269686728 	 Loss Classification: 0.541271 Method S+T

S real T sketch Train Ep: 400 lr0.009710128909124701 	 Loss Classification: 0.798987 Method S+T

S real T sketch Train Ep: 500 lr0.00964068794694323 	 Loss Classification: 0.434223 Method S+T


Test set: Average loss: 3.7486, Accuracy: 6158/23808 F1 (26%)


Test set: Average loss: 3.5085, Accuracy: 98/360 F1 (27%)

best acc test 25.865255 best acc val 27.222222
record record/multi/S+T/S+T_net_resnet34_real_to_sketch_num_3
saving model...
S real T sketch Train Ep: 600 lr0.00957239477517603 	 Loss Classification: 0.413890 Method S+T

S real T sketch Train Ep: 700 lr0.009505219859830012 	 Loss Classification: 0.387152 Method S+T

S real T sketch Train Ep: 800 lr0.009439134693595126 	 Loss Classification: 0.790372 Method S+T

S real T sketch Train Ep: 900 lr0.009374111751051751 	 Loss Classification: 0.404657 Method S+T

S real T sketch Train Ep: 1000 lr0.009310124446222227 	 Loss Classification: 0.564404 Method S+T


Test set: Average loss: 6.2509, Accuracy: 1561/23808 F1 (7%)


Test set: Average loss: 6.0055, Accuracy: 19/360 F1 (5%)

best acc test 25.865255 best acc val 5.277778
record record/multi/S+T/S+T_net_resnet34_real_to_sketch_num_3
saving model...
S real T sketch Train Ep: 1100 lr0.00924714709232377 	 Loss Classification: 0.328715 Method S+T

S real T sketch Train Ep: 1200 lr0.009185154863590003 	 Loss Classification: 0.436870 Method S+T

S real T sketch Train Ep: 1300 lr0.00912412375903735 	 Loss Classification: 0.302985 Method S+T

S real T sketch Train Ep: 1400 lr0.009064030568061049 	 Loss Classification: 0.321630 Method S+T

S real T sketch Train Ep: 1500 lr0.009004852837753237 	 Loss Classification: 0.319212 Method S+T


Test set: Average loss: 8.0846, Accuracy: 800/23808 F1 (3%)


Test set: Average loss: 7.8712, Accuracy: 13/360 F1 (4%)

best acc test 25.865255 best acc val 3.611111
record record/multi/S+T/S+T_net_resnet34_real_to_sketch_num_3
saving model...
S real T sketch Train Ep: 1600 lr0.008946568841842816 	 Loss Classification: 0.204935 Method S+T

S real T sketch Train Ep: 1700 lr0.008889157551163433 	 Loss Classification: 0.376836 Method S+T

S real T sketch Train Ep: 1800 lr0.008832598605562044 	 Loss Classification: 0.125965 Method S+T

S real T sketch Train Ep: 1900 lr0.008776872287166303 	 Loss Classification: 0.344288 Method S+T

S real T sketch Train Ep: 2000 lr0.008721959494934213 	 Loss Classification: 0.228083 Method S+T


Test set: Average loss: 5.8949, Accuracy: 2377/23808 F1 (10%)


Test set: Average loss: 5.6326, Accuracy: 45/360 F1 (12%)

best acc test 25.865255 best acc val 12.500000
record record/multi/S+T/S+T_net_resnet34_real_to_sketch_num_3
saving model...
S real T sketch Train Ep: 2100 lr0.008667841720414475 	 Loss Classification: 0.248542 Method S+T

S real T sketch Train Ep: 2200 lr0.008614501024650454 	 Loss Classification: 0.324535 Method S+T

S real T sketch Train Ep: 2300 lr0.008561920016164943 	 Loss Classification: 0.135856 Method S+T

S real T sketch Train Ep: 2400 lr0.008510081829966844 	 Loss Classification: 0.409312 Method S+T

S real T sketch Train Ep: 2500 lr0.008458970107524513 	 Loss Classification: 0.194300 Method S+T


Test set: Average loss: 6.5884, Accuracy: 1685/23808 F1 (7%)


Test set: Average loss: 6.2862, Accuracy: 30/360 F1 (8%)

best acc test 25.865255 best acc val 8.333333
record record/multi/S+T/S+T_net_resnet34_real_to_sketch_num_3
saving model...
S real T sketch Train Ep: 2600 lr0.008408568977653933 	 Loss Classification: 0.498478 Method S+T

S real T sketch Train Ep: 2700 lr0.00835886303827305 	 Loss Classification: 0.489876 Method S+T

S real T sketch Train Ep: 2800 lr0.008309837338976545 	 Loss Classification: 0.178207 Method S+T

S real T sketch Train Ep: 2900 lr0.008261477364388068 	 Loss Classification: 0.278144 Method S+T

S real T sketch Train Ep: 3000 lr0.008213769018249545 	 Loss Classification: 0.117097 Method S+T


Test set: Average loss: 6.8319, Accuracy: 1429/23808 F1 (6%)


Test set: Average loss: 6.4292, Accuracy: 29/360 F1 (8%)

best acc test 25.865255 best acc val 8.055556
record record/multi/S+T/S+T_net_resnet34_real_to_sketch_num_3
saving model...
S real T sketch Train Ep: 3100 lr0.008166698608209509 	 Loss Classification: 0.509106 Method S+T

S real T sketch Train Ep: 3200 lr0.008120252831274708 	 Loss Classification: 0.204409 Method S+T

S real T sketch Train Ep: 3300 lr0.008074418759891278 	 Loss Classification: 0.144393 Method S+T

S real T sketch Train Ep: 3400 lr0.008029183828623731 	 Loss Classification: 0.332809 Method S+T

S real T sketch Train Ep: 3500 lr0.007984535821401871 	 Loss Classification: 0.245017 Method S+T


Test set: Average loss: 5.4583, Accuracy: 2931/23808 F1 (12%)


Test set: Average loss: 5.3168, Accuracy: 49/360 F1 (14%)

