Dataset multi Source real Target sketch Labeled num perclass 3 Network resnet34
126 classes in this dataset
Labelled Source Examples:  70358
Unlabelled Target Dataset Size:  23826
Labelled Target Dataset Size:  378
Misc. Labelled Target Dataset Size:  378
Confidence Threshold for Consistency Reg is:  0.5
Phi value in Source example weighing is:  0.5
Bank keys - Target:  dict_keys(['names', 'labels', 'feat_vec', 'domain_identifier']) Source:  dict_keys(['feat_vec', 'names', 'labels', 'domain_identifier'])
Num  - Target:  23826 Source:  70358
Unlabeled Target Data Batches: 496
S real T sketch Train Ep: 0 lr0.01 	 Loss Classification: 4.967056 Loss T 0.471459 Method MME

24
24
24
24
24
24
24
24
24
24
24
24
24
24
24
24
tensor(1134.)

Labeled Target set: Average loss: 4.9247, Accuracy: 10/1134 F1 (0.8818%)


Test set: Average loss: 4.9165, Accuracy: 248/23808 F1 (1.0417%)


Val set: Average loss: 4.9415, Accuracy: 4/360 F1 (1.1111%)

Patience Reset, Counter is: 0
best acc test 1.041667  acc val 1.111111 acc labeled target 0.881834
S real T sketch Train Ep: 100 lr0.009925650290240803 	 Loss Classification: 1.571823 Loss T 0.275951 Method MME

S real T sketch Train Ep: 200 lr0.009852577760521605 	 Loss Classification: 0.949916 Loss T 0.192016 Method MME

S real T sketch Train Ep: 300 lr0.009780748269686728 	 Loss Classification: 0.743022 Loss T 0.145457 Method MME

S real T sketch Train Ep: 400 lr0.009710128909124701 	 Loss Classification: 0.705901 Loss T 0.141806 Method MME

S real T sketch Train Ep: 500 lr0.00964068794694323 	 Loss Classification: 1.167775 Loss T 0.138956 Method MME

24
24
24
24
24
24
24
24
24
24
24
24
24
24
24
24
tensor(1134.)

Labeled Target set: Average loss: 2.6576, Accuracy: 498/1134 F1 (43.9153%)


Test set: Average loss: 2.4376, Accuracy: 12019/23808 F1 (50.4830%)


Val set: Average loss: 2.3433, Accuracy: 183/360 F1 (50.8333%)

Patience Reset, Counter is: 0
best acc test 50.483031  acc val 50.833333 acc labeled target 43.915344
S real T sketch Train Ep: 600 lr0.00957239477517603 	 Loss Classification: 0.369789 Loss T 0.114598 Method MME

S real T sketch Train Ep: 700 lr0.009505219859830012 	 Loss Classification: 0.736307 Loss T 0.112015 Method MME

S real T sketch Train Ep: 800 lr0.009439134693595126 	 Loss Classification: 1.911912 Loss T 0.118279 Method MME

S real T sketch Train Ep: 900 lr0.009374111751051751 	 Loss Classification: 1.505049 Loss T 0.113215 Method MME

S real T sketch Train Ep: 1000 lr0.009310124446222227 	 Loss Classification: 0.427927 Loss T 0.129091 Method MME

24
24
24
24
24
24
24
24
24
24
24
24
24
24
24
24
tensor(1134.)

Labeled Target set: Average loss: 2.4717, Accuracy: 531/1134 F1 (46.8254%)


Test set: Average loss: 2.3815, Accuracy: 12787/23808 F1 (53.7088%)


Val set: Average loss: 2.3803, Accuracy: 182/360 F1 (50.5556%)

Patience getting saturated, current counter is:  0
best acc test 50.483031  acc val 50.555556 acc labeled target 46.825397
S real T sketch Train Ep: 1100 lr0.00924714709232377 	 Loss Classification: 1.062239 Loss T 0.105578 Method MME

S real T sketch Train Ep: 1200 lr0.009185154863590003 	 Loss Classification: 0.538260 Loss T 0.128255 Method MME

S real T sketch Train Ep: 1300 lr0.00912412375903735 	 Loss Classification: 0.231648 Loss T 0.108402 Method MME

S real T sketch Train Ep: 1400 lr0.009064030568061049 	 Loss Classification: 0.636435 Loss T 0.094413 Method MME

S real T sketch Train Ep: 1500 lr0.009004852837753237 	 Loss Classification: 0.180781 Loss T 0.116716 Method MME

24
24
24
24
24
24
24
24
24
24
24
24
24
24
24
24
tensor(1134.)

Labeled Target set: Average loss: 2.4906, Accuracy: 580/1134 F1 (51.1464%)


Test set: Average loss: 2.2490, Accuracy: 13554/23808 F1 (56.9304%)


Val set: Average loss: 2.1480, Accuracy: 196/360 F1 (54.4444%)

Patience Reset, Counter is: 1
best acc test 56.930444  acc val 54.444444 acc labeled target 51.146384
S real T sketch Train Ep: 1600 lr0.008946568841842816 	 Loss Classification: 0.725165 Loss T 0.114770 Method MME

S real T sketch Train Ep: 1700 lr0.008889157551163433 	 Loss Classification: 0.395614 Loss T 0.108838 Method MME

S real T sketch Train Ep: 1800 lr0.008832598605562044 	 Loss Classification: 0.923059 Loss T 0.082806 Method MME

S real T sketch Train Ep: 1900 lr0.008776872287166303 	 Loss Classification: 0.496306 Loss T 0.097307 Method MME

Per Class Accuracy Calculated According to the Labelled Target examples is:  [0.44444445 1.         0.44444445 0.44444445 0.8888889  0.33333334
 0.33333334 1.         0.44444445 0.         0.6666667  0.8888889
 0.         0.11111111 0.8888889  0.6666667  1.         1.
 0.6666667  0.         0.6666667  0.6666667  0.8888889  1.
 0.5555556  0.22222222 0.         0.7777778  0.6666667  0.22222222
 0.44444445 0.11111111 0.         0.11111111 0.6666667  0.7777778
 0.33333334 0.         0.7777778  1.         0.33333334 0.6666667
 0.33333334 0.6666667  0.11111111 0.6666667  1.         0.5555556
 0.33333334 1.         0.33333334 0.         0.6666667  0.8888889
 0.7777778  0.22222222 0.7777778  0.5555556  0.8888889  0.8888889
 1.         0.11111111 0.8888889  0.33333334 0.7777778  0.5555556
 0.11111111 0.6666667  0.33333334 0.7777778  0.         0.
 0.6666667  0.33333334 1.         0.         0.44444445 0.6666667
 1.         0.7777778  0.         0.33333334 0.         0.
 0.44444445 0.44444445 0.7777778  0.6666667  0.         0.11111111
 0.11111111 0.7777778  0.6666667  0.8888889  1.         0.5555556
 0.7777778  0.8888889  0.         0.11111111 0.8888889  0.22222222
 0.6666667  0.6666667  0.8888889  0.         0.         0.44444445
 0.         0.44444445 0.33333334 1.         0.5555556  1.
 0.8888889  0.7777778  0.         0.6666667  0.         0.33333334
 0.5555556  0.8888889  0.5555556  0.         0.         0.8888889 ]
Top k classes which perform poorly are:  [71, 32, 108, 106, 26, 124, 37, 116, 19, 70, 118, 98, 105, 51, 12, 123, 83, 82, 88, 75, 80, 9, 61, 33, 31, 90, 99, 13, 66, 44, 89, 25, 29, 101, 55, 48, 68, 63, 73, 81, 50, 42, 110, 6, 40, 119, 5, 36, 30, 3, 109, 84, 0, 8, 76, 2, 107, 85, 65, 24, 120, 57, 122, 95, 47, 112, 92, 103, 102, 10, 77, 87, 15, 43, 41, 45, 52, 34, 28, 72, 21, 117, 18, 20, 67, 54, 96, 38, 35, 69, 91, 86, 79, 27, 115, 64, 56, 104, 114, 121, 62, 97, 4, 11, 14, 22, 100, 53, 125, 59, 93, 58, 1, 94, 7, 78, 16, 17, 23, 39, 60, 46, 111, 49, 74, 113]
0
1
2
3
4
5
6
7
8
9
10
11
12
13
14
15
16
17
18
19
20
21
22
23
24
25
26
27
28
29
30
31
32
33
34
35
36
37
38
39
40
41
42
43
44
45
46
47
48
49
50
51
52
53
54
55
56
57
58
59
60
61
62
63
64
65
66
67
68
69
70
71
72
73
74
75
76
77
78
79
80
81
82
83
84
85
86
87
88
89
90
91
92
93
94
95
96
97
98
99
100
101
102
103
104
105
106
107
108
109
110
111
112
113
114
115
116
117
118
119
120
121
122
123
124
125
126
127
128
129
130
131
132
133
134
135
136
137
138
139
140
141
142
143
144
145
146
147
148
149
150
151
152
153
154
155
156
157
158
159
160
161
162
163
164
165
166
167
168
169
170
171
172
173
174
175
176
177
178
179
180
181
182
183
184
185
186
187
188
189
190
191
192
193
194
195
196
197
198
199
200
201
202
203
204
205
206
207
208
209
210
211
212
213
214
215
216
217
218
219
220
221
222
223
224
225
226
227
228
229
230
231
232
233
234
235
236
237
238
239
240
241
242
243
244
245
246
247
248
249
250
251
252
253
254
255
256
257
258
259
260
261
262
263
264
265
266
267
268
269
270
271
272
273
274
275
276
277
278
279
280
281
282
283
284
285
286
287
288
289
290
291
292
293
294
295
296
297
298
299
300
301
302
303
304
305
306
307
308
309
310
311
312
313
314
315
316
317
318
319
320
321
322
323
324
325
326
327
328
329
330
331
332
333
334
335
336
337
338
339
340
341
342
343
344
345
346
347
348
349
350
351
352
353
354
355
356
357
358
359
360
361
362
363
364
365
366
367
368
369
370
371
372
373
374
375
376
377
Assigned Classwise weights to source
S real T sketch Train Ep: 2000 lr0.008721959494934213 	 Loss Classification: 0.888234 Loss T 0.085857 Method MME

24
24
24
24
24
24
24
24
24
24
24
24
24
24
24
24
tensor(1134.)

Labeled Target set: Average loss: 2.6229, Accuracy: 570/1134 F1 (50.2645%)


Test set: Average loss: 2.4452, Accuracy: 13134/23808 F1 (55.1663%)


Val set: Average loss: 2.3017, Accuracy: 194/360 F1 (53.8889%)

Patience getting saturated, current counter is:  0
best acc test 56.930444  acc val 53.888889 acc labeled target 50.264550
S real T sketch Train Ep: 2100 lr0.008667841720414475 	 Loss Classification: 0.405248 Loss T 0.087030 Method MME

S real T sketch Train Ep: 2200 lr0.008614501024650454 	 Loss Classification: 0.687246 Loss T 0.104722 Method MME

S real T sketch Train Ep: 2300 lr0.008561920016164943 	 Loss Classification: 0.480632 Loss T 0.055959 Method MME

S real T sketch Train Ep: 2400 lr0.008510081829966844 	 Loss Classification: 0.902398 Loss T 0.089156 Method MME

S real T sketch Train Ep: 2500 lr0.008458970107524513 	 Loss Classification: 0.540282 Loss T 0.094868 Method MME

24
24
24
24
24
24
24
24
24
24
24
24
24
24
24
24
tensor(1134.)

Labeled Target set: Average loss: 2.5211, Accuracy: 598/1134 F1 (52.7337%)


Test set: Average loss: 2.4422, Accuracy: 13395/23808 F1 (56.2626%)


Val set: Average loss: 2.2619, Accuracy: 202/360 F1 (56.1111%)

Patience Reset, Counter is: 1
best acc test 56.262601  acc val 56.111111 acc labeled target 52.733686
S real T sketch Train Ep: 2600 lr0.008408568977653933 	 Loss Classification: 0.666595 Loss T 0.093952 Method MME

S real T sketch Train Ep: 2700 lr0.00835886303827305 	 Loss Classification: 0.718436 Loss T 0.096297 Method MME

S real T sketch Train Ep: 2800 lr0.008309837338976545 	 Loss Classification: 0.516687 Loss T 0.092885 Method MME

S real T sketch Train Ep: 2900 lr0.008261477364388068 	 Loss Classification: 0.513624 Loss T 0.079502 Method MME

Per Class Accuracy Calculated According to the Labelled Target examples is:  [0.8888889  1.         0.33333334 0.44444445 0.6666667  0.33333334
 0.22222222 1.         0.44444445 0.         0.6666667  0.8888889
 0.         0.         1.         0.11111111 1.         0.7777778
 0.5555556  0.11111111 0.6666667  0.33333334 1.         0.6666667
 0.33333334 0.33333334 0.         0.7777778  0.5555556  0.22222222
 0.6666667  0.11111111 0.44444445 0.22222222 0.6666667  0.6666667
 0.         0.         0.6666667  1.         0.44444445 0.8888889
 0.44444445 0.7777778  0.44444445 0.         0.7777778  0.6666667
 0.         1.         0.33333334 0.33333334 1.         1.
 0.7777778  0.33333334 0.5555556  0.6666667  0.7777778  0.8888889
 1.         0.33333334 1.         0.33333334 0.33333334 0.5555556
 0.5555556  1.         0.6666667  1.         0.33333334 0.33333334
 0.22222222 0.22222222 0.6666667  0.33333334 0.22222222 0.8888889
 1.         0.44444445 0.         0.33333334 0.33333334 1.
 0.22222222 1.         0.6666667  0.6666667  0.         0.22222222
 0.5555556  0.6666667  0.6666667  0.7777778  0.7777778  0.33333334
 0.22222222 0.8888889  0.22222222 0.33333334 1.         0.33333334
 0.6666667  0.6666667  0.7777778  0.         0.33333334 0.44444445
 0.         0.33333334 1.         1.         0.33333334 1.
 0.5555556  1.         0.22222222 0.7777778  0.11111111 0.33333334
 0.6666667  0.8888889  0.33333334 0.         0.         0.44444445]
Top k classes which perform poorly are:  [36, 80, 13, 12, 88, 9, 37, 26, 124, 45, 108, 48, 123, 105, 118, 15, 31, 19, 116, 33, 72, 73, 29, 98, 76, 96, 84, 89, 6, 25, 112, 51, 50, 99, 2, 95, 61, 5, 63, 64, 106, 122, 101, 70, 71, 119, 82, 81, 21, 75, 109, 24, 55, 107, 79, 125, 3, 8, 44, 42, 40, 32, 56, 90, 18, 28, 114, 65, 66, 103, 10, 87, 86, 92, 120, 102, 20, 23, 91, 4, 57, 74, 30, 34, 35, 38, 68, 47, 94, 93, 117, 17, 46, 54, 27, 43, 58, 104, 121, 0, 11, 77, 59, 41, 97, 100, 1, 7, 14, 16, 22, 39, 115, 49, 52, 111, 110, 53, 60, 67, 69, 78, 83, 85, 113, 62]
0
1
2
3
4
5
6
7
8
9
10
11
12
13
14
15
16
17
18
19
20
21
22
23
24
25
26
27
28
29
30
31
32
33
34
35
36
37
38
39
40
41
42
43
44
45
46
47
48
49
50
51
52
53
54
55
56
57
58
59
60
61
62
63
64
65
66
67
68
69
70
71
72
73
74
75
76
77
78
79
80
81
82
83
84
85
86
87
88
89
90
91
92
93
94
95
96
97
98
99
100
101
102
103
104
105
106
107
108
109
110
111
112
113
114
115
116
117
118
119
120
121
122
123
124
125
126
127
128
129
130
131
132
133
134
135
136
137
138
139
140
141
142
143
144
145
146
147
148
149
150
151
152
153
154
155
156
157
158
159
160
161
162
163
164
165
166
167
168
169
170
171
172
173
174
175
176
177
178
179
180
181
182
183
184
185
186
187
188
189
190
191
192
193
194
195
196
197
198
199
200
201
202
203
204
205
206
207
208
209
210
211
212
213
214
215
216
217
218
219
220
221
222
223
224
225
226
227
228
229
230
231
232
233
234
235
236
237
238
239
240
241
242
243
244
245
246
247
248
249
250
251
252
253
254
255
256
257
258
259
260
261
262
263
264
265
266
267
268
269
270
271
272
273
274
275
276
277
278
279
280
281
282
283
284
285
286
287
288
289
290
291
292
293
294
295
296
297
298
299
300
301
302
303
304
305
306
307
308
309
310
311
312
313
314
315
316
317
318
319
320
321
322
323
324
325
326
327
328
329
330
331
332
333
334
335
336
337
338
339
340
341
342
343
344
345
346
347
348
349
350
351
352
353
354
355
356
357
358
359
360
361
362
363
364
365
366
367
368
369
370
371
372
373
374
375
376
377
Assigned Classwise weights to source
S real T sketch Train Ep: 3000 lr0.008213769018249545 	 Loss Classification: 0.211050 Loss T 0.071560 Method MME

24
24
24
24
24
24
24
24
24
24
24
24
24
24
24
24
tensor(1134.)

Labeled Target set: Average loss: 2.6591, Accuracy: 600/1134 F1 (52.9101%)


Test set: Average loss: 2.5021, Accuracy: 13263/23808 F1 (55.7082%)


Val set: Average loss: 2.4703, Accuracy: 197/360 F1 (54.7222%)

Patience getting saturated, current counter is:  0
best acc test 56.262601  acc val 54.722222 acc labeled target 52.910053
S real T sketch Train Ep: 3100 lr0.008166698608209509 	 Loss Classification: 0.535883 Loss T 0.073017 Method MME

S real T sketch Train Ep: 3200 lr0.008120252831274708 	 Loss Classification: 0.804327 Loss T 0.089186 Method MME

S real T sketch Train Ep: 3300 lr0.008074418759891278 	 Loss Classification: 0.579509 Loss T 0.069278 Method MME

S real T sketch Train Ep: 3400 lr0.008029183828623731 	 Loss Classification: 0.610881 Loss T 0.081359 Method MME

S real T sketch Train Ep: 3500 lr0.007984535821401871 	 Loss Classification: 0.548074 Loss T 0.079702 Method MME

24
24
24
24
24
24
24
24
24
24
24
24
24
24
24
24
tensor(1134.)

Labeled Target set: Average loss: 2.6296, Accuracy: 584/1134 F1 (51.4991%)


Test set: Average loss: 2.4779, Accuracy: 13259/23808 F1 (55.6914%)


Val set: Average loss: 2.3622, Accuracy: 203/360 F1 (56.3889%)

Patience Reset, Counter is: 1
best acc test 55.691364  acc val 56.388889 acc labeled target 51.499118
S real T sketch Train Ep: 3600 lr0.007940462859307384 	 Loss Classification: 0.171606 Loss T 0.082455 Method MME

S real T sketch Train Ep: 3700 lr0.007896953388873518 	 Loss Classification: 0.403198 Loss T 0.103499 Method MME

S real T sketch Train Ep: 3800 lr0.007853996170872714 	 Loss Classification: 0.349166 Loss T 0.079373 Method MME

S real T sketch Train Ep: 3900 lr0.00781158026956848 	 Loss Classification: 1.231797 Loss T 0.086338 Method MME

Per Class Accuracy Calculated According to the Labelled Target examples is:  [0.6666667  1.         0.33333334 0.33333334 1.         0.33333334
 0.6666667  0.7777778  0.6666667  0.         0.7777778  1.
 0.         0.         0.8888889  0.6666667  0.11111111 0.8888889
 0.33333334 0.22222222 0.44444445 0.33333334 0.5555556  0.6666667
 0.33333334 0.33333334 0.         0.6666667  0.7777778  0.6666667
 0.44444445 0.11111111 0.6666667  0.7777778  0.6666667  0.22222222
 0.44444445 0.         0.22222222 0.6666667  0.6666667  1.
 0.6666667  0.33333334 0.5555556  0.44444445 0.44444445 0.44444445
 0.         1.         0.33333334 0.11111111 1.         1.
 1.         0.33333334 0.7777778  0.7777778  1.         0.7777778
 0.8888889  0.33333334 1.         0.33333334 0.6666667  0.44444445
 0.11111111 0.7777778  0.44444445 1.         0.33333334 0.22222222
 0.6666667  0.44444445 0.6666667  0.33333334 0.44444445 0.7777778
 1.         0.22222222 0.         0.33333334 0.11111111 0.22222222
 0.6666667  0.7777778  0.7777778  0.6666667  0.         0.11111111
 0.44444445 0.6666667  0.6666667  0.7777778  0.8888889  0.22222222
 0.33333334 1.         0.11111111 0.         1.         0.11111111
 0.6666667  0.22222222 0.6666667  0.         0.33333334 0.6666667
 0.         0.33333334 0.44444445 0.8888889  0.33333334 1.
 0.7777778  0.6666667  0.33333334 0.6666667  0.         0.22222222
 0.6666667  1.         0.7777778  0.         0.         0.8888889 ]
Top k classes which perform poorly are:  [118, 80, 13, 12, 108, 9, 48, 99, 26, 37, 124, 123, 105, 88, 82, 31, 89, 66, 101, 51, 16, 98, 103, 71, 38, 119, 95, 79, 19, 83, 35, 61, 43, 50, 116, 81, 55, 75, 2, 3, 70, 5, 106, 96, 18, 63, 109, 24, 25, 112, 21, 76, 68, 110, 65, 36, 73, 46, 45, 90, 30, 20, 47, 44, 22, 84, 87, 91, 92, 107, 74, 102, 0, 115, 104, 32, 72, 34, 39, 23, 15, 40, 29, 117, 120, 8, 6, 64, 42, 27, 10, 7, 122, 67, 28, 86, 85, 114, 56, 57, 77, 59, 93, 33, 111, 125, 94, 60, 14, 17, 97, 1, 4, 121, 11, 41, 52, 100, 53, 113, 54, 58, 69, 78, 49, 62]
0
1
2
3
4
5
6
7
8
9
10
11
12
13
14
15
16
17
18
19
20
21
22
23
24
25
26
27
28
29
30
31
32
33
34
35
36
37
38
39
40
41
42
43
44
45
46
47
48
49
50
51
52
53
54
55
56
57
58
59
60
61
62
63
64
65
66
67
68
69
70
71
72
73
74
75
76
77
78
79
80
81
82
83
84
85
86
87
88
89
90
91
92
93
94
95
96
97
98
99
100
101
102
103
104
105
106
107
108
109
110
111
112
113
114
115
116
117
118
119
120
121
122
123
124
125
126
127
128
129
130
131
132
133
134
135
136
137
138
139
140
141
142
143
144
145
146
147
148
149
150
151
152
153
154
155
156
157
158
159
160
161
162
163
164
165
166
167
168
169
170
171
172
173
174
175
176
177
178
179
180
181
182
183
184
185
186
187
188
189
190
191
192
193
194
195
196
197
198
199
200
201
202
203
204
205
206
207
208
209
210
211
212
213
214
215
216
217
218
219
220
221
222
223
224
225
226
227
228
229
230
231
232
233
234
235
236
237
238
239
240
241
242
243
244
245
246
247
248
249
250
251
252
253
254
255
256
257
258
259
260
261
262
263
264
265
266
267
268
269
270
271
272
273
274
275
276
277
278
279
280
281
282
283
284
285
286
287
288
289
290
291
292
293
294
295
296
297
298
299
300
301
302
303
304
305
306
307
308
309
310
311
312
313
314
315
316
317
318
319
320
321
322
323
324
325
326
327
328
329
330
331
332
333
334
335
336
337
338
339
340
341
342
343
344
345
346
347
348
349
350
351
352
353
354
355
356
357
358
359
360
361
362
363
364
365
366
367
368
369
370
371
372
373
374
375
376
377
Assigned Classwise weights to source
S real T sketch Train Ep: 4000 lr0.007769695042409123 	 Loss Classification: 0.468365 Loss T 0.058751 Method MME

24
24
24
24
24
24
24
24
24
24
24
24
24
24
24
24
tensor(1134.)

Labeled Target set: Average loss: 2.7115, Accuracy: 587/1134 F1 (51.7637%)


Test set: Average loss: 2.4313, Accuracy: 13554/23808 F1 (56.9304%)


Val set: Average loss: 2.3285, Accuracy: 208/360 F1 (57.7778%)

Patience Reset, Counter is: 0
best acc test 56.930444  acc val 57.777778 acc labeled target 51.763668
S real T sketch Train Ep: 4100 lr0.007728330130142108 	 Loss Classification: 1.073418 Loss T 0.058930 Method MME

S real T sketch Train Ep: 4200 lr0.007687475447329114 	 Loss Classification: 0.472727 Loss T 0.074864 Method MME

S real T sketch Train Ep: 4300 lr0.0076471211732427845 	 Loss Classification: 0.843762 Loss T 0.063930 Method MME

S real T sketch Train Ep: 4400 lr0.007607257743127307 	 Loss Classification: 0.484484 Loss T 0.063315 Method MME

S real T sketch Train Ep: 4500 lr0.007567875839805858 	 Loss Classification: 0.525033 Loss T 0.048344 Method MME

24
24
24
24
24
24
24
24
24
24
24
24
24
24
24
24
tensor(1134.)

Labeled Target set: Average loss: 2.5869, Accuracy: 606/1134 F1 (53.4392%)


Test set: Average loss: 2.4000, Accuracy: 13701/23808 F1 (57.5479%)


Val set: Average loss: 2.2577, Accuracy: 205/360 F1 (56.9444%)

Patience getting saturated, current counter is:  0
best acc test 56.930444  acc val 56.944444 acc labeled target 53.439153
S real T sketch Train Ep: 4600 lr0.007528966385618854 	 Loss Classification: 0.192992 Loss T 0.063612 Method MME

S real T sketch Train Ep: 4700 lr0.007490520534677821 	 Loss Classification: 0.355046 Loss T 0.061820 Method MME

S real T sketch Train Ep: 4800 lr0.007452529665420465 	 Loss Classification: 0.272003 Loss T 0.061151 Method MME

S real T sketch Train Ep: 4900 lr0.007414985373453289 	 Loss Classification: 0.708452 Loss T 0.074335 Method MME

Per Class Accuracy Calculated According to the Labelled Target examples is:  [0.7777778  1.         0.6666667  0.5555556  0.7777778  0.22222222
 0.33333334 0.8888889  0.6666667  0.11111111 0.6666667  1.
 0.         0.         0.33333334 0.6666667  0.7777778  1.
 0.6666667  0.22222222 0.44444445 0.22222222 1.         0.5555556
 0.44444445 0.         0.         0.8888889  0.5555556  0.22222222
 0.33333334 0.11111111 0.6666667  0.5555556  1.         0.22222222
 0.22222222 0.         0.6666667  0.8888889  0.44444445 1.
 0.11111111 0.33333334 0.6666667  0.33333334 0.6666667  0.6666667
 0.22222222 1.         0.5555556  0.33333334 1.         0.8888889
 0.44444445 0.6666667  0.8888889  0.8888889  0.8888889  1.
 0.6666667  0.11111111 1.         0.33333334 0.6666667  0.5555556
 0.11111111 0.6666667  0.5555556  1.         0.33333334 0.33333334
 0.6666667  0.22222222 0.7777778  0.11111111 0.11111111 1.
 0.8888889  0.8888889  0.         0.44444445 0.         0.44444445
 0.44444445 0.5555556  0.7777778  0.6666667  0.         0.11111111
 0.5555556  0.8888889  0.5555556  1.         1.         0.33333334
 0.5555556  1.         0.11111111 0.22222222 1.         0.33333334
 0.6666667  0.6666667  0.6666667  0.         0.33333334 0.6666667
 0.         0.44444445 0.5555556  0.7777778  0.33333334 1.
 0.44444445 0.8888889  0.22222222 0.7777778  0.         0.33333334
 0.6666667  0.7777778  0.8888889  0.         0.11111111 0.7777778 ]
Top k classes which perform poorly are:  [13, 105, 80, 118, 82, 37, 25, 12, 26, 123, 108, 88, 9, 98, 31, 76, 89, 61, 124, 66, 75, 42, 35, 48, 99, 73, 36, 29, 116, 21, 5, 19, 43, 106, 95, 63, 51, 6, 70, 71, 45, 30, 101, 119, 112, 14, 83, 54, 20, 81, 109, 40, 114, 84, 24, 85, 68, 96, 65, 92, 3, 50, 90, 23, 28, 110, 33, 60, 2, 87, 120, 8, 10, 15, 18, 32, 38, 72, 44, 102, 46, 67, 47, 64, 107, 55, 104, 103, 111, 117, 121, 0, 125, 16, 86, 4, 74, 39, 91, 53, 56, 57, 58, 27, 7, 78, 122, 79, 115, 11, 17, 22, 1, 93, 49, 34, 41, 52, 59, 69, 100, 77, 97, 94, 113, 62]
0
1
2
3
4
5
6
7
8
9
10
11
12
13
14
15
16
17
18
19
20
21
22
23
24
25
26
27
28
29
30
31
32
33
34
35
36
37
38
39
40
41
42
43
44
45
46
47
48
49
50
51
52
53
54
55
56
57
58
59
60
61
62
63
64
65
66
67
68
69
70
71
72
73
74
75
76
77
78
79
80
81
82
83
84
85
86
87
88
89
90
91
92
93
94
95
96
97
98
99
100
101
102
103
104
105
106
107
108
109
110
111
112
113
114
115
116
117
118
119
120
121
122
123
124
125
126
127
128
129
130
131
132
133
134
135
136
137
138
139
140
141
142
143
144
145
146
147
148
149
150
151
152
153
154
155
156
157
158
159
160
161
162
163
164
165
166
167
168
169
170
171
172
173
174
175
176
177
178
179
180
181
182
183
184
185
186
187
188
189
190
191
192
193
194
195
196
197
198
199
200
201
202
203
204
205
206
207
208
209
210
211
212
213
214
215
216
217
218
219
220
221
222
223
224
225
226
227
228
229
230
231
232
233
234
235
236
237
238
239
240
241
242
243
244
245
246
247
248
249
250
251
252
253
254
255
256
257
258
259
260
261
262
263
264
265
266
267
268
269
270
271
272
273
274
275
276
277
278
279
280
281
282
283
284
285
286
287
288
289
290
291
292
293
294
295
296
297
298
299
300
301
302
303
304
305
306
307
308
309
310
311
312
313
314
315
316
317
318
319
320
321
322
323
324
325
326
327
328
329
330
331
332
333
334
335
336
337
338
339
340
341
342
343
344
345
346
347
348
349
350
351
352
353
354
355
356
357
358
359
360
361
362
363
364
365
366
367
368
369
370
371
372
373
374
375
376
377
Assigned Classwise weights to source
S real T sketch Train Ep: 5000 lr0.007377879464668811 	 Loss Classification: 0.065677 Loss T 0.057405 Method MME

24
24
24
24
24
24
24
24
24
24
24
24
24
24
24
24
tensor(1134.)

Labeled Target set: Average loss: 2.5843, Accuracy: 602/1134 F1 (53.0864%)


Test set: Average loss: 2.3920, Accuracy: 13702/23808 F1 (57.5521%)


Val set: Average loss: 2.3394, Accuracy: 202/360 F1 (56.1111%)

Patience getting saturated, current counter is:  1
best acc test 56.930444  acc val 56.111111 acc labeled target 53.086420
S real T sketch Train Ep: 5100 lr0.007341203948625087 	 Loss Classification: 0.613702 Loss T 0.054994 Method MME

S real T sketch Train Ep: 5200 lr0.007304951032175895 	 Loss Classification: 0.414951 Loss T 0.046742 Method MME

S real T sketch Train Ep: 5300 lr0.007269113113340497 	 Loss Classification: 0.400903 Loss T 0.065524 Method MME

S real T sketch Train Ep: 5400 lr0.007233682775402483 	 Loss Classification: 0.324397 Loss T 0.068921 Method MME

S real T sketch Train Ep: 5500 lr0.007198652781227704 	 Loss Classification: 0.295398 Loss T 0.091157 Method MME

24
24
24
24
24
24
24
24
24
24
24
24
24
24
24
24
tensor(1134.)

Labeled Target set: Average loss: 2.6733, Accuracy: 590/1134 F1 (52.0282%)


Test set: Average loss: 2.4371, Accuracy: 13522/23808 F1 (56.7960%)


Val set: Average loss: 2.4963, Accuracy: 201/360 F1 (55.8333%)

Patience getting saturated, current counter is:  2
best acc test 56.930444  acc val 55.833333 acc labeled target 52.028219
S real T sketch Train Ep: 5600 lr0.007164016067791809 	 Loss Classification: 0.555655 Loss T 0.056691 Method MME

S real T sketch Train Ep: 5700 lr0.0071297657409083726 	 Loss Classification: 0.705265 Loss T 0.070866 Method MME

S real T sketch Train Ep: 5800 lr0.0070958950701490225 	 Loss Classification: 0.493712 Loss T 0.057112 Method MME

S real T sketch Train Ep: 5900 lr0.007062397483947426 	 Loss Classification: 0.350911 Loss T 0.073689 Method MME

Per Class Accuracy Calculated According to the Labelled Target examples is:  [0.33333334 1.         0.33333334 0.33333334 0.8888889  0.33333334
 0.         0.8888889  0.44444445 0.         0.8888889  1.
 0.         0.         0.5555556  0.5555556  0.8888889  0.8888889
 0.8888889  0.22222222 0.44444445 0.33333334 0.6666667  0.6666667
 0.33333334 0.22222222 0.         0.5555556  0.5555556  0.33333334
 0.6666667  0.22222222 0.         0.8888889  0.7777778  1.
 0.22222222 0.         0.7777778  0.8888889  0.33333334 1.
 0.22222222 0.33333334 0.5555556  0.         0.5555556  0.6666667
 0.         1.         0.6666667  0.33333334 1.         0.8888889
 0.5555556  0.5555556  0.6666667  0.8888889  1.         1.
 0.6666667  0.11111111 1.         0.33333334 0.44444445 0.6666667
 0.         0.5555556  0.44444445 0.8888889  0.22222222 0.44444445
 0.5555556  0.44444445 0.6666667  0.33333334 0.         0.8888889
 1.         0.7777778  0.         0.6666667  0.         0.11111111
 0.5555556  0.6666667  0.6666667  0.6666667  0.         0.
 0.5555556  1.         0.6666667  1.         1.         0.44444445
 0.33333334 1.         0.11111111 0.11111111 1.         0.33333334
 0.6666667  1.         0.8888889  0.         0.22222222 0.33333334
 0.         0.33333334 0.6666667  0.8888889  0.33333334 1.
 1.         1.         0.         0.6666667  0.         0.11111111
 0.6666667  0.6666667  0.8888889  0.         0.         0.6666667 ]
Top k classes which perform poorly are:  [80, 26, 48, 32, 89, 37, 88, 116, 124, 45, 13, 12, 108, 9, 66, 6, 105, 82, 76, 123, 118, 119, 61, 83, 99, 98, 36, 31, 106, 19, 25, 70, 42, 43, 96, 51, 63, 75, 40, 0, 101, 112, 3, 21, 2, 109, 24, 5, 29, 107, 95, 8, 68, 64, 20, 73, 71, 27, 67, 84, 14, 15, 54, 46, 55, 90, 28, 44, 72, 121, 102, 117, 85, 81, 87, 92, 110, 120, 86, 125, 50, 23, 74, 30, 65, 60, 47, 56, 22, 34, 79, 38, 7, 77, 69, 33, 18, 104, 122, 4, 39, 57, 17, 16, 53, 10, 111, 115, 113, 1, 11, 114, 78, 103, 100, 41, 97, 49, 94, 93, 52, 91, 58, 59, 35, 62]
0
1
2
3
4
5
6
7
8
9
10
11
12
13
14
15
16
17
18
19
20
21
22
23
24
25
26
27
28
29
30
31
32
33
34
35
36
37
38
39
40
41
42
43
44
45
46
47
48
49
50
51
52
53
54
55
56
57
58
59
60
61
62
63
64
65
66
67
68
69
70
71
72
73
74
75
76
77
78
79
80
81
82
83
84
85
86
87
88
89
90
91
92
93
94
95
96
97
98
99
100
101
102
103
104
105
106
107
108
109
110
111
112
113
114
115
116
117
118
119
120
121
122
123
124
125
126
127
128
129
130
131
132
133
134
135
136
137
138
139
140
141
142
143
144
145
146
147
148
149
150
151
152
153
154
155
156
157
158
159
160
161
162
163
164
165
166
167
168
169
170
171
172
173
174
175
176
177
178
179
180
181
182
183
184
185
186
187
188
189
190
191
192
193
194
195
196
197
198
199
200
201
202
203
204
205
206
207
208
209
210
211
212
213
214
215
216
217
218
219
220
221
222
223
224
225
226
227
228
229
230
231
232
233
234
235
236
237
238
239
240
241
242
243
244
245
246
247
248
249
250
251
252
253
254
255
256
257
258
259
260
261
262
263
264
265
266
267
268
269
270
271
272
273
274
275
276
277
278
279
280
281
282
283
284
285
286
287
288
289
290
291
292
293
294
295
296
297
298
299
300
301
302
303
304
305
306
307
308
309
310
311
312
313
314
315
316
317
318
319
320
321
322
323
324
325
326
327
328
329
330
331
332
333
334
335
336
337
338
339
340
341
342
343
344
345
346
347
348
349
350
351
352
353
354
355
356
357
358
359
360
361
362
363
364
365
366
367
368
369
370
371
372
373
374
375
376
377
Assigned Classwise weights to source
S real T sketch Train Ep: 6000 lr0.007029266564879363 	 Loss Classification: 0.473190 Loss T 0.066971 Method MME

24
24
24
24
24
24
24
24
24
24
24
24
24
24
24
24
tensor(1134.)

Labeled Target set: Average loss: 2.6113, Accuracy: 602/1134 F1 (53.0864%)


Test set: Average loss: 2.4500, Accuracy: 13661/23808 F1 (57.3799%)


Val set: Average loss: 2.5344, Accuracy: 193/360 F1 (53.6111%)

Patience getting saturated, current counter is:  3
best acc test 56.930444  acc val 53.611111 acc labeled target 53.086420
S real T sketch Train Ep: 6100 lr0.006996496045111504 	 Loss Classification: 0.461332 Loss T 0.048815 Method MME

S real T sketch Train Ep: 6200 lr0.00696407980201184 	 Loss Classification: 0.298784 Loss T 0.059557 Method MME

S real T sketch Train Ep: 6300 lr0.006932011853915101 	 Loss Classification: 0.192299 Loss T 0.041588 Method MME

S real T sketch Train Ep: 6400 lr0.006900286356036734 	 Loss Classification: 0.537222 Loss T 0.045038 Method MME

S real T sketch Train Ep: 6500 lr0.006868897596529406 	 Loss Classification: 0.159108 Loss T 0.054985 Method MME

24
24
24
24
24
24
24
24
24
24
24
24
24
24
24
24
tensor(1134.)

Labeled Target set: Average loss: 2.4599, Accuracy: 620/1134 F1 (54.6737%)


Test set: Average loss: 2.2760, Accuracy: 14104/23808 F1 (59.2406%)


Val set: Average loss: 2.3444, Accuracy: 200/360 F1 (55.5556%)

Patience getting saturated, current counter is:  4
best acc test 56.930444  acc val 55.555556 acc labeled target 54.673721
S real T sketch Train Ep: 6600 lr0.006837839992676177 	 Loss Classification: 0.295313 Loss T 0.055973 Method MME

S real T sketch Train Ep: 6700 lr0.006807108087214876 	 Loss Classification: 0.476711 Loss T 0.071532 Method MME

S real T sketch Train Ep: 6800 lr0.006776696544788352 	 Loss Classification: 0.432978 Loss T 0.055994 Method MME

S real T sketch Train Ep: 6900 lr0.006746600148515609 	 Loss Classification: 0.420228 Loss T 0.066559 Method MME

Per Class Accuracy Calculated According to the Labelled Target examples is:  [0.8888889  1.         0.7777778  0.22222222 0.8888889  0.33333334
 0.44444445 1.         0.6666667  0.         0.8888889  1.
 0.         0.         0.11111111 0.6666667  1.         0.6666667
 0.8888889  0.33333334 0.33333334 0.33333334 0.33333334 0.5555556
 0.33333334 0.         0.         0.22222222 0.6666667  0.33333334
 0.33333334 0.11111111 0.22222222 0.6666667  0.8888889  0.44444445
 0.         0.         1.         1.         0.6666667  1.
 0.7777778  0.33333334 0.6666667  0.44444445 0.6666667  0.44444445
 0.44444445 1.         0.33333334 0.33333334 1.         0.8888889
 0.6666667  0.33333334 0.5555556  1.         1.         1.
 0.8888889  0.         0.8888889  0.44444445 0.5555556  0.5555556
 0.6666667  0.6666667  0.6666667  1.         0.33333334 0.5555556
 0.22222222 0.33333334 1.         0.44444445 0.33333334 0.8888889
 0.8888889  0.7777778  0.         0.8888889  0.22222222 0.5555556
 0.44444445 0.5555556  1.         0.6666667  0.         0.
 0.5555556  0.7777778  0.5555556  0.8888889  0.7777778  0.33333334
 0.33333334 0.8888889  0.         0.22222222 1.         0.33333334
 0.6666667  0.6666667  0.6666667  0.         0.33333334 0.44444445
 0.         0.33333334 0.6666667  0.6666667  0.33333334 1.
 1.         1.         0.33333334 0.6666667  0.22222222 0.22222222
 0.5555556  0.8888889  1.         0.         0.         1.        ]
Top k classes which perform poorly are:  [36, 25, 108, 105, 61, 124, 37, 26, 12, 13, 88, 123, 89, 98, 80, 9, 14, 31, 82, 3, 119, 32, 99, 118, 72, 27, 109, 50, 43, 106, 55, 101, 73, 76, 96, 51, 70, 95, 20, 19, 112, 21, 5, 22, 116, 24, 30, 29, 63, 35, 75, 107, 6, 48, 47, 84, 45, 65, 64, 83, 85, 90, 120, 92, 56, 23, 71, 87, 15, 117, 17, 8, 111, 67, 66, 102, 103, 104, 54, 28, 44, 33, 40, 110, 68, 46, 91, 94, 42, 2, 79, 97, 121, 0, 62, 34, 81, 78, 77, 93, 4, 60, 18, 10, 53, 115, 16, 86, 114, 122, 1, 11, 7, 39, 38, 41, 49, 52, 57, 58, 59, 69, 100, 74, 113, 125]
0
1
2
3
4
5
6
7
8
9
10
11
12
13
14
15
16
17
18
19
20
21
22
23
24
25
26
27
28
29
30
31
32
33
34
35
36
37
38
39
40
41
42
43
44
45
46
47
48
49
50
51
52
53
54
55
56
57
58
59
60
61
62
63
64
65
66
67
68
69
70
71
72
73
74
75
76
77
78
79
80
81
82
83
84
85
86
87
88
89
90
91
92
93
94
95
96
97
98
99
100
101
102
103
104
105
106
107
108
109
110
111
112
113
114
115
116
117
118
119
120
121
122
123
124
125
126
127
128
129
130
131
132
133
134
135
136
137
138
139
140
141
142
143
144
145
146
147
148
149
150
151
152
153
154
155
156
157
158
159
160
161
162
163
164
165
166
167
168
169
170
171
172
173
174
175
176
177
178
179
180
181
182
183
184
185
186
187
188
189
190
191
192
193
194
195
196
197
198
199
200
201
202
203
204
205
206
207
208
209
210
211
212
213
214
215
216
217
218
219
220
221
222
223
224
225
226
227
228
229
230
231
232
233
234
235
236
237
238
239
240
241
242
243
244
245
246
247
248
249
250
251
252
253
254
255
256
257
258
259
260
261
262
263
264
265
266
267
268
269
270
271
272
273
274
275
276
277
278
279
280
281
282
283
284
285
286
287
288
289
290
291
292
293
294
295
296
297
298
299
300
301
302
303
304
305
306
307
308
309
310
311
312
313
314
315
316
317
318
319
320
321
322
323
324
325
326
327
328
329
330
331
332
333
334
335
336
337
338
339
340
341
342
343
344
345
346
347
348
349
350
351
352
353
354
355
356
357
358
359
360
361
362
363
364
365
366
367
368
369
370
371
372
373
374
375
376
377
Assigned Classwise weights to source
S real T sketch Train Ep: 7000 lr0.006716813796678979 	 Loss Classification: 0.458000 Loss T 0.050333 Method MME

24
24
24
24
24
24
24
24
24
24
24
24
24
24
24
24
tensor(1134.)

Labeled Target set: Average loss: 2.7416, Accuracy: 597/1134 F1 (52.6455%)


Test set: Average loss: 2.6194, Accuracy: 13551/23808 F1 (56.9178%)


Val set: Average loss: 2.7401, Accuracy: 191/360 F1 (53.0556%)

Patience getting saturated, current counter is:  5
best acc test 56.930444  acc val 53.055556 acc labeled target 52.645503
S real T sketch Train Ep: 7100 lr0.006687332499522798 	 Loss Classification: 1.170545 Loss T 0.053010 Method MME

S real T sketch Train Ep: 7200 lr0.006658151376159165 	 Loss Classification: 1.007961 Loss T 0.055893 Method MME

S real T sketch Train Ep: 7300 lr0.00662926565157663 	 Loss Classification: 0.623126 Loss T 0.057918 Method MME

S real T sketch Train Ep: 7400 lr0.006600670653747793 	 Loss Classification: 0.447539 Loss T 0.055065 Method MME

S real T sketch Train Ep: 7500 lr0.0065723618108320175 	 Loss Classification: 0.334436 Loss T 0.053215 Method MME

24
24
24
24
24
24
24
24
24
24
24
24
24
24
24
24
tensor(1134.)

Labeled Target set: Average loss: 2.6938, Accuracy: 587/1134 F1 (51.7637%)


Test set: Average loss: 2.5961, Accuracy: 13834/23808 F1 (58.1065%)


Val set: Average loss: 2.6344, Accuracy: 193/360 F1 (53.6111%)

Patience getting saturated, current counter is:  6
best acc test 56.930444  acc val 53.611111 acc labeled target 51.763668
S real T sketch Train Ep: 7600 lr0.006544334648469591 	 Loss Classification: 0.283418 Loss T 0.072597 Method MME

S real T sketch Train Ep: 7700 lr0.006516584787163857 	 Loss Classification: 0.364803 Loss T 0.076602 Method MME

S real T sketch Train Ep: 7800 lr0.006489107939747966 	 Loss Classification: 0.655936 Loss T 0.061473 Method MME

S real T sketch Train Ep: 7900 lr0.0064618999089330565 	 Loss Classification: 0.547008 Loss T 0.075164 Method MME

Per Class Accuracy Calculated According to the Labelled Target examples is:  [0.22222222 1.         0.6666667  0.33333334 0.7777778  0.33333334
 0.22222222 1.         0.5555556  0.33333334 0.7777778  1.
 0.         0.         0.7777778  0.6666667  0.11111111 0.8888889
 0.7777778  0.22222222 0.5555556  0.33333334 0.6666667  0.44444445
 0.33333334 0.22222222 0.         0.         0.7777778  0.33333334
 0.44444445 0.33333334 0.         0.33333334 0.7777778  0.33333334
 0.33333334 0.         0.8888889  1.         0.44444445 1.
 0.6666667  0.22222222 0.5555556  0.22222222 0.5555556  0.6666667
 0.22222222 1.         0.6666667  0.33333334 0.7777778  1.
 0.6666667  0.33333334 0.7777778  0.8888889  1.         0.6666667
 0.8888889  0.         1.         0.33333334 0.5555556  0.5555556
 0.44444445 0.7777778  0.8888889  0.8888889  0.33333334 0.33333334
 0.33333334 0.33333334 0.6666667  0.         0.33333334 0.8888889
 0.8888889  0.44444445 0.         0.44444445 0.         0.44444445
 0.7777778  0.7777778  0.7777778  0.6666667  0.         0.
 0.6666667  0.44444445 0.5555556  1.         0.7777778  0.6666667
 0.33333334 1.         0.         0.22222222 1.         0.33333334
 0.6666667  0.7777778  0.6666667  0.         0.22222222 0.11111111
 0.         0.33333334 0.6666667  1.         0.33333334 1.
 0.6666667  1.         0.33333334 0.6666667  0.11111111 0.33333334
 0.6666667  1.         0.8888889  0.         0.         0.5555556 ]
Top k classes which perform poorly are:  [105, 88, 32, 124, 82, 27, 26, 80, 98, 89, 13, 12, 37, 75, 123, 61, 108, 107, 16, 118, 43, 45, 6, 25, 0, 99, 19, 106, 48, 72, 76, 71, 51, 70, 73, 55, 31, 35, 119, 3, 5, 116, 112, 9, 109, 101, 36, 21, 96, 29, 33, 24, 63, 23, 79, 81, 30, 83, 40, 66, 91, 92, 65, 64, 125, 46, 8, 20, 44, 42, 87, 90, 22, 102, 59, 110, 114, 117, 2, 120, 15, 104, 95, 50, 47, 54, 74, 18, 67, 52, 28, 94, 14, 4, 10, 56, 86, 85, 84, 34, 103, 68, 17, 57, 69, 60, 38, 77, 122, 78, 58, 121, 1, 7, 49, 53, 113, 111, 11, 100, 97, 93, 39, 41, 115, 62]
0
1
2
3
4
5
6
7
8
9
10
11
12
13
14
15
16
17
18
19
20
21
22
23
24
25
26
27
28
29
30
31
32
33
34
35
36
37
38
39
40
41
42
43
44
45
46
47
48
49
50
51
52
53
54
55
56
57
58
59
60
61
62
63
64
65
66
67
68
69
70
71
72
73
74
75
76
77
78
79
80
81
82
83
84
85
86
87
88
89
90
91
92
93
94
95
96
97
98
99
100
101
102
103
104
105
106
107
108
109
110
111
112
113
114
115
116
117
118
119
120
121
122
123
124
125
126
127
128
129
130
131
132
133
134
135
136
137
138
139
140
141
142
143
144
145
146
147
148
149
150
151
152
153
154
155
156
157
158
159
160
161
162
163
164
165
166
167
168
169
170
171
172
173
174
175
176
177
178
179
180
181
182
183
184
185
186
187
188
189
190
191
192
193
194
195
196
197
198
199
200
201
202
203
204
205
206
207
208
209
210
211
212
213
214
215
216
217
218
219
220
221
222
223
224
225
226
227
228
229
230
231
232
233
234
235
236
237
238
239
240
241
242
243
244
245
246
247
248
249
250
251
252
253
254
255
256
257
258
259
260
261
262
263
264
265
266
267
268
269
270
271
272
273
274
275
276
277
278
279
280
281
282
283
284
285
286
287
288
289
290
291
292
293
294
295
296
297
298
299
300
301
302
303
304
305
306
307
308
309
310
311
312
313
314
315
316
317
318
319
320
321
322
323
324
325
326
327
328
329
330
331
332
333
334
335
336
337
338
339
340
341
342
343
344
345
346
347
348
349
350
351
352
353
354
355
356
357
358
359
360
361
362
363
364
365
366
367
368
369
370
371
372
373
374
375
376
377
Assigned Classwise weights to source
Including the labeled target examples
S real T sketch Train Ep: 8000 lr0.006434956584934828 	 Loss Classification: 0.097952 Loss T 0.047892 Method MME

24
24
24
24
24
24
24
24
24
24
24
24
24
24
24
24
tensor(1134.)

Labeled Target set: Average loss: 2.6019, Accuracy: 593/1134 F1 (52.2928%)


Test set: Average loss: 2.5303, Accuracy: 13676/23808 F1 (57.4429%)


Val set: Average loss: 2.5931, Accuracy: 191/360 F1 (53.0556%)

Patience getting saturated, current counter is:  7
