Dataset multi Source real Target sketch Labeled num perclass 3 Network resnet34
126 classes in this dataset
Unlabelled Target Dataset Size:  23826
Labelled Target Dataset Size:  378
Bank keys - Target:  dict_keys(['feat_vec', 'labels', 'names', 'domain_identifier']) Source:  dict_keys(['feat_vec', 'labels', 'names', 'domain_identifier'])
Num  - Target:  23826 Source:  70358
S real T sketch Train Ep: 0 lr0.01 	 Loss Classification: 4.917571 Loss T 0.468401 Method MME


Labeled Target set: Average loss: 5.0044, Accuracy: 15/1080 F1 (1.3889%)


Test set: Average loss: 4.9559, Accuracy: 174/23808 F1 (0.7308%)


Val set: Average loss: 4.9999, Accuracy: 5/360 F1 (1.3889%)

best acc test 0.730847  acc val 1.388889 acc labeled target 1.388889
saving model...
S real T sketch Train Ep: 100 lr0.009925650290240803 	 Loss Classification: 1.875632 Loss T 0.280791 Method MME

S real T sketch Train Ep: 200 lr0.009852577760521605 	 Loss Classification: 1.248738 Loss T 0.245745 Method MME

S real T sketch Train Ep: 300 lr0.009780748269686728 	 Loss Classification: 1.230497 Loss T 0.216434 Method MME

S real T sketch Train Ep: 400 lr0.009710128909124701 	 Loss Classification: 0.702317 Loss T 0.190798 Method MME

S real T sketch Train Ep: 500 lr0.00964068794694323 	 Loss Classification: 1.090190 Loss T 0.154785 Method MME


Labeled Target set: Average loss: 2.5657, Accuracy: 485/1080 F1 (44.9074%)


Test set: Average loss: 2.5246, Accuracy: 11179/23808 F1 (46.9548%)


Val set: Average loss: 2.3997, Accuracy: 183/360 F1 (50.8333%)

best acc test 46.954805  acc val 50.833333 acc labeled target 44.907407
saving model...
S real T sketch Train Ep: 600 lr0.00957239477517603 	 Loss Classification: 1.148163 Loss T 0.149059 Method MME

S real T sketch Train Ep: 700 lr0.009505219859830012 	 Loss Classification: 1.078803 Loss T 0.150366 Method MME

S real T sketch Train Ep: 800 lr0.009439134693595126 	 Loss Classification: 1.290878 Loss T 0.140655 Method MME

S real T sketch Train Ep: 900 lr0.009374111751051751 	 Loss Classification: 0.548884 Loss T 0.125009 Method MME

S real T sketch Train Ep: 1000 lr0.009310124446222227 	 Loss Classification: 0.902745 Loss T 0.136764 Method MME


Labeled Target set: Average loss: 2.3682, Accuracy: 528/1080 F1 (48.8889%)


Test set: Average loss: 2.3199, Accuracy: 12412/23808 F1 (52.1337%)


Val set: Average loss: 2.3503, Accuracy: 187/360 F1 (51.9444%)

best acc test 52.133737  acc val 51.944444 acc labeled target 48.888889
saving model...
S real T sketch Train Ep: 1100 lr0.00924714709232377 	 Loss Classification: 0.651140 Loss T 0.142994 Method MME

S real T sketch Train Ep: 1200 lr0.009185154863590003 	 Loss Classification: 0.974657 Loss T 0.122918 Method MME

S real T sketch Train Ep: 1300 lr0.00912412375903735 	 Loss Classification: 0.858389 Loss T 0.121523 Method MME

S real T sketch Train Ep: 1400 lr0.009064030568061049 	 Loss Classification: 0.509948 Loss T 0.128124 Method MME

S real T sketch Train Ep: 1500 lr0.009004852837753237 	 Loss Classification: 1.545009 Loss T 0.116161 Method MME


Labeled Target set: Average loss: 2.3884, Accuracy: 544/1080 F1 (50.3704%)


Test set: Average loss: 2.2350, Accuracy: 12924/23808 F1 (54.2843%)


Val set: Average loss: 2.1425, Accuracy: 204/360 F1 (56.6667%)

best acc test 54.284274  acc val 56.666667 acc labeled target 50.370370
saving model...
S real T sketch Train Ep: 1600 lr0.008946568841842816 	 Loss Classification: 1.128442 Loss T 0.141348 Method MME

S real T sketch Train Ep: 1700 lr0.008889157551163433 	 Loss Classification: 0.534591 Loss T 0.117393 Method MME

S real T sketch Train Ep: 1800 lr0.008832598605562044 	 Loss Classification: 0.533058 Loss T 0.112527 Method MME

S real T sketch Train Ep: 1900 lr0.008776872287166303 	 Loss Classification: 0.931774 Loss T 0.113448 Method MME

S real T sketch Train Ep: 2000 lr0.008721959494934213 	 Loss Classification: 0.412731 Loss T 0.093462 Method MME


Labeled Target set: Average loss: 2.2811, Accuracy: 558/1080 F1 (51.6667%)


Test set: Average loss: 2.1691, Accuracy: 13380/23808 F1 (56.1996%)


Val set: Average loss: 2.1203, Accuracy: 197/360 F1 (54.7222%)

best acc test 54.284274  acc val 54.722222 acc labeled target 51.666667
saving model...
S real T sketch Train Ep: 2100 lr0.008667841720414475 	 Loss Classification: 0.497525 Loss T 0.131368 Method MME

S real T sketch Train Ep: 2200 lr0.008614501024650454 	 Loss Classification: 0.842898 Loss T 0.116580 Method MME

S real T sketch Train Ep: 2300 lr0.008561920016164943 	 Loss Classification: 1.308576 Loss T 0.106968 Method MME

S real T sketch Train Ep: 2400 lr0.008510081829966844 	 Loss Classification: 0.684821 Loss T 0.097920 Method MME

S real T sketch Train Ep: 2500 lr0.008458970107524513 	 Loss Classification: 0.621280 Loss T 0.088777 Method MME


Labeled Target set: Average loss: 2.2913, Accuracy: 573/1080 F1 (53.0556%)


Test set: Average loss: 2.1738, Accuracy: 13552/23808 F1 (56.9220%)


Val set: Average loss: 2.0923, Accuracy: 205/360 F1 (56.9444%)

best acc test 56.922043  acc val 56.944444 acc labeled target 53.055556
saving model...
S real T sketch Train Ep: 2600 lr0.008408568977653933 	 Loss Classification: 0.431814 Loss T 0.120516 Method MME

S real T sketch Train Ep: 2700 lr0.00835886303827305 	 Loss Classification: 1.117646 Loss T 0.101720 Method MME

S real T sketch Train Ep: 2800 lr0.008309837338976545 	 Loss Classification: 0.674949 Loss T 0.116511 Method MME

S real T sketch Train Ep: 2900 lr0.008261477364388068 	 Loss Classification: 0.445700 Loss T 0.122480 Method MME

S real T sketch Train Ep: 3000 lr0.008213769018249545 	 Loss Classification: 0.934442 Loss T 0.088817 Method MME


Labeled Target set: Average loss: 2.1202, Accuracy: 612/1080 F1 (56.6667%)


Test set: Average loss: 2.1388, Accuracy: 13900/23808 F1 (58.3837%)


Val set: Average loss: 1.9020, Accuracy: 214/360 F1 (59.4444%)

best acc test 58.383737  acc val 59.444444 acc labeled target 56.666667
saving model...
S real T sketch Train Ep: 3100 lr0.008166698608209509 	 Loss Classification: 0.678119 Loss T 0.078982 Method MME

S real T sketch Train Ep: 3200 lr0.008120252831274708 	 Loss Classification: 0.807208 Loss T 0.115791 Method MME

S real T sketch Train Ep: 3300 lr0.008074418759891278 	 Loss Classification: 0.276321 Loss T 0.107811 Method MME

S real T sketch Train Ep: 3400 lr0.008029183828623731 	 Loss Classification: 0.452106 Loss T 0.088263 Method MME

S real T sketch Train Ep: 3500 lr0.007984535821401871 	 Loss Classification: 0.985019 Loss T 0.095556 Method MME


Labeled Target set: Average loss: 2.1831, Accuracy: 607/1080 F1 (56.2037%)


Test set: Average loss: 2.1754, Accuracy: 13759/23808 F1 (57.7915%)


Val set: Average loss: 2.0365, Accuracy: 206/360 F1 (57.2222%)

best acc test 58.383737  acc val 57.222222 acc labeled target 56.203704
saving model...
S real T sketch Train Ep: 3600 lr0.007940462859307384 	 Loss Classification: 1.255928 Loss T 0.090505 Method MME

S real T sketch Train Ep: 3700 lr0.007896953388873518 	 Loss Classification: 0.708484 Loss T 0.110659 Method MME

S real T sketch Train Ep: 3800 lr0.007853996170872714 	 Loss Classification: 0.459221 Loss T 0.097673 Method MME

S real T sketch Train Ep: 3900 lr0.00781158026956848 	 Loss Classification: 1.027125 Loss T 0.094906 Method MME

S real T sketch Train Ep: 4000 lr0.007769695042409123 	 Loss Classification: 1.060730 Loss T 0.095053 Method MME


Labeled Target set: Average loss: 0.0961, Accuracy: 1061/1080 F1 (98.2407%)


Test set: Average loss: 1.9562, Accuracy: 14814/23808 F1 (62.2228%)


Val set: Average loss: 1.7773, Accuracy: 228/360 F1 (63.3333%)

best acc test 62.222782  acc val 63.333333 acc labeled target 98.240741
saving model...
S real T sketch Train Ep: 4100 lr0.007728330130142108 	 Loss Classification: 0.224880 Loss T 0.077356 Method MME

S real T sketch Train Ep: 4200 lr0.007687475447329114 	 Loss Classification: 0.589204 Loss T 0.084634 Method MME

S real T sketch Train Ep: 4300 lr0.0076471211732427845 	 Loss Classification: 1.302460 Loss T 0.077716 Method MME

S real T sketch Train Ep: 4400 lr0.007607257743127307 	 Loss Classification: 0.800263 Loss T 0.078212 Method MME

S real T sketch Train Ep: 4500 lr0.007567875839805858 	 Loss Classification: 0.411285 Loss T 0.084000 Method MME


Labeled Target set: Average loss: 0.0793, Accuracy: 1060/1080 F1 (98.1481%)


Test set: Average loss: 1.9653, Accuracy: 15096/23808 F1 (63.4073%)


Val set: Average loss: 1.5619, Accuracy: 241/360 F1 (66.9444%)

best acc test 63.407258  acc val 66.944444 acc labeled target 98.148148
saving model...
S real T sketch Train Ep: 4600 lr0.007528966385618854 	 Loss Classification: 0.124608 Loss T 0.080621 Method MME

S real T sketch Train Ep: 4700 lr0.007490520534677821 	 Loss Classification: 0.434300 Loss T 0.085927 Method MME

S real T sketch Train Ep: 4800 lr0.007452529665420465 	 Loss Classification: 0.549842 Loss T 0.070520 Method MME

S real T sketch Train Ep: 4900 lr0.007414985373453289 	 Loss Classification: 0.381928 Loss T 0.071020 Method MME

S real T sketch Train Ep: 5000 lr0.007377879464668811 	 Loss Classification: 0.615439 Loss T 0.065896 Method MME


Labeled Target set: Average loss: 0.0749, Accuracy: 1059/1080 F1 (98.0556%)


Test set: Average loss: 1.8799, Accuracy: 15321/23808 F1 (64.3523%)


Val set: Average loss: 1.6721, Accuracy: 238/360 F1 (66.1111%)

best acc test 63.407258  acc val 66.111111 acc labeled target 98.055556
saving model...
S real T sketch Train Ep: 5100 lr0.007341203948625087 	 Loss Classification: 0.150590 Loss T 0.075601 Method MME

S real T sketch Train Ep: 5200 lr0.007304951032175895 	 Loss Classification: 0.576166 Loss T 0.064025 Method MME

S real T sketch Train Ep: 5300 lr0.007269113113340497 	 Loss Classification: 0.714422 Loss T 0.073572 Method MME

S real T sketch Train Ep: 5400 lr0.007233682775402483 	 Loss Classification: 0.335799 Loss T 0.081124 Method MME

S real T sketch Train Ep: 5500 lr0.007198652781227704 	 Loss Classification: 0.561432 Loss T 0.084893 Method MME


Labeled Target set: Average loss: 0.0739, Accuracy: 1065/1080 F1 (98.6111%)


Test set: Average loss: 1.8585, Accuracy: 15660/23808 F1 (65.7762%)


Val set: Average loss: 1.6461, Accuracy: 243/360 F1 (67.5000%)

best acc test 65.776210  acc val 67.500000 acc labeled target 98.611111
saving model...
S real T sketch Train Ep: 5600 lr0.007164016067791809 	 Loss Classification: 0.228073 Loss T 0.062568 Method MME

S real T sketch Train Ep: 5700 lr0.0071297657409083726 	 Loss Classification: 0.984940 Loss T 0.084721 Method MME

S real T sketch Train Ep: 5800 lr0.0070958950701490225 	 Loss Classification: 0.800197 Loss T 0.058968 Method MME

S real T sketch Train Ep: 5900 lr0.007062397483947426 	 Loss Classification: 0.476484 Loss T 0.077499 Method MME

S real T sketch Train Ep: 6000 lr0.007029266564879363 	 Loss Classification: 0.854578 Loss T 0.069621 Method MME


Labeled Target set: Average loss: 0.0338, Accuracy: 1071/1080 F1 (99.1667%)


Test set: Average loss: 1.8566, Accuracy: 15787/23808 F1 (66.3096%)


Val set: Average loss: 1.5731, Accuracy: 245/360 F1 (68.0556%)

best acc test 66.309644  acc val 68.055556 acc labeled target 99.166667
saving model...
S real T sketch Train Ep: 6100 lr0.006996496045111504 	 Loss Classification: 0.274636 Loss T 0.067882 Method MME

S real T sketch Train Ep: 6200 lr0.00696407980201184 	 Loss Classification: 1.056560 Loss T 0.076671 Method MME

S real T sketch Train Ep: 6300 lr0.006932011853915101 	 Loss Classification: 0.495315 Loss T 0.074288 Method MME

S real T sketch Train Ep: 6400 lr0.006900286356036734 	 Loss Classification: 0.293308 Loss T 0.106940 Method MME

S real T sketch Train Ep: 6500 lr0.006868897596529406 	 Loss Classification: 0.610786 Loss T 0.078091 Method MME


Labeled Target set: Average loss: 0.0451, Accuracy: 1071/1080 F1 (99.1667%)


Test set: Average loss: 1.8470, Accuracy: 15815/23808 F1 (66.4273%)


Val set: Average loss: 1.5916, Accuracy: 228/360 F1 (63.3333%)

best acc test 66.309644  acc val 63.333333 acc labeled target 99.166667
saving model...
S real T sketch Train Ep: 6600 lr0.006837839992676177 	 Loss Classification: 0.747328 Loss T 0.087127 Method MME

S real T sketch Train Ep: 6700 lr0.006807108087214876 	 Loss Classification: 0.485564 Loss T 0.041025 Method MME

S real T sketch Train Ep: 6800 lr0.006776696544788352 	 Loss Classification: 0.419401 Loss T 0.066036 Method MME

S real T sketch Train Ep: 6900 lr0.006746600148515609 	 Loss Classification: 0.629987 Loss T 0.077534 Method MME

S real T sketch Train Ep: 7000 lr0.006716813796678979 	 Loss Classification: 0.561565 Loss T 0.058959 Method MME


Labeled Target set: Average loss: 0.0364, Accuracy: 1070/1080 F1 (99.0741%)


Test set: Average loss: 1.8592, Accuracy: 15939/23808 F1 (66.9481%)


Val set: Average loss: 1.5839, Accuracy: 240/360 F1 (66.6667%)

best acc test 66.309644  acc val 66.666667 acc labeled target 99.074074
saving model...
S real T sketch Train Ep: 7100 lr0.006687332499522798 	 Loss Classification: 0.391535 Loss T 0.063583 Method MME

S real T sketch Train Ep: 7200 lr0.006658151376159165 	 Loss Classification: 0.704810 Loss T 0.072821 Method MME

S real T sketch Train Ep: 7300 lr0.00662926565157663 	 Loss Classification: 0.292214 Loss T 0.055839 Method MME

S real T sketch Train Ep: 7400 lr0.006600670653747793 	 Loss Classification: 0.433365 Loss T 0.059618 Method MME

S real T sketch Train Ep: 7500 lr0.0065723618108320175 	 Loss Classification: 0.435722 Loss T 0.047001 Method MME


Labeled Target set: Average loss: 0.0389, Accuracy: 1070/1080 F1 (99.0741%)


Test set: Average loss: 1.8328, Accuracy: 16114/23808 F1 (67.6831%)


Val set: Average loss: 1.5683, Accuracy: 238/360 F1 (66.1111%)

best acc test 66.309644  acc val 66.111111 acc labeled target 99.074074
saving model...
S real T sketch Train Ep: 7600 lr0.006544334648469591 	 Loss Classification: 0.501452 Loss T 0.088444 Method MME

S real T sketch Train Ep: 7700 lr0.006516584787163857 	 Loss Classification: 0.814755 Loss T 0.076437 Method MME

S real T sketch Train Ep: 7800 lr0.006489107939747966 	 Loss Classification: 1.010806 Loss T 0.065720 Method MME

S real T sketch Train Ep: 7900 lr0.0064618999089330565 	 Loss Classification: 0.435950 Loss T 0.094252 Method MME

S real T sketch Train Ep: 8000 lr0.006434956584934828 	 Loss Classification: 0.581393 Loss T 0.056734 Method MME


Labeled Target set: Average loss: 0.0605, Accuracy: 1066/1080 F1 (98.7037%)


Test set: Average loss: 1.8799, Accuracy: 15982/23808 F1 (67.1287%)


Val set: Average loss: 1.7325, Accuracy: 235/360 F1 (65.2778%)

best acc test 66.309644  acc val 65.277778 acc labeled target 98.703704
saving model...
S real T sketch Train Ep: 8100 lr0.006408273943175546 	 Loss Classification: 0.915714 Loss T 0.072001 Method MME

S real T sketch Train Ep: 8200 lr0.006381848042058713 	 Loss Classification: 0.335655 Loss T 0.064524 Method MME

S real T sketch Train Ep: 8300 lr0.0063556750208137005 	 Loss Classification: 0.469738 Loss T 0.069368 Method MME

S real T sketch Train Ep: 8400 lr0.006329751097407787 	 Loss Classification: 0.176450 Loss T 0.054612 Method MME

S real T sketch Train Ep: 8500 lr0.0063040725665231365 	 Loss Classification: 0.708757 Loss T 0.069879 Method MME


Labeled Target set: Average loss: 0.0398, Accuracy: 1068/1080 F1 (98.8889%)


Test set: Average loss: 1.8858, Accuracy: 16213/23808 F1 (68.0990%)


Val set: Average loss: 1.5258, Accuracy: 247/360 F1 (68.6111%)

best acc test 68.098958  acc val 68.611111 acc labeled target 98.888889
saving model...
S real T sketch Train Ep: 8600 lr0.006278635797596355 	 Loss Classification: 0.488646 Loss T 0.066548 Method MME

S real T sketch Train Ep: 8700 lr0.006253437232918371 	 Loss Classification: 0.558584 Loss T 0.049963 Method MME

S real T sketch Train Ep: 8800 lr0.0062284733857924735 	 Loss Classification: 0.647470 Loss T 0.070473 Method MME

S real T sketch Train Ep: 8900 lr0.006203740838748417 	 Loss Classification: 0.229400 Loss T 0.052353 Method MME

S real T sketch Train Ep: 9000 lr0.006179236241810624 	 Loss Classification: 0.367552 Loss T 0.051985 Method MME


Labeled Target set: Average loss: 0.0353, Accuracy: 1072/1080 F1 (99.2593%)


Test set: Average loss: 1.9157, Accuracy: 16251/23808 F1 (68.2586%)


Val set: Average loss: 1.6487, Accuracy: 237/360 F1 (65.8333%)

best acc test 68.098958  acc val 65.833333 acc labeled target 99.259259
saving model...
S real T sketch Train Ep: 9100 lr0.006154956310818535 	 Loss Classification: 0.379666 Loss T 0.085814 Method MME

S real T sketch Train Ep: 9200 lr0.0061308978257973165 	 Loss Classification: 0.244569 Loss T 0.052850 Method MME

S real T sketch Train Ep: 9300 lr0.0061070576293771285 	 Loss Classification: 0.081691 Loss T 0.071045 Method MME

S real T sketch Train Ep: 9400 lr0.006083432625259276 	 Loss Classification: 0.373672 Loss T 0.040429 Method MME

S real T sketch Train Ep: 9500 lr0.006060019776727621 	 Loss Classification: 0.326672 Loss T 0.049231 Method MME


Labeled Target set: Average loss: 0.0291, Accuracy: 1074/1080 F1 (99.4444%)


Test set: Average loss: 1.8715, Accuracy: 16453/23808 F1 (69.1070%)


Val set: Average loss: 1.7372, Accuracy: 243/360 F1 (67.5000%)

best acc test 68.098958  acc val 67.500000 acc labeled target 99.444444
saving model...
S real T sketch Train Ep: 9600 lr0.00603681610520369 	 Loss Classification: 0.194274 Loss T 0.069664 Method MME

S real T sketch Train Ep: 9700 lr0.0060138186888439825 	 Loss Classification: 1.072909 Loss T 0.038055 Method MME

S real T sketch Train Ep: 9800 lr0.005991024661178045 	 Loss Classification: 0.801434 Loss T 0.073788 Method MME

S real T sketch Train Ep: 9900 lr0.0059684312097859115 	 Loss Classification: 0.066479 Loss T 0.068652 Method MME

S real T sketch Train Ep: 10000 lr0.005946035575013605 	 Loss Classification: 0.140107 Loss T 0.031094 Method MME


Labeled Target set: Average loss: 0.0333, Accuracy: 1068/1080 F1 (98.8889%)


Test set: Average loss: 1.8730, Accuracy: 16333/23808 F1 (68.6030%)


Val set: Average loss: 1.6069, Accuracy: 235/360 F1 (65.2778%)

best acc test 68.098958  acc val 65.277778 acc labeled target 98.888889
saving model...
S real T sketch Train Ep: 10100 lr0.005923835048725393 	 Loss Classification: 0.805177 Loss T 0.071858 Method MME

S real T sketch Train Ep: 10200 lr0.005901826973091593 	 Loss Classification: 0.465945 Loss T 0.061556 Method MME

S real T sketch Train Ep: 10300 lr0.005880008739410735 	 Loss Classification: 0.505848 Loss T 0.057049 Method MME

S real T sketch Train Ep: 10400 lr0.005858377786964935 	 Loss Classification: 0.247421 Loss T 0.052810 Method MME

S real T sketch Train Ep: 10500 lr0.005836931601907399 	 Loss Classification: 0.052691 Loss T 0.040296 Method MME


Labeled Target set: Average loss: 0.0378, Accuracy: 1072/1080 F1 (99.2593%)


Test set: Average loss: 1.8980, Accuracy: 16489/23808 F1 (69.2582%)


Val set: Average loss: 1.4870, Accuracy: 253/360 F1 (70.2778%)

best acc test 69.258233  acc val 70.277778 acc labeled target 99.259259
saving model...
S real T sketch Train Ep: 10600 lr0.005815667716181004 	 Loss Classification: 0.449423 Loss T 0.064618 Method MME

S real T sketch Train Ep: 10700 lr0.005794583706466925 	 Loss Classification: 1.122840 Loss T 0.047237 Method MME

S real T sketch Train Ep: 10800 lr0.005773677193162352 	 Loss Classification: 0.143631 Loss T 0.061699 Method MME

S real T sketch Train Ep: 10900 lr0.005752945839386346 	 Loss Classification: 0.351164 Loss T 0.055577 Method MME

S real T sketch Train Ep: 11000 lr0.005732387350012933 	 Loss Classification: 0.390076 Loss T 0.048981 Method MME


Labeled Target set: Average loss: 0.0399, Accuracy: 1069/1080 F1 (98.9815%)


Test set: Average loss: 1.9182, Accuracy: 16385/23808 F1 (68.8214%)


Val set: Average loss: 1.5955, Accuracy: 247/360 F1 (68.6111%)

best acc test 69.258233  acc val 68.611111 acc labeled target 98.981481
saving model...
S real T sketch Train Ep: 11100 lr0.005711999470730565 	 Loss Classification: 0.541860 Loss T 0.069375 Method MME

S real T sketch Train Ep: 11200 lr0.005691779987127103 	 Loss Classification: 0.529450 Loss T 0.042451 Method MME

S real T sketch Train Ep: 11300 lr0.005671726723799515 	 Loss Classification: 0.462409 Loss T 0.086325 Method MME

S real T sketch Train Ep: 11400 lr0.005651837543487509 	 Loss Classification: 0.319308 Loss T 0.064354 Method MME

S real T sketch Train Ep: 11500 lr0.005632110346230358 	 Loss Classification: 0.521701 Loss T 0.035471 Method MME


Labeled Target set: Average loss: 0.0288, Accuracy: 1073/1080 F1 (99.3519%)


Test set: Average loss: 1.8403, Accuracy: 16556/23808 F1 (69.5396%)


Val set: Average loss: 1.4674, Accuracy: 249/360 F1 (69.1667%)

best acc test 69.258233  acc val 69.166667 acc labeled target 99.351852
saving model...
S real T sketch Train Ep: 11600 lr0.005612543068546177 	 Loss Classification: 0.312271 Loss T 0.044855 Method MME

S real T sketch Train Ep: 11700 lr0.005593133682632953 	 Loss Classification: 0.149837 Loss T 0.032342 Method MME

S real T sketch Train Ep: 11800 lr0.005573880195590681 	 Loss Classification: 0.379901 Loss T 0.029104 Method MME

S real T sketch Train Ep: 11900 lr0.0055547806486639095 	 Loss Classification: 0.406162 Loss T 0.052668 Method MME

S real T sketch Train Ep: 12000 lr0.005535833116504121 	 Loss Classification: 0.377827 Loss T 0.061294 Method MME


Labeled Target set: Average loss: 0.0452, Accuracy: 1070/1080 F1 (99.0741%)


Test set: Average loss: 1.9220, Accuracy: 16501/23808 F1 (69.3086%)


Val set: Average loss: 1.6524, Accuracy: 244/360 F1 (67.7778%)

best acc test 69.258233  acc val 67.777778 acc labeled target 99.074074
saving model...
S real T sketch Train Ep: 12100 lr0.00551703570645129 	 Loss Classification: 0.083664 Loss T 0.045827 Method MME

S real T sketch Train Ep: 12200 lr0.005498386557834078 	 Loss Classification: 0.292544 Loss T 0.043736 Method MME

S real T sketch Train Ep: 12300 lr0.00547988384128807 	 Loss Classification: 0.205477 Loss T 0.053550 Method MME

S real T sketch Train Ep: 12400 lr0.005461525758091539 	 Loss Classification: 0.300063 Loss T 0.049271 Method MME

S real T sketch Train Ep: 12500 lr0.005443310539518174 	 Loss Classification: 0.282740 Loss T 0.043643 Method MME


Labeled Target set: Average loss: 0.0323, Accuracy: 1072/1080 F1 (99.2593%)


Test set: Average loss: 1.8436, Accuracy: 16618/23808 F1 (69.8001%)


Val set: Average loss: 1.6450, Accuracy: 248/360 F1 (68.8889%)

best acc test 69.258233  acc val 68.888889 acc labeled target 99.259259
saving model...
S real T sketch Train Ep: 12600 lr0.005425236446206295 	 Loss Classification: 0.602347 Loss T 0.052073 Method MME

S real T sketch Train Ep: 12700 lr0.005407301767544059 	 Loss Classification: 0.087849 Loss T 0.051303 Method MME

S real T sketch Train Ep: 12800 lr0.005389504821070177 	 Loss Classification: 0.215817 Loss T 0.054088 Method MME

S real T sketch Train Ep: 12900 lr0.005371843951889677 	 Loss Classification: 0.353924 Loss T 0.062756 Method MME

S real T sketch Train Ep: 13000 lr0.0053543175321042955 	 Loss Classification: 0.352740 Loss T 0.031177 Method MME


Labeled Target set: Average loss: 0.0290, Accuracy: 1072/1080 F1 (99.2593%)


Test set: Average loss: 1.9927, Accuracy: 16398/23808 F1 (68.8760%)


Val set: Average loss: 1.8807, Accuracy: 241/360 F1 (66.9444%)

best acc test 69.258233  acc val 66.944444 acc labeled target 99.259259
saving model...
S real T sketch Train Ep: 13100 lr0.005336923960257046 	 Loss Classification: 0.105439 Loss T 0.064894 Method MME

S real T sketch Train Ep: 13200 lr0.0053196616607905645 	 Loss Classification: 0.363666 Loss T 0.043772 Method MME

S real T sketch Train Ep: 13300 lr0.0053025290835188275 	 Loss Classification: 0.495016 Loss T 0.035906 Method MME

S real T sketch Train Ep: 13400 lr0.005285524703111859 	 Loss Classification: 0.725589 Loss T 0.039280 Method MME

S real T sketch Train Ep: 13500 lr0.005268647018593052 	 Loss Classification: 0.311351 Loss T 0.042578 Method MME


Labeled Target set: Average loss: 0.0277, Accuracy: 1073/1080 F1 (99.3519%)


Test set: Average loss: 1.8524, Accuracy: 16739/23808 F1 (70.3083%)


Val set: Average loss: 1.5846, Accuracy: 252/360 F1 (70.0000%)

