Dataset multi Source real Target sketch Labeled num perclass 3 Network resnet34
126 classes in this dataset
Unlabelled Target Dataset Size:  23826
Labelled Target Dataset Size:  378
Bank keys - Target:  dict_keys(['feat_vec', 'labels', 'names', 'domain_identifier']) Source:  dict_keys(['feat_vec', 'labels', 'names', 'domain_identifier'])
Num  - Target:  23826 Source:  70358
S real T sketch Train Ep: 0 lr0.01 	 Loss Classification: 4.890274 Loss T 0.469397 Method MME


Labeled Target set: Average loss: 4.9888, Accuracy: 4/1080 F1 (0.3704%)


Test set: Average loss: 4.9934, Accuracy: 99/23808 F1 (0.4158%)


Val set: Average loss: 4.9876, Accuracy: 4/360 F1 (1.1111%)

best acc test 0.415827  acc val 1.111111 acc labeled target 0.370370
saving model...
S real T sketch Train Ep: 100 lr0.009925650290240803 	 Loss Classification: 1.343364 Loss T 0.312748 Method MME

S real T sketch Train Ep: 200 lr0.009852577760521605 	 Loss Classification: 1.083032 Loss T 0.230033 Method MME

S real T sketch Train Ep: 300 lr0.009780748269686728 	 Loss Classification: 1.153071 Loss T 0.191032 Method MME

S real T sketch Train Ep: 400 lr0.009710128909124701 	 Loss Classification: 1.153128 Loss T 0.202884 Method MME

S real T sketch Train Ep: 500 lr0.00964068794694323 	 Loss Classification: 1.471353 Loss T 0.197277 Method MME


Labeled Target set: Average loss: 2.5490, Accuracy: 462/1080 F1 (42.7778%)


Test set: Average loss: 2.4361, Accuracy: 11553/23808 F1 (48.5257%)


Val set: Average loss: 2.4660, Accuracy: 166/360 F1 (46.1111%)

best acc test 48.525706  acc val 46.111111 acc labeled target 42.777778
saving model...
S real T sketch Train Ep: 600 lr0.00957239477517603 	 Loss Classification: 1.001488 Loss T 0.139137 Method MME

S real T sketch Train Ep: 700 lr0.009505219859830012 	 Loss Classification: 0.833060 Loss T 0.153571 Method MME

S real T sketch Train Ep: 800 lr0.009439134693595126 	 Loss Classification: 1.006716 Loss T 0.140436 Method MME

S real T sketch Train Ep: 900 lr0.009374111751051751 	 Loss Classification: 1.045696 Loss T 0.150355 Method MME

S real T sketch Train Ep: 1000 lr0.009310124446222227 	 Loss Classification: 0.559288 Loss T 0.135666 Method MME


Labeled Target set: Average loss: 2.4731, Accuracy: 498/1080 F1 (46.1111%)


Test set: Average loss: 2.4739, Accuracy: 11891/23808 F1 (49.9454%)


Val set: Average loss: 2.2802, Accuracy: 187/360 F1 (51.9444%)

best acc test 49.945397  acc val 51.944444 acc labeled target 46.111111
saving model...
S real T sketch Train Ep: 1100 lr0.00924714709232377 	 Loss Classification: 0.565206 Loss T 0.134156 Method MME

S real T sketch Train Ep: 1200 lr0.009185154863590003 	 Loss Classification: 0.775923 Loss T 0.140616 Method MME

S real T sketch Train Ep: 1300 lr0.00912412375903735 	 Loss Classification: 1.400235 Loss T 0.164192 Method MME

S real T sketch Train Ep: 1400 lr0.009064030568061049 	 Loss Classification: 0.649581 Loss T 0.106567 Method MME

S real T sketch Train Ep: 1500 lr0.009004852837753237 	 Loss Classification: 0.856049 Loss T 0.133532 Method MME


Labeled Target set: Average loss: 2.3699, Accuracy: 533/1080 F1 (49.3519%)


Test set: Average loss: 2.2718, Accuracy: 12963/23808 F1 (54.4481%)


Val set: Average loss: 2.2594, Accuracy: 192/360 F1 (53.3333%)

best acc test 54.448085  acc val 53.333333 acc labeled target 49.351852
saving model...
S real T sketch Train Ep: 1600 lr0.008946568841842816 	 Loss Classification: 0.187020 Loss T 0.093286 Method MME

S real T sketch Train Ep: 1700 lr0.008889157551163433 	 Loss Classification: 1.224049 Loss T 0.130122 Method MME

S real T sketch Train Ep: 1800 lr0.008832598605562044 	 Loss Classification: 0.968357 Loss T 0.124869 Method MME

S real T sketch Train Ep: 1900 lr0.008776872287166303 	 Loss Classification: 0.573683 Loss T 0.124542 Method MME

S real T sketch Train Ep: 2000 lr0.008721959494934213 	 Loss Classification: 0.807672 Loss T 0.091903 Method MME


Labeled Target set: Average loss: 2.1948, Accuracy: 575/1080 F1 (53.2407%)


Test set: Average loss: 2.2052, Accuracy: 13362/23808 F1 (56.1240%)


Val set: Average loss: 2.1996, Accuracy: 206/360 F1 (57.2222%)

best acc test 56.123992  acc val 57.222222 acc labeled target 53.240741
saving model...
S real T sketch Train Ep: 2100 lr0.008667841720414475 	 Loss Classification: 0.923702 Loss T 0.121239 Method MME

S real T sketch Train Ep: 2200 lr0.008614501024650454 	 Loss Classification: 0.812027 Loss T 0.107210 Method MME

S real T sketch Train Ep: 2300 lr0.008561920016164943 	 Loss Classification: 0.371330 Loss T 0.098445 Method MME

S real T sketch Train Ep: 2400 lr0.008510081829966844 	 Loss Classification: 0.576578 Loss T 0.108838 Method MME

S real T sketch Train Ep: 2500 lr0.008458970107524513 	 Loss Classification: 0.948890 Loss T 0.094314 Method MME


Labeled Target set: Average loss: 2.2873, Accuracy: 562/1080 F1 (52.0370%)


Test set: Average loss: 2.2204, Accuracy: 13393/23808 F1 (56.2542%)


Val set: Average loss: 1.9020, Accuracy: 212/360 F1 (58.8889%)

best acc test 56.254200  acc val 58.888889 acc labeled target 52.037037
saving model...
S real T sketch Train Ep: 2600 lr0.008408568977653933 	 Loss Classification: 0.607353 Loss T 0.088154 Method MME

S real T sketch Train Ep: 2700 lr0.00835886303827305 	 Loss Classification: 1.235196 Loss T 0.118157 Method MME

S real T sketch Train Ep: 2800 lr0.008309837338976545 	 Loss Classification: 0.809819 Loss T 0.115442 Method MME

S real T sketch Train Ep: 2900 lr0.008261477364388068 	 Loss Classification: 0.949817 Loss T 0.100598 Method MME

S real T sketch Train Ep: 3000 lr0.008213769018249545 	 Loss Classification: 0.265366 Loss T 0.115403 Method MME


Labeled Target set: Average loss: 2.3849, Accuracy: 579/1080 F1 (53.6111%)


Test set: Average loss: 2.2054, Accuracy: 13794/23808 F1 (57.9385%)


Val set: Average loss: 2.0209, Accuracy: 210/360 F1 (58.3333%)

best acc test 56.254200  acc val 58.333333 acc labeled target 53.611111
saving model...
S real T sketch Train Ep: 3100 lr0.008166698608209509 	 Loss Classification: 0.422854 Loss T 0.103088 Method MME

S real T sketch Train Ep: 3200 lr0.008120252831274708 	 Loss Classification: 0.582397 Loss T 0.093695 Method MME

S real T sketch Train Ep: 3300 lr0.008074418759891278 	 Loss Classification: 0.852966 Loss T 0.118879 Method MME

S real T sketch Train Ep: 3400 lr0.008029183828623731 	 Loss Classification: 0.760326 Loss T 0.107191 Method MME

tensor(0.5919, device='cuda:0', dtype=torch.float64, grad_fn=<MeanBackward0>)
S real T sketch Train Ep: 3500 lr0.007984535821401871 	 Loss Classification: 0.591866 Loss T 0.075759 Method MME


Labeled Target set: Average loss: 2.5382, Accuracy: 539/1080 F1 (49.9074%)


Test set: Average loss: 2.4970, Accuracy: 13203/23808 F1 (55.4562%)


Val set: Average loss: 2.1759, Accuracy: 194/360 F1 (53.8889%)

best acc test 56.254200  acc val 53.888889 acc labeled target 49.907407
saving model...
tensor(0.6158, device='cuda:0', dtype=torch.float64, grad_fn=<MeanBackward0>)
tensor(0.4359, device='cuda:0', dtype=torch.float64, grad_fn=<MeanBackward0>)
tensor(0.6918, device='cuda:0', dtype=torch.float64, grad_fn=<MeanBackward0>)
tensor(1.2359, device='cuda:0', dtype=torch.float64, grad_fn=<MeanBackward0>)
tensor(0.9063, device='cuda:0', dtype=torch.float64, grad_fn=<MeanBackward0>)
tensor(0.7959, device='cuda:0', dtype=torch.float64, grad_fn=<MeanBackward0>)
tensor(1.1127, device='cuda:0', dtype=torch.float64, grad_fn=<MeanBackward0>)
tensor(0.7051, device='cuda:0', dtype=torch.float64, grad_fn=<MeanBackward0>)
tensor(1.5813, device='cuda:0', dtype=torch.float64, grad_fn=<MeanBackward0>)
tensor(0.6287, device='cuda:0', dtype=torch.float64, grad_fn=<MeanBackward0>)
tensor(1.6446, device='cuda:0', dtype=torch.float64, grad_fn=<MeanBackward0>)
tensor(1.7163, device='cuda:0', dtype=torch.float64, grad_fn=<MeanBackward0>)
tensor(0.8564, device='cuda:0', dtype=torch.float64, grad_fn=<MeanBackward0>)
tensor(0.9151, device='cuda:0', dtype=torch.float64, grad_fn=<MeanBackward0>)
tensor(0.7409, device='cuda:0', dtype=torch.float64, grad_fn=<MeanBackward0>)
tensor(1.2239, device='cuda:0', dtype=torch.float64, grad_fn=<MeanBackward0>)
tensor(0.5800, device='cuda:0', dtype=torch.float64, grad_fn=<MeanBackward0>)
tensor(0.7624, device='cuda:0', dtype=torch.float64, grad_fn=<MeanBackward0>)
tensor(1.1446, device='cuda:0', dtype=torch.float64, grad_fn=<MeanBackward0>)
tensor(0.7617, device='cuda:0', dtype=torch.float64, grad_fn=<MeanBackward0>)
tensor(1.6537, device='cuda:0', dtype=torch.float64, grad_fn=<MeanBackward0>)
tensor(0.8957, device='cuda:0', dtype=torch.float64, grad_fn=<MeanBackward0>)
tensor(0.5104, device='cuda:0', dtype=torch.float64, grad_fn=<MeanBackward0>)
tensor(0.6750, device='cuda:0', dtype=torch.float64, grad_fn=<MeanBackward0>)
tensor(1.4550, device='cuda:0', dtype=torch.float64, grad_fn=<MeanBackward0>)
tensor(0.6078, device='cuda:0', dtype=torch.float64, grad_fn=<MeanBackward0>)
tensor(1.4036, device='cuda:0', dtype=torch.float64, grad_fn=<MeanBackward0>)
tensor(1.1928, device='cuda:0', dtype=torch.float64, grad_fn=<MeanBackward0>)
tensor(0.9055, device='cuda:0', dtype=torch.float64, grad_fn=<MeanBackward0>)
tensor(1.2416, device='cuda:0', dtype=torch.float64, grad_fn=<MeanBackward0>)
tensor(1.1395, device='cuda:0', dtype=torch.float64, grad_fn=<MeanBackward0>)
tensor(1.4545, device='cuda:0', dtype=torch.float64, grad_fn=<MeanBackward0>)
tensor(0.6327, device='cuda:0', dtype=torch.float64, grad_fn=<MeanBackward0>)
tensor(0.7579, device='cuda:0', dtype=torch.float64, grad_fn=<MeanBackward0>)
tensor(0.6698, device='cuda:0', dtype=torch.float64, grad_fn=<MeanBackward0>)
tensor(0.7460, device='cuda:0', dtype=torch.float64, grad_fn=<MeanBackward0>)
tensor(0.6029, device='cuda:0', dtype=torch.float64, grad_fn=<MeanBackward0>)
tensor(0.5914, device='cuda:0', dtype=torch.float64, grad_fn=<MeanBackward0>)
tensor(1.2729, device='cuda:0', dtype=torch.float64, grad_fn=<MeanBackward0>)
tensor(0.8376, device='cuda:0', dtype=torch.float64, grad_fn=<MeanBackward0>)
tensor(1.0855, device='cuda:0', dtype=torch.float64, grad_fn=<MeanBackward0>)
tensor(0.9066, device='cuda:0', dtype=torch.float64, grad_fn=<MeanBackward0>)
tensor(1.3805, device='cuda:0', dtype=torch.float64, grad_fn=<MeanBackward0>)
tensor(1.4311, device='cuda:0', dtype=torch.float64, grad_fn=<MeanBackward0>)
tensor(1.0323, device='cuda:0', dtype=torch.float64, grad_fn=<MeanBackward0>)
tensor(0.7542, device='cuda:0', dtype=torch.float64, grad_fn=<MeanBackward0>)
tensor(1.2695, device='cuda:0', dtype=torch.float64, grad_fn=<MeanBackward0>)
tensor(0.3889, device='cuda:0', dtype=torch.float64, grad_fn=<MeanBackward0>)
tensor(1.4164, device='cuda:0', dtype=torch.float64, grad_fn=<MeanBackward0>)
tensor(0.7864, device='cuda:0', dtype=torch.float64, grad_fn=<MeanBackward0>)
tensor(0.8205, device='cuda:0', dtype=torch.float64, grad_fn=<MeanBackward0>)
tensor(0.4158, device='cuda:0', dtype=torch.float64, grad_fn=<MeanBackward0>)
tensor(1.0055, device='cuda:0', dtype=torch.float64, grad_fn=<MeanBackward0>)
tensor(0.6917, device='cuda:0', dtype=torch.float64, grad_fn=<MeanBackward0>)
tensor(0.9984, device='cuda:0', dtype=torch.float64, grad_fn=<MeanBackward0>)
tensor(0.6068, device='cuda:0', dtype=torch.float64, grad_fn=<MeanBackward0>)
tensor(0.7447, device='cuda:0', dtype=torch.float64, grad_fn=<MeanBackward0>)
tensor(0.4706, device='cuda:0', dtype=torch.float64, grad_fn=<MeanBackward0>)
tensor(0.6218, device='cuda:0', dtype=torch.float64, grad_fn=<MeanBackward0>)
tensor(0.7343, device='cuda:0', dtype=torch.float64, grad_fn=<MeanBackward0>)
tensor(0.7236, device='cuda:0', dtype=torch.float64, grad_fn=<MeanBackward0>)
tensor(1.5057, device='cuda:0', dtype=torch.float64, grad_fn=<MeanBackward0>)
tensor(1.0134, device='cuda:0', dtype=torch.float64, grad_fn=<MeanBackward0>)
tensor(0.2479, device='cuda:0', dtype=torch.float64, grad_fn=<MeanBackward0>)
tensor(0.7877, device='cuda:0', dtype=torch.float64, grad_fn=<MeanBackward0>)
tensor(0.9684, device='cuda:0', dtype=torch.float64, grad_fn=<MeanBackward0>)
tensor(0.9133, device='cuda:0', dtype=torch.float64, grad_fn=<MeanBackward0>)
tensor(0.8515, device='cuda:0', dtype=torch.float64, grad_fn=<MeanBackward0>)
tensor(0.7934, device='cuda:0', dtype=torch.float64, grad_fn=<MeanBackward0>)
tensor(0.9276, device='cuda:0', dtype=torch.float64, grad_fn=<MeanBackward0>)
tensor(0.6904, device='cuda:0', dtype=torch.float64, grad_fn=<MeanBackward0>)
tensor(0.5341, device='cuda:0', dtype=torch.float64, grad_fn=<MeanBackward0>)
tensor(0.3167, device='cuda:0', dtype=torch.float64, grad_fn=<MeanBackward0>)
tensor(0.7524, device='cuda:0', dtype=torch.float64, grad_fn=<MeanBackward0>)
tensor(0.7041, device='cuda:0', dtype=torch.float64, grad_fn=<MeanBackward0>)
tensor(0.9487, device='cuda:0', dtype=torch.float64, grad_fn=<MeanBackward0>)
tensor(0.1566, device='cuda:0', dtype=torch.float64, grad_fn=<MeanBackward0>)
tensor(0.6837, device='cuda:0', dtype=torch.float64, grad_fn=<MeanBackward0>)
tensor(0.7729, device='cuda:0', dtype=torch.float64, grad_fn=<MeanBackward0>)
tensor(0.6564, device='cuda:0', dtype=torch.float64, grad_fn=<MeanBackward0>)
tensor(0.9492, device='cuda:0', dtype=torch.float64, grad_fn=<MeanBackward0>)
tensor(0.7828, device='cuda:0', dtype=torch.float64, grad_fn=<MeanBackward0>)
tensor(0.7538, device='cuda:0', dtype=torch.float64, grad_fn=<MeanBackward0>)
tensor(0.7430, device='cuda:0', dtype=torch.float64, grad_fn=<MeanBackward0>)
tensor(0.7463, device='cuda:0', dtype=torch.float64, grad_fn=<MeanBackward0>)
tensor(1.0147, device='cuda:0', dtype=torch.float64, grad_fn=<MeanBackward0>)
tensor(0.7405, device='cuda:0', dtype=torch.float64, grad_fn=<MeanBackward0>)
tensor(0.9220, device='cuda:0', dtype=torch.float64, grad_fn=<MeanBackward0>)
tensor(1.0799, device='cuda:0', dtype=torch.float64, grad_fn=<MeanBackward0>)
tensor(1.1631, device='cuda:0', dtype=torch.float64, grad_fn=<MeanBackward0>)
tensor(1.0103, device='cuda:0', dtype=torch.float64, grad_fn=<MeanBackward0>)
tensor(0.6870, device='cuda:0', dtype=torch.float64, grad_fn=<MeanBackward0>)
tensor(0.4492, device='cuda:0', dtype=torch.float64, grad_fn=<MeanBackward0>)
tensor(0.4647, device='cuda:0', dtype=torch.float64, grad_fn=<MeanBackward0>)
tensor(0.5832, device='cuda:0', dtype=torch.float64, grad_fn=<MeanBackward0>)
tensor(1.2163, device='cuda:0', dtype=torch.float64, grad_fn=<MeanBackward0>)
tensor(0.8047, device='cuda:0', dtype=torch.float64, grad_fn=<MeanBackward0>)
tensor(0.4520, device='cuda:0', dtype=torch.float64, grad_fn=<MeanBackward0>)
tensor(0.6507, device='cuda:0', dtype=torch.float64, grad_fn=<MeanBackward0>)
tensor(0.5799, device='cuda:0', dtype=torch.float64, grad_fn=<MeanBackward0>)
S real T sketch Train Ep: 3600 lr0.007940462859307384 	 Loss Classification: 0.579947 Loss T 0.079796 Method MME

tensor(1.1858, device='cuda:0', dtype=torch.float64, grad_fn=<MeanBackward0>)
tensor(0.4972, device='cuda:0', dtype=torch.float64, grad_fn=<MeanBackward0>)
tensor(0.3951, device='cuda:0', dtype=torch.float64, grad_fn=<MeanBackward0>)
tensor(0.8362, device='cuda:0', dtype=torch.float64, grad_fn=<MeanBackward0>)
tensor(0.9493, device='cuda:0', dtype=torch.float64, grad_fn=<MeanBackward0>)
tensor(0.3867, device='cuda:0', dtype=torch.float64, grad_fn=<MeanBackward0>)
tensor(0.9133, device='cuda:0', dtype=torch.float64, grad_fn=<MeanBackward0>)
tensor(0.7214, device='cuda:0', dtype=torch.float64, grad_fn=<MeanBackward0>)
tensor(0.6958, device='cuda:0', dtype=torch.float64, grad_fn=<MeanBackward0>)
tensor(0.7760, device='cuda:0', dtype=torch.float64, grad_fn=<MeanBackward0>)
tensor(0.6867, device='cuda:0', dtype=torch.float64, grad_fn=<MeanBackward0>)
tensor(0.3922, device='cuda:0', dtype=torch.float64, grad_fn=<MeanBackward0>)
tensor(1.0425, device='cuda:0', dtype=torch.float64, grad_fn=<MeanBackward0>)
tensor(0.7025, device='cuda:0', dtype=torch.float64, grad_fn=<MeanBackward0>)
tensor(0.8935, device='cuda:0', dtype=torch.float64, grad_fn=<MeanBackward0>)
tensor(0.4241, device='cuda:0', dtype=torch.float64, grad_fn=<MeanBackward0>)
tensor(0.5831, device='cuda:0', dtype=torch.float64, grad_fn=<MeanBackward0>)
tensor(0.7081, device='cuda:0', dtype=torch.float64, grad_fn=<MeanBackward0>)
tensor(0.4979, device='cuda:0', dtype=torch.float64, grad_fn=<MeanBackward0>)
tensor(0.6936, device='cuda:0', dtype=torch.float64, grad_fn=<MeanBackward0>)
tensor(0.5375, device='cuda:0', dtype=torch.float64, grad_fn=<MeanBackward0>)
tensor(0.8600, device='cuda:0', dtype=torch.float64, grad_fn=<MeanBackward0>)
tensor(0.7023, device='cuda:0', dtype=torch.float64, grad_fn=<MeanBackward0>)
tensor(0.3829, device='cuda:0', dtype=torch.float64, grad_fn=<MeanBackward0>)
tensor(0.5081, device='cuda:0', dtype=torch.float64, grad_fn=<MeanBackward0>)
tensor(0.3802, device='cuda:0', dtype=torch.float64, grad_fn=<MeanBackward0>)
tensor(0.4655, device='cuda:0', dtype=torch.float64, grad_fn=<MeanBackward0>)
tensor(0.5167, device='cuda:0', dtype=torch.float64, grad_fn=<MeanBackward0>)
tensor(1.0072, device='cuda:0', dtype=torch.float64, grad_fn=<MeanBackward0>)
tensor(0.3970, device='cuda:0', dtype=torch.float64, grad_fn=<MeanBackward0>)
tensor(1.0896, device='cuda:0', dtype=torch.float64, grad_fn=<MeanBackward0>)
tensor(0.9863, device='cuda:0', dtype=torch.float64, grad_fn=<MeanBackward0>)
tensor(0.7136, device='cuda:0', dtype=torch.float64, grad_fn=<MeanBackward0>)
tensor(0.6542, device='cuda:0', dtype=torch.float64, grad_fn=<MeanBackward0>)
tensor(0.4732, device='cuda:0', dtype=torch.float64, grad_fn=<MeanBackward0>)
tensor(1.4260, device='cuda:0', dtype=torch.float64, grad_fn=<MeanBackward0>)
tensor(0.5902, device='cuda:0', dtype=torch.float64, grad_fn=<MeanBackward0>)
tensor(0.7015, device='cuda:0', dtype=torch.float64, grad_fn=<MeanBackward0>)
tensor(0.3227, device='cuda:0', dtype=torch.float64, grad_fn=<MeanBackward0>)
tensor(0.7466, device='cuda:0', dtype=torch.float64, grad_fn=<MeanBackward0>)
tensor(1.2640, device='cuda:0', dtype=torch.float64, grad_fn=<MeanBackward0>)
tensor(0.5520, device='cuda:0', dtype=torch.float64, grad_fn=<MeanBackward0>)
tensor(0.7345, device='cuda:0', dtype=torch.float64, grad_fn=<MeanBackward0>)
tensor(0.7995, device='cuda:0', dtype=torch.float64, grad_fn=<MeanBackward0>)
tensor(0.8702, device='cuda:0', dtype=torch.float64, grad_fn=<MeanBackward0>)
tensor(0.4790, device='cuda:0', dtype=torch.float64, grad_fn=<MeanBackward0>)
tensor(1.3019, device='cuda:0', dtype=torch.float64, grad_fn=<MeanBackward0>)
tensor(0.7751, device='cuda:0', dtype=torch.float64, grad_fn=<MeanBackward0>)
tensor(0.4432, device='cuda:0', dtype=torch.float64, grad_fn=<MeanBackward0>)
tensor(0.5558, device='cuda:0', dtype=torch.float64, grad_fn=<MeanBackward0>)
tensor(1.2106, device='cuda:0', dtype=torch.float64, grad_fn=<MeanBackward0>)
tensor(1.0858, device='cuda:0', dtype=torch.float64, grad_fn=<MeanBackward0>)
tensor(0.6147, device='cuda:0', dtype=torch.float64, grad_fn=<MeanBackward0>)
tensor(0.2193, device='cuda:0', dtype=torch.float64, grad_fn=<MeanBackward0>)
tensor(1.1642, device='cuda:0', dtype=torch.float64, grad_fn=<MeanBackward0>)
tensor(0.3821, device='cuda:0', dtype=torch.float64, grad_fn=<MeanBackward0>)
tensor(0.6682, device='cuda:0', dtype=torch.float64, grad_fn=<MeanBackward0>)
tensor(0.9609, device='cuda:0', dtype=torch.float64, grad_fn=<MeanBackward0>)
Terminated
