Dataset multi Source real Target sketch Labeled num perclass 3 Network resnet34
126 classes in this dataset
496
S real T sketch Train Ep: 0 lr0.01 	 Loss Classification: 4.920444 Loss T 0.471001 Method MME

S real T sketch Train Ep: 100 lr0.009925650290240803 	 Loss Classification: 0.854534 Loss T 0.299412 Method MME

S real T sketch Train Ep: 200 lr0.009852577760521605 	 Loss Classification: 0.521797 Loss T 0.222365 Method MME

S real T sketch Train Ep: 300 lr0.009780748269686728 	 Loss Classification: 0.474084 Loss T 0.200980 Method MME

S real T sketch Train Ep: 400 lr0.009710128909124701 	 Loss Classification: 0.792369 Loss T 0.178610 Method MME

S real T sketch Train Ep: 500 lr0.00964068794694323 	 Loss Classification: 0.349917 Loss T 0.142252 Method MME


Test set: Average loss: 1.9774, Accuracy: 13096/23808 F1 (55%)


Test set: Average loss: 1.8487, Accuracy: 199/360 F1 (55%)

best acc test 55.006720 best acc val 55.277778
record record/multi/MME/MME_net_resnet34_real_to_sketch_num_3
saving model...
S real T sketch Train Ep: 600 lr0.00957239477517603 	 Loss Classification: 0.627189 Loss T 0.165107 Method MME

S real T sketch Train Ep: 700 lr0.009505219859830012 	 Loss Classification: 0.205220 Loss T 0.165430 Method MME

S real T sketch Train Ep: 800 lr0.009439134693595126 	 Loss Classification: 0.173949 Loss T 0.184588 Method MME

S real T sketch Train Ep: 900 lr0.009374111751051751 	 Loss Classification: 0.388233 Loss T 0.147739 Method MME

S real T sketch Train Ep: 1000 lr0.009310124446222227 	 Loss Classification: 0.221334 Loss T 0.161129 Method MME


Test set: Average loss: 1.8460, Accuracy: 14099/23808 F1 (59%)


Test set: Average loss: 1.6789, Accuracy: 215/360 F1 (60%)

best acc test 59.219590 best acc val 59.722222
record record/multi/MME/MME_net_resnet34_real_to_sketch_num_3
saving model...
S real T sketch Train Ep: 1100 lr0.00924714709232377 	 Loss Classification: 0.469330 Loss T 0.119798 Method MME

S real T sketch Train Ep: 1200 lr0.009185154863590003 	 Loss Classification: 0.266113 Loss T 0.164324 Method MME

S real T sketch Train Ep: 1300 lr0.00912412375903735 	 Loss Classification: 0.337749 Loss T 0.179037 Method MME

S real T sketch Train Ep: 1400 lr0.009064030568061049 	 Loss Classification: 0.297487 Loss T 0.145457 Method MME

S real T sketch Train Ep: 1500 lr0.009004852837753237 	 Loss Classification: 0.224327 Loss T 0.144650 Method MME


Test set: Average loss: 1.7612, Accuracy: 14777/23808 F1 (62%)


Test set: Average loss: 1.5946, Accuracy: 230/360 F1 (64%)

best acc test 62.067372 best acc val 63.888889
record record/multi/MME/MME_net_resnet34_real_to_sketch_num_3
saving model...
S real T sketch Train Ep: 1600 lr0.008946568841842816 	 Loss Classification: 0.300959 Loss T 0.129999 Method MME

S real T sketch Train Ep: 1700 lr0.008889157551163433 	 Loss Classification: 0.568741 Loss T 0.145596 Method MME

S real T sketch Train Ep: 1800 lr0.008832598605562044 	 Loss Classification: 0.297154 Loss T 0.108514 Method MME

S real T sketch Train Ep: 1900 lr0.008776872287166303 	 Loss Classification: 0.243594 Loss T 0.137622 Method MME

S real T sketch Train Ep: 2000 lr0.008721959494934213 	 Loss Classification: 0.321693 Loss T 0.138909 Method MME


Test set: Average loss: 1.6783, Accuracy: 15194/23808 F1 (64%)


Test set: Average loss: 1.6574, Accuracy: 224/360 F1 (62%)

best acc test 62.067372 best acc val 62.222222
record record/multi/MME/MME_net_resnet34_real_to_sketch_num_3
saving model...
S real T sketch Train Ep: 2100 lr0.008667841720414475 	 Loss Classification: 0.510117 Loss T 0.137065 Method MME

S real T sketch Train Ep: 2200 lr0.008614501024650454 	 Loss Classification: 0.319255 Loss T 0.152861 Method MME

S real T sketch Train Ep: 2300 lr0.008561920016164943 	 Loss Classification: 0.157740 Loss T 0.128845 Method MME

S real T sketch Train Ep: 2400 lr0.008510081829966844 	 Loss Classification: 0.286076 Loss T 0.124143 Method MME

S real T sketch Train Ep: 2500 lr0.008458970107524513 	 Loss Classification: 0.234591 Loss T 0.089088 Method MME


Test set: Average loss: 1.5981, Accuracy: 15656/23808 F1 (66%)


Test set: Average loss: 1.4169, Accuracy: 244/360 F1 (68%)

best acc test 65.759409 best acc val 67.777778
record record/multi/MME/MME_net_resnet34_real_to_sketch_num_3
saving model...
S real T sketch Train Ep: 2600 lr0.008408568977653933 	 Loss Classification: 0.411031 Loss T 0.119187 Method MME

S real T sketch Train Ep: 2700 lr0.00835886303827305 	 Loss Classification: 0.500359 Loss T 0.146886 Method MME

S real T sketch Train Ep: 2800 lr0.008309837338976545 	 Loss Classification: 0.443716 Loss T 0.119036 Method MME

S real T sketch Train Ep: 2900 lr0.008261477364388068 	 Loss Classification: 0.477878 Loss T 0.130974 Method MME

S real T sketch Train Ep: 3000 lr0.008213769018249545 	 Loss Classification: 0.180718 Loss T 0.101237 Method MME


Test set: Average loss: 1.6016, Accuracy: 15926/23808 F1 (67%)


Test set: Average loss: 1.3578, Accuracy: 247/360 F1 (69%)

best acc test 66.893481 best acc val 68.611111
record record/multi/MME/MME_net_resnet34_real_to_sketch_num_3
saving model...
S real T sketch Train Ep: 3100 lr0.008166698608209509 	 Loss Classification: 0.423952 Loss T 0.119973 Method MME

S real T sketch Train Ep: 3200 lr0.008120252831274708 	 Loss Classification: 0.494118 Loss T 0.123981 Method MME

S real T sketch Train Ep: 3300 lr0.008074418759891278 	 Loss Classification: 0.481284 Loss T 0.119755 Method MME

S real T sketch Train Ep: 3400 lr0.008029183828623731 	 Loss Classification: 0.193947 Loss T 0.090231 Method MME

S real T sketch Train Ep: 3500 lr0.007984535821401871 	 Loss Classification: 0.224711 Loss T 0.078242 Method MME


Test set: Average loss: 1.5620, Accuracy: 16121/23808 F1 (68%)


Test set: Average loss: 1.4166, Accuracy: 240/360 F1 (67%)

best acc test 66.893481 best acc val 66.666667
record record/multi/MME/MME_net_resnet34_real_to_sketch_num_3
saving model...
S real T sketch Train Ep: 3600 lr0.007940462859307384 	 Loss Classification: 0.224575 Loss T 0.088155 Method MME

S real T sketch Train Ep: 3700 lr0.007896953388873518 	 Loss Classification: 0.101050 Loss T 0.090915 Method MME

S real T sketch Train Ep: 3800 lr0.007853996170872714 	 Loss Classification: 0.297103 Loss T 0.108502 Method MME

S real T sketch Train Ep: 3900 lr0.00781158026956848 	 Loss Classification: 0.375259 Loss T 0.069750 Method MME

S real T sketch Train Ep: 4000 lr0.007769695042409123 	 Loss Classification: 0.252816 Loss T 0.076715 Method MME


Test set: Average loss: 1.5667, Accuracy: 16309/23808 F1 (69%)


Test set: Average loss: 1.3694, Accuracy: 255/360 F1 (71%)

best acc test 68.502184 best acc val 70.833333
record record/multi/MME/MME_net_resnet34_real_to_sketch_num_3
saving model...
S real T sketch Train Ep: 4100 lr0.007728330130142108 	 Loss Classification: 0.277200 Loss T 0.116356 Method MME

S real T sketch Train Ep: 4200 lr0.007687475447329114 	 Loss Classification: 0.453631 Loss T 0.098812 Method MME

S real T sketch Train Ep: 4300 lr0.0076471211732427845 	 Loss Classification: 0.194964 Loss T 0.114335 Method MME

S real T sketch Train Ep: 4400 lr0.007607257743127307 	 Loss Classification: 0.146368 Loss T 0.094936 Method MME

S real T sketch Train Ep: 4500 lr0.007567875839805858 	 Loss Classification: 0.339030 Loss T 0.076066 Method MME


Test set: Average loss: 1.5256, Accuracy: 16493/23808 F1 (69%)


Test set: Average loss: 1.4434, Accuracy: 248/360 F1 (69%)

best acc test 68.502184 best acc val 68.888889
record record/multi/MME/MME_net_resnet34_real_to_sketch_num_3
saving model...
S real T sketch Train Ep: 4600 lr0.007528966385618854 	 Loss Classification: 0.203458 Loss T 0.120142 Method MME

S real T sketch Train Ep: 4700 lr0.007490520534677821 	 Loss Classification: 0.236303 Loss T 0.117094 Method MME

S real T sketch Train Ep: 4800 lr0.007452529665420465 	 Loss Classification: 0.431205 Loss T 0.094283 Method MME

S real T sketch Train Ep: 4900 lr0.007414985373453289 	 Loss Classification: 0.256174 Loss T 0.083761 Method MME

S real T sketch Train Ep: 5000 lr0.007377879464668811 	 Loss Classification: 0.129328 Loss T 0.100321 Method MME


Test set: Average loss: 1.5145, Accuracy: 16666/23808 F1 (70%)


Test set: Average loss: 1.4778, Accuracy: 247/360 F1 (69%)

best acc test 68.502184 best acc val 68.611111
record record/multi/MME/MME_net_resnet34_real_to_sketch_num_3
saving model...
S real T sketch Train Ep: 5100 lr0.007341203948625087 	 Loss Classification: 0.370091 Loss T 0.052573 Method MME

S real T sketch Train Ep: 5200 lr0.007304951032175895 	 Loss Classification: 0.231057 Loss T 0.099661 Method MME

S real T sketch Train Ep: 5300 lr0.007269113113340497 	 Loss Classification: 0.255939 Loss T 0.082994 Method MME

Terminated
