Dataset multi Source real Target sketch Labeled num perclass 3 Network resnet34
126 classes in this dataset
S real T sketch Train Ep: 0 lr0.01 	 Loss Classification: 5.050286 Loss T -0.472104 Method ENT

/home/megh/projects/domain-adaptation/SSAL/utils/loss.py:30: UserWarning: Implicit dimension choice for softmax has been deprecated. Change the call to include dim=X as an argument.
  out_t1 = F.softmax(out_t1)
S real T sketch Train Ep: 100 lr0.009925650290240803 	 Loss Classification: 0.969580 Loss T -0.280042 Method ENT

S real T sketch Train Ep: 200 lr0.009852577760521605 	 Loss Classification: 0.528959 Loss T -0.182335 Method ENT

S real T sketch Train Ep: 300 lr0.009780748269686728 	 Loss Classification: 0.414111 Loss T -0.132765 Method ENT

S real T sketch Train Ep: 400 lr0.009710128909124701 	 Loss Classification: 0.290484 Loss T -0.117080 Method ENT

S real T sketch Train Ep: 500 lr0.00964068794694323 	 Loss Classification: 0.441984 Loss T -0.096895 Method ENT


Test set: Average loss: 2.1869, Accuracy: 13393/23808 F1 (56%)


Test set: Average loss: 1.9961, Accuracy: 206/360 F1 (57%)

best acc test 56.254200 best acc val 57.222222
record record/multi/ENT/ENT_net_resnet34_real_to_sketch_num_3
saving model...
S real T sketch Train Ep: 600 lr0.00957239477517603 	 Loss Classification: 0.398472 Loss T -0.090812 Method ENT

S real T sketch Train Ep: 700 lr0.009505219859830012 	 Loss Classification: 0.643702 Loss T -0.105105 Method ENT

S real T sketch Train Ep: 800 lr0.009439134693595126 	 Loss Classification: 0.597324 Loss T -0.113171 Method ENT

S real T sketch Train Ep: 900 lr0.009374111751051751 	 Loss Classification: 0.521375 Loss T -0.066708 Method ENT

S real T sketch Train Ep: 1000 lr0.009310124446222227 	 Loss Classification: 0.313702 Loss T -0.089047 Method ENT


Test set: Average loss: 2.2237, Accuracy: 14112/23808 F1 (59%)


Test set: Average loss: 1.9062, Accuracy: 218/360 F1 (61%)

best acc test 59.274194 best acc val 60.555556
record record/multi/ENT/ENT_net_resnet34_real_to_sketch_num_3
saving model...
S real T sketch Train Ep: 1100 lr0.00924714709232377 	 Loss Classification: 0.289098 Loss T -0.104661 Method ENT

S real T sketch Train Ep: 1200 lr0.009185154863590003 	 Loss Classification: 0.477293 Loss T -0.066637 Method ENT

S real T sketch Train Ep: 1300 lr0.00912412375903735 	 Loss Classification: 0.661328 Loss T -0.046028 Method ENT

S real T sketch Train Ep: 1400 lr0.009064030568061049 	 Loss Classification: 0.632120 Loss T -0.085823 Method ENT

S real T sketch Train Ep: 1500 lr0.009004852837753237 	 Loss Classification: 0.302679 Loss T -0.062986 Method ENT


Test set: Average loss: 2.1192, Accuracy: 14693/23808 F1 (62%)


Test set: Average loss: 1.8612, Accuracy: 223/360 F1 (62%)

best acc test 61.714550 best acc val 61.944444
record record/multi/ENT/ENT_net_resnet34_real_to_sketch_num_3
saving model...
S real T sketch Train Ep: 1600 lr0.008946568841842816 	 Loss Classification: 0.400780 Loss T -0.075934 Method ENT

S real T sketch Train Ep: 1700 lr0.008889157551163433 	 Loss Classification: 0.090748 Loss T -0.060012 Method ENT

S real T sketch Train Ep: 1800 lr0.008832598605562044 	 Loss Classification: 0.436509 Loss T -0.078632 Method ENT

S real T sketch Train Ep: 1900 lr0.008776872287166303 	 Loss Classification: 0.399886 Loss T -0.061702 Method ENT

S real T sketch Train Ep: 2000 lr0.008721959494934213 	 Loss Classification: 0.201160 Loss T -0.068260 Method ENT


Test set: Average loss: 2.1547, Accuracy: 15047/23808 F1 (63%)


Test set: Average loss: 1.8756, Accuracy: 221/360 F1 (61%)

best acc test 61.714550 best acc val 61.388889
record record/multi/ENT/ENT_net_resnet34_real_to_sketch_num_3
saving model...
S real T sketch Train Ep: 2100 lr0.008667841720414475 	 Loss Classification: 0.261422 Loss T -0.056604 Method ENT

S real T sketch Train Ep: 2200 lr0.008614501024650454 	 Loss Classification: 0.231453 Loss T -0.067883 Method ENT

S real T sketch Train Ep: 2300 lr0.008561920016164943 	 Loss Classification: 0.484729 Loss T -0.054530 Method ENT

S real T sketch Train Ep: 2400 lr0.008510081829966844 	 Loss Classification: 0.377242 Loss T -0.071179 Method ENT

S real T sketch Train Ep: 2500 lr0.008458970107524513 	 Loss Classification: 0.430043 Loss T -0.058105 Method ENT


Test set: Average loss: 2.1684, Accuracy: 15145/23808 F1 (64%)


Test set: Average loss: 1.9517, Accuracy: 223/360 F1 (62%)

best acc test 63.613071 best acc val 61.944444
record record/multi/ENT/ENT_net_resnet34_real_to_sketch_num_3
saving model...
S real T sketch Train Ep: 2600 lr0.008408568977653933 	 Loss Classification: 0.238202 Loss T -0.062892 Method ENT

S real T sketch Train Ep: 2700 lr0.00835886303827305 	 Loss Classification: 0.545382 Loss T -0.053809 Method ENT

S real T sketch Train Ep: 2800 lr0.008309837338976545 	 Loss Classification: 0.333506 Loss T -0.044795 Method ENT

S real T sketch Train Ep: 2900 lr0.008261477364388068 	 Loss Classification: 0.405760 Loss T -0.053791 Method ENT

S real T sketch Train Ep: 3000 lr0.008213769018249545 	 Loss Classification: 0.167626 Loss T -0.050465 Method ENT


Test set: Average loss: 2.1962, Accuracy: 15255/23808 F1 (64%)


Test set: Average loss: 1.8595, Accuracy: 233/360 F1 (65%)

best acc test 64.075101 best acc val 64.722222
record record/multi/ENT/ENT_net_resnet34_real_to_sketch_num_3
saving model...
S real T sketch Train Ep: 3100 lr0.008166698608209509 	 Loss Classification: 0.138891 Loss T -0.041834 Method ENT

S real T sketch Train Ep: 3200 lr0.008120252831274708 	 Loss Classification: 0.347668 Loss T -0.052905 Method ENT

S real T sketch Train Ep: 3300 lr0.008074418759891278 	 Loss Classification: 0.448198 Loss T -0.063104 Method ENT

S real T sketch Train Ep: 3400 lr0.008029183828623731 	 Loss Classification: 0.517163 Loss T -0.056314 Method ENT

S real T sketch Train Ep: 3500 lr0.007984535821401871 	 Loss Classification: 0.627529 Loss T -0.057361 Method ENT


Test set: Average loss: 2.1144, Accuracy: 15563/23808 F1 (65%)


Test set: Average loss: 1.8101, Accuracy: 245/360 F1 (68%)

best acc test 65.368784 best acc val 68.055556
record record/multi/ENT/ENT_net_resnet34_real_to_sketch_num_3
saving model...
S real T sketch Train Ep: 3600 lr0.007940462859307384 	 Loss Classification: 0.410435 Loss T -0.049496 Method ENT

S real T sketch Train Ep: 3700 lr0.007896953388873518 	 Loss Classification: 0.295687 Loss T -0.046665 Method ENT

S real T sketch Train Ep: 3800 lr0.007853996170872714 	 Loss Classification: 0.419619 Loss T -0.044488 Method ENT

S real T sketch Train Ep: 3900 lr0.00781158026956848 	 Loss Classification: 0.360436 Loss T -0.037435 Method ENT

S real T sketch Train Ep: 4000 lr0.007769695042409123 	 Loss Classification: 0.150271 Loss T -0.040708 Method ENT


Test set: Average loss: 2.1732, Accuracy: 15609/23808 F1 (66%)


Test set: Average loss: 1.9109, Accuracy: 237/360 F1 (66%)

best acc test 65.368784 best acc val 65.833333
record record/multi/ENT/ENT_net_resnet34_real_to_sketch_num_3
saving model...
S real T sketch Train Ep: 4100 lr0.007728330130142108 	 Loss Classification: 0.441701 Loss T -0.039977 Method ENT

S real T sketch Train Ep: 4200 lr0.007687475447329114 	 Loss Classification: 0.275531 Loss T -0.043345 Method ENT

S real T sketch Train Ep: 4300 lr0.0076471211732427845 	 Loss Classification: 0.491173 Loss T -0.053297 Method ENT

S real T sketch Train Ep: 4400 lr0.007607257743127307 	 Loss Classification: 0.144859 Loss T -0.046492 Method ENT

S real T sketch Train Ep: 4500 lr0.007567875839805858 	 Loss Classification: 0.281683 Loss T -0.041195 Method ENT


Test set: Average loss: 2.0737, Accuracy: 15864/23808 F1 (67%)


Test set: Average loss: 1.7394, Accuracy: 227/360 F1 (63%)

best acc test 65.368784 best acc val 63.055556
record record/multi/ENT/ENT_net_resnet34_real_to_sketch_num_3
saving model...
S real T sketch Train Ep: 4600 lr0.007528966385618854 	 Loss Classification: 0.159146 Loss T -0.051705 Method ENT

S real T sketch Train Ep: 4700 lr0.007490520534677821 	 Loss Classification: 0.595416 Loss T -0.049354 Method ENT

S real T sketch Train Ep: 4800 lr0.007452529665420465 	 Loss Classification: 0.411399 Loss T -0.051278 Method ENT

S real T sketch Train Ep: 4900 lr0.007414985373453289 	 Loss Classification: 0.736036 Loss T -0.048387 Method ENT

S real T sketch Train Ep: 5000 lr0.007377879464668811 	 Loss Classification: 0.424350 Loss T -0.036535 Method ENT


Test set: Average loss: 2.1589, Accuracy: 15773/23808 F1 (66%)


Test set: Average loss: 1.7335, Accuracy: 238/360 F1 (66%)

best acc test 65.368784 best acc val 66.111111
record record/multi/ENT/ENT_net_resnet34_real_to_sketch_num_3
saving model...
S real T sketch Train Ep: 5100 lr0.007341203948625087 	 Loss Classification: 0.190004 Loss T -0.034789 Method ENT

S real T sketch Train Ep: 5200 lr0.007304951032175895 	 Loss Classification: 0.145725 Loss T -0.045197 Method ENT

S real T sketch Train Ep: 5300 lr0.007269113113340497 	 Loss Classification: 0.370142 Loss T -0.039729 Method ENT

S real T sketch Train Ep: 5400 lr0.007233682775402483 	 Loss Classification: 0.235557 Loss T -0.036010 Method ENT

S real T sketch Train Ep: 5500 lr0.007198652781227704 	 Loss Classification: 0.263811 Loss T -0.039539 Method ENT


Test set: Average loss: 2.1603, Accuracy: 15939/23808 F1 (67%)


Test set: Average loss: 1.9554, Accuracy: 233/360 F1 (65%)

best acc test 65.368784 best acc val 64.722222
record record/multi/ENT/ENT_net_resnet34_real_to_sketch_num_3
saving model...
S real T sketch Train Ep: 5600 lr0.007164016067791809 	 Loss Classification: 0.060832 Loss T -0.041166 Method ENT

S real T sketch Train Ep: 5700 lr0.0071297657409083726 	 Loss Classification: 0.389740 Loss T -0.041468 Method ENT

S real T sketch Train Ep: 5800 lr0.0070958950701490225 	 Loss Classification: 0.422612 Loss T -0.049959 Method ENT

S real T sketch Train Ep: 5900 lr0.007062397483947426 	 Loss Classification: 0.361886 Loss T -0.038196 Method ENT

S real T sketch Train Ep: 6000 lr0.007029266564879363 	 Loss Classification: 0.319004 Loss T -0.036756 Method ENT


Test set: Average loss: 2.2064, Accuracy: 15951/23808 F1 (67%)


Test set: Average loss: 1.9026, Accuracy: 233/360 F1 (65%)

best acc test 65.368784 best acc val 64.722222
record record/multi/ENT/ENT_net_resnet34_real_to_sketch_num_3
saving model...
S real T sketch Train Ep: 6100 lr0.006996496045111504 	 Loss Classification: 0.105602 Loss T -0.046248 Method ENT

S real T sketch Train Ep: 6200 lr0.00696407980201184 	 Loss Classification: 0.086893 Loss T -0.035733 Method ENT

S real T sketch Train Ep: 6300 lr0.006932011853915101 	 Loss Classification: 0.360678 Loss T -0.044607 Method ENT

S real T sketch Train Ep: 6400 lr0.006900286356036734 	 Loss Classification: 0.317583 Loss T -0.057672 Method ENT

S real T sketch Train Ep: 6500 lr0.006868897596529406 	 Loss Classification: 0.057584 Loss T -0.038924 Method ENT


Test set: Average loss: 2.2167, Accuracy: 16036/23808 F1 (67%)


Test set: Average loss: 1.8311, Accuracy: 237/360 F1 (66%)

