Dataset multi Target real Network resnet34 Num per class 1
126 classes in this dataset
THCudaCheck FAIL file=/opt/conda/conda-bld/pytorch_1535493744281/work/aten/src/THC/THCGeneral.cpp line=663 error=11 : invalid argument
T real Ep: 0 lr0.01 	 Loss Class: 4.819335 RotLab: 1.51750648021698 Ent: 0.4701109826564789 RotUnl: 1.51750648021698 

T real Ep: 100 lr0.009925650290240803 	 Loss Class: 0.066055 RotLab: 0.45601463317871094 Ent: 0.046495746821165085 RotUnl: 0.45601463317871094 

T real Ep: 200 lr0.009852577760521605 	 Loss Class: 0.039216 RotLab: 0.1374853253364563 Ent: 0.03062324784696102 RotUnl: 0.1374853253364563 

T real Ep: 300 lr0.009780748269686728 	 Loss Class: 0.026404 RotLab: 0.04016341641545296 Ent: 0.022157087922096252 RotUnl: 0.04016341641545296 

T real Ep: 400 lr0.009710128909124701 	 Loss Class: 0.017605 RotLab: 0.013345043174922466 Ent: 0.015775779262185097 RotUnl: 0.013345043174922466 

T real Ep: 500 lr0.00964068794694323 	 Loss Class: 0.017140 RotLab: 0.009187400341033936 Ent: 0.015372715890407562 RotUnl: 0.009187400341033936 

\Target: Average loss: 3.2559, Accuracy: 20319/70224 F1 (28%)

\Rotation: Average loss: 0.9583, Accuracy: 44956/70224 F1 (64%)

best acc class 28.934552
record record/multi/net_resnet34_real
saving model
T real Ep: 600 lr0.00957239477517603 	 Loss Class: 0.012119 RotLab: 0.022473683580756187 Ent: 0.011249925009906292 RotUnl: 0.022473683580756187 

T real Ep: 700 lr0.009505219859830012 	 Loss Class: 0.014996 RotLab: 0.004971355199813843 Ent: 0.013613681308925152 RotUnl: 0.004971355199813843 

T real Ep: 800 lr0.009439134693595126 	 Loss Class: 0.011508 RotLab: 0.0036846797447651625 Ent: 0.01087180059403181 RotUnl: 0.0036846797447651625 

T real Ep: 900 lr0.009374111751051751 	 Loss Class: 0.009572 RotLab: 0.014283825643360615 Ent: 0.009217249229550362 RotUnl: 0.014283825643360615 

T real Ep: 1000 lr0.009310124446222227 	 Loss Class: 0.012522 RotLab: 0.003134528873488307 Ent: 0.011484749615192413 RotUnl: 0.003134528873488307 

\Target: Average loss: 3.2731, Accuracy: 20513/70224 F1 (29%)

\Rotation: Average loss: 1.0390, Accuracy: 45042/70224 F1 (64%)

best acc class 29.210811
record record/multi/net_resnet34_real
saving model
T real Ep: 1100 lr0.00924714709232377 	 Loss Class: 0.009739 RotLab: 0.004694581031799316 Ent: 0.009342050179839134 RotUnl: 0.004694581031799316 

T real Ep: 1200 lr0.009185154863590003 	 Loss Class: 0.008550 RotLab: 0.0033167998772114515 Ent: 0.008320015855133533 RotUnl: 0.0033167998772114515 

T real Ep: 1300 lr0.00912412375903735 	 Loss Class: 0.010168 RotLab: 0.01634608767926693 Ent: 0.00967452209442854 RotUnl: 0.01634608767926693 

T real Ep: 1400 lr0.009064030568061049 	 Loss Class: 0.010131 RotLab: 0.0022391080856323242 Ent: 0.009631494991481304 RotUnl: 0.0022391080856323242 

T real Ep: 1500 lr0.009004852837753237 	 Loss Class: 0.011781 RotLab: 0.003825922729447484 Ent: 0.011100911535322666 RotUnl: 0.003825922729447484 

\Target: Average loss: 3.2466, Accuracy: 20805/70224 F1 (29%)

\Rotation: Average loss: 1.0808, Accuracy: 45189/70224 F1 (64%)

best acc class 29.626623
record record/multi/net_resnet34_real
saving model
T real Ep: 1600 lr0.008946568841842816 	 Loss Class: 0.008303 RotLab: 0.0014512737980112433 Ent: 0.008088958449661732 RotUnl: 0.0014512737980112433 

T real Ep: 1700 lr0.008889157551163433 	 Loss Class: 0.007986 RotLab: 0.003944257739931345 Ent: 0.00785538088530302 RotUnl: 0.003944257739931345 

T real Ep: 1800 lr0.008832598605562044 	 Loss Class: 0.008453 RotLab: 0.02202203869819641 Ent: 0.008194170892238617 RotUnl: 0.02202203869819641 

T real Ep: 1900 lr0.008776872287166303 	 Loss Class: 0.008041 RotLab: 0.0020519495010375977 Ent: 0.007902118377387524 RotUnl: 0.0020519495010375977 

T real Ep: 2000 lr0.008721959494934213 	 Loss Class: 0.008898 RotLab: 0.0017829934367910028 Ent: 0.008696413598954678 RotUnl: 0.0017829934367910028 

\Target: Average loss: 3.2544, Accuracy: 20805/70224 F1 (29%)

\Rotation: Average loss: 1.0925, Accuracy: 45404/70224 F1 (64%)

best acc class 29.626623
record record/multi/net_resnet34_real
saving model
T real Ep: 2100 lr0.008667841720414475 	 Loss Class: 0.007835 RotLab: 0.0007062951917760074 Ent: 0.007774007972329855 RotUnl: 0.0007062951917760074 

T real Ep: 2200 lr0.008614501024650454 	 Loss Class: 0.008111 RotLab: 0.0061318278312683105 Ent: 0.008010477758944035 RotUnl: 0.0061318278312683105 

T real Ep: 2300 lr0.008561920016164943 	 Loss Class: 0.008672 RotLab: 0.005572070833295584 Ent: 0.008470254018902779 RotUnl: 0.005572070833295584 

T real Ep: 2400 lr0.008510081829966844 	 Loss Class: 0.007086 RotLab: 0.0009658932685852051 Ent: 0.007076686713844538 RotUnl: 0.0009658932685852051 

T real Ep: 2500 lr0.008458970107524513 	 Loss Class: 0.006734 RotLab: 0.0022083520889282227 Ent: 0.006808233447372913 RotUnl: 0.0022083520889282227 

\Target: Average loss: 3.2590, Accuracy: 20715/70224 F1 (29%)

\Rotation: Average loss: 1.1442, Accuracy: 44942/70224 F1 (63%)

best acc class 29.626623
record record/multi/net_resnet34_real
saving model
T real Ep: 2600 lr0.008408568977653933 	 Loss Class: 0.009952 RotLab: 0.002875765087082982 Ent: 0.009525619447231293 RotUnl: 0.002875765087082982 

T real Ep: 2700 lr0.00835886303827305 	 Loss Class: 0.006887 RotLab: 0.0013255676021799445 Ent: 0.0069292159751057625 RotUnl: 0.0013255676021799445 

T real Ep: 2800 lr0.008309837338976545 	 Loss Class: 0.007263 RotLab: 0.0016095638275146484 Ent: 0.007193295750766993 RotUnl: 0.0016095638275146484 

T real Ep: 2900 lr0.008261477364388068 	 Loss Class: 0.006008 RotLab: 0.0009147922392003238 Ent: 0.006149975582957268 RotUnl: 0.0009147922392003238 

T real Ep: 3000 lr0.008213769018249545 	 Loss Class: 0.007522 RotLab: 0.002554595470428467 Ent: 0.0075239213183522224 RotUnl: 0.002554595470428467 

\Target: Average loss: 3.2654, Accuracy: 20886/70224 F1 (29%)

\Rotation: Average loss: 1.1643, Accuracy: 44651/70224 F1 (63%)

best acc class 29.741969
record record/multi/net_resnet34_real
saving model
T real Ep: 3100 lr0.008166698608209509 	 Loss Class: 0.006527 RotLab: 0.0012804865837097168 Ent: 0.00656698364764452 RotUnl: 0.0012804865837097168 

T real Ep: 3200 lr0.008120252831274708 	 Loss Class: 0.007226 RotLab: 0.0027803380507975817 Ent: 0.007228104863315821 RotUnl: 0.0027803380507975817 

T real Ep: 3300 lr0.008074418759891278 	 Loss Class: 0.008433 RotLab: 0.0010176697978749871 Ent: 0.008308343589305878 RotUnl: 0.0010176697978749871 

T real Ep: 3400 lr0.008029183828623731 	 Loss Class: 0.007229 RotLab: 0.002499520778656006 Ent: 0.007260620594024658 RotUnl: 0.002499520778656006 

T real Ep: 3500 lr0.007984535821401871 	 Loss Class: 0.007155 RotLab: 0.0019475420704111457 Ent: 0.007194870617240667 RotUnl: 0.0019475420704111457 

\Target: Average loss: 3.2632, Accuracy: 20922/70224 F1 (29%)

\Rotation: Average loss: 1.1861, Accuracy: 45093/70224 F1 (64%)

best acc class 29.793233
record record/multi/net_resnet34_real
saving model
T real Ep: 3600 lr0.007940462859307384 	 Loss Class: 0.006944 RotLab: 0.001434067846275866 Ent: 0.007044646423310041 RotUnl: 0.001434067846275866 

T real Ep: 3700 lr0.007896953388873518 	 Loss Class: 0.006997 RotLab: 0.0023528735619038343 Ent: 0.007073724176734686 RotUnl: 0.0023528735619038343 

T real Ep: 3800 lr0.007853996170872714 	 Loss Class: 0.006962 RotLab: 0.0016741553554311395 Ent: 0.007042603101581335 RotUnl: 0.0016741553554311395 

T real Ep: 3900 lr0.00781158026956848 	 Loss Class: 0.007451 RotLab: 0.001720686792396009 Ent: 0.007520910352468491 RotUnl: 0.001720686792396009 

T real Ep: 4000 lr0.007769695042409123 	 Loss Class: 0.006898 RotLab: 0.0004805922508239746 Ent: 0.006990848574787378 RotUnl: 0.0004805922508239746 

\Target: Average loss: 3.2568, Accuracy: 21020/70224 F1 (29%)

\Rotation: Average loss: 1.1686, Accuracy: 45356/70224 F1 (64%)

best acc class 29.932787
record record/multi/net_resnet34_real
saving model
T real Ep: 4100 lr0.007728330130142108 	 Loss Class: 0.006752 RotLab: 0.004967769142240286 Ent: 0.0068828994408249855 RotUnl: 0.004967769142240286 

T real Ep: 4200 lr0.007687475447329114 	 Loss Class: 0.009885 RotLab: 0.0023465752601623535 Ent: 0.009637661278247833 RotUnl: 0.0023465752601623535 

T real Ep: 4300 lr0.0076471211732427845 	 Loss Class: 0.008169 RotLab: 0.0004632870259229094 Ent: 0.008180996403098106 RotUnl: 0.0004632870259229094 

T real Ep: 4400 lr0.007607257743127307 	 Loss Class: 0.008274 RotLab: 0.008047114126384258 Ent: 0.008212323300540447 RotUnl: 0.008047114126384258 

Terminated
