Dataset multi Source real Target sketch Labeled num perclass 3 Network resnet34
126 classes in this dataset
23826
Bank keys - Target:  dict_keys(['feat_vec', 'labels', 'names']) Source:  dict_keys(['feat_vec', 'labels', 'names'])
Num  - Target:  23826 Source:  70358
S real T sketch Train Ep: 0 lr0.01 	 Loss Classification: 4.916779 Loss T 0.471932 Method MME

S real T sketch Train Ep: 100 lr0.009925650290240803 	 Loss Classification: 1.041807 Loss T 0.286425 Method MME

S real T sketch Train Ep: 200 lr0.009852577760521605 	 Loss Classification: 0.581160 Loss T 0.248538 Method MME

S real T sketch Train Ep: 300 lr0.009780748269686728 	 Loss Classification: 0.400358 Loss T 0.194288 Method MME

S real T sketch Train Ep: 400 lr0.009710128909124701 	 Loss Classification: 0.402934 Loss T 0.216991 Method MME

S real T sketch Train Ep: 500 lr0.00964068794694323 	 Loss Classification: 0.323827 Loss T 0.171398 Method MME


Test set: Average loss: 2.0771, Accuracy: 12802/23808 F1 (54%)


Test set: Average loss: 1.8092, Accuracy: 198/360 F1 (55%)

best acc test 53.771841 best acc val 55.000000
saving model...
S real T sketch Train Ep: 600 lr0.00957239477517603 	 Loss Classification: 0.207127 Loss T 0.169978 Method MME

S real T sketch Train Ep: 700 lr0.009505219859830012 	 Loss Classification: 0.203924 Loss T 0.177887 Method MME

S real T sketch Train Ep: 800 lr0.009439134693595126 	 Loss Classification: 0.264082 Loss T 0.146178 Method MME

S real T sketch Train Ep: 900 lr0.009374111751051751 	 Loss Classification: 0.463804 Loss T 0.146665 Method MME

S real T sketch Train Ep: 1000 lr0.009310124446222227 	 Loss Classification: 0.478997 Loss T 0.118755 Method MME


Test set: Average loss: 1.9822, Accuracy: 13838/23808 F1 (58%)


Test set: Average loss: 1.6361, Accuracy: 226/360 F1 (63%)

best acc test 58.123320 best acc val 62.777778
saving model...
S real T sketch Train Ep: 1100 lr0.00924714709232377 	 Loss Classification: 0.270976 Loss T 0.161344 Method MME

S real T sketch Train Ep: 1200 lr0.009185154863590003 	 Loss Classification: 0.453358 Loss T 0.135857 Method MME

S real T sketch Train Ep: 1300 lr0.00912412375903735 	 Loss Classification: 0.424393 Loss T 0.106188 Method MME

S real T sketch Train Ep: 1400 lr0.009064030568061049 	 Loss Classification: 0.413131 Loss T 0.120450 Method MME

S real T sketch Train Ep: 1500 lr0.009004852837753237 	 Loss Classification: 0.188011 Loss T 0.146156 Method MME


Test set: Average loss: 1.8890, Accuracy: 14265/23808 F1 (60%)


Test set: Average loss: 1.5854, Accuracy: 231/360 F1 (64%)

best acc test 59.916835 best acc val 64.166667
saving model...
S real T sketch Train Ep: 1600 lr0.008946568841842816 	 Loss Classification: 0.647438 Loss T 0.083536 Method MME

S real T sketch Train Ep: 1700 lr0.008889157551163433 	 Loss Classification: 0.208185 Loss T 0.118840 Method MME

S real T sketch Train Ep: 1800 lr0.008832598605562044 	 Loss Classification: 0.624479 Loss T 0.119699 Method MME

S real T sketch Train Ep: 1900 lr0.008776872287166303 	 Loss Classification: 0.346859 Loss T 0.088243 Method MME

S real T sketch Train Ep: 2000 lr0.008721959494934213 	 Loss Classification: 0.196142 Loss T 0.102486 Method MME


Test set: Average loss: 1.8352, Accuracy: 14787/23808 F1 (62%)


Test set: Average loss: 1.5253, Accuracy: 229/360 F1 (64%)

best acc test 59.916835 best acc val 63.611111
saving model...
S real T sketch Train Ep: 2100 lr0.008667841720414475 	 Loss Classification: 0.318031 Loss T 0.123224 Method MME

S real T sketch Train Ep: 2200 lr0.008614501024650454 	 Loss Classification: 0.221759 Loss T 0.124753 Method MME

S real T sketch Train Ep: 2300 lr0.008561920016164943 	 Loss Classification: 0.392217 Loss T 0.111686 Method MME

S real T sketch Train Ep: 2400 lr0.008510081829966844 	 Loss Classification: 0.243395 Loss T 0.148328 Method MME

S real T sketch Train Ep: 2500 lr0.008458970107524513 	 Loss Classification: 0.606662 Loss T 0.115196 Method MME


Test set: Average loss: 1.8219, Accuracy: 15013/23808 F1 (63%)


Test set: Average loss: 1.5985, Accuracy: 224/360 F1 (62%)

best acc test 59.916835 best acc val 62.222222
saving model...
S real T sketch Train Ep: 2600 lr0.008408568977653933 	 Loss Classification: 0.233094 Loss T 0.122001 Method MME

S real T sketch Train Ep: 2700 lr0.00835886303827305 	 Loss Classification: 0.228896 Loss T 0.112148 Method MME

S real T sketch Train Ep: 2800 lr0.008309837338976545 	 Loss Classification: 0.456624 Loss T 0.132934 Method MME

S real T sketch Train Ep: 2900 lr0.008261477364388068 	 Loss Classification: 0.328360 Loss T 0.113688 Method MME

S real T sketch Train Ep: 3000 lr0.008213769018249545 	 Loss Classification: 0.677564 Loss T 0.091221 Method MME


Test set: Average loss: 1.8326, Accuracy: 15103/23808 F1 (63%)


Test set: Average loss: 1.5694, Accuracy: 241/360 F1 (67%)

best acc test 63.436660 best acc val 66.944444
saving model...
S real T sketch Train Ep: 3100 lr0.008166698608209509 	 Loss Classification: 0.240302 Loss T 0.097160 Method MME

S real T sketch Train Ep: 3200 lr0.008120252831274708 	 Loss Classification: 0.551090 Loss T 0.079845 Method MME

S real T sketch Train Ep: 3300 lr0.008074418759891278 	 Loss Classification: 0.389993 Loss T 0.106953 Method MME

S real T sketch Train Ep: 3400 lr0.008029183828623731 	 Loss Classification: 0.413461 Loss T 0.072677 Method MME

S real T sketch Train Ep: 3500 lr0.007984535821401871 	 Loss Classification: 0.386244 Loss T 0.103731 Method MME


Test set: Average loss: 1.9193, Accuracy: 14935/23808 F1 (63%)


Test set: Average loss: 1.7437, Accuracy: 236/360 F1 (66%)

best acc test 63.436660 best acc val 65.555556
saving model...
S real T sketch Train Ep: 3600 lr0.007940462859307384 	 Loss Classification: 0.209911 Loss T 0.069135 Method MME

S real T sketch Train Ep: 3700 lr0.007896953388873518 	 Loss Classification: 0.398714 Loss T 0.085087 Method MME

S real T sketch Train Ep: 3800 lr0.007853996170872714 	 Loss Classification: 0.171629 Loss T 0.084331 Method MME

S real T sketch Train Ep: 3900 lr0.00781158026956848 	 Loss Classification: 0.409495 Loss T 0.070778 Method MME

S real T sketch Train Ep: 4000 lr0.007769695042409123 	 Loss Classification: 0.331053 Loss T 0.067928 Method MME


Test set: Average loss: 1.9577, Accuracy: 15128/23808 F1 (64%)


Test set: Average loss: 1.7502, Accuracy: 225/360 F1 (62%)

best acc test 63.436660 best acc val 62.500000
saving model...
S real T sketch Train Ep: 4100 lr0.007728330130142108 	 Loss Classification: 0.109836 Loss T 0.077885 Method MME

S real T sketch Train Ep: 4200 lr0.007687475447329114 	 Loss Classification: 0.294611 Loss T 0.085980 Method MME

S real T sketch Train Ep: 4300 lr0.0076471211732427845 	 Loss Classification: 0.274505 Loss T 0.084506 Method MME

S real T sketch Train Ep: 4400 lr0.007607257743127307 	 Loss Classification: 0.217904 Loss T 0.093151 Method MME

S real T sketch Train Ep: 4500 lr0.007567875839805858 	 Loss Classification: 0.437843 Loss T 0.070426 Method MME


Test set: Average loss: 1.9745, Accuracy: 15240/23808 F1 (64%)


Test set: Average loss: 1.6376, Accuracy: 233/360 F1 (65%)

best acc test 63.436660 best acc val 64.722222
saving model...
S real T sketch Train Ep: 4600 lr0.007528966385618854 	 Loss Classification: 0.230855 Loss T 0.065531 Method MME

S real T sketch Train Ep: 4700 lr0.007490520534677821 	 Loss Classification: 0.223979 Loss T 0.053559 Method MME

S real T sketch Train Ep: 4800 lr0.007452529665420465 	 Loss Classification: 0.329276 Loss T 0.072954 Method MME

S real T sketch Train Ep: 4900 lr0.007414985373453289 	 Loss Classification: 0.182267 Loss T 0.072029 Method MME

S real T sketch Train Ep: 5000 lr0.007377879464668811 	 Loss Classification: 0.233927 Loss T 0.064089 Method MME


Test set: Average loss: 1.9701, Accuracy: 15335/23808 F1 (64%)


Test set: Average loss: 1.6980, Accuracy: 231/360 F1 (64%)

best acc test 63.436660 best acc val 64.166667
saving model...
S real T sketch Train Ep: 5100 lr0.007341203948625087 	 Loss Classification: 0.362368 Loss T 0.079390 Method MME

S real T sketch Train Ep: 5200 lr0.007304951032175895 	 Loss Classification: 0.091820 Loss T 0.058585 Method MME

S real T sketch Train Ep: 5300 lr0.007269113113340497 	 Loss Classification: 0.333806 Loss T 0.075188 Method MME

S real T sketch Train Ep: 5400 lr0.007233682775402483 	 Loss Classification: 0.214487 Loss T 0.056527 Method MME

S real T sketch Train Ep: 5500 lr0.007198652781227704 	 Loss Classification: 0.481636 Loss T 0.073041 Method MME


Test set: Average loss: 2.0062, Accuracy: 15308/23808 F1 (64%)


Test set: Average loss: 1.7470, Accuracy: 222/360 F1 (62%)

best acc test 63.436660 best acc val 61.666667
saving model...
S real T sketch Train Ep: 5600 lr0.007164016067791809 	 Loss Classification: 0.409444 Loss T 0.081487 Method MME

S real T sketch Train Ep: 5700 lr0.0071297657409083726 	 Loss Classification: 0.469836 Loss T 0.067476 Method MME

S real T sketch Train Ep: 5800 lr0.0070958950701490225 	 Loss Classification: 0.345515 Loss T 0.087468 Method MME

S real T sketch Train Ep: 5900 lr0.007062397483947426 	 Loss Classification: 0.268570 Loss T 0.061434 Method MME

S real T sketch Train Ep: 6000 lr0.007029266564879363 	 Loss Classification: 0.229119 Loss T 0.042256 Method MME


Test set: Average loss: 2.0039, Accuracy: 15318/23808 F1 (64%)


Test set: Average loss: 1.8072, Accuracy: 241/360 F1 (67%)

best acc test 64.339718 best acc val 66.944444
saving model...
S real T sketch Train Ep: 6100 lr0.006996496045111504 	 Loss Classification: 0.228577 Loss T 0.052957 Method MME

S real T sketch Train Ep: 6200 lr0.00696407980201184 	 Loss Classification: 0.338774 Loss T 0.060208 Method MME

S real T sketch Train Ep: 6300 lr0.006932011853915101 	 Loss Classification: 0.176496 Loss T 0.078810 Method MME

S real T sketch Train Ep: 6400 lr0.006900286356036734 	 Loss Classification: 0.144608 Loss T 0.050577 Method MME

S real T sketch Train Ep: 6500 lr0.006868897596529406 	 Loss Classification: 0.155898 Loss T 0.041795 Method MME


Test set: Average loss: 2.0974, Accuracy: 15314/23808 F1 (64%)


Test set: Average loss: 1.8631, Accuracy: 226/360 F1 (63%)

best acc test 64.339718 best acc val 62.777778
saving model...
S real T sketch Train Ep: 6600 lr0.006837839992676177 	 Loss Classification: 0.480460 Loss T 0.068356 Method MME

S real T sketch Train Ep: 6700 lr0.006807108087214876 	 Loss Classification: 0.398073 Loss T 0.044868 Method MME

S real T sketch Train Ep: 6800 lr0.006776696544788352 	 Loss Classification: 0.234769 Loss T 0.056373 Method MME

S real T sketch Train Ep: 6900 lr0.006746600148515609 	 Loss Classification: 0.234142 Loss T 0.049834 Method MME

S real T sketch Train Ep: 7000 lr0.006716813796678979 	 Loss Classification: 0.316196 Loss T 0.032747 Method MME


Test set: Average loss: 2.0940, Accuracy: 15461/23808 F1 (65%)


Test set: Average loss: 2.0559, Accuracy: 219/360 F1 (61%)

best acc test 64.339718 best acc val 60.833333
saving model...
S real T sketch Train Ep: 7100 lr0.006687332499522798 	 Loss Classification: 0.231865 Loss T 0.065390 Method MME

S real T sketch Train Ep: 7200 lr0.006658151376159165 	 Loss Classification: 0.129478 Loss T 0.062530 Method MME

S real T sketch Train Ep: 7300 lr0.00662926565157663 	 Loss Classification: 0.287408 Loss T 0.053462 Method MME

S real T sketch Train Ep: 7400 lr0.006600670653747793 	 Loss Classification: 0.175658 Loss T 0.060195 Method MME

S real T sketch Train Ep: 7500 lr0.0065723618108320175 	 Loss Classification: 0.208367 Loss T 0.064701 Method MME


Test set: Average loss: 2.0761, Accuracy: 15498/23808 F1 (65%)


Test set: Average loss: 1.8255, Accuracy: 230/360 F1 (64%)

best acc test 64.339718 best acc val 63.888889
saving model...
S real T sketch Train Ep: 7600 lr0.006544334648469591 	 Loss Classification: 0.459808 Loss T 0.059297 Method MME

S real T sketch Train Ep: 7700 lr0.006516584787163857 	 Loss Classification: 0.257333 Loss T 0.064942 Method MME

S real T sketch Train Ep: 7800 lr0.006489107939747966 	 Loss Classification: 0.275665 Loss T 0.068046 Method MME

S real T sketch Train Ep: 7900 lr0.0064618999089330565 	 Loss Classification: 0.237553 Loss T 0.062931 Method MME

S real T sketch Train Ep: 8000 lr0.006434956584934828 	 Loss Classification: 0.357508 Loss T 0.080131 Method MME


Test set: Average loss: 2.0369, Accuracy: 15543/23808 F1 (65%)


Test set: Average loss: 1.7701, Accuracy: 228/360 F1 (63%)

best acc test 64.339718 best acc val 63.333333
saving model...
S real T sketch Train Ep: 8100 lr0.006408273943175546 	 Loss Classification: 0.203070 Loss T 0.051353 Method MME

S real T sketch Train Ep: 8200 lr0.006381848042058713 	 Loss Classification: 0.438808 Loss T 0.064720 Method MME

S real T sketch Train Ep: 8300 lr0.0063556750208137005 	 Loss Classification: 0.112656 Loss T 0.073683 Method MME

S real T sketch Train Ep: 8400 lr0.006329751097407787 	 Loss Classification: 0.146922 Loss T 0.065710 Method MME

S real T sketch Train Ep: 8500 lr0.0063040725665231365 	 Loss Classification: 0.148579 Loss T 0.045672 Method MME


Test set: Average loss: 2.1368, Accuracy: 15507/23808 F1 (65%)


Test set: Average loss: 1.8683, Accuracy: 226/360 F1 (63%)

best acc test 64.339718 best acc val 62.777778
saving model...
S real T sketch Train Ep: 8600 lr0.006278635797596355 	 Loss Classification: 0.490999 Loss T 0.058176 Method MME

S real T sketch Train Ep: 8700 lr0.006253437232918371 	 Loss Classification: 0.241358 Loss T 0.050111 Method MME

S real T sketch Train Ep: 8800 lr0.0062284733857924735 	 Loss Classification: 0.188552 Loss T 0.051700 Method MME

S real T sketch Train Ep: 8900 lr0.006203740838748417 	 Loss Classification: 0.334663 Loss T 0.071296 Method MME

S real T sketch Train Ep: 9000 lr0.006179236241810624 	 Loss Classification: 0.325719 Loss T 0.050631 Method MME


Test set: Average loss: 2.1334, Accuracy: 15528/23808 F1 (65%)


Test set: Average loss: 1.9153, Accuracy: 223/360 F1 (62%)

