Dataset multi Source real Target sketch Labeled num perclass 3 Network resnet34
126 classes in this dataset
23826
Bank keys - Target:  dict_keys(['feat_vec', 'labels', 'names']) Source:  dict_keys(['feat_vec', 'labels', 'names'])
Num  - Target:  23826 Source:  70358
S real T sketch Train Ep: 0 lr0.01 	 Loss Classification: 4.995110 Loss T 0.471218 Method MME

S real T sketch Train Ep: 100 lr0.009925650290240803 	 Loss Classification: 0.773760 Loss T 0.297484 Method MME

S real T sketch Train Ep: 200 lr0.009852577760521605 	 Loss Classification: 0.492074 Loss T 0.225372 Method MME

S real T sketch Train Ep: 300 lr0.009780748269686728 	 Loss Classification: 0.415486 Loss T 0.186538 Method MME

S real T sketch Train Ep: 400 lr0.009710128909124701 	 Loss Classification: 0.744714 Loss T 0.171086 Method MME

S real T sketch Train Ep: 500 lr0.00964068794694323 	 Loss Classification: 0.410234 Loss T 0.177639 Method MME


Test set: Average loss: 2.0660, Accuracy: 12715/23808 F1 (53%)


Test set: Average loss: 1.7942, Accuracy: 200/360 F1 (56%)

best acc test 53.406418 best acc val 55.555556
saving model...
S real T sketch Train Ep: 600 lr0.00957239477517603 	 Loss Classification: 0.323833 Loss T 0.175590 Method MME

S real T sketch Train Ep: 700 lr0.009505219859830012 	 Loss Classification: 0.344877 Loss T 0.159338 Method MME

S real T sketch Train Ep: 800 lr0.009439134693595126 	 Loss Classification: 0.341903 Loss T 0.172175 Method MME

S real T sketch Train Ep: 900 lr0.009374111751051751 	 Loss Classification: 0.284001 Loss T 0.151043 Method MME

S real T sketch Train Ep: 1000 lr0.009310124446222227 	 Loss Classification: 0.606916 Loss T 0.163170 Method MME


Test set: Average loss: 1.9480, Accuracy: 13824/23808 F1 (58%)


Test set: Average loss: 1.7378, Accuracy: 212/360 F1 (59%)

best acc test 58.064516 best acc val 58.888889
saving model...
S real T sketch Train Ep: 1100 lr0.00924714709232377 	 Loss Classification: 0.326680 Loss T 0.175253 Method MME

S real T sketch Train Ep: 1200 lr0.009185154863590003 	 Loss Classification: 0.259314 Loss T 0.132652 Method MME

S real T sketch Train Ep: 1300 lr0.00912412375903735 	 Loss Classification: 0.436670 Loss T 0.133583 Method MME

S real T sketch Train Ep: 1400 lr0.009064030568061049 	 Loss Classification: 0.438590 Loss T 0.122993 Method MME

S real T sketch Train Ep: 1500 lr0.009004852837753237 	 Loss Classification: 0.635967 Loss T 0.131728 Method MME


Test set: Average loss: 1.8488, Accuracy: 14232/23808 F1 (60%)


Test set: Average loss: 1.5614, Accuracy: 225/360 F1 (62%)

best acc test 59.778226 best acc val 62.500000
saving model...
S real T sketch Train Ep: 1600 lr0.008946568841842816 	 Loss Classification: 0.181662 Loss T 0.123413 Method MME

S real T sketch Train Ep: 1700 lr0.008889157551163433 	 Loss Classification: 0.425891 Loss T 0.095782 Method MME

S real T sketch Train Ep: 1800 lr0.008832598605562044 	 Loss Classification: 0.161894 Loss T 0.105743 Method MME

S real T sketch Train Ep: 1900 lr0.008776872287166303 	 Loss Classification: 0.406272 Loss T 0.110758 Method MME

S real T sketch Train Ep: 2000 lr0.008721959494934213 	 Loss Classification: 0.433724 Loss T 0.145333 Method MME


Test set: Average loss: 1.7878, Accuracy: 14868/23808 F1 (62%)


Test set: Average loss: 1.5338, Accuracy: 223/360 F1 (62%)

best acc test 59.778226 best acc val 61.944444
saving model...
S real T sketch Train Ep: 2100 lr0.008667841720414475 	 Loss Classification: 0.325712 Loss T 0.141919 Method MME

S real T sketch Train Ep: 2200 lr0.008614501024650454 	 Loss Classification: 0.473220 Loss T 0.104552 Method MME

S real T sketch Train Ep: 2300 lr0.008561920016164943 	 Loss Classification: 0.352493 Loss T 0.093431 Method MME

S real T sketch Train Ep: 2400 lr0.008510081829966844 	 Loss Classification: 0.344627 Loss T 0.098496 Method MME

S real T sketch Train Ep: 2500 lr0.008458970107524513 	 Loss Classification: 0.525516 Loss T 0.098439 Method MME


Test set: Average loss: 1.7871, Accuracy: 15261/23808 F1 (64%)


Test set: Average loss: 1.5142, Accuracy: 234/360 F1 (65%)

best acc test 64.100302 best acc val 65.000000
saving model...
S real T sketch Train Ep: 2600 lr0.008408568977653933 	 Loss Classification: 0.180798 Loss T 0.078316 Method MME

S real T sketch Train Ep: 2700 lr0.00835886303827305 	 Loss Classification: 0.133155 Loss T 0.071916 Method MME

S real T sketch Train Ep: 2800 lr0.008309837338976545 	 Loss Classification: 0.367029 Loss T 0.082247 Method MME

S real T sketch Train Ep: 2900 lr0.008261477364388068 	 Loss Classification: 0.375599 Loss T 0.088994 Method MME

S real T sketch Train Ep: 3000 lr0.008213769018249545 	 Loss Classification: 0.304818 Loss T 0.087316 Method MME


Test set: Average loss: 1.7496, Accuracy: 15512/23808 F1 (65%)


Test set: Average loss: 1.5855, Accuracy: 232/360 F1 (64%)

best acc test 64.100302 best acc val 64.444444
saving model...
S real T sketch Train Ep: 3100 lr0.008166698608209509 	 Loss Classification: 0.150804 Loss T 0.070127 Method MME

S real T sketch Train Ep: 3200 lr0.008120252831274708 	 Loss Classification: 0.422855 Loss T 0.059760 Method MME

S real T sketch Train Ep: 3300 lr0.008074418759891278 	 Loss Classification: 0.268114 Loss T 0.090347 Method MME

S real T sketch Train Ep: 3400 lr0.008029183828623731 	 Loss Classification: 0.323220 Loss T 0.094540 Method MME

S real T sketch Train Ep: 3500 lr0.007984535821401871 	 Loss Classification: 0.395875 Loss T 0.056946 Method MME


Test set: Average loss: 1.8332, Accuracy: 15456/23808 F1 (65%)


Test set: Average loss: 1.6469, Accuracy: 228/360 F1 (63%)

best acc test 64.100302 best acc val 63.333333
saving model...
S real T sketch Train Ep: 3600 lr0.007940462859307384 	 Loss Classification: 0.090335 Loss T 0.067611 Method MME

S real T sketch Train Ep: 3700 lr0.007896953388873518 	 Loss Classification: 0.400377 Loss T 0.084330 Method MME

S real T sketch Train Ep: 3800 lr0.007853996170872714 	 Loss Classification: 0.274666 Loss T 0.058589 Method MME

S real T sketch Train Ep: 3900 lr0.00781158026956848 	 Loss Classification: 0.320698 Loss T 0.071719 Method MME

S real T sketch Train Ep: 4000 lr0.007769695042409123 	 Loss Classification: 0.396820 Loss T 0.064720 Method MME


Test set: Average loss: 1.8831, Accuracy: 15454/23808 F1 (65%)


Test set: Average loss: 1.7659, Accuracy: 219/360 F1 (61%)

best acc test 64.100302 best acc val 60.833333
saving model...
S real T sketch Train Ep: 4100 lr0.007728330130142108 	 Loss Classification: 0.140994 Loss T 0.096446 Method MME

S real T sketch Train Ep: 4200 lr0.007687475447329114 	 Loss Classification: 0.175221 Loss T 0.087907 Method MME

S real T sketch Train Ep: 4300 lr0.0076471211732427845 	 Loss Classification: 0.330567 Loss T 0.096906 Method MME

S real T sketch Train Ep: 4400 lr0.007607257743127307 	 Loss Classification: 0.278851 Loss T 0.074194 Method MME

S real T sketch Train Ep: 4500 lr0.007567875839805858 	 Loss Classification: 0.230400 Loss T 0.051512 Method MME


Test set: Average loss: 1.8696, Accuracy: 15589/23808 F1 (65%)


Test set: Average loss: 1.6814, Accuracy: 234/360 F1 (65%)

best acc test 65.477991 best acc val 65.000000
saving model...
S real T sketch Train Ep: 4600 lr0.007528966385618854 	 Loss Classification: 0.665232 Loss T 0.084143 Method MME

S real T sketch Train Ep: 4700 lr0.007490520534677821 	 Loss Classification: 0.139652 Loss T 0.062383 Method MME

S real T sketch Train Ep: 4800 lr0.007452529665420465 	 Loss Classification: 0.144509 Loss T 0.053491 Method MME

S real T sketch Train Ep: 4900 lr0.007414985373453289 	 Loss Classification: 0.406793 Loss T 0.069046 Method MME

S real T sketch Train Ep: 5000 lr0.007377879464668811 	 Loss Classification: 0.579729 Loss T 0.066479 Method MME


Test set: Average loss: 1.8638, Accuracy: 15667/23808 F1 (66%)


Test set: Average loss: 1.7607, Accuracy: 229/360 F1 (64%)

best acc test 65.477991 best acc val 63.611111
saving model...
S real T sketch Train Ep: 5100 lr0.007341203948625087 	 Loss Classification: 0.335037 Loss T 0.048837 Method MME

S real T sketch Train Ep: 5200 lr0.007304951032175895 	 Loss Classification: 0.669570 Loss T 0.069096 Method MME

S real T sketch Train Ep: 5300 lr0.007269113113340497 	 Loss Classification: 0.529616 Loss T 0.071202 Method MME

S real T sketch Train Ep: 5400 lr0.007233682775402483 	 Loss Classification: 0.194556 Loss T 0.076267 Method MME

S real T sketch Train Ep: 5500 lr0.007198652781227704 	 Loss Classification: 0.419885 Loss T 0.070065 Method MME


Test set: Average loss: 1.8964, Accuracy: 15601/23808 F1 (66%)


Test set: Average loss: 1.6263, Accuracy: 223/360 F1 (62%)

best acc test 65.477991 best acc val 61.944444
saving model...
S real T sketch Train Ep: 5600 lr0.007164016067791809 	 Loss Classification: 0.556056 Loss T 0.040736 Method MME

S real T sketch Train Ep: 5700 lr0.0071297657409083726 	 Loss Classification: 0.162647 Loss T 0.053478 Method MME

S real T sketch Train Ep: 5800 lr0.0070958950701490225 	 Loss Classification: 0.074915 Loss T 0.068617 Method MME

S real T sketch Train Ep: 5900 lr0.007062397483947426 	 Loss Classification: 0.231577 Loss T 0.057432 Method MME

S real T sketch Train Ep: 6000 lr0.007029266564879363 	 Loss Classification: 0.122841 Loss T 0.046425 Method MME


Test set: Average loss: 1.9823, Accuracy: 15580/23808 F1 (65%)


Test set: Average loss: 1.8735, Accuracy: 222/360 F1 (62%)

best acc test 65.477991 best acc val 61.666667
saving model...
S real T sketch Train Ep: 6100 lr0.006996496045111504 	 Loss Classification: 0.106000 Loss T 0.052243 Method MME

S real T sketch Train Ep: 6200 lr0.00696407980201184 	 Loss Classification: 0.204057 Loss T 0.062312 Method MME

S real T sketch Train Ep: 6300 lr0.006932011853915101 	 Loss Classification: 0.089477 Loss T 0.057350 Method MME

S real T sketch Train Ep: 6400 lr0.006900286356036734 	 Loss Classification: 0.643103 Loss T 0.074585 Method MME

S real T sketch Train Ep: 6500 lr0.006868897596529406 	 Loss Classification: 0.282698 Loss T 0.061972 Method MME


Test set: Average loss: 1.9961, Accuracy: 15667/23808 F1 (66%)


Test set: Average loss: 1.8996, Accuracy: 228/360 F1 (63%)

best acc test 65.477991 best acc val 63.333333
saving model...
S real T sketch Train Ep: 6600 lr0.006837839992676177 	 Loss Classification: 0.230402 Loss T 0.049795 Method MME

Terminated
