Dataset multi Target clipart Network resnet34 Num per class 1
126 classes in this dataset
THCudaCheck FAIL file=/opt/conda/conda-bld/pytorch_1535493744281/work/aten/src/THC/THCGeneral.cpp line=663 error=11 : invalid argument
T clipart Ep: 0 lr0.01 	 Loss Class: 5.027377 RotLab: 1.5531526803970337 Ent: 0.4713042676448822 RotUnl: 1.5531526803970337 

T clipart Ep: 100 lr0.009925650290240803 	 Loss Class: 0.063452 RotLab: 0.5739757418632507 Ent: 0.04525209218263626 RotUnl: 0.5739757418632507 

T clipart Ep: 200 lr0.009852577760521605 	 Loss Class: 0.035992 RotLab: 0.15786273777484894 Ent: 0.028163447976112366 RotUnl: 0.15786273777484894 

T clipart Ep: 300 lr0.009780748269686728 	 Loss Class: 0.033065 RotLab: 0.05622287467122078 Ent: 0.02630585990846157 RotUnl: 0.05622287467122078 

T clipart Ep: 400 lr0.009710128909124701 	 Loss Class: 0.022186 RotLab: 0.03244369104504585 Ent: 0.019036512821912766 RotUnl: 0.03244369104504585 

T clipart Ep: 500 lr0.00964068794694323 	 Loss Class: 0.017323 RotLab: 0.011005629785358906 Ent: 0.01532754022628069 RotUnl: 0.011005629785358906 

\Target: Average loss: 4.2476, Accuracy: 2533/18576 F1 (13%)

\Rotation: Average loss: 1.2590, Accuracy: 9466/18576 F1 (50%)

best acc class 13.635874
record record/multi/net_resnet34_clipart
saving model
T clipart Ep: 600 lr0.00957239477517603 	 Loss Class: 0.015265 RotLab: 0.017975598573684692 Ent: 0.013779464177787304 RotUnl: 0.017975598573684692 

T clipart Ep: 700 lr0.009505219859830012 	 Loss Class: 0.013413 RotLab: 0.033778730779886246 Ent: 0.012272915802896023 RotUnl: 0.033778730779886246 

T clipart Ep: 800 lr0.009439134693595126 	 Loss Class: 0.010549 RotLab: 0.008128662593662739 Ent: 0.009926318190991879 RotUnl: 0.008128662593662739 

T clipart Ep: 900 lr0.009374111751051751 	 Loss Class: 0.011749 RotLab: 0.0032835404854267836 Ent: 0.010889126919209957 RotUnl: 0.0032835404854267836 

T clipart Ep: 1000 lr0.009310124446222227 	 Loss Class: 0.011713 RotLab: 0.0043310425244271755 Ent: 0.010879924520850182 RotUnl: 0.0043310425244271755 

\Target: Average loss: 4.2615, Accuracy: 2570/18576 F1 (13%)

\Rotation: Average loss: 1.3906, Accuracy: 9438/18576 F1 (50%)

best acc class 13.835056
record record/multi/net_resnet34_clipart
saving model
T clipart Ep: 1100 lr0.00924714709232377 	 Loss Class: 0.010510 RotLab: 0.00588400149717927 Ent: 0.009981147944927216 RotUnl: 0.00588400149717927 

T clipart Ep: 1200 lr0.009185154863590003 	 Loss Class: 0.010192 RotLab: 0.00668683648109436 Ent: 0.009568290784955025 RotUnl: 0.00668683648109436 

T clipart Ep: 1300 lr0.00912412375903735 	 Loss Class: 0.008863 RotLab: 0.03452299162745476 Ent: 0.00848232489079237 RotUnl: 0.03452299162745476 

T clipart Ep: 1400 lr0.009064030568061049 	 Loss Class: 0.011635 RotLab: 0.0023433566093444824 Ent: 0.010897615924477577 RotUnl: 0.0023433566093444824 

T clipart Ep: 1500 lr0.009004852837753237 	 Loss Class: 0.007903 RotLab: 0.002732684137299657 Ent: 0.0077339052222669125 RotUnl: 0.002732684137299657 

\Target: Average loss: 4.2556, Accuracy: 2593/18576 F1 (13%)

\Rotation: Average loss: 1.4480, Accuracy: 9513/18576 F1 (51%)

best acc class 13.958872
record record/multi/net_resnet34_clipart
saving model
T clipart Ep: 1600 lr0.008946568841842816 	 Loss Class: 0.009600 RotLab: 0.0035063426475971937 Ent: 0.00913556944578886 RotUnl: 0.0035063426475971937 

T clipart Ep: 1700 lr0.008889157551163433 	 Loss Class: 0.008070 RotLab: 0.002666950225830078 Ent: 0.00786562915891409 RotUnl: 0.002666950225830078 

T clipart Ep: 1800 lr0.008832598605562044 	 Loss Class: 0.008154 RotLab: 0.0014227231731638312 Ent: 0.007952101528644562 RotUnl: 0.0014227231731638312 

T clipart Ep: 1900 lr0.008776872287166303 	 Loss Class: 0.008182 RotLab: 0.002667079446837306 Ent: 0.007973444648087025 RotUnl: 0.002667079446837306 

T clipart Ep: 2000 lr0.008721959494934213 	 Loss Class: 0.008869 RotLab: 0.004326085094362497 Ent: 0.008602151647210121 RotUnl: 0.004326085094362497 

\Target: Average loss: 4.2592, Accuracy: 2638/18576 F1 (14%)

\Rotation: Average loss: 1.4677, Accuracy: 9582/18576 F1 (51%)

best acc class 14.201120
record record/multi/net_resnet34_clipart
saving model
T clipart Ep: 2100 lr0.008667841720414475 	 Loss Class: 0.007982 RotLab: 0.0024059414863586426 Ent: 0.0077901966869831085 RotUnl: 0.0024059414863586426 

T clipart Ep: 2200 lr0.008614501024650454 	 Loss Class: 0.009526 RotLab: 0.0033852458000183105 Ent: 0.009089124388992786 RotUnl: 0.0033852458000183105 

T clipart Ep: 2300 lr0.008561920016164943 	 Loss Class: 0.008140 RotLab: 0.0013366540661081672 Ent: 0.007937654852867126 RotUnl: 0.0013366540661081672 

T clipart Ep: 2400 lr0.008510081829966844 	 Loss Class: 0.008245 RotLab: 0.0012905994663015008 Ent: 0.008105894550681114 RotUnl: 0.0012905994663015008 

T clipart Ep: 2500 lr0.008458970107524513 	 Loss Class: 0.007303 RotLab: 0.002310633659362793 Ent: 0.007262364029884338 RotUnl: 0.002310633659362793 

\Target: Average loss: 4.2514, Accuracy: 2596/18576 F1 (13%)

\Rotation: Average loss: 1.5139, Accuracy: 9588/18576 F1 (51%)

best acc class 14.201120
record record/multi/net_resnet34_clipart
saving model
T clipart Ep: 2600 lr0.008408568977653933 	 Loss Class: 0.006997 RotLab: 0.0032291412353515625 Ent: 0.006947692483663559 RotUnl: 0.0032291412353515625 

T clipart Ep: 2700 lr0.00835886303827305 	 Loss Class: 0.008581 RotLab: 0.0011309981346130371 Ent: 0.008321993052959442 RotUnl: 0.0011309981346130371 

T clipart Ep: 2800 lr0.008309837338976545 	 Loss Class: 0.006901 RotLab: 0.0005684296484105289 Ent: 0.0069298758171498775 RotUnl: 0.0005684296484105289 

T clipart Ep: 2900 lr0.008261477364388068 	 Loss Class: 0.007110 RotLab: 0.002091526985168457 Ent: 0.007082762662321329 RotUnl: 0.002091526985168457 

T clipart Ep: 3000 lr0.008213769018249545 	 Loss Class: 0.006683 RotLab: 0.005386471748352051 Ent: 0.006719243712723255 RotUnl: 0.005386471748352051 

\Target: Average loss: 4.2412, Accuracy: 2610/18576 F1 (14%)

\Rotation: Average loss: 1.6137, Accuracy: 9365/18576 F1 (50%)

best acc class 14.201120
record record/multi/net_resnet34_clipart
saving model
T clipart Ep: 3100 lr0.008166698608209509 	 Loss Class: 0.007602 RotLab: 0.0016129215946421027 Ent: 0.007562934886664152 RotUnl: 0.0016129215946421027 

T clipart Ep: 3200 lr0.008120252831274708 	 Loss Class: 0.006260 RotLab: 0.0016624530544504523 Ent: 0.006353029515594244 RotUnl: 0.0016624530544504523 

T clipart Ep: 3300 lr0.008074418759891278 	 Loss Class: 0.006986 RotLab: 0.0029709935188293457 Ent: 0.0070272148586809635 RotUnl: 0.0029709935188293457 

T clipart Ep: 3400 lr0.008029183828623731 	 Loss Class: 0.007252 RotLab: 0.0015787879237905145 Ent: 0.007283875253051519 RotUnl: 0.0015787879237905145 

T clipart Ep: 3500 lr0.007984535821401871 	 Loss Class: 0.007812 RotLab: 0.0011705359211191535 Ent: 0.007751620840281248 RotUnl: 0.0011705359211191535 

\Target: Average loss: 4.2380, Accuracy: 2665/18576 F1 (14%)

\Rotation: Average loss: 1.5620, Accuracy: 9604/18576 F1 (51%)

best acc class 14.346469
record record/multi/net_resnet34_clipart
saving model
T clipart Ep: 3600 lr0.007940462859307384 	 Loss Class: 0.007309 RotLab: 0.005420704837888479 Ent: 0.007257773075252771 RotUnl: 0.005420704837888479 

T clipart Ep: 3700 lr0.007896953388873518 	 Loss Class: 0.007371 RotLab: 0.0006655057077296078 Ent: 0.007358192000538111 RotUnl: 0.0006655057077296078 

T clipart Ep: 3800 lr0.007853996170872714 	 Loss Class: 0.008260 RotLab: 0.00166132056619972 Ent: 0.008205457590520382 RotUnl: 0.00166132056619972 

T clipart Ep: 3900 lr0.00781158026956848 	 Loss Class: 0.006738 RotLab: 0.0041227638721466064 Ent: 0.006805627141147852 RotUnl: 0.0041227638721466064 

T clipart Ep: 4000 lr0.007769695042409123 	 Loss Class: 0.007565 RotLab: 0.0018441876163706183 Ent: 0.007564676459878683 RotUnl: 0.0018441876163706183 

\Target: Average loss: 4.2276, Accuracy: 2645/18576 F1 (14%)

\Rotation: Average loss: 1.5850, Accuracy: 9435/18576 F1 (50%)

best acc class 14.346469
record record/multi/net_resnet34_clipart
saving model
T clipart Ep: 4100 lr0.007728330130142108 	 Loss Class: 0.007774 RotLab: 0.0007108847494237125 Ent: 0.007759985513985157 RotUnl: 0.0007108847494237125 

T clipart Ep: 4200 lr0.007687475447329114 	 Loss Class: 0.007809 RotLab: 0.0008768439292907715 Ent: 0.00778711074963212 RotUnl: 0.0008768439292907715 

T clipart Ep: 4300 lr0.0076471211732427845 	 Loss Class: 0.008138 RotLab: 0.0008620222215540707 Ent: 0.008092875592410564 RotUnl: 0.0008620222215540707 

T clipart Ep: 4400 lr0.007607257743127307 	 Loss Class: 0.007401 RotLab: 0.0018735328922048211 Ent: 0.007443091366440058 RotUnl: 0.0018735328922048211 

T clipart Ep: 4500 lr0.007567875839805858 	 Loss Class: 0.007915 RotLab: 0.0007897217874415219 Ent: 0.007907981052994728 RotUnl: 0.0007897217874415219 

\Target: Average loss: 4.2321, Accuracy: 2655/18576 F1 (14%)

\Rotation: Average loss: 1.6083, Accuracy: 9525/18576 F1 (51%)

best acc class 14.346469
record record/multi/net_resnet34_clipart
saving model
T clipart Ep: 4600 lr0.007528966385618854 	 Loss Class: 0.007840 RotLab: 0.0009544491767883301 Ent: 0.007854684256017208 RotUnl: 0.0009544491767883301 

T clipart Ep: 4700 lr0.007490520534677821 	 Loss Class: 0.009166 RotLab: 0.0014743407955393195 Ent: 0.009027497842907906 RotUnl: 0.0014743407955393195 

T clipart Ep: 4800 lr0.007452529665420465 	 Loss Class: 0.008227 RotLab: 0.0008246104116551578 Ent: 0.008163741789758205 RotUnl: 0.0008246104116551578 

T clipart Ep: 4900 lr0.007414985373453289 	 Loss Class: 0.008794 RotLab: 0.005958060268312693 Ent: 0.008742558769881725 RotUnl: 0.005958060268312693 

T clipart Ep: 5000 lr0.007377879464668811 	 Loss Class: 0.007970 RotLab: 0.0018716752529144287 Ent: 0.00795426033437252 RotUnl: 0.0018716752529144287 

\Target: Average loss: 4.2132, Accuracy: 2629/18576 F1 (14%)

\Rotation: Average loss: 1.6751, Accuracy: 9389/18576 F1 (50%)

best acc class 14.346469
record record/multi/net_resnet34_clipart
saving model
T clipart Ep: 5100 lr0.007341203948625087 	 Loss Class: 0.007125 RotLab: 0.0016213456401601434 Ent: 0.007217411883175373 RotUnl: 0.0016213456401601434 

T clipart Ep: 5200 lr0.007304951032175895 	 Loss Class: 0.009477 RotLab: 0.0006142060155980289 Ent: 0.009305590763688087 RotUnl: 0.0006142060155980289 

T clipart Ep: 5300 lr0.007269113113340497 	 Loss Class: 0.006989 RotLab: 0.0007508397102355957 Ent: 0.007113700266927481 RotUnl: 0.0007508397102355957 

T clipart Ep: 5400 lr0.007233682775402483 	 Loss Class: 0.007937 RotLab: 0.0012183984508737922 Ent: 0.00795838050544262 RotUnl: 0.0012183984508737922 

T clipart Ep: 5500 lr0.007198652781227704 	 Loss Class: 0.007553 RotLab: 0.0016589561710134149 Ent: 0.007626473903656006 RotUnl: 0.0016589561710134149 

