Dataset multi Source real Target sketch Labeled num perclass 3 Network resnet34
126 classes in this dataset
23826
Bank keys - Target:  dict_keys(['feat_vec', 'labels', 'names']) Source:  dict_keys(['feat_vec', 'labels', 'names'])
Num  - Target:  23826 Source:  70358
S real T sketch Train Ep: 0 lr0.01 	 Loss Classification: 4.959025 Loss T 0.471261 Method MME

S real T sketch Train Ep: 100 lr0.009925650290240803 	 Loss Classification: 0.803570 Loss T 0.281854 Method MME

S real T sketch Train Ep: 200 lr0.009852577760521605 	 Loss Classification: 0.506742 Loss T 0.227773 Method MME

S real T sketch Train Ep: 300 lr0.009780748269686728 	 Loss Classification: 0.284617 Loss T 0.189300 Method MME

S real T sketch Train Ep: 400 lr0.009710128909124701 	 Loss Classification: 0.450976 Loss T 0.215330 Method MME

S real T sketch Train Ep: 500 lr0.00964068794694323 	 Loss Classification: 0.263384 Loss T 0.186236 Method MME


Test set: Average loss: 2.0298, Accuracy: 13142/23808 F1 (55%)


Test set: Average loss: 1.8284, Accuracy: 208/360 F1 (58%)

best acc test 55.199933 best acc val 57.777778
saving model...
S real T sketch Train Ep: 600 lr0.00957239477517603 	 Loss Classification: 0.505427 Loss T 0.171317 Method MME

S real T sketch Train Ep: 700 lr0.009505219859830012 	 Loss Classification: 0.510770 Loss T 0.152237 Method MME

S real T sketch Train Ep: 800 lr0.009439134693595126 	 Loss Classification: 0.495432 Loss T 0.162488 Method MME

S real T sketch Train Ep: 900 lr0.009374111751051751 	 Loss Classification: 0.281627 Loss T 0.142107 Method MME

S real T sketch Train Ep: 1000 lr0.009310124446222227 	 Loss Classification: 0.214622 Loss T 0.146408 Method MME


Test set: Average loss: 1.9196, Accuracy: 13776/23808 F1 (58%)


Test set: Average loss: 1.7047, Accuracy: 211/360 F1 (59%)

best acc test 57.862903 best acc val 58.611111
saving model...
S real T sketch Train Ep: 1100 lr0.00924714709232377 	 Loss Classification: 0.455324 Loss T 0.145766 Method MME

S real T sketch Train Ep: 1200 lr0.009185154863590003 	 Loss Classification: 0.459545 Loss T 0.148449 Method MME

S real T sketch Train Ep: 1300 lr0.00912412375903735 	 Loss Classification: 0.741712 Loss T 0.177459 Method MME

S real T sketch Train Ep: 1400 lr0.009064030568061049 	 Loss Classification: 0.376531 Loss T 0.110907 Method MME

S real T sketch Train Ep: 1500 lr0.009004852837753237 	 Loss Classification: 0.475861 Loss T 0.142889 Method MME


Test set: Average loss: 1.9372, Accuracy: 14175/23808 F1 (60%)


Test set: Average loss: 1.5968, Accuracy: 219/360 F1 (61%)

best acc test 59.538810 best acc val 60.833333
saving model...
S real T sketch Train Ep: 1600 lr0.008946568841842816 	 Loss Classification: 0.601800 Loss T 0.123319 Method MME

S real T sketch Train Ep: 1700 lr0.008889157551163433 	 Loss Classification: 0.448260 Loss T 0.115886 Method MME

S real T sketch Train Ep: 1800 lr0.008832598605562044 	 Loss Classification: 0.658468 Loss T 0.123662 Method MME

S real T sketch Train Ep: 1900 lr0.008776872287166303 	 Loss Classification: 0.403263 Loss T 0.097301 Method MME

S real T sketch Train Ep: 2000 lr0.008721959494934213 	 Loss Classification: 0.180495 Loss T 0.105224 Method MME


Test set: Average loss: 1.8077, Accuracy: 14920/23808 F1 (63%)


Test set: Average loss: 1.5731, Accuracy: 226/360 F1 (63%)

best acc test 62.668011 best acc val 62.777778
saving model...
S real T sketch Train Ep: 2100 lr0.008667841720414475 	 Loss Classification: 0.323510 Loss T 0.097364 Method MME

S real T sketch Train Ep: 2200 lr0.008614501024650454 	 Loss Classification: 0.236644 Loss T 0.136582 Method MME

S real T sketch Train Ep: 2300 lr0.008561920016164943 	 Loss Classification: 0.309288 Loss T 0.085467 Method MME

S real T sketch Train Ep: 2400 lr0.008510081829966844 	 Loss Classification: 0.302513 Loss T 0.119353 Method MME

S real T sketch Train Ep: 2500 lr0.008458970107524513 	 Loss Classification: 0.451110 Loss T 0.086115 Method MME


Test set: Average loss: 1.7896, Accuracy: 15176/23808 F1 (64%)


Test set: Average loss: 1.4964, Accuracy: 223/360 F1 (62%)

best acc test 62.668011 best acc val 61.944444
saving model...
S real T sketch Train Ep: 2600 lr0.008408568977653933 	 Loss Classification: 0.094240 Loss T 0.115737 Method MME

S real T sketch Train Ep: 2700 lr0.00835886303827305 	 Loss Classification: 0.830414 Loss T 0.105858 Method MME

S real T sketch Train Ep: 2800 lr0.008309837338976545 	 Loss Classification: 0.217929 Loss T 0.106459 Method MME

S real T sketch Train Ep: 2900 lr0.008261477364388068 	 Loss Classification: 0.277810 Loss T 0.106326 Method MME

S real T sketch Train Ep: 3000 lr0.008213769018249545 	 Loss Classification: 0.443893 Loss T 0.101798 Method MME


Test set: Average loss: 2.8653, Accuracy: 8427/23808 F1 (35%)


Test set: Average loss: 2.5076, Accuracy: 144/360 F1 (40%)

best acc test 62.668011 best acc val 40.000000
saving model...
S real T sketch Train Ep: 3100 lr0.008166698608209509 	 Loss Classification: 0.437417 Loss T 0.138382 Method MME

S real T sketch Train Ep: 3200 lr0.008120252831274708 	 Loss Classification: 0.654274 Loss T 0.098725 Method MME

S real T sketch Train Ep: 3300 lr0.008074418759891278 	 Loss Classification: 0.690952 Loss T 0.066102 Method MME

S real T sketch Train Ep: 3400 lr0.008029183828623731 	 Loss Classification: 0.743420 Loss T 0.110255 Method MME

S real T sketch Train Ep: 3500 lr0.007984535821401871 	 Loss Classification: 1.352108 Loss T 0.098376 Method MME


Test set: Average loss: 2.9662, Accuracy: 10840/23808 F1 (46%)


Test set: Average loss: 2.4881, Accuracy: 183/360 F1 (51%)

best acc test 62.668011 best acc val 50.833333
saving model...
S real T sketch Train Ep: 3600 lr0.007940462859307384 	 Loss Classification: 0.578944 Loss T 0.080180 Method MME

S real T sketch Train Ep: 3700 lr0.007896953388873518 	 Loss Classification: 0.437440 Loss T 0.055643 Method MME

S real T sketch Train Ep: 3800 lr0.007853996170872714 	 Loss Classification: 1.084723 Loss T 0.073201 Method MME

S real T sketch Train Ep: 3900 lr0.00781158026956848 	 Loss Classification: 0.488348 Loss T 0.078210 Method MME

S real T sketch Train Ep: 4000 lr0.007769695042409123 	 Loss Classification: 1.064454 Loss T 0.049148 Method MME


Test set: Average loss: 3.5609, Accuracy: 8721/23808 F1 (37%)


Test set: Average loss: 3.3731, Accuracy: 141/360 F1 (39%)

best acc test 62.668011 best acc val 39.166667
saving model...
S real T sketch Train Ep: 4100 lr0.007728330130142108 	 Loss Classification: 0.436587 Loss T 0.074978 Method MME

S real T sketch Train Ep: 4200 lr0.007687475447329114 	 Loss Classification: 0.682877 Loss T 0.108561 Method MME

S real T sketch Train Ep: 4300 lr0.0076471211732427845 	 Loss Classification: 0.593142 Loss T 0.077400 Method MME

S real T sketch Train Ep: 4400 lr0.007607257743127307 	 Loss Classification: 0.271578 Loss T 0.092050 Method MME

S real T sketch Train Ep: 4500 lr0.007567875839805858 	 Loss Classification: 0.591565 Loss T 0.109256 Method MME


Test set: Average loss: 2.7061, Accuracy: 12301/23808 F1 (52%)


Test set: Average loss: 2.6468, Accuracy: 176/360 F1 (49%)

best acc test 62.668011 best acc val 48.888889
saving model...
S real T sketch Train Ep: 4600 lr0.007528966385618854 	 Loss Classification: 0.345961 Loss T 0.083341 Method MME

S real T sketch Train Ep: 4700 lr0.007490520534677821 	 Loss Classification: 1.144389 Loss T 0.033704 Method MME

S real T sketch Train Ep: 4800 lr0.007452529665420465 	 Loss Classification: 0.714727 Loss T 0.107364 Method MME

S real T sketch Train Ep: 4900 lr0.007414985373453289 	 Loss Classification: 0.935713 Loss T 0.070847 Method MME

S real T sketch Train Ep: 5000 lr0.007377879464668811 	 Loss Classification: 1.382995 Loss T 0.046681 Method MME


Test set: Average loss: 3.7310, Accuracy: 8863/23808 F1 (37%)


Test set: Average loss: 3.4370, Accuracy: 137/360 F1 (38%)

