Dataset multi Source real Target sketch Labeled num perclass 3 Network resnet34
126 classes in this dataset
Unlabelled Target Dataset Size:  23826
Labelled Target Dataset Size:  378
Misc. Labelled Target Dataset Size:  378
Bank keys - Target:  dict_keys(['feat_vec', 'labels', 'names', 'domain_identifier']) Source:  dict_keys(['feat_vec', 'labels', 'names', 'domain_identifier'])
Num  - Target:  23826 Source:  70358
Unlabeled Target Data Size: 496
S real T sketch Train Ep: 0 lr0.01 	 Loss Classification: 5.045879 Loss T 0.469388 Method MME

S real T sketch Train Ep: 100 lr0.009925650290240803 	 Loss Classification: 1.342205 Loss T 0.304086 Method MME

S real T sketch Train Ep: 200 lr0.009852577760521605 	 Loss Classification: 0.672080 Loss T 0.266813 Method MME

S real T sketch Train Ep: 300 lr0.009780748269686728 	 Loss Classification: 0.670993 Loss T 0.231292 Method MME

S real T sketch Train Ep: 400 lr0.009710128909124701 	 Loss Classification: 0.549618 Loss T 0.230658 Method MME

S real T sketch Train Ep: 500 lr0.00964068794694323 	 Loss Classification: 0.660123 Loss T 0.194393 Method MME


Labeled Target set: Average loss: 2.8554, Accuracy: 413/1080 F1 (38.2407%)


Test set: Average loss: 2.7200, Accuracy: 9749/23808 F1 (40.9484%)


Val set: Average loss: 2.5242, Accuracy: 167/360 F1 (46.3889%)

best acc test 40.948421  acc val 46.388889 acc labeled target 38.240741
saving model...
S real T sketch Train Ep: 600 lr0.00957239477517603 	 Loss Classification: 1.039813 Loss T 0.193838 Method MME

S real T sketch Train Ep: 700 lr0.009505219859830012 	 Loss Classification: 0.186929 Loss T 0.205653 Method MME

S real T sketch Train Ep: 800 lr0.009439134693595126 	 Loss Classification: 0.479853 Loss T 0.199521 Method MME

S real T sketch Train Ep: 900 lr0.009374111751051751 	 Loss Classification: 0.714553 Loss T 0.196228 Method MME

S real T sketch Train Ep: 1000 lr0.009310124446222227 	 Loss Classification: 0.674383 Loss T 0.158027 Method MME


Labeled Target set: Average loss: 2.3917, Accuracy: 480/1080 F1 (44.4444%)


Test set: Average loss: 2.3205, Accuracy: 11543/23808 F1 (48.4837%)


Val set: Average loss: 2.3372, Accuracy: 171/360 F1 (47.5000%)

best acc test 48.483703  acc val 47.500000 acc labeled target 44.444444
saving model...
S real T sketch Train Ep: 1100 lr0.00924714709232377 	 Loss Classification: 0.986674 Loss T 0.177770 Method MME

S real T sketch Train Ep: 1200 lr0.009185154863590003 	 Loss Classification: 0.834808 Loss T 0.185265 Method MME

S real T sketch Train Ep: 1300 lr0.00912412375903735 	 Loss Classification: 1.123731 Loss T 0.198193 Method MME

S real T sketch Train Ep: 1400 lr0.009064030568061049 	 Loss Classification: 0.643852 Loss T 0.186508 Method MME

S real T sketch Train Ep: 1500 lr0.009004852837753237 	 Loss Classification: 0.770313 Loss T 0.197585 Method MME


Labeled Target set: Average loss: 2.3166, Accuracy: 519/1080 F1 (48.0556%)


Test set: Average loss: 2.2372, Accuracy: 12011/23808 F1 (50.4494%)


Val set: Average loss: 2.0494, Accuracy: 185/360 F1 (51.3889%)

best acc test 50.449429  acc val 51.388889 acc labeled target 48.055556
saving model...
S real T sketch Train Ep: 1600 lr0.008946568841842816 	 Loss Classification: 0.600128 Loss T 0.177122 Method MME

S real T sketch Train Ep: 1700 lr0.008889157551163433 	 Loss Classification: 0.823449 Loss T 0.164083 Method MME

S real T sketch Train Ep: 1800 lr0.008832598605562044 	 Loss Classification: 0.492401 Loss T 0.138629 Method MME

S real T sketch Train Ep: 1900 lr0.008776872287166303 	 Loss Classification: 0.532351 Loss T 0.162399 Method MME

Per Class Accuracy Calculated According to the Labelled Target examples is:  [0.8888889  0.8888889  0.6666667  0.44444445 0.         0.
 0.33333334 0.5555556  0.22222222 0.         0.44444445 0.6666667
 0.6666667  0.44444445 0.         0.         0.8888889  1.
 0.5555556  0.33333334 0.6666667  0.6666667  1.         0.
 0.5555556  0.33333334 0.         0.5        0.5555556  0.33333334
 0.33333334 0.33333334 0.8888889  0.6666667  0.6666667  0.6666667
 0.6666667  0.         1.         0.5555556  0.44444445 0.8888889
 0.5        0.11111111 0.11111111 0.6666667  1.         0.5555556
 0.5        0.8888889  0.33333334 0.33333334 0.5555556  0.44444445
 0.22222222 0.5555556  0.33333334 0.8888889  0.7777778  0.44444445
 1.         0.33333334 1.         0.33333334 0.6666667  0.6666667
 0.         0.22222222 0.44444445 1.         0.         0.11111111
 0.33333334 0.44444445 0.5555556  0.22222222 0.         0.5555556
 0.11111111 0.8888889  0.         0.8888889  0.33333334 0.11111111
 0.33333334 0.44444445 0.8888889  0.6666667  0.         0.6666667
 0.22222222 0.8888889  0.33333334 1.         0.8888889  0.44444445
 0.44444445 0.8333333  0.22222222 0.         1.         0.5555556
 0.6666667  0.22222222 1.         0.         0.22222222 1.
 0.11111111 0.33333334 0.33333334 0.6666667  0.5        0.33333334
 0.         1.         0.         0.6666667  0.22222222 0.33333334
 0.8888889  0.7777778  0.7777778  0.         0.         0.7777778 ]
Top k classes which perform poorly are:  [70, 26, 37, 80, 105, 15, 14, 88, 114, 116, 76, 124, 5, 4, 66, 99, 123, 9, 23, 78, 44, 71, 43, 108, 83, 103, 106, 67, 8, 118, 98, 75, 90, 54, 51, 25, 61, 63, 72, 6, 56, 113, 50, 110, 29, 30, 31, 119, 92, 19, 109, 82, 84, 3, 85, 59, 73, 68, 53, 10, 40, 96, 95, 13, 112, 48, 27, 42, 74, 77, 101, 24, 7, 55, 52, 47, 18, 39, 28, 2, 11, 12, 20, 21, 89, 87, 65, 33, 34, 35, 36, 117, 45, 102, 64, 111, 121, 122, 58, 125, 97, 120, 0, 94, 1, 16, 32, 41, 57, 79, 49, 86, 91, 81, 69, 60, 100, 115, 46, 107, 38, 22, 17, 93, 104, 62]
0
1
2
3
4
5
6
7
8
9
10
11
12
13
14
15
16
17
18
19
20
21
22
23
24
25
26
27
28
29
30
31
32
33
34
35
36
37
38
39
40
41
42
43
44
45
46
47
48
49
50
51
52
53
54
55
56
57
58
59
60
61
62
63
64
65
66
67
68
69
70
71
72
73
74
75
76
77
78
79
80
81
82
83
84
85
86
87
88
89
90
91
92
93
94
95
96
97
98
99
100
101
102
103
104
105
106
107
108
109
110
111
112
113
114
115
116
117
118
119
120
121
122
123
124
125
126
127
128
129
130
131
132
133
134
135
136
137
138
139
140
141
142
143
144
145
146
147
148
149
150
151
152
153
154
155
156
157
158
159
160
161
162
163
164
165
166
167
168
169
170
171
172
173
174
175
176
177
178
179
180
181
182
183
184
185
186
187
188
189
190
191
192
193
194
195
196
197
198
199
200
201
202
203
204
205
206
207
208
209
210
211
212
213
214
215
216
217
218
219
220
221
222
223
224
225
226
227
228
229
230
231
232
233
234
235
236
237
238
239
240
241
242
243
244
245
246
247
248
249
250
251
252
253
254
255
256
257
258
259
260
261
262
263
264
265
266
267
268
269
270
271
272
273
274
275
276
277
278
279
280
281
282
283
284
285
286
287
288
289
290
291
292
293
294
295
296
297
298
299
300
301
302
303
304
305
306
307
308
309
310
311
312
313
314
315
316
317
318
319
320
321
322
323
324
325
326
327
328
329
330
331
332
333
334
335
336
337
338
339
340
341
342
343
344
345
346
347
348
349
350
351
352
353
354
355
356
357
358
359
360
361
362
363
364
365
366
367
368
369
370
371
372
373
374
375
376
377
0
1
2
3
4
5
6
7
8
9
10
11
12
13
14
15
16
17
18
19
20
21
22
23
24
25
26
27
28
29
30
31
32
33
34
35
36
37
38
39
40
41
42
43
44
45
46
47
48
49
50
51
52
53
54
55
56
57
58
59
60
61
62
63
64
65
66
67
68
69
70
71
72
73
74
75
76
77
78
79
80
81
82
83
84
85
86
87
88
89
90
91
92
93
94
95
96
97
98
99
100
101
102
103
104
105
106
107
108
109
110
111
112
113
114
115
116
117
118
119
120
121
122
123
124
125
126
127
128
129
130
131
132
133
134
135
136
137
138
139
140
141
142
143
144
145
146
147
148
149
150
151
152
153
154
155
156
157
158
159
160
161
162
163
164
165
166
167
168
169
170
171
172
173
174
175
176
177
178
179
180
181
182
183
184
185
186
187
188
189
190
191
192
193
194
195
196
197
198
199
200
201
202
203
204
205
206
207
208
209
210
211
212
213
214
215
216
217
218
219
220
221
222
223
224
225
226
227
228
229
230
231
232
233
234
235
236
237
238
239
240
241
242
243
244
245
246
247
248
249
250
251
252
253
254
255
256
257
258
259
260
261
262
263
264
265
266
267
268
269
270
271
272
273
274
275
276
277
278
279
280
281
282
283
284
285
286
287
288
289
290
291
292
293
294
295
296
297
298
299
300
301
302
303
304
305
306
307
308
309
310
311
312
313
314
315
316
317
318
319
320
321
322
323
324
325
326
327
328
329
330
331
332
333
334
335
336
337
338
339
340
341
342
343
344
345
346
347
348
349
350
351
352
353
354
355
356
357
358
359
360
361
362
363
364
365
366
367
368
369
370
371
372
373
374
375
376
377
Assigned Classwise weights to source
S real T sketch Train Ep: 2000 lr0.008721959494934213 	 Loss Classification: 0.472706 Loss T 0.144224 Method MME


Labeled Target set: Average loss: 0.4612, Accuracy: 960/1080 F1 (88.8889%)


Test set: Average loss: 2.2846, Accuracy: 12290/23808 F1 (51.6213%)


Val set: Average loss: 2.1859, Accuracy: 192/360 F1 (53.3333%)

best acc test 51.621304  acc val 53.333333 acc labeled target 88.888889
saving model...
S real T sketch Train Ep: 2100 lr0.008667841720414475 	 Loss Classification: 0.207608 Loss T 0.160659 Method MME

S real T sketch Train Ep: 2200 lr0.008614501024650454 	 Loss Classification: 1.137666 Loss T 0.134569 Method MME

S real T sketch Train Ep: 2300 lr0.008561920016164943 	 Loss Classification: 0.905726 Loss T 0.144685 Method MME

S real T sketch Train Ep: 2400 lr0.008510081829966844 	 Loss Classification: 0.324492 Loss T 0.152626 Method MME

S real T sketch Train Ep: 2500 lr0.008458970107524513 	 Loss Classification: 0.120545 Loss T 0.170133 Method MME


Labeled Target set: Average loss: 0.2094, Accuracy: 1035/1080 F1 (95.8333%)


Test set: Average loss: 1.9592, Accuracy: 13677/23808 F1 (57.4471%)


Val set: Average loss: 1.8292, Accuracy: 207/360 F1 (57.5000%)

best acc test 57.447077  acc val 57.500000 acc labeled target 95.833333
saving model...
S real T sketch Train Ep: 2600 lr0.008408568977653933 	 Loss Classification: 0.390281 Loss T 0.143978 Method MME

S real T sketch Train Ep: 2700 lr0.00835886303827305 	 Loss Classification: 0.424266 Loss T 0.164712 Method MME

S real T sketch Train Ep: 2800 lr0.008309837338976545 	 Loss Classification: 0.726089 Loss T 0.133732 Method MME

S real T sketch Train Ep: 2900 lr0.008261477364388068 	 Loss Classification: 1.399957 Loss T 0.176850 Method MME

Per Class Accuracy Calculated According to the Labelled Target examples is:  [1.        1.        1.        1.        1.        0.8888889 1.
 1.        1.        1.        1.        0.8888889 1.        0.7777778
 1.        1.        1.        1.        1.        1.        1.
 1.        1.        1.        1.        1.        0.8888889 1.
 0.8888889 1.        1.        1.        1.        1.        1.
 0.8888889 1.        1.        1.        1.        1.        1.
 0.8888889 1.        1.        1.        1.        1.        1.
 1.        0.7777778 1.        1.        0.8888889 1.        1.
 0.6666667 1.        1.        1.        1.        0.8888889 1.
 0.8888889 1.        1.        0.8888889 0.5       0.7777778 1.
 1.        1.        1.        0.8888889 1.        1.        0.8888889
 1.        1.        1.        0.8888889 1.        1.        0.8888889
 0.8888889 1.        1.        1.        0.8333333 1.        1.
 1.        1.        1.        1.        1.        1.        1.
 0.7777778 0.8888889 1.        0.8888889 1.        1.        1.
 0.8888889 0.7777778 1.        1.        1.        1.        1.
 1.        1.        0.8888889 1.        0.8888889 1.        0.5
 1.        1.        0.7777778 0.7777778 0.8888889 1.        1.       ]
Top k classes which perform poorly are:  [67, 118, 56, 106, 50, 122, 121, 68, 98, 13, 88, 11, 84, 83, 123, 35, 5, 80, 66, 99, 53, 28, 26, 101, 105, 42, 114, 76, 116, 63, 61, 73, 78, 86, 85, 82, 81, 74, 75, 77, 72, 79, 71, 0, 95, 89, 120, 119, 117, 115, 113, 112, 111, 110, 109, 108, 87, 107, 103, 102, 100, 97, 96, 94, 93, 92, 91, 90, 104, 70, 62, 65, 29, 27, 25, 24, 23, 22, 21, 20, 19, 18, 17, 30, 16, 14, 12, 10, 9, 8, 7, 6, 4, 3, 2, 1, 15, 69, 31, 33, 64, 124, 60, 59, 58, 57, 55, 54, 52, 51, 49, 32, 48, 46, 45, 44, 43, 41, 40, 39, 38, 37, 36, 34, 47, 125]
0
1
2
3
4
5
6
7
8
9
10
11
12
13
14
15
16
17
18
19
20
21
22
23
24
25
26
27
28
29
30
31
32
33
34
35
36
37
38
39
40
41
42
43
44
45
46
47
48
49
50
51
52
53
54
55
56
57
58
59
60
61
62
63
64
65
66
67
68
69
70
71
72
73
74
75
76
77
78
79
80
81
82
83
84
85
86
87
88
89
90
91
92
93
94
95
96
97
98
99
100
101
102
103
104
105
106
107
108
109
110
111
112
113
114
115
116
117
118
119
120
121
122
123
124
125
126
127
128
129
130
131
132
133
134
135
136
137
138
139
140
141
142
143
144
145
146
147
148
149
150
151
152
153
154
155
156
157
158
159
160
161
162
163
164
165
166
167
168
169
170
171
172
173
174
175
176
177
178
179
180
181
182
183
184
185
186
187
188
189
190
191
192
193
194
195
196
197
198
199
200
201
202
203
204
205
206
207
208
209
210
211
212
213
214
215
216
217
218
219
220
221
222
223
224
225
226
227
228
229
230
231
232
233
234
235
236
237
238
239
240
241
242
243
244
245
246
247
248
249
250
251
252
253
254
255
256
257
258
259
260
261
262
263
264
265
266
267
268
269
270
271
272
273
274
275
276
277
278
279
280
281
282
283
284
285
286
287
288
289
290
291
292
293
294
295
296
297
298
299
300
301
302
303
304
305
306
307
308
309
310
311
312
313
314
315
316
317
318
319
320
321
322
323
324
325
326
327
328
329
330
331
332
333
334
335
336
337
338
339
340
341
342
343
344
345
346
347
348
349
350
351
352
353
354
355
356
357
358
359
360
361
362
363
364
365
366
367
368
369
370
371
372
373
374
375
376
377
0
1
2
3
4
5
6
7
8
9
10
11
12
13
14
15
16
17
18
19
20
21
22
23
24
25
26
27
28
29
30
31
32
33
34
35
36
37
38
39
40
41
42
43
44
45
46
47
48
49
50
51
52
53
54
55
56
57
58
59
60
61
62
63
64
65
66
67
68
69
70
71
72
73
74
75
76
77
78
79
80
81
82
83
84
85
86
87
88
89
90
91
92
93
94
95
96
97
98
99
100
101
102
103
104
105
106
107
108
109
110
111
112
113
114
115
116
117
118
119
120
121
122
123
124
125
126
127
128
129
130
131
132
133
134
135
136
137
138
139
140
141
142
143
144
145
146
147
148
149
150
151
152
153
154
155
156
157
158
159
160
161
162
163
164
165
166
167
168
169
170
171
172
173
174
175
176
177
178
179
180
181
182
183
184
185
186
187
188
189
190
191
192
193
194
195
196
197
198
199
200
201
202
203
204
205
206
207
208
209
210
211
212
213
214
215
216
217
218
219
220
221
222
223
224
225
226
227
228
229
230
231
232
233
234
235
236
237
238
239
240
241
242
243
244
245
246
247
248
249
250
251
252
253
254
255
256
257
258
259
260
261
262
263
264
265
266
267
268
269
270
271
272
273
274
275
276
277
278
279
280
281
282
283
284
285
286
287
288
289
290
291
292
293
294
295
296
297
298
299
300
301
302
303
304
305
306
307
308
309
310
311
312
313
314
315
316
317
318
319
320
321
322
323
324
325
326
327
328
329
330
331
332
333
334
335
336
337
338
339
340
341
342
343
344
345
346
347
348
349
350
351
352
353
354
355
356
357
358
359
360
361
362
363
364
365
366
367
368
369
370
371
372
373
374
375
376
377
Assigned Classwise weights to source
S real T sketch Train Ep: 3000 lr0.008213769018249545 	 Loss Classification: 0.917126 Loss T 0.143233 Method MME


Labeled Target set: Average loss: 0.3170, Accuracy: 1012/1080 F1 (93.7037%)


Test set: Average loss: 2.1246, Accuracy: 13226/23808 F1 (55.5528%)


Val set: Average loss: 1.9075, Accuracy: 204/360 F1 (56.6667%)

best acc test 57.447077  acc val 56.666667 acc labeled target 93.703704
saving model...
S real T sketch Train Ep: 3100 lr0.008166698608209509 	 Loss Classification: 0.522573 Loss T 0.137883 Method MME

S real T sketch Train Ep: 3200 lr0.008120252831274708 	 Loss Classification: 0.546063 Loss T 0.182996 Method MME

S real T sketch Train Ep: 3300 lr0.008074418759891278 	 Loss Classification: 0.410119 Loss T 0.169216 Method MME

S real T sketch Train Ep: 3400 lr0.008029183828623731 	 Loss Classification: 0.543960 Loss T 0.141444 Method MME

S real T sketch Train Ep: 3500 lr0.007984535821401871 	 Loss Classification: 0.583510 Loss T 0.131978 Method MME


Labeled Target set: Average loss: 0.1665, Accuracy: 1052/1080 F1 (97.4074%)


Test set: Average loss: 1.9251, Accuracy: 14239/23808 F1 (59.8076%)


Val set: Average loss: 1.7211, Accuracy: 219/360 F1 (60.8333%)

best acc test 59.807628  acc val 60.833333 acc labeled target 97.407407
saving model...
S real T sketch Train Ep: 3600 lr0.007940462859307384 	 Loss Classification: 0.649649 Loss T 0.141072 Method MME

S real T sketch Train Ep: 3700 lr0.007896953388873518 	 Loss Classification: 0.355718 Loss T 0.140025 Method MME

S real T sketch Train Ep: 3800 lr0.007853996170872714 	 Loss Classification: 0.961662 Loss T 0.162651 Method MME

S real T sketch Train Ep: 3900 lr0.00781158026956848 	 Loss Classification: 0.502328 Loss T 0.142242 Method MME

Per Class Accuracy Calculated According to the Labelled Target examples is:  [1.        1.        1.        1.        1.        1.        0.8888889
 1.        1.        1.        1.        0.8888889 1.        1.
 1.        1.        1.        1.        1.        1.        1.
 1.        1.        1.        1.        0.7777778 1.        1.
 1.        1.        0.8888889 0.8888889 0.7777778 1.        1.
 1.        1.        1.        1.        1.        1.        1.
 1.        1.        1.        0.7777778 1.        1.        1.
 1.        0.8888889 1.        1.        1.        1.        1.
 1.        1.        1.        1.        1.        0.8333333 1.
 1.        1.        1.        1.        1.        0.6666667 1.
 1.        1.        1.        1.        1.        1.        0.8888889
 1.        1.        1.        0.8888889 1.        1.        0.8888889
 1.        0.8888889 1.        1.        1.        0.8888889 1.
 1.        0.7777778 1.        1.        0.8888889 1.        1.
 1.        0.5555556 1.        1.        1.        1.        1.
 1.        1.        1.        1.        1.        1.        1.
 1.        1.        1.        1.        1.        1.        0.8333333
 1.        1.        1.        1.        1.        1.        1.       ]
Top k classes which perform poorly are:  [99, 68, 92, 32, 25, 45, 61, 118, 95, 31, 30, 89, 85, 83, 80, 50, 76, 11, 6, 78, 69, 90, 70, 71, 72, 73, 74, 87, 79, 75, 86, 84, 77, 82, 91, 81, 88, 0, 97, 94, 123, 122, 121, 120, 119, 117, 116, 115, 114, 113, 112, 111, 110, 109, 108, 107, 106, 105, 104, 103, 102, 101, 100, 98, 96, 93, 67, 62, 65, 28, 27, 26, 24, 23, 22, 21, 20, 19, 18, 17, 16, 15, 14, 13, 12, 10, 9, 8, 7, 5, 4, 3, 2, 1, 29, 33, 34, 35, 64, 63, 124, 60, 59, 58, 57, 56, 55, 54, 53, 52, 66, 51, 48, 47, 46, 44, 43, 42, 41, 40, 39, 38, 37, 36, 49, 125]
0
1
2
3
4
5
6
7
8
9
10
11
12
13
14
15
16
17
18
19
20
21
22
23
24
25
26
27
28
29
30
31
32
33
34
35
36
37
38
39
40
41
42
43
44
45
46
47
48
49
50
51
52
53
54
55
56
57
58
59
60
61
62
63
64
65
66
67
68
69
70
71
72
73
74
75
76
77
78
79
80
81
82
83
84
85
86
87
88
89
90
91
92
93
94
95
96
97
98
99
100
101
102
103
104
105
106
107
108
109
110
111
112
113
114
115
116
117
118
119
120
121
122
123
124
125
126
127
128
129
130
131
132
133
134
135
136
137
138
139
140
141
142
143
144
145
146
147
148
149
150
151
152
153
154
155
156
157
158
159
160
161
162
163
164
165
166
167
168
169
170
171
172
173
174
175
176
177
178
179
180
181
182
183
184
185
186
187
188
189
190
191
192
193
194
195
196
197
198
199
200
201
202
203
204
205
206
207
208
209
210
211
212
213
214
215
216
217
218
219
220
221
222
223
224
225
226
227
228
229
230
231
232
233
234
235
236
237
238
239
240
241
242
243
244
245
246
247
248
249
250
251
252
253
254
255
256
257
258
259
260
261
262
263
264
265
266
267
268
269
270
271
272
273
274
275
276
277
278
279
280
281
282
283
284
285
286
287
288
289
290
291
292
293
294
295
296
297
298
299
300
301
302
303
304
305
306
307
308
309
310
311
312
313
314
315
316
317
318
319
320
321
322
323
324
325
326
327
328
329
330
331
332
333
334
335
336
337
338
339
340
341
342
343
344
345
346
347
348
349
350
351
352
353
354
355
356
357
358
359
360
361
362
363
364
365
366
367
368
369
370
371
372
373
374
375
376
377
0
1
2
3
4
5
6
7
8
9
10
11
12
13
14
15
16
17
18
19
20
21
22
23
24
25
26
27
28
29
30
31
32
33
34
35
36
37
38
39
40
41
42
43
44
45
46
47
48
49
50
51
52
53
54
55
56
57
58
59
60
61
62
63
64
65
66
67
68
69
70
71
72
73
74
75
76
77
78
79
80
81
82
83
84
85
86
87
88
89
90
91
92
93
94
95
96
97
98
99
100
101
102
103
104
105
106
107
108
109
110
111
112
113
114
115
116
117
118
119
120
121
122
123
124
125
126
127
128
129
130
131
132
133
134
135
136
137
138
139
140
141
142
143
144
145
146
147
148
149
150
151
152
153
154
155
156
157
158
159
160
161
162
163
164
165
166
167
168
169
170
171
172
173
174
175
176
177
178
179
180
181
182
183
184
185
186
187
188
189
190
191
192
193
194
195
196
197
198
199
200
201
202
203
204
205
206
207
208
209
210
211
212
213
214
215
216
217
218
219
220
221
222
223
224
225
226
227
228
229
230
231
232
233
234
235
236
237
238
239
240
241
242
243
244
245
246
247
248
249
250
251
252
253
254
255
256
257
258
259
260
261
262
263
264
265
266
267
268
269
270
271
272
273
274
275
276
277
278
279
280
281
282
283
284
285
286
287
288
289
290
291
292
293
294
295
296
297
298
299
300
301
302
303
304
305
306
307
308
309
310
311
312
313
314
315
316
317
318
319
320
321
322
323
324
325
326
327
328
329
330
331
332
333
334
335
336
337
338
339
340
341
342
343
344
345
346
347
348
349
350
351
352
353
354
355
356
357
358
359
360
361
362
363
364
365
366
367
368
369
370
371
372
373
374
375
376
377
Assigned Classwise weights to source
S real T sketch Train Ep: 4000 lr0.007769695042409123 	 Loss Classification: 0.380541 Loss T 0.140650 Method MME


Labeled Target set: Average loss: 0.3207, Accuracy: 1007/1080 F1 (93.2407%)


Test set: Average loss: 2.1237, Accuracy: 13485/23808 F1 (56.6406%)


Val set: Average loss: 1.9345, Accuracy: 206/360 F1 (57.2222%)

best acc test 59.807628  acc val 57.222222 acc labeled target 93.240741
saving model...
S real T sketch Train Ep: 4100 lr0.007728330130142108 	 Loss Classification: 0.201981 Loss T 0.173526 Method MME

S real T sketch Train Ep: 4200 lr0.007687475447329114 	 Loss Classification: 0.712199 Loss T 0.140031 Method MME

S real T sketch Train Ep: 4300 lr0.0076471211732427845 	 Loss Classification: 0.375303 Loss T 0.153264 Method MME

S real T sketch Train Ep: 4400 lr0.007607257743127307 	 Loss Classification: 0.492539 Loss T 0.160275 Method MME

S real T sketch Train Ep: 4500 lr0.007567875839805858 	 Loss Classification: 0.412638 Loss T 0.144864 Method MME


Labeled Target set: Average loss: 0.1728, Accuracy: 1048/1080 F1 (97.0370%)


Test set: Average loss: 1.7730, Accuracy: 14702/23808 F1 (61.7524%)


Val set: Average loss: 1.6133, Accuracy: 226/360 F1 (62.7778%)

best acc test 61.752352  acc val 62.777778 acc labeled target 97.037037
saving model...
S real T sketch Train Ep: 4600 lr0.007528966385618854 	 Loss Classification: 0.171247 Loss T 0.139584 Method MME

S real T sketch Train Ep: 4700 lr0.007490520534677821 	 Loss Classification: 0.375206 Loss T 0.172802 Method MME

S real T sketch Train Ep: 4800 lr0.007452529665420465 	 Loss Classification: 0.604522 Loss T 0.136850 Method MME

S real T sketch Train Ep: 4900 lr0.007414985373453289 	 Loss Classification: 0.758223 Loss T 0.138640 Method MME

Per Class Accuracy Calculated According to the Labelled Target examples is:  [0.8888889  1.         1.         1.         1.         1.
 1.         1.         1.         1.         1.         1.
 0.8888889  0.6666667  1.         1.         0.8888889  1.
 1.         1.         0.8888889  1.         1.         1.
 1.         0.8888889  0.8888889  1.         1.         1.
 1.         1.         1.         1.         0.7777778  0.8888889
 1.         1.         1.         0.7777778  1.         1.
 0.8888889  1.         1.         1.         1.         1.
 0.8888889  1.         1.         1.         1.         1.
 1.         1.         1.         1.         1.         1.
 1.         1.         1.         1.         1.         0.8888889
 1.         0.44444445 1.         1.         1.         1.
 1.         0.8888889  0.8888889  1.         0.8888889  1.
 1.         1.         1.         1.         1.         1.
 0.8888889  1.         1.         1.         1.         1.
 0.8888889  1.         1.         1.         1.         1.
 1.         1.         1.         1.         1.         1.
 0.8888889  0.8888889  1.         1.         0.8888889  0.8888889
 1.         0.8888889  1.         1.         1.         1.
 1.         1.         1.         1.         1.         1.
 1.         1.         1.         1.         1.         1.        ]
Top k classes which perform poorly are:  [67, 13, 34, 39, 76, 84, 48, 90, 42, 107, 35, 73, 102, 65, 103, 26, 25, 106, 74, 20, 0, 109, 16, 12, 118, 86, 85, 119, 83, 82, 81, 80, 79, 77, 87, 120, 75, 121, 122, 72, 71, 123, 70, 78, 88, 117, 108, 110, 105, 104, 111, 112, 101, 100, 99, 98, 89, 97, 114, 96, 95, 94, 115, 93, 92, 116, 91, 113, 69, 62, 66, 30, 29, 28, 27, 24, 23, 22, 21, 19, 18, 17, 31, 15, 11, 10, 9, 8, 7, 6, 5, 4, 3, 2, 1, 14, 32, 33, 36, 64, 63, 124, 61, 60, 59, 58, 57, 56, 55, 54, 53, 52, 51, 50, 49, 47, 46, 45, 44, 43, 41, 40, 38, 37, 68, 125]
0
1
2
3
4
5
6
7
8
9
10
11
12
13
14
15
16
17
18
19
20
21
22
23
24
25
26
27
28
29
30
31
32
33
34
35
36
37
38
39
40
41
42
43
44
45
46
47
48
49
50
51
52
53
54
55
56
57
58
59
60
61
62
63
64
65
66
67
68
69
70
71
72
73
74
75
76
77
78
79
80
81
82
83
84
85
86
87
88
89
90
91
92
93
94
95
96
97
98
99
100
101
102
103
104
105
106
107
108
109
110
111
112
113
114
115
116
117
118
119
120
121
122
123
124
125
126
127
128
129
130
131
132
133
134
135
136
137
138
139
140
141
142
143
144
145
146
147
148
149
150
151
152
153
154
155
156
157
158
159
160
161
162
163
164
165
166
167
168
169
170
171
172
173
174
175
176
177
178
179
180
181
182
183
184
185
186
187
188
189
190
191
192
193
194
195
196
197
198
199
200
201
202
203
204
205
206
207
208
209
210
211
212
213
214
215
216
217
218
219
220
221
222
223
224
225
226
227
228
229
230
231
232
233
234
235
236
237
238
239
240
241
242
243
244
245
246
247
248
249
250
251
252
253
254
255
256
257
258
259
260
261
262
263
264
265
266
267
268
269
270
271
272
273
274
275
276
277
278
279
280
281
282
283
284
285
286
287
288
289
290
291
292
293
294
295
296
297
298
299
300
301
302
303
304
305
306
307
308
309
310
311
312
313
314
315
316
317
318
319
320
321
322
323
324
325
326
327
328
329
330
331
332
333
334
335
336
337
338
339
340
341
342
343
344
345
346
347
348
349
350
351
352
353
354
355
356
357
358
359
360
361
362
363
364
365
366
367
368
369
370
371
372
373
374
375
376
377
0
1
2
3
4
5
6
7
8
9
10
11
12
13
14
15
16
17
18
19
20
21
22
23
24
25
26
27
28
29
30
31
32
33
34
35
36
37
38
39
40
41
42
43
44
45
46
47
48
49
50
51
52
53
54
55
56
57
58
59
60
61
62
63
64
65
66
67
68
69
70
71
72
73
74
75
76
77
78
79
80
81
82
83
84
85
86
87
88
89
90
91
92
93
94
95
96
97
98
99
100
101
102
103
104
105
106
107
108
109
110
111
112
113
114
115
116
117
118
119
120
121
122
123
124
125
126
127
128
129
130
131
132
133
134
135
136
137
138
139
140
141
142
143
144
145
146
147
148
149
150
151
152
153
154
155
156
157
158
159
160
161
162
163
164
165
166
167
168
169
170
171
172
173
174
175
176
177
178
179
180
181
182
183
184
185
186
187
188
189
190
191
192
193
194
195
196
197
198
199
200
201
202
203
204
205
206
207
208
209
210
211
212
213
214
215
216
217
218
219
220
221
222
223
224
225
226
227
228
229
230
231
232
233
234
235
236
237
238
239
240
241
242
243
244
245
246
247
248
249
250
251
252
253
254
255
256
257
258
259
260
261
262
263
264
265
266
267
268
269
270
271
272
273
274
275
276
277
278
279
280
281
282
283
284
285
286
287
288
289
290
291
292
293
294
295
296
297
298
299
300
301
302
303
304
305
306
307
308
309
310
311
312
313
314
315
316
317
318
319
320
321
322
323
324
325
326
327
328
329
330
331
332
333
334
335
336
337
338
339
340
341
342
343
344
345
346
347
348
349
350
351
352
353
354
355
356
357
358
359
360
361
362
363
364
365
366
367
368
369
370
371
372
373
374
375
376
377
Assigned Classwise weights to source
S real T sketch Train Ep: 5000 lr0.007377879464668811 	 Loss Classification: 0.505603 Loss T 0.135898 Method MME


Labeled Target set: Average loss: 0.3220, Accuracy: 1020/1080 F1 (94.4444%)


Test set: Average loss: 2.0650, Accuracy: 13543/23808 F1 (56.8842%)


Val set: Average loss: 1.7443, Accuracy: 213/360 F1 (59.1667%)

best acc test 61.752352  acc val 59.166667 acc labeled target 94.444444
saving model...
S real T sketch Train Ep: 5100 lr0.007341203948625087 	 Loss Classification: 0.967894 Loss T 0.129114 Method MME

S real T sketch Train Ep: 5200 lr0.007304951032175895 	 Loss Classification: 0.641478 Loss T 0.143102 Method MME

S real T sketch Train Ep: 5300 lr0.007269113113340497 	 Loss Classification: 0.967173 Loss T 0.167667 Method MME

S real T sketch Train Ep: 5400 lr0.007233682775402483 	 Loss Classification: 0.544098 Loss T 0.130493 Method MME

S real T sketch Train Ep: 5500 lr0.007198652781227704 	 Loss Classification: 0.296260 Loss T 0.136345 Method MME


Labeled Target set: Average loss: 0.1805, Accuracy: 1043/1080 F1 (96.5741%)


Test set: Average loss: 1.7931, Accuracy: 14722/23808 F1 (61.8364%)


Val set: Average loss: 1.5826, Accuracy: 219/360 F1 (60.8333%)

best acc test 61.752352  acc val 60.833333 acc labeled target 96.574074
saving model...
S real T sketch Train Ep: 5600 lr0.007164016067791809 	 Loss Classification: 0.686544 Loss T 0.188915 Method MME

S real T sketch Train Ep: 5700 lr0.0071297657409083726 	 Loss Classification: 0.633037 Loss T 0.145441 Method MME

S real T sketch Train Ep: 5800 lr0.0070958950701490225 	 Loss Classification: 0.535047 Loss T 0.155817 Method MME

S real T sketch Train Ep: 5900 lr0.007062397483947426 	 Loss Classification: 0.402317 Loss T 0.145354 Method MME

Per Class Accuracy Calculated According to the Labelled Target examples is:  [1.        1.        1.        1.        1.        1.        1.
 1.        1.        1.        1.        1.        1.        0.7777778
 1.        0.8888889 1.        1.        1.        1.        1.
 1.        1.        1.        1.        1.        1.        1.
 1.        1.        0.8888889 0.6666667 1.        1.        0.8888889
 1.        0.7777778 1.        0.8888889 1.        1.        1.
 1.        1.        0.8888889 0.8888889 1.        0.8888889 1.
 0.8888889 1.        0.8888889 1.        1.        1.        1.
 1.        1.        1.        0.8888889 1.        0.8888889 1.
 1.        1.        1.        1.        1.        1.        1.
 1.        1.        1.        0.8333333 1.        1.        0.8888889
 1.        1.        0.8333333 1.        1.        1.        1.
 0.8888889 1.        1.        1.        1.        0.8888889 1.
 1.        1.        1.        1.        0.8888889 1.        1.
 1.        1.        1.        1.        1.        0.8888889 1.
 1.        0.8888889 0.6666667 0.7777778 1.        1.        1.
 1.        0.8333333 1.        0.8888889 1.        1.        0.6666667
 1.        1.        1.        1.        0.8333333 0.8888889 1.       ]
Top k classes which perform poorly are:  [31, 118, 107, 108, 36, 13, 123, 73, 79, 113, 84, 51, 49, 34, 95, 47, 45, 38, 44, 30, 103, 106, 61, 76, 124, 115, 59, 89, 15, 85, 78, 77, 80, 86, 83, 82, 87, 88, 75, 74, 72, 81, 0, 91, 122, 121, 120, 119, 117, 116, 114, 112, 111, 110, 109, 90, 105, 102, 101, 100, 99, 98, 97, 96, 71, 94, 93, 92, 104, 70, 62, 68, 26, 25, 24, 23, 22, 21, 20, 19, 18, 17, 16, 27, 14, 11, 10, 9, 8, 7, 6, 5, 4, 3, 2, 1, 12, 69, 28, 32, 67, 66, 65, 64, 63, 60, 58, 57, 56, 55, 54, 29, 53, 50, 48, 46, 43, 42, 41, 40, 39, 37, 35, 33, 52, 125]
0
1
2
3
4
5
6
7
8
9
10
11
12
13
14
15
16
17
18
19
20
21
22
23
24
25
26
27
28
29
30
31
32
33
34
35
36
37
38
39
40
41
42
43
44
45
46
47
48
49
50
51
52
53
54
55
56
57
58
59
60
61
62
63
64
65
66
67
68
69
70
71
72
73
74
75
76
77
78
79
80
81
82
83
84
85
86
87
88
89
90
91
92
93
94
95
96
97
98
99
100
101
102
103
104
105
106
107
108
109
110
111
112
113
114
115
116
117
118
119
120
121
122
123
124
125
126
127
128
129
130
131
132
133
134
135
136
137
138
139
140
141
142
143
144
145
146
147
148
149
150
151
152
153
154
155
156
157
158
159
160
161
162
163
164
165
166
167
168
169
170
171
172
173
174
175
176
177
178
179
180
181
182
183
184
185
186
187
188
189
190
191
192
193
194
195
196
197
198
199
200
201
202
203
204
205
206
207
208
209
210
211
212
213
214
215
216
217
218
219
220
221
222
223
224
225
226
227
228
229
230
231
232
233
234
235
236
237
238
239
240
241
242
243
244
245
246
247
248
249
250
251
252
253
254
255
256
257
258
259
260
261
262
263
264
265
266
267
268
269
270
271
272
273
274
275
276
277
278
279
280
281
282
283
284
285
286
287
288
289
290
291
292
293
294
295
296
297
298
299
300
301
302
303
304
305
306
307
308
309
310
311
312
313
314
315
316
317
318
319
320
321
322
323
324
325
326
327
328
329
330
331
332
333
334
335
336
337
338
339
340
341
342
343
344
345
346
347
348
349
350
351
352
353
354
355
356
357
358
359
360
361
362
363
364
365
366
367
368
369
370
371
372
373
374
375
376
377
0
1
2
3
4
5
6
7
8
9
10
11
12
13
14
15
16
17
18
19
20
21
22
23
24
25
26
27
28
29
30
31
32
33
34
35
36
37
38
39
40
41
42
43
44
45
46
47
48
49
50
51
52
53
54
55
56
57
58
59
60
61
62
63
64
65
66
67
68
69
70
71
72
73
74
75
76
77
78
79
80
81
82
83
84
85
86
87
88
89
90
91
92
93
94
95
96
97
98
99
100
101
102
103
104
105
106
107
108
109
110
111
112
113
114
115
116
117
118
119
120
121
122
123
124
125
126
127
128
129
130
131
132
133
134
135
136
137
138
139
140
141
142
143
144
145
146
147
148
149
150
151
152
153
154
155
156
157
158
159
160
161
162
163
164
165
166
167
168
169
170
171
172
173
174
175
176
177
178
179
180
181
182
183
184
185
186
187
188
189
190
191
192
193
194
195
196
197
198
199
200
201
202
203
204
205
206
207
208
209
210
211
212
213
214
215
216
217
218
219
220
221
222
223
224
225
226
227
228
229
230
231
232
233
234
235
236
237
238
239
240
241
242
243
244
245
246
247
248
249
250
251
252
253
254
255
256
257
258
259
260
261
262
263
264
265
266
267
268
269
270
271
272
273
274
275
276
277
278
279
280
281
282
283
284
285
286
287
288
289
290
291
292
293
294
295
296
297
298
299
300
301
302
303
304
305
306
307
308
309
310
311
312
313
314
315
316
317
318
319
320
321
322
323
324
325
326
327
328
329
330
331
332
333
334
335
336
337
338
339
340
341
342
343
344
345
346
347
348
349
350
351
352
353
354
355
356
357
358
359
360
361
362
363
364
365
366
367
368
369
370
371
372
373
374
375
376
377
Assigned Classwise weights to source
S real T sketch Train Ep: 6000 lr0.007029266564879363 	 Loss Classification: 0.196878 Loss T 0.124825 Method MME


Labeled Target set: Average loss: 0.2514, Accuracy: 1029/1080 F1 (95.2778%)


Test set: Average loss: 1.9138, Accuracy: 14342/23808 F1 (60.2403%)


Val set: Average loss: 1.7314, Accuracy: 219/360 F1 (60.8333%)

best acc test 61.752352  acc val 60.833333 acc labeled target 95.277778
saving model...
S real T sketch Train Ep: 6100 lr0.006996496045111504 	 Loss Classification: 0.294644 Loss T 0.126518 Method MME

S real T sketch Train Ep: 6200 lr0.00696407980201184 	 Loss Classification: 0.366608 Loss T 0.154550 Method MME

S real T sketch Train Ep: 6300 lr0.006932011853915101 	 Loss Classification: 0.555091 Loss T 0.105756 Method MME

S real T sketch Train Ep: 6400 lr0.006900286356036734 	 Loss Classification: 0.058661 Loss T 0.154439 Method MME

S real T sketch Train Ep: 6500 lr0.006868897596529406 	 Loss Classification: 0.079935 Loss T 0.143684 Method MME


Labeled Target set: Average loss: 0.1684, Accuracy: 1056/1080 F1 (97.7778%)


Test set: Average loss: 1.7498, Accuracy: 15000/23808 F1 (63.0040%)


Val set: Average loss: 1.4955, Accuracy: 241/360 F1 (66.9444%)

best acc test 63.004032  acc val 66.944444 acc labeled target 97.777778
saving model...
S real T sketch Train Ep: 6600 lr0.006837839992676177 	 Loss Classification: 0.178534 Loss T 0.122424 Method MME

S real T sketch Train Ep: 6700 lr0.006807108087214876 	 Loss Classification: 0.391821 Loss T 0.168053 Method MME

S real T sketch Train Ep: 6800 lr0.006776696544788352 	 Loss Classification: 0.562338 Loss T 0.150277 Method MME

S real T sketch Train Ep: 6900 lr0.006746600148515609 	 Loss Classification: 0.413765 Loss T 0.127313 Method MME

Per Class Accuracy Calculated According to the Labelled Target examples is:  [1.        1.        1.        1.        1.        1.        1.
 1.        1.        0.8888889 0.8333333 1.        1.        0.8888889
 1.        1.        1.        0.8888889 1.        1.        1.
 1.        1.        1.        1.        0.8888889 1.        1.
 1.        0.8888889 1.        1.        1.        1.        1.
 1.        1.        1.        1.        1.        1.        1.
 1.        1.        1.        1.        1.        1.        1.
 1.        1.        1.        1.        0.8888889 1.        1.
 0.8333333 1.        1.        1.        1.        1.        0.8888889
 1.        0.8888889 1.        1.        0.8888889 0.8888889 1.
 1.        1.        1.        1.        1.        0.8333333 1.
 1.        1.        1.        0.8888889 1.        1.        0.8888889
 0.8888889 1.        1.        1.        1.        1.        1.
 1.        1.        1.        1.        0.7777778 1.        1.
 1.        1.        1.        1.        1.        1.        1.
 1.        1.        1.        0.8888889 1.        0.8888889 1.
 1.        1.        1.        1.        1.        0.8888889 0.8888889
 1.        0.8888889 1.        1.        0.8888889 1.        1.       ]
Top k classes which perform poorly are:  [95, 75, 56, 10, 62, 64, 53, 80, 83, 84, 68, 29, 25, 108, 110, 17, 67, 123, 13, 117, 118, 9, 120, 112, 85, 82, 81, 119, 79, 78, 77, 76, 121, 122, 74, 73, 72, 71, 70, 69, 86, 87, 89, 111, 113, 109, 107, 106, 105, 104, 114, 103, 102, 101, 115, 100, 99, 98, 96, 116, 94, 93, 92, 91, 90, 88, 97, 0, 65, 31, 30, 28, 27, 26, 24, 23, 22, 21, 20, 19, 18, 16, 15, 14, 12, 11, 8, 7, 6, 5, 4, 3, 2, 1, 32, 33, 34, 35, 63, 124, 61, 60, 59, 58, 57, 55, 54, 52, 51, 50, 66, 49, 47, 46, 45, 44, 43, 42, 41, 40, 39, 38, 37, 36, 48, 125]
0
1
2
3
4
5
6
7
8
9
10
11
12
13
14
15
16
17
18
19
20
21
22
23
24
25
26
27
28
29
30
31
32
33
34
35
36
37
38
39
40
41
42
43
44
45
46
47
48
49
50
51
52
53
54
55
56
57
58
59
60
61
62
63
64
65
66
67
68
69
70
71
72
73
74
75
76
77
78
79
80
81
82
83
84
85
86
87
88
89
90
91
92
93
94
95
96
97
98
99
100
101
102
103
104
105
106
107
108
109
110
111
112
113
114
115
116
117
118
119
120
121
122
123
124
125
126
127
128
129
130
131
132
133
134
135
136
137
138
139
140
141
142
143
144
145
146
147
148
149
150
151
152
153
154
155
156
157
158
159
160
161
162
163
164
165
166
167
168
169
170
171
172
173
174
175
176
177
178
179
180
181
182
183
184
185
186
187
188
189
190
191
192
193
194
195
196
197
198
199
200
201
202
203
204
205
206
207
208
209
210
211
212
213
214
215
216
217
218
219
220
221
222
223
224
225
226
227
228
229
230
231
232
233
234
235
236
237
238
239
240
241
242
243
244
245
246
247
248
249
250
251
252
253
254
255
256
257
258
259
260
261
262
263
264
265
266
267
268
269
270
271
272
273
274
275
276
277
278
279
280
281
282
283
284
285
286
287
288
289
290
291
292
293
294
295
296
297
298
299
300
301
302
303
304
305
306
307
308
309
310
311
312
313
314
315
316
317
318
319
320
321
322
323
324
325
326
327
328
329
330
331
332
333
334
335
336
337
338
339
340
341
342
343
344
345
346
347
348
349
350
351
352
353
354
355
356
357
358
359
360
361
362
363
364
365
366
367
368
369
370
371
372
373
374
375
376
377
0
1
2
3
4
5
6
7
8
9
10
11
12
13
14
15
16
17
18
19
20
21
22
23
24
25
26
27
28
29
30
31
32
33
34
35
36
37
38
39
40
41
42
43
44
45
46
47
48
49
50
51
52
53
54
55
56
57
58
59
60
61
62
63
64
65
66
67
68
69
70
71
72
73
74
75
76
77
78
79
80
81
82
83
84
85
86
87
88
89
90
91
92
93
94
95
96
97
98
99
100
101
102
103
104
105
106
107
108
109
110
111
112
113
114
115
116
117
118
119
120
121
122
123
124
125
126
127
128
129
130
131
132
133
134
135
136
137
138
139
140
141
142
143
144
145
146
147
148
149
150
151
152
153
154
155
156
157
158
159
160
161
162
163
164
165
166
167
168
169
170
171
172
173
174
175
176
177
178
179
180
181
182
183
184
185
186
187
188
189
190
191
192
193
194
195
196
197
198
199
200
201
202
203
204
205
206
207
208
209
210
211
212
213
214
215
216
217
218
219
220
221
222
223
224
225
226
227
228
229
230
231
232
233
234
235
236
237
238
239
240
241
242
243
244
245
246
247
248
249
250
251
252
253
254
255
256
257
258
259
260
261
262
263
264
265
266
267
268
269
270
271
272
273
274
275
276
277
278
279
280
281
282
283
284
285
286
287
288
289
290
291
292
293
294
295
296
297
298
299
300
301
302
303
304
305
306
307
308
309
310
311
312
313
314
315
316
317
318
319
320
321
322
323
324
325
326
327
328
329
330
331
332
333
334
335
336
337
338
339
340
341
342
343
344
345
346
347
348
349
350
351
352
353
354
355
356
357
358
359
360
361
362
363
364
365
366
367
368
369
370
371
372
373
374
375
376
377
Assigned Classwise weights to source
S real T sketch Train Ep: 7000 lr0.006716813796678979 	 Loss Classification: 0.282907 Loss T 0.129066 Method MME


Labeled Target set: Average loss: 0.2348, Accuracy: 1038/1080 F1 (96.1111%)


Test set: Average loss: 1.9154, Accuracy: 14398/23808 F1 (60.4755%)


Val set: Average loss: 1.6733, Accuracy: 215/360 F1 (59.7222%)

best acc test 63.004032  acc val 59.722222 acc labeled target 96.111111
saving model...
S real T sketch Train Ep: 7100 lr0.006687332499522798 	 Loss Classification: 0.054233 Loss T 0.179628 Method MME

S real T sketch Train Ep: 7200 lr0.006658151376159165 	 Loss Classification: 0.496834 Loss T 0.145635 Method MME

S real T sketch Train Ep: 7300 lr0.00662926565157663 	 Loss Classification: 0.488545 Loss T 0.141264 Method MME

S real T sketch Train Ep: 7400 lr0.006600670653747793 	 Loss Classification: 0.094793 Loss T 0.156038 Method MME

S real T sketch Train Ep: 7500 lr0.0065723618108320175 	 Loss Classification: 0.269508 Loss T 0.168506 Method MME


Labeled Target set: Average loss: 0.1320, Accuracy: 1060/1080 F1 (98.1481%)


Test set: Average loss: 1.7413, Accuracy: 15082/23808 F1 (63.3485%)


Val set: Average loss: 1.4494, Accuracy: 249/360 F1 (69.1667%)

best acc test 63.348454  acc val 69.166667 acc labeled target 98.148148
saving model...
S real T sketch Train Ep: 7600 lr0.006544334648469591 	 Loss Classification: 0.359669 Loss T 0.141815 Method MME

S real T sketch Train Ep: 7700 lr0.006516584787163857 	 Loss Classification: 0.087840 Loss T 0.137872 Method MME

S real T sketch Train Ep: 7800 lr0.006489107939747966 	 Loss Classification: 0.547078 Loss T 0.138657 Method MME

S real T sketch Train Ep: 7900 lr0.0064618999089330565 	 Loss Classification: 0.284613 Loss T 0.154828 Method MME

Per Class Accuracy Calculated According to the Labelled Target examples is:  [1.        1.        1.        1.        1.        1.        1.
 1.        1.        0.8888889 0.8888889 1.        0.8888889 0.8888889
 1.        1.        1.        1.        1.        0.8888889 1.
 1.        1.        1.        1.        1.        1.        1.
 1.        0.8888889 1.        1.        1.        1.        1.
 1.        1.        0.8333333 1.        1.        1.        1.
 0.8888889 1.        1.        1.        1.        1.        1.
 1.        1.        1.        1.        1.        1.        1.
 1.        1.        1.        1.        1.        1.        1.
 0.8888889 1.        1.        1.        1.        0.8888889 0.8888889
 1.        1.        1.        1.        1.        1.        0.6666667
 1.        0.8888889 1.        0.8888889 1.        0.8888889 1.
 1.        1.        1.        1.        1.        1.        1.
 1.        1.        0.8888889 1.        1.        1.        1.
 0.8888889 1.        1.        1.        1.        1.        1.
 1.        1.        1.        1.        1.        1.        1.
 1.        1.        1.        1.        1.        1.        0.8888889
 1.        1.        1.        1.        1.        1.        1.       ]
Top k classes which perform poorly are:  [76, 37, 68, 98, 42, 29, 82, 19, 93, 78, 13, 12, 80, 10, 9, 69, 63, 118, 92, 91, 90, 70, 71, 89, 88, 87, 86, 85, 84, 83, 72, 81, 73, 79, 74, 77, 75, 0, 97, 95, 123, 122, 121, 120, 119, 117, 116, 115, 114, 113, 112, 111, 110, 109, 108, 107, 106, 105, 104, 103, 102, 101, 100, 99, 96, 94, 67, 62, 65, 31, 30, 28, 27, 26, 25, 24, 23, 22, 21, 20, 18, 17, 16, 15, 14, 11, 8, 7, 6, 5, 4, 3, 2, 1, 32, 33, 34, 35, 64, 124, 61, 60, 59, 58, 57, 56, 55, 54, 53, 52, 66, 51, 49, 48, 47, 46, 45, 44, 43, 41, 40, 39, 38, 36, 50, 125]
0
1
2
3
4
5
6
7
8
9
10
11
12
13
14
15
16
17
18
19
20
21
22
23
24
25
26
27
28
29
30
31
32
33
34
35
36
37
38
39
40
41
42
43
44
45
46
47
48
49
50
51
52
53
54
55
56
57
58
59
60
61
62
63
64
65
66
67
68
69
70
71
72
73
74
75
76
77
78
79
80
81
82
83
84
85
86
87
88
89
90
91
92
93
94
95
96
97
98
99
100
101
102
103
104
105
106
107
108
109
110
111
112
113
114
115
116
117
118
119
120
121
122
123
124
125
126
127
128
129
130
131
132
133
134
135
136
137
138
139
140
141
142
143
144
145
146
147
148
149
150
151
152
153
154
155
156
157
158
159
160
161
162
163
164
165
166
167
168
169
170
171
172
173
174
175
176
177
178
179
180
181
182
183
184
185
186
187
188
189
190
191
192
193
194
195
196
197
198
199
200
201
202
203
204
205
206
207
208
209
210
211
212
213
214
215
216
217
218
219
220
221
222
223
224
225
226
227
228
229
230
231
232
233
234
235
236
237
238
239
240
241
242
243
244
245
246
247
248
249
250
251
252
253
254
255
256
257
258
259
260
261
262
263
264
265
266
267
268
269
270
271
272
273
274
275
276
277
278
279
280
281
282
283
284
285
286
287
288
289
290
291
292
293
294
295
296
297
298
299
300
301
302
303
304
305
306
307
308
309
310
311
312
313
314
315
316
317
318
319
320
321
322
323
324
325
326
327
328
329
330
331
332
333
334
335
336
337
338
339
340
341
342
343
344
345
346
347
348
349
350
351
352
353
354
355
356
357
358
359
360
361
362
363
364
365
366
367
368
369
370
371
372
373
374
375
376
377
0
1
2
3
4
5
6
7
8
9
10
11
12
13
14
15
16
17
18
19
20
21
22
23
24
25
26
27
28
29
30
31
32
33
34
35
36
37
38
39
40
41
42
43
44
45
46
47
48
49
50
51
52
53
54
55
56
57
58
59
60
61
62
63
64
65
66
67
68
69
70
71
72
73
74
75
76
77
78
79
80
81
82
83
84
85
86
87
88
89
90
91
92
93
94
95
96
97
98
99
100
101
102
103
104
105
106
107
108
109
110
111
112
113
114
115
116
117
118
119
120
121
122
123
124
125
126
127
128
129
130
131
132
133
134
135
136
137
138
139
140
141
142
143
144
145
146
147
148
149
150
151
152
153
154
155
156
157
158
159
160
161
162
163
164
165
166
167
168
169
170
171
172
173
174
175
176
177
178
179
180
181
182
183
184
185
186
187
188
189
190
191
192
193
194
195
196
197
198
199
200
201
202
203
204
205
206
207
208
209
210
211
212
213
214
215
216
217
218
219
220
221
222
223
224
225
226
227
228
229
230
231
232
233
234
235
236
237
238
239
240
241
242
243
244
245
246
247
248
249
250
251
252
253
254
255
256
257
258
259
260
261
262
263
264
265
266
267
268
269
270
271
272
273
274
275
276
277
278
279
280
281
282
283
284
285
286
287
288
289
290
291
292
293
294
295
296
297
298
299
300
301
302
303
304
305
306
307
308
309
310
311
312
313
314
315
316
317
318
319
320
321
322
323
324
325
326
327
328
329
330
331
332
333
334
335
336
337
338
339
340
341
342
343
344
345
346
347
348
349
350
351
352
353
354
355
356
357
358
359
360
361
362
363
364
365
366
367
368
369
370
371
372
373
374
375
376
377
Assigned Classwise weights to source
S real T sketch Train Ep: 8000 lr0.006434956584934828 	 Loss Classification: 0.176226 Loss T 0.153208 Method MME


Labeled Target set: Average loss: 0.2694, Accuracy: 1026/1080 F1 (95.0000%)


Test set: Average loss: 1.9423, Accuracy: 14401/23808 F1 (60.4881%)


Val set: Average loss: 1.5780, Accuracy: 228/360 F1 (63.3333%)

best acc test 63.348454  acc val 63.333333 acc labeled target 95.000000
saving model...
S real T sketch Train Ep: 8100 lr0.006408273943175546 	 Loss Classification: 0.267665 Loss T 0.189106 Method MME

S real T sketch Train Ep: 8200 lr0.006381848042058713 	 Loss Classification: 0.458045 Loss T 0.166774 Method MME

S real T sketch Train Ep: 8300 lr0.0063556750208137005 	 Loss Classification: 0.121429 Loss T 0.124875 Method MME

S real T sketch Train Ep: 8400 lr0.006329751097407787 	 Loss Classification: 0.299594 Loss T 0.117856 Method MME

S real T sketch Train Ep: 8500 lr0.0063040725665231365 	 Loss Classification: 0.114107 Loss T 0.116305 Method MME


Labeled Target set: Average loss: 0.1525, Accuracy: 1046/1080 F1 (96.8519%)


Test set: Average loss: 1.7499, Accuracy: 15195/23808 F1 (63.8231%)


Val set: Average loss: 1.3826, Accuracy: 249/360 F1 (69.1667%)

best acc test 63.823085  acc val 69.166667 acc labeled target 96.851852
saving model...
S real T sketch Train Ep: 8600 lr0.006278635797596355 	 Loss Classification: 0.285601 Loss T 0.137921 Method MME

S real T sketch Train Ep: 8700 lr0.006253437232918371 	 Loss Classification: 0.299433 Loss T 0.112160 Method MME

S real T sketch Train Ep: 8800 lr0.0062284733857924735 	 Loss Classification: 0.550528 Loss T 0.162037 Method MME

S real T sketch Train Ep: 8900 lr0.006203740838748417 	 Loss Classification: 0.335890 Loss T 0.155399 Method MME

Per Class Accuracy Calculated According to the Labelled Target examples is:  [1.         1.         1.         0.8888889  1.         0.8333333
 1.         1.         1.         1.         1.         1.
 1.         1.         1.         1.         1.         1.
 1.         1.         1.         1.         1.         1.
 1.         1.         1.         1.         1.         0.8888889
 1.         1.         1.         1.         1.         0.8888889
 1.         1.         1.         1.         1.         1.
 0.8888889  0.8888889  1.         0.8888889  1.         1.
 1.         1.         1.         0.8888889  1.         1.
 1.         1.         0.8888889  1.         1.         1.
 1.         0.8888889  1.         1.         1.         1.
 0.8888889  0.33333334 0.8888889  1.         1.         0.8888889
 1.         1.         1.         1.         1.         1.
 1.         1.         0.8888889  1.         1.         0.8888889
 0.8888889  1.         1.         1.         1.         1.
 0.8888889  1.         1.         1.         1.         1.
 1.         1.         0.7777778  1.         1.         0.8888889
 1.         0.8888889  1.         0.5555556  1.         1.
 1.         1.         1.         1.         1.         1.
 1.         1.         1.         1.         1.         0.8888889
 1.         1.         0.8888889  1.         0.8888889  1.        ]
Top k classes which perform poorly are:  [67, 105, 98, 5, 68, 42, 35, 43, 45, 29, 84, 83, 101, 103, 51, 90, 80, 56, 66, 122, 3, 71, 61, 124, 119, 78, 87, 70, 86, 85, 72, 73, 82, 74, 81, 75, 76, 79, 77, 88, 0, 91, 123, 121, 120, 118, 117, 116, 115, 114, 113, 112, 111, 110, 109, 108, 107, 106, 104, 102, 100, 99, 97, 96, 95, 94, 92, 89, 93, 62, 65, 26, 25, 24, 23, 22, 21, 20, 19, 18, 17, 16, 27, 15, 13, 12, 11, 10, 9, 8, 7, 6, 4, 2, 1, 14, 28, 30, 31, 64, 63, 60, 59, 58, 57, 55, 54, 53, 52, 50, 49, 48, 47, 46, 44, 41, 40, 39, 38, 37, 36, 34, 33, 32, 69, 125]
0
1
2
3
4
5
6
7
8
9
10
11
12
13
14
15
16
17
18
19
20
21
22
23
24
25
26
27
28
29
30
31
32
33
34
35
36
37
38
39
40
41
42
43
44
45
46
47
48
49
50
51
52
53
54
55
56
57
58
59
60
61
62
63
64
65
66
67
68
69
70
71
72
73
74
75
76
77
78
79
80
81
82
83
84
85
86
87
88
89
90
91
92
93
94
95
96
97
98
99
100
101
102
103
104
105
106
107
108
109
110
111
112
113
114
115
116
117
118
119
120
121
122
123
124
125
126
127
128
129
130
131
132
133
134
135
136
137
138
139
140
141
142
143
144
145
146
147
148
149
150
151
152
153
154
155
156
157
158
159
160
161
162
163
164
165
166
167
168
169
170
171
172
173
174
175
176
177
178
179
180
181
182
183
184
185
186
187
188
189
190
191
192
193
194
195
196
197
198
199
200
201
202
203
204
205
206
207
208
209
210
211
212
213
214
215
216
217
218
219
220
221
222
223
224
225
226
227
228
229
230
231
232
233
234
235
236
237
238
239
240
241
242
243
244
245
246
247
248
249
250
251
252
253
254
255
256
257
258
259
260
261
262
263
264
265
266
267
268
269
270
271
272
273
274
275
276
277
278
279
280
281
282
283
284
285
286
287
288
289
290
291
292
293
294
295
296
297
298
299
300
301
302
303
304
305
306
307
308
309
310
311
312
313
314
315
316
317
318
319
320
321
322
323
324
325
326
327
328
329
330
331
332
333
334
335
336
337
338
339
340
341
342
343
344
345
346
347
348
349
350
351
352
353
354
355
356
357
358
359
360
361
362
363
364
365
366
367
368
369
370
371
372
373
374
375
376
377
0
1
2
3
4
5
6
7
8
9
10
11
12
13
14
15
16
17
18
19
20
21
22
23
24
25
26
27
28
29
30
31
32
33
34
35
36
37
38
39
40
41
42
43
44
45
46
47
48
49
50
51
52
53
54
55
56
57
58
59
60
61
62
63
64
65
66
67
68
69
70
71
72
73
74
75
76
77
78
79
80
81
82
83
84
85
86
87
88
89
90
91
92
93
94
95
96
97
98
99
100
101
102
103
104
105
106
107
108
109
110
111
112
113
114
115
116
117
118
119
120
121
122
123
124
125
126
127
128
129
130
131
132
133
134
135
136
137
138
139
140
141
142
143
144
145
146
147
148
149
150
151
152
153
154
155
156
157
158
159
160
161
162
163
164
165
166
167
168
169
170
171
172
173
174
175
176
177
178
179
180
181
182
183
184
185
186
187
188
189
190
191
192
193
194
195
196
197
198
199
200
201
202
203
204
205
206
207
208
209
210
211
212
213
214
215
216
217
218
219
220
221
222
223
224
225
226
227
228
229
230
231
232
233
234
235
236
237
238
239
240
241
242
243
244
245
246
247
248
249
250
251
252
253
254
255
256
257
258
259
260
261
262
263
264
265
266
267
268
269
270
271
272
273
274
275
276
277
278
279
280
281
282
283
284
285
286
287
288
289
290
291
292
293
294
295
296
297
298
299
300
301
302
303
304
305
306
307
308
309
310
311
312
313
314
315
316
317
318
319
320
321
322
323
324
325
326
327
328
329
330
331
332
333
334
335
336
337
338
339
340
341
342
343
344
345
346
347
348
349
350
351
352
353
354
355
356
357
358
359
360
361
362
363
364
365
366
367
368
369
370
371
372
373
374
375
376
377
Assigned Classwise weights to source
S real T sketch Train Ep: 9000 lr0.006179236241810624 	 Loss Classification: 0.233378 Loss T 0.154348 Method MME


Labeled Target set: Average loss: 0.2351, Accuracy: 1032/1080 F1 (95.5556%)


Test set: Average loss: 1.9157, Accuracy: 14711/23808 F1 (61.7902%)


Val set: Average loss: 1.6964, Accuracy: 222/360 F1 (61.6667%)

best acc test 63.823085  acc val 61.666667 acc labeled target 95.555556
saving model...
S real T sketch Train Ep: 9100 lr0.006154956310818535 	 Loss Classification: 0.312541 Loss T 0.147275 Method MME

S real T sketch Train Ep: 9200 lr0.0061308978257973165 	 Loss Classification: 0.363760 Loss T 0.121409 Method MME

S real T sketch Train Ep: 9300 lr0.0061070576293771285 	 Loss Classification: 0.129351 Loss T 0.149126 Method MME

S real T sketch Train Ep: 9400 lr0.006083432625259276 	 Loss Classification: 0.313506 Loss T 0.164853 Method MME

S real T sketch Train Ep: 9500 lr0.006060019776727621 	 Loss Classification: 0.280552 Loss T 0.139995 Method MME


Labeled Target set: Average loss: 0.1172, Accuracy: 1063/1080 F1 (98.4259%)


Test set: Average loss: 1.7242, Accuracy: 15438/23808 F1 (64.8438%)


Val set: Average loss: 1.4792, Accuracy: 235/360 F1 (65.2778%)

best acc test 63.823085  acc val 65.277778 acc labeled target 98.425926
saving model...
S real T sketch Train Ep: 9600 lr0.00603681610520369 	 Loss Classification: 0.254571 Loss T 0.131746 Method MME

S real T sketch Train Ep: 9700 lr0.0060138186888439825 	 Loss Classification: 0.214488 Loss T 0.155173 Method MME

S real T sketch Train Ep: 9800 lr0.005991024661178045 	 Loss Classification: 0.108074 Loss T 0.125161 Method MME

S real T sketch Train Ep: 9900 lr0.0059684312097859115 	 Loss Classification: 0.504607 Loss T 0.130521 Method MME

Per Class Accuracy Calculated According to the Labelled Target examples is:  [1.        1.        1.        0.8888889 1.        1.        1.
 1.        0.8888889 1.        1.        1.        1.        1.
 1.        1.        1.        1.        1.        1.        1.
 0.8888889 1.        1.        1.        1.        1.        0.7777778
 1.        1.        1.        0.8888889 1.        1.        1.
 1.        1.        1.        1.        1.        1.        1.
 1.        1.        1.        0.8888889 1.        1.        1.
 1.        0.8888889 1.        1.        1.        1.        0.8888889
 1.        1.        0.8888889 1.        1.        1.        1.
 1.        1.        1.        1.        1.        1.        1.
 1.        1.        1.        1.        1.        1.        1.
 1.        1.        1.        1.        1.        1.        1.
 1.        1.        1.        0.8888889 1.        1.        1.
 1.        1.        1.        1.        1.        1.        1.
 1.        1.        1.        1.        1.        0.8888889 1.
 0.7777778 1.        1.        1.        1.        1.        1.
 0.8888889 1.        1.        1.        1.        1.        1.
 1.        1.        1.        1.        1.        0.7777778 1.       ]
Top k classes which perform poorly are:  [124, 27, 105, 50, 103, 45, 112, 55, 58, 21, 87, 31, 3, 8, 85, 88, 89, 84, 90, 83, 86, 0, 81, 91, 80, 79, 78, 77, 76, 75, 74, 73, 72, 71, 70, 82, 92, 96, 94, 123, 122, 121, 120, 119, 118, 117, 116, 115, 114, 113, 111, 93, 110, 108, 107, 106, 104, 102, 101, 100, 99, 98, 97, 69, 95, 109, 68, 62, 66, 29, 28, 26, 25, 24, 23, 22, 20, 19, 18, 17, 16, 15, 14, 13, 12, 11, 10, 9, 7, 6, 5, 4, 2, 1, 30, 32, 33, 34, 65, 64, 63, 61, 60, 59, 57, 56, 54, 53, 52, 51, 67, 49, 47, 46, 44, 43, 42, 41, 40, 39, 38, 37, 36, 35, 48, 125]
0
1
2
3
4
5
6
7
8
9
10
11
12
13
14
15
16
17
18
19
20
21
22
23
24
25
26
27
28
29
30
31
32
33
34
35
36
37
38
39
40
41
42
43
44
45
46
47
48
49
50
51
52
53
54
55
56
57
58
59
60
61
62
63
64
65
66
67
68
69
70
71
72
73
74
75
76
77
78
79
80
81
82
83
84
85
86
87
88
89
90
91
92
93
94
95
96
97
98
99
100
101
102
103
104
105
106
107
108
109
110
111
112
113
114
115
116
117
118
119
120
121
122
123
124
125
126
127
128
129
130
131
132
133
134
135
136
137
138
139
140
141
142
143
144
145
146
147
148
149
150
151
152
153
154
155
156
157
158
159
160
161
162
163
164
165
166
167
168
169
170
171
172
173
174
175
176
177
178
179
180
181
182
183
184
185
186
187
188
189
190
191
192
193
194
195
196
197
198
199
200
201
202
203
204
205
206
207
208
209
210
211
212
213
214
215
216
217
218
219
220
221
222
223
224
225
226
227
228
229
230
231
232
233
234
235
236
237
238
239
240
241
242
243
244
245
246
247
248
249
250
251
252
253
254
255
256
257
258
259
260
261
262
263
264
265
266
267
268
269
270
271
272
273
274
275
276
277
278
279
280
281
282
283
284
285
286
287
288
289
290
291
292
293
294
295
296
297
298
299
300
301
302
303
304
305
306
307
308
309
310
311
312
313
314
315
316
317
318
319
320
321
322
323
324
325
326
327
328
329
330
331
332
333
334
335
336
337
338
339
340
341
342
343
344
345
346
347
348
349
350
351
352
353
354
355
356
357
358
359
360
361
362
363
364
365
366
367
368
369
370
371
372
373
374
375
376
377
0
1
2
3
4
5
6
7
8
9
10
11
12
13
14
15
16
17
18
19
20
21
22
23
24
25
26
27
28
29
30
31
32
33
34
35
36
37
38
39
40
41
42
43
44
45
46
47
48
49
50
51
52
53
54
55
56
57
58
59
60
61
62
63
64
65
66
67
68
69
70
71
72
73
74
75
76
77
78
79
80
81
82
83
84
85
86
87
88
89
90
91
92
93
94
95
96
97
98
99
100
101
102
103
104
105
106
107
108
109
110
111
112
113
114
115
116
117
118
119
120
121
122
123
124
125
126
127
128
129
130
131
132
133
134
135
136
137
138
139
140
141
142
143
144
145
146
147
148
149
150
151
152
153
154
155
156
157
158
159
160
161
162
163
164
165
166
167
168
169
170
171
172
173
174
175
176
177
178
179
180
181
182
183
184
185
186
187
188
189
190
191
192
193
194
195
196
197
198
199
200
201
202
203
204
205
206
207
208
209
210
211
212
213
214
215
216
217
218
219
220
221
222
223
224
225
226
227
228
229
230
231
232
233
234
235
236
237
238
239
240
241
242
243
244
245
246
247
248
249
250
251
252
253
254
255
256
257
258
259
260
261
262
263
264
265
266
267
268
269
270
271
272
273
274
275
276
277
278
279
280
281
282
283
284
285
286
287
288
289
290
291
292
293
294
295
296
297
298
299
300
301
302
303
304
305
306
307
308
309
310
311
312
313
314
315
316
317
318
319
320
321
322
323
324
325
326
327
328
329
330
331
332
333
334
335
336
337
338
339
340
341
342
343
344
345
346
347
348
349
350
351
352
353
354
355
356
357
358
359
360
361
362
363
364
365
366
367
368
369
370
371
372
373
374
375
376
377
Assigned Classwise weights to source
S real T sketch Train Ep: 10000 lr0.005946035575013605 	 Loss Classification: 0.504285 Loss T 0.157599 Method MME


Labeled Target set: Average loss: 0.2170, Accuracy: 1045/1080 F1 (96.7593%)


Test set: Average loss: 1.9424, Accuracy: 14731/23808 F1 (61.8742%)


Val set: Average loss: 1.6163, Accuracy: 229/360 F1 (63.6111%)

best acc test 63.823085  acc val 63.611111 acc labeled target 96.759259
saving model...
S real T sketch Train Ep: 10100 lr0.005923835048725393 	 Loss Classification: 0.196527 Loss T 0.118887 Method MME

S real T sketch Train Ep: 10200 lr0.005901826973091593 	 Loss Classification: 0.152501 Loss T 0.160124 Method MME

S real T sketch Train Ep: 10300 lr0.005880008739410735 	 Loss Classification: 0.349814 Loss T 0.138208 Method MME

S real T sketch Train Ep: 10400 lr0.005858377786964935 	 Loss Classification: 0.471871 Loss T 0.148604 Method MME

S real T sketch Train Ep: 10500 lr0.005836931601907399 	 Loss Classification: 0.247447 Loss T 0.154265 Method MME


Labeled Target set: Average loss: 0.1479, Accuracy: 1058/1080 F1 (97.9630%)


Test set: Average loss: 1.7699, Accuracy: 15450/23808 F1 (64.8941%)


Val set: Average loss: 1.5580, Accuracy: 240/360 F1 (66.6667%)

best acc test 63.823085  acc val 66.666667 acc labeled target 97.962963
saving model...
S real T sketch Train Ep: 10600 lr0.005815667716181004 	 Loss Classification: 0.288375 Loss T 0.132472 Method MME

S real T sketch Train Ep: 10700 lr0.005794583706466925 	 Loss Classification: 0.159804 Loss T 0.123741 Method MME

S real T sketch Train Ep: 10800 lr0.005773677193162352 	 Loss Classification: 0.393318 Loss T 0.150668 Method MME

S real T sketch Train Ep: 10900 lr0.005752945839386346 	 Loss Classification: 0.537809 Loss T 0.134488 Method MME

Per Class Accuracy Calculated According to the Labelled Target examples is:  [1.        1.        1.        1.        0.8888889 1.        0.8888889
 1.        1.        1.        1.        1.        1.        1.
 1.        1.        1.        1.        1.        1.        1.
 0.8888889 1.        0.8888889 1.        1.        1.        1.
 1.        1.        0.8888889 1.        1.        1.        1.
 0.8888889 0.8888889 0.8333333 1.        1.        1.        1.
 1.        1.        1.        1.        1.        1.        1.
 1.        1.        1.        1.        0.8888889 1.        1.
 0.8888889 1.        1.        1.        1.        1.        1.
 1.        1.        1.        1.        1.        1.        1.
 1.        1.        1.        1.        1.        1.        1.
 1.        1.        1.        0.8888889 1.        1.        1.
 1.        1.        1.        0.8888889 1.        1.        1.
 1.        1.        1.        0.8888889 0.8888889 1.        1.
 1.        0.8888889 1.        1.        1.        1.        1.
 0.8333333 0.8333333 0.8888889 1.        1.        1.        0.7777778
 1.        1.        1.        1.        0.8888889 0.8888889 1.
 1.        1.        1.        1.        1.        1.        1.       ]
Top k classes which perform poorly are:  [111, 106, 37, 105, 80, 53, 99, 30, 56, 87, 116, 117, 23, 95, 6, 35, 4, 36, 94, 107, 21, 86, 84, 88, 85, 83, 0, 81, 89, 79, 78, 77, 76, 75, 74, 73, 72, 71, 70, 82, 90, 96, 92, 123, 122, 121, 120, 119, 118, 115, 114, 113, 112, 91, 110, 108, 104, 103, 102, 101, 100, 98, 97, 69, 93, 109, 68, 62, 66, 29, 28, 27, 26, 25, 24, 22, 20, 19, 18, 17, 16, 15, 14, 13, 12, 11, 10, 9, 8, 7, 5, 3, 2, 1, 31, 32, 33, 34, 65, 64, 63, 124, 61, 60, 59, 58, 57, 55, 54, 52, 67, 51, 49, 48, 47, 46, 45, 44, 43, 42, 41, 40, 39, 38, 50, 125]
0
1
2
3
4
5
6
7
8
9
10
11
12
13
14
15
16
17
18
19
20
21
22
23
24
25
26
27
28
29
30
31
32
33
34
35
36
37
38
39
40
41
42
43
44
45
46
47
48
49
50
51
52
53
54
55
56
57
58
59
60
61
62
63
64
65
66
67
68
69
70
71
72
73
74
75
76
77
78
79
80
81
82
83
84
85
86
87
88
89
90
91
92
93
94
95
96
97
98
99
100
101
102
103
104
105
106
107
108
109
110
111
112
113
114
115
116
117
118
119
120
121
122
123
124
125
126
127
128
129
130
131
132
133
134
135
136
137
138
139
140
141
142
143
144
145
146
147
148
149
150
151
152
153
154
155
156
157
158
159
160
161
162
163
164
165
166
167
168
169
170
171
172
173
174
175
176
177
178
179
180
181
182
183
184
185
186
187
188
189
190
191
192
193
194
195
196
197
198
199
200
201
202
203
204
205
206
207
208
209
210
211
212
213
214
215
216
217
218
219
220
221
222
223
224
225
226
227
228
229
230
231
232
233
234
235
236
237
238
239
240
241
242
243
244
245
246
247
248
249
250
251
252
253
254
255
256
257
258
259
260
261
262
263
264
265
266
267
268
269
270
271
272
273
274
275
276
277
278
279
280
281
282
283
284
285
286
287
288
289
290
291
292
293
294
295
296
297
298
299
300
301
302
303
304
305
306
307
308
309
310
311
312
313
314
315
316
317
318
319
320
321
322
323
324
325
326
327
328
329
330
331
332
333
334
335
336
337
338
339
340
341
342
343
344
345
346
347
348
349
350
351
352
353
354
355
356
357
358
359
360
361
362
363
364
365
366
367
368
369
370
371
372
373
374
375
376
377
0
1
2
3
4
5
6
7
8
9
10
11
12
13
14
15
16
17
18
19
20
21
22
23
24
25
26
27
28
29
30
31
32
33
34
35
36
37
38
39
40
41
42
43
44
45
46
47
48
49
50
51
52
53
54
55
56
57
58
59
60
61
62
63
64
65
66
67
68
69
70
71
72
73
74
75
76
77
78
79
80
81
82
83
84
85
86
87
88
89
90
91
92
93
94
95
96
97
98
99
100
101
102
103
104
105
106
107
108
109
110
111
112
113
114
115
116
117
118
119
120
121
122
123
124
125
126
127
128
129
130
131
132
133
134
135
136
137
138
139
140
141
142
143
144
145
146
147
148
149
150
151
152
153
154
155
156
157
158
159
160
161
162
163
164
165
166
167
168
169
170
171
172
173
174
175
176
177
178
179
180
181
182
183
184
185
186
187
188
189
190
191
192
193
194
195
196
197
198
199
200
201
202
203
204
205
206
207
208
209
210
211
212
213
214
215
216
217
218
219
220
221
222
223
224
225
226
227
228
229
230
231
232
233
234
235
236
237
238
239
240
241
242
243
244
245
246
247
248
249
250
251
252
253
254
255
256
257
258
259
260
261
262
263
264
265
266
267
268
269
270
271
272
273
274
275
276
277
278
279
280
281
282
283
284
285
286
287
288
289
290
291
292
293
294
295
296
297
298
299
300
301
302
303
304
305
306
307
308
309
310
311
312
313
314
315
316
317
318
319
320
321
322
323
324
325
326
327
328
329
330
331
332
333
334
335
336
337
338
339
340
341
342
343
344
345
346
347
348
349
350
351
352
353
354
355
356
357
358
359
360
361
362
363
364
365
366
367
368
369
370
371
372
373
374
375
376
377
Assigned Classwise weights to source
S real T sketch Train Ep: 11000 lr0.005732387350012933 	 Loss Classification: 0.021029 Loss T 0.131754 Method MME


Labeled Target set: Average loss: 0.2765, Accuracy: 1020/1080 F1 (94.4444%)


Test set: Average loss: 1.9850, Accuracy: 14773/23808 F1 (62.0506%)


Val set: Average loss: 1.7488, Accuracy: 220/360 F1 (61.1111%)

best acc test 63.823085  acc val 61.111111 acc labeled target 94.444444
saving model...
S real T sketch Train Ep: 11100 lr0.005711999470730565 	 Loss Classification: 0.095429 Loss T 0.149125 Method MME

S real T sketch Train Ep: 11200 lr0.005691779987127103 	 Loss Classification: 0.316368 Loss T 0.143305 Method MME

S real T sketch Train Ep: 11300 lr0.005671726723799515 	 Loss Classification: 0.363213 Loss T 0.123434 Method MME

S real T sketch Train Ep: 11400 lr0.005651837543487509 	 Loss Classification: 0.385854 Loss T 0.128926 Method MME

S real T sketch Train Ep: 11500 lr0.005632110346230358 	 Loss Classification: 0.092412 Loss T 0.163006 Method MME


Labeled Target set: Average loss: 0.1472, Accuracy: 1055/1080 F1 (97.6852%)


Test set: Average loss: 1.8464, Accuracy: 15472/23808 F1 (64.9866%)


Val set: Average loss: 1.4995, Accuracy: 239/360 F1 (66.3889%)

best acc test 63.823085  acc val 66.388889 acc labeled target 97.685185
saving model...
S real T sketch Train Ep: 11600 lr0.005612543068546177 	 Loss Classification: 0.125984 Loss T 0.125210 Method MME

S real T sketch Train Ep: 11700 lr0.005593133682632953 	 Loss Classification: 0.171135 Loss T 0.115856 Method MME

S real T sketch Train Ep: 11800 lr0.005573880195590681 	 Loss Classification: 0.409273 Loss T 0.165639 Method MME

S real T sketch Train Ep: 11900 lr0.0055547806486639095 	 Loss Classification: 0.682870 Loss T 0.155880 Method MME

Per Class Accuracy Calculated According to the Labelled Target examples is:  [1.        1.        1.        1.        1.        1.        1.
 1.        1.        0.7777778 1.        1.        1.        0.7777778
 1.        0.8888889 1.        1.        1.        0.8888889 1.
 1.        1.        1.        0.8888889 0.8888889 1.        1.
 1.        0.8888889 1.        1.        1.        1.        0.8888889
 1.        0.8888889 1.        1.        1.        1.        1.
 1.        1.        1.        1.        1.        1.        1.
 1.        1.        1.        1.        0.8333333 1.        1.
 0.8888889 1.        1.        1.        1.        0.8888889 1.
 0.8888889 0.8888889 1.        1.        1.        1.        1.
 1.        1.        1.        0.7777778 1.        1.        1.
 1.        1.        1.        1.        1.        1.        1.
 1.        1.        1.        1.        1.        1.        1.
 1.        0.8888889 1.        1.        0.8888889 0.8888889 1.
 1.        0.8888889 1.        1.        1.        0.8888889 1.
 1.        1.        1.        1.        0.8888889 1.        1.
 1.        1.        1.        1.        1.        1.        1.
 1.        1.        1.        1.        1.        0.8888889 1.       ]
Top k classes which perform poorly are:  [73, 9, 13, 53, 95, 96, 36, 99, 29, 103, 25, 24, 19, 109, 15, 34, 92, 64, 63, 124, 61, 56, 72, 74, 90, 89, 88, 87, 86, 79, 75, 76, 83, 82, 81, 91, 77, 78, 80, 84, 85, 0, 94, 123, 122, 121, 120, 119, 118, 117, 116, 115, 114, 113, 112, 111, 110, 108, 107, 106, 105, 104, 102, 101, 100, 98, 71, 97, 93, 70, 62, 68, 31, 30, 28, 27, 26, 23, 22, 21, 20, 18, 17, 32, 16, 12, 11, 10, 8, 7, 6, 5, 4, 3, 2, 1, 14, 69, 33, 37, 67, 66, 65, 60, 59, 58, 57, 55, 54, 52, 51, 35, 50, 48, 47, 46, 45, 44, 43, 42, 41, 40, 39, 38, 49, 125]
0
1
2
3
4
5
6
7
8
9
10
11
12
13
14
15
16
17
18
19
20
21
22
23
24
25
26
27
28
29
30
31
32
33
34
35
36
37
38
39
40
41
42
43
44
45
46
47
48
49
50
51
52
53
54
55
56
57
58
59
60
61
62
63
64
65
66
67
68
69
70
71
72
73
74
75
76
77
78
79
80
81
82
83
84
85
86
87
88
89
90
91
92
93
94
95
96
97
98
99
100
101
102
103
104
105
106
107
108
109
110
111
112
113
114
115
116
117
118
119
120
121
122
123
124
125
126
127
128
129
130
131
132
133
134
135
136
137
138
139
140
141
142
143
144
145
146
147
148
149
150
151
152
153
154
155
156
157
158
159
160
161
162
163
164
165
166
167
168
169
170
171
172
173
174
175
176
177
178
179
180
181
182
183
184
185
186
187
188
189
190
191
192
193
194
195
196
197
198
199
200
201
202
203
204
205
206
207
208
209
210
211
212
213
214
215
216
217
218
219
220
221
222
223
224
225
226
227
228
229
230
231
232
233
234
235
236
237
238
239
240
241
242
243
244
245
246
247
248
249
250
251
252
253
254
255
256
257
258
259
260
261
262
263
264
265
266
267
268
269
270
271
272
273
274
275
276
277
278
279
280
281
282
283
284
285
286
287
288
289
290
291
292
293
294
295
296
297
298
299
300
301
302
303
304
305
306
307
308
309
310
311
312
313
314
315
316
317
318
319
320
321
322
323
324
325
326
327
328
329
330
331
332
333
334
335
336
337
338
339
340
341
342
343
344
345
346
347
348
349
350
351
352
353
354
355
356
357
358
359
360
361
362
363
364
365
366
367
368
369
370
371
372
373
374
375
376
377
0
1
2
3
4
5
6
7
8
9
10
11
12
13
14
15
16
17
18
19
20
21
22
23
24
25
26
27
28
29
30
31
32
33
34
35
36
37
38
39
40
41
42
43
44
45
46
47
48
49
50
51
52
53
54
55
56
57
58
59
60
61
62
63
64
65
66
67
68
69
70
71
72
73
74
75
76
77
78
79
80
81
82
83
84
85
86
87
88
89
90
91
92
93
94
95
96
97
98
99
100
101
102
103
104
105
106
107
108
109
110
111
112
113
114
115
116
117
118
119
120
121
122
123
124
125
126
127
128
129
130
131
132
133
134
135
136
137
138
139
140
141
142
143
144
145
146
147
148
149
150
151
152
153
154
155
156
157
158
159
160
161
162
163
164
165
166
167
168
169
170
171
172
173
174
175
176
177
178
179
180
181
182
183
184
185
186
187
188
189
190
191
192
193
194
195
196
197
198
199
200
201
202
203
204
205
206
207
208
209
210
211
212
213
214
215
216
217
218
219
220
221
222
223
224
225
226
227
228
229
230
231
232
233
234
235
236
237
238
239
240
241
242
243
244
245
246
247
248
249
250
251
252
253
254
255
256
257
258
259
260
261
262
263
264
265
266
267
268
269
270
271
272
273
274
275
276
277
278
279
280
281
282
283
284
285
286
287
288
289
290
291
292
293
294
295
296
297
298
299
300
301
302
303
304
305
306
307
308
309
310
311
312
313
314
315
316
317
318
319
320
321
322
323
324
325
326
327
328
329
330
331
332
333
334
335
336
337
338
339
340
341
342
343
344
345
346
347
348
349
350
351
352
353
354
355
356
357
358
359
360
361
362
363
364
365
366
367
368
369
370
371
372
373
374
375
376
377
Assigned Classwise weights to source
S real T sketch Train Ep: 12000 lr0.005535833116504121 	 Loss Classification: 0.192285 Loss T 0.157804 Method MME


Labeled Target set: Average loss: 0.2254, Accuracy: 1046/1080 F1 (96.8519%)


Test set: Average loss: 1.9311, Accuracy: 15057/23808 F1 (63.2434%)


Val set: Average loss: 1.5932, Accuracy: 236/360 F1 (65.5556%)

best acc test 63.823085  acc val 65.555556 acc labeled target 96.851852
saving model...
S real T sketch Train Ep: 12100 lr0.00551703570645129 	 Loss Classification: 0.504850 Loss T 0.104248 Method MME

S real T sketch Train Ep: 12200 lr0.005498386557834078 	 Loss Classification: 0.138180 Loss T 0.131956 Method MME

S real T sketch Train Ep: 12300 lr0.00547988384128807 	 Loss Classification: 0.199506 Loss T 0.151628 Method MME

S real T sketch Train Ep: 12400 lr0.005461525758091539 	 Loss Classification: 0.085416 Loss T 0.151787 Method MME

S real T sketch Train Ep: 12500 lr0.005443310539518174 	 Loss Classification: 0.133060 Loss T 0.130327 Method MME


Labeled Target set: Average loss: 0.1275, Accuracy: 1067/1080 F1 (98.7963%)


Test set: Average loss: 1.7574, Accuracy: 15700/23808 F1 (65.9442%)


Val set: Average loss: 1.4234, Accuracy: 247/360 F1 (68.6111%)

best acc test 63.823085  acc val 68.611111 acc labeled target 98.796296
saving model...
S real T sketch Train Ep: 12600 lr0.005425236446206295 	 Loss Classification: 0.338435 Loss T 0.163569 Method MME

S real T sketch Train Ep: 12700 lr0.005407301767544059 	 Loss Classification: 0.230717 Loss T 0.112778 Method MME

S real T sketch Train Ep: 12800 lr0.005389504821070177 	 Loss Classification: 0.226547 Loss T 0.134540 Method MME

S real T sketch Train Ep: 12900 lr0.005371843951889677 	 Loss Classification: 0.359735 Loss T 0.113572 Method MME

Per Class Accuracy Calculated According to the Labelled Target examples is:  [1.        1.        1.        1.        1.        1.        1.
 1.        1.        0.8888889 1.        1.        1.        1.
 1.        1.        1.        0.8888889 1.        0.8888889 1.
 1.        1.        1.        1.        1.        1.        0.8888889
 1.        1.        1.        1.        1.        1.        1.
 1.        0.8888889 1.        1.        1.        1.        1.
 1.        1.        1.        1.        1.        1.        1.
 1.        1.        1.        1.        0.8888889 1.        1.
 1.        1.        1.        1.        1.        1.        1.
 1.        1.        1.        1.        1.        1.        1.
 0.8888889 1.        1.        1.        1.        1.        0.8888889
 1.        1.        1.        1.        1.        1.        1.
 1.        1.        1.        1.        1.        1.        1.
 1.        1.        1.        1.        1.        1.        1.
 1.        1.        1.        1.        1.        1.        1.
 1.        0.7777778 1.        1.        1.        1.        1.
 1.        1.        1.        1.        1.        1.        1.
 1.        1.        1.        0.8888889 0.8888889 0.8888889 1.       ]
Top k classes which perform poorly are:  [106, 17, 27, 19, 53, 76, 9, 36, 122, 70, 124, 123, 91, 90, 89, 88, 87, 86, 85, 84, 83, 82, 72, 71, 80, 68, 79, 92, 78, 77, 69, 75, 74, 73, 81, 0, 96, 94, 121, 120, 119, 118, 117, 116, 115, 114, 113, 112, 111, 110, 93, 109, 107, 105, 104, 103, 102, 101, 100, 99, 98, 97, 67, 95, 108, 66, 62, 64, 30, 29, 28, 26, 25, 24, 23, 22, 21, 20, 18, 16, 31, 15, 13, 12, 11, 10, 8, 7, 6, 5, 4, 3, 2, 1, 14, 65, 32, 34, 63, 61, 60, 59, 58, 57, 56, 55, 54, 52, 51, 50, 33, 49, 47, 46, 45, 44, 43, 42, 41, 40, 39, 38, 37, 35, 48, 125]
0
1
2
3
4
5
6
7
8
9
10
11
12
13
14
15
16
17
18
19
20
21
22
23
24
25
26
27
28
29
30
31
32
33
34
35
36
37
38
39
40
41
42
43
44
45
46
47
48
49
50
51
52
53
54
55
56
57
58
59
60
61
62
63
64
65
66
67
68
69
70
71
72
73
74
75
76
77
78
79
80
81
82
83
84
85
86
87
88
89
90
91
92
93
94
95
96
97
98
99
100
101
102
103
104
105
106
107
108
109
110
111
112
113
114
115
116
117
118
119
120
121
122
123
124
125
126
127
128
129
130
131
132
133
134
135
136
137
138
139
140
141
142
143
144
145
146
147
148
149
150
151
152
153
154
155
156
157
158
159
160
161
162
163
164
165
166
167
168
169
170
171
172
173
174
175
176
177
178
179
180
181
182
183
184
185
186
187
188
189
190
191
192
193
194
195
196
197
198
199
200
201
202
203
204
205
206
207
208
209
210
211
212
213
214
215
216
217
218
219
220
221
222
223
224
225
226
227
228
229
230
231
232
233
234
235
236
237
238
239
240
241
242
243
244
245
246
247
248
249
250
251
252
253
254
255
256
257
258
259
260
261
262
263
264
265
266
267
268
269
270
271
272
273
274
275
276
277
278
279
280
281
282
283
284
285
286
287
288
289
290
291
292
293
294
295
296
297
298
299
300
301
302
303
304
305
306
307
308
309
310
311
312
313
314
315
316
317
318
319
320
321
322
323
324
325
326
327
328
329
330
331
332
333
334
335
336
337
338
339
340
341
342
343
344
345
346
347
348
349
350
351
352
353
354
355
356
357
358
359
360
361
362
363
364
365
366
367
368
369
370
371
372
373
374
375
376
377
0
1
2
3
4
5
6
7
8
9
10
11
12
13
14
15
16
17
18
19
20
21
22
23
24
25
26
27
28
29
30
31
32
33
34
35
36
37
38
39
40
41
42
43
44
45
46
47
48
49
50
51
52
53
54
55
56
57
58
59
60
61
62
63
64
65
66
67
68
69
70
71
72
73
74
75
76
77
78
79
80
81
82
83
84
85
86
87
88
89
90
91
92
93
94
95
96
97
98
99
100
101
102
103
104
105
106
107
108
109
110
111
112
113
114
115
116
117
118
119
120
121
122
123
124
125
126
127
128
129
130
131
132
133
134
135
136
137
138
139
140
141
142
143
144
145
146
147
148
149
150
151
152
153
154
155
156
157
158
159
160
161
162
163
164
165
166
167
168
169
170
171
172
173
174
175
176
177
178
179
180
181
182
183
184
185
186
187
188
189
190
191
192
193
194
195
196
197
198
199
200
201
202
203
204
205
206
207
208
209
210
211
212
213
214
215
216
217
218
219
220
221
222
223
224
225
226
227
228
229
230
231
232
233
234
235
236
237
238
239
240
241
242
243
244
245
246
247
248
249
250
251
252
253
254
255
256
257
258
259
260
261
262
263
264
265
266
267
268
269
270
271
272
273
274
275
276
277
278
279
280
281
282
283
284
285
286
287
288
289
290
291
292
293
294
295
296
297
298
299
300
301
302
303
304
305
306
307
308
309
310
311
312
313
314
315
316
317
318
319
320
321
322
323
324
325
326
327
328
329
330
331
332
333
334
335
336
337
338
339
340
341
342
343
344
345
346
347
348
349
350
351
352
353
354
355
356
357
358
359
360
361
362
363
364
365
366
367
368
369
370
371
372
373
374
375
376
377
Assigned Classwise weights to source
S real T sketch Train Ep: 13000 lr0.0053543175321042955 	 Loss Classification: 0.454158 Loss T 0.133023 Method MME


Labeled Target set: Average loss: 0.2260, Accuracy: 1044/1080 F1 (96.6667%)


Test set: Average loss: 2.0436, Accuracy: 14765/23808 F1 (62.0170%)


Val set: Average loss: 1.6800, Accuracy: 230/360 F1 (63.8889%)

best acc test 63.823085  acc val 63.888889 acc labeled target 96.666667
saving model...
S real T sketch Train Ep: 13100 lr0.005336923960257046 	 Loss Classification: 0.438589 Loss T 0.101407 Method MME

S real T sketch Train Ep: 13200 lr0.0053196616607905645 	 Loss Classification: 0.595903 Loss T 0.144649 Method MME

S real T sketch Train Ep: 13300 lr0.0053025290835188275 	 Loss Classification: 0.195318 Loss T 0.122272 Method MME

S real T sketch Train Ep: 13400 lr0.005285524703111859 	 Loss Classification: 0.308367 Loss T 0.121518 Method MME

S real T sketch Train Ep: 13500 lr0.005268647018593052 	 Loss Classification: 0.028943 Loss T 0.155812 Method MME


Labeled Target set: Average loss: 0.1239, Accuracy: 1069/1080 F1 (98.9815%)


Test set: Average loss: 1.8550, Accuracy: 15394/23808 F1 (64.6589%)


Val set: Average loss: 1.4524, Accuracy: 240/360 F1 (66.6667%)

best acc test 63.823085  acc val 66.666667 acc labeled target 98.981481
saving model...
S real T sketch Train Ep: 13600 lr0.005251894552848747 	 Loss Classification: 0.173914 Loss T 0.122555 Method MME

S real T sketch Train Ep: 13700 lr0.005235265852149712 	 Loss Classification: 0.063136 Loss T 0.117415 Method MME

S real T sketch Train Ep: 13800 lr0.005218759485684187 	 Loss Classification: 0.303464 Loss T 0.120000 Method MME

S real T sketch Train Ep: 13900 lr0.005202374045102174 	 Loss Classification: 0.024295 Loss T 0.129829 Method MME

Per Class Accuracy Calculated According to the Labelled Target examples is:  [1.        1.        1.        1.        1.        1.        1.
 1.        1.        1.        1.        1.        1.        1.
 1.        1.        1.        1.        1.        1.        1.
 1.        1.        1.        1.        1.        1.        1.
 1.        1.        1.        0.7777778 1.        1.        1.
 1.        1.        1.        1.        1.        1.        1.
 1.        1.        1.        1.        1.        1.        1.
 1.        1.        1.        1.        1.        1.        1.
 1.        1.        1.        1.        1.        1.        1.
 1.        1.        0.8888889 1.        1.        1.        1.
 1.        1.        1.        1.        1.        0.8888889 1.
 1.        1.        1.        1.        1.        1.        0.8888889
 1.        1.        1.        1.        1.        1.        1.
 1.        1.        1.        1.        0.6666667 1.        1.
 1.        1.        1.        1.        1.        1.        1.
 0.7777778 1.        1.        1.        1.        1.        1.
 1.        1.        1.        1.        1.        1.        1.
 1.        0.8888889 1.        1.        1.        1.        1.       ]
Top k classes which perform poorly are:  [95, 31, 105, 65, 120, 75, 83, 82, 84, 86, 81, 87, 88, 89, 90, 85, 80, 78, 91, 77, 76, 74, 73, 72, 71, 70, 69, 68, 67, 66, 79, 92, 0, 64, 123, 122, 121, 119, 118, 117, 116, 115, 114, 113, 112, 111, 110, 109, 108, 107, 106, 104, 103, 102, 101, 100, 99, 98, 97, 96, 94, 93, 63, 62, 61, 27, 26, 25, 24, 23, 22, 21, 20, 19, 18, 17, 16, 15, 14, 13, 12, 11, 10, 9, 8, 7, 6, 5, 4, 3, 2, 1, 28, 29, 30, 32, 60, 59, 58, 57, 56, 55, 54, 53, 52, 51, 50, 49, 48, 124, 47, 45, 44, 43, 42, 41, 40, 39, 38, 37, 36, 35, 34, 33, 46, 125]
0
1
2
3
4
5
6
7
8
9
10
11
12
13
14
15
16
17
18
19
20
21
22
23
24
25
26
27
28
29
30
31
32
33
34
35
36
37
38
39
40
41
42
43
44
45
46
47
48
49
50
51
52
53
54
55
56
57
58
59
60
61
62
63
64
65
66
67
68
69
70
71
72
73
74
75
76
77
78
79
80
81
82
83
84
85
86
87
88
89
90
91
92
93
94
95
96
97
98
99
100
101
102
103
104
105
106
107
108
109
110
111
112
113
114
115
116
117
118
119
120
121
122
123
124
125
126
127
128
129
130
131
132
133
134
135
136
137
138
139
140
141
142
143
144
145
146
147
148
149
150
151
152
153
154
155
156
157
158
159
160
161
162
163
164
165
166
167
168
169
170
171
172
173
174
175
176
177
178
179
180
181
182
183
184
185
186
187
188
189
190
191
192
193
194
195
196
197
198
199
200
201
202
203
204
205
206
207
208
209
210
211
212
213
214
215
216
217
218
219
220
221
222
223
224
225
226
227
228
229
230
231
232
233
234
235
236
237
238
239
240
241
242
243
244
245
246
247
248
249
250
251
252
253
254
255
256
257
258
259
260
261
262
263
264
265
266
267
268
269
270
271
272
273
274
275
276
277
278
279
280
281
282
283
284
285
286
287
288
289
290
291
292
293
294
295
296
297
298
299
300
301
302
303
304
305
306
307
308
309
310
311
312
313
314
315
316
317
318
319
320
321
322
323
324
325
326
327
328
329
330
331
332
333
334
335
336
337
338
339
340
341
342
343
344
345
346
347
348
349
350
351
352
353
354
355
356
357
358
359
360
361
362
363
364
365
366
367
368
369
370
371
372
373
374
375
376
377
0
1
2
3
4
5
6
7
8
9
10
11
12
13
14
15
16
17
18
19
20
21
22
23
24
25
26
27
28
29
30
31
32
33
34
35
36
37
38
39
40
41
42
43
44
45
46
47
48
49
50
51
52
53
54
55
56
57
58
59
60
61
62
63
64
65
66
67
68
69
70
71
72
73
74
75
76
77
78
79
80
81
82
83
84
85
86
87
88
89
90
91
92
93
94
95
96
97
98
99
100
101
102
103
104
105
106
107
108
109
110
111
112
113
114
115
116
117
118
119
120
121
122
123
124
125
126
127
128
129
130
131
132
133
134
135
136
137
138
139
140
141
142
143
144
145
146
147
148
149
150
151
152
153
154
155
156
157
158
159
160
161
162
163
164
165
166
167
168
169
170
171
172
173
174
175
176
177
178
179
180
181
182
183
184
185
186
187
188
189
190
191
192
193
194
195
196
197
198
199
200
201
202
203
204
205
206
207
208
209
210
211
212
213
214
215
216
217
218
219
220
221
222
223
224
225
226
227
228
229
230
231
232
233
234
235
236
237
238
239
240
241
242
243
244
245
246
247
248
249
250
251
252
253
254
255
256
257
258
259
260
261
262
263
264
265
266
267
268
269
270
271
272
273
274
275
276
277
278
279
280
281
282
283
284
285
286
287
288
289
290
291
292
293
294
295
296
297
298
299
300
301
302
303
304
305
306
307
308
309
310
311
312
313
314
315
316
317
318
319
320
321
322
323
324
325
326
327
328
329
330
331
332
333
334
335
336
337
338
339
340
341
342
343
344
345
346
347
348
349
350
351
352
353
354
355
356
357
358
359
360
361
362
363
364
365
366
367
368
369
370
371
372
373
374
375
376
377
Assigned Classwise weights to source
S real T sketch Train Ep: 14000 lr0.005186108144070652 	 Loss Classification: 0.111065 Loss T 0.136446 Method MME


Labeled Target set: Average loss: 0.2383, Accuracy: 1043/1080 F1 (96.5741%)


Test set: Average loss: 2.0054, Accuracy: 14942/23808 F1 (62.7604%)


Val set: Average loss: 1.7044, Accuracy: 234/360 F1 (65.0000%)

best acc test 63.823085  acc val 65.000000 acc labeled target 96.574074
saving model...
S real T sketch Train Ep: 14100 lr0.005169960417839403 	 Loss Classification: 0.130680 Loss T 0.128458 Method MME

S real T sketch Train Ep: 14200 lr0.005153929522817161 	 Loss Classification: 0.482835 Loss T 0.149114 Method MME

S real T sketch Train Ep: 14300 lr0.005138014136157799 	 Loss Classification: 0.278101 Loss T 0.146928 Method MME

S real T sketch Train Ep: 14400 lr0.005122212955356274 	 Loss Classification: 0.600275 Loss T 0.133670 Method MME

S real T sketch Train Ep: 14500 lr0.005106524697854057 	 Loss Classification: 0.449621 Loss T 0.137049 Method MME


Labeled Target set: Average loss: 0.1566, Accuracy: 1058/1080 F1 (97.9630%)


Test set: Average loss: 1.8138, Accuracy: 15455/23808 F1 (64.9152%)


Val set: Average loss: 1.5536, Accuracy: 235/360 F1 (65.2778%)

best acc test 63.823085  acc val 65.277778 acc labeled target 97.962963
saving model...
S real T sketch Train Ep: 14600 lr0.005090948100653781 	 Loss Classification: 0.319528 Loss T 0.143098 Method MME

S real T sketch Train Ep: 14700 lr0.0050754819199428855 	 Loss Classification: 0.168437 Loss T 0.110874 Method MME

S real T sketch Train Ep: 14800 lr0.005060124930725974 	 Loss Classification: 0.083383 Loss T 0.124842 Method MME

S real T sketch Train Ep: 14900 lr0.00504487592646567 	 Loss Classification: 0.031823 Loss T 0.120006 Method MME

Per Class Accuracy Calculated According to the Labelled Target examples is:  [1.        1.        1.        1.        1.        1.        1.
 1.        1.        0.7777778 1.        1.        1.        1.
 0.8888889 1.        1.        1.        1.        1.        1.
 1.        1.        1.        1.        1.        0.8888889 1.
 1.        1.        0.8888889 0.8888889 1.        0.8888889 1.
 1.        1.        1.        1.        1.        0.8888889 1.
 1.        1.        1.        1.        1.        1.        1.
 1.        1.        1.        1.        0.8888889 1.        1.
 1.        1.        1.        1.        1.        1.        1.
 1.        1.        1.        1.        0.8888889 0.8888889 1.
 1.        1.        1.        1.        1.        1.        1.
 1.        1.        1.        1.        1.        1.        1.
 1.        0.8333333 1.        1.        1.        1.        0.8888889
 1.        1.        1.        1.        0.8888889 1.        1.
 0.8333333 1.        1.        1.        1.        0.8888889 1.
 0.8888889 0.8888889 1.        1.        0.8888889 1.        1.
 1.        1.        1.        1.        1.        1.        0.8888889
 0.8888889 1.        1.        0.8333333 1.        1.        1.       ]
Top k classes which perform poorly are:  [9, 122, 98, 85, 67, 95, 33, 68, 31, 30, 26, 103, 105, 90, 109, 53, 106, 14, 119, 118, 40, 76, 89, 88, 87, 69, 86, 70, 71, 79, 80, 72, 78, 84, 74, 83, 82, 75, 81, 77, 73, 0, 92, 123, 121, 120, 117, 116, 115, 114, 113, 112, 111, 110, 108, 107, 104, 102, 101, 100, 99, 96, 94, 93, 91, 97, 62, 65, 29, 28, 27, 25, 24, 23, 22, 21, 20, 19, 18, 17, 32, 16, 13, 12, 11, 10, 8, 7, 6, 5, 4, 3, 2, 1, 15, 66, 34, 36, 64, 63, 124, 61, 60, 59, 58, 57, 56, 55, 54, 52, 35, 51, 49, 48, 47, 46, 45, 44, 43, 42, 41, 39, 38, 37, 50, 125]
0
1
2
3
4
5
6
7
8
9
10
11
12
13
14
15
16
17
18
19
20
21
22
23
24
25
26
27
28
29
30
31
32
33
34
35
36
37
38
39
40
41
42
43
44
45
46
47
48
49
50
51
52
53
54
55
56
57
58
59
60
61
62
63
64
65
66
67
68
69
70
71
72
73
74
75
76
77
78
79
80
81
82
83
84
85
86
87
88
89
90
91
92
93
94
95
96
97
98
99
100
101
102
103
104
105
106
107
108
109
110
111
112
113
114
115
116
117
118
119
120
121
122
123
124
125
126
127
128
129
130
131
132
133
134
135
136
137
138
139
140
141
142
143
144
145
146
147
148
149
150
151
152
153
154
155
156
157
158
159
160
161
162
163
164
165
166
167
168
169
170
171
172
173
174
175
176
177
178
179
180
181
182
183
184
185
186
187
188
189
190
191
192
193
194
195
196
197
198
199
200
201
202
203
204
205
206
207
208
209
210
211
212
213
214
215
216
217
218
219
220
221
222
223
224
225
226
227
228
229
230
231
232
233
234
235
236
237
238
239
240
241
242
243
244
245
246
247
248
249
250
251
252
253
254
255
256
257
258
259
260
261
262
263
264
265
266
267
268
269
270
271
272
273
274
275
276
277
278
279
280
281
282
283
284
285
286
287
288
289
290
291
292
293
294
295
296
297
298
299
300
301
302
303
304
305
306
307
308
309
310
311
312
313
314
315
316
317
318
319
320
321
322
323
324
325
326
327
328
329
330
331
332
333
334
335
336
337
338
339
340
341
342
343
344
345
346
347
348
349
350
351
352
353
354
355
356
357
358
359
360
361
362
363
364
365
366
367
368
369
370
371
372
373
374
375
376
377
0
1
2
3
4
5
6
7
8
9
10
11
12
13
14
15
16
17
18
19
20
21
22
23
24
25
26
27
28
29
30
31
32
33
34
35
36
37
38
39
40
41
42
43
44
45
46
47
48
49
50
51
52
53
54
55
56
57
58
59
60
61
62
63
64
65
66
67
68
69
70
71
72
73
74
75
76
77
78
79
80
81
82
83
84
85
86
87
88
89
90
91
92
93
94
95
96
97
98
99
100
101
102
103
104
105
106
107
108
109
110
111
112
113
114
115
116
117
118
119
120
121
122
123
124
125
126
127
128
129
130
131
132
133
134
135
136
137
138
139
140
141
142
143
144
145
146
147
148
149
150
151
152
153
154
155
156
157
158
159
160
161
162
163
164
165
166
167
168
169
170
171
172
173
174
175
176
177
178
179
180
181
182
183
184
185
186
187
188
189
190
191
192
193
194
195
196
197
198
199
200
201
202
203
204
205
206
207
208
209
210
211
212
213
214
215
216
217
218
219
220
221
222
223
224
225
226
227
228
229
230
231
232
233
234
235
236
237
238
239
240
241
242
243
244
245
246
247
248
249
250
251
252
253
254
255
256
257
258
259
260
261
262
263
264
265
266
267
268
269
270
271
272
273
274
275
276
277
278
279
280
281
282
283
284
285
286
287
288
289
290
291
292
293
294
295
296
297
298
299
300
301
302
303
304
305
306
307
308
309
310
311
312
313
314
315
316
317
318
319
320
321
322
323
324
325
326
327
328
329
330
331
332
333
334
335
336
337
338
339
340
341
342
343
344
345
346
347
348
349
350
351
352
353
354
355
356
357
358
359
360
361
362
363
364
365
366
367
368
369
370
371
372
373
374
375
376
377
Assigned Classwise weights to source
S real T sketch Train Ep: 15000 lr0.005029733718731741 	 Loss Classification: 0.176526 Loss T 0.132847 Method MME


Labeled Target set: Average loss: 0.2620, Accuracy: 1040/1080 F1 (96.2963%)


Test set: Average loss: 2.0265, Accuracy: 14856/23808 F1 (62.3992%)


Val set: Average loss: 1.6194, Accuracy: 233/360 F1 (64.7222%)

best acc test 63.823085  acc val 64.722222 acc labeled target 96.296296
saving model...
S real T sketch Train Ep: 15100 lr0.005014697136858264 	 Loss Classification: 0.043166 Loss T 0.128014 Method MME

S real T sketch Train Ep: 15200 lr0.004999765027608607 	 Loss Classification: 0.473186 Loss T 0.135514 Method MME

S real T sketch Train Ep: 15300 lr0.004984936254848047 	 Loss Classification: 0.297999 Loss T 0.114941 Method MME

S real T sketch Train Ep: 15400 lr0.004970209699223787 	 Loss Classification: 0.139292 Loss T 0.155270 Method MME

S real T sketch Train Ep: 15500 lr0.0049555842578521995 	 Loss Classification: 0.188857 Loss T 0.114233 Method MME


Labeled Target set: Average loss: 0.1291, Accuracy: 1061/1080 F1 (98.2407%)


Test set: Average loss: 1.7756, Accuracy: 15715/23808 F1 (66.0072%)


Val set: Average loss: 1.5032, Accuracy: 246/360 F1 (68.3333%)

best acc test 63.823085  acc val 68.333333 acc labeled target 98.240741
saving model...
S real T sketch Train Ep: 15600 lr0.004941058844013093 	 Loss Classification: 0.333574 Loss T 0.143332 Method MME

S real T sketch Train Ep: 15700 lr0.004926632386850831 	 Loss Classification: 0.100565 Loss T 0.130677 Method MME

S real T sketch Train Ep: 15800 lr0.004912303831082109 	 Loss Classification: 0.061623 Loss T 0.158020 Method MME

S real T sketch Train Ep: 15900 lr0.004898072136710217 	 Loss Classification: 0.388015 Loss T 0.116972 Method MME

Per Class Accuracy Calculated According to the Labelled Target examples is:  [1.        1.        1.        1.        1.        1.        0.8888889
 1.        1.        1.        1.        1.        1.        1.
 1.        1.        1.        1.        1.        1.        1.
 1.        1.        1.        1.        1.        0.8888889 1.
 1.        1.        1.        0.8888889 1.        1.        0.7777778
 1.        1.        0.8888889 1.        0.8888889 0.8888889 1.
 1.        1.        1.        1.        1.        1.        1.
 1.        1.        1.        1.        0.8333333 1.        1.
 1.        1.        1.        1.        1.        1.        1.
 1.        1.        1.        1.        1.        1.        1.
 0.8888889 1.        1.        1.        1.        1.        1.
 1.        1.        1.        0.8888889 1.        1.        0.8888889
 0.8888889 1.        1.        1.        1.        1.        1.
 1.        1.        0.8888889 1.        1.        1.        0.8888889
 1.        1.        0.8888889 1.        1.        0.8888889 1.
 1.        1.        1.        1.        1.        1.        1.
 1.        1.        1.        1.        1.        1.        0.7777778
 1.        1.        1.        1.        1.        1.        1.       ]
Top k classes which perform poorly are:  [34, 118, 53, 83, 39, 31, 40, 97, 26, 100, 103, 84, 93, 80, 37, 70, 6, 78, 69, 91, 71, 72, 73, 90, 89, 74, 88, 87, 75, 86, 85, 76, 77, 82, 81, 79, 0, 95, 94, 123, 122, 121, 120, 119, 117, 116, 115, 114, 113, 112, 111, 110, 109, 108, 107, 106, 105, 104, 102, 101, 99, 98, 96, 68, 92, 67, 62, 65, 28, 27, 25, 24, 23, 22, 21, 20, 19, 18, 17, 16, 29, 15, 13, 12, 11, 10, 9, 8, 7, 5, 4, 3, 2, 1, 14, 66, 30, 33, 64, 63, 124, 61, 60, 59, 58, 57, 56, 55, 54, 52, 32, 51, 49, 48, 47, 46, 45, 44, 43, 42, 41, 38, 36, 35, 50, 125]
0
1
2
3
4
5
6
7
8
9
10
11
12
13
14
15
16
17
18
19
20
21
22
23
24
25
26
27
28
29
30
31
32
33
34
35
36
37
38
39
40
41
42
43
44
45
46
47
48
49
50
51
52
53
54
55
56
57
58
59
60
61
62
63
64
65
66
67
68
69
70
71
72
73
74
75
76
77
78
79
80
81
82
83
84
85
86
87
88
89
90
91
92
93
94
95
96
97
98
99
100
101
102
103
104
105
106
107
108
109
110
111
112
113
114
115
116
117
118
119
120
121
122
123
124
125
126
127
128
129
130
131
132
133
134
135
136
137
138
139
140
141
142
143
144
145
146
147
148
149
150
151
152
153
154
155
156
157
158
159
160
161
162
163
164
165
166
167
168
169
170
171
172
173
174
175
176
177
178
179
180
181
182
183
184
185
186
187
188
189
190
191
192
193
194
195
196
197
198
199
200
201
202
203
204
205
206
207
208
209
210
211
212
213
214
215
216
217
218
219
220
221
222
223
224
225
226
227
228
229
230
231
232
233
234
235
236
237
238
239
240
241
242
243
244
245
246
247
248
249
250
251
252
253
254
255
256
257
258
259
260
261
262
263
264
265
266
267
268
269
270
271
272
273
274
275
276
277
278
279
280
281
282
283
284
285
286
287
288
289
290
291
292
293
294
295
296
297
298
299
300
301
302
303
304
305
306
307
308
309
310
311
312
313
314
315
316
317
318
319
320
321
322
323
324
325
326
327
328
329
330
331
332
333
334
335
336
337
338
339
340
341
342
343
344
345
346
347
348
349
350
351
352
353
354
355
356
357
358
359
360
361
362
363
364
365
366
367
368
369
370
371
372
373
374
375
376
377
0
1
2
3
4
5
6
7
8
9
10
11
12
13
14
15
16
17
18
19
20
21
22
23
24
25
26
27
28
29
30
31
32
33
34
35
36
37
38
39
40
41
42
43
44
45
46
47
48
49
50
51
52
53
54
55
56
57
58
59
60
61
62
63
64
65
66
67
68
69
70
71
72
73
74
75
76
77
78
79
80
81
82
83
84
85
86
87
88
89
90
91
92
93
94
95
96
97
98
99
100
101
102
103
104
105
106
107
108
109
110
111
112
113
114
115
116
117
118
119
120
121
122
123
124
125
126
127
128
129
130
131
132
133
134
135
136
137
138
139
140
141
142
143
144
145
146
147
148
149
150
151
152
153
154
155
156
157
158
159
160
161
162
163
164
165
166
167
168
169
170
171
172
173
174
175
176
177
178
179
180
181
182
183
184
185
186
187
188
189
190
191
192
193
194
195
196
197
198
199
200
201
202
203
204
205
206
207
208
209
210
211
212
213
214
215
216
217
218
219
220
221
222
223
224
225
226
227
228
229
230
231
232
233
234
235
236
237
238
239
240
241
242
243
244
245
246
247
248
249
250
251
252
253
254
255
256
257
258
259
260
261
262
263
264
265
266
267
268
269
270
271
272
273
274
275
276
277
278
279
280
281
282
283
284
285
286
287
288
289
290
291
292
293
294
295
296
297
298
299
300
301
302
303
304
305
306
307
308
309
310
311
312
313
314
315
316
317
318
319
320
321
322
323
324
325
326
327
328
329
330
331
332
333
334
335
336
337
338
339
340
341
342
343
344
345
346
347
348
349
350
351
352
353
354
355
356
357
358
359
360
361
362
363
364
365
366
367
368
369
370
371
372
373
374
375
376
377
Assigned Classwise weights to source
S real T sketch Train Ep: 16000 lr0.004883936278745637 	 Loss Classification: 0.224949 Loss T 0.139841 Method MME


Labeled Target set: Average loss: 0.2045, Accuracy: 1043/1080 F1 (96.5741%)


Test set: Average loss: 1.9556, Accuracy: 15098/23808 F1 (63.4157%)


Val set: Average loss: 1.7250, Accuracy: 233/360 F1 (64.7222%)

best acc test 63.823085  acc val 64.722222 acc labeled target 96.574074
saving model...
S real T sketch Train Ep: 16100 lr0.004869895246932789 	 Loss Classification: 0.154755 Loss T 0.127513 Method MME

S real T sketch Train Ep: 16200 lr0.004855948045482784 	 Loss Classification: 0.149462 Loss T 0.129864 Method MME

S real T sketch Train Ep: 16300 lr0.004842093692812012 	 Loss Classification: 0.263702 Loss T 0.128038 Method MME

S real T sketch Train Ep: 16400 lr0.004828331221286437 	 Loss Classification: 0.582532 Loss T 0.121665 Method MME

S real T sketch Train Ep: 16500 lr0.004814659676971443 	 Loss Classification: 0.295148 Loss T 0.153649 Method MME


Labeled Target set: Average loss: 0.1624, Accuracy: 1053/1080 F1 (97.5000%)


Test set: Average loss: 1.8676, Accuracy: 15538/23808 F1 (65.2638%)


Val set: Average loss: 1.4460, Accuracy: 246/360 F1 (68.3333%)

best acc test 63.823085  acc val 68.333333 acc labeled target 97.500000
saving model...
S real T sketch Train Ep: 16600 lr0.004801078119387078 	 Loss Classification: 0.052498 Loss T 0.137119 Method MME

Terminated
