Dataset multi Source real Target sketch Labeled num perclass 3 Network resnet34
126 classes in this dataset
Unlabelled Target Dataset Size:  23826
Labelled Target Dataset Size:  378
Misc. Labelled Target Dataset Size:  378
Bank keys - Target:  dict_keys(['feat_vec', 'labels', 'names', 'domain_identifier']) Source:  dict_keys(['feat_vec', 'labels', 'names', 'domain_identifier'])
Num  - Target:  23826 Source:  70358
Unlabeled Target Data Size: 496
S real T sketch Train Ep: 0 lr0.01 	 Loss Classification: 4.758803 Loss T 0.470031 Method MME

S real T sketch Train Ep: 100 lr0.009925650290240803 	 Loss Classification: 0.939529 Loss T 0.295011 Method MME

S real T sketch Train Ep: 200 lr0.009852577760521605 	 Loss Classification: 0.589165 Loss T 0.254681 Method MME

S real T sketch Train Ep: 300 lr0.009780748269686728 	 Loss Classification: 0.209006 Loss T 0.232337 Method MME

S real T sketch Train Ep: 400 lr0.009710128909124701 	 Loss Classification: 0.747393 Loss T 0.213104 Method MME

S real T sketch Train Ep: 500 lr0.00964068794694323 	 Loss Classification: 0.750574 Loss T 0.224432 Method MME


Labeled Target set: Average loss: 2.6563, Accuracy: 417/1080 F1 (38.6111%)


Test set: Average loss: 2.6265, Accuracy: 9833/23808 F1 (41.3012%)


Val set: Average loss: 2.3985, Accuracy: 167/360 F1 (46.3889%)

best acc test 41.301243  acc val 46.388889 acc labeled target 38.611111
saving model...
S real T sketch Train Ep: 600 lr0.00957239477517603 	 Loss Classification: 0.759100 Loss T 0.223037 Method MME

S real T sketch Train Ep: 700 lr0.009505219859830012 	 Loss Classification: 0.605776 Loss T 0.193883 Method MME

S real T sketch Train Ep: 800 lr0.009439134693595126 	 Loss Classification: 0.697029 Loss T 0.229522 Method MME

S real T sketch Train Ep: 900 lr0.009374111751051751 	 Loss Classification: 0.517908 Loss T 0.183998 Method MME

S real T sketch Train Ep: 1000 lr0.009310124446222227 	 Loss Classification: 1.078868 Loss T 0.192882 Method MME


Labeled Target set: Average loss: 2.4359, Accuracy: 500/1080 F1 (46.2963%)


Test set: Average loss: 2.3886, Accuracy: 11245/23808 F1 (47.2320%)


Val set: Average loss: 2.2349, Accuracy: 180/360 F1 (50.0000%)

best acc test 47.232023  acc val 50.000000 acc labeled target 46.296296
saving model...
S real T sketch Train Ep: 1100 lr0.00924714709232377 	 Loss Classification: 0.387843 Loss T 0.215797 Method MME

S real T sketch Train Ep: 1200 lr0.009185154863590003 	 Loss Classification: 1.043674 Loss T 0.160860 Method MME

S real T sketch Train Ep: 1300 lr0.00912412375903735 	 Loss Classification: 1.274575 Loss T 0.163669 Method MME

S real T sketch Train Ep: 1400 lr0.009064030568061049 	 Loss Classification: 0.159907 Loss T 0.207377 Method MME

S real T sketch Train Ep: 1500 lr0.009004852837753237 	 Loss Classification: 0.761859 Loss T 0.212759 Method MME


Labeled Target set: Average loss: 2.3757, Accuracy: 514/1080 F1 (47.5926%)


Test set: Average loss: 2.3168, Accuracy: 11434/23808 F1 (48.0259%)


Val set: Average loss: 2.0990, Accuracy: 186/360 F1 (51.6667%)

best acc test 48.025874  acc val 51.666667 acc labeled target 47.592593
saving model...
S real T sketch Train Ep: 1600 lr0.008946568841842816 	 Loss Classification: 0.310045 Loss T 0.185357 Method MME

S real T sketch Train Ep: 1700 lr0.008889157551163433 	 Loss Classification: 0.271729 Loss T 0.192245 Method MME

S real T sketch Train Ep: 1800 lr0.008832598605562044 	 Loss Classification: 0.442215 Loss T 0.195136 Method MME

S real T sketch Train Ep: 1900 lr0.008776872287166303 	 Loss Classification: 0.169361 Loss T 0.222436 Method MME

Per Class Accuracy Calculated According to the Labelled Target examples is:  [0.6666667  1.         0.6666667  0.44444445 0.5555556  0.22222222
 0.5555556  0.6666667  0.         0.         0.6666667  0.6666667
 0.11111111 0.11111111 1.         0.         0.44444445 0.8333333
 0.16666667 0.6666667  0.6666667  0.44444445 0.33333334 0.22222222
 0.6666667  0.22222222 0.         0.6666667  0.6666667  0.
 0.44444445 0.33333334 0.         0.7777778  0.7777778  0.11111111
 0.44444445 0.11111111 1.         0.6666667  0.44444445 0.6666667
 0.33333334 0.33333334 0.44444445 0.6666667  1.         0.5555556
 0.6666667  1.         0.         0.22222222 0.7777778  0.7777778
 0.         0.11111111 0.6666667  1.         0.33333334 0.8888889
 1.         0.22222222 1.         0.33333334 1.         0.5555556
 0.         0.         0.44444445 1.         0.5555556  0.44444445
 0.5555556  0.33333334 0.7777778  0.         0.11111111 0.6666667
 0.33333334 1.         0.         0.5555556  0.22222222 0.7777778
 0.44444445 0.5555556  1.         0.6666667  0.         0.5555556
 0.11111111 0.8888889  0.7777778  0.22222222 0.8333333  0.5
 0.8333333  0.6666667  0.44444445 0.         0.7777778  0.5
 0.5555556  0.33333334 0.6666667  0.         0.33333334 0.44444445
 0.11111111 0.33333334 0.33333334 0.7777778  0.33333334 0.44444445
 0.         1.         0.         0.5555556  0.44444445 0.22222222
 1.         0.5555556  0.5555556  0.         0.11111111 1.        ]
Top k classes which perform poorly are:  [80, 105, 26, 54, 116, 15, 66, 88, 29, 67, 50, 9, 8, 32, 99, 75, 123, 114, 35, 90, 37, 55, 124, 13, 12, 108, 76, 18, 23, 61, 25, 51, 93, 82, 119, 5, 43, 73, 58, 63, 78, 42, 112, 110, 109, 31, 106, 22, 103, 21, 3, 71, 84, 68, 107, 16, 118, 40, 44, 36, 30, 98, 113, 95, 101, 102, 81, 121, 4, 6, 72, 89, 70, 122, 65, 117, 85, 47, 87, 104, 97, 0, 39, 2, 7, 10, 11, 19, 20, 24, 27, 28, 77, 41, 56, 45, 48, 92, 34, 33, 100, 52, 53, 111, 83, 74, 94, 17, 96, 91, 59, 120, 115, 62, 79, 69, 64, 60, 57, 49, 46, 38, 14, 1, 86, 125]
0
1
2
3
4
5
6
7
8
9
10
11
12
13
14
15
16
17
18
19
20
21
22
23
24
25
26
27
28
29
30
31
32
33
34
35
36
37
38
39
40
41
42
43
44
45
46
47
48
49
50
51
52
53
54
55
56
57
58
59
60
61
62
63
64
65
66
67
68
69
70
71
72
73
74
75
76
77
78
79
80
81
82
83
84
85
86
87
88
89
90
91
92
93
94
95
96
97
98
99
100
101
102
103
104
105
106
107
108
109
110
111
112
113
114
115
116
117
118
119
120
121
122
123
124
125
126
127
128
129
130
131
132
133
134
135
136
137
138
139
140
141
142
143
144
145
146
147
148
149
150
151
152
153
154
155
156
157
158
159
160
161
162
163
164
165
166
167
168
169
170
171
172
173
174
175
176
177
178
179
180
181
182
183
184
185
186
187
188
189
190
191
192
193
194
195
196
197
198
199
200
201
202
203
204
205
206
207
208
209
210
211
212
213
214
215
216
217
218
219
220
221
222
223
224
225
226
227
228
229
230
231
232
233
234
235
236
237
238
239
240
241
242
243
244
245
246
247
248
249
250
251
252
253
254
255
256
257
258
259
260
261
262
263
264
265
266
267
268
269
270
271
272
273
274
275
276
277
278
279
280
281
282
283
284
285
286
287
288
289
290
291
292
293
294
295
296
297
298
299
300
301
302
303
304
305
306
307
308
309
310
311
312
313
314
315
316
317
318
319
320
321
322
323
324
325
326
327
328
329
330
331
332
333
334
335
336
337
338
339
340
341
342
343
344
345
346
347
348
349
350
351
352
353
354
355
356
357
358
359
360
361
362
363
364
365
366
367
368
369
370
371
372
373
374
375
376
377
0
1
2
3
4
5
6
7
8
9
10
11
12
13
14
15
16
17
18
19
20
21
22
23
24
25
26
27
28
29
30
31
32
33
34
35
36
37
38
39
40
41
42
43
44
45
46
47
48
49
50
51
52
53
54
55
56
57
58
59
60
61
62
63
64
65
66
67
68
69
70
71
72
73
74
75
76
77
78
79
80
81
82
83
84
85
86
87
88
89
90
91
92
93
94
95
96
97
98
99
100
101
102
103
104
105
106
107
108
109
110
111
112
113
114
115
116
117
118
119
120
121
122
123
124
125
126
127
128
129
130
131
132
133
134
135
136
137
138
139
140
141
142
143
144
145
146
147
148
149
150
151
152
153
154
155
156
157
158
159
160
161
162
163
164
165
166
167
168
169
170
171
172
173
174
175
176
177
178
179
180
181
182
183
184
185
186
187
188
189
190
191
192
193
194
195
196
197
198
199
200
201
202
203
204
205
206
207
208
209
210
211
212
213
214
215
216
217
218
219
220
221
222
223
224
225
226
227
228
229
230
231
232
233
234
235
236
237
238
239
240
241
242
243
244
245
246
247
248
249
250
251
252
253
254
255
256
257
258
259
260
261
262
263
264
265
266
267
268
269
270
271
272
273
274
275
276
277
278
279
280
281
282
283
284
285
286
287
288
289
290
291
292
293
294
295
296
297
298
299
300
301
302
303
304
305
306
307
308
309
310
311
312
313
314
315
316
317
318
319
320
321
322
323
324
325
326
327
328
329
330
331
332
333
334
335
336
337
338
339
340
341
342
343
344
345
346
347
348
349
350
351
352
353
354
355
356
357
358
359
360
361
362
363
364
365
366
367
368
369
370
371
372
373
374
375
376
377
Assigned Classwise weights to source
S real T sketch Train Ep: 2000 lr0.008721959494934213 	 Loss Classification: 0.649399 Loss T 0.214621 Method MME


Labeled Target set: Average loss: 2.7742, Accuracy: 451/1080 F1 (41.7593%)


Test set: Average loss: 2.6953, Accuracy: 10646/23808 F1 (44.7161%)


Val set: Average loss: 2.4720, Accuracy: 166/360 F1 (46.1111%)

best acc test 48.025874  acc val 46.111111 acc labeled target 41.759259
saving model...
S real T sketch Train Ep: 2100 lr0.008667841720414475 	 Loss Classification: 0.537871 Loss T 0.192814 Method MME

S real T sketch Train Ep: 2200 lr0.008614501024650454 	 Loss Classification: 0.330982 Loss T 0.210924 Method MME

S real T sketch Train Ep: 2300 lr0.008561920016164943 	 Loss Classification: 0.503139 Loss T 0.198909 Method MME

S real T sketch Train Ep: 2400 lr0.008510081829966844 	 Loss Classification: 0.490089 Loss T 0.198551 Method MME

S real T sketch Train Ep: 2500 lr0.008458970107524513 	 Loss Classification: 0.847987 Loss T 0.180173 Method MME


Labeled Target set: Average loss: 2.1707, Accuracy: 560/1080 F1 (51.8519%)


Test set: Average loss: 2.1341, Accuracy: 12817/23808 F1 (53.8348%)


Val set: Average loss: 1.9439, Accuracy: 212/360 F1 (58.8889%)

best acc test 53.834845  acc val 58.888889 acc labeled target 51.851852
saving model...
S real T sketch Train Ep: 2600 lr0.008408568977653933 	 Loss Classification: 0.617898 Loss T 0.177906 Method MME

S real T sketch Train Ep: 2700 lr0.00835886303827305 	 Loss Classification: 0.380602 Loss T 0.224138 Method MME

S real T sketch Train Ep: 2800 lr0.008309837338976545 	 Loss Classification: 0.810918 Loss T 0.194400 Method MME

S real T sketch Train Ep: 2900 lr0.008261477364388068 	 Loss Classification: 0.640381 Loss T 0.194410 Method MME

Per Class Accuracy Calculated According to the Labelled Target examples is:  [0.7777778  1.         0.6666667  0.5555556  0.7777778  0.
 0.44444445 0.5        0.33333334 0.         0.7777778  1.
 0.11111111 0.7777778  0.8333333  0.33333334 0.44444445 1.
 0.44444445 0.         0.8333333  0.6666667  0.11111111 0.44444445
 0.7777778  0.33333334 0.         0.6666667  0.5555556  0.5555556
 0.7777778  0.33333334 0.6666667  0.6666667  0.8888889  0.22222222
 0.33333334 0.         0.8888889  1.         0.33333334 0.6666667
 0.         0.11111111 0.33333334 0.6666667  1.         0.7777778
 0.5555556  0.7777778  0.         0.33333334 0.5555556  0.6666667
 0.7777778  0.5555556  0.6666667  0.6666667  0.33333334 0.7777778
 0.7777778  0.44444445 1.         0.33333334 0.6666667  0.8888889
 0.         0.6666667  0.         0.7777778  0.44444445 0.
 0.5        0.33333334 1.         0.33333334 0.33333334 0.33333334
 0.22222222 0.6666667  0.         0.6666667  0.22222222 0.8888889
 0.44444445 0.6666667  0.8888889  0.6666667  0.         0.44444445
 0.5555556  0.8888889  0.7777778  0.44444445 0.7777778  0.44444445
 0.33333334 0.6666667  0.5555556  0.         0.8333333  0.33333334
 0.5555556  0.6666667  0.5555556  0.         0.33333334 1.
 0.11111111 0.8888889  0.5555556  0.6666667  0.44444445 0.7777778
 0.6666667  0.7777778  0.16666667 0.6666667  0.11111111 0.
 0.6666667  0.8888889  0.8888889  0.         0.         1.        ]
Top k classes which perform poorly are:  [37, 68, 66, 80, 26, 124, 88, 71, 9, 99, 119, 5, 105, 42, 123, 50, 19, 43, 22, 118, 108, 12, 116, 78, 82, 35, 40, 106, 44, 101, 73, 63, 77, 76, 75, 96, 51, 58, 15, 8, 36, 31, 25, 89, 95, 84, 16, 6, 18, 70, 23, 61, 93, 112, 72, 7, 102, 52, 48, 98, 104, 29, 90, 28, 3, 55, 110, 33, 85, 97, 81, 114, 87, 79, 120, 41, 32, 53, 21, 103, 111, 67, 27, 117, 2, 57, 56, 45, 64, 113, 4, 94, 0, 24, 10, 30, 47, 13, 49, 69, 92, 54, 60, 59, 115, 14, 100, 20, 34, 91, 65, 121, 122, 83, 86, 109, 38, 62, 74, 46, 39, 17, 11, 1, 107, 125]
0
1
2
3
4
5
6
7
8
9
10
11
12
13
14
15
16
17
18
19
20
21
22
23
24
25
26
27
28
29
30
31
32
33
34
35
36
37
38
39
40
41
42
43
44
45
46
47
48
49
50
51
52
53
54
55
56
57
58
59
60
61
62
63
64
65
66
67
68
69
70
71
72
73
74
75
76
77
78
79
80
81
82
83
84
85
86
87
88
89
90
91
92
93
94
95
96
97
98
99
100
101
102
103
104
105
106
107
108
109
110
111
112
113
114
115
116
117
118
119
120
121
122
123
124
125
126
127
128
129
130
131
132
133
134
135
136
137
138
139
140
141
142
143
144
145
146
147
148
149
150
151
152
153
154
155
156
157
158
159
160
161
162
163
164
165
166
167
168
169
170
171
172
173
174
175
176
177
178
179
180
181
182
183
184
185
186
187
188
189
190
191
192
193
194
195
196
197
198
199
200
201
202
203
204
205
206
207
208
209
210
211
212
213
214
215
216
217
218
219
220
221
222
223
224
225
226
227
228
229
230
231
232
233
234
235
236
237
238
239
240
241
242
243
244
245
246
247
248
249
250
251
252
253
254
255
256
257
258
259
260
261
262
263
264
265
266
267
268
269
270
271
272
273
274
275
276
277
278
279
280
281
282
283
284
285
286
287
288
289
290
291
292
293
294
295
296
297
298
299
300
301
302
303
304
305
306
307
308
309
310
311
312
313
314
315
316
317
318
319
320
321
322
323
324
325
326
327
328
329
330
331
332
333
334
335
336
337
338
339
340
341
342
343
344
345
346
347
348
349
350
351
352
353
354
355
356
357
358
359
360
361
362
363
364
365
366
367
368
369
370
371
372
373
374
375
376
377
0
1
2
3
4
5
6
7
8
9
10
11
12
13
14
15
16
17
18
19
20
21
22
23
24
25
26
27
28
29
30
31
32
33
34
35
36
37
38
39
40
41
42
43
44
45
46
47
48
49
50
51
52
53
54
55
56
57
58
59
60
61
62
63
64
65
66
67
68
69
70
71
72
73
74
75
76
77
78
79
80
81
82
83
84
85
86
87
88
89
90
91
92
93
94
95
96
97
98
99
100
101
102
103
104
105
106
107
108
109
110
111
112
113
114
115
116
117
118
119
120
121
122
123
124
125
126
127
128
129
130
131
132
133
134
135
136
137
138
139
140
141
142
143
144
145
146
147
148
149
150
151
152
153
154
155
156
157
158
159
160
161
162
163
164
165
166
167
168
169
170
171
172
173
174
175
176
177
178
179
180
181
182
183
184
185
186
187
188
189
190
191
192
193
194
195
196
197
198
199
200
201
202
203
204
205
206
207
208
209
210
211
212
213
214
215
216
217
218
219
220
221
222
223
224
225
226
227
228
229
230
231
232
233
234
235
236
237
238
239
240
241
242
243
244
245
246
247
248
249
250
251
252
253
254
255
256
257
258
259
260
261
262
263
264
265
266
267
268
269
270
271
272
273
274
275
276
277
278
279
280
281
282
283
284
285
286
287
288
289
290
291
292
293
294
295
296
297
298
299
300
301
302
303
304
305
306
307
308
309
310
311
312
313
314
315
316
317
318
319
320
321
322
323
324
325
326
327
328
329
330
331
332
333
334
335
336
337
338
339
340
341
342
343
344
345
346
347
348
349
350
351
352
353
354
355
356
357
358
359
360
361
362
363
364
365
366
367
368
369
370
371
372
373
374
375
376
377
Assigned Classwise weights to source
S real T sketch Train Ep: 3000 lr0.008213769018249545 	 Loss Classification: 0.722347 Loss T 0.191864 Method MME


Labeled Target set: Average loss: 2.6207, Accuracy: 477/1080 F1 (44.1667%)


Test set: Average loss: 2.5797, Accuracy: 11278/23808 F1 (47.3706%)


Val set: Average loss: 2.2912, Accuracy: 189/360 F1 (52.5000%)

best acc test 53.834845  acc val 52.500000 acc labeled target 44.166667
saving model...
S real T sketch Train Ep: 3100 lr0.008166698608209509 	 Loss Classification: 0.340033 Loss T 0.215300 Method MME

S real T sketch Train Ep: 3200 lr0.008120252831274708 	 Loss Classification: 0.259263 Loss T 0.195790 Method MME

S real T sketch Train Ep: 3300 lr0.008074418759891278 	 Loss Classification: 0.389484 Loss T 0.203761 Method MME

S real T sketch Train Ep: 3400 lr0.008029183828623731 	 Loss Classification: 0.473926 Loss T 0.173665 Method MME

S real T sketch Train Ep: 3500 lr0.007984535821401871 	 Loss Classification: 0.290903 Loss T 0.197449 Method MME


Labeled Target set: Average loss: 2.2994, Accuracy: 541/1080 F1 (50.0926%)


Test set: Average loss: 2.1448, Accuracy: 13069/23808 F1 (54.8933%)


Val set: Average loss: 2.0329, Accuracy: 210/360 F1 (58.3333%)

best acc test 53.834845  acc val 58.333333 acc labeled target 50.092593
saving model...
S real T sketch Train Ep: 3600 lr0.007940462859307384 	 Loss Classification: 0.428056 Loss T 0.198247 Method MME

S real T sketch Train Ep: 3700 lr0.007896953388873518 	 Loss Classification: 0.683970 Loss T 0.195843 Method MME

S real T sketch Train Ep: 3800 lr0.007853996170872714 	 Loss Classification: 0.317017 Loss T 0.191469 Method MME

S real T sketch Train Ep: 3900 lr0.00781158026956848 	 Loss Classification: 0.176698 Loss T 0.169036 Method MME

Per Class Accuracy Calculated According to the Labelled Target examples is:  [1.         1.         0.5        0.33333334 0.22222222 0.
 0.33333334 0.8888889  0.22222222 0.11111111 0.8888889  0.8888889
 0.         0.6666667  0.6666667  0.5555556  0.6666667  1.
 0.44444445 0.         0.5555556  0.8888889  0.22222222 0.6666667
 0.6666667  0.33333334 0.         1.         0.5555556  0.22222222
 0.44444445 0.         0.22222222 0.33333334 0.5        0.22222222
 0.         0.11111111 0.8888889  0.8333333  0.5        0.6666667
 0.16666667 0.33333334 0.11111111 0.5555556  1.         0.6666667
 0.33333334 1.         0.         0.33333334 1.         0.
 0.44444445 0.22222222 0.7777778  0.44444445 0.5555556  0.8888889
 1.         0.33333334 1.         0.33333334 0.5555556  0.6666667
 0.44444445 0.6666667  0.44444445 0.8333333  0.         0.5555556
 0.33333334 0.7777778  1.         0.44444445 0.44444445 0.33333334
 0.8333333  0.44444445 0.         0.5555556  0.22222222 1.
 0.6666667  0.33333334 1.         1.         0.         0.6666667
 0.22222222 1.         0.6666667  0.7777778  0.8888889  0.44444445
 0.5555556  1.         0.         0.11111111 0.8888889  0.33333334
 0.6666667  0.5555556  0.33333334 0.         0.33333334 0.8333333
 0.11111111 0.5555556  0.33333334 0.5555556  0.44444445 0.6666667
 0.11111111 0.6666667  0.33333334 0.6666667  0.33333334 0.33333334
 0.6666667  1.         0.8888889  0.         0.11111111 0.8888889 ]
Top k classes which perform poorly are:  [12, 80, 19, 31, 88, 98, 26, 53, 70, 36, 105, 5, 50, 123, 9, 99, 37, 114, 108, 124, 44, 42, 32, 29, 35, 55, 22, 82, 90, 4, 8, 116, 48, 119, 106, 51, 118, 72, 101, 85, 61, 63, 104, 77, 110, 3, 43, 6, 25, 33, 79, 76, 75, 68, 66, 30, 112, 18, 95, 54, 57, 2, 40, 34, 20, 111, 96, 103, 71, 58, 15, 64, 81, 28, 109, 45, 89, 16, 14, 84, 13, 92, 113, 24, 102, 23, 120, 47, 67, 65, 117, 41, 115, 56, 73, 93, 39, 107, 69, 78, 7, 21, 100, 11, 94, 122, 59, 38, 10, 125, 121, 0, 91, 87, 86, 83, 74, 60, 52, 49, 46, 27, 17, 1, 97, 62]
0
1
2
3
4
5
6
7
8
9
10
11
12
13
14
15
16
17
18
19
20
21
22
23
24
25
26
27
28
29
30
31
32
33
34
35
36
37
38
39
40
41
42
43
44
45
46
47
48
49
50
51
52
53
54
55
56
57
58
59
60
61
62
63
64
65
66
67
68
69
70
71
72
73
74
75
76
77
78
79
80
81
82
83
84
85
86
87
88
89
90
91
92
93
94
95
96
97
98
99
100
101
102
103
104
105
106
107
108
109
110
111
112
113
114
115
116
117
118
119
120
121
122
123
124
125
126
127
128
129
130
131
132
133
134
135
136
137
138
139
140
141
142
143
144
145
146
147
148
149
150
151
152
153
154
155
156
157
158
159
160
161
162
163
164
165
166
167
168
169
170
171
172
173
174
175
176
177
178
179
180
181
182
183
184
185
186
187
188
189
190
191
192
193
194
195
196
197
198
199
200
201
202
203
204
205
206
207
208
209
210
211
212
213
214
215
216
217
218
219
220
221
222
223
224
225
226
227
228
229
230
231
232
233
234
235
236
237
238
239
240
241
242
243
244
245
246
247
248
249
250
251
252
253
254
255
256
257
258
259
260
261
262
263
264
265
266
267
268
269
270
271
272
273
274
275
276
277
278
279
280
281
282
283
284
285
286
287
288
289
290
291
292
293
294
295
296
297
298
299
300
301
302
303
304
305
306
307
308
309
310
311
312
313
314
315
316
317
318
319
320
321
322
323
324
325
326
327
328
329
330
331
332
333
334
335
336
337
338
339
340
341
342
343
344
345
346
347
348
349
350
351
352
353
354
355
356
357
358
359
360
361
362
363
364
365
366
367
368
369
370
371
372
373
374
375
376
377
0
1
2
3
4
5
6
7
8
9
10
11
12
13
14
15
16
17
18
19
20
21
22
23
24
25
26
27
28
29
30
31
32
33
34
35
36
37
38
39
40
41
42
43
44
45
46
47
48
49
50
51
52
53
54
55
56
57
58
59
60
61
62
63
64
65
66
67
68
69
70
71
72
73
74
75
76
77
78
79
80
81
82
83
84
85
86
87
88
89
90
91
92
93
94
95
96
97
98
99
100
101
102
103
104
105
106
107
108
109
110
111
112
113
114
115
116
117
118
119
120
121
122
123
124
125
126
127
128
129
130
131
132
133
134
135
136
137
138
139
140
141
142
143
144
145
146
147
148
149
150
151
152
153
154
155
156
157
158
159
160
161
162
163
164
165
166
167
168
169
170
171
172
173
174
175
176
177
178
179
180
181
182
183
184
185
186
187
188
189
190
191
192
193
194
195
196
197
198
199
200
201
202
203
204
205
206
207
208
209
210
211
212
213
214
215
216
217
218
219
220
221
222
223
224
225
226
227
228
229
230
231
232
233
234
235
236
237
238
239
240
241
242
243
244
245
246
247
248
249
250
251
252
253
254
255
256
257
258
259
260
261
262
263
264
265
266
267
268
269
270
271
272
273
274
275
276
277
278
279
280
281
282
283
284
285
286
287
288
289
290
291
292
293
294
295
296
297
298
299
300
301
302
303
304
305
306
307
308
309
310
311
312
313
314
315
316
317
318
319
320
321
322
323
324
325
326
327
328
329
330
331
332
333
334
335
336
337
338
339
340
341
342
343
344
345
346
347
348
349
350
351
352
353
354
355
356
357
358
359
360
361
362
363
364
365
366
367
368
369
370
371
372
373
374
375
376
377
Assigned Classwise weights to source
S real T sketch Train Ep: 4000 lr0.007769695042409123 	 Loss Classification: 0.311283 Loss T 0.184489 Method MME


Labeled Target set: Average loss: 2.4242, Accuracy: 528/1080 F1 (48.8889%)


Test set: Average loss: 2.4075, Accuracy: 12235/23808 F1 (51.3903%)


Val set: Average loss: 2.1295, Accuracy: 193/360 F1 (53.6111%)

best acc test 53.834845  acc val 53.611111 acc labeled target 48.888889
saving model...
S real T sketch Train Ep: 4100 lr0.007728330130142108 	 Loss Classification: 0.325323 Loss T 0.181448 Method MME

S real T sketch Train Ep: 4200 lr0.007687475447329114 	 Loss Classification: 0.800783 Loss T 0.197191 Method MME

S real T sketch Train Ep: 4300 lr0.0076471211732427845 	 Loss Classification: 0.219575 Loss T 0.172767 Method MME

S real T sketch Train Ep: 4400 lr0.007607257743127307 	 Loss Classification: 0.179358 Loss T 0.191875 Method MME

S real T sketch Train Ep: 4500 lr0.007567875839805858 	 Loss Classification: 0.349145 Loss T 0.188755 Method MME


Labeled Target set: Average loss: 1.9270, Accuracy: 605/1080 F1 (56.0185%)


Test set: Average loss: 2.0580, Accuracy: 13331/23808 F1 (55.9938%)


Val set: Average loss: 1.8315, Accuracy: 209/360 F1 (58.0556%)

best acc test 53.834845  acc val 58.055556 acc labeled target 56.018519
saving model...
S real T sketch Train Ep: 4600 lr0.007528966385618854 	 Loss Classification: 1.080716 Loss T 0.193234 Method MME

S real T sketch Train Ep: 4700 lr0.007490520534677821 	 Loss Classification: 0.387915 Loss T 0.195879 Method MME

S real T sketch Train Ep: 4800 lr0.007452529665420465 	 Loss Classification: 0.524010 Loss T 0.176775 Method MME

S real T sketch Train Ep: 4900 lr0.007414985373453289 	 Loss Classification: 0.521683 Loss T 0.196121 Method MME

Per Class Accuracy Calculated According to the Labelled Target examples is:  [1.         0.6666667  0.6666667  0.5        0.5        0.33333334
 0.5555556  0.7777778  0.7777778  0.         0.8888889  0.8888889
 0.         0.22222222 0.5555556  0.33333334 0.8888889  0.8888889
 0.6666667  0.5555556  0.6666667  1.         0.5555556  0.5555556
 0.8888889  0.33333334 0.         1.         0.6666667  0.33333334
 0.5555556  0.         0.         0.7777778  0.7777778  1.
 0.6666667  0.         0.8888889  0.8888889  0.22222222 0.7777778
 0.44444445 0.22222222 0.5555556  0.6666667  1.         1.
 0.5555556  1.         0.33333334 0.33333334 1.         0.22222222
 0.44444445 0.44444445 0.5555556  0.44444445 0.6666667  0.8888889
 0.8888889  0.         1.         0.22222222 1.         0.6666667
 0.6666667  0.33333334 0.5555556  0.7777778  0.22222222 0.44444445
 0.5555556  0.5        1.         0.33333334 0.33333334 1.
 0.8888889  0.         0.         1.         0.22222222 0.6666667
 0.5555556  0.33333334 0.8888889  0.6666667  0.         0.6666667
 0.11111111 1.         0.6666667  0.8333333  0.7777778  0.6666667
 0.33333334 1.         0.         0.11111111 0.8888889  0.33333334
 0.6666667  0.5555556  0.5555556  0.         0.33333334 0.6666667
 0.         0.6666667  0.33333334 0.8333333  0.6666667  0.8888889
 0.22222222 1.         0.         0.6666667  0.22222222 0.33333334
 0.6666667  0.7777778  0.44444445 0.         0.11111111 0.8888889 ]
Top k classes which perform poorly are:  [61, 108, 31, 105, 26, 32, 79, 98, 80, 9, 123, 88, 12, 37, 116, 90, 99, 124, 43, 70, 53, 63, 82, 13, 40, 118, 114, 51, 50, 110, 75, 67, 25, 76, 15, 85, 96, 5, 101, 106, 29, 119, 71, 57, 54, 55, 122, 42, 4, 3, 73, 23, 103, 104, 6, 14, 56, 84, 22, 72, 48, 68, 44, 30, 19, 20, 112, 92, 102, 83, 87, 89, 45, 18, 120, 109, 66, 65, 28, 2, 1, 58, 117, 95, 36, 107, 94, 41, 69, 121, 34, 33, 7, 8, 111, 93, 100, 78, 11, 86, 16, 113, 17, 24, 60, 59, 38, 39, 10, 125, 115, 0, 91, 81, 77, 74, 64, 52, 49, 47, 46, 35, 27, 21, 97, 62]
0
1
2
3
4
5
6
7
8
9
10
11
12
13
14
15
16
17
18
19
20
21
22
23
24
25
26
27
28
29
30
31
32
33
34
35
36
37
38
39
40
41
42
43
44
45
46
47
48
49
50
51
52
53
54
55
56
57
58
59
60
61
62
63
64
65
66
67
68
69
70
71
72
73
74
75
76
77
78
79
80
81
82
83
84
85
86
87
88
89
90
91
92
93
94
95
96
97
98
99
100
101
102
103
104
105
106
107
108
109
110
111
112
113
114
115
116
117
118
119
120
121
122
123
124
125
126
127
128
129
130
131
132
133
134
135
136
137
138
139
140
141
142
143
144
145
146
147
148
149
150
151
152
153
154
155
156
157
158
159
160
161
162
163
164
165
166
167
168
169
170
171
172
173
174
175
176
177
178
179
180
181
182
183
184
185
186
187
188
189
190
191
192
193
194
195
196
197
198
199
200
201
202
203
204
205
206
207
208
209
210
211
212
213
214
215
216
217
218
219
220
221
222
223
224
225
226
227
228
229
230
231
232
233
234
235
236
237
238
239
240
241
242
243
244
245
246
247
248
249
250
251
252
253
254
255
256
257
258
259
260
261
262
263
264
265
266
267
268
269
270
271
272
273
274
275
276
277
278
279
280
281
282
283
284
285
286
287
288
289
290
291
292
293
294
295
296
297
298
299
300
301
302
303
304
305
306
307
308
309
310
311
312
313
314
315
316
317
318
319
320
321
322
323
324
325
326
327
328
329
330
331
332
333
334
335
336
337
338
339
340
341
342
343
344
345
346
347
348
349
350
351
352
353
354
355
356
357
358
359
360
361
362
363
364
365
366
367
368
369
370
371
372
373
374
375
376
377
0
1
2
3
4
5
6
7
8
9
10
11
12
13
14
15
16
17
18
19
20
21
22
23
24
25
26
27
28
29
30
31
32
33
34
35
36
37
38
39
40
41
42
43
44
45
46
47
48
49
50
51
52
53
54
55
56
57
58
59
60
61
62
63
64
65
66
67
68
69
70
71
72
73
74
75
76
77
78
79
80
81
82
83
84
85
86
87
88
89
90
91
92
93
94
95
96
97
98
99
100
101
102
103
104
105
106
107
108
109
110
111
112
113
114
115
116
117
118
119
120
121
122
123
124
125
126
127
128
129
130
131
132
133
134
135
136
137
138
139
140
141
142
143
144
145
146
147
148
149
150
151
152
153
154
155
156
157
158
159
160
161
162
163
164
165
166
167
168
169
170
171
172
173
174
175
176
177
178
179
180
181
182
183
184
185
186
187
188
189
190
191
192
193
194
195
196
197
198
199
200
201
202
203
204
205
206
207
208
209
210
211
212
213
214
215
216
217
218
219
220
221
222
223
224
225
226
227
228
229
230
231
232
233
234
235
236
237
238
239
240
241
242
243
244
245
246
247
248
249
250
251
252
253
254
255
256
257
258
259
260
261
262
263
264
265
266
267
268
269
270
271
272
273
274
275
276
277
278
279
280
281
282
283
284
285
286
287
288
289
290
291
292
293
294
295
296
297
298
299
300
301
302
303
304
305
306
307
308
309
310
311
312
313
314
315
316
317
318
319
320
321
322
323
324
325
326
327
328
329
330
331
332
333
334
335
336
337
338
339
340
341
342
343
344
345
346
347
348
349
350
351
352
353
354
355
356
357
358
359
360
361
362
363
364
365
366
367
368
369
370
371
372
373
374
375
376
377
Assigned Classwise weights to source
S real T sketch Train Ep: 5000 lr0.007377879464668811 	 Loss Classification: 0.346055 Loss T 0.207317 Method MME


Labeled Target set: Average loss: 2.3656, Accuracy: 532/1080 F1 (49.2593%)


Test set: Average loss: 2.3240, Accuracy: 12584/23808 F1 (52.8562%)


Val set: Average loss: 2.1760, Accuracy: 194/360 F1 (53.8889%)

best acc test 53.834845  acc val 53.888889 acc labeled target 49.259259
saving model...
S real T sketch Train Ep: 5100 lr0.007341203948625087 	 Loss Classification: 0.449106 Loss T 0.153612 Method MME

S real T sketch Train Ep: 5200 lr0.007304951032175895 	 Loss Classification: 0.692000 Loss T 0.223021 Method MME

S real T sketch Train Ep: 5300 lr0.007269113113340497 	 Loss Classification: 0.385482 Loss T 0.203153 Method MME

S real T sketch Train Ep: 5400 lr0.007233682775402483 	 Loss Classification: 0.358595 Loss T 0.164188 Method MME

S real T sketch Train Ep: 5500 lr0.007198652781227704 	 Loss Classification: 0.171924 Loss T 0.195237 Method MME


Labeled Target set: Average loss: 1.9287, Accuracy: 618/1080 F1 (57.2222%)


Test set: Average loss: 1.9489, Accuracy: 14018/23808 F1 (58.8794%)


Val set: Average loss: 1.7144, Accuracy: 229/360 F1 (63.6111%)

best acc test 58.879368  acc val 63.611111 acc labeled target 57.222222
saving model...
S real T sketch Train Ep: 5600 lr0.007164016067791809 	 Loss Classification: 0.422670 Loss T 0.173827 Method MME

S real T sketch Train Ep: 5700 lr0.0071297657409083726 	 Loss Classification: 0.470828 Loss T 0.197163 Method MME

S real T sketch Train Ep: 5800 lr0.0070958950701490225 	 Loss Classification: 0.124728 Loss T 0.179220 Method MME

S real T sketch Train Ep: 5900 lr0.007062397483947426 	 Loss Classification: 0.283931 Loss T 0.174200 Method MME

Per Class Accuracy Calculated According to the Labelled Target examples is:  [1.         1.         0.33333334 0.44444445 1.         0.22222222
 0.5555556  1.         0.11111111 0.         0.5555556  1.
 0.33333334 0.11111111 0.6666667  0.6666667  0.8888889  1.
 0.7777778  0.6666667  0.6666667  0.7777778  0.33333334 0.6666667
 0.7777778  0.22222222 0.         0.8888889  0.6666667  0.44444445
 0.44444445 0.         0.8888889  0.7777778  0.8888889  0.6666667
 0.         0.         0.6666667  0.44444445 0.22222222 0.8888889
 0.8888889  0.33333334 0.6666667  0.6666667  1.         0.8888889
 0.44444445 1.         0.33333334 0.33333334 1.         0.33333334
 1.         0.         0.7777778  0.7777778  0.33333334 0.33333334
 0.8888889  0.33333334 1.         0.22222222 0.6666667  0.44444445
 0.11111111 0.6666667  0.6666667  1.         0.11111111 0.44444445
 0.5555556  0.8333333  1.         0.5555556  1.         0.8888889
 1.         0.7777778  0.         1.         0.33333334 0.5555556
 0.44444445 0.7777778  1.         0.6666667  0.         1.
 0.5555556  1.         0.5        1.         1.         0.44444445
 0.44444445 0.8888889  0.16666667 0.         0.8888889  0.33333334
 0.5555556  0.33333334 0.6666667  0.         0.33333334 0.44444445
 0.         0.6666667  0.33333334 1.         0.5555556  0.6666667
 0.7777778  1.         0.         0.6666667  0.22222222 0.33333334
 0.6666667  0.7777778  0.6666667  0.         0.         1.        ]
Top k classes which perform poorly are:  [116, 37, 36, 31, 88, 26, 108, 105, 55, 99, 80, 9, 123, 124, 66, 8, 70, 13, 98, 5, 40, 25, 118, 63, 43, 110, 12, 2, 82, 119, 51, 61, 59, 103, 22, 53, 106, 101, 58, 50, 71, 48, 65, 39, 3, 96, 95, 29, 30, 107, 84, 92, 72, 90, 112, 83, 10, 6, 102, 75, 87, 68, 67, 113, 109, 104, 19, 38, 20, 14, 120, 64, 44, 35, 45, 117, 122, 23, 28, 15, 18, 24, 33, 21, 85, 121, 114, 56, 57, 79, 73, 100, 16, 97, 60, 32, 34, 41, 77, 42, 47, 27, 111, 115, 0, 62, 93, 1, 4, 7, 11, 17, 46, 49, 52, 54, 69, 74, 76, 78, 81, 86, 89, 91, 94, 125]
0
1
2
3
4
5
6
7
8
9
10
11
12
13
14
15
16
17
18
19
20
21
22
23
24
25
26
27
28
29
30
31
32
33
34
35
36
37
38
39
40
41
42
43
44
45
46
47
48
49
50
51
52
53
54
55
56
57
58
59
60
61
62
63
64
65
66
67
68
69
70
71
72
73
74
75
76
77
78
79
80
81
82
83
84
85
86
87
88
89
90
91
92
93
94
95
96
97
98
99
100
101
102
103
104
105
106
107
108
109
110
111
112
113
114
115
116
117
118
119
120
121
122
123
124
125
126
127
128
129
130
131
132
133
134
135
136
137
138
139
140
141
142
143
144
145
146
147
148
149
150
151
152
153
154
155
156
157
158
159
160
161
162
163
164
165
166
167
168
169
170
171
172
173
174
175
176
177
178
179
180
181
182
183
184
185
186
187
188
189
190
191
192
193
194
195
196
197
198
199
200
201
202
203
204
205
206
207
208
209
210
211
212
213
214
215
216
217
218
219
220
221
222
223
224
225
226
227
228
229
230
231
232
233
234
235
236
237
238
239
240
241
242
243
244
245
246
247
248
249
250
251
252
253
254
255
256
257
258
259
260
261
262
263
264
265
266
267
268
269
270
271
272
273
274
275
276
277
278
279
280
281
282
283
284
285
286
287
288
289
290
291
292
293
294
295
296
297
298
299
300
301
302
303
304
305
306
307
308
309
310
311
312
313
314
315
316
317
318
319
320
321
322
323
324
325
326
327
328
329
330
331
332
333
334
335
336
337
338
339
340
341
342
343
344
345
346
347
348
349
350
351
352
353
354
355
356
357
358
359
360
361
362
363
364
365
366
367
368
369
370
371
372
373
374
375
376
377
0
1
2
3
4
5
6
7
8
9
10
11
12
13
14
15
16
17
18
19
20
21
22
23
24
25
26
27
28
29
30
31
32
33
34
35
36
37
38
39
40
41
42
43
44
45
46
47
48
49
50
51
52
53
54
55
56
57
58
59
60
61
62
63
64
65
66
67
68
69
70
71
72
73
74
75
76
77
78
79
80
81
82
83
84
85
86
87
88
89
90
91
92
93
94
95
96
97
98
99
100
101
102
103
104
105
106
107
108
109
110
111
112
113
114
115
116
117
118
119
120
121
122
123
124
125
126
127
128
129
130
131
132
133
134
135
136
137
138
139
140
141
142
143
144
145
146
147
148
149
150
151
152
153
154
155
156
157
158
159
160
161
162
163
164
165
166
167
168
169
170
171
172
173
174
175
176
177
178
179
180
181
182
183
184
185
186
187
188
189
190
191
192
193
194
195
196
197
198
199
200
201
202
203
204
205
206
207
208
209
210
211
212
213
214
215
216
217
218
219
220
221
222
223
224
225
226
227
228
229
230
231
232
233
234
235
236
237
238
239
240
241
242
243
244
245
246
247
248
249
250
251
252
253
254
255
256
257
258
259
260
261
262
263
264
265
266
267
268
269
270
271
272
273
274
275
276
277
278
279
280
281
282
283
284
285
286
287
288
289
290
291
292
293
294
295
296
297
298
299
300
301
302
303
304
305
306
307
308
309
310
311
312
313
314
315
316
317
318
319
320
321
322
323
324
325
326
327
328
329
330
331
332
333
334
335
336
337
338
339
340
341
342
343
344
345
346
347
348
349
350
351
352
353
354
355
356
357
358
359
360
361
362
363
364
365
366
367
368
369
370
371
372
373
374
375
376
377
Assigned Classwise weights to source
S real T sketch Train Ep: 6000 lr0.007029266564879363 	 Loss Classification: 0.229639 Loss T 0.212676 Method MME


Labeled Target set: Average loss: 2.4954, Accuracy: 529/1080 F1 (48.9815%)


Test set: Average loss: 2.4125, Accuracy: 12612/23808 F1 (52.9738%)


Val set: Average loss: 2.2175, Accuracy: 186/360 F1 (51.6667%)

best acc test 58.879368  acc val 51.666667 acc labeled target 48.981481
saving model...
S real T sketch Train Ep: 6100 lr0.006996496045111504 	 Loss Classification: 0.297163 Loss T 0.192913 Method MME

S real T sketch Train Ep: 6200 lr0.00696407980201184 	 Loss Classification: 0.188608 Loss T 0.175187 Method MME

S real T sketch Train Ep: 6300 lr0.006932011853915101 	 Loss Classification: 0.512783 Loss T 0.184781 Method MME

S real T sketch Train Ep: 6400 lr0.006900286356036734 	 Loss Classification: 0.099622 Loss T 0.184297 Method MME

S real T sketch Train Ep: 6500 lr0.006868897596529406 	 Loss Classification: 0.418677 Loss T 0.182785 Method MME


Labeled Target set: Average loss: 1.9019, Accuracy: 629/1080 F1 (58.2407%)


Test set: Average loss: 2.0073, Accuracy: 14019/23808 F1 (58.8836%)


Val set: Average loss: 1.7787, Accuracy: 222/360 F1 (61.6667%)

best acc test 58.879368  acc val 61.666667 acc labeled target 58.240741
saving model...
S real T sketch Train Ep: 6600 lr0.006837839992676177 	 Loss Classification: 0.282800 Loss T 0.208352 Method MME

S real T sketch Train Ep: 6700 lr0.006807108087214876 	 Loss Classification: 0.110452 Loss T 0.190555 Method MME

S real T sketch Train Ep: 6800 lr0.006776696544788352 	 Loss Classification: 0.229757 Loss T 0.185734 Method MME

S real T sketch Train Ep: 6900 lr0.006746600148515609 	 Loss Classification: 0.463962 Loss T 0.217033 Method MME

Per Class Accuracy Calculated According to the Labelled Target examples is:  [0.7777778  1.         0.5555556  0.33333334 0.6666667  0.33333334
 0.5        1.         0.44444445 0.         0.6666667  1.
 0.33333334 0.5555556  0.22222222 0.33333334 0.6666667  1.
 0.8888889  0.11111111 0.6666667  1.         0.33333334 0.8333333
 0.6666667  0.33333334 0.         0.6666667  0.6666667  0.44444445
 0.7777778  0.44444445 1.         0.8888889  1.         0.8333333
 0.11111111 0.         0.5555556  0.6666667  0.6666667  0.6666667
 0.33333334 0.7777778  0.5        0.5555556  1.         0.6666667
 0.44444445 1.         0.         0.33333334 1.         0.22222222
 0.8333333  0.44444445 0.7777778  1.         0.6666667  0.7777778
 1.         0.11111111 0.8888889  0.33333334 1.         0.5
 0.         0.7777778  0.33333334 0.8888889  0.         0.6666667
 1.         0.33333334 1.         0.5555556  0.5555556  1.
 1.         0.5555556  0.         1.         0.5        0.8888889
 0.44444445 0.33333334 0.8888889  0.7777778  0.11111111 0.7777778
 0.11111111 1.         0.7777778  0.8888889  1.         0.5555556
 0.44444445 0.7777778  0.11111111 0.22222222 0.6666667  0.44444445
 0.6666667  0.44444445 0.6666667  0.         0.33333334 0.6666667
 0.         0.6666667  0.6666667  1.         0.33333334 0.5555556
 0.7777778  1.         0.         0.33333334 0.44444445 0.6666667
 0.6666667  0.8888889  0.33333334 0.         0.         0.7777778 ]
Top k classes which perform poorly are:  [108, 70, 66, 124, 105, 50, 37, 26, 116, 80, 123, 9, 98, 88, 36, 19, 61, 90, 99, 53, 14, 5, 112, 68, 42, 85, 12, 51, 25, 63, 22, 117, 3, 15, 106, 122, 73, 48, 55, 101, 103, 31, 84, 29, 96, 8, 118, 6, 44, 65, 82, 76, 38, 79, 13, 113, 95, 75, 2, 45, 71, 10, 58, 120, 16, 119, 20, 24, 27, 28, 100, 110, 39, 41, 107, 47, 4, 104, 102, 109, 40, 0, 92, 97, 114, 89, 87, 125, 30, 43, 67, 56, 59, 23, 35, 54, 83, 121, 18, 33, 86, 62, 69, 93, 57, 1, 7, 81, 11, 17, 78, 21, 91, 115, 32, 60, 111, 34, 94, 74, 46, 72, 52, 64, 77, 49]
0
1
2
3
4
5
6
7
8
9
10
11
12
13
14
15
16
17
18
19
20
21
22
23
24
25
26
27
28
29
30
31
32
33
34
35
36
37
38
39
40
41
42
43
44
45
46
47
48
49
50
51
52
53
54
55
56
57
58
59
60
61
62
63
64
65
66
67
68
69
70
71
72
73
74
75
76
77
78
79
80
81
82
83
84
85
86
87
88
89
90
91
92
93
94
95
96
97
98
99
100
101
102
103
104
105
106
107
108
109
110
111
112
113
114
115
116
117
118
119
120
121
122
123
124
125
126
127
128
129
130
131
132
133
134
135
136
137
138
139
140
141
142
143
144
145
146
147
148
149
150
151
152
153
154
155
156
157
158
159
160
161
162
163
164
165
166
167
168
169
170
171
172
173
174
175
176
177
178
179
180
181
182
183
184
185
186
187
188
189
190
191
192
193
194
195
196
197
198
199
200
201
202
203
204
205
206
207
208
209
210
211
212
213
214
215
216
217
218
219
220
221
222
223
224
225
226
227
228
229
230
231
232
233
234
235
236
237
238
239
240
241
242
243
244
245
246
247
248
249
250
251
252
253
254
255
256
257
258
259
260
261
262
263
264
265
266
267
268
269
270
271
272
273
274
275
276
277
278
279
280
281
282
283
284
285
286
287
288
289
290
291
292
293
294
295
296
297
298
299
300
301
302
303
304
305
306
307
308
309
310
311
312
313
314
315
316
317
318
319
320
321
322
323
324
325
326
327
328
329
330
331
332
333
334
335
336
337
338
339
340
341
342
343
344
345
346
347
348
349
350
351
352
353
354
355
356
357
358
359
360
361
362
363
364
365
366
367
368
369
370
371
372
373
374
375
376
377
0
1
2
3
4
5
6
7
8
9
10
11
12
13
14
15
16
17
18
19
20
21
22
23
24
25
26
27
28
29
30
31
32
33
34
35
36
37
38
39
40
41
42
43
44
45
46
47
48
49
50
51
52
53
54
55
56
57
58
59
60
61
62
63
64
65
66
67
68
69
70
71
72
73
74
75
76
77
78
79
80
81
82
83
84
85
86
87
88
89
90
91
92
93
94
95
96
97
98
99
100
101
102
103
104
105
106
107
108
109
110
111
112
113
114
115
116
117
118
119
120
121
122
123
124
125
126
127
128
129
130
131
132
133
134
135
136
137
138
139
140
141
142
143
144
145
146
147
148
149
150
151
152
153
154
155
156
157
158
159
160
161
162
163
164
165
166
167
168
169
170
171
172
173
174
175
176
177
178
179
180
181
182
183
184
185
186
187
188
189
190
191
192
193
194
195
196
197
198
199
200
201
202
203
204
205
206
207
208
209
210
211
212
213
214
215
216
217
218
219
220
221
222
223
224
225
226
227
228
229
230
231
232
233
234
235
236
237
238
239
240
241
242
243
244
245
246
247
248
249
250
251
252
253
254
255
256
257
258
259
260
261
262
263
264
265
266
267
268
269
270
271
272
273
274
275
276
277
278
279
280
281
282
283
284
285
286
287
288
289
290
291
292
293
294
295
296
297
298
299
300
301
302
303
304
305
306
307
308
309
310
311
312
313
314
315
316
317
318
319
320
321
322
323
324
325
326
327
328
329
330
331
332
333
334
335
336
337
338
339
340
341
342
343
344
345
346
347
348
349
350
351
352
353
354
355
356
357
358
359
360
361
362
363
364
365
366
367
368
369
370
371
372
373
374
375
376
377
Assigned Classwise weights to source
S real T sketch Train Ep: 7000 lr0.006716813796678979 	 Loss Classification: 0.116658 Loss T 0.167473 Method MME


Labeled Target set: Average loss: 2.1614, Accuracy: 597/1080 F1 (55.2778%)


Test set: Average loss: 2.2887, Accuracy: 13208/23808 F1 (55.4771%)


Val set: Average loss: 2.0723, Accuracy: 202/360 F1 (56.1111%)

best acc test 58.879368  acc val 56.111111 acc labeled target 55.277778
saving model...
S real T sketch Train Ep: 7100 lr0.006687332499522798 	 Loss Classification: 0.488868 Loss T 0.189290 Method MME

S real T sketch Train Ep: 7200 lr0.006658151376159165 	 Loss Classification: 0.073546 Loss T 0.150345 Method MME

S real T sketch Train Ep: 7300 lr0.00662926565157663 	 Loss Classification: 0.098291 Loss T 0.167038 Method MME

S real T sketch Train Ep: 7400 lr0.006600670653747793 	 Loss Classification: 0.404914 Loss T 0.170671 Method MME

S real T sketch Train Ep: 7500 lr0.0065723618108320175 	 Loss Classification: 0.026375 Loss T 0.140631 Method MME


Labeled Target set: Average loss: 0.2399, Accuracy: 1039/1080 F1 (96.2037%)


Test set: Average loss: 1.8103, Accuracy: 14832/23808 F1 (62.2984%)


Val set: Average loss: 1.5066, Accuracy: 222/360 F1 (61.6667%)

best acc test 58.879368  acc val 61.666667 acc labeled target 96.203704
saving model...
S real T sketch Train Ep: 7600 lr0.006544334648469591 	 Loss Classification: 0.429672 Loss T 0.156625 Method MME

S real T sketch Train Ep: 7700 lr0.006516584787163857 	 Loss Classification: 0.302473 Loss T 0.155125 Method MME

S real T sketch Train Ep: 7800 lr0.006489107939747966 	 Loss Classification: 0.396803 Loss T 0.130870 Method MME

S real T sketch Train Ep: 7900 lr0.0064618999089330565 	 Loss Classification: 0.190425 Loss T 0.173939 Method MME

Per Class Accuracy Calculated According to the Labelled Target examples is:  [1.        1.        1.        1.        0.8888889 1.        1.
 1.        1.        0.8888889 1.        1.        1.        0.7777778
 1.        1.        1.        1.        1.        1.        1.
 1.        1.        0.8888889 1.        1.        1.        1.
 1.        1.        0.8888889 1.        1.        0.8888889 0.8888889
 0.7777778 1.        1.        1.        1.        1.        1.
 1.        1.        1.        0.6666667 1.        1.        1.
 1.        0.8888889 1.        1.        1.        1.        1.
 0.8888889 0.8888889 1.        1.        1.        1.        1.
 1.        1.        1.        1.        1.        1.        1.
 1.        1.        1.        1.        1.        0.7777778 0.8888889
 1.        1.        1.        0.8888889 1.        1.        0.8888889
 1.        0.8888889 1.        0.8333333 0.8888889 1.        0.8888889
 1.        1.        1.        1.        0.7777778 1.        1.
 0.8888889 0.7777778 0.8333333 1.        0.8888889 1.        1.
 0.8888889 0.8888889 1.        1.        1.        1.        1.
 0.8888889 1.        1.        1.        1.        1.        0.7777778
 1.        1.        0.8888889 0.6666667 1.        0.8888889 1.       ]
Top k classes which perform poorly are:  [45, 122, 95, 35, 118, 75, 99, 13, 87, 100, 34, 23, 102, 83, 98, 105, 50, 33, 85, 30, 88, 106, 9, 121, 4, 80, 124, 76, 90, 57, 56, 112, 77, 78, 82, 74, 84, 73, 72, 81, 86, 71, 79, 0, 91, 123, 120, 119, 117, 116, 115, 114, 113, 111, 110, 89, 109, 107, 104, 103, 101, 97, 70, 96, 94, 93, 92, 108, 69, 62, 67, 28, 27, 26, 25, 24, 22, 21, 20, 19, 18, 17, 29, 16, 14, 12, 11, 10, 8, 7, 6, 5, 3, 2, 1, 15, 31, 32, 36, 66, 65, 64, 63, 61, 60, 59, 58, 55, 54, 53, 52, 51, 49, 48, 47, 46, 44, 43, 42, 41, 40, 39, 38, 37, 68, 125]
0
1
2
3
4
5
6
7
8
9
10
11
12
13
14
15
16
17
18
19
20
21
22
23
24
25
26
27
28
29
30
31
32
33
34
35
36
37
38
39
40
41
42
43
44
45
46
47
48
49
50
51
52
53
54
55
56
57
58
59
60
61
62
63
64
65
66
67
68
69
70
71
72
73
74
75
76
77
78
79
80
81
82
83
84
85
86
87
88
89
90
91
92
93
94
95
96
97
98
99
100
101
102
103
104
105
106
107
108
109
110
111
112
113
114
115
116
117
118
119
120
121
122
123
124
125
126
127
128
129
130
131
132
133
134
135
136
137
138
139
140
141
142
143
144
145
146
147
148
149
150
151
152
153
154
155
156
157
158
159
160
161
162
163
164
165
166
167
168
169
170
171
172
173
174
175
176
177
178
179
180
181
182
183
184
185
186
187
188
189
190
191
192
193
194
195
196
197
198
199
200
201
202
203
204
205
206
207
208
209
210
211
212
213
214
215
216
217
218
219
220
221
222
223
224
225
226
227
228
229
230
231
232
233
234
235
236
237
238
239
240
241
242
243
244
245
246
247
248
249
250
251
252
253
254
255
256
257
258
259
260
261
262
263
264
265
266
267
268
269
270
271
272
273
274
275
276
277
278
279
280
281
282
283
284
285
286
287
288
289
290
291
292
293
294
295
296
297
298
299
300
301
302
303
304
305
306
307
308
309
310
311
312
313
314
315
316
317
318
319
320
321
322
323
324
325
326
327
328
329
330
331
332
333
334
335
336
337
338
339
340
341
342
343
344
345
346
347
348
349
350
351
352
353
354
355
356
357
358
359
360
361
362
363
364
365
366
367
368
369
370
371
372
373
374
375
376
377
0
1
2
3
4
5
6
7
8
9
10
11
12
13
14
15
16
17
18
19
20
21
22
23
24
25
26
27
28
29
30
31
32
33
34
35
36
37
38
39
40
41
42
43
44
45
46
47
48
49
50
51
52
53
54
55
56
57
58
59
60
61
62
63
64
65
66
67
68
69
70
71
72
73
74
75
76
77
78
79
80
81
82
83
84
85
86
87
88
89
90
91
92
93
94
95
96
97
98
99
100
101
102
103
104
105
106
107
108
109
110
111
112
113
114
115
116
117
118
119
120
121
122
123
124
125
126
127
128
129
130
131
132
133
134
135
136
137
138
139
140
141
142
143
144
145
146
147
148
149
150
151
152
153
154
155
156
157
158
159
160
161
162
163
164
165
166
167
168
169
170
171
172
173
174
175
176
177
178
179
180
181
182
183
184
185
186
187
188
189
190
191
192
193
194
195
196
197
198
199
200
201
202
203
204
205
206
207
208
209
210
211
212
213
214
215
216
217
218
219
220
221
222
223
224
225
226
227
228
229
230
231
232
233
234
235
236
237
238
239
240
241
242
243
244
245
246
247
248
249
250
251
252
253
254
255
256
257
258
259
260
261
262
263
264
265
266
267
268
269
270
271
272
273
274
275
276
277
278
279
280
281
282
283
284
285
286
287
288
289
290
291
292
293
294
295
296
297
298
299
300
301
302
303
304
305
306
307
308
309
310
311
312
313
314
315
316
317
318
319
320
321
322
323
324
325
326
327
328
329
330
331
332
333
334
335
336
337
338
339
340
341
342
343
344
345
346
347
348
349
350
351
352
353
354
355
356
357
358
359
360
361
362
363
364
365
366
367
368
369
370
371
372
373
374
375
376
377
Assigned Classwise weights to source
S real T sketch Train Ep: 8000 lr0.006434956584934828 	 Loss Classification: 0.012635 Loss T 0.137157 Method MME


Labeled Target set: Average loss: 0.3873, Accuracy: 996/1080 F1 (92.2222%)


Test set: Average loss: 2.0499, Accuracy: 14147/23808 F1 (59.4212%)


Val set: Average loss: 1.7766, Accuracy: 225/360 F1 (62.5000%)

best acc test 58.879368  acc val 62.500000 acc labeled target 92.222222
saving model...
S real T sketch Train Ep: 8100 lr0.006408273943175546 	 Loss Classification: 0.269024 Loss T 0.145587 Method MME

S real T sketch Train Ep: 8200 lr0.006381848042058713 	 Loss Classification: 0.350141 Loss T 0.164718 Method MME

S real T sketch Train Ep: 8300 lr0.0063556750208137005 	 Loss Classification: 0.171028 Loss T 0.166840 Method MME

S real T sketch Train Ep: 8400 lr0.006329751097407787 	 Loss Classification: 0.579716 Loss T 0.153264 Method MME

S real T sketch Train Ep: 8500 lr0.0063040725665231365 	 Loss Classification: 0.246166 Loss T 0.152485 Method MME


Labeled Target set: Average loss: 0.2197, Accuracy: 1047/1080 F1 (96.9444%)


Test set: Average loss: 1.8227, Accuracy: 14936/23808 F1 (62.7352%)


Val set: Average loss: 1.5576, Accuracy: 234/360 F1 (65.0000%)

best acc test 62.735215  acc val 65.000000 acc labeled target 96.944444
saving model...
S real T sketch Train Ep: 8600 lr0.006278635797596355 	 Loss Classification: 0.180042 Loss T 0.168233 Method MME

S real T sketch Train Ep: 8700 lr0.006253437232918371 	 Loss Classification: 0.404811 Loss T 0.141397 Method MME

S real T sketch Train Ep: 8800 lr0.0062284733857924735 	 Loss Classification: 0.078085 Loss T 0.140848 Method MME

S real T sketch Train Ep: 8900 lr0.006203740838748417 	 Loss Classification: 0.160055 Loss T 0.128423 Method MME

Per Class Accuracy Calculated According to the Labelled Target examples is:  [1.        1.        1.        1.        0.8888889 1.        1.
 1.        1.        1.        1.        1.        1.        1.
 0.8888889 1.        1.        1.        1.        1.        1.
 1.        1.        1.        1.        0.7777778 0.8888889 1.
 1.        1.        1.        1.        0.8888889 1.        1.
 1.        1.        0.7777778 1.        1.        1.        1.
 0.6666667 1.        1.        1.        1.        0.8888889 1.
 1.        1.        1.        1.        1.        0.8333333 0.8333333
 1.        1.        1.        1.        1.        1.        1.
 1.        1.        1.        0.8888889 1.        0.8888889 1.
 0.8888889 1.        1.        1.        0.8888889 0.6666667 0.8888889
 1.        1.        1.        1.        1.        1.        1.
 1.        1.        1.        1.        0.7777778 1.        1.
 0.8888889 0.8888889 1.        1.        0.8888889 0.8888889 1.
 0.8888889 0.7777778 1.        1.        0.8888889 0.8888889 1.
 1.        1.        1.        1.        1.        1.        1.
 0.6666667 1.        1.        1.        1.        1.        1.
 1.        1.        1.        1.        1.        1.        1.       ]
Top k classes which perform poorly are:  [75, 42, 112, 25, 99, 88, 37, 55, 54, 96, 26, 98, 32, 66, 92, 102, 91, 47, 76, 74, 70, 95, 103, 68, 14, 4, 84, 83, 82, 81, 80, 79, 119, 120, 78, 105, 77, 121, 122, 73, 72, 71, 123, 69, 118, 85, 86, 87, 106, 107, 101, 100, 108, 109, 97, 110, 104, 111, 93, 113, 114, 115, 90, 89, 116, 117, 94, 0, 62, 65, 29, 28, 27, 24, 23, 22, 21, 20, 19, 18, 17, 16, 15, 13, 12, 11, 10, 9, 8, 7, 6, 5, 3, 2, 1, 30, 67, 31, 34, 64, 63, 124, 61, 60, 59, 58, 57, 56, 53, 52, 51, 50, 49, 48, 46, 45, 44, 43, 41, 40, 39, 38, 36, 35, 33, 125]
0
1
2
3
4
5
6
7
8
9
10
11
12
13
14
15
16
17
18
19
20
21
22
23
24
25
26
27
28
29
30
31
32
33
34
35
36
37
38
39
40
41
42
43
44
45
46
47
48
49
50
51
52
53
54
55
56
57
58
59
60
61
62
63
64
65
66
67
68
69
70
71
72
73
74
75
76
77
78
79
80
81
82
83
84
85
86
87
88
89
90
91
92
93
94
95
96
97
98
99
100
101
102
103
104
105
106
107
108
109
110
111
112
113
114
115
116
117
118
119
120
121
122
123
124
125
126
127
128
129
130
131
132
133
134
135
136
137
138
139
140
141
142
143
144
145
146
147
148
149
150
151
152
153
154
155
156
157
158
159
160
161
162
163
164
165
166
167
168
169
170
171
172
173
174
175
176
177
178
179
180
181
182
183
184
185
186
187
188
189
190
191
192
193
194
195
196
197
198
199
200
201
202
203
204
205
206
207
208
209
210
211
212
213
214
215
216
217
218
219
220
221
222
223
224
225
226
227
228
229
230
231
232
233
234
235
236
237
238
239
240
241
242
243
244
245
246
247
248
249
250
251
252
253
254
255
256
257
258
259
260
261
262
263
264
265
266
267
268
269
270
271
272
273
274
275
276
277
278
279
280
281
282
283
284
285
286
287
288
289
290
291
292
293
294
295
296
297
298
299
300
301
302
303
304
305
306
307
308
309
310
311
312
313
314
315
316
317
318
319
320
321
322
323
324
325
326
327
328
329
330
331
332
333
334
335
336
337
338
339
340
341
342
343
344
345
346
347
348
349
350
351
352
353
354
355
356
357
358
359
360
361
362
363
364
365
366
367
368
369
370
371
372
373
374
375
376
377
0
1
2
3
4
5
6
7
8
9
10
11
12
13
14
15
16
17
18
19
20
21
22
23
24
25
26
27
28
29
30
31
32
33
34
35
36
37
38
39
40
41
42
43
44
45
46
47
48
49
50
51
52
53
54
55
56
57
58
59
60
61
62
63
64
65
66
67
68
69
70
71
72
73
74
75
76
77
78
79
80
81
82
83
84
85
86
87
88
89
90
91
92
93
94
95
96
97
98
99
100
101
102
103
104
105
106
107
108
109
110
111
112
113
114
115
116
117
118
119
120
121
122
123
124
125
126
127
128
129
130
131
132
133
134
135
136
137
138
139
140
141
142
143
144
145
146
147
148
149
150
151
152
153
154
155
156
157
158
159
160
161
162
163
164
165
166
167
168
169
170
171
172
173
174
175
176
177
178
179
180
181
182
183
184
185
186
187
188
189
190
191
192
193
194
195
196
197
198
199
200
201
202
203
204
205
206
207
208
209
210
211
212
213
214
215
216
217
218
219
220
221
222
223
224
225
226
227
228
229
230
231
232
233
234
235
236
237
238
239
240
241
242
243
244
245
246
247
248
249
250
251
252
253
254
255
256
257
258
259
260
261
262
263
264
265
266
267
268
269
270
271
272
273
274
275
276
277
278
279
280
281
282
283
284
285
286
287
288
289
290
291
292
293
294
295
296
297
298
299
300
301
302
303
304
305
306
307
308
309
310
311
312
313
314
315
316
317
318
319
320
321
322
323
324
325
326
327
328
329
330
331
332
333
334
335
336
337
338
339
340
341
342
343
344
345
346
347
348
349
350
351
352
353
354
355
356
357
358
359
360
361
362
363
364
365
366
367
368
369
370
371
372
373
374
375
376
377
Assigned Classwise weights to source
S real T sketch Train Ep: 9000 lr0.006179236241810624 	 Loss Classification: 0.020282 Loss T 0.136679 Method MME


Labeled Target set: Average loss: 0.4235, Accuracy: 1003/1080 F1 (92.8704%)


Test set: Average loss: 2.1390, Accuracy: 14055/23808 F1 (59.0348%)


Val set: Average loss: 1.7989, Accuracy: 225/360 F1 (62.5000%)

best acc test 62.735215  acc val 62.500000 acc labeled target 92.870370
saving model...
S real T sketch Train Ep: 9100 lr0.006154956310818535 	 Loss Classification: 0.470409 Loss T 0.153291 Method MME

S real T sketch Train Ep: 9200 lr0.0061308978257973165 	 Loss Classification: 0.241899 Loss T 0.159591 Method MME

S real T sketch Train Ep: 9300 lr0.0061070576293771285 	 Loss Classification: 0.317584 Loss T 0.166677 Method MME

S real T sketch Train Ep: 9400 lr0.006083432625259276 	 Loss Classification: 0.085665 Loss T 0.140191 Method MME

S real T sketch Train Ep: 9500 lr0.006060019776727621 	 Loss Classification: 0.294913 Loss T 0.132732 Method MME


Labeled Target set: Average loss: 0.2170, Accuracy: 1043/1080 F1 (96.5741%)


Test set: Average loss: 1.8204, Accuracy: 15131/23808 F1 (63.5543%)


Val set: Average loss: 1.5166, Accuracy: 240/360 F1 (66.6667%)

best acc test 63.554267  acc val 66.666667 acc labeled target 96.574074
saving model...
S real T sketch Train Ep: 9600 lr0.00603681610520369 	 Loss Classification: 0.102270 Loss T 0.116729 Method MME

S real T sketch Train Ep: 9700 lr0.0060138186888439825 	 Loss Classification: 0.196617 Loss T 0.154473 Method MME

S real T sketch Train Ep: 9800 lr0.005991024661178045 	 Loss Classification: 0.182297 Loss T 0.163675 Method MME

S real T sketch Train Ep: 9900 lr0.0059684312097859115 	 Loss Classification: 0.148582 Loss T 0.156419 Method MME

Per Class Accuracy Calculated According to the Labelled Target examples is:  [0.8888889 1.        1.        0.8888889 1.        0.8888889 1.
 1.        1.        1.        0.8888889 1.        1.        1.
 0.8888889 1.        1.        1.        1.        1.        1.
 1.        1.        1.        1.        0.6666667 0.8888889 1.
 1.        0.8888889 1.        0.5555556 1.        1.        1.
 1.        1.        1.        0.8333333 1.        1.        1.
 1.        1.        1.        0.8888889 1.        1.        1.
 1.        1.        0.6666667 1.        0.8888889 1.        1.
 1.        1.        1.        1.        0.8888889 0.6666667 1.
 0.8888889 1.        1.        1.        0.8888889 1.        1.
 1.        1.        1.        1.        1.        0.8888889 1.
 1.        1.        0.8888889 0.8888889 1.        0.8888889 1.
 1.        1.        1.        1.        1.        1.        1.
 1.        0.8888889 1.        1.        0.8888889 1.        1.
 1.        1.        0.8888889 1.        1.        1.        1.
 1.        0.8333333 0.8888889 1.        0.8888889 0.8888889 1.
 1.        1.        1.        0.8888889 1.        1.        0.8888889
 0.8888889 1.        1.        1.        1.        1.        1.       ]
Top k classes which perform poorly are:  [31, 51, 61, 25, 38, 106, 0, 45, 80, 26, 53, 79, 29, 100, 95, 92, 82, 109, 107, 75, 67, 60, 14, 115, 10, 63, 118, 119, 110, 5, 3, 88, 87, 73, 86, 78, 84, 74, 83, 76, 81, 77, 85, 89, 98, 91, 123, 122, 121, 120, 117, 116, 114, 113, 112, 111, 90, 108, 104, 103, 102, 101, 99, 72, 97, 96, 94, 93, 105, 71, 62, 69, 32, 30, 28, 27, 24, 23, 22, 21, 20, 19, 18, 33, 17, 15, 13, 12, 11, 9, 8, 7, 6, 4, 2, 1, 16, 70, 34, 36, 68, 66, 65, 64, 124, 59, 58, 57, 56, 55, 54, 35, 52, 49, 48, 47, 46, 44, 43, 42, 41, 40, 39, 37, 50, 125]
0
1
2
3
4
5
6
7
8
9
10
11
12
13
14
15
16
17
18
19
20
21
22
23
24
25
26
27
28
29
30
31
32
33
34
35
36
37
38
39
40
41
42
43
44
45
46
47
48
49
50
51
52
53
54
55
56
57
58
59
60
61
62
63
64
65
66
67
68
69
70
71
72
73
74
75
76
77
78
79
80
81
82
83
84
85
86
87
88
89
90
91
92
93
94
95
96
97
98
99
100
101
102
103
104
105
106
107
108
109
110
111
112
113
114
115
116
117
118
119
120
121
122
123
124
125
126
127
128
129
130
131
132
133
134
135
136
137
138
139
140
141
142
143
144
145
146
147
148
149
150
151
152
153
154
155
156
157
158
159
160
161
162
163
164
165
166
167
168
169
170
171
172
173
174
175
176
177
178
179
180
181
182
183
184
185
186
187
188
189
190
191
192
193
194
195
196
197
198
199
200
201
202
203
204
205
206
207
208
209
210
211
212
213
214
215
216
217
218
219
220
221
222
223
224
225
226
227
228
229
230
231
232
233
234
235
236
237
238
239
240
241
242
243
244
245
246
247
248
249
250
251
252
253
254
255
256
257
258
259
260
261
262
263
264
265
266
267
268
269
270
271
272
273
274
275
276
277
278
279
280
281
282
283
284
285
286
287
288
289
290
291
292
293
294
295
296
297
298
299
300
301
302
303
304
305
306
307
308
309
310
311
312
313
314
315
316
317
318
319
320
321
322
323
324
325
326
327
328
329
330
331
332
333
334
335
336
337
338
339
340
341
342
343
344
345
346
347
348
349
350
351
352
353
354
355
356
357
358
359
360
361
362
363
364
365
366
367
368
369
370
371
372
373
374
375
376
377
0
1
2
3
4
5
6
7
8
9
10
11
12
13
14
15
16
17
18
19
20
21
22
23
24
25
26
27
28
29
30
31
32
33
34
35
36
37
38
39
40
41
42
43
44
45
46
47
48
49
50
51
52
53
54
55
56
57
58
59
60
61
62
63
64
65
66
67
68
69
70
71
72
73
74
75
76
77
78
79
80
81
82
83
84
85
86
87
88
89
90
91
92
93
94
95
96
97
98
99
100
101
102
103
104
105
106
107
108
109
110
111
112
113
114
115
116
117
118
119
120
121
122
123
124
125
126
127
128
129
130
131
132
133
134
135
136
137
138
139
140
141
142
143
144
145
146
147
148
149
150
151
152
153
154
155
156
157
158
159
160
161
162
163
164
165
166
167
168
169
170
171
172
173
174
175
176
177
178
179
180
181
182
183
184
185
186
187
188
189
190
191
192
193
194
195
196
197
198
199
200
201
202
203
204
205
206
207
208
209
210
211
212
213
214
215
216
217
218
219
220
221
222
223
224
225
226
227
228
229
230
231
232
233
234
235
236
237
238
239
240
241
242
243
244
245
246
247
248
249
250
251
252
253
254
255
256
257
258
259
260
261
262
263
264
265
266
267
268
269
270
271
272
273
274
275
276
277
278
279
280
281
282
283
284
285
286
287
288
289
290
291
292
293
294
295
296
297
298
299
300
301
302
303
304
305
306
307
308
309
310
311
312
313
314
315
316
317
318
319
320
321
322
323
324
325
326
327
328
329
330
331
332
333
334
335
336
337
338
339
340
341
342
343
344
345
346
347
348
349
350
351
352
353
354
355
356
357
358
359
360
361
362
363
364
365
366
367
368
369
370
371
372
373
374
375
376
377
Assigned Classwise weights to source
S real T sketch Train Ep: 10000 lr0.005946035575013605 	 Loss Classification: 0.014457 Loss T 0.138700 Method MME


Labeled Target set: Average loss: 0.4077, Accuracy: 998/1080 F1 (92.4074%)


Test set: Average loss: 2.1115, Accuracy: 14169/23808 F1 (59.5136%)


Val set: Average loss: 1.7812, Accuracy: 226/360 F1 (62.7778%)

best acc test 63.554267  acc val 62.777778 acc labeled target 92.407407
saving model...
S real T sketch Train Ep: 10100 lr0.005923835048725393 	 Loss Classification: 0.162466 Loss T 0.148227 Method MME

S real T sketch Train Ep: 10200 lr0.005901826973091593 	 Loss Classification: 0.315641 Loss T 0.150228 Method MME

S real T sketch Train Ep: 10300 lr0.005880008739410735 	 Loss Classification: 0.116240 Loss T 0.154080 Method MME

S real T sketch Train Ep: 10400 lr0.005858377786964935 	 Loss Classification: 0.453400 Loss T 0.150454 Method MME

S real T sketch Train Ep: 10500 lr0.005836931601907399 	 Loss Classification: 0.293240 Loss T 0.139343 Method MME


Labeled Target set: Average loss: 0.2177, Accuracy: 1051/1080 F1 (97.3148%)


Test set: Average loss: 1.8436, Accuracy: 15143/23808 F1 (63.6047%)


Val set: Average loss: 1.4729, Accuracy: 245/360 F1 (68.0556%)

best acc test 63.604671  acc val 68.055556 acc labeled target 97.314815
saving model...
S real T sketch Train Ep: 10600 lr0.005815667716181004 	 Loss Classification: 0.195911 Loss T 0.160430 Method MME

S real T sketch Train Ep: 10700 lr0.005794583706466925 	 Loss Classification: 0.268803 Loss T 0.138128 Method MME

S real T sketch Train Ep: 10800 lr0.005773677193162352 	 Loss Classification: 0.193158 Loss T 0.146694 Method MME

S real T sketch Train Ep: 10900 lr0.005752945839386346 	 Loss Classification: 0.138331 Loss T 0.160660 Method MME

Per Class Accuracy Calculated According to the Labelled Target examples is:  [1.        1.        1.        1.        1.        1.        1.
 1.        1.        1.        1.        1.        1.        1.
 1.        1.        1.        1.        0.8888889 1.        1.
 1.        1.        1.        0.8888889 1.        0.8888889 1.
 1.        1.        1.        1.        1.        0.8888889 1.
 1.        0.6666667 0.8888889 1.        1.        1.        1.
 0.8888889 1.        1.        0.8888889 1.        1.        1.
 1.        1.        0.8888889 1.        1.        1.        1.
 0.8888889 1.        0.8888889 1.        1.        0.7777778 1.
 1.        1.        1.        1.        1.        1.        1.
 1.        1.        1.        1.        1.        0.8888889 1.
 1.        1.        1.        0.8888889 1.        1.        1.
 1.        1.        1.        1.        1.        1.        1.
 1.        1.        1.        1.        1.        1.        0.7777778
 0.8888889 1.        1.        1.        0.8888889 1.        1.
 1.        0.8888889 1.        0.7777778 0.8888889 1.        1.
 1.        1.        1.        1.        0.8888889 1.        1.
 1.        1.        0.8888889 1.        1.        0.6666667 1.       ]
Top k classes which perform poorly are:  [36, 124, 61, 97, 108, 80, 98, 24, 102, 51, 42, 106, 18, 109, 56, 26, 33, 58, 45, 75, 116, 121, 37, 85, 87, 88, 86, 84, 0, 82, 81, 79, 78, 77, 76, 74, 73, 72, 71, 83, 89, 94, 91, 123, 122, 120, 119, 118, 117, 115, 114, 113, 112, 111, 90, 110, 105, 104, 103, 101, 100, 99, 96, 95, 70, 93, 92, 107, 69, 62, 67, 27, 25, 23, 22, 21, 20, 19, 17, 16, 15, 14, 28, 13, 11, 10, 9, 8, 7, 6, 5, 4, 3, 2, 1, 12, 29, 30, 31, 66, 65, 64, 63, 60, 59, 57, 55, 54, 53, 52, 50, 49, 48, 47, 46, 44, 43, 41, 40, 39, 38, 35, 34, 32, 68, 125]
0
1
2
3
4
5
6
7
8
9
10
11
12
13
14
15
16
17
18
19
20
21
22
23
24
25
26
27
28
29
30
31
32
33
34
35
36
37
38
39
40
41
42
43
44
45
46
47
48
49
50
51
52
53
54
55
56
57
58
59
60
61
62
63
64
65
66
67
68
69
70
71
72
73
74
75
76
77
78
79
80
81
82
83
84
85
86
87
88
89
90
91
92
93
94
95
96
97
98
99
100
101
102
103
104
105
106
107
108
109
110
111
112
113
114
115
116
117
118
119
120
121
122
123
124
125
126
127
128
129
130
131
132
133
134
135
136
137
138
139
140
141
142
143
144
145
146
147
148
149
150
151
152
153
154
155
156
157
158
159
160
161
162
163
164
165
166
167
168
169
170
171
172
173
174
175
176
177
178
179
180
181
182
183
184
185
186
187
188
189
190
191
192
193
194
195
196
197
198
199
200
201
202
203
204
205
206
207
208
209
210
211
212
213
214
215
216
217
218
219
220
221
222
223
224
225
226
227
228
229
230
231
232
233
234
235
236
237
238
239
240
241
242
243
244
245
246
247
248
249
250
251
252
253
254
255
256
257
258
259
260
261
262
263
264
265
266
267
268
269
270
271
272
273
274
275
276
277
278
279
280
281
282
283
284
285
286
287
288
289
290
291
292
293
294
295
296
297
298
299
300
301
302
303
304
305
306
307
308
309
310
311
312
313
314
315
316
317
318
319
320
321
322
323
324
325
326
327
328
329
330
331
332
333
334
335
336
337
338
339
340
341
342
343
344
345
346
347
348
349
350
351
352
353
354
355
356
357
358
359
360
361
362
363
364
365
366
367
368
369
370
371
372
373
374
375
376
377
0
1
2
3
4
5
6
7
8
9
10
11
12
13
14
15
16
17
18
19
20
21
22
23
24
25
26
27
28
29
30
31
32
33
34
35
36
37
38
39
40
41
42
43
44
45
46
47
48
49
50
51
52
53
54
55
56
57
58
59
60
61
62
63
64
65
66
67
68
69
70
71
72
73
74
75
76
77
78
79
80
81
82
83
84
85
86
87
88
89
90
91
92
93
94
95
96
97
98
99
100
101
102
103
104
105
106
107
108
109
110
111
112
113
114
115
116
117
118
119
120
121
122
123
124
125
126
127
128
129
130
131
132
133
134
135
136
137
138
139
140
141
142
143
144
145
146
147
148
149
150
151
152
153
154
155
156
157
158
159
160
161
162
163
164
165
166
167
168
169
170
171
172
173
174
175
176
177
178
179
180
181
182
183
184
185
186
187
188
189
190
191
192
193
194
195
196
197
198
199
200
201
202
203
204
205
206
207
208
209
210
211
212
213
214
215
216
217
218
219
220
221
222
223
224
225
226
227
228
229
230
231
232
233
234
235
236
237
238
239
240
241
242
243
244
245
246
247
248
249
250
251
252
253
254
255
256
257
258
259
260
261
262
263
264
265
266
267
268
269
270
271
272
273
274
275
276
277
278
279
280
281
282
283
284
285
286
287
288
289
290
291
292
293
294
295
296
297
298
299
300
301
302
303
304
305
306
307
308
309
310
311
312
313
314
315
316
317
318
319
320
321
322
323
324
325
326
327
328
329
330
331
332
333
334
335
336
337
338
339
340
341
342
343
344
345
346
347
348
349
350
351
352
353
354
355
356
357
358
359
360
361
362
363
364
365
366
367
368
369
370
371
372
373
374
375
376
377
Assigned Classwise weights to source
S real T sketch Train Ep: 11000 lr0.005732387350012933 	 Loss Classification: 0.294443 Loss T 0.148650 Method MME


Labeled Target set: Average loss: 0.3136, Accuracy: 1030/1080 F1 (95.3704%)


Test set: Average loss: 2.1463, Accuracy: 14262/23808 F1 (59.9042%)


Val set: Average loss: 1.8217, Accuracy: 220/360 F1 (61.1111%)

best acc test 63.604671  acc val 61.111111 acc labeled target 95.370370
saving model...
S real T sketch Train Ep: 11100 lr0.005711999470730565 	 Loss Classification: 0.067841 Loss T 0.181074 Method MME

S real T sketch Train Ep: 11200 lr0.005691779987127103 	 Loss Classification: 0.342324 Loss T 0.139293 Method MME

S real T sketch Train Ep: 11300 lr0.005671726723799515 	 Loss Classification: 0.104524 Loss T 0.153036 Method MME

S real T sketch Train Ep: 11400 lr0.005651837543487509 	 Loss Classification: 0.180139 Loss T 0.151965 Method MME

S real T sketch Train Ep: 11500 lr0.005632110346230358 	 Loss Classification: 0.216534 Loss T 0.131209 Method MME


Labeled Target set: Average loss: 0.1970, Accuracy: 1059/1080 F1 (98.0556%)


Test set: Average loss: 1.8206, Accuracy: 15234/23808 F1 (63.9869%)


Val set: Average loss: 1.4724, Accuracy: 245/360 F1 (68.0556%)

best acc test 63.986895  acc val 68.055556 acc labeled target 98.055556
saving model...
S real T sketch Train Ep: 11600 lr0.005612543068546177 	 Loss Classification: 0.101567 Loss T 0.148723 Method MME

S real T sketch Train Ep: 11700 lr0.005593133682632953 	 Loss Classification: 0.304346 Loss T 0.124746 Method MME

S real T sketch Train Ep: 11800 lr0.005573880195590681 	 Loss Classification: 0.147056 Loss T 0.153556 Method MME

S real T sketch Train Ep: 11900 lr0.0055547806486639095 	 Loss Classification: 0.162672 Loss T 0.156132 Method MME

Per Class Accuracy Calculated According to the Labelled Target examples is:  [1.        1.        1.        0.8888889 1.        1.        0.8888889
 1.        1.        1.        1.        1.        1.        1.
 0.8888889 1.        0.8888889 1.        1.        1.        1.
 1.        1.        1.        1.        1.        1.        1.
 1.        1.        1.        1.        1.        1.        1.
 1.        1.        1.        1.        1.        1.        1.
 1.        1.        0.8888889 0.8888889 1.        1.        1.
 1.        0.8333333 1.        1.        1.        1.        0.8888889
 1.        1.        1.        1.        1.        1.        1.
 1.        1.        1.        1.        1.        1.        1.
 1.        1.        1.        1.        1.        0.7777778 0.8888889
 1.        1.        1.        1.        1.        1.        1.
 1.        1.        1.        1.        1.        1.        1.
 1.        1.        1.        1.        0.8888889 1.        0.8333333
 1.        1.        1.        1.        1.        1.        1.
 0.8888889 0.8888889 1.        0.7777778 1.        1.        1.
 0.8888889 1.        1.        1.        1.        1.        0.8888889
 1.        0.8888889 1.        1.        1.        0.8888889 1.       ]
Top k classes which perform poorly are:  [75, 108, 97, 50, 124, 105, 106, 55, 16, 112, 3, 76, 14, 45, 44, 118, 6, 120, 95, 86, 85, 84, 83, 87, 82, 81, 77, 79, 78, 88, 74, 73, 72, 71, 70, 69, 80, 89, 0, 91, 123, 122, 121, 119, 117, 116, 115, 114, 113, 111, 110, 109, 107, 104, 103, 102, 101, 100, 99, 98, 96, 68, 94, 93, 92, 90, 67, 62, 65, 29, 28, 27, 26, 25, 24, 23, 22, 21, 20, 19, 18, 17, 15, 13, 12, 11, 10, 9, 8, 7, 5, 4, 2, 1, 30, 31, 32, 33, 64, 63, 61, 60, 59, 58, 57, 56, 54, 53, 52, 51, 66, 49, 47, 46, 43, 42, 41, 40, 39, 38, 37, 36, 35, 34, 48, 125]
0
1
2
3
4
5
6
7
8
9
10
11
12
13
14
15
16
17
18
19
20
21
22
23
24
25
26
27
28
29
30
31
32
33
34
35
36
37
38
39
40
41
42
43
44
45
46
47
48
49
50
51
52
53
54
55
56
57
58
59
60
61
62
63
64
65
66
67
68
69
70
71
72
73
74
75
76
77
78
79
80
81
82
83
84
85
86
87
88
89
90
91
92
93
94
95
96
97
98
99
100
101
102
103
104
105
106
107
108
109
110
111
112
113
114
115
116
117
118
119
120
121
122
123
124
125
126
127
128
129
130
131
132
133
134
135
136
137
138
139
140
141
142
143
144
145
146
147
148
149
150
151
152
153
154
155
156
157
158
159
160
161
162
163
164
165
166
167
168
169
170
171
172
173
174
175
176
177
178
179
180
181
182
183
184
185
186
187
188
189
190
191
192
193
194
195
196
197
198
199
200
201
202
203
204
205
206
207
208
209
210
211
212
213
214
215
216
217
218
219
220
221
222
223
224
225
226
227
228
229
230
231
232
233
234
235
236
237
238
239
240
241
242
243
244
245
246
247
248
249
250
251
252
253
254
255
256
257
258
259
260
261
262
263
264
265
266
267
268
269
270
271
272
273
274
275
276
277
278
279
280
281
282
283
284
285
286
287
288
289
290
291
292
293
294
295
296
297
298
299
300
301
302
303
304
305
306
307
308
309
310
311
312
313
314
315
316
317
318
319
320
321
322
323
324
325
326
327
328
329
330
331
332
333
334
335
336
337
338
339
340
341
342
343
344
345
346
347
348
349
350
351
352
353
354
355
356
357
358
359
360
361
362
363
364
365
366
367
368
369
370
371
372
373
374
375
376
377
0
1
2
3
4
5
6
7
8
9
10
11
12
13
14
15
16
17
18
19
20
21
22
23
24
25
26
27
28
29
30
31
32
33
34
35
36
37
38
39
40
41
42
43
44
45
46
47
48
49
50
51
52
53
54
55
56
57
58
59
60
61
62
63
64
65
66
67
68
69
70
71
72
73
74
75
76
77
78
79
80
81
82
83
84
85
86
87
88
89
90
91
92
93
94
95
96
97
98
99
100
101
102
103
104
105
106
107
108
109
110
111
112
113
114
115
116
117
118
119
120
121
122
123
124
125
126
127
128
129
130
131
132
133
134
135
136
137
138
139
140
141
142
143
144
145
146
147
148
149
150
151
152
153
154
155
156
157
158
159
160
161
162
163
164
165
166
167
168
169
170
171
172
173
174
175
176
177
178
179
180
181
182
183
184
185
186
187
188
189
190
191
192
193
194
195
196
197
198
199
200
201
202
203
204
205
206
207
208
209
210
211
212
213
214
215
216
217
218
219
220
221
222
223
224
225
226
227
228
229
230
231
232
233
234
235
236
237
238
239
240
241
242
243
244
245
246
247
248
249
250
251
252
253
254
255
256
257
258
259
260
261
262
263
264
265
266
267
268
269
270
271
272
273
274
275
276
277
278
279
280
281
282
283
284
285
286
287
288
289
290
291
292
293
294
295
296
297
298
299
300
301
302
303
304
305
306
307
308
309
310
311
312
313
314
315
316
317
318
319
320
321
322
323
324
325
326
327
328
329
330
331
332
333
334
335
336
337
338
339
340
341
342
343
344
345
346
347
348
349
350
351
352
353
354
355
356
357
358
359
360
361
362
363
364
365
366
367
368
369
370
371
372
373
374
375
376
377
Assigned Classwise weights to source
S real T sketch Train Ep: 12000 lr0.005535833116504121 	 Loss Classification: 0.285119 Loss T 0.148908 Method MME


Labeled Target set: Average loss: 0.3725, Accuracy: 1017/1080 F1 (94.1667%)


Test set: Average loss: 2.1185, Accuracy: 14383/23808 F1 (60.4125%)


Val set: Average loss: 1.7516, Accuracy: 223/360 F1 (61.9444%)

best acc test 63.986895  acc val 61.944444 acc labeled target 94.166667
saving model...
S real T sketch Train Ep: 12100 lr0.00551703570645129 	 Loss Classification: 0.232537 Loss T 0.145565 Method MME

S real T sketch Train Ep: 12200 lr0.005498386557834078 	 Loss Classification: 0.472372 Loss T 0.154762 Method MME

S real T sketch Train Ep: 12300 lr0.00547988384128807 	 Loss Classification: 0.078908 Loss T 0.158442 Method MME

S real T sketch Train Ep: 12400 lr0.005461525758091539 	 Loss Classification: 0.302214 Loss T 0.144633 Method MME

S real T sketch Train Ep: 12500 lr0.005443310539518174 	 Loss Classification: 0.052668 Loss T 0.156099 Method MME


Labeled Target set: Average loss: 0.1867, Accuracy: 1060/1080 F1 (98.1481%)


Test set: Average loss: 1.8797, Accuracy: 15163/23808 F1 (63.6887%)


Val set: Average loss: 1.5570, Accuracy: 242/360 F1 (67.2222%)

best acc test 63.986895  acc val 67.222222 acc labeled target 98.148148
saving model...
S real T sketch Train Ep: 12600 lr0.005425236446206295 	 Loss Classification: 0.329440 Loss T 0.163446 Method MME

S real T sketch Train Ep: 12700 lr0.005407301767544059 	 Loss Classification: 0.334546 Loss T 0.105966 Method MME

S real T sketch Train Ep: 12800 lr0.005389504821070177 	 Loss Classification: 0.293104 Loss T 0.128890 Method MME

S real T sketch Train Ep: 12900 lr0.005371843951889677 	 Loss Classification: 0.140565 Loss T 0.133248 Method MME

Per Class Accuracy Calculated According to the Labelled Target examples is:  [1.        1.        1.        1.        1.        1.        0.8333333
 1.        1.        0.8888889 1.        1.        1.        1.
 1.        1.        1.        1.        1.        1.        1.
 1.        1.        1.        1.        1.        1.        1.
 1.        0.8333333 1.        1.        0.8888889 1.        1.
 0.8888889 1.        1.        1.        1.        1.        1.
 1.        1.        1.        1.        1.        1.        1.
 1.        1.        1.        1.        1.        1.        0.8888889
 1.        1.        1.        1.        1.        0.8888889 1.
 1.        1.        1.        1.        1.        1.        1.
 1.        1.        1.        0.8888889 1.        1.        1.
 1.        1.        1.        1.        1.        1.        0.8888889
 1.        1.        1.        1.        0.8888889 1.        0.8888889
 1.        1.        1.        1.        1.        0.8888889 1.
 1.        1.        0.8888889 1.        1.        0.8888889 1.
 0.8888889 0.8333333 1.        1.        0.8888889 1.        1.
 1.        1.        0.8888889 1.        1.        1.        1.
 1.        1.        1.        1.        1.        0.7777778 1.       ]
Top k classes which perform poorly are:  [124, 106, 6, 29, 32, 105, 100, 90, 109, 114, 83, 55, 9, 73, 88, 61, 35, 96, 103, 86, 85, 84, 87, 89, 79, 81, 80, 78, 77, 76, 75, 74, 72, 71, 70, 69, 82, 91, 0, 93, 123, 122, 121, 120, 119, 118, 117, 116, 115, 113, 112, 92, 111, 108, 107, 104, 102, 101, 99, 98, 97, 68, 95, 94, 110, 67, 62, 65, 28, 27, 26, 25, 24, 23, 22, 21, 20, 19, 18, 17, 30, 16, 14, 13, 12, 11, 10, 8, 7, 5, 4, 3, 2, 1, 15, 66, 31, 34, 64, 63, 60, 59, 58, 57, 56, 54, 53, 52, 51, 50, 33, 49, 47, 46, 45, 44, 43, 42, 41, 40, 39, 38, 37, 36, 48, 125]
0
1
2
3
4
5
6
7
8
9
10
11
12
13
14
15
16
17
18
19
20
21
22
23
24
25
26
27
28
29
30
31
32
33
34
35
36
37
38
39
40
41
42
43
44
45
46
47
48
49
50
51
52
53
54
55
56
57
58
59
60
61
62
63
64
65
66
67
68
69
70
71
72
73
74
75
76
77
78
79
80
81
82
83
84
85
86
87
88
89
90
91
92
93
94
95
96
97
98
99
100
101
102
103
104
105
106
107
108
109
110
111
112
113
114
115
116
117
118
119
120
121
122
123
124
125
126
127
128
129
130
131
132
133
134
135
136
137
138
139
140
141
142
143
144
145
146
147
148
149
150
151
152
153
154
155
156
157
158
159
160
161
162
163
164
165
166
167
168
169
170
171
172
173
174
175
176
177
178
179
180
181
182
183
184
185
186
187
188
189
190
191
192
193
194
195
196
197
198
199
200
201
202
203
204
205
206
207
208
209
210
211
212
213
214
215
216
217
218
219
220
221
222
223
224
225
226
227
228
229
230
231
232
233
234
235
236
237
238
239
240
241
242
243
244
245
246
247
248
249
250
251
252
253
254
255
256
257
258
259
260
261
262
263
264
265
266
267
268
269
270
271
272
273
274
275
276
277
278
279
280
281
282
283
284
285
286
287
288
289
290
291
292
293
294
295
296
297
298
299
300
301
302
303
304
305
306
307
308
309
310
311
312
313
314
315
316
317
318
319
320
321
322
323
324
325
326
327
328
329
330
331
332
333
334
335
336
337
338
339
340
341
342
343
344
345
346
347
348
349
350
351
352
353
354
355
356
357
358
359
360
361
362
363
364
365
366
367
368
369
370
371
372
373
374
375
376
377
Terminated
