Dataset multi Source real Target sketch Labeled num perclass 3 Network resnet34
126 classes in this dataset
Unlabelled Target Dataset Size:  23826
Labelled Target Dataset Size:  378
S real T sketch Train Ep: 0 lr0.01 	 Loss Classification: 4.952331 Loss T 0.469214 Method MME

S real T sketch Train Ep: 100 lr0.009925650290240803 	 Loss Classification: 1.356234 Loss T 0.302245 Method MME

S real T sketch Train Ep: 200 lr0.009852577760521605 	 Loss Classification: 1.444583 Loss T 0.234637 Method MME

S real T sketch Train Ep: 300 lr0.009780748269686728 	 Loss Classification: 0.999416 Loss T 0.213002 Method MME

S real T sketch Train Ep: 400 lr0.009710128909124701 	 Loss Classification: 1.274779 Loss T 0.169929 Method MME

S real T sketch Train Ep: 500 lr0.00964068794694323 	 Loss Classification: 1.071423 Loss T 0.173960 Method MME


Test set: Average loss: 2.5308, Accuracy: 11105/23808 F1 (46.6440%)


Val set: Average loss: 2.4704, Accuracy: 160/360 F1 (44.4444%)


Labeled Target set: Average loss: 2.6364, Accuracy: 452/1080 F1 (41.8519%)

best acc test 46.643985  acc val 44.444444 acc labeled target 41.851852
saving model...
S real T sketch Train Ep: 600 lr0.00957239477517603 	 Loss Classification: 1.223060 Loss T 0.149870 Method MME

S real T sketch Train Ep: 700 lr0.009505219859830012 	 Loss Classification: 0.612628 Loss T 0.148335 Method MME

S real T sketch Train Ep: 800 lr0.009439134693595126 	 Loss Classification: 0.797143 Loss T 0.164643 Method MME

S real T sketch Train Ep: 900 lr0.009374111751051751 	 Loss Classification: 0.653462 Loss T 0.155522 Method MME

S real T sketch Train Ep: 1000 lr0.009310124446222227 	 Loss Classification: 0.754571 Loss T 0.155690 Method MME


Test set: Average loss: 2.5232, Accuracy: 11589/23808 F1 (48.6769%)


Val set: Average loss: 2.4085, Accuracy: 175/360 F1 (48.6111%)


Labeled Target set: Average loss: 2.5007, Accuracy: 500/1080 F1 (46.2963%)

best acc test 48.676915  acc val 48.611111 acc labeled target 46.296296
saving model...
S real T sketch Train Ep: 1100 lr0.00924714709232377 	 Loss Classification: 0.729309 Loss T 0.141788 Method MME

S real T sketch Train Ep: 1200 lr0.009185154863590003 	 Loss Classification: 0.544091 Loss T 0.106792 Method MME

S real T sketch Train Ep: 1300 lr0.00912412375903735 	 Loss Classification: 0.721939 Loss T 0.122545 Method MME

S real T sketch Train Ep: 1400 lr0.009064030568061049 	 Loss Classification: 1.057686 Loss T 0.126610 Method MME

S real T sketch Train Ep: 1500 lr0.009004852837753237 	 Loss Classification: 0.784771 Loss T 0.114945 Method MME


Test set: Average loss: 2.1679, Accuracy: 13168/23808 F1 (55.3091%)


Val set: Average loss: 2.1520, Accuracy: 202/360 F1 (56.1111%)


Labeled Target set: Average loss: 2.3576, Accuracy: 557/1080 F1 (51.5741%)

best acc test 55.309140  acc val 56.111111 acc labeled target 51.574074
saving model...
S real T sketch Train Ep: 1600 lr0.008946568841842816 	 Loss Classification: 0.902734 Loss T 0.148812 Method MME

S real T sketch Train Ep: 1700 lr0.008889157551163433 	 Loss Classification: 0.476959 Loss T 0.143648 Method MME

S real T sketch Train Ep: 1800 lr0.008832598605562044 	 Loss Classification: 1.225829 Loss T 0.149419 Method MME

S real T sketch Train Ep: 1900 lr0.008776872287166303 	 Loss Classification: 0.373446 Loss T 0.101549 Method MME

S real T sketch Train Ep: 2000 lr0.008721959494934213 	 Loss Classification: 0.429200 Loss T 0.137512 Method MME


Test set: Average loss: 2.1828, Accuracy: 13352/23808 F1 (56.0820%)


Val set: Average loss: 1.8917, Accuracy: 209/360 F1 (58.0556%)


Labeled Target set: Average loss: 2.2889, Accuracy: 547/1080 F1 (50.6481%)

best acc test 56.081989  acc val 58.055556 acc labeled target 50.648148
saving model...
S real T sketch Train Ep: 2100 lr0.008667841720414475 	 Loss Classification: 0.625375 Loss T 0.132179 Method MME

S real T sketch Train Ep: 2200 lr0.008614501024650454 	 Loss Classification: 0.436470 Loss T 0.126319 Method MME

S real T sketch Train Ep: 2300 lr0.008561920016164943 	 Loss Classification: 0.414643 Loss T 0.114058 Method MME

S real T sketch Train Ep: 2400 lr0.008510081829966844 	 Loss Classification: 0.846205 Loss T 0.094104 Method MME

S real T sketch Train Ep: 2500 lr0.008458970107524513 	 Loss Classification: 1.323048 Loss T 0.153929 Method MME


Test set: Average loss: 2.1111, Accuracy: 13773/23808 F1 (57.8503%)


Val set: Average loss: 2.0140, Accuracy: 205/360 F1 (56.9444%)


Labeled Target set: Average loss: 2.2079, Accuracy: 602/1080 F1 (55.7407%)

best acc test 56.081989  acc val 56.944444 acc labeled target 55.740741
saving model...
S real T sketch Train Ep: 2600 lr0.008408568977653933 	 Loss Classification: 0.513341 Loss T 0.145689 Method MME

S real T sketch Train Ep: 2700 lr0.00835886303827305 	 Loss Classification: 0.812706 Loss T 0.127345 Method MME

S real T sketch Train Ep: 2800 lr0.008309837338976545 	 Loss Classification: 0.609365 Loss T 0.103516 Method MME

S real T sketch Train Ep: 2900 lr0.008261477364388068 	 Loss Classification: 0.783597 Loss T 0.096252 Method MME

S real T sketch Train Ep: 3000 lr0.008213769018249545 	 Loss Classification: 0.404422 Loss T 0.112555 Method MME


Test set: Average loss: 2.1071, Accuracy: 14137/23808 F1 (59.3792%)


Val set: Average loss: 1.9180, Accuracy: 205/360 F1 (56.9444%)


Labeled Target set: Average loss: 2.2312, Accuracy: 594/1080 F1 (55.0000%)

best acc test 56.081989  acc val 56.944444 acc labeled target 55.000000
saving model...
S real T sketch Train Ep: 3100 lr0.008166698608209509 	 Loss Classification: 0.530515 Loss T 0.114300 Method MME

S real T sketch Train Ep: 3200 lr0.008120252831274708 	 Loss Classification: 0.460319 Loss T 0.131174 Method MME

S real T sketch Train Ep: 3300 lr0.008074418759891278 	 Loss Classification: 0.868031 Loss T 0.097351 Method MME

S real T sketch Train Ep: 3400 lr0.008029183828623731 	 Loss Classification: 0.698943 Loss T 0.101928 Method MME

S real T sketch Train Ep: 3500 lr0.007984535821401871 	 Loss Classification: 0.451778 Loss T 0.128972 Method MME


Test set: Average loss: 2.1221, Accuracy: 14107/23808 F1 (59.2532%)


Val set: Average loss: 1.9686, Accuracy: 215/360 F1 (59.7222%)


Labeled Target set: Average loss: 2.0323, Accuracy: 625/1080 F1 (57.8704%)

best acc test 59.253192  acc val 59.722222 acc labeled target 57.870370
saving model...
S real T sketch Train Ep: 3600 lr0.007940462859307384 	 Loss Classification: 0.647160 Loss T 0.106807 Method MME

S real T sketch Train Ep: 3700 lr0.007896953388873518 	 Loss Classification: 0.190790 Loss T 0.118454 Method MME

S real T sketch Train Ep: 3800 lr0.007853996170872714 	 Loss Classification: 0.653331 Loss T 0.099062 Method MME

S real T sketch Train Ep: 3900 lr0.00781158026956848 	 Loss Classification: 0.380822 Loss T 0.077020 Method MME

S real T sketch Train Ep: 4000 lr0.007769695042409123 	 Loss Classification: 0.252747 Loss T 0.098372 Method MME


Test set: Average loss: 2.1489, Accuracy: 14229/23808 F1 (59.7656%)


Val set: Average loss: 1.9855, Accuracy: 211/360 F1 (58.6111%)


Labeled Target set: Average loss: 2.2867, Accuracy: 602/1080 F1 (55.7407%)

best acc test 59.253192  acc val 58.611111 acc labeled target 55.740741
saving model...
S real T sketch Train Ep: 4100 lr0.007728330130142108 	 Loss Classification: 1.023669 Loss T 0.114033 Method MME

S real T sketch Train Ep: 4200 lr0.007687475447329114 	 Loss Classification: 0.615009 Loss T 0.108624 Method MME

S real T sketch Train Ep: 4300 lr0.0076471211732427845 	 Loss Classification: 1.260089 Loss T 0.088026 Method MME

S real T sketch Train Ep: 4400 lr0.007607257743127307 	 Loss Classification: 0.646566 Loss T 0.088665 Method MME

S real T sketch Train Ep: 4500 lr0.007567875839805858 	 Loss Classification: 0.827864 Loss T 0.062792 Method MME


Test set: Average loss: 2.1190, Accuracy: 14444/23808 F1 (60.6687%)


Val set: Average loss: 2.0013, Accuracy: 220/360 F1 (61.1111%)


Labeled Target set: Average loss: 2.2582, Accuracy: 604/1080 F1 (55.9259%)

best acc test 60.668683  acc val 61.111111 acc labeled target 55.925926
saving model...
S real T sketch Train Ep: 4600 lr0.007528966385618854 	 Loss Classification: 1.131478 Loss T 0.072363 Method MME

S real T sketch Train Ep: 4700 lr0.007490520534677821 	 Loss Classification: 0.513962 Loss T 0.100302 Method MME

S real T sketch Train Ep: 4800 lr0.007452529665420465 	 Loss Classification: 0.674161 Loss T 0.101473 Method MME

S real T sketch Train Ep: 4900 lr0.007414985373453289 	 Loss Classification: 0.186545 Loss T 0.088984 Method MME

S real T sketch Train Ep: 5000 lr0.007377879464668811 	 Loss Classification: 0.660377 Loss T 0.080265 Method MME


Test set: Average loss: 2.1202, Accuracy: 14533/23808 F1 (61.0425%)


Val set: Average loss: 2.0045, Accuracy: 215/360 F1 (59.7222%)


Labeled Target set: Average loss: 2.1553, Accuracy: 629/1080 F1 (58.2407%)

best acc test 60.668683  acc val 59.722222 acc labeled target 58.240741
saving model...
S real T sketch Train Ep: 5100 lr0.007341203948625087 	 Loss Classification: 0.388022 Loss T 0.062896 Method MME

S real T sketch Train Ep: 5200 lr0.007304951032175895 	 Loss Classification: 0.412698 Loss T 0.071204 Method MME

S real T sketch Train Ep: 5300 lr0.007269113113340497 	 Loss Classification: 0.741693 Loss T 0.072367 Method MME

S real T sketch Train Ep: 5400 lr0.007233682775402483 	 Loss Classification: 1.168726 Loss T 0.062487 Method MME

S real T sketch Train Ep: 5500 lr0.007198652781227704 	 Loss Classification: 0.744359 Loss T 0.087469 Method MME


Test set: Average loss: 2.1252, Accuracy: 14517/23808 F1 (60.9753%)


Val set: Average loss: 1.8947, Accuracy: 217/360 F1 (60.2778%)


Labeled Target set: Average loss: 2.1624, Accuracy: 633/1080 F1 (58.6111%)

best acc test 60.668683  acc val 60.277778 acc labeled target 58.611111
saving model...
S real T sketch Train Ep: 5600 lr0.007164016067791809 	 Loss Classification: 0.963470 Loss T 0.100668 Method MME

S real T sketch Train Ep: 5700 lr0.0071297657409083726 	 Loss Classification: 0.105412 Loss T 0.081009 Method MME

S real T sketch Train Ep: 5800 lr0.0070958950701490225 	 Loss Classification: 1.191797 Loss T 0.035631 Method MME

S real T sketch Train Ep: 5900 lr0.007062397483947426 	 Loss Classification: 0.745894 Loss T 0.097846 Method MME

S real T sketch Train Ep: 6000 lr0.007029266564879363 	 Loss Classification: 0.473178 Loss T 0.088919 Method MME


Test set: Average loss: 2.2646, Accuracy: 14454/23808 F1 (60.7107%)


Val set: Average loss: 2.0321, Accuracy: 216/360 F1 (60.0000%)


Labeled Target set: Average loss: 2.1683, Accuracy: 655/1080 F1 (60.6481%)

best acc test 60.668683  acc val 60.000000 acc labeled target 60.648148
saving model...
S real T sketch Train Ep: 6100 lr0.006996496045111504 	 Loss Classification: 0.644727 Loss T 0.072772 Method MME

S real T sketch Train Ep: 6200 lr0.00696407980201184 	 Loss Classification: 0.608991 Loss T 0.098266 Method MME

S real T sketch Train Ep: 6300 lr0.006932011853915101 	 Loss Classification: 0.112244 Loss T 0.082349 Method MME

S real T sketch Train Ep: 6400 lr0.006900286356036734 	 Loss Classification: 0.703096 Loss T 0.068806 Method MME

S real T sketch Train Ep: 6500 lr0.006868897596529406 	 Loss Classification: 0.351897 Loss T 0.101189 Method MME


Test set: Average loss: 2.0968, Accuracy: 14749/23808 F1 (61.9498%)


Val set: Average loss: 2.0593, Accuracy: 212/360 F1 (58.8889%)


Labeled Target set: Average loss: 2.2693, Accuracy: 615/1080 F1 (56.9444%)

best acc test 60.668683  acc val 58.888889 acc labeled target 56.944444
saving model...
S real T sketch Train Ep: 6600 lr0.006837839992676177 	 Loss Classification: 0.429204 Loss T 0.065648 Method MME

S real T sketch Train Ep: 6700 lr0.006807108087214876 	 Loss Classification: 0.246487 Loss T 0.088233 Method MME

S real T sketch Train Ep: 6800 lr0.006776696544788352 	 Loss Classification: 0.443078 Loss T 0.075757 Method MME

S real T sketch Train Ep: 6900 lr0.006746600148515609 	 Loss Classification: 0.406335 Loss T 0.072037 Method MME

S real T sketch Train Ep: 7000 lr0.006716813796678979 	 Loss Classification: 0.224731 Loss T 0.065344 Method MME


Test set: Average loss: 2.2910, Accuracy: 14421/23808 F1 (60.5721%)


Val set: Average loss: 2.0766, Accuracy: 199/360 F1 (55.2778%)


Labeled Target set: Average loss: 2.3433, Accuracy: 620/1080 F1 (57.4074%)

best acc test 60.668683  acc val 55.277778 acc labeled target 57.407407
saving model...
S real T sketch Train Ep: 7100 lr0.006687332499522798 	 Loss Classification: 0.825440 Loss T 0.070150 Method MME

S real T sketch Train Ep: 7200 lr0.006658151376159165 	 Loss Classification: 0.245403 Loss T 0.060328 Method MME

S real T sketch Train Ep: 7300 lr0.00662926565157663 	 Loss Classification: 0.271686 Loss T 0.073139 Method MME

S real T sketch Train Ep: 7400 lr0.006600670653747793 	 Loss Classification: 0.347526 Loss T 0.072442 Method MME

S real T sketch Train Ep: 7500 lr0.0065723618108320175 	 Loss Classification: 0.898681 Loss T 0.070025 Method MME


Test set: Average loss: 2.3018, Accuracy: 14586/23808 F1 (61.2651%)


Val set: Average loss: 2.0308, Accuracy: 216/360 F1 (60.0000%)


Labeled Target set: Average loss: 2.3373, Accuracy: 631/1080 F1 (58.4259%)

