Dataset multi Source real Target sketch Labeled num perclass 3 Network resnet34
126 classes in this dataset
Unlabelled Target Dataset Size:  23826
Labelled Target Dataset Size:  378
S real T sketch Train Ep: 0 lr0.01 	 Loss Classification: 4.899728 Loss T 0.470018 Method MME

tensor([1.5000, 0.5000, 0.5000, 0.5000, 0.5000, 0.5000, 0.5000, 0.5000, 0.5000,
        0.5000, 0.5000, 0.5000, 0.5000, 0.5000, 0.5000, 0.5000, 0.5000, 0.5000,
        0.5000, 0.5000, 0.5000, 0.5000, 0.5000, 0.5000, 0.5000, 0.5000, 0.5000,
        0.5000, 0.5000, 0.5000, 0.5000, 0.5000, 0.5000, 0.5000, 0.5000, 0.5000,
        0.5000, 0.5000, 0.5000, 0.5000, 0.5000, 0.5000, 0.5000, 0.5000, 0.5000,
        0.5000, 0.5000, 0.5000, 0.5000, 0.5000, 0.5000, 0.5000, 0.5000, 0.5000,
        0.5000, 0.5000, 0.5000, 0.5000, 0.5000, 0.5000, 0.5000, 0.5000, 0.5000,
        0.5000, 0.5000, 0.5000, 0.5000, 0.5000, 0.5000, 0.5000, 0.5000, 0.5000,
        0.5000, 0.5000, 0.5000, 0.5000, 0.5000, 0.5000, 0.5000, 0.5000, 0.5000,
        0.5000, 0.5000, 0.5000, 0.5000, 0.5000, 0.5000, 0.5000, 0.5000, 0.5000,
        0.5000, 0.5000, 0.5000, 0.5000, 0.5000, 0.5000, 0.5000, 0.5000, 0.5000,
        0.5000, 0.5000, 0.5000, 0.5000, 0.5000, 0.5000, 0.5000, 0.5000, 0.5000,
        0.5000, 0.5000, 0.5000, 0.5000, 0.5000, 0.5000, 0.5000, 0.5000, 0.5000,
        0.5000, 0.5000, 0.5000, 0.5000, 0.5000, 0.5000, 0.5000, 0.5000, 0.5000],
       device='cuda:0')

Labeled Target set: Average loss: 4.9791, Accuracy: 13/1080 F1 (1.2037%)


Test set: Average loss: 4.9738, Accuracy: 224/23808 F1 (0.9409%)


Val set: Average loss: 5.0004, Accuracy: 6/360 F1 (1.6667%)

best acc test 0.940860  acc val 1.666667 acc labeled target 1.203704
saving model...
S real T sketch Train Ep: 100 lr0.009925650290240803 	 Loss Classification: 0.728125 Loss T 0.313793 Method MME

S real T sketch Train Ep: 200 lr0.009852577760521605 	 Loss Classification: 1.233644 Loss T 0.260655 Method MME

S real T sketch Train Ep: 300 lr0.009780748269686728 	 Loss Classification: 0.820175 Loss T 0.206909 Method MME

S real T sketch Train Ep: 400 lr0.009710128909124701 	 Loss Classification: 0.828535 Loss T 0.188671 Method MME

S real T sketch Train Ep: 500 lr0.00964068794694323 	 Loss Classification: 0.853681 Loss T 0.179402 Method MME

tensor([1.5000, 1.5000, 1.5000, 0.5000, 1.5000, 0.5000, 0.5000, 0.5000, 0.5000,
        0.5000, 1.5000, 1.5000, 0.5000, 0.5000, 1.5000, 0.5000, 1.5000, 1.5000,
        0.5000, 0.5000, 1.5000, 1.5000, 0.0000, 0.5000, 0.5000, 0.5000, 0.5000,
        1.5000, 1.5000, 0.5000, 0.5000, 0.5000, 1.5000, 0.5000, 0.5000, 0.5000,
        0.5000, 0.5000, 0.5000, 1.5000, 0.5000, 0.5000, 0.5000, 0.5000, 0.5000,
        0.5000, 1.5000, 0.5000, 1.5000, 1.5000, 0.5000, 0.5000, 1.5000, 1.5000,
        0.5000, 0.5000, 0.5000, 0.5000, 0.0000, 0.5000, 1.5000, 0.0000, 1.5000,
        0.5000, 0.5000, 1.5000, 0.5000, 1.5000, 1.5000, 0.5000, 0.5000, 1.5000,
        0.5000, 0.5000, 1.5000, 0.5000, 0.5000, 0.5000, 0.5000, 0.5000, 0.5000,
        0.5000, 0.5000, 1.5000, 0.5000, 0.5000, 1.5000, 0.0000, 0.5000, 0.5000,
        0.5000, 1.5000, 0.5000, 0.5000, 1.5000, 1.5000, 0.5000, 0.5000, 0.5000,
        1.5000, 0.0000, 1.5000, 0.5000, 0.5000, 0.5000, 0.5000, 0.5000, 0.5000,
        0.5000, 0.5000, 0.5000, 1.5000, 0.5000, 1.5000, 0.5000, 1.5000, 0.5000,
        0.5000, 0.5000, 0.5000, 1.5000, 1.5000, 1.5000, 0.5000, 0.5000, 1.5000],
       device='cuda:0')

Labeled Target set: Average loss: 2.8155, Accuracy: 429/1080 F1 (39.7222%)


Test set: Average loss: 2.6019, Accuracy: 10654/23808 F1 (44.7497%)


Val set: Average loss: 2.4305, Accuracy: 171/360 F1 (47.5000%)

best acc test 44.749664  acc val 47.500000 acc labeled target 39.722222
saving model...
S real T sketch Train Ep: 600 lr0.00957239477517603 	 Loss Classification: 0.943986 Loss T 0.172838 Method MME

S real T sketch Train Ep: 700 lr0.009505219859830012 	 Loss Classification: 1.170669 Loss T 0.177243 Method MME

S real T sketch Train Ep: 800 lr0.009439134693595126 	 Loss Classification: 0.482771 Loss T 0.180610 Method MME

S real T sketch Train Ep: 900 lr0.009374111751051751 	 Loss Classification: 0.759655 Loss T 0.148874 Method MME

S real T sketch Train Ep: 1000 lr0.009310124446222227 	 Loss Classification: 0.632714 Loss T 0.129736 Method MME

tensor([1.5000, 1.5000, 1.5000, 0.5000, 0.5000, 0.5000, 0.5000, 1.5000, 0.5000,
        0.5000, 1.5000, 1.5000, 0.5000, 0.5000, 1.5000, 0.5000, 1.5000, 1.5000,
        0.5000, 0.5000, 1.5000, 0.5000, 0.5000, 0.5000, 1.5000, 0.5000, 0.5000,
        1.5000, 1.5000, 0.5000, 0.5000, 0.5000, 0.5000, 1.5000, 1.5000, 0.5000,
        0.5000, 0.5000, 1.5000, 1.5000, 0.5000, 1.5000, 0.5000, 0.5000, 0.5000,
        0.5000, 1.5000, 1.5000, 1.5000, 1.5000, 0.5000, 0.5000, 1.5000, 0.5000,
        1.5000, 0.5000, 0.5000, 1.5000, 0.0000, 1.5000, 1.5000, 0.5000, 1.5000,
        0.5000, 0.5000, 0.5000, 1.5000, 1.5000, 0.5000, 1.5000, 0.5000, 0.5000,
        0.5000, 1.5000, 0.0000, 0.5000, 0.5000, 1.5000, 0.5000, 1.5000, 0.5000,
        0.5000, 0.5000, 1.5000, 0.5000, 0.5000, 1.5000, 1.5000, 0.5000, 1.5000,
        0.5000, 1.5000, 1.5000, 1.5000, 1.5000, 0.0000, 0.5000, 1.5000, 0.5000,
        0.5000, 1.5000, 0.5000, 0.5000, 0.5000, 1.5000, 0.5000, 0.0000, 0.5000,
        0.5000, 0.5000, 0.5000, 1.5000, 0.5000, 0.0000, 1.5000, 1.5000, 0.5000,
        0.5000, 0.5000, 0.0000, 1.5000, 1.5000, 0.5000, 0.5000, 0.5000, 1.5000],
       device='cuda:0')

Labeled Target set: Average loss: 2.5296, Accuracy: 497/1080 F1 (46.0185%)


Test set: Average loss: 2.4983, Accuracy: 11683/23808 F1 (49.0717%)


Val set: Average loss: 2.2710, Accuracy: 180/360 F1 (50.0000%)

best acc test 49.071741  acc val 50.000000 acc labeled target 46.018519
saving model...
S real T sketch Train Ep: 1100 lr0.00924714709232377 	 Loss Classification: 1.319510 Loss T 0.164771 Method MME

S real T sketch Train Ep: 1200 lr0.009185154863590003 	 Loss Classification: 0.508002 Loss T 0.124125 Method MME

S real T sketch Train Ep: 1300 lr0.00912412375903735 	 Loss Classification: 0.724929 Loss T 0.145038 Method MME

S real T sketch Train Ep: 1400 lr0.009064030568061049 	 Loss Classification: 0.985298 Loss T 0.162975 Method MME

S real T sketch Train Ep: 1500 lr0.009004852837753237 	 Loss Classification: 0.583544 Loss T 0.115397 Method MME

tensor([1.5000, 1.5000, 1.5000, 0.0000, 1.5000, 0.5000, 1.5000, 1.5000, 0.5000,
        0.5000, 1.5000, 1.5000, 0.5000, 0.5000, 1.5000, 0.5000, 0.5000, 1.5000,
        1.5000, 0.5000, 1.5000, 1.5000, 0.5000, 0.5000, 1.5000, 0.0000, 0.5000,
        1.5000, 0.5000, 0.5000, 1.5000, 0.5000, 1.5000, 1.5000, 1.5000, 0.5000,
        0.5000, 0.5000, 1.5000, 1.5000, 0.5000, 1.5000, 0.5000, 0.5000, 0.5000,
        1.5000, 1.5000, 1.5000, 0.5000, 1.5000, 0.5000, 0.5000, 0.0000, 0.5000,
        1.5000, 0.5000, 0.0000, 1.5000, 0.0000, 0.5000, 1.5000, 0.5000, 1.5000,
        0.5000, 1.5000, 1.5000, 0.5000, 1.5000, 0.5000, 1.5000, 0.0000, 0.5000,
        0.5000, 0.5000, 1.5000, 0.5000, 0.5000, 1.5000, 0.5000, 1.5000, 0.5000,
        1.5000, 0.5000, 1.5000, 0.5000, 0.5000, 1.5000, 1.5000, 0.5000, 0.5000,
        0.5000, 1.5000, 1.5000, 1.5000, 1.5000, 0.5000, 1.5000, 1.5000, 0.5000,
        0.5000, 1.5000, 0.5000, 1.5000, 1.5000, 1.5000, 0.5000, 0.5000, 0.5000,
        0.5000, 0.5000, 0.5000, 1.5000, 0.5000, 1.5000, 0.5000, 1.5000, 0.5000,
        1.5000, 0.5000, 0.5000, 1.5000, 1.5000, 0.5000, 0.5000, 0.5000, 1.5000],
       device='cuda:0')

Labeled Target set: Average loss: 2.4198, Accuracy: 517/1080 F1 (47.8704%)


Test set: Average loss: 2.2948, Accuracy: 12511/23808 F1 (52.5496%)


Val set: Average loss: 2.1344, Accuracy: 193/360 F1 (53.6111%)

best acc test 52.549563  acc val 53.611111 acc labeled target 47.870370
saving model...
S real T sketch Train Ep: 1600 lr0.008946568841842816 	 Loss Classification: 0.644165 Loss T 0.138169 Method MME

S real T sketch Train Ep: 1700 lr0.008889157551163433 	 Loss Classification: 0.798590 Loss T 0.132283 Method MME

S real T sketch Train Ep: 1800 lr0.008832598605562044 	 Loss Classification: 0.672920 Loss T 0.137162 Method MME

S real T sketch Train Ep: 1900 lr0.008776872287166303 	 Loss Classification: 0.489011 Loss T 0.147114 Method MME

S real T sketch Train Ep: 2000 lr0.008721959494934213 	 Loss Classification: 0.762396 Loss T 0.158560 Method MME

tensor([1.5000, 1.5000, 1.5000, 0.5000, 0.5000, 0.5000, 1.5000, 1.5000, 1.5000,
        0.5000, 1.5000, 1.5000, 0.5000, 0.5000, 0.5000, 0.5000, 0.5000, 1.5000,
        0.5000, 0.5000, 1.5000, 1.5000, 0.5000, 0.5000, 1.5000, 0.5000, 0.5000,
        1.5000, 1.5000, 1.5000, 0.5000, 0.5000, 0.5000, 1.5000, 1.5000, 0.5000,
        0.5000, 0.5000, 1.5000, 1.5000, 0.5000, 1.5000, 0.5000, 0.5000, 0.5000,
        1.5000, 1.5000, 0.5000, 0.5000, 1.5000, 0.5000, 0.5000, 1.5000, 0.5000,
        1.5000, 1.5000, 0.5000, 1.5000, 1.5000, 1.5000, 1.5000, 0.0000, 1.5000,
        0.5000, 1.5000, 0.5000, 0.5000, 0.5000, 0.5000, 1.5000, 0.5000, 0.5000,
        0.5000, 1.5000, 1.5000, 0.5000, 0.5000, 0.5000, 0.0000, 1.5000, 0.5000,
        0.5000, 0.5000, 1.5000, 0.5000, 0.5000, 1.5000, 1.5000, 0.5000, 0.5000,
        0.5000, 1.5000, 1.5000, 1.5000, 1.5000, 1.5000, 0.5000, 0.5000, 0.5000,
        0.5000, 0.5000, 0.0000, 1.5000, 0.5000, 1.5000, 0.5000, 0.5000, 1.5000,
        0.5000, 0.5000, 0.5000, 1.5000, 0.5000, 1.5000, 0.5000, 1.5000, 1.5000,
        0.5000, 0.5000, 0.5000, 1.5000, 1.5000, 1.5000, 0.5000, 0.5000, 1.5000],
       device='cuda:0')

Labeled Target set: Average loss: 2.5519, Accuracy: 503/1080 F1 (46.5741%)


Test set: Average loss: 2.3633, Accuracy: 12346/23808 F1 (51.8565%)


Val set: Average loss: 2.1283, Accuracy: 196/360 F1 (54.4444%)

best acc test 51.856519  acc val 54.444444 acc labeled target 46.574074
saving model...
S real T sketch Train Ep: 2100 lr0.008667841720414475 	 Loss Classification: 0.642836 Loss T 0.128955 Method MME

S real T sketch Train Ep: 2200 lr0.008614501024650454 	 Loss Classification: 0.929148 Loss T 0.125608 Method MME

S real T sketch Train Ep: 2300 lr0.008561920016164943 	 Loss Classification: 0.831557 Loss T 0.108436 Method MME

S real T sketch Train Ep: 2400 lr0.008510081829966844 	 Loss Classification: 1.426328 Loss T 0.144225 Method MME

S real T sketch Train Ep: 2500 lr0.008458970107524513 	 Loss Classification: 1.626641 Loss T 0.092421 Method MME

tensor([1.5000, 1.5000, 1.5000, 1.5000, 0.5000, 0.5000, 1.5000, 1.5000, 0.5000,
        0.5000, 1.5000, 1.5000, 0.5000, 0.5000, 1.5000, 0.5000, 0.5000, 1.5000,
        1.5000, 0.5000, 1.5000, 1.5000, 0.5000, 0.5000, 1.5000, 0.5000, 0.5000,
        1.5000, 1.5000, 0.5000, 0.5000, 0.5000, 1.5000, 1.5000, 1.5000, 1.5000,
        0.5000, 0.5000, 1.5000, 1.5000, 1.5000, 1.5000, 0.5000, 0.5000, 0.5000,
        1.5000, 1.5000, 1.5000, 0.5000, 1.5000, 0.5000, 0.5000, 1.5000, 0.0000,
        0.5000, 1.5000, 1.5000, 1.5000, 1.5000, 1.5000, 1.5000, 0.5000, 1.5000,
        0.5000, 1.5000, 1.5000, 0.5000, 1.5000, 0.5000, 1.5000, 0.5000, 0.5000,
        1.5000, 0.5000, 1.5000, 0.5000, 0.5000, 1.5000, 0.5000, 0.5000, 0.5000,
        1.5000, 0.5000, 0.5000, 0.5000, 0.5000, 1.5000, 1.5000, 0.5000, 1.5000,
        0.5000, 1.5000, 1.5000, 1.5000, 1.5000, 0.5000, 0.0000, 1.5000, 0.5000,
        0.5000, 1.5000, 1.5000, 1.5000, 1.5000, 1.5000, 0.5000, 0.5000, 1.5000,
        0.5000, 0.5000, 0.5000, 1.5000, 1.5000, 1.5000, 0.5000, 1.5000, 1.5000,
        0.5000, 1.5000, 0.5000, 1.5000, 1.5000, 1.5000, 0.5000, 0.5000, 1.5000],
       device='cuda:0')

Labeled Target set: Average loss: 2.2123, Accuracy: 577/1080 F1 (53.4259%)


Test set: Average loss: 2.1964, Accuracy: 13095/23808 F1 (55.0025%)


Val set: Average loss: 2.0478, Accuracy: 204/360 F1 (56.6667%)

best acc test 55.002520  acc val 56.666667 acc labeled target 53.425926
saving model...
S real T sketch Train Ep: 2600 lr0.008408568977653933 	 Loss Classification: 0.460836 Loss T 0.120806 Method MME

S real T sketch Train Ep: 2700 lr0.00835886303827305 	 Loss Classification: 0.469692 Loss T 0.123155 Method MME

S real T sketch Train Ep: 2800 lr0.008309837338976545 	 Loss Classification: 0.880404 Loss T 0.094991 Method MME

S real T sketch Train Ep: 2900 lr0.008261477364388068 	 Loss Classification: 0.709785 Loss T 0.125546 Method MME

S real T sketch Train Ep: 3000 lr0.008213769018249545 	 Loss Classification: 0.233282 Loss T 0.104380 Method MME

tensor([1.5000, 1.5000, 1.5000, 1.5000, 0.0000, 0.5000, 1.5000, 1.5000, 1.5000,
        0.5000, 1.5000, 1.5000, 0.5000, 0.5000, 1.5000, 0.5000, 1.5000, 1.5000,
        0.5000, 0.5000, 1.5000, 1.5000, 0.5000, 1.5000, 1.5000, 0.5000, 0.5000,
        1.5000, 1.5000, 0.5000, 0.0000, 0.5000, 0.5000, 1.5000, 1.5000, 0.5000,
        0.5000, 0.5000, 1.5000, 1.5000, 1.5000, 1.5000, 0.5000, 0.5000, 1.5000,
        1.5000, 1.5000, 1.5000, 0.5000, 1.5000, 0.5000, 0.5000, 1.5000, 0.5000,
        1.5000, 0.5000, 1.5000, 1.5000, 1.5000, 1.5000, 1.5000, 0.5000, 1.5000,
        0.5000, 1.5000, 1.5000, 1.5000, 1.5000, 0.5000, 1.5000, 0.5000, 0.5000,
        1.5000, 1.5000, 1.5000, 0.5000, 0.5000, 1.5000, 1.5000, 1.5000, 0.5000,
        1.5000, 0.5000, 1.5000, 0.5000, 0.5000, 1.5000, 1.5000, 0.5000, 0.5000,
        0.5000, 1.5000, 1.5000, 1.5000, 1.5000, 0.5000, 1.5000, 1.5000, 0.5000,
        0.5000, 1.5000, 1.5000, 1.5000, 1.5000, 1.5000, 0.5000, 0.5000, 1.5000,
        0.5000, 0.5000, 0.5000, 1.5000, 0.5000, 1.5000, 1.5000, 1.5000, 0.5000,
        0.0000, 0.5000, 0.5000, 1.5000, 1.5000, 1.5000, 0.5000, 0.5000, 1.5000],
       device='cuda:0')

Labeled Target set: Average loss: 2.2240, Accuracy: 584/1080 F1 (54.0741%)


Test set: Average loss: 2.2942, Accuracy: 13248/23808 F1 (55.6452%)


Val set: Average loss: 2.0200, Accuracy: 200/360 F1 (55.5556%)

best acc test 55.002520  acc val 55.555556 acc labeled target 54.074074
saving model...
S real T sketch Train Ep: 3100 lr0.008166698608209509 	 Loss Classification: 0.378456 Loss T 0.100886 Method MME

S real T sketch Train Ep: 3200 lr0.008120252831274708 	 Loss Classification: 0.978283 Loss T 0.091687 Method MME

S real T sketch Train Ep: 3300 lr0.008074418759891278 	 Loss Classification: 0.396609 Loss T 0.121801 Method MME

S real T sketch Train Ep: 3400 lr0.008029183828623731 	 Loss Classification: 0.689586 Loss T 0.114500 Method MME

S real T sketch Train Ep: 3500 lr0.007984535821401871 	 Loss Classification: 0.518750 Loss T 0.099027 Method MME

tensor([0.5000, 1.5000, 0.5000, 0.5000, 1.5000, 0.5000, 1.5000, 1.5000, 0.0000,
        0.5000, 1.5000, 1.5000, 0.5000, 0.5000, 0.5000, 0.5000, 1.5000, 1.5000,
        0.5000, 0.5000, 1.5000, 1.5000, 1.5000, 0.5000, 1.5000, 0.5000, 0.5000,
        1.5000, 1.5000, 0.5000, 0.5000, 0.0000, 0.5000, 1.5000, 1.5000, 1.5000,
        0.0000, 0.5000, 1.5000, 1.5000, 1.5000, 1.5000, 1.5000, 0.5000, 0.5000,
        1.5000, 1.5000, 1.5000, 0.0000, 1.5000, 0.5000, 0.5000, 1.5000, 0.5000,
        1.5000, 0.5000, 1.5000, 1.5000, 1.5000, 1.5000, 1.5000, 0.5000, 1.5000,
        0.5000, 1.5000, 1.5000, 0.5000, 1.5000, 0.5000, 1.5000, 0.5000, 0.5000,
        1.5000, 1.5000, 1.5000, 0.5000, 0.5000, 1.5000, 1.5000, 1.5000, 0.5000,
        1.5000, 0.5000, 1.5000, 0.5000, 0.5000, 1.5000, 1.5000, 0.5000, 0.5000,
        0.5000, 1.5000, 1.5000, 1.5000, 1.5000, 0.5000, 1.5000, 1.5000, 0.5000,
        0.5000, 1.5000, 1.5000, 1.5000, 1.5000, 1.5000, 0.5000, 0.5000, 0.5000,
        0.5000, 0.5000, 1.5000, 1.5000, 0.5000, 1.5000, 1.5000, 1.5000, 0.5000,
        0.5000, 0.5000, 0.5000, 1.5000, 1.5000, 1.5000, 0.5000, 0.5000, 1.5000],
       device='cuda:0')

Labeled Target set: Average loss: 2.4056, Accuracy: 580/1080 F1 (53.7037%)


Test set: Average loss: 2.4098, Accuracy: 13075/23808 F1 (54.9185%)


Val set: Average loss: 2.2676, Accuracy: 205/360 F1 (56.9444%)

best acc test 54.918515  acc val 56.944444 acc labeled target 53.703704
saving model...
S real T sketch Train Ep: 3600 lr0.007940462859307384 	 Loss Classification: 0.723597 Loss T 0.076958 Method MME

S real T sketch Train Ep: 3700 lr0.007896953388873518 	 Loss Classification: 0.584424 Loss T 0.119205 Method MME

S real T sketch Train Ep: 3800 lr0.007853996170872714 	 Loss Classification: 0.700725 Loss T 0.116013 Method MME

S real T sketch Train Ep: 3900 lr0.00781158026956848 	 Loss Classification: 0.892013 Loss T 0.104999 Method MME

S real T sketch Train Ep: 4000 lr0.007769695042409123 	 Loss Classification: 0.664296 Loss T 0.108602 Method MME

tensor([1.5000, 1.5000, 0.5000, 0.5000, 1.5000, 0.5000, 1.5000, 1.5000, 1.5000,
        0.5000, 1.5000, 1.5000, 0.5000, 0.5000, 0.5000, 0.5000, 1.5000, 1.5000,
        0.5000, 0.5000, 1.5000, 1.5000, 0.5000, 0.5000, 1.5000, 0.5000, 0.5000,
        1.5000, 1.5000, 0.5000, 0.5000, 0.5000, 1.5000, 0.5000, 1.5000, 0.5000,
        0.5000, 0.5000, 1.5000, 1.5000, 0.5000, 1.5000, 1.5000, 0.5000, 1.5000,
        1.5000, 1.5000, 1.5000, 1.5000, 1.5000, 0.5000, 0.5000, 1.5000, 0.5000,
        1.5000, 0.5000, 1.5000, 1.5000, 1.5000, 1.5000, 0.0000, 0.0000, 1.5000,
        0.5000, 0.5000, 1.5000, 0.5000, 1.5000, 0.5000, 1.5000, 0.5000, 0.5000,
        1.5000, 1.5000, 1.5000, 0.5000, 0.5000, 1.5000, 1.5000, 1.5000, 0.5000,
        1.5000, 0.0000, 0.5000, 0.5000, 1.5000, 1.5000, 1.5000, 0.5000, 0.5000,
        0.5000, 1.5000, 1.5000, 1.5000, 1.5000, 1.5000, 0.5000, 1.5000, 0.5000,
        0.5000, 1.5000, 1.5000, 1.5000, 0.0000, 1.5000, 0.5000, 0.5000, 0.5000,
        0.5000, 0.5000, 0.5000, 1.5000, 0.5000, 1.5000, 1.5000, 1.5000, 0.5000,
        1.5000, 0.5000, 0.5000, 1.5000, 1.5000, 1.5000, 0.5000, 0.5000, 1.5000],
       device='cuda:0')

Labeled Target set: Average loss: 2.3775, Accuracy: 571/1080 F1 (52.8704%)


Test set: Average loss: 2.2862, Accuracy: 13403/23808 F1 (56.2962%)


Val set: Average loss: 2.1657, Accuracy: 204/360 F1 (56.6667%)

best acc test 54.918515  acc val 56.666667 acc labeled target 52.870370
saving model...
S real T sketch Train Ep: 4100 lr0.007728330130142108 	 Loss Classification: 0.745872 Loss T 0.107880 Method MME

S real T sketch Train Ep: 4200 lr0.007687475447329114 	 Loss Classification: 0.568916 Loss T 0.094878 Method MME

S real T sketch Train Ep: 4300 lr0.0076471211732427845 	 Loss Classification: 0.389799 Loss T 0.110914 Method MME

S real T sketch Train Ep: 4400 lr0.007607257743127307 	 Loss Classification: 1.077933 Loss T 0.075613 Method MME

S real T sketch Train Ep: 4500 lr0.007567875839805858 	 Loss Classification: 0.284696 Loss T 0.106327 Method MME

tensor([1.5000, 1.5000, 1.5000, 0.0000, 1.5000, 0.5000, 1.5000, 1.5000, 1.5000,
        0.5000, 1.5000, 1.5000, 0.5000, 0.5000, 1.5000, 0.5000, 0.5000, 1.5000,
        0.5000, 0.5000, 1.5000, 1.5000, 0.5000, 0.5000, 1.5000, 0.5000, 0.5000,
        1.5000, 1.5000, 0.5000, 0.0000, 0.5000, 0.5000, 1.5000, 1.5000, 1.5000,
        0.5000, 0.5000, 0.5000, 1.5000, 0.5000, 1.5000, 1.5000, 0.5000, 1.5000,
        0.5000, 1.5000, 1.5000, 0.5000, 1.5000, 0.0000, 0.5000, 1.5000, 0.5000,
        0.5000, 0.5000, 0.5000, 1.5000, 1.5000, 1.5000, 1.5000, 0.5000, 1.5000,
        0.5000, 1.5000, 0.5000, 0.5000, 1.5000, 0.5000, 1.5000, 0.5000, 0.5000,
        0.5000, 0.5000, 1.5000, 0.5000, 0.5000, 1.5000, 1.5000, 1.5000, 0.5000,
        1.5000, 0.5000, 0.0000, 1.5000, 1.5000, 1.5000, 1.5000, 0.5000, 0.5000,
        0.5000, 1.5000, 1.5000, 1.5000, 1.5000, 1.5000, 1.5000, 1.5000, 0.5000,
        0.5000, 1.5000, 1.5000, 1.5000, 0.0000, 1.5000, 0.5000, 0.5000, 0.5000,
        0.5000, 0.5000, 1.5000, 1.5000, 0.5000, 1.5000, 1.5000, 1.5000, 0.5000,
        1.5000, 0.5000, 0.5000, 1.5000, 1.5000, 1.5000, 0.5000, 0.5000, 1.5000],
       device='cuda:0')

Labeled Target set: Average loss: 2.2549, Accuracy: 578/1080 F1 (53.5185%)


Test set: Average loss: 2.2503, Accuracy: 13589/23808 F1 (57.0775%)


Val set: Average loss: 2.0913, Accuracy: 215/360 F1 (59.7222%)

best acc test 57.077453  acc val 59.722222 acc labeled target 53.518519
saving model...
S real T sketch Train Ep: 4600 lr0.007528966385618854 	 Loss Classification: 0.723698 Loss T 0.102394 Method MME

S real T sketch Train Ep: 4700 lr0.007490520534677821 	 Loss Classification: 0.477021 Loss T 0.107283 Method MME

S real T sketch Train Ep: 4800 lr0.007452529665420465 	 Loss Classification: 0.371193 Loss T 0.094015 Method MME

S real T sketch Train Ep: 4900 lr0.007414985373453289 	 Loss Classification: 0.589644 Loss T 0.080504 Method MME

S real T sketch Train Ep: 5000 lr0.007377879464668811 	 Loss Classification: 0.833448 Loss T 0.078202 Method MME

tensor([1.5000, 1.5000, 0.5000, 1.5000, 1.5000, 0.5000, 1.5000, 1.5000, 1.5000,
        0.5000, 1.5000, 1.5000, 0.5000, 0.5000, 0.5000, 0.5000, 0.5000, 1.5000,
        0.5000, 0.5000, 1.5000, 1.5000, 0.5000, 0.5000, 0.5000, 0.5000, 0.5000,
        1.5000, 0.5000, 0.5000, 0.5000, 0.5000, 0.5000, 0.5000, 0.5000, 0.5000,
        0.5000, 0.5000, 1.5000, 1.5000, 0.5000, 0.0000, 1.5000, 0.5000, 1.5000,
        1.5000, 1.5000, 1.5000, 0.5000, 1.5000, 0.5000, 0.5000, 1.5000, 0.5000,
        1.5000, 1.5000, 1.5000, 1.5000, 1.5000, 1.5000, 1.5000, 0.5000, 1.5000,
        0.5000, 1.5000, 1.5000, 0.5000, 1.5000, 0.5000, 1.5000, 0.5000, 0.5000,
        1.5000, 1.5000, 1.5000, 0.5000, 1.5000, 1.5000, 1.5000, 1.5000, 0.5000,
        1.5000, 0.5000, 1.5000, 0.5000, 0.5000, 1.5000, 1.5000, 0.5000, 0.5000,
        0.5000, 1.5000, 1.5000, 1.5000, 1.5000, 0.5000, 1.5000, 1.5000, 0.5000,
        0.5000, 1.5000, 1.5000, 1.5000, 1.5000, 1.5000, 0.5000, 0.5000, 0.5000,
        0.5000, 0.5000, 1.5000, 1.5000, 0.5000, 1.5000, 1.5000, 1.5000, 0.5000,
        1.5000, 0.5000, 0.5000, 1.5000, 1.5000, 0.0000, 0.5000, 0.5000, 1.5000],
       device='cuda:0')

Labeled Target set: Average loss: 2.5116, Accuracy: 571/1080 F1 (52.8704%)


Test set: Average loss: 2.5275, Accuracy: 13134/23808 F1 (55.1663%)


Val set: Average loss: 2.3762, Accuracy: 193/360 F1 (53.6111%)

best acc test 57.077453  acc val 53.611111 acc labeled target 52.870370
saving model...
S real T sketch Train Ep: 5100 lr0.007341203948625087 	 Loss Classification: 0.307767 Loss T 0.101981 Method MME

S real T sketch Train Ep: 5200 lr0.007304951032175895 	 Loss Classification: 0.726981 Loss T 0.107691 Method MME

S real T sketch Train Ep: 5300 lr0.007269113113340497 	 Loss Classification: 0.186347 Loss T 0.098883 Method MME

S real T sketch Train Ep: 5400 lr0.007233682775402483 	 Loss Classification: 0.637110 Loss T 0.096733 Method MME

S real T sketch Train Ep: 5500 lr0.007198652781227704 	 Loss Classification: 0.330974 Loss T 0.073888 Method MME

tensor([1.5000, 1.5000, 0.5000, 0.5000, 0.5000, 0.5000, 1.5000, 1.5000, 1.5000,
        0.5000, 1.5000, 1.5000, 0.5000, 0.5000, 1.5000, 0.5000, 0.5000, 1.5000,
        0.5000, 0.5000, 1.5000, 1.5000, 0.5000, 0.5000, 0.5000, 0.0000, 0.5000,
        1.5000, 1.5000, 0.5000, 0.5000, 0.5000, 0.5000, 0.5000, 1.5000, 1.5000,
        0.5000, 0.5000, 1.5000, 1.5000, 1.5000, 1.5000, 0.5000, 0.5000, 1.5000,
        1.5000, 1.5000, 1.5000, 0.5000, 1.5000, 0.5000, 0.5000, 1.5000, 0.5000,
        1.5000, 1.5000, 1.5000, 1.5000, 1.5000, 1.5000, 1.5000, 0.5000, 1.5000,
        0.5000, 1.5000, 1.5000, 0.5000, 1.5000, 0.5000, 1.5000, 0.5000, 0.5000,
        1.5000, 1.5000, 1.5000, 0.5000, 0.5000, 1.5000, 1.5000, 1.5000, 0.5000,
        1.5000, 0.5000, 1.5000, 0.5000, 0.5000, 1.5000, 1.5000, 0.5000, 0.5000,
        0.5000, 1.5000, 1.5000, 1.5000, 1.5000, 0.5000, 0.5000, 1.5000, 0.5000,
        0.5000, 1.5000, 0.0000, 1.5000, 1.5000, 1.5000, 0.5000, 0.5000, 0.5000,
        0.5000, 0.5000, 0.5000, 1.5000, 1.5000, 1.5000, 1.5000, 1.5000, 0.5000,
        0.0000, 0.5000, 0.5000, 1.5000, 1.5000, 1.5000, 0.5000, 0.5000, 1.5000],
       device='cuda:0')

Labeled Target set: Average loss: 2.2977, Accuracy: 590/1080 F1 (54.6296%)


Test set: Average loss: 2.3958, Accuracy: 13230/23808 F1 (55.5696%)


Val set: Average loss: 2.2636, Accuracy: 203/360 F1 (56.3889%)

best acc test 57.077453  acc val 56.388889 acc labeled target 54.629630
saving model...
S real T sketch Train Ep: 5600 lr0.007164016067791809 	 Loss Classification: 0.932883 Loss T 0.087036 Method MME

S real T sketch Train Ep: 5700 lr0.0071297657409083726 	 Loss Classification: 0.377547 Loss T 0.099660 Method MME

S real T sketch Train Ep: 5800 lr0.0070958950701490225 	 Loss Classification: 0.320850 Loss T 0.079690 Method MME

S real T sketch Train Ep: 5900 lr0.007062397483947426 	 Loss Classification: 0.868253 Loss T 0.123184 Method MME

S real T sketch Train Ep: 6000 lr0.007029266564879363 	 Loss Classification: 0.303615 Loss T 0.096203 Method MME

tensor([1.5000, 1.5000, 0.5000, 0.5000, 1.5000, 0.5000, 0.5000, 1.5000, 1.5000,
        0.5000, 1.5000, 1.5000, 0.5000, 0.5000, 1.5000, 0.5000, 0.5000, 1.5000,
        0.5000, 0.5000, 1.5000, 1.5000, 0.5000, 0.5000, 0.5000, 0.0000, 0.5000,
        1.5000, 1.5000, 0.5000, 0.5000, 0.5000, 0.5000, 0.5000, 1.5000, 0.5000,
        0.5000, 0.5000, 1.5000, 1.5000, 0.5000, 1.5000, 1.5000, 0.5000, 1.5000,
        1.5000, 0.5000, 1.5000, 0.0000, 1.5000, 0.5000, 0.0000, 1.5000, 0.5000,
        1.5000, 0.0000, 1.5000, 1.5000, 1.5000, 1.5000, 1.5000, 0.5000, 1.5000,
        0.5000, 1.5000, 1.5000, 0.5000, 1.5000, 0.5000, 1.5000, 0.5000, 0.5000,
        0.5000, 1.5000, 1.5000, 0.5000, 0.5000, 1.5000, 0.5000, 1.5000, 0.5000,
        1.5000, 0.5000, 0.5000, 0.5000, 0.5000, 1.5000, 1.5000, 0.5000, 0.5000,
        0.5000, 1.5000, 1.5000, 1.5000, 1.5000, 0.5000, 0.5000, 1.5000, 0.5000,
        0.5000, 1.5000, 1.5000, 1.5000, 1.5000, 1.5000, 0.5000, 0.5000, 0.5000,
        0.5000, 0.5000, 0.5000, 1.5000, 1.5000, 1.5000, 1.5000, 1.5000, 0.5000,
        1.5000, 0.5000, 0.5000, 1.5000, 1.5000, 0.0000, 0.5000, 0.5000, 1.5000],
       device='cuda:0')

Labeled Target set: Average loss: 2.6065, Accuracy: 547/1080 F1 (50.6481%)


Test set: Average loss: 2.5035, Accuracy: 12966/23808 F1 (54.4607%)


Val set: Average loss: 2.3669, Accuracy: 189/360 F1 (52.5000%)

best acc test 57.077453  acc val 52.500000 acc labeled target 50.648148
saving model...
S real T sketch Train Ep: 6100 lr0.006996496045111504 	 Loss Classification: 0.504778 Loss T 0.097507 Method MME

S real T sketch Train Ep: 6200 lr0.00696407980201184 	 Loss Classification: 0.513831 Loss T 0.088738 Method MME

S real T sketch Train Ep: 6300 lr0.006932011853915101 	 Loss Classification: 0.800257 Loss T 0.082940 Method MME

S real T sketch Train Ep: 6400 lr0.006900286356036734 	 Loss Classification: 0.565774 Loss T 0.092482 Method MME

S real T sketch Train Ep: 6500 lr0.006868897596529406 	 Loss Classification: 0.254594 Loss T 0.077041 Method MME

tensor([1.5000, 1.5000, 0.5000, 0.5000, 0.5000, 0.5000, 1.5000, 1.5000, 1.5000,
        0.5000, 1.5000, 1.5000, 0.5000, 0.5000, 0.5000, 0.5000, 0.5000, 1.5000,
        0.5000, 0.5000, 1.5000, 1.5000, 0.5000, 0.5000, 0.0000, 0.5000, 0.5000,
        1.5000, 0.0000, 0.5000, 0.5000, 0.5000, 0.5000, 0.5000, 0.5000, 0.5000,
        0.5000, 0.5000, 1.5000, 1.5000, 0.5000, 1.5000, 1.5000, 0.5000, 1.5000,
        1.5000, 1.5000, 1.5000, 0.5000, 1.5000, 0.5000, 0.5000, 1.5000, 0.5000,
        1.5000, 1.5000, 1.5000, 1.5000, 1.5000, 1.5000, 1.5000, 0.5000, 1.5000,
        0.5000, 1.5000, 1.5000, 0.5000, 1.5000, 0.5000, 1.5000, 0.5000, 0.5000,
        1.5000, 0.5000, 1.5000, 0.5000, 0.5000, 1.5000, 1.5000, 1.5000, 0.5000,
        1.5000, 0.5000, 1.5000, 0.0000, 0.5000, 1.5000, 1.5000, 0.5000, 0.5000,
        0.5000, 1.5000, 1.5000, 1.5000, 1.5000, 0.5000, 0.5000, 1.5000, 0.5000,
        0.5000, 1.5000, 0.5000, 1.5000, 0.5000, 1.5000, 0.5000, 0.5000, 0.5000,
        0.5000, 0.5000, 0.5000, 1.5000, 1.5000, 1.5000, 1.5000, 1.5000, 0.5000,
        1.5000, 0.5000, 0.5000, 1.5000, 1.5000, 0.5000, 0.5000, 0.5000, 1.5000],
       device='cuda:0')

Labeled Target set: Average loss: 2.7198, Accuracy: 536/1080 F1 (49.6296%)


Test set: Average loss: 2.5782, Accuracy: 13041/23808 F1 (54.7757%)


Val set: Average loss: 2.4410, Accuracy: 198/360 F1 (55.0000%)

best acc test 57.077453  acc val 55.000000 acc labeled target 49.629630
saving model...
S real T sketch Train Ep: 6600 lr0.006837839992676177 	 Loss Classification: 0.568465 Loss T 0.080707 Method MME

S real T sketch Train Ep: 6700 lr0.006807108087214876 	 Loss Classification: 0.661144 Loss T 0.094291 Method MME

S real T sketch Train Ep: 6800 lr0.006776696544788352 	 Loss Classification: 0.488873 Loss T 0.097905 Method MME

S real T sketch Train Ep: 6900 lr0.006746600148515609 	 Loss Classification: 0.769536 Loss T 0.076273 Method MME

S real T sketch Train Ep: 7000 lr0.006716813796678979 	 Loss Classification: 0.677127 Loss T 0.106017 Method MME

tensor([1.5000, 1.5000, 1.5000, 0.5000, 0.5000, 0.5000, 1.5000, 1.5000, 1.5000,
        0.5000, 1.5000, 1.5000, 0.5000, 0.5000, 0.0000, 0.5000, 0.5000, 1.5000,
        0.5000, 0.5000, 1.5000, 1.5000, 0.5000, 0.5000, 0.5000, 0.5000, 0.5000,
        1.5000, 1.5000, 0.5000, 1.5000, 0.5000, 0.5000, 0.5000, 0.5000, 0.5000,
        0.5000, 0.5000, 1.5000, 1.5000, 0.5000, 1.5000, 1.5000, 0.5000, 0.5000,
        1.5000, 1.5000, 1.5000, 1.5000, 1.5000, 0.5000, 0.5000, 1.5000, 0.5000,
        0.5000, 0.0000, 1.5000, 1.5000, 1.5000, 1.5000, 1.5000, 0.5000, 1.5000,
        0.5000, 1.5000, 1.5000, 0.5000, 1.5000, 0.5000, 1.5000, 0.5000, 0.5000,
        1.5000, 0.5000, 1.5000, 0.5000, 0.5000, 1.5000, 1.5000, 1.5000, 0.5000,
        1.5000, 0.5000, 0.5000, 0.5000, 0.5000, 1.5000, 1.5000, 0.5000, 0.5000,
        0.5000, 1.5000, 1.5000, 1.5000, 1.5000, 0.5000, 0.5000, 1.5000, 0.5000,
        0.5000, 1.5000, 0.5000, 0.0000, 0.0000, 1.5000, 0.5000, 0.5000, 0.5000,
        0.5000, 0.5000, 0.5000, 0.0000, 1.5000, 1.5000, 1.5000, 1.5000, 0.5000,
        1.5000, 0.5000, 0.5000, 1.5000, 1.5000, 1.5000, 0.5000, 0.5000, 1.5000],
       device='cuda:0')

Labeled Target set: Average loss: 2.9157, Accuracy: 511/1080 F1 (47.3148%)


Test set: Average loss: 2.6446, Accuracy: 12562/23808 F1 (52.7638%)


Val set: Average loss: 2.6187, Accuracy: 178/360 F1 (49.4444%)

best acc test 57.077453  acc val 49.444444 acc labeled target 47.314815
saving model...
S real T sketch Train Ep: 7100 lr0.006687332499522798 	 Loss Classification: 0.309226 Loss T 0.095736 Method MME

S real T sketch Train Ep: 7200 lr0.006658151376159165 	 Loss Classification: 0.238607 Loss T 0.099824 Method MME

S real T sketch Train Ep: 7300 lr0.00662926565157663 	 Loss Classification: 0.523997 Loss T 0.079633 Method MME

S real T sketch Train Ep: 7400 lr0.006600670653747793 	 Loss Classification: 0.237460 Loss T 0.088718 Method MME

S real T sketch Train Ep: 7500 lr0.0065723618108320175 	 Loss Classification: 0.431963 Loss T 0.069226 Method MME

tensor([0.5000, 1.5000, 0.5000, 0.5000, 0.5000, 0.5000, 1.5000, 1.5000, 1.5000,
        0.5000, 1.5000, 1.5000, 0.5000, 0.5000, 0.5000, 0.5000, 0.5000, 1.5000,
        0.5000, 0.5000, 1.5000, 1.5000, 0.5000, 0.5000, 0.5000, 0.5000, 0.5000,
        1.5000, 1.5000, 0.5000, 0.5000, 0.5000, 0.5000, 0.5000, 0.5000, 0.5000,
        0.5000, 0.5000, 1.5000, 1.5000, 0.5000, 1.5000, 1.5000, 0.5000, 0.5000,
        1.5000, 1.5000, 1.5000, 1.5000, 1.5000, 0.5000, 0.5000, 1.5000, 0.5000,
        0.5000, 1.5000, 1.5000, 1.5000, 1.5000, 1.5000, 1.5000, 0.5000, 1.5000,
        0.5000, 1.5000, 1.5000, 1.5000, 1.5000, 0.5000, 1.5000, 0.5000, 0.5000,
        0.5000, 0.5000, 1.5000, 0.5000, 0.5000, 1.5000, 1.5000, 1.5000, 0.5000,
        1.5000, 0.5000, 0.5000, 0.5000, 0.5000, 1.5000, 1.5000, 0.5000, 0.5000,
        0.5000, 1.5000, 1.5000, 1.5000, 1.5000, 0.5000, 0.5000, 1.5000, 0.5000,
        0.5000, 1.5000, 1.5000, 1.5000, 1.5000, 1.5000, 0.5000, 0.5000, 0.5000,
        0.5000, 0.5000, 0.5000, 0.5000, 1.5000, 1.5000, 1.5000, 1.5000, 0.5000,
        1.5000, 0.5000, 0.5000, 1.5000, 1.5000, 1.5000, 0.5000, 0.5000, 1.5000],
       device='cuda:0')

Labeled Target set: Average loss: 3.1957, Accuracy: 496/1080 F1 (45.9259%)


Test set: Average loss: 3.0121, Accuracy: 11854/23808 F1 (49.7900%)


Val set: Average loss: 3.0680, Accuracy: 157/360 F1 (43.6111%)

