Dataset multi Source real Target sketch Labeled num perclass 3 Network resnet34
126 classes in this dataset
Unlabelled Target Dataset Size:  23826
Labelled Target Dataset Size:  378
Misc. Labelled Target Dataset Size:  378
Bank keys - Target:  dict_keys(['feat_vec', 'labels', 'names', 'domain_identifier']) Source:  dict_keys(['feat_vec', 'labels', 'names', 'domain_identifier'])
Num  - Target:  23826 Source:  70358
Unlabeled Target Data Size: 496
S real T sketch Train Ep: 0 lr0.01 	 Loss Classification: 5.229307 Loss T 0.470489 Method MME

S real T sketch Train Ep: 100 lr0.009925650290240803 	 Loss Classification: 1.031723 Loss T 0.313402 Method MME

S real T sketch Train Ep: 200 lr0.009852577760521605 	 Loss Classification: 1.030359 Loss T 0.244376 Method MME

S real T sketch Train Ep: 300 lr0.009780748269686728 	 Loss Classification: 1.640685 Loss T 0.186109 Method MME

S real T sketch Train Ep: 400 lr0.009710128909124701 	 Loss Classification: 1.014875 Loss T 0.174994 Method MME

S real T sketch Train Ep: 500 lr0.00964068794694323 	 Loss Classification: 1.151224 Loss T 0.132543 Method MME


Labeled Target set: Average loss: 2.6634, Accuracy: 467/1080 F1 (43.2407%)


Test set: Average loss: 2.5273, Accuracy: 11119/23808 F1 (46.7028%)


Val set: Average loss: 2.4408, Accuracy: 166/360 F1 (46.1111%)

best acc test 46.702789  acc val 46.111111 acc labeled target 43.240741
saving model...
S real T sketch Train Ep: 600 lr0.00957239477517603 	 Loss Classification: 0.382567 Loss T 0.169573 Method MME

S real T sketch Train Ep: 700 lr0.009505219859830012 	 Loss Classification: 0.774492 Loss T 0.144090 Method MME

S real T sketch Train Ep: 800 lr0.009439134693595126 	 Loss Classification: 0.463182 Loss T 0.154165 Method MME

S real T sketch Train Ep: 900 lr0.009374111751051751 	 Loss Classification: 0.727789 Loss T 0.143863 Method MME

S real T sketch Train Ep: 1000 lr0.009310124446222227 	 Loss Classification: 1.372546 Loss T 0.160148 Method MME


Labeled Target set: Average loss: 2.4900, Accuracy: 499/1080 F1 (46.2037%)


Test set: Average loss: 2.3594, Accuracy: 12323/23808 F1 (51.7599%)


Val set: Average loss: 2.3104, Accuracy: 189/360 F1 (52.5000%)

best acc test 51.759913  acc val 52.500000 acc labeled target 46.203704
saving model...
S real T sketch Train Ep: 1100 lr0.00924714709232377 	 Loss Classification: 0.523402 Loss T 0.125918 Method MME

S real T sketch Train Ep: 1200 lr0.009185154863590003 	 Loss Classification: 0.674962 Loss T 0.127732 Method MME

S real T sketch Train Ep: 1300 lr0.00912412375903735 	 Loss Classification: 0.641908 Loss T 0.097421 Method MME

S real T sketch Train Ep: 1400 lr0.009064030568061049 	 Loss Classification: 1.501566 Loss T 0.104940 Method MME

S real T sketch Train Ep: 1500 lr0.009004852837753237 	 Loss Classification: 0.917984 Loss T 0.136390 Method MME


Labeled Target set: Average loss: 2.3689, Accuracy: 543/1080 F1 (50.2778%)


Test set: Average loss: 2.3176, Accuracy: 12954/23808 F1 (54.4103%)


Val set: Average loss: 2.1280, Accuracy: 208/360 F1 (57.7778%)

best acc test 54.410282  acc val 57.777778 acc labeled target 50.277778
saving model...
S real T sketch Train Ep: 1600 lr0.008946568841842816 	 Loss Classification: 0.948869 Loss T 0.121098 Method MME

S real T sketch Train Ep: 1700 lr0.008889157551163433 	 Loss Classification: 0.757630 Loss T 0.141902 Method MME

S real T sketch Train Ep: 1800 lr0.008832598605562044 	 Loss Classification: 0.720873 Loss T 0.110752 Method MME

S real T sketch Train Ep: 1900 lr0.008776872287166303 	 Loss Classification: 0.651766 Loss T 0.117754 Method MME

Per Class Accuracy Calculated According to the Labelled Target examples is:  [1.         1.         0.5555556  0.33333334 1.         0.11111111
 0.         0.8888889  0.5555556  0.         0.7777778  1.
 0.         0.22222222 0.5555556  0.44444445 1.         1.
 0.6666667  0.33333334 0.5        0.8888889  0.22222222 0.5555556
 0.44444445 0.33333334 0.         0.6666667  0.5        0.22222222
 0.33333334 0.22222222 0.22222222 0.6666667  0.6666667  0.44444445
 0.33333334 0.         0.8888889  0.8333333  0.5        1.
 0.33333334 0.22222222 0.33333334 0.6666667  1.         0.5555556
 0.33333334 1.         0.33333334 0.33333334 1.         0.44444445
 0.5555556  0.6666667  0.8888889  1.         1.         0.7777778
 0.7777778  0.11111111 0.7777778  0.33333334 0.8888889  0.6666667
 0.         0.6666667  0.33333334 0.33333334 0.         0.5555556
 0.44444445 0.33333334 0.8888889  0.         0.22222222 0.44444445
 0.33333334 0.7777778  0.         0.5555556  0.         0.44444445
 0.33333334 0.6666667  1.         0.6666667  0.33333334 0.33333334
 0.33333334 0.7777778  0.33333334 0.7777778  0.8888889  0.5
 0.33333334 0.8333333  0.11111111 0.         0.16666667 0.5555556
 0.5555556  0.5555556  0.6666667  0.         0.         0.44444445
 0.         0.6666667  0.44444445 0.44444445 0.44444445 1.
 0.44444445 0.7777778  0.         0.6666667  0.22222222 0.6666667
 0.6666667  0.7777778  0.5        0.         0.         1.        ]
Top k classes which perform poorly are:  [66, 99, 75, 116, 12, 70, 108, 9, 105, 26, 6, 124, 80, 37, 82, 123, 106, 61, 98, 5, 100, 29, 13, 22, 76, 118, 43, 32, 31, 88, 89, 42, 92, 44, 90, 96, 63, 48, 51, 50, 30, 84, 68, 69, 25, 3, 78, 73, 19, 36, 35, 114, 77, 110, 83, 53, 15, 72, 112, 24, 107, 111, 40, 122, 95, 28, 20, 54, 2, 8, 14, 103, 23, 102, 101, 47, 71, 81, 87, 104, 109, 85, 55, 33, 67, 65, 27, 18, 45, 120, 117, 34, 119, 79, 62, 91, 121, 59, 60, 10, 93, 115, 97, 39, 21, 94, 56, 64, 7, 38, 74, 113, 0, 58, 57, 52, 49, 46, 41, 17, 16, 11, 4, 1, 86]
0
1
2
3
4
5
6
7
8
9
10
11
12
13
14
15
16
17
18
19
20
21
22
23
24
25
26
27
28
29
30
31
32
33
34
35
36
37
38
39
40
41
42
43
44
45
46
47
48
49
50
51
52
53
54
55
56
57
58
59
60
61
62
63
64
65
66
67
68
69
70
71
72
73
74
75
76
77
78
79
80
81
82
83
84
85
86
87
88
89
90
91
92
93
94
95
96
97
98
99
100
101
102
103
104
105
106
107
108
109
110
111
112
113
114
115
116
117
118
119
120
121
122
123
124
125
126
127
128
129
130
131
132
133
134
135
136
137
138
139
140
141
142
143
144
145
146
147
148
149
150
151
152
153
154
155
156
157
158
159
160
161
162
163
164
165
166
167
168
169
170
171
172
173
174
175
176
177
178
179
180
181
182
183
184
185
186
187
188
189
190
191
192
193
194
195
196
197
198
199
200
201
202
203
204
205
206
207
208
209
210
211
212
213
214
215
216
217
218
219
220
221
222
223
224
225
226
227
228
229
230
231
232
233
234
235
236
237
238
239
240
241
242
243
244
245
246
247
248
249
250
251
252
253
254
255
256
257
258
259
260
261
262
263
264
265
266
267
268
269
270
271
272
273
274
275
276
277
278
279
280
281
282
283
284
285
286
287
288
289
290
291
292
293
294
295
296
297
298
299
300
301
302
303
304
305
306
307
308
309
310
311
312
313
314
315
316
317
318
319
320
321
322
323
324
325
326
327
328
329
330
331
332
333
334
335
336
337
338
339
340
341
342
343
344
345
346
347
348
349
350
351
352
353
354
355
356
357
358
359
360
361
362
363
364
365
366
367
368
369
370
371
372
373
374
375
376
377
0
1
2
3
4
5
6
7
8
9
10
11
12
13
14
15
16
17
18
19
20
21
22
23
24
25
26
27
28
29
30
31
32
33
34
35
36
37
38
39
40
41
42
43
44
45
46
47
48
49
50
51
52
53
54
55
56
57
58
59
60
61
62
63
64
65
66
67
68
69
70
71
72
73
74
75
76
77
78
79
80
81
82
83
84
85
86
87
88
89
90
91
92
93
94
95
96
97
98
99
100
101
102
103
104
105
106
107
108
109
110
111
112
113
114
115
116
117
118
119
120
121
122
123
124
125
126
127
128
129
130
131
132
133
134
135
136
137
138
139
140
141
142
143
144
145
146
147
148
149
150
151
152
153
154
155
156
157
158
159
160
161
162
163
164
165
166
167
168
169
170
171
172
173
174
175
176
177
178
179
180
181
182
183
184
185
186
187
188
189
190
191
192
193
194
195
196
197
198
199
200
201
202
203
204
205
206
207
208
209
210
211
212
213
214
215
216
217
218
219
220
221
222
223
224
225
226
227
228
229
230
231
232
233
234
235
236
237
238
239
240
241
242
243
244
245
246
247
248
249
250
251
252
253
254
255
256
257
258
259
260
261
262
263
264
265
266
267
268
269
270
271
272
273
274
275
276
277
278
279
280
281
282
283
284
285
286
287
288
289
290
291
292
293
294
295
296
297
298
299
300
301
302
303
304
305
306
307
308
309
310
311
312
313
314
315
316
317
318
319
320
321
322
323
324
325
326
327
328
329
330
331
332
333
334
335
336
337
338
339
340
341
342
343
344
345
346
347
348
349
350
351
352
353
354
355
356
357
358
359
360
361
362
363
364
365
366
367
368
369
370
371
372
373
374
375
376
377
Assigned Classwise weights to source
S real T sketch Train Ep: 2000 lr0.008721959494934213 	 Loss Classification: 0.287954 Loss T 0.124022 Method MME


Labeled Target set: Average loss: 2.6382, Accuracy: 503/1080 F1 (46.5741%)


Test set: Average loss: 2.5722, Accuracy: 11982/23808 F1 (50.3276%)


Val set: Average loss: 2.3074, Accuracy: 187/360 F1 (51.9444%)

best acc test 54.410282  acc val 51.944444 acc labeled target 46.574074
saving model...
S real T sketch Train Ep: 2100 lr0.008667841720414475 	 Loss Classification: 0.889559 Loss T 0.096422 Method MME

S real T sketch Train Ep: 2200 lr0.008614501024650454 	 Loss Classification: 0.614310 Loss T 0.130610 Method MME

S real T sketch Train Ep: 2300 lr0.008561920016164943 	 Loss Classification: 0.305260 Loss T 0.123898 Method MME

S real T sketch Train Ep: 2400 lr0.008510081829966844 	 Loss Classification: 0.583760 Loss T 0.089310 Method MME

S real T sketch Train Ep: 2500 lr0.008458970107524513 	 Loss Classification: 0.563685 Loss T 0.146210 Method MME


Labeled Target set: Average loss: 2.3114, Accuracy: 571/1080 F1 (52.8704%)


Test set: Average loss: 2.2084, Accuracy: 13631/23808 F1 (57.2539%)


Val set: Average loss: 2.2407, Accuracy: 192/360 F1 (53.3333%)

best acc test 54.410282  acc val 53.333333 acc labeled target 52.870370
saving model...
S real T sketch Train Ep: 2600 lr0.008408568977653933 	 Loss Classification: 0.880651 Loss T 0.106134 Method MME

S real T sketch Train Ep: 2700 lr0.00835886303827305 	 Loss Classification: 1.204066 Loss T 0.092697 Method MME

S real T sketch Train Ep: 2800 lr0.008309837338976545 	 Loss Classification: 0.896456 Loss T 0.125780 Method MME

S real T sketch Train Ep: 2900 lr0.008261477364388068 	 Loss Classification: 0.678441 Loss T 0.101246 Method MME

Per Class Accuracy Calculated According to the Labelled Target examples is:  [0.8888889  1.         0.44444445 0.5        0.7777778  0.
 0.44444445 0.6666667  0.22222222 0.         0.7777778  1.
 0.         0.         0.16666667 0.6666667  1.         1.
 0.         0.22222222 0.6666667  0.33333334 0.5555556  0.5
 0.44444445 0.         0.         0.6666667  0.6666667  0.44444445
 0.16666667 0.         0.11111111 0.6666667  0.5555556  0.44444445
 0.11111111 0.         0.8888889  1.         0.33333334 0.6666667
 0.5555556  0.22222222 0.33333334 0.6666667  1.         0.5555556
 0.33333334 1.         0.33333334 0.         1.         0.7777778
 1.         0.6666667  0.6666667  0.6666667  0.8888889  0.8888889
 1.         0.11111111 1.         0.33333334 1.         0.7777778
 0.33333334 0.6666667  0.22222222 1.         0.33333334 0.33333334
 0.6666667  0.44444445 1.         0.         0.16666667 1.
 0.8888889  0.44444445 0.         0.6666667  0.22222222 0.8888889
 0.6666667  0.6666667  0.8888889  0.5        0.         0.5555556
 0.33333334 1.         0.33333334 0.7777778  1.         0.6666667
 0.7777778  1.         0.22222222 0.44444445 0.6666667  0.5555556
 0.6666667  0.5555556  0.6666667  0.         0.33333334 0.5555556
 0.         0.33333334 0.33333334 0.5        0.33333334 0.8888889
 0.         1.         0.33333334 0.6666667  0.         0.33333334
 0.5555556  0.8888889  0.5        0.         0.         1.        ]
Top k classes which perform poorly are:  [118, 26, 114, 18, 31, 75, 13, 124, 105, 12, 51, 80, 5, 108, 88, 37, 123, 9, 25, 36, 32, 61, 76, 14, 30, 98, 68, 19, 8, 82, 43, 66, 44, 112, 70, 71, 110, 116, 90, 50, 48, 109, 63, 106, 21, 119, 92, 40, 2, 73, 24, 35, 6, 29, 99, 79, 111, 122, 23, 87, 3, 120, 103, 42, 22, 47, 107, 34, 101, 89, 104, 84, 85, 95, 7, 81, 20, 72, 102, 67, 27, 28, 57, 56, 55, 100, 33, 117, 45, 15, 41, 96, 93, 53, 65, 10, 4, 83, 78, 113, 59, 58, 38, 121, 86, 0, 115, 62, 94, 1, 11, 16, 17, 39, 46, 49, 52, 54, 60, 64, 69, 74, 77, 91, 97]
0
1
2
3
4
5
6
7
8
9
10
11
12
13
14
15
16
17
18
19
20
21
22
23
24
25
26
27
28
29
30
31
32
33
34
35
36
37
38
39
40
41
42
43
44
45
46
47
48
49
50
51
52
53
54
55
56
57
58
59
60
61
62
63
64
65
66
67
68
69
70
71
72
73
74
75
76
77
78
79
80
81
82
83
84
85
86
87
88
89
90
91
92
93
94
95
96
97
98
99
100
101
102
103
104
105
106
107
108
109
110
111
112
113
114
115
116
117
118
119
120
121
122
123
124
125
126
127
128
129
130
131
132
133
134
135
136
137
138
139
140
141
142
143
144
145
146
147
148
149
150
151
152
153
154
155
156
157
158
159
160
161
162
163
164
165
166
167
168
169
170
171
172
173
174
175
176
177
178
179
180
181
182
183
184
185
186
187
188
189
190
191
192
193
194
195
196
197
198
199
200
201
202
203
204
205
206
207
208
209
210
211
212
213
214
215
216
217
218
219
220
221
222
223
224
225
226
227
228
229
230
231
232
233
234
235
236
237
238
239
240
241
242
243
244
245
246
247
248
249
250
251
252
253
254
255
256
257
258
259
260
261
262
263
264
265
266
267
268
269
270
271
272
273
274
275
276
277
278
279
280
281
282
283
284
285
286
287
288
289
290
291
292
293
294
295
296
297
298
299
300
301
302
303
304
305
306
307
308
309
310
311
312
313
314
315
316
317
318
319
320
321
322
323
324
325
326
327
328
329
330
331
332
333
334
335
336
337
338
339
340
341
342
343
344
345
346
347
348
349
350
351
352
353
354
355
356
357
358
359
360
361
362
363
364
365
366
367
368
369
370
371
372
373
374
375
376
377
0
1
2
3
4
5
6
7
8
9
10
11
12
13
14
15
16
17
18
19
20
21
22
23
24
25
26
27
28
29
30
31
32
33
34
35
36
37
38
39
40
41
42
43
44
45
46
47
48
49
50
51
52
53
54
55
56
57
58
59
60
61
62
63
64
65
66
67
68
69
70
71
72
73
74
75
76
77
78
79
80
81
82
83
84
85
86
87
88
89
90
91
92
93
94
95
96
97
98
99
100
101
102
103
104
105
106
107
108
109
110
111
112
113
114
115
116
117
118
119
120
121
122
123
124
125
126
127
128
129
130
131
132
133
134
135
136
137
138
139
140
141
142
143
144
145
146
147
148
149
150
151
152
153
154
155
156
157
158
159
160
161
162
163
164
165
166
167
168
169
170
171
172
173
174
175
176
177
178
179
180
181
182
183
184
185
186
187
188
189
190
191
192
193
194
195
196
197
198
199
200
201
202
203
204
205
206
207
208
209
210
211
212
213
214
215
216
217
218
219
220
221
222
223
224
225
226
227
228
229
230
231
232
233
234
235
236
237
238
239
240
241
242
243
244
245
246
247
248
249
250
251
252
253
254
255
256
257
258
259
260
261
262
263
264
265
266
267
268
269
270
271
272
273
274
275
276
277
278
279
280
281
282
283
284
285
286
287
288
289
290
291
292
293
294
295
296
297
298
299
300
301
302
303
304
305
306
307
308
309
310
311
312
313
314
315
316
317
318
319
320
321
322
323
324
325
326
327
328
329
330
331
332
333
334
335
336
337
338
339
340
341
342
343
344
345
346
347
348
349
350
351
352
353
354
355
356
357
358
359
360
361
362
363
364
365
366
367
368
369
370
371
372
373
374
375
376
377
Assigned Classwise weights to source
S real T sketch Train Ep: 3000 lr0.008213769018249545 	 Loss Classification: 0.276493 Loss T 0.096500 Method MME


Labeled Target set: Average loss: 2.5562, Accuracy: 542/1080 F1 (50.1852%)


Test set: Average loss: 2.4797, Accuracy: 12841/23808 F1 (53.9357%)


Val set: Average loss: 2.3200, Accuracy: 191/360 F1 (53.0556%)

best acc test 54.410282  acc val 53.055556 acc labeled target 50.185185
saving model...
S real T sketch Train Ep: 3100 lr0.008166698608209509 	 Loss Classification: 0.567063 Loss T 0.088073 Method MME

S real T sketch Train Ep: 3200 lr0.008120252831274708 	 Loss Classification: 0.571547 Loss T 0.098719 Method MME

S real T sketch Train Ep: 3300 lr0.008074418759891278 	 Loss Classification: 0.265644 Loss T 0.118779 Method MME

S real T sketch Train Ep: 3400 lr0.008029183828623731 	 Loss Classification: 0.094631 Loss T 0.103663 Method MME

S real T sketch Train Ep: 3500 lr0.007984535821401871 	 Loss Classification: 0.342774 Loss T 0.099335 Method MME


Labeled Target set: Average loss: 2.2119, Accuracy: 611/1080 F1 (56.5741%)


Test set: Average loss: 2.1357, Accuracy: 14276/23808 F1 (59.9630%)


Val set: Average loss: 1.9270, Accuracy: 214/360 F1 (59.4444%)

best acc test 59.963038  acc val 59.444444 acc labeled target 56.574074
saving model...
S real T sketch Train Ep: 3600 lr0.007940462859307384 	 Loss Classification: 0.631356 Loss T 0.080882 Method MME

S real T sketch Train Ep: 3700 lr0.007896953388873518 	 Loss Classification: 0.457281 Loss T 0.094765 Method MME

S real T sketch Train Ep: 3800 lr0.007853996170872714 	 Loss Classification: 0.607864 Loss T 0.090980 Method MME

S real T sketch Train Ep: 3900 lr0.00781158026956848 	 Loss Classification: 0.723465 Loss T 0.078021 Method MME

Per Class Accuracy Calculated According to the Labelled Target examples is:  [0.8888889  1.         0.5555556  0.8333333  1.         0.33333334
 0.33333334 1.         0.6666667  0.33333334 0.6666667  1.
 0.         0.         0.44444445 0.11111111 1.         1.
 0.33333334 0.33333334 0.6666667  0.7777778  0.6666667  0.7777778
 0.22222222 0.33333334 0.         0.7777778  0.8333333  0.33333334
 0.16666667 0.11111111 0.11111111 0.44444445 0.33333334 0.33333334
 0.33333334 0.         1.         1.         1.         0.8888889
 0.6666667  0.33333334 0.44444445 0.5555556  0.8888889  0.6666667
 0.44444445 1.         0.44444445 0.22222222 0.8888889  0.5555556
 1.         0.6666667  0.8888889  1.         1.         1.
 0.8888889  0.         1.         0.44444445 1.         0.7777778
 0.         0.6666667  0.         1.         0.         0.5555556
 1.         0.44444445 1.         0.22222222 0.         0.7777778
 0.8888889  0.44444445 0.         1.         0.44444445 0.
 0.8333333  0.6666667  0.8888889  0.5        0.         0.33333334
 0.33333334 1.         0.6666667  0.6666667  1.         0.44444445
 0.5555556  1.         0.         0.33333334 1.         0.33333334
 0.6666667  0.6666667  0.6666667  0.         0.33333334 0.6666667
 0.         0.22222222 0.5555556  0.8888889  0.6666667  1.
 0.5555556  1.         0.33333334 0.6666667  0.16666667 0.5
 0.16666667 0.6666667  0.6666667  0.         0.         1.        ]
Top k classes which perform poorly are:  [68, 105, 80, 76, 13, 12, 26, 83, 37, 108, 66, 70, 124, 61, 98, 123, 88, 32, 15, 31, 30, 120, 118, 75, 51, 109, 24, 36, 116, 35, 34, 43, 101, 106, 25, 19, 18, 9, 89, 6, 5, 90, 29, 99, 73, 79, 82, 63, 95, 50, 48, 14, 33, 44, 87, 119, 96, 110, 45, 114, 2, 71, 53, 47, 10, 85, 22, 8, 107, 121, 55, 67, 122, 20, 42, 102, 92, 93, 103, 112, 117, 104, 23, 65, 77, 27, 21, 84, 28, 3, 52, 56, 111, 78, 46, 41, 86, 60, 0, 115, 113, 62, 97, 1, 4, 7, 11, 16, 17, 38, 39, 40, 49, 54, 57, 58, 59, 64, 69, 72, 74, 81, 91, 94, 100]
0
1
2
3
4
5
6
7
8
9
10
11
12
13
14
15
16
17
18
19
20
21
22
23
24
25
26
27
28
29
30
31
32
33
34
35
36
37
38
39
40
41
42
43
44
45
46
47
48
49
50
51
52
53
54
55
56
57
58
59
60
61
62
63
64
65
66
67
68
69
70
71
72
73
74
75
76
77
78
79
80
81
82
83
84
85
86
87
88
89
90
91
92
93
94
95
96
97
98
99
100
101
102
103
104
105
106
107
108
109
110
111
112
113
114
115
116
117
118
119
120
121
122
123
124
125
126
127
128
129
130
131
132
133
134
135
136
137
138
139
140
141
142
143
144
145
146
147
148
149
150
151
152
153
154
155
156
157
158
159
160
161
162
163
164
165
166
167
168
169
170
171
172
173
174
175
176
177
178
179
180
181
182
183
184
185
186
187
188
189
190
191
192
193
194
195
196
197
198
199
200
201
202
203
204
205
206
207
208
209
210
211
212
213
214
215
216
217
218
219
220
221
222
223
224
225
226
227
228
229
230
231
232
233
234
235
236
237
238
239
240
241
242
243
244
245
246
247
248
249
250
251
252
253
254
255
256
257
258
259
260
261
262
263
264
265
266
267
268
269
270
271
272
273
274
275
276
277
278
279
280
281
282
283
284
285
286
287
288
289
290
291
292
293
294
295
296
297
298
299
300
301
302
303
304
305
306
307
308
309
310
311
312
313
314
315
316
317
318
319
320
321
322
323
324
325
326
327
328
329
330
331
332
333
334
335
336
337
338
339
340
341
342
343
344
345
346
347
348
349
350
351
352
353
354
355
356
357
358
359
360
361
362
363
364
365
366
367
368
369
370
371
372
373
374
375
376
377
0
1
2
3
4
5
6
7
8
9
10
11
12
13
14
15
16
17
18
19
20
21
22
23
24
25
26
27
28
29
30
31
32
33
34
35
36
37
38
39
40
41
42
43
44
45
46
47
48
49
50
51
52
53
54
55
56
57
58
59
60
61
62
63
64
65
66
67
68
69
70
71
72
73
74
75
76
77
78
79
80
81
82
83
84
85
86
87
88
89
90
91
92
93
94
95
96
97
98
99
100
101
102
103
104
105
106
107
108
109
110
111
112
113
114
115
116
117
118
119
120
121
122
123
124
125
126
127
128
129
130
131
132
133
134
135
136
137
138
139
140
141
142
143
144
145
146
147
148
149
150
151
152
153
154
155
156
157
158
159
160
161
162
163
164
165
166
167
168
169
170
171
172
173
174
175
176
177
178
179
180
181
182
183
184
185
186
187
188
189
190
191
192
193
194
195
196
197
198
199
200
201
202
203
204
205
206
207
208
209
210
211
212
213
214
215
216
217
218
219
220
221
222
223
224
225
226
227
228
229
230
231
232
233
234
235
236
237
238
239
240
241
242
243
244
245
246
247
248
249
250
251
252
253
254
255
256
257
258
259
260
261
262
263
264
265
266
267
268
269
270
271
272
273
274
275
276
277
278
279
280
281
282
283
284
285
286
287
288
289
290
291
292
293
294
295
296
297
298
299
300
301
302
303
304
305
306
307
308
309
310
311
312
313
314
315
316
317
318
319
320
321
322
323
324
325
326
327
328
329
330
331
332
333
334
335
336
337
338
339
340
341
342
343
344
345
346
347
348
349
350
351
352
353
354
355
356
357
358
359
360
361
362
363
364
365
366
367
368
369
370
371
372
373
374
375
376
377
Assigned Classwise weights to source
S real T sketch Train Ep: 4000 lr0.007769695042409123 	 Loss Classification: 0.720531 Loss T 0.090027 Method MME


Labeled Target set: Average loss: 2.4948, Accuracy: 583/1080 F1 (53.9815%)


Test set: Average loss: 2.4561, Accuracy: 13378/23808 F1 (56.1912%)


Val set: Average loss: 2.2403, Accuracy: 205/360 F1 (56.9444%)

best acc test 59.963038  acc val 56.944444 acc labeled target 53.981481
saving model...
S real T sketch Train Ep: 4100 lr0.007728330130142108 	 Loss Classification: 0.702155 Loss T 0.083533 Method MME

S real T sketch Train Ep: 4200 lr0.007687475447329114 	 Loss Classification: 1.089087 Loss T 0.063072 Method MME

S real T sketch Train Ep: 4300 lr0.0076471211732427845 	 Loss Classification: 0.653511 Loss T 0.089786 Method MME

S real T sketch Train Ep: 4400 lr0.007607257743127307 	 Loss Classification: 0.945607 Loss T 0.104989 Method MME

S real T sketch Train Ep: 4500 lr0.007567875839805858 	 Loss Classification: 0.241797 Loss T 0.092374 Method MME


Labeled Target set: Average loss: 2.1021, Accuracy: 634/1080 F1 (58.7037%)


Test set: Average loss: 2.1025, Accuracy: 14554/23808 F1 (61.1307%)


Val set: Average loss: 1.7946, Accuracy: 223/360 F1 (61.9444%)

best acc test 61.130712  acc val 61.944444 acc labeled target 58.703704
saving model...
S real T sketch Train Ep: 4600 lr0.007528966385618854 	 Loss Classification: 1.228127 Loss T 0.086746 Method MME

S real T sketch Train Ep: 4700 lr0.007490520534677821 	 Loss Classification: 0.538576 Loss T 0.065142 Method MME

S real T sketch Train Ep: 4800 lr0.007452529665420465 	 Loss Classification: 0.484259 Loss T 0.091124 Method MME

S real T sketch Train Ep: 4900 lr0.007414985373453289 	 Loss Classification: 0.571376 Loss T 0.088633 Method MME

Per Class Accuracy Calculated According to the Labelled Target examples is:  [1.         1.         0.5555556  0.6666667  1.         0.11111111
 0.6666667  1.         0.44444445 0.11111111 1.         1.
 0.         0.         0.11111111 0.22222222 1.         1.
 0.44444445 0.11111111 0.6666667  0.7777778  0.8888889  0.8888889
 0.5555556  0.5        0.         0.8888889  0.6666667  0.44444445
 0.44444445 0.44444445 0.44444445 0.5555556  0.7777778  0.33333334
 0.33333334 0.         1.         1.         0.33333334 1.
 0.6666667  0.5555556  0.5555556  0.6666667  1.         1.
 0.6666667  1.         0.33333334 0.         1.         0.5555556
 1.         0.44444445 0.7777778  0.5555556  1.         1.
 1.         0.33333334 1.         0.33333334 0.8888889  1.
 0.6666667  1.         0.11111111 1.         0.22222222 0.22222222
 0.7777778  0.44444445 1.         0.33333334 0.33333334 1.
 1.         0.7777778  0.         1.         0.33333334 0.5555556
 0.5        0.22222222 0.8888889  0.6666667  0.         0.11111111
 0.44444445 1.         0.5        1.         1.         0.6666667
 0.6666667  1.         0.22222222 0.11111111 0.7777778  0.44444445
 0.6666667  1.         0.6666667  0.         0.33333334 0.5
 0.11111111 0.         0.44444445 0.7777778  0.5555556  1.
 0.5        1.         0.         0.6666667  0.33333334 0.33333334
 0.8888889  0.7777778  0.33333334 0.         0.         1.        ]
Top k classes which perform poorly are:  [105, 123, 116, 124, 37, 80, 26, 51, 109, 12, 13, 88, 99, 19, 108, 68, 14, 89, 9, 5, 98, 85, 71, 15, 70, 63, 122, 36, 35, 75, 118, 82, 61, 106, 76, 119, 50, 40, 73, 110, 55, 32, 101, 90, 8, 31, 30, 29, 18, 92, 107, 25, 114, 84, 2, 57, 53, 83, 24, 33, 44, 43, 112, 104, 102, 87, 95, 28, 117, 66, 20, 45, 6, 42, 48, 3, 96, 72, 111, 121, 100, 79, 34, 56, 21, 120, 64, 22, 23, 27, 86, 115, 113, 103, 97, 0, 62, 93, 1, 4, 7, 10, 11, 16, 17, 38, 39, 41, 46, 47, 94, 49, 54, 58, 59, 60, 65, 67, 69, 74, 77, 78, 81, 91, 52]
0
1
2
3
4
5
6
7
8
9
10
11
12
13
14
15
16
17
18
19
20
21
22
23
24
25
26
27
28
29
30
31
32
33
34
35
36
37
38
39
40
41
42
43
44
45
46
47
48
49
50
51
52
53
54
55
56
57
58
59
60
61
62
63
64
65
66
67
68
69
70
71
72
73
74
75
76
77
78
79
80
81
82
83
84
85
86
87
88
89
90
91
92
93
94
95
96
97
98
99
100
101
102
103
104
105
106
107
108
109
110
111
112
113
114
115
116
117
118
119
120
121
122
123
124
125
126
127
128
129
130
131
132
133
134
135
136
137
138
139
140
141
142
143
144
145
146
147
148
149
150
151
152
153
154
155
156
157
158
159
160
161
162
163
164
165
166
167
168
169
170
171
172
173
174
175
176
177
178
179
180
181
182
183
184
185
186
187
188
189
190
191
192
193
194
195
196
197
198
199
200
201
202
203
204
205
206
207
208
209
210
211
212
213
214
215
216
217
218
219
220
221
222
223
224
225
226
227
228
229
230
231
232
233
234
235
236
237
238
239
240
241
242
243
244
245
246
247
248
249
250
251
252
253
254
255
256
257
258
259
260
261
262
263
264
265
266
267
268
269
270
271
272
273
274
275
276
277
278
279
280
281
282
283
284
285
286
287
288
289
290
291
292
293
294
295
296
297
298
299
300
301
302
303
304
305
306
307
308
309
310
311
312
313
314
315
316
317
318
319
320
321
322
323
324
325
326
327
328
329
330
331
332
333
334
335
336
337
338
339
340
341
342
343
344
345
346
347
348
349
350
351
352
353
354
355
356
357
358
359
360
361
362
363
364
365
366
367
368
369
370
371
372
373
374
375
376
377
0
1
2
3
4
5
6
7
8
9
10
11
12
13
14
15
16
17
18
19
20
21
22
23
24
25
26
27
28
29
30
31
32
33
34
35
36
37
38
39
40
41
42
43
44
45
46
47
48
49
50
51
52
53
54
55
56
57
58
59
60
61
62
63
64
65
66
67
68
69
70
71
72
73
74
75
76
77
78
79
80
81
82
83
84
85
86
87
88
89
90
91
92
93
94
95
96
97
98
99
100
101
102
103
104
105
106
107
108
109
110
111
112
113
114
115
116
117
118
119
120
121
122
123
124
125
126
127
128
129
130
131
132
133
134
135
136
137
138
139
140
141
142
143
144
145
146
147
148
149
150
151
152
153
154
155
156
157
158
159
160
161
162
163
164
165
166
167
168
169
170
171
172
173
174
175
176
177
178
179
180
181
182
183
184
185
186
187
188
189
190
191
192
193
194
195
196
197
198
199
200
201
202
203
204
205
206
207
208
209
210
211
212
213
214
215
216
217
218
219
220
221
222
223
224
225
226
227
228
229
230
231
232
233
234
235
236
237
238
239
240
241
242
243
244
245
246
247
248
249
250
251
252
253
254
255
256
257
258
259
260
261
262
263
264
265
266
267
268
269
270
271
272
273
274
275
276
277
278
279
280
281
282
283
284
285
286
287
288
289
290
291
292
293
294
295
296
297
298
299
300
301
302
303
304
305
306
307
308
309
310
311
312
313
314
315
316
317
318
319
320
321
322
323
324
325
326
327
328
329
330
331
332
333
334
335
336
337
338
339
340
341
342
343
344
345
346
347
348
349
350
351
352
353
354
355
356
357
358
359
360
361
362
363
364
365
366
367
368
369
370
371
372
373
374
375
376
377
Assigned Classwise weights to source
S real T sketch Train Ep: 5000 lr0.007377879464668811 	 Loss Classification: 0.206049 Loss T 0.089776 Method MME


Labeled Target set: Average loss: 2.6506, Accuracy: 563/1080 F1 (52.1296%)


Test set: Average loss: 2.4390, Accuracy: 13693/23808 F1 (57.5143%)


Val set: Average loss: 2.2754, Accuracy: 206/360 F1 (57.2222%)

best acc test 61.130712  acc val 57.222222 acc labeled target 52.129630
saving model...
S real T sketch Train Ep: 5100 lr0.007341203948625087 	 Loss Classification: 0.373723 Loss T 0.089155 Method MME

S real T sketch Train Ep: 5200 lr0.007304951032175895 	 Loss Classification: 0.483250 Loss T 0.098736 Method MME

S real T sketch Train Ep: 5300 lr0.007269113113340497 	 Loss Classification: 0.790002 Loss T 0.078966 Method MME

S real T sketch Train Ep: 5400 lr0.007233682775402483 	 Loss Classification: 0.354851 Loss T 0.094549 Method MME

S real T sketch Train Ep: 5500 lr0.007198652781227704 	 Loss Classification: 0.360544 Loss T 0.060235 Method MME


Labeled Target set: Average loss: 2.2277, Accuracy: 638/1080 F1 (59.0741%)


Test set: Average loss: 2.2706, Accuracy: 14579/23808 F1 (61.2357%)


Val set: Average loss: 2.1735, Accuracy: 215/360 F1 (59.7222%)

best acc test 61.130712  acc val 59.722222 acc labeled target 59.074074
saving model...
S real T sketch Train Ep: 5600 lr0.007164016067791809 	 Loss Classification: 0.474981 Loss T 0.085828 Method MME

S real T sketch Train Ep: 5700 lr0.0071297657409083726 	 Loss Classification: 0.945338 Loss T 0.081713 Method MME

S real T sketch Train Ep: 5800 lr0.0070958950701490225 	 Loss Classification: 0.493622 Loss T 0.073248 Method MME

S real T sketch Train Ep: 5900 lr0.007062397483947426 	 Loss Classification: 0.456188 Loss T 0.082970 Method MME

Per Class Accuracy Calculated According to the Labelled Target examples is:  [0.8333333  1.         0.5555556  0.6666667  1.         0.22222222
 0.6666667  0.6666667  0.6666667  0.         1.         1.
 0.         0.         0.44444445 0.16666667 0.7777778  1.
 0.44444445 0.         0.6666667  0.8333333  0.33333334 1.
 0.22222222 0.         0.         0.7777778  0.6666667  0.33333334
 0.5        0.33333334 0.11111111 0.8888889  0.6666667  0.22222222
 0.22222222 0.         0.6666667  1.         0.5555556  1.
 0.6666667  0.44444445 0.6666667  0.6666667  1.         0.8888889
 0.33333334 1.         0.33333334 0.33333334 0.8888889  0.44444445
 1.         0.5555556  0.8888889  1.         1.         1.
 0.8888889  0.33333334 1.         0.22222222 0.8888889  0.6666667
 0.33333334 0.7777778  0.11111111 1.         0.         0.
 0.44444445 0.5555556  1.         0.33333334 0.         0.7777778
 0.8333333  0.8888889  0.         0.8888889  0.33333334 0.44444445
 0.33333334 0.6666667  1.         0.6666667  0.         0.33333334
 0.5555556  1.         0.6666667  0.8888889  1.         0.6666667
 0.6666667  1.         0.6666667  0.11111111 0.8888889  0.44444445
 0.6666667  1.         0.6666667  0.         0.33333334 0.33333334
 0.         0.33333334 0.5555556  0.7777778  0.7777778  1.
 1.         1.         0.5555556  0.6666667  0.44444445 0.33333334
 0.8888889  1.         0.6666667  0.         0.         1.        ]
Top k classes which perform poorly are:  [105, 19, 108, 25, 71, 13, 12, 70, 80, 76, 26, 88, 37, 124, 123, 9, 68, 99, 32, 15, 36, 24, 63, 35, 5, 82, 48, 109, 66, 84, 61, 75, 50, 51, 31, 107, 29, 119, 89, 106, 22, 118, 18, 72, 101, 53, 14, 83, 43, 30, 55, 73, 90, 116, 40, 2, 110, 98, 104, 85, 95, 92, 87, 96, 65, 102, 38, 117, 42, 44, 20, 45, 28, 8, 34, 6, 122, 3, 7, 77, 112, 27, 111, 67, 16, 21, 0, 78, 64, 81, 79, 120, 93, 47, 52, 56, 100, 33, 60, 115, 121, 114, 113, 62, 97, 1, 4, 10, 11, 17, 23, 39, 41, 46, 49, 54, 57, 58, 59, 69, 74, 86, 91, 94, 103]
0
1
2
3
4
5
6
7
8
9
10
11
12
13
14
15
16
17
18
19
20
21
22
23
24
25
26
27
28
29
30
31
32
33
34
35
36
37
38
39
40
41
42
43
44
45
46
47
48
49
50
51
52
53
54
55
56
57
58
59
60
61
62
63
64
65
66
67
68
69
70
71
72
73
74
75
76
77
78
79
80
81
82
83
84
85
86
87
88
89
90
91
92
93
94
95
96
97
98
99
100
101
102
103
104
105
106
107
108
109
110
111
112
113
114
115
116
117
118
119
120
121
122
123
124
125
126
127
128
129
130
131
132
133
134
135
136
137
138
139
140
141
142
143
144
145
146
147
148
149
150
151
152
153
154
155
156
157
158
159
160
161
162
163
164
165
166
167
168
169
170
171
172
173
174
175
176
177
178
179
180
181
182
183
184
185
186
187
188
189
190
191
192
193
194
195
196
197
198
199
200
201
202
203
204
205
206
207
208
209
210
211
212
213
214
215
216
217
218
219
220
221
222
223
224
225
226
227
228
229
230
231
232
233
234
235
236
237
238
239
240
241
242
243
244
245
246
247
248
249
250
251
252
253
254
255
256
257
258
259
260
261
262
263
264
265
266
267
268
269
270
271
272
273
274
275
276
277
278
279
280
281
282
283
284
285
286
287
288
289
290
291
292
293
294
295
296
297
298
299
300
301
302
303
304
305
306
307
308
309
310
311
312
313
314
315
316
317
318
319
320
321
322
323
324
325
326
327
328
329
330
331
332
333
334
335
336
337
338
339
340
341
342
343
344
345
346
347
348
349
350
351
352
353
354
355
356
357
358
359
360
361
362
363
364
365
366
367
368
369
370
371
372
373
374
375
376
377
0
1
2
3
4
5
6
7
8
9
10
11
12
13
14
15
16
17
18
19
20
21
22
23
24
25
26
27
28
29
30
31
32
33
34
35
36
37
38
39
40
41
42
43
44
45
46
47
48
49
50
51
52
53
54
55
56
57
58
59
60
61
62
63
64
65
66
67
68
69
70
71
72
73
74
75
76
77
78
79
80
81
82
83
84
85
86
87
88
89
90
91
92
93
94
95
96
97
98
99
100
101
102
103
104
105
106
107
108
109
110
111
112
113
114
115
116
117
118
119
120
121
122
123
124
125
126
127
128
129
130
131
132
133
134
135
136
137
138
139
140
141
142
143
144
145
146
147
148
149
150
151
152
153
154
155
156
157
158
159
160
161
162
163
164
165
166
167
168
169
170
171
172
173
174
175
176
177
178
179
180
181
182
183
184
185
186
187
188
189
190
191
192
193
194
195
196
197
198
199
200
201
202
203
204
205
206
207
208
209
210
211
212
213
214
215
216
217
218
219
220
221
222
223
224
225
226
227
228
229
230
231
232
233
234
235
236
237
238
239
240
241
242
243
244
245
246
247
248
249
250
251
252
253
254
255
256
257
258
259
260
261
262
263
264
265
266
267
268
269
270
271
272
273
274
275
276
277
278
279
280
281
282
283
284
285
286
287
288
289
290
291
292
293
294
295
296
297
298
299
300
301
302
303
304
305
306
307
308
309
310
311
312
313
314
315
316
317
318
319
320
321
322
323
324
325
326
327
328
329
330
331
332
333
334
335
336
337
338
339
340
341
342
343
344
345
346
347
348
349
350
351
352
353
354
355
356
357
358
359
360
361
362
363
364
365
366
367
368
369
370
371
372
373
374
375
376
377
Assigned Classwise weights to source
S real T sketch Train Ep: 6000 lr0.007029266564879363 	 Loss Classification: 0.595673 Loss T 0.091935 Method MME


Labeled Target set: Average loss: 2.5862, Accuracy: 580/1080 F1 (53.7037%)


Test set: Average loss: 2.4156, Accuracy: 14068/23808 F1 (59.0894%)


Val set: Average loss: 2.2747, Accuracy: 207/360 F1 (57.5000%)

best acc test 61.130712  acc val 57.500000 acc labeled target 53.703704
saving model...
S real T sketch Train Ep: 6100 lr0.006996496045111504 	 Loss Classification: 0.963527 Loss T 0.091584 Method MME

S real T sketch Train Ep: 6200 lr0.00696407980201184 	 Loss Classification: 0.529984 Loss T 0.084198 Method MME

S real T sketch Train Ep: 6300 lr0.006932011853915101 	 Loss Classification: 0.770694 Loss T 0.069633 Method MME

S real T sketch Train Ep: 6400 lr0.006900286356036734 	 Loss Classification: 0.410979 Loss T 0.070589 Method MME

S real T sketch Train Ep: 6500 lr0.006868897596529406 	 Loss Classification: 0.503034 Loss T 0.068738 Method MME


Labeled Target set: Average loss: 2.2416, Accuracy: 632/1080 F1 (58.5185%)


Test set: Average loss: 2.1776, Accuracy: 14826/23808 F1 (62.2732%)


Val set: Average loss: 1.9311, Accuracy: 218/360 F1 (60.5556%)

best acc test 61.130712  acc val 60.555556 acc labeled target 58.518519
saving model...
S real T sketch Train Ep: 6600 lr0.006837839992676177 	 Loss Classification: 0.497175 Loss T 0.090592 Method MME

S real T sketch Train Ep: 6700 lr0.006807108087214876 	 Loss Classification: 0.668756 Loss T 0.056260 Method MME

S real T sketch Train Ep: 6800 lr0.006776696544788352 	 Loss Classification: 0.389073 Loss T 0.081494 Method MME

S real T sketch Train Ep: 6900 lr0.006746600148515609 	 Loss Classification: 0.497479 Loss T 0.073902 Method MME

Per Class Accuracy Calculated According to the Labelled Target examples is:  [0.7777778  1.         0.5555556  0.6666667  0.8333333  0.33333334
 0.6666667  1.         0.6666667  0.         0.6666667  1.
 0.         0.         0.11111111 0.11111111 1.         1.
 0.33333334 0.33333334 0.6666667  1.         0.7777778  0.8888889
 0.33333334 0.8333333  0.         1.         0.6666667  0.44444445
 0.6666667  0.33333334 0.22222222 0.16666667 1.         0.
 0.33333334 0.         1.         1.         0.33333334 0.8888889
 0.8888889  0.7777778  1.         0.6666667  1.         0.5555556
 0.5        1.         0.33333334 0.11111111 1.         0.22222222
 1.         0.33333334 0.8888889  1.         1.         1.
 1.         0.11111111 1.         0.44444445 1.         0.6666667
 0.11111111 1.         0.         1.         0.         0.44444445
 0.5555556  0.33333334 1.         0.22222222 0.         0.8888889
 1.         0.8333333  0.         1.         0.         0.22222222
 0.44444445 0.44444445 0.8888889  0.6666667  0.         0.5555556
 0.33333334 0.8888889  0.6666667  1.         0.8888889  0.6666667
 0.6666667  1.         0.44444445 0.         0.8888889  0.6666667
 0.6666667  1.         0.6666667  0.         0.22222222 0.33333334
 0.         0.44444445 0.44444445 0.6666667  0.8888889  1.
 1.         1.         0.22222222 0.6666667  0.22222222 0.33333334
 1.         1.         0.33333334 0.         0.         1.        ]
Top k classes which perform poorly are:  [124, 76, 80, 26, 99, 37, 82, 70, 13, 12, 68, 35, 9, 105, 123, 108, 88, 51, 14, 15, 66, 61, 33, 106, 32, 118, 53, 116, 83, 75, 50, 107, 73, 40, 36, 55, 31, 24, 19, 5, 18, 119, 90, 122, 98, 84, 71, 63, 85, 109, 29, 110, 48, 47, 72, 2, 89, 87, 65, 102, 92, 101, 104, 96, 111, 3, 6, 8, 10, 20, 28, 30, 117, 45, 95, 0, 43, 22, 4, 25, 79, 56, 91, 23, 100, 41, 77, 86, 42, 94, 112, 114, 121, 120, 115, 103, 113, 62, 93, 1, 7, 11, 16, 17, 21, 27, 34, 38, 39, 44, 46, 49, 52, 54, 57, 58, 59, 60, 64, 67, 69, 74, 78, 81, 97]
0
1
2
3
4
5
6
7
8
9
10
11
12
13
14
15
16
17
18
19
20
21
22
23
24
25
26
27
28
29
30
31
32
33
34
35
36
37
38
39
40
41
42
43
44
45
46
47
48
49
50
51
52
53
54
55
56
57
58
59
60
61
62
63
64
65
66
67
68
69
70
71
72
73
74
75
76
77
78
79
80
81
82
83
84
85
86
87
88
89
90
91
92
93
94
95
96
97
98
99
100
101
102
103
104
105
106
107
108
109
110
111
112
113
114
115
116
117
118
119
120
121
122
123
124
125
126
127
128
129
130
131
132
133
134
135
136
137
138
139
140
141
142
143
144
145
146
147
148
149
150
151
152
153
154
155
156
157
158
159
160
161
162
163
164
165
166
167
168
169
170
171
172
173
174
175
176
177
178
179
180
181
182
183
184
185
186
187
188
189
190
191
192
193
194
195
196
197
198
199
200
201
202
203
204
205
206
207
208
209
210
211
212
213
214
215
216
217
218
219
220
221
222
223
224
225
226
227
228
229
230
231
232
233
234
235
236
237
238
239
240
241
242
243
244
245
246
247
248
249
250
251
252
253
254
255
256
257
258
259
260
261
262
263
264
265
266
267
268
269
270
271
272
273
274
275
276
277
278
279
280
281
282
283
284
285
286
287
288
289
290
291
292
293
294
295
296
297
298
299
300
301
302
303
304
305
306
307
308
309
310
311
312
313
314
315
316
317
318
319
320
321
322
323
324
325
326
327
328
329
330
331
332
333
334
335
336
337
338
339
340
341
342
343
344
345
346
347
348
349
350
351
352
353
354
355
356
357
358
359
360
361
362
363
364
365
366
367
368
369
370
371
372
373
374
375
376
377
0
1
2
3
4
5
6
7
8
9
10
11
12
13
14
15
16
17
18
19
20
21
22
23
24
25
26
27
28
29
30
31
32
33
34
35
36
37
38
39
40
41
42
43
44
45
46
47
48
49
50
51
52
53
54
55
56
57
58
59
60
61
62
63
64
65
66
67
68
69
70
71
72
73
74
75
76
77
78
79
80
81
82
83
84
85
86
87
88
89
90
91
92
93
94
95
96
97
98
99
100
101
102
103
104
105
106
107
108
109
110
111
112
113
114
115
116
117
118
119
120
121
122
123
124
125
126
127
128
129
130
131
132
133
134
135
136
137
138
139
140
141
142
143
144
145
146
147
148
149
150
151
152
153
154
155
156
157
158
159
160
161
162
163
164
165
166
167
168
169
170
171
172
173
174
175
176
177
178
179
180
181
182
183
184
185
186
187
188
189
190
191
192
193
194
195
196
197
198
199
200
201
202
203
204
205
206
207
208
209
210
211
212
213
214
215
216
217
218
219
220
221
222
223
224
225
226
227
228
229
230
231
232
233
234
235
236
237
238
239
240
241
242
243
244
245
246
247
248
249
250
251
252
253
254
255
256
257
258
259
260
261
262
263
264
265
266
267
268
269
270
271
272
273
274
275
276
277
278
279
280
281
282
283
284
285
286
287
288
289
290
291
292
293
294
295
296
297
298
299
300
301
302
303
304
305
306
307
308
309
310
311
312
313
314
315
316
317
318
319
320
321
322
323
324
325
326
327
328
329
330
331
332
333
334
335
336
337
338
339
340
341
342
343
344
345
346
347
348
349
350
351
352
353
354
355
356
357
358
359
360
361
362
363
364
365
366
367
368
369
370
371
372
373
374
375
376
377
Assigned Classwise weights to source
S real T sketch Train Ep: 7000 lr0.006716813796678979 	 Loss Classification: 0.394536 Loss T 0.067336 Method MME


Labeled Target set: Average loss: 2.4919, Accuracy: 619/1080 F1 (57.3148%)


Test set: Average loss: 2.4257, Accuracy: 14296/23808 F1 (60.0470%)


Val set: Average loss: 2.4149, Accuracy: 208/360 F1 (57.7778%)

best acc test 61.130712  acc val 57.777778 acc labeled target 57.314815
saving model...
S real T sketch Train Ep: 7100 lr0.006687332499522798 	 Loss Classification: 0.553291 Loss T 0.073462 Method MME

S real T sketch Train Ep: 7200 lr0.006658151376159165 	 Loss Classification: 0.962829 Loss T 0.053167 Method MME

S real T sketch Train Ep: 7300 lr0.00662926565157663 	 Loss Classification: 0.362412 Loss T 0.078014 Method MME

S real T sketch Train Ep: 7400 lr0.006600670653747793 	 Loss Classification: 0.117750 Loss T 0.070506 Method MME

S real T sketch Train Ep: 7500 lr0.0065723618108320175 	 Loss Classification: 0.530085 Loss T 0.075961 Method MME


Labeled Target set: Average loss: 0.0477, Accuracy: 1069/1080 F1 (98.9815%)


Test set: Average loss: 1.9040, Accuracy: 15793/23808 F1 (66.3348%)


Val set: Average loss: 1.6838, Accuracy: 240/360 F1 (66.6667%)

best acc test 66.334845  acc val 66.666667 acc labeled target 98.981481
saving model...
S real T sketch Train Ep: 7600 lr0.006544334648469591 	 Loss Classification: 0.302299 Loss T 0.057488 Method MME

S real T sketch Train Ep: 7700 lr0.006516584787163857 	 Loss Classification: 0.669326 Loss T 0.075622 Method MME

S real T sketch Train Ep: 7800 lr0.006489107939747966 	 Loss Classification: 0.470765 Loss T 0.061649 Method MME

S real T sketch Train Ep: 7900 lr0.0064618999089330565 	 Loss Classification: 0.430135 Loss T 0.074287 Method MME

Per Class Accuracy Calculated According to the Labelled Target examples is:  [1.        1.        1.        1.        1.        1.        1.
 1.        1.        0.8888889 1.        1.        1.        1.
 1.        1.        1.        1.        1.        1.        1.
 1.        1.        1.        1.        1.        1.        1.
 1.        1.        1.        1.        1.        1.        1.
 1.        0.7777778 1.        1.        1.        1.        1.
 1.        0.8888889 1.        1.        1.        1.        1.
 1.        1.        1.        1.        1.        1.        1.
 1.        1.        1.        1.        1.        0.7777778 1.
 1.        1.        1.        1.        1.        1.        1.
 0.8333333 1.        1.        1.        1.        1.        1.
 0.8888889 1.        0.8888889 1.        1.        1.        1.
 1.        0.8888889 1.        0.8888889 1.        1.        1.
 1.        1.        1.        1.        1.        1.        1.
 1.        1.        1.        1.        1.        1.        1.
 1.        1.        1.        1.        1.        1.        1.
 1.        1.        1.        1.        1.        1.        1.
 1.        1.        1.        1.        1.        1.        1.       ]
Top k classes which perform poorly are:  [61, 36, 70, 79, 43, 77, 85, 9, 87, 88, 86, 89, 84, 90, 91, 83, 82, 0, 80, 92, 78, 76, 75, 74, 73, 72, 71, 69, 68, 67, 81, 93, 94, 95, 123, 122, 121, 120, 119, 118, 117, 116, 115, 114, 113, 112, 111, 66, 110, 108, 107, 106, 105, 104, 103, 102, 101, 100, 99, 98, 97, 96, 109, 65, 62, 63, 28, 27, 26, 25, 24, 23, 22, 21, 20, 19, 18, 17, 16, 15, 14, 13, 12, 11, 10, 8, 7, 6, 5, 4, 3, 2, 1, 29, 64, 30, 32, 124, 60, 59, 58, 57, 56, 55, 54, 53, 52, 51, 50, 49, 48, 47, 46, 45, 44, 42, 41, 40, 39, 38, 37, 35, 34, 33, 31]
0
1
2
3
4
5
6
7
8
9
10
11
12
13
14
15
16
17
18
19
20
21
22
23
24
25
26
27
28
29
30
31
32
33
34
35
36
37
38
39
40
41
42
43
44
45
46
47
48
49
50
51
52
53
54
55
56
57
58
59
60
61
62
63
64
65
66
67
68
69
70
71
72
73
74
75
76
77
78
79
80
81
82
83
84
85
86
87
88
89
90
91
92
93
94
95
96
97
98
99
100
101
102
103
104
105
106
107
108
109
110
111
112
113
114
115
116
117
118
119
120
121
122
123
124
125
126
127
128
129
130
131
132
133
134
135
136
137
138
139
140
141
142
143
144
145
146
147
148
149
150
151
152
153
154
155
156
157
158
159
160
161
162
163
164
165
166
167
168
169
170
171
172
173
174
175
176
177
178
179
180
181
182
183
184
185
186
187
188
189
190
191
192
193
194
195
196
197
198
199
200
201
202
203
204
205
206
207
208
209
210
211
212
213
214
215
216
217
218
219
220
221
222
223
224
225
226
227
228
229
230
231
232
233
234
235
236
237
238
239
240
241
242
243
244
245
246
247
248
249
250
251
252
253
254
255
256
257
258
259
260
261
262
263
264
265
266
267
268
269
270
271
272
273
274
275
276
277
278
279
280
281
282
283
284
285
286
287
288
289
290
291
292
293
294
295
296
297
298
299
300
301
302
303
304
305
306
307
308
309
310
311
312
313
314
315
316
317
318
319
320
321
322
323
324
325
326
327
328
329
330
331
332
333
334
335
336
337
338
339
340
341
342
343
344
345
346
347
348
349
350
351
352
353
354
355
356
357
358
359
360
361
362
363
364
365
366
367
368
369
370
371
372
373
374
375
376
377
0
1
2
3
4
5
6
7
8
9
10
11
12
13
14
15
16
17
18
19
20
21
22
23
24
25
26
27
28
29
30
31
32
33
34
35
36
37
38
39
40
41
42
43
44
45
46
47
48
49
50
51
52
53
54
55
56
57
58
59
60
61
62
63
64
65
66
67
68
69
70
71
72
73
74
75
76
77
78
79
80
81
82
83
84
85
86
87
88
89
90
91
92
93
94
95
96
97
98
99
100
101
102
103
104
105
106
107
108
109
110
111
112
113
114
115
116
117
118
119
120
121
122
123
124
125
126
127
128
129
130
131
132
133
134
135
136
137
138
139
140
141
142
143
144
145
146
147
148
149
150
151
152
153
154
155
156
157
158
159
160
161
162
163
164
165
166
167
168
169
170
171
172
173
174
175
176
177
178
179
180
181
182
183
184
185
186
187
188
189
190
191
192
193
194
195
196
197
198
199
200
201
202
203
204
205
206
207
208
209
210
211
212
213
214
215
216
217
218
219
220
221
222
223
224
225
226
227
228
229
230
231
232
233
234
235
236
237
238
239
240
241
242
243
244
245
246
247
248
249
250
251
252
253
254
255
256
257
258
259
260
261
262
263
264
265
266
267
268
269
270
271
272
273
274
275
276
277
278
279
280
281
282
283
284
285
286
287
288
289
290
291
292
293
294
295
296
297
298
299
300
301
302
303
304
305
306
307
308
309
310
311
312
313
314
315
316
317
318
319
320
321
322
323
324
325
326
327
328
329
330
331
332
333
334
335
336
337
338
339
340
341
342
343
344
345
346
347
348
349
350
351
352
353
354
355
356
357
358
359
360
361
362
363
364
365
366
367
368
369
370
371
372
373
374
375
376
377
Assigned Classwise weights to source
S real T sketch Train Ep: 8000 lr0.006434956584934828 	 Loss Classification: 0.565014 Loss T 0.059465 Method MME


Labeled Target set: Average loss: 0.1418, Accuracy: 1045/1080 F1 (96.7593%)


Test set: Average loss: 2.1900, Accuracy: 15150/23808 F1 (63.6341%)


Val set: Average loss: 1.8490, Accuracy: 240/360 F1 (66.6667%)

best acc test 63.634073  acc val 66.666667 acc labeled target 96.759259
saving model...
S real T sketch Train Ep: 8100 lr0.006408273943175546 	 Loss Classification: 0.656532 Loss T 0.068740 Method MME

S real T sketch Train Ep: 8200 lr0.006381848042058713 	 Loss Classification: 0.321596 Loss T 0.054183 Method MME

S real T sketch Train Ep: 8300 lr0.0063556750208137005 	 Loss Classification: 0.989132 Loss T 0.055815 Method MME

S real T sketch Train Ep: 8400 lr0.006329751097407787 	 Loss Classification: 1.137841 Loss T 0.047565 Method MME

S real T sketch Train Ep: 8500 lr0.0063040725665231365 	 Loss Classification: 0.523014 Loss T 0.064250 Method MME


Labeled Target set: Average loss: 0.0448, Accuracy: 1071/1080 F1 (99.1667%)


Test set: Average loss: 1.9489, Accuracy: 16054/23808 F1 (67.4311%)


Val set: Average loss: 1.6081, Accuracy: 250/360 F1 (69.4444%)

best acc test 67.431116  acc val 69.444444 acc labeled target 99.166667
saving model...
S real T sketch Train Ep: 8600 lr0.006278635797596355 	 Loss Classification: 0.210126 Loss T 0.059907 Method MME

S real T sketch Train Ep: 8700 lr0.006253437232918371 	 Loss Classification: 0.743236 Loss T 0.049077 Method MME

S real T sketch Train Ep: 8800 lr0.0062284733857924735 	 Loss Classification: 0.803295 Loss T 0.043736 Method MME

S real T sketch Train Ep: 8900 lr0.006203740838748417 	 Loss Classification: 0.531320 Loss T 0.066911 Method MME

Per Class Accuracy Calculated According to the Labelled Target examples is:  [1.        1.        1.        1.        1.        1.        1.
 1.        1.        1.        1.        1.        1.        1.
 1.        1.        1.        1.        1.        0.8888889 1.
 1.        1.        1.        1.        1.        0.8888889 1.
 1.        1.        1.        1.        0.8888889 1.        1.
 1.        0.8888889 1.        1.        1.        0.8333333 1.
 0.8888889 1.        1.        1.        1.        1.        1.
 1.        1.        1.        1.        1.        1.        1.
 1.        1.        1.        1.        1.        1.        1.
 1.        1.        1.        1.        1.        1.        1.
 1.        1.        1.        1.        1.        0.8888889 1.
 1.        1.        1.        1.        1.        1.        1.
 1.        1.        1.        1.        1.        1.        1.
 1.        1.        1.        1.        0.8888889 1.        1.
 1.        1.        1.        1.        1.        1.        1.
 1.        0.8888889 1.        1.        1.        1.        1.
 1.        1.        1.        1.        1.        1.        1.
 1.        1.        1.        1.        1.        1.        1.       ]
Top k classes which perform poorly are:  [40, 32, 19, 42, 106, 26, 75, 36, 95, 90, 91, 88, 87, 86, 85, 89, 84, 83, 82, 81, 80, 79, 78, 77, 76, 74, 73, 72, 71, 70, 69, 68, 92, 93, 0, 67, 123, 122, 121, 120, 119, 118, 117, 116, 115, 114, 113, 112, 111, 110, 109, 108, 107, 105, 104, 103, 102, 101, 100, 99, 98, 97, 96, 94, 66, 62, 64, 28, 27, 25, 24, 23, 22, 21, 20, 18, 17, 16, 15, 29, 14, 12, 11, 10, 9, 8, 7, 6, 5, 4, 3, 2, 1, 13, 30, 31, 33, 63, 124, 61, 60, 59, 58, 57, 56, 55, 54, 53, 52, 51, 50, 49, 48, 47, 46, 45, 44, 43, 41, 39, 38, 37, 35, 34, 65]
0
1
2
3
4
5
6
7
8
9
10
11
12
13
14
15
16
17
18
19
20
21
22
23
24
25
26
27
28
29
30
31
32
33
34
35
36
37
38
39
40
41
42
43
44
45
46
47
48
49
50
51
52
53
54
55
56
57
58
59
60
61
62
63
64
65
66
67
68
69
70
71
72
73
74
75
76
77
78
79
80
81
82
83
84
85
86
87
88
89
90
91
92
93
94
95
96
97
98
99
100
101
102
103
104
105
106
107
108
109
110
111
112
113
114
115
116
117
118
119
120
121
122
123
124
125
126
127
128
129
130
131
132
133
134
135
136
137
138
139
140
141
142
143
144
145
146
147
148
149
150
151
152
153
154
155
156
157
158
159
160
161
162
163
164
165
166
167
168
169
170
171
172
173
174
175
176
177
178
179
180
181
182
183
184
185
186
187
188
189
190
191
192
193
194
195
196
197
198
199
200
201
202
203
204
205
206
207
208
209
210
211
212
213
214
215
216
217
218
219
220
221
222
223
224
225
226
227
228
229
230
231
232
233
234
235
236
237
238
239
240
241
242
243
244
245
246
247
248
249
250
251
252
253
254
255
256
257
258
259
260
261
262
263
264
265
266
267
268
269
270
271
272
273
274
275
276
277
278
279
280
281
282
283
284
285
286
287
288
289
290
291
292
293
294
295
296
297
298
299
300
301
302
303
304
305
306
307
308
309
310
311
312
313
314
315
316
317
318
319
320
321
322
323
324
325
326
327
328
329
330
331
332
333
334
335
336
337
338
339
340
341
342
343
344
345
346
347
348
349
350
351
352
353
354
355
356
357
358
359
360
361
362
363
364
365
366
367
368
369
370
371
372
373
374
375
376
377
0
1
2
3
4
5
6
7
8
9
10
11
12
13
14
15
16
17
18
19
20
21
22
23
24
25
26
27
28
29
30
31
32
33
34
35
36
37
38
39
40
41
42
43
44
45
46
47
48
49
50
51
52
53
54
55
56
57
58
59
60
61
62
63
64
65
66
67
68
69
70
71
72
73
74
75
76
77
78
79
80
81
82
83
84
85
86
87
88
89
90
91
92
93
94
95
96
97
98
99
100
101
102
103
104
105
106
107
108
109
110
111
112
113
114
115
116
117
118
119
120
121
122
123
124
125
126
127
128
129
130
131
132
133
134
135
136
137
138
139
140
141
142
143
144
145
146
147
148
149
150
151
152
153
154
155
156
157
158
159
160
161
162
163
164
165
166
167
168
169
170
171
172
173
174
175
176
177
178
179
180
181
182
183
184
185
186
187
188
189
190
191
192
193
194
195
196
197
198
199
200
201
202
203
204
205
206
207
208
209
210
211
212
213
214
215
216
217
218
219
220
221
222
223
224
225
226
227
228
229
230
231
232
233
234
235
236
237
238
239
240
241
242
243
244
245
246
247
248
249
250
251
252
253
254
255
256
257
258
259
260
261
262
263
264
265
266
267
268
269
270
271
272
273
274
275
276
277
278
279
280
281
282
283
284
285
286
287
288
289
290
291
292
293
294
295
296
297
298
299
300
301
302
303
304
305
306
307
308
309
310
311
312
313
314
315
316
317
318
319
320
321
322
323
324
325
326
327
328
329
330
331
332
333
334
335
336
337
338
339
340
341
342
343
344
345
346
347
348
349
350
351
352
353
354
355
356
357
358
359
360
361
362
363
364
365
366
367
368
369
370
371
372
373
374
375
376
377
Assigned Classwise weights to source
S real T sketch Train Ep: 9000 lr0.006179236241810624 	 Loss Classification: 0.395746 Loss T 0.038835 Method MME


Labeled Target set: Average loss: 0.0727, Accuracy: 1062/1080 F1 (98.3333%)


Test set: Average loss: 2.1290, Accuracy: 15630/23808 F1 (65.6502%)


Val set: Average loss: 1.8116, Accuracy: 238/360 F1 (66.1111%)

best acc test 67.431116  acc val 66.111111 acc labeled target 98.333333
saving model...
S real T sketch Train Ep: 9100 lr0.006154956310818535 	 Loss Classification: 0.597669 Loss T 0.074280 Method MME

S real T sketch Train Ep: 9200 lr0.0061308978257973165 	 Loss Classification: 0.511549 Loss T 0.069317 Method MME

S real T sketch Train Ep: 9300 lr0.0061070576293771285 	 Loss Classification: 0.361993 Loss T 0.048989 Method MME

S real T sketch Train Ep: 9400 lr0.006083432625259276 	 Loss Classification: 0.273997 Loss T 0.039852 Method MME

S real T sketch Train Ep: 9500 lr0.006060019776727621 	 Loss Classification: 1.033659 Loss T 0.058384 Method MME


Labeled Target set: Average loss: 0.0292, Accuracy: 1073/1080 F1 (99.3519%)


Test set: Average loss: 1.9728, Accuracy: 16164/23808 F1 (67.8931%)


Val set: Average loss: 1.6422, Accuracy: 245/360 F1 (68.0556%)

best acc test 67.431116  acc val 68.055556 acc labeled target 99.351852
saving model...
S real T sketch Train Ep: 9600 lr0.00603681610520369 	 Loss Classification: 0.601004 Loss T 0.078537 Method MME

S real T sketch Train Ep: 9700 lr0.0060138186888439825 	 Loss Classification: 0.512965 Loss T 0.031755 Method MME

S real T sketch Train Ep: 9800 lr0.005991024661178045 	 Loss Classification: 0.449219 Loss T 0.055267 Method MME

S real T sketch Train Ep: 9900 lr0.0059684312097859115 	 Loss Classification: 0.331204 Loss T 0.058397 Method MME

Per Class Accuracy Calculated According to the Labelled Target examples is:  [1.        1.        1.        1.        1.        1.        1.
 1.        1.        1.        1.        1.        1.        1.
 0.7777778 1.        1.        1.        1.        1.        1.
 1.        1.        1.        1.        1.        1.        1.
 1.        1.        1.        0.8888889 1.        1.        1.
 1.        1.        0.8333333 1.        1.        1.        1.
 1.        1.        1.        1.        1.        1.        1.
 1.        1.        1.        1.        1.        1.        1.
 1.        1.        1.        1.        1.        1.        1.
 1.        1.        1.        1.        1.        1.        1.
 1.        1.        1.        1.        1.        0.8333333 1.
 1.        1.        1.        1.        1.        1.        1.
 1.        1.        1.        1.        1.        1.        1.
 1.        1.        1.        1.        1.        1.        1.
 1.        0.8888889 1.        1.        1.        1.        1.
 1.        1.        1.        1.        1.        1.        1.
 1.        1.        1.        1.        0.8888889 1.        1.
 1.        1.        1.        1.        1.        1.        1.       ]
Top k classes which perform poorly are:  [14, 75, 37, 31, 99, 116, 88, 87, 82, 86, 85, 90, 84, 83, 91, 89, 81, 79, 92, 78, 77, 76, 74, 73, 72, 71, 70, 69, 68, 67, 66, 80, 93, 0, 65, 123, 122, 121, 120, 119, 118, 117, 115, 114, 113, 112, 111, 110, 109, 108, 107, 106, 105, 104, 103, 102, 101, 100, 98, 97, 96, 95, 94, 64, 62, 124, 28, 27, 26, 25, 24, 23, 22, 21, 20, 19, 18, 17, 16, 15, 13, 12, 11, 10, 9, 8, 7, 6, 5, 4, 3, 2, 1, 29, 63, 30, 33, 61, 60, 59, 58, 57, 56, 55, 54, 53, 52, 51, 50, 49, 48, 47, 46, 45, 44, 43, 42, 41, 40, 39, 38, 36, 35, 34, 32]
0
1
2
3
4
5
6
7
8
9
10
11
12
13
14
15
16
17
18
19
20
21
22
23
24
25
26
27
28
29
30
31
32
33
34
35
36
37
38
39
40
41
42
43
44
45
46
47
48
49
50
51
52
53
54
55
56
57
58
59
60
61
62
63
64
65
66
67
68
69
70
71
72
73
74
75
76
77
78
79
80
81
82
83
84
85
86
87
88
89
90
91
92
93
94
95
96
97
98
99
100
101
102
103
104
105
106
107
108
109
110
111
112
113
114
115
116
117
118
119
120
121
122
123
124
125
126
127
128
129
130
131
132
133
134
135
136
137
138
139
140
141
142
143
144
145
146
147
148
149
150
151
152
153
154
155
156
157
158
159
160
161
162
163
164
165
166
167
168
169
170
171
172
173
174
175
176
177
178
179
180
181
182
183
184
185
186
187
188
189
190
191
192
193
194
195
196
197
198
199
200
201
202
203
204
205
206
207
208
209
210
211
212
213
214
215
216
217
218
219
220
221
222
223
224
225
226
227
228
229
230
231
232
233
234
235
236
237
238
239
240
241
242
243
244
245
246
247
248
249
250
251
252
253
254
255
256
257
258
259
260
261
262
263
264
265
266
267
268
269
270
271
272
273
274
275
276
277
278
279
280
281
282
283
284
285
286
287
288
289
290
291
292
293
294
295
296
297
298
299
300
301
302
303
304
305
306
307
308
309
310
311
312
313
314
315
316
317
318
319
320
321
322
323
324
325
326
327
328
329
330
331
332
333
334
335
336
337
338
339
340
341
342
343
344
345
346
347
348
349
350
351
352
353
354
355
356
357
358
359
360
361
362
363
364
365
366
367
368
369
370
371
372
373
374
375
376
377
0
1
2
3
4
5
6
7
8
9
10
11
12
13
14
15
16
17
18
19
20
21
22
23
24
25
26
27
28
29
30
31
32
33
34
35
36
37
38
39
40
41
42
43
44
45
46
47
48
49
50
51
52
53
54
55
56
57
58
59
60
61
62
63
64
65
66
67
68
69
70
71
72
73
74
75
76
77
78
79
80
81
82
83
84
85
86
87
88
89
90
91
92
93
94
95
96
97
98
99
100
101
102
103
104
105
106
107
108
109
110
111
112
113
114
115
116
117
118
119
120
121
122
123
124
125
126
127
128
129
130
131
132
133
134
135
136
137
138
139
140
141
142
143
144
145
146
147
148
149
150
151
152
153
154
155
156
157
158
159
160
161
162
163
164
165
166
167
168
169
170
171
172
173
174
175
176
177
178
179
180
181
182
183
184
185
186
187
188
189
190
191
192
193
194
195
196
197
198
199
200
201
202
203
204
205
206
207
208
209
210
211
212
213
214
215
216
217
218
219
220
221
222
223
224
225
226
227
228
229
230
231
232
233
234
235
236
237
238
239
240
241
242
243
244
245
246
247
248
249
250
251
252
253
254
255
256
257
258
259
260
261
262
263
264
265
266
267
268
269
270
271
272
273
274
275
276
277
278
279
280
281
282
283
284
285
286
287
288
289
290
291
292
293
294
295
296
297
298
299
300
301
302
303
304
305
306
307
308
309
310
311
312
313
314
315
316
317
318
319
320
321
322
323
324
325
326
327
328
329
330
331
332
333
334
335
336
337
338
339
340
341
342
343
344
345
346
347
348
349
350
351
352
353
354
355
356
357
358
359
360
361
362
363
364
365
366
367
368
369
370
371
372
373
374
375
376
377
Assigned Classwise weights to source
S real T sketch Train Ep: 10000 lr0.005946035575013605 	 Loss Classification: 0.219264 Loss T 0.031001 Method MME


Labeled Target set: Average loss: 0.0882, Accuracy: 1063/1080 F1 (98.4259%)


Test set: Average loss: 2.1537, Accuracy: 15751/23808 F1 (66.1584%)


Val set: Average loss: 1.7426, Accuracy: 238/360 F1 (66.1111%)

best acc test 67.431116  acc val 66.111111 acc labeled target 98.425926
saving model...
S real T sketch Train Ep: 10100 lr0.005923835048725393 	 Loss Classification: 0.353044 Loss T 0.059856 Method MME

S real T sketch Train Ep: 10200 lr0.005901826973091593 	 Loss Classification: 0.345232 Loss T 0.045818 Method MME

                                                                                                                   