Dataset multi Source real Target sketch Labeled num perclass 1 Network resnet34
126 classes in this dataset
Unlabelled Target Dataset Size:  24330
Labelled Target Dataset Size:  126
Bank keys - Target:  dict_keys(['feat_vec', 'labels', 'names', 'domain_identifier']) Source:  dict_keys(['feat_vec', 'labels', 'names', 'domain_identifier'])
Num  - Target:  24330 Source:  70358
S real T sketch Train Ep: 0 lr0.01 	 Loss Classification: 5.009794 Loss T 0.471046 Method MME


Labeled Target set: Average loss: 4.9579, Accuracy: 3/360 F1 (0.8333%)


Test set: Average loss: 4.9492, Accuracy: 197/24312 F1 (0.8103%)


Val set: Average loss: 4.9378, Accuracy: 4/360 F1 (1.1111%)

best acc test 0.810299  acc val 1.111111 acc labeled target 0.833333
saving model...
S real T sketch Train Ep: 100 lr0.009925650290240803 	 Loss Classification: 0.938239 Loss T 0.287372 Method MME

S real T sketch Train Ep: 200 lr0.009852577760521605 	 Loss Classification: 0.848363 Loss T 0.231558 Method MME

S real T sketch Train Ep: 300 lr0.009780748269686728 	 Loss Classification: 0.874555 Loss T 0.197418 Method MME

S real T sketch Train Ep: 400 lr0.009710128909124701 	 Loss Classification: 1.069605 Loss T 0.196280 Method MME

S real T sketch Train Ep: 500 lr0.00964068794694323 	 Loss Classification: 1.160296 Loss T 0.148720 Method MME


Labeled Target set: Average loss: 2.4854, Accuracy: 149/360 F1 (41.3889%)


Test set: Average loss: 2.4482, Accuracy: 11622/24312 F1 (47.8036%)


Val set: Average loss: 2.2776, Accuracy: 182/360 F1 (50.5556%)

best acc test 47.803554  acc val 50.555556 acc labeled target 41.388889
saving model...
S real T sketch Train Ep: 600 lr0.00957239477517603 	 Loss Classification: 0.841472 Loss T 0.186608 Method MME

S real T sketch Train Ep: 700 lr0.009505219859830012 	 Loss Classification: 1.226299 Loss T 0.165662 Method MME

S real T sketch Train Ep: 800 lr0.009439134693595126 	 Loss Classification: 0.737354 Loss T 0.160394 Method MME

S real T sketch Train Ep: 900 lr0.009374111751051751 	 Loss Classification: 0.695749 Loss T 0.138097 Method MME

S real T sketch Train Ep: 1000 lr0.009310124446222227 	 Loss Classification: 1.032766 Loss T 0.141852 Method MME


Labeled Target set: Average loss: 2.6216, Accuracy: 159/360 F1 (44.1667%)


Test set: Average loss: 2.4430, Accuracy: 12339/24312 F1 (50.7527%)


Val set: Average loss: 2.2723, Accuracy: 191/360 F1 (53.0556%)

best acc test 50.752715  acc val 53.055556 acc labeled target 44.166667
saving model...
S real T sketch Train Ep: 1100 lr0.00924714709232377 	 Loss Classification: 0.632861 Loss T 0.150669 Method MME

S real T sketch Train Ep: 1200 lr0.009185154863590003 	 Loss Classification: 0.591846 Loss T 0.139200 Method MME

S real T sketch Train Ep: 1300 lr0.00912412375903735 	 Loss Classification: 0.531163 Loss T 0.137503 Method MME

S real T sketch Train Ep: 1400 lr0.009064030568061049 	 Loss Classification: 0.917202 Loss T 0.132782 Method MME

S real T sketch Train Ep: 1500 lr0.009004852837753237 	 Loss Classification: 0.966580 Loss T 0.162253 Method MME


Labeled Target set: Average loss: 2.4376, Accuracy: 173/360 F1 (48.0556%)


Test set: Average loss: 2.2307, Accuracy: 13288/24312 F1 (54.6561%)


Val set: Average loss: 2.0668, Accuracy: 204/360 F1 (56.6667%)

best acc test 54.656137  acc val 56.666667 acc labeled target 48.055556
saving model...
S real T sketch Train Ep: 1600 lr0.008946568841842816 	 Loss Classification: 1.343328 Loss T 0.146313 Method MME

S real T sketch Train Ep: 1700 lr0.008889157551163433 	 Loss Classification: 0.319541 Loss T 0.122879 Method MME

S real T sketch Train Ep: 1800 lr0.008832598605562044 	 Loss Classification: 0.632133 Loss T 0.098273 Method MME

S real T sketch Train Ep: 1900 lr0.008776872287166303 	 Loss Classification: 1.063545 Loss T 0.136247 Method MME

S real T sketch Train Ep: 2000 lr0.008721959494934213 	 Loss Classification: 0.428387 Loss T 0.115212 Method MME


Labeled Target set: Average loss: 2.1009, Accuracy: 183/360 F1 (50.8333%)


Test set: Average loss: 2.2252, Accuracy: 13532/24312 F1 (55.6598%)


Val set: Average loss: 2.1393, Accuracy: 202/360 F1 (56.1111%)

best acc test 54.656137  acc val 56.111111 acc labeled target 50.833333
saving model...
S real T sketch Train Ep: 2100 lr0.008667841720414475 	 Loss Classification: 0.455820 Loss T 0.123507 Method MME

S real T sketch Train Ep: 2200 lr0.008614501024650454 	 Loss Classification: 0.475155 Loss T 0.108661 Method MME

S real T sketch Train Ep: 2300 lr0.008561920016164943 	 Loss Classification: 0.406973 Loss T 0.118352 Method MME

S real T sketch Train Ep: 2400 lr0.008510081829966844 	 Loss Classification: 0.469027 Loss T 0.127216 Method MME

S real T sketch Train Ep: 2500 lr0.008458970107524513 	 Loss Classification: 0.732877 Loss T 0.135618 Method MME


Labeled Target set: Average loss: 2.0860, Accuracy: 188/360 F1 (52.2222%)


Test set: Average loss: 2.1865, Accuracy: 13583/24312 F1 (55.8695%)


Val set: Average loss: 1.9340, Accuracy: 204/360 F1 (56.6667%)

best acc test 55.869529  acc val 56.666667 acc labeled target 52.222222
saving model...
S real T sketch Train Ep: 2600 lr0.008408568977653933 	 Loss Classification: 0.781158 Loss T 0.097450 Method MME

S real T sketch Train Ep: 2700 lr0.00835886303827305 	 Loss Classification: 0.672103 Loss T 0.103113 Method MME

S real T sketch Train Ep: 2800 lr0.008309837338976545 	 Loss Classification: 0.459868 Loss T 0.095280 Method MME

S real T sketch Train Ep: 2900 lr0.008261477364388068 	 Loss Classification: 0.626792 Loss T 0.067698 Method MME

S real T sketch Train Ep: 3000 lr0.008213769018249545 	 Loss Classification: 0.187180 Loss T 0.095152 Method MME


Labeled Target set: Average loss: 2.2026, Accuracy: 186/360 F1 (51.6667%)


Test set: Average loss: 2.1571, Accuracy: 14017/24312 F1 (57.6547%)


Val set: Average loss: 2.0193, Accuracy: 213/360 F1 (59.1667%)

best acc test 57.654656  acc val 59.166667 acc labeled target 51.666667
saving model...
S real T sketch Train Ep: 3100 lr0.008166698608209509 	 Loss Classification: 0.435383 Loss T 0.121079 Method MME

S real T sketch Train Ep: 3200 lr0.008120252831274708 	 Loss Classification: 0.638206 Loss T 0.092217 Method MME

S real T sketch Train Ep: 3300 lr0.008074418759891278 	 Loss Classification: 0.781604 Loss T 0.087847 Method MME

S real T sketch Train Ep: 3400 lr0.008029183828623731 	 Loss Classification: 0.395243 Loss T 0.071986 Method MME

S real T sketch Train Ep: 3500 lr0.007984535821401871 	 Loss Classification: 0.805195 Loss T 0.081177 Method MME


Labeled Target set: Average loss: 2.0465, Accuracy: 203/360 F1 (56.3889%)


Test set: Average loss: 2.1057, Accuracy: 14487/24312 F1 (59.5879%)


Val set: Average loss: 1.8349, Accuracy: 212/360 F1 (58.8889%)

best acc test 57.654656  acc val 58.888889 acc labeled target 56.388889
saving model...
S real T sketch Train Ep: 3600 lr0.007940462859307384 	 Loss Classification: 0.346667 Loss T 0.078326 Method MME

S real T sketch Train Ep: 3700 lr0.007896953388873518 	 Loss Classification: 0.568683 Loss T 0.109820 Method MME

S real T sketch Train Ep: 3800 lr0.007853996170872714 	 Loss Classification: 0.681969 Loss T 0.091547 Method MME

S real T sketch Train Ep: 3900 lr0.00781158026956848 	 Loss Classification: 0.371832 Loss T 0.074512 Method MME

S real T sketch Train Ep: 4000 lr0.007769695042409123 	 Loss Classification: 0.472838 Loss T 0.106781 Method MME


Labeled Target set: Average loss: 0.0803, Accuracy: 353/360 F1 (98.0556%)


Test set: Average loss: 2.0371, Accuracy: 15014/24312 F1 (61.7555%)


Val set: Average loss: 1.7838, Accuracy: 230/360 F1 (63.8889%)

best acc test 61.755512  acc val 63.888889 acc labeled target 98.055556
saving model...
S real T sketch Train Ep: 4100 lr0.007728330130142108 	 Loss Classification: 0.895782 Loss T 0.077566 Method MME

S real T sketch Train Ep: 4200 lr0.007687475447329114 	 Loss Classification: 0.555565 Loss T 0.087107 Method MME

S real T sketch Train Ep: 4300 lr0.0076471211732427845 	 Loss Classification: 0.329471 Loss T 0.077111 Method MME

S real T sketch Train Ep: 4400 lr0.007607257743127307 	 Loss Classification: 0.489409 Loss T 0.087932 Method MME

S real T sketch Train Ep: 4500 lr0.007567875839805858 	 Loss Classification: 0.347860 Loss T 0.074661 Method MME


Labeled Target set: Average loss: 0.0832, Accuracy: 353/360 F1 (98.0556%)


Test set: Average loss: 2.0131, Accuracy: 15031/24312 F1 (61.8254%)


Val set: Average loss: 1.6968, Accuracy: 233/360 F1 (64.7222%)

best acc test 61.825436  acc val 64.722222 acc labeled target 98.055556
saving model...
S real T sketch Train Ep: 4600 lr0.007528966385618854 	 Loss Classification: 0.159806 Loss T 0.090178 Method MME

S real T sketch Train Ep: 4700 lr0.007490520534677821 	 Loss Classification: 0.942739 Loss T 0.074404 Method MME

S real T sketch Train Ep: 4800 lr0.007452529665420465 	 Loss Classification: 0.640715 Loss T 0.067300 Method MME

S real T sketch Train Ep: 4900 lr0.007414985373453289 	 Loss Classification: 0.662282 Loss T 0.097094 Method MME

S real T sketch Train Ep: 5000 lr0.007377879464668811 	 Loss Classification: 0.617500 Loss T 0.063218 Method MME


Labeled Target set: Average loss: 0.0698, Accuracy: 355/360 F1 (98.6111%)


Test set: Average loss: 1.9709, Accuracy: 15413/24312 F1 (63.3967%)


Val set: Average loss: 1.7616, Accuracy: 234/360 F1 (65.0000%)

best acc test 63.396677  acc val 65.000000 acc labeled target 98.611111
saving model...
S real T sketch Train Ep: 5100 lr0.007341203948625087 	 Loss Classification: 0.185111 Loss T 0.081724 Method MME

S real T sketch Train Ep: 5200 lr0.007304951032175895 	 Loss Classification: 0.379504 Loss T 0.068533 Method MME

S real T sketch Train Ep: 5300 lr0.007269113113340497 	 Loss Classification: 0.400406 Loss T 0.078636 Method MME

S real T sketch Train Ep: 5400 lr0.007233682775402483 	 Loss Classification: 0.707336 Loss T 0.062856 Method MME

S real T sketch Train Ep: 5500 lr0.007198652781227704 	 Loss Classification: 0.334168 Loss T 0.045836 Method MME


Labeled Target set: Average loss: 0.0393, Accuracy: 357/360 F1 (99.1667%)


Test set: Average loss: 1.9281, Accuracy: 15659/24312 F1 (64.4085%)


Val set: Average loss: 1.7465, Accuracy: 240/360 F1 (66.6667%)

best acc test 64.408523  acc val 66.666667 acc labeled target 99.166667
saving model...
S real T sketch Train Ep: 5600 lr0.007164016067791809 	 Loss Classification: 0.584159 Loss T 0.061717 Method MME

S real T sketch Train Ep: 5700 lr0.0071297657409083726 	 Loss Classification: 0.546020 Loss T 0.084541 Method MME

S real T sketch Train Ep: 5800 lr0.0070958950701490225 	 Loss Classification: 0.336006 Loss T 0.081814 Method MME

S real T sketch Train Ep: 5900 lr0.007062397483947426 	 Loss Classification: 0.501007 Loss T 0.093024 Method MME

S real T sketch Train Ep: 6000 lr0.007029266564879363 	 Loss Classification: 0.415537 Loss T 0.081044 Method MME


Labeled Target set: Average loss: 0.0799, Accuracy: 355/360 F1 (98.6111%)


Test set: Average loss: 1.9367, Accuracy: 15895/24312 F1 (65.3792%)


Val set: Average loss: 1.8133, Accuracy: 232/360 F1 (64.4444%)

best acc test 64.408523  acc val 64.444444 acc labeled target 98.611111
saving model...
S real T sketch Train Ep: 6100 lr0.006996496045111504 	 Loss Classification: 0.420091 Loss T 0.056288 Method MME

S real T sketch Train Ep: 6200 lr0.00696407980201184 	 Loss Classification: 0.091605 Loss T 0.064068 Method MME

S real T sketch Train Ep: 6300 lr0.006932011853915101 	 Loss Classification: 0.336925 Loss T 0.048027 Method MME

S real T sketch Train Ep: 6400 lr0.006900286356036734 	 Loss Classification: 0.098323 Loss T 0.066539 Method MME

S real T sketch Train Ep: 6500 lr0.006868897596529406 	 Loss Classification: 0.515542 Loss T 0.078644 Method MME


Labeled Target set: Average loss: 0.0694, Accuracy: 354/360 F1 (98.3333%)


Test set: Average loss: 2.0230, Accuracy: 15628/24312 F1 (64.2810%)


Val set: Average loss: 1.7327, Accuracy: 244/360 F1 (67.7778%)

best acc test 64.281013  acc val 67.777778 acc labeled target 98.333333
saving model...
S real T sketch Train Ep: 6600 lr0.006837839992676177 	 Loss Classification: 0.204910 Loss T 0.064063 Method MME

S real T sketch Train Ep: 6700 lr0.006807108087214876 	 Loss Classification: 0.777183 Loss T 0.053773 Method MME

S real T sketch Train Ep: 6800 lr0.006776696544788352 	 Loss Classification: 0.360849 Loss T 0.062990 Method MME

S real T sketch Train Ep: 6900 lr0.006746600148515609 	 Loss Classification: 0.522000 Loss T 0.069631 Method MME

S real T sketch Train Ep: 7000 lr0.006716813796678979 	 Loss Classification: 0.410453 Loss T 0.081735 Method MME


Labeled Target set: Average loss: 0.0969, Accuracy: 351/360 F1 (97.5000%)


Test set: Average loss: 2.0508, Accuracy: 15741/24312 F1 (64.7458%)


Val set: Average loss: 1.8732, Accuracy: 234/360 F1 (65.0000%)

best acc test 64.281013  acc val 65.000000 acc labeled target 97.500000
saving model...
S real T sketch Train Ep: 7100 lr0.006687332499522798 	 Loss Classification: 0.600000 Loss T 0.069469 Method MME

S real T sketch Train Ep: 7200 lr0.006658151376159165 	 Loss Classification: 0.285266 Loss T 0.074135 Method MME

S real T sketch Train Ep: 7300 lr0.00662926565157663 	 Loss Classification: 0.534191 Loss T 0.057934 Method MME

S real T sketch Train Ep: 7400 lr0.006600670653747793 	 Loss Classification: 0.470135 Loss T 0.082955 Method MME

S real T sketch Train Ep: 7500 lr0.0065723618108320175 	 Loss Classification: 0.528634 Loss T 0.051688 Method MME


Labeled Target set: Average loss: 0.0188, Accuracy: 358/360 F1 (99.4444%)


Test set: Average loss: 1.9682, Accuracy: 15970/24312 F1 (65.6877%)


Val set: Average loss: 1.7879, Accuracy: 237/360 F1 (65.8333%)

best acc test 64.281013  acc val 65.833333 acc labeled target 99.444444
saving model...
S real T sketch Train Ep: 7600 lr0.006544334648469591 	 Loss Classification: 0.397942 Loss T 0.066098 Method MME

S real T sketch Train Ep: 7700 lr0.006516584787163857 	 Loss Classification: 0.462500 Loss T 0.066070 Method MME

S real T sketch Train Ep: 7800 lr0.006489107939747966 	 Loss Classification: 0.362525 Loss T 0.065076 Method MME

S real T sketch Train Ep: 7900 lr0.0064618999089330565 	 Loss Classification: 0.601779 Loss T 0.034324 Method MME

S real T sketch Train Ep: 8000 lr0.006434956584934828 	 Loss Classification: 0.445694 Loss T 0.061772 Method MME


Labeled Target set: Average loss: 0.0788, Accuracy: 354/360 F1 (98.3333%)


Test set: Average loss: 1.9665, Accuracy: 15960/24312 F1 (65.6466%)


Val set: Average loss: 1.8356, Accuracy: 238/360 F1 (66.1111%)

best acc test 64.281013  acc val 66.111111 acc labeled target 98.333333
saving model...
S real T sketch Train Ep: 8100 lr0.006408273943175546 	 Loss Classification: 0.367729 Loss T 0.063750 Method MME

S real T sketch Train Ep: 8200 lr0.006381848042058713 	 Loss Classification: 0.354251 Loss T 0.068122 Method MME

S real T sketch Train Ep: 8300 lr0.0063556750208137005 	 Loss Classification: 0.433593 Loss T 0.069008 Method MME

S real T sketch Train Ep: 8400 lr0.006329751097407787 	 Loss Classification: 0.428209 Loss T 0.077398 Method MME

S real T sketch Train Ep: 8500 lr0.0063040725665231365 	 Loss Classification: 0.095252 Loss T 0.074051 Method MME


Labeled Target set: Average loss: 0.0509, Accuracy: 357/360 F1 (99.1667%)


Test set: Average loss: 1.9675, Accuracy: 16120/24312 F1 (66.3047%)


Val set: Average loss: 1.7167, Accuracy: 237/360 F1 (65.8333%)

best acc test 64.281013  acc val 65.833333 acc labeled target 99.166667
saving model...
S real T sketch Train Ep: 8600 lr0.006278635797596355 	 Loss Classification: 0.833369 Loss T 0.059575 Method MME

S real T sketch Train Ep: 8700 lr0.006253437232918371 	 Loss Classification: 0.151447 Loss T 0.035497 Method MME

S real T sketch Train Ep: 8800 lr0.0062284733857924735 	 Loss Classification: 0.413814 Loss T 0.063771 Method MME

S real T sketch Train Ep: 8900 lr0.006203740838748417 	 Loss Classification: 0.587871 Loss T 0.069855 Method MME

S real T sketch Train Ep: 9000 lr0.006179236241810624 	 Loss Classification: 0.365310 Loss T 0.037766 Method MME


Labeled Target set: Average loss: 0.0636, Accuracy: 353/360 F1 (98.0556%)


Test set: Average loss: 1.9968, Accuracy: 16083/24312 F1 (66.1525%)


Val set: Average loss: 1.7250, Accuracy: 243/360 F1 (67.5000%)

best acc test 64.281013  acc val 67.500000 acc labeled target 98.055556
saving model...
S real T sketch Train Ep: 9100 lr0.006154956310818535 	 Loss Classification: 0.411905 Loss T 0.068630 Method MME

S real T sketch Train Ep: 9200 lr0.0061308978257973165 	 Loss Classification: 0.269538 Loss T 0.059252 Method MME

S real T sketch Train Ep: 9300 lr0.0061070576293771285 	 Loss Classification: 0.444565 Loss T 0.053478 Method MME

S real T sketch Train Ep: 9400 lr0.006083432625259276 	 Loss Classification: 0.278266 Loss T 0.046000 Method MME

S real T sketch Train Ep: 9500 lr0.006060019776727621 	 Loss Classification: 0.133184 Loss T 0.047025 Method MME


Labeled Target set: Average loss: 0.0273, Accuracy: 358/360 F1 (99.4444%)


Test set: Average loss: 1.9610, Accuracy: 16244/24312 F1 (66.8147%)


Val set: Average loss: 1.8086, Accuracy: 235/360 F1 (65.2778%)

