Dataset multi Source real Target sketch Labeled num perclass 1 Network resnet34
126 classes in this dataset
Unlabelled Target Dataset Size:  24330
Labelled Target Dataset Size:  126
Bank keys - Target:  dict_keys(['feat_vec', 'labels', 'names', 'domain_identifier']) Source:  dict_keys(['feat_vec', 'labels', 'names', 'domain_identifier'])
Num  - Target:  24330 Source:  70358
S real T sketch Train Ep: 0 lr0.01 	 Loss Classification: 4.906464 Loss T 0.472340 Method MME


Labeled Target set: Average loss: 4.9404, Accuracy: 5/360 F1 (1.3889%)


Test set: Average loss: 4.9713, Accuracy: 197/24312 F1 (0.8103%)


Val set: Average loss: 4.9670, Accuracy: 1/360 F1 (0.2778%)

best acc test 0.810299  acc val 0.277778 acc labeled target 1.388889
saving model...
S real T sketch Train Ep: 100 lr0.009925650290240803 	 Loss Classification: 0.679719 Loss T 0.315374 Method MME

S real T sketch Train Ep: 200 lr0.009852577760521605 	 Loss Classification: 0.535849 Loss T 0.248760 Method MME

S real T sketch Train Ep: 300 lr0.009780748269686728 	 Loss Classification: 0.471642 Loss T 0.241967 Method MME

S real T sketch Train Ep: 400 lr0.009710128909124701 	 Loss Classification: 0.652546 Loss T 0.204640 Method MME

S real T sketch Train Ep: 500 lr0.00964068794694323 	 Loss Classification: 0.511672 Loss T 0.190345 Method MME


Labeled Target set: Average loss: 0.1028, Accuracy: 355/360 F1 (98.6111%)


Test set: Average loss: 2.1843, Accuracy: 12252/24312 F1 (50.3949%)


Val set: Average loss: 1.9647, Accuracy: 199/360 F1 (55.2778%)

best acc test 50.394867  acc val 55.277778 acc labeled target 98.611111
saving model...
S real T sketch Train Ep: 600 lr0.00957239477517603 	 Loss Classification: 0.568024 Loss T 0.164255 Method MME

S real T sketch Train Ep: 700 lr0.009505219859830012 	 Loss Classification: 0.388855 Loss T 0.190917 Method MME

S real T sketch Train Ep: 800 lr0.009439134693595126 	 Loss Classification: 0.827131 Loss T 0.212523 Method MME

S real T sketch Train Ep: 900 lr0.009374111751051751 	 Loss Classification: 0.114871 Loss T 0.191574 Method MME

S real T sketch Train Ep: 1000 lr0.009310124446222227 	 Loss Classification: 0.471828 Loss T 0.171618 Method MME


Labeled Target set: Average loss: 0.0872, Accuracy: 353/360 F1 (98.0556%)


Test set: Average loss: 2.0232, Accuracy: 13500/24312 F1 (55.5281%)


Val set: Average loss: 1.8200, Accuracy: 208/360 F1 (57.7778%)

best acc test 55.528134  acc val 57.777778 acc labeled target 98.055556
saving model...
S real T sketch Train Ep: 1100 lr0.00924714709232377 	 Loss Classification: 0.390987 Loss T 0.152818 Method MME

S real T sketch Train Ep: 1200 lr0.009185154863590003 	 Loss Classification: 0.358797 Loss T 0.133225 Method MME

S real T sketch Train Ep: 1300 lr0.00912412375903735 	 Loss Classification: 0.262484 Loss T 0.152653 Method MME

S real T sketch Train Ep: 1400 lr0.009064030568061049 	 Loss Classification: 0.255468 Loss T 0.157992 Method MME

S real T sketch Train Ep: 1500 lr0.009004852837753237 	 Loss Classification: 0.320481 Loss T 0.152163 Method MME


Labeled Target set: Average loss: 0.1076, Accuracy: 354/360 F1 (98.3333%)


Test set: Average loss: 1.9773, Accuracy: 13965/24312 F1 (57.4408%)


Val set: Average loss: 1.7273, Accuracy: 216/360 F1 (60.0000%)

best acc test 57.440770  acc val 60.000000 acc labeled target 98.333333
saving model...
S real T sketch Train Ep: 1600 lr0.008946568841842816 	 Loss Classification: 0.376737 Loss T 0.118400 Method MME

S real T sketch Train Ep: 1700 lr0.008889157551163433 	 Loss Classification: 0.586440 Loss T 0.136744 Method MME

S real T sketch Train Ep: 1800 lr0.008832598605562044 	 Loss Classification: 0.352998 Loss T 0.128107 Method MME

S real T sketch Train Ep: 1900 lr0.008776872287166303 	 Loss Classification: 0.326365 Loss T 0.148090 Method MME

S real T sketch Train Ep: 2000 lr0.008721959494934213 	 Loss Classification: 0.491715 Loss T 0.108345 Method MME


Labeled Target set: Average loss: 0.0446, Accuracy: 359/360 F1 (99.7222%)


Test set: Average loss: 1.9479, Accuracy: 14268/24312 F1 (58.6871%)


Val set: Average loss: 1.7176, Accuracy: 218/360 F1 (60.5556%)

best acc test 58.687068  acc val 60.555556 acc labeled target 99.722222
saving model...
S real T sketch Train Ep: 2100 lr0.008667841720414475 	 Loss Classification: 0.387412 Loss T 0.119500 Method MME

S real T sketch Train Ep: 2200 lr0.008614501024650454 	 Loss Classification: 0.301653 Loss T 0.143752 Method MME

S real T sketch Train Ep: 2300 lr0.008561920016164943 	 Loss Classification: 0.153463 Loss T 0.169609 Method MME

S real T sketch Train Ep: 2400 lr0.008510081829966844 	 Loss Classification: 0.171027 Loss T 0.121964 Method MME

S real T sketch Train Ep: 2500 lr0.008458970107524513 	 Loss Classification: 0.279720 Loss T 0.101036 Method MME


Labeled Target set: Average loss: 0.0719, Accuracy: 355/360 F1 (98.6111%)


Test set: Average loss: 1.8689, Accuracy: 14710/24312 F1 (60.5051%)


Val set: Average loss: 1.6873, Accuracy: 217/360 F1 (60.2778%)

best acc test 58.687068  acc val 60.277778 acc labeled target 98.611111
saving model...
S real T sketch Train Ep: 2600 lr0.008408568977653933 	 Loss Classification: 0.186835 Loss T 0.114783 Method MME

S real T sketch Train Ep: 2700 lr0.00835886303827305 	 Loss Classification: 0.570891 Loss T 0.135663 Method MME

S real T sketch Train Ep: 2800 lr0.008309837338976545 	 Loss Classification: 0.334555 Loss T 0.098815 Method MME

S real T sketch Train Ep: 2900 lr0.008261477364388068 	 Loss Classification: 0.224490 Loss T 0.119629 Method MME

S real T sketch Train Ep: 3000 lr0.008213769018249545 	 Loss Classification: 0.243993 Loss T 0.124907 Method MME


Labeled Target set: Average loss: 0.0785, Accuracy: 356/360 F1 (98.8889%)


Test set: Average loss: 1.8849, Accuracy: 15025/24312 F1 (61.8008%)


Val set: Average loss: 1.6412, Accuracy: 221/360 F1 (61.3889%)

best acc test 61.800757  acc val 61.388889 acc labeled target 98.888889
saving model...
S real T sketch Train Ep: 3100 lr0.008166698608209509 	 Loss Classification: 0.110581 Loss T 0.111430 Method MME

S real T sketch Train Ep: 3200 lr0.008120252831274708 	 Loss Classification: 0.237052 Loss T 0.149098 Method MME

S real T sketch Train Ep: 3300 lr0.008074418759891278 	 Loss Classification: 0.212743 Loss T 0.124838 Method MME

S real T sketch Train Ep: 3400 lr0.008029183828623731 	 Loss Classification: 0.517174 Loss T 0.106554 Method MME

S real T sketch Train Ep: 3500 lr0.007984535821401871 	 Loss Classification: 0.167788 Loss T 0.102524 Method MME


Labeled Target set: Average loss: 0.0547, Accuracy: 354/360 F1 (98.3333%)


Test set: Average loss: 1.8886, Accuracy: 15290/24312 F1 (62.8908%)


Val set: Average loss: 1.6947, Accuracy: 232/360 F1 (64.4444%)

best acc test 62.890754  acc val 64.444444 acc labeled target 98.333333
saving model...
S real T sketch Train Ep: 3600 lr0.007940462859307384 	 Loss Classification: 0.344514 Loss T 0.097999 Method MME

S real T sketch Train Ep: 3700 lr0.007896953388873518 	 Loss Classification: 0.100673 Loss T 0.120973 Method MME

S real T sketch Train Ep: 3800 lr0.007853996170872714 	 Loss Classification: 0.388221 Loss T 0.107852 Method MME

S real T sketch Train Ep: 3900 lr0.00781158026956848 	 Loss Classification: 0.314990 Loss T 0.088971 Method MME

S real T sketch Train Ep: 4000 lr0.007769695042409123 	 Loss Classification: 0.236840 Loss T 0.095387 Method MME


Labeled Target set: Average loss: 0.0458, Accuracy: 357/360 F1 (99.1667%)


Test set: Average loss: 1.9059, Accuracy: 15291/24312 F1 (62.8949%)


Val set: Average loss: 1.6230, Accuracy: 236/360 F1 (65.5556%)

best acc test 62.894867  acc val 65.555556 acc labeled target 99.166667
saving model...
S real T sketch Train Ep: 4100 lr0.007728330130142108 	 Loss Classification: 0.390661 Loss T 0.138785 Method MME

S real T sketch Train Ep: 4200 lr0.007687475447329114 	 Loss Classification: 0.615370 Loss T 0.093808 Method MME

S real T sketch Train Ep: 4300 lr0.0076471211732427845 	 Loss Classification: 0.278839 Loss T 0.094202 Method MME

S real T sketch Train Ep: 4400 lr0.007607257743127307 	 Loss Classification: 0.057850 Loss T 0.094581 Method MME

S real T sketch Train Ep: 4500 lr0.007567875839805858 	 Loss Classification: 0.303423 Loss T 0.081512 Method MME


Labeled Target set: Average loss: 0.0529, Accuracy: 358/360 F1 (99.4444%)


Test set: Average loss: 1.8376, Accuracy: 15617/24312 F1 (64.2358%)


Val set: Average loss: 1.6117, Accuracy: 237/360 F1 (65.8333%)

best acc test 64.235768  acc val 65.833333 acc labeled target 99.444444
saving model...
S real T sketch Train Ep: 4600 lr0.007528966385618854 	 Loss Classification: 0.196813 Loss T 0.099145 Method MME

S real T sketch Train Ep: 4700 lr0.007490520534677821 	 Loss Classification: 0.194676 Loss T 0.114391 Method MME

S real T sketch Train Ep: 4800 lr0.007452529665420465 	 Loss Classification: 0.073910 Loss T 0.089477 Method MME

S real T sketch Train Ep: 4900 lr0.007414985373453289 	 Loss Classification: 0.172490 Loss T 0.066183 Method MME

S real T sketch Train Ep: 5000 lr0.007377879464668811 	 Loss Classification: 0.323779 Loss T 0.088856 Method MME


Labeled Target set: Average loss: 0.0542, Accuracy: 355/360 F1 (98.6111%)


Test set: Average loss: 1.8772, Accuracy: 15569/24312 F1 (64.0383%)


Val set: Average loss: 1.5775, Accuracy: 245/360 F1 (68.0556%)

best acc test 64.038335  acc val 68.055556 acc labeled target 98.611111
saving model...
S real T sketch Train Ep: 5100 lr0.007341203948625087 	 Loss Classification: 0.178901 Loss T 0.098344 Method MME

S real T sketch Train Ep: 5200 lr0.007304951032175895 	 Loss Classification: 0.226318 Loss T 0.089587 Method MME

S real T sketch Train Ep: 5300 lr0.007269113113340497 	 Loss Classification: 0.162467 Loss T 0.084824 Method MME

S real T sketch Train Ep: 5400 lr0.007233682775402483 	 Loss Classification: 0.331570 Loss T 0.092746 Method MME

S real T sketch Train Ep: 5500 lr0.007198652781227704 	 Loss Classification: 0.286563 Loss T 0.084900 Method MME


Labeled Target set: Average loss: 0.0710, Accuracy: 354/360 F1 (98.3333%)


Test set: Average loss: 1.8988, Accuracy: 15687/24312 F1 (64.5237%)


Val set: Average loss: 1.6229, Accuracy: 234/360 F1 (65.0000%)

best acc test 64.038335  acc val 65.000000 acc labeled target 98.333333
saving model...
S real T sketch Train Ep: 5600 lr0.007164016067791809 	 Loss Classification: 0.265312 Loss T 0.074792 Method MME

S real T sketch Train Ep: 5700 lr0.0071297657409083726 	 Loss Classification: 0.144697 Loss T 0.102345 Method MME

S real T sketch Train Ep: 5800 lr0.0070958950701490225 	 Loss Classification: 0.250286 Loss T 0.067755 Method MME

S real T sketch Train Ep: 5900 lr0.007062397483947426 	 Loss Classification: 0.146529 Loss T 0.103559 Method MME

S real T sketch Train Ep: 6000 lr0.007029266564879363 	 Loss Classification: 0.155706 Loss T 0.086027 Method MME


Labeled Target set: Average loss: 0.0654, Accuracy: 353/360 F1 (98.0556%)


Test set: Average loss: 1.8801, Accuracy: 15987/24312 F1 (65.7577%)


Val set: Average loss: 1.5687, Accuracy: 239/360 F1 (66.3889%)

best acc test 64.038335  acc val 66.388889 acc labeled target 98.055556
saving model...
S real T sketch Train Ep: 6100 lr0.006996496045111504 	 Loss Classification: 0.147644 Loss T 0.079382 Method MME

S real T sketch Train Ep: 6200 lr0.00696407980201184 	 Loss Classification: 0.254965 Loss T 0.051192 Method MME

S real T sketch Train Ep: 6300 lr0.006932011853915101 	 Loss Classification: 0.107676 Loss T 0.104962 Method MME

S real T sketch Train Ep: 6400 lr0.006900286356036734 	 Loss Classification: 0.216065 Loss T 0.079763 Method MME

S real T sketch Train Ep: 6500 lr0.006868897596529406 	 Loss Classification: 0.228892 Loss T 0.079762 Method MME


Labeled Target set: Average loss: 0.0699, Accuracy: 355/360 F1 (98.6111%)


Test set: Average loss: 1.9263, Accuracy: 15976/24312 F1 (65.7124%)


Val set: Average loss: 1.6700, Accuracy: 242/360 F1 (67.2222%)

best acc test 64.038335  acc val 67.222222 acc labeled target 98.611111
saving model...
S real T sketch Train Ep: 6600 lr0.006837839992676177 	 Loss Classification: 0.116066 Loss T 0.096727 Method MME

S real T sketch Train Ep: 6700 lr0.006807108087214876 	 Loss Classification: 0.349871 Loss T 0.075407 Method MME

S real T sketch Train Ep: 6800 lr0.006776696544788352 	 Loss Classification: 0.068267 Loss T 0.064165 Method MME

S real T sketch Train Ep: 6900 lr0.006746600148515609 	 Loss Classification: 0.145585 Loss T 0.081540 Method MME

S real T sketch Train Ep: 7000 lr0.006716813796678979 	 Loss Classification: 0.219096 Loss T 0.053323 Method MME


Labeled Target set: Average loss: 0.0455, Accuracy: 355/360 F1 (98.6111%)


Test set: Average loss: 1.9137, Accuracy: 16086/24312 F1 (66.1649%)


Val set: Average loss: 1.7254, Accuracy: 239/360 F1 (66.3889%)

best acc test 64.038335  acc val 66.388889 acc labeled target 98.611111
saving model...
S real T sketch Train Ep: 7100 lr0.006687332499522798 	 Loss Classification: 0.290197 Loss T 0.069345 Method MME

S real T sketch Train Ep: 7200 lr0.006658151376159165 	 Loss Classification: 0.144576 Loss T 0.076413 Method MME

S real T sketch Train Ep: 7300 lr0.00662926565157663 	 Loss Classification: 0.434886 Loss T 0.075870 Method MME

S real T sketch Train Ep: 7400 lr0.006600670653747793 	 Loss Classification: 0.183687 Loss T 0.072521 Method MME

S real T sketch Train Ep: 7500 lr0.0065723618108320175 	 Loss Classification: 0.102895 Loss T 0.066142 Method MME


Labeled Target set: Average loss: 0.0212, Accuracy: 359/360 F1 (99.7222%)


Test set: Average loss: 1.8949, Accuracy: 16242/24312 F1 (66.8065%)


Val set: Average loss: 1.7081, Accuracy: 243/360 F1 (67.5000%)

best acc test 64.038335  acc val 67.500000 acc labeled target 99.722222
saving model...
S real T sketch Train Ep: 7600 lr0.006544334648469591 	 Loss Classification: 0.530846 Loss T 0.052394 Method MME

S real T sketch Train Ep: 7700 lr0.006516584787163857 	 Loss Classification: 0.134004 Loss T 0.067738 Method MME

S real T sketch Train Ep: 7800 lr0.006489107939747966 	 Loss Classification: 0.204970 Loss T 0.093696 Method MME

S real T sketch Train Ep: 7900 lr0.0064618999089330565 	 Loss Classification: 0.193960 Loss T 0.049664 Method MME

S real T sketch Train Ep: 8000 lr0.006434956584934828 	 Loss Classification: 0.355256 Loss T 0.095013 Method MME


Labeled Target set: Average loss: 0.0177, Accuracy: 359/360 F1 (99.7222%)


Test set: Average loss: 1.9339, Accuracy: 16200/24312 F1 (66.6338%)


Val set: Average loss: 1.6395, Accuracy: 241/360 F1 (66.9444%)

