Dataset multi Source sketch Target painting Labeled num perclass 3 Network resnet34
126 classes in this dataset
648
S sketch T painting Train Ep: 0 lr0.01 	 Loss Classification: 5.057738 Loss T 0.472251 Method MME

S sketch T painting Train Ep: 100 lr0.009925650290240803 	 Loss Classification: 1.427247 Loss T 0.264847 Method MME

S sketch T painting Train Ep: 200 lr0.009852577760521605 	 Loss Classification: 1.111208 Loss T 0.216207 Method MME

S sketch T painting Train Ep: 300 lr0.009780748269686728 	 Loss Classification: 0.881309 Loss T 0.158813 Method MME

S sketch T painting Train Ep: 400 lr0.009710128909124701 	 Loss Classification: 1.096742 Loss T 0.184433 Method MME

S sketch T painting Train Ep: 500 lr0.00964068794694323 	 Loss Classification: 0.813021 Loss T 0.157644 Method MME


Test set: Average loss: 1.6388, Accuracy: 19524/31104 F1 (63%)


Test set: Average loss: 1.7920, Accuracy: 214/360 F1 (59%)

best acc test 62.770062 best acc val 59.444444
record record/multi/MME/MME_net_resnet34_sketch_to_painting_num_3
saving model...
S sketch T painting Train Ep: 600 lr0.00957239477517603 	 Loss Classification: 0.535871 Loss T 0.116931 Method MME

S sketch T painting Train Ep: 700 lr0.009505219859830012 	 Loss Classification: 0.629692 Loss T 0.097047 Method MME

S sketch T painting Train Ep: 800 lr0.009439134693595126 	 Loss Classification: 0.519214 Loss T 0.104404 Method MME

S sketch T painting Train Ep: 900 lr0.009374111751051751 	 Loss Classification: 0.467224 Loss T 0.085040 Method MME

S sketch T painting Train Ep: 1000 lr0.009310124446222227 	 Loss Classification: 0.700502 Loss T 0.106269 Method MME


Test set: Average loss: 1.6112, Accuracy: 20494/31104 F1 (66%)


Test set: Average loss: 1.8513, Accuracy: 213/360 F1 (59%)

best acc test 62.770062 best acc val 59.166667
record record/multi/MME/MME_net_resnet34_sketch_to_painting_num_3
saving model...
S sketch T painting Train Ep: 1100 lr0.00924714709232377 	 Loss Classification: 0.338169 Loss T 0.097578 Method MME

S sketch T painting Train Ep: 1200 lr0.009185154863590003 	 Loss Classification: 0.382058 Loss T 0.101404 Method MME

S sketch T painting Train Ep: 1300 lr0.00912412375903735 	 Loss Classification: 0.512932 Loss T 0.084689 Method MME

S sketch T painting Train Ep: 1400 lr0.009064030568061049 	 Loss Classification: 0.384462 Loss T 0.072550 Method MME

S sketch T painting Train Ep: 1500 lr0.009004852837753237 	 Loss Classification: 0.483613 Loss T 0.093637 Method MME


Test set: Average loss: 1.5841, Accuracy: 21030/31104 F1 (68%)


Test set: Average loss: 1.8521, Accuracy: 214/360 F1 (59%)

best acc test 67.611883 best acc val 59.444444
record record/multi/MME/MME_net_resnet34_sketch_to_painting_num_3
saving model...
S sketch T painting Train Ep: 1600 lr0.008946568841842816 	 Loss Classification: 0.290426 Loss T 0.110759 Method MME

S sketch T painting Train Ep: 1700 lr0.008889157551163433 	 Loss Classification: 0.296475 Loss T 0.070207 Method MME

S sketch T painting Train Ep: 1800 lr0.008832598605562044 	 Loss Classification: 0.420186 Loss T 0.097945 Method MME

S sketch T painting Train Ep: 1900 lr0.008776872287166303 	 Loss Classification: 0.305506 Loss T 0.067513 Method MME

S sketch T painting Train Ep: 2000 lr0.008721959494934213 	 Loss Classification: 0.407553 Loss T 0.103540 Method MME


Test set: Average loss: 1.5854, Accuracy: 21192/31104 F1 (68%)


Test set: Average loss: 1.7043, Accuracy: 229/360 F1 (64%)

best acc test 68.132716 best acc val 63.611111
record record/multi/MME/MME_net_resnet34_sketch_to_painting_num_3
saving model...
S sketch T painting Train Ep: 2100 lr0.008667841720414475 	 Loss Classification: 0.510278 Loss T 0.091471 Method MME

S sketch T painting Train Ep: 2200 lr0.008614501024650454 	 Loss Classification: 0.159163 Loss T 0.069365 Method MME

S sketch T painting Train Ep: 2300 lr0.008561920016164943 	 Loss Classification: 0.510724 Loss T 0.069429 Method MME

S sketch T painting Train Ep: 2400 lr0.008510081829966844 	 Loss Classification: 0.355577 Loss T 0.070051 Method MME

S sketch T painting Train Ep: 2500 lr0.008458970107524513 	 Loss Classification: 0.413789 Loss T 0.057728 Method MME


Test set: Average loss: 1.7366, Accuracy: 20938/31104 F1 (67%)


Test set: Average loss: 2.0106, Accuracy: 223/360 F1 (62%)

best acc test 68.132716 best acc val 61.944444
record record/multi/MME/MME_net_resnet34_sketch_to_painting_num_3
saving model...
S sketch T painting Train Ep: 2600 lr0.008408568977653933 	 Loss Classification: 0.432574 Loss T 0.072457 Method MME

S sketch T painting Train Ep: 2700 lr0.00835886303827305 	 Loss Classification: 0.584441 Loss T 0.061421 Method MME

S sketch T painting Train Ep: 2800 lr0.008309837338976545 	 Loss Classification: 0.274002 Loss T 0.071724 Method MME

S sketch T painting Train Ep: 2900 lr0.008261477364388068 	 Loss Classification: 0.265509 Loss T 0.050711 Method MME

S sketch T painting Train Ep: 3000 lr0.008213769018249545 	 Loss Classification: 0.501346 Loss T 0.067274 Method MME


Test set: Average loss: 1.6633, Accuracy: 21417/31104 F1 (69%)


Test set: Average loss: 1.8910, Accuracy: 226/360 F1 (63%)

best acc test 68.132716 best acc val 62.777778
record record/multi/MME/MME_net_resnet34_sketch_to_painting_num_3
saving model...
S sketch T painting Train Ep: 3100 lr0.008166698608209509 	 Loss Classification: 0.245871 Loss T 0.078401 Method MME

S sketch T painting Train Ep: 3200 lr0.008120252831274708 	 Loss Classification: 0.160159 Loss T 0.063645 Method MME

S sketch T painting Train Ep: 3300 lr0.008074418759891278 	 Loss Classification: 0.313068 Loss T 0.087475 Method MME

S sketch T painting Train Ep: 3400 lr0.008029183828623731 	 Loss Classification: 0.376318 Loss T 0.068824 Method MME

S sketch T painting Train Ep: 3500 lr0.007984535821401871 	 Loss Classification: 0.150506 Loss T 0.067452 Method MME


Test set: Average loss: 1.7523, Accuracy: 21369/31104 F1 (69%)


Test set: Average loss: 2.1055, Accuracy: 222/360 F1 (62%)

best acc test 68.132716 best acc val 61.666667
record record/multi/MME/MME_net_resnet34_sketch_to_painting_num_3
saving model...
S sketch T painting Train Ep: 3600 lr0.007940462859307384 	 Loss Classification: 0.406095 Loss T 0.036098 Method MME

S sketch T painting Train Ep: 3700 lr0.007896953388873518 	 Loss Classification: 0.429290 Loss T 0.079770 Method MME

S sketch T painting Train Ep: 3800 lr0.007853996170872714 	 Loss Classification: 0.263860 Loss T 0.058771 Method MME

S sketch T painting Train Ep: 3900 lr0.00781158026956848 	 Loss Classification: 0.440113 Loss T 0.056521 Method MME

S sketch T painting Train Ep: 4000 lr0.007769695042409123 	 Loss Classification: 0.437473 Loss T 0.053987 Method MME


Test set: Average loss: 1.7244, Accuracy: 21476/31104 F1 (69%)


Test set: Average loss: 2.0786, Accuracy: 224/360 F1 (62%)

best acc test 68.132716 best acc val 62.222222
record record/multi/MME/MME_net_resnet34_sketch_to_painting_num_3
saving model...
S sketch T painting Train Ep: 4100 lr0.007728330130142108 	 Loss Classification: 0.343616 Loss T 0.075125 Method MME

S sketch T painting Train Ep: 4200 lr0.007687475447329114 	 Loss Classification: 0.453100 Loss T 0.059763 Method MME

S sketch T painting Train Ep: 4300 lr0.0076471211732427845 	 Loss Classification: 0.194246 Loss T 0.065058 Method MME

S sketch T painting Train Ep: 4400 lr0.007607257743127307 	 Loss Classification: 0.109868 Loss T 0.043915 Method MME

S sketch T painting Train Ep: 4500 lr0.007567875839805858 	 Loss Classification: 0.059819 Loss T 0.044376 Method MME


Test set: Average loss: 1.7018, Accuracy: 21615/31104 F1 (69%)


Test set: Average loss: 1.9361, Accuracy: 233/360 F1 (65%)

best acc test 69.492670 best acc val 64.722222
record record/multi/MME/MME_net_resnet34_sketch_to_painting_num_3
saving model...
S sketch T painting Train Ep: 4600 lr0.007528966385618854 	 Loss Classification: 0.296442 Loss T 0.070405 Method MME

S sketch T painting Train Ep: 4700 lr0.007490520534677821 	 Loss Classification: 0.301953 Loss T 0.044218 Method MME

S sketch T painting Train Ep: 4800 lr0.007452529665420465 	 Loss Classification: 0.145189 Loss T 0.052581 Method MME

S sketch T painting Train Ep: 4900 lr0.007414985373453289 	 Loss Classification: 0.136261 Loss T 0.037550 Method MME

S sketch T painting Train Ep: 5000 lr0.007377879464668811 	 Loss Classification: 0.197872 Loss T 0.058643 Method MME


Test set: Average loss: 1.7732, Accuracy: 21497/31104 F1 (69%)


Test set: Average loss: 2.0456, Accuracy: 230/360 F1 (64%)

best acc test 69.492670 best acc val 63.888889
record record/multi/MME/MME_net_resnet34_sketch_to_painting_num_3
saving model...
S sketch T painting Train Ep: 5100 lr0.007341203948625087 	 Loss Classification: 0.373760 Loss T 0.052426 Method MME

S sketch T painting Train Ep: 5200 lr0.007304951032175895 	 Loss Classification: 0.093005 Loss T 0.058014 Method MME

S sketch T painting Train Ep: 5300 lr0.007269113113340497 	 Loss Classification: 0.156849 Loss T 0.048647 Method MME

S sketch T painting Train Ep: 5400 lr0.007233682775402483 	 Loss Classification: 0.246194 Loss T 0.052931 Method MME

S sketch T painting Train Ep: 5500 lr0.007198652781227704 	 Loss Classification: 0.323231 Loss T 0.045499 Method MME


Test set: Average loss: 1.8497, Accuracy: 21520/31104 F1 (69%)


Test set: Average loss: 2.1296, Accuracy: 225/360 F1 (62%)

best acc test 69.492670 best acc val 62.500000
record record/multi/MME/MME_net_resnet34_sketch_to_painting_num_3
saving model...
S sketch T painting Train Ep: 5600 lr0.007164016067791809 	 Loss Classification: 0.156692 Loss T 0.040783 Method MME

S sketch T painting Train Ep: 5700 lr0.0071297657409083726 	 Loss Classification: 0.348959 Loss T 0.054262 Method MME

S sketch T painting Train Ep: 5800 lr0.0070958950701490225 	 Loss Classification: 0.338544 Loss T 0.042604 Method MME

S sketch T painting Train Ep: 5900 lr0.007062397483947426 	 Loss Classification: 0.435565 Loss T 0.039445 Method MME

S sketch T painting Train Ep: 6000 lr0.007029266564879363 	 Loss Classification: 0.276485 Loss T 0.036178 Method MME


Test set: Average loss: 1.8325, Accuracy: 21496/31104 F1 (69%)


Test set: Average loss: 2.1321, Accuracy: 234/360 F1 (65%)

best acc test 69.110082 best acc val 65.000000
record record/multi/MME/MME_net_resnet34_sketch_to_painting_num_3
saving model...
S sketch T painting Train Ep: 6100 lr0.006996496045111504 	 Loss Classification: 0.358165 Loss T 0.043860 Method MME

S sketch T painting Train Ep: 6200 lr0.00696407980201184 	 Loss Classification: 0.189470 Loss T 0.038805 Method MME

S sketch T painting Train Ep: 6300 lr0.006932011853915101 	 Loss Classification: 0.146983 Loss T 0.042521 Method MME

S sketch T painting Train Ep: 6400 lr0.006900286356036734 	 Loss Classification: 0.093293 Loss T 0.059901 Method MME

S sketch T painting Train Ep: 6500 lr0.006868897596529406 	 Loss Classification: 0.161860 Loss T 0.031931 Method MME


Test set: Average loss: 1.8152, Accuracy: 21600/31104 F1 (69%)


Test set: Average loss: 2.1776, Accuracy: 230/360 F1 (64%)

best acc test 69.110082 best acc val 63.888889
record record/multi/MME/MME_net_resnet34_sketch_to_painting_num_3
saving model...
S sketch T painting Train Ep: 6600 lr0.006837839992676177 	 Loss Classification: 0.348558 Loss T 0.029989 Method MME

S sketch T painting Train Ep: 6700 lr0.006807108087214876 	 Loss Classification: 0.542421 Loss T 0.026394 Method MME

S sketch T painting Train Ep: 6800 lr0.006776696544788352 	 Loss Classification: 0.155946 Loss T 0.043527 Method MME

S sketch T painting Train Ep: 6900 lr0.006746600148515609 	 Loss Classification: 0.215997 Loss T 0.050518 Method MME

S sketch T painting Train Ep: 7000 lr0.006716813796678979 	 Loss Classification: 0.248751 Loss T 0.042288 Method MME


Test set: Average loss: 1.8635, Accuracy: 21583/31104 F1 (69%)


Test set: Average loss: 2.2543, Accuracy: 225/360 F1 (62%)

best acc test 69.110082 best acc val 62.500000
record record/multi/MME/MME_net_resnet34_sketch_to_painting_num_3
saving model...
S sketch T painting Train Ep: 7100 lr0.006687332499522798 	 Loss Classification: 0.228594 Loss T 0.046718 Method MME

S sketch T painting Train Ep: 7200 lr0.006658151376159165 	 Loss Classification: 0.110331 Loss T 0.041883 Method MME

S sketch T painting Train Ep: 7300 lr0.00662926565157663 	 Loss Classification: 0.087413 Loss T 0.042732 Method MME

S sketch T painting Train Ep: 7400 lr0.006600670653747793 	 Loss Classification: 0.259977 Loss T 0.038295 Method MME

S sketch T painting Train Ep: 7500 lr0.0065723618108320175 	 Loss Classification: 0.130245 Loss T 0.054464 Method MME


Test set: Average loss: 1.8913, Accuracy: 21562/31104 F1 (69%)


Test set: Average loss: 2.1463, Accuracy: 232/360 F1 (64%)

best acc test 69.110082 best acc val 64.444444
record record/multi/MME/MME_net_resnet34_sketch_to_painting_num_3
saving model...
S sketch T painting Train Ep: 7600 lr0.006544334648469591 	 Loss Classification: 0.099148 Loss T 0.045222 Method MME

S sketch T painting Train Ep: 7700 lr0.006516584787163857 	 Loss Classification: 0.177804 Loss T 0.058928 Method MME

S sketch T painting Train Ep: 7800 lr0.006489107939747966 	 Loss Classification: 0.306083 Loss T 0.049204 Method MME

S sketch T painting Train Ep: 7900 lr0.0064618999089330565 	 Loss Classification: 0.099560 Loss T 0.032711 Method MME

S sketch T painting Train Ep: 8000 lr0.006434956584934828 	 Loss Classification: 0.083037 Loss T 0.057188 Method MME


Test set: Average loss: 1.8584, Accuracy: 21701/31104 F1 (70%)


Test set: Average loss: 2.1627, Accuracy: 225/360 F1 (62%)

best acc test 69.110082 best acc val 62.500000
record record/multi/MME/MME_net_resnet34_sketch_to_painting_num_3
saving model...
S sketch T painting Train Ep: 8100 lr0.006408273943175546 	 Loss Classification: 0.134916 Loss T 0.038091 Method MME

S sketch T painting Train Ep: 8200 lr0.006381848042058713 	 Loss Classification: 0.027247 Loss T 0.028848 Method MME

S sketch T painting Train Ep: 8300 lr0.0063556750208137005 	 Loss Classification: 0.160035 Loss T 0.044841 Method MME

S sketch T painting Train Ep: 8400 lr0.006329751097407787 	 Loss Classification: 0.109190 Loss T 0.050420 Method MME

S sketch T painting Train Ep: 8500 lr0.0063040725665231365 	 Loss Classification: 0.284474 Loss T 0.035628 Method MME


Test set: Average loss: 1.8944, Accuracy: 21662/31104 F1 (70%)


Test set: Average loss: 2.1783, Accuracy: 230/360 F1 (64%)

best acc test 69.110082 best acc val 63.888889
record record/multi/MME/MME_net_resnet34_sketch_to_painting_num_3
saving model...
S sketch T painting Train Ep: 8600 lr0.006278635797596355 	 Loss Classification: 0.111697 Loss T 0.031213 Method MME

S sketch T painting Train Ep: 8700 lr0.006253437232918371 	 Loss Classification: 0.056782 Loss T 0.036429 Method MME

S sketch T painting Train Ep: 8800 lr0.0062284733857924735 	 Loss Classification: 0.163060 Loss T 0.036653 Method MME

S sketch T painting Train Ep: 8900 lr0.006203740838748417 	 Loss Classification: 0.088734 Loss T 0.048145 Method MME

S sketch T painting Train Ep: 9000 lr0.006179236241810624 	 Loss Classification: 0.182488 Loss T 0.040289 Method MME


Test set: Average loss: 1.9389, Accuracy: 21757/31104 F1 (70%)


Test set: Average loss: 2.3377, Accuracy: 223/360 F1 (62%)

