Dataset multi Target real Network resnet34 Num per class 1
126 classes in this dataset
THCudaCheck FAIL file=/opt/conda/conda-bld/pytorch_1535493744281/work/aten/src/THC/THCGeneral.cpp line=663 error=11 : invalid argument
T real Ep: 0 lr0.01 	 Loss Class: 4.935318 RotLab: 1.4668675661087036 Ent: 0.4702393114566803 RotUnl: 1.4668675661087036 

T real Ep: 100 lr0.009925650290240803 	 Loss Class: 0.058802 RotLab: 0.3042421042919159 Ent: 0.04396909102797508 RotUnl: 0.3042421042919159 

T real Ep: 200 lr0.009852577760521605 	 Loss Class: 0.038316 RotLab: 0.15627343952655792 Ent: 0.030347073450684547 RotUnl: 0.15627343952655792 

T real Ep: 300 lr0.009780748269686728 	 Loss Class: 0.025884 RotLab: 0.04825836792588234 Ent: 0.021625598892569542 RotUnl: 0.04825836792588234 

T real Ep: 400 lr0.009710128909124701 	 Loss Class: 0.020242 RotLab: 0.04426578804850578 Ent: 0.017843568697571754 RotUnl: 0.04426578804850578 

T real Ep: 500 lr0.00964068794694323 	 Loss Class: 0.024138 RotLab: 0.03273378685116768 Ent: 0.02039429545402527 RotUnl: 0.03273378685116768 

\Target: Average loss: 3.2686, Accuracy: 20444/70224 F1 (29%)

\Rotation: Average loss: 0.9848, Accuracy: 44747/70224 F1 (63%)

best acc class 29.112554
record record/multi/net_resnet34_real
saving model
T real Ep: 600 lr0.00957239477517603 	 Loss Class: 0.018411 RotLab: 0.008380989544093609 Ent: 0.015896374359726906 RotUnl: 0.008380989544093609 

T real Ep: 700 lr0.009505219859830012 	 Loss Class: 0.013244 RotLab: 0.03451819345355034 Ent: 0.01232979353517294 RotUnl: 0.03451819345355034 

T real Ep: 800 lr0.009439134693595126 	 Loss Class: 0.011879 RotLab: 0.006763120647519827 Ent: 0.011083574965596199 RotUnl: 0.006763120647519827 

T real Ep: 900 lr0.009374111751051751 	 Loss Class: 0.009919 RotLab: 0.0046819350682199 Ent: 0.009493379853665829 RotUnl: 0.0046819350682199 

T real Ep: 1000 lr0.009310124446222227 	 Loss Class: 0.011100 RotLab: 0.005987087730318308 Ent: 0.010519260540604591 RotUnl: 0.005987087730318308 

\Target: Average loss: 3.2609, Accuracy: 20663/70224 F1 (29%)

\Rotation: Average loss: 1.0357, Accuracy: 44729/70224 F1 (63%)

best acc class 29.424413
record record/multi/net_resnet34_real
saving model
T real Ep: 1100 lr0.00924714709232377 	 Loss Class: 0.009197 RotLab: 0.008516599424183369 Ent: 0.008866637945175171 RotUnl: 0.008516599424183369 

T real Ep: 1200 lr0.009185154863590003 	 Loss Class: 0.009910 RotLab: 0.002124090911820531 Ent: 0.009473850950598717 RotUnl: 0.002124090911820531 

T real Ep: 1300 lr0.00912412375903735 	 Loss Class: 0.008099 RotLab: 0.007804751396179199 Ent: 0.007931075058877468 RotUnl: 0.007804751396179199 

T real Ep: 1400 lr0.009064030568061049 	 Loss Class: 0.007283 RotLab: 0.0066778757609426975 Ent: 0.007247792091220617 RotUnl: 0.0066778757609426975 

T real Ep: 1500 lr0.009004852837753237 	 Loss Class: 0.009476 RotLab: 0.006432285066694021 Ent: 0.009150141850113869 RotUnl: 0.006432285066694021 

\Target: Average loss: 3.2523, Accuracy: 20952/70224 F1 (29%)

\Rotation: Average loss: 1.0539, Accuracy: 45620/70224 F1 (64%)

best acc class 29.835954
record record/multi/net_resnet34_real
saving model
T real Ep: 1600 lr0.008946568841842816 	 Loss Class: 0.010616 RotLab: 0.0014545917510986328 Ent: 0.010044988244771957 RotUnl: 0.0014545917510986328 

T real Ep: 1700 lr0.008889157551163433 	 Loss Class: 0.007793 RotLab: 0.0017979741096496582 Ent: 0.0076627181842923164 RotUnl: 0.0017979741096496582 

T real Ep: 1800 lr0.008832598605562044 	 Loss Class: 0.008976 RotLab: 0.002930551767349243 Ent: 0.008713620714843273 RotUnl: 0.002930551767349243 

T real Ep: 1900 lr0.008776872287166303 	 Loss Class: 0.007805 RotLab: 0.0026231606025248766 Ent: 0.007710885256528854 RotUnl: 0.0026231606025248766 

T real Ep: 2000 lr0.008721959494934213 	 Loss Class: 0.007734 RotLab: 0.0025667150039225817 Ent: 0.007638845127075911 RotUnl: 0.0025667150039225817 

\Target: Average loss: 3.2566, Accuracy: 20711/70224 F1 (29%)

\Rotation: Average loss: 1.0855, Accuracy: 45448/70224 F1 (64%)

best acc class 29.835954
record record/multi/net_resnet34_real
saving model
T real Ep: 2100 lr0.008667841720414475 	 Loss Class: 0.007954 RotLab: 0.0030423104763031006 Ent: 0.007815816439688206 RotUnl: 0.0030423104763031006 

T real Ep: 2200 lr0.008614501024650454 	 Loss Class: 0.007528 RotLab: 0.001418471336364746 Ent: 0.007444125600159168 RotUnl: 0.001418471336364746 

T real Ep: 2300 lr0.008561920016164943 	 Loss Class: 0.006931 RotLab: 0.0012293457984924316 Ent: 0.006929799914360046 RotUnl: 0.0012293457984924316 

T real Ep: 2400 lr0.008510081829966844 	 Loss Class: 0.007153 RotLab: 0.001896460889838636 Ent: 0.007155236788094044 RotUnl: 0.001896460889838636 

T real Ep: 2500 lr0.008458970107524513 	 Loss Class: 0.007606 RotLab: 0.001980344532057643 Ent: 0.007594078779220581 RotUnl: 0.001980344532057643 

\Target: Average loss: 3.2519, Accuracy: 20995/70224 F1 (29%)

\Rotation: Average loss: 1.1148, Accuracy: 45358/70224 F1 (64%)

best acc class 29.897186
record record/multi/net_resnet34_real
saving model
T real Ep: 2600 lr0.008408568977653933 	 Loss Class: 0.006790 RotLab: 0.02229408361017704 Ent: 0.006799723487347364 RotUnl: 0.02229408361017704 

T real Ep: 2700 lr0.00835886303827305 	 Loss Class: 0.009960 RotLab: 0.03648197650909424 Ent: 0.00951146800071001 RotUnl: 0.03648197650909424 

T real Ep: 2800 lr0.008309837338976545 	 Loss Class: 0.007146 RotLab: 0.0029086272697895765 Ent: 0.0071349190548062325 RotUnl: 0.0029086272697895765 

T real Ep: 2900 lr0.008261477364388068 	 Loss Class: 0.007842 RotLab: 0.0008494853973388672 Ent: 0.007791326381266117 RotUnl: 0.0008494853973388672 

T real Ep: 3000 lr0.008213769018249545 	 Loss Class: 0.007819 RotLab: 0.0018820365658029914 Ent: 0.0077912891283631325 RotUnl: 0.0018820365658029914 

\Target: Average loss: 3.2499, Accuracy: 20941/70224 F1 (29%)

\Rotation: Average loss: 1.1275, Accuracy: 45125/70224 F1 (64%)

best acc class 29.897186
record record/multi/net_resnet34_real
saving model
T real Ep: 3100 lr0.008166698608209509 	 Loss Class: 0.007131 RotLab: 0.0023511250037699938 Ent: 0.007101275026798248 RotUnl: 0.0023511250037699938 

T real Ep: 3200 lr0.008120252831274708 	 Loss Class: 0.008169 RotLab: 0.0025218527298420668 Ent: 0.008100898936390877 RotUnl: 0.0025218527298420668 

T real Ep: 3300 lr0.008074418759891278 	 Loss Class: 0.006985 RotLab: 0.0015816688537597656 Ent: 0.007047596853226423 RotUnl: 0.0015816688537597656 

T real Ep: 3400 lr0.008029183828623731 	 Loss Class: 0.007566 RotLab: 0.0007641116972081363 Ent: 0.007608439307659864 RotUnl: 0.0007641116972081363 

T real Ep: 3500 lr0.007984535821401871 	 Loss Class: 0.007320 RotLab: 0.0009072422981262207 Ent: 0.007352767046540976 RotUnl: 0.0009072422981262207 

\Target: Average loss: 3.2500, Accuracy: 20955/70224 F1 (29%)

\Rotation: Average loss: 1.1312, Accuracy: 45405/70224 F1 (64%)

best acc class 29.897186
record record/multi/net_resnet34_real
saving model
T real Ep: 3600 lr0.007940462859307384 	 Loss Class: 0.007741 RotLab: 0.005290339235216379 Ent: 0.007735460996627808 RotUnl: 0.005290339235216379 

T real Ep: 3700 lr0.007896953388873518 	 Loss Class: 0.007138 RotLab: 0.0012986859073862433 Ent: 0.007163153495639563 RotUnl: 0.0012986859073862433 

T real Ep: 3800 lr0.007853996170872714 	 Loss Class: 0.007067 RotLab: 0.002276678802445531 Ent: 0.00715978816151619 RotUnl: 0.002276678802445531 

T real Ep: 3900 lr0.00781158026956848 	 Loss Class: 0.007773 RotLab: 0.0018946131458505988 Ent: 0.007777577731758356 RotUnl: 0.0018946131458505988 

T real Ep: 4000 lr0.007769695042409123 	 Loss Class: 0.008877 RotLab: 0.0014870166778564453 Ent: 0.008760868571698666 RotUnl: 0.0014870166778564453 

\Target: Average loss: 3.2574, Accuracy: 20999/70224 F1 (29%)

\Rotation: Average loss: 1.1450, Accuracy: 45503/70224 F1 (64%)

best acc class 29.902882
record record/multi/net_resnet34_real
saving model
T real Ep: 4100 lr0.007728330130142108 	 Loss Class: 0.007839 RotLab: 0.002750615356490016 Ent: 0.007830793969333172 RotUnl: 0.002750615356490016 

T real Ep: 4200 lr0.007687475447329114 	 Loss Class: 0.009349 RotLab: 0.0020145773887634277 Ent: 0.009160257875919342 RotUnl: 0.0020145773887634277 

T real Ep: 4300 lr0.0076471211732427845 	 Loss Class: 0.008594 RotLab: 0.0011093616485595703 Ent: 0.008520948700606823 RotUnl: 0.0011093616485595703 

T real Ep: 4400 lr0.007607257743127307 	 Loss Class: 0.007483 RotLab: 0.0009022355079650879 Ent: 0.007543647196143866 RotUnl: 0.0009022355079650879 

T real Ep: 4500 lr0.007567875839805858 	 Loss Class: 0.008157 RotLab: 0.001504659652709961 Ent: 0.00812508724629879 RotUnl: 0.001504659652709961 

\Target: Average loss: 3.2623, Accuracy: 20884/70224 F1 (29%)

\Rotation: Average loss: 1.1697, Accuracy: 45642/70224 F1 (64%)

best acc class 29.902882
record record/multi/net_resnet34_real
saving model
T real Ep: 4600 lr0.007528966385618854 	 Loss Class: 0.007604 RotLab: 0.001830498338676989 Ent: 0.007652794010937214 RotUnl: 0.001830498338676989 

T real Ep: 4700 lr0.007490520534677821 	 Loss Class: 0.008914 RotLab: 0.006241182330995798 Ent: 0.008823361247777939 RotUnl: 0.006241182330995798 

T real Ep: 4800 lr0.007452529665420465 	 Loss Class: 0.008036 RotLab: 0.004100730177015066 Ent: 0.008023087866604328 RotUnl: 0.004100730177015066 

T real Ep: 4900 lr0.007414985373453289 	 Loss Class: 0.008181 RotLab: 0.003844131948426366 Ent: 0.008185386657714844 RotUnl: 0.003844131948426366 

T real Ep: 5000 lr0.007377879464668811 	 Loss Class: 0.008037 RotLab: 0.007575968746095896 Ent: 0.008068571798503399 RotUnl: 0.007575968746095896 

\Target: Average loss: 3.2585, Accuracy: 20945/70224 F1 (29%)

\Rotation: Average loss: 1.1658, Accuracy: 45370/70224 F1 (64%)

best acc class 29.902882
record record/multi/net_resnet34_real
saving model
T real Ep: 5100 lr0.007341203948625087 	 Loss Class: 0.008620 RotLab: 0.0025492708664387465 Ent: 0.00858218688517809 RotUnl: 0.0025492708664387465 

T real Ep: 5200 lr0.007304951032175895 	 Loss Class: 0.007954 RotLab: 0.0015846887836232781 Ent: 0.007979745976626873 RotUnl: 0.0015846887836232781 

T real Ep: 5300 lr0.007269113113340497 	 Loss Class: 0.008095 RotLab: 0.006224334239959717 Ent: 0.008157978765666485 RotUnl: 0.006224334239959717 

T real Ep: 5400 lr0.007233682775402483 	 Loss Class: 0.008714 RotLab: 0.00030531486845575273 Ent: 0.00868209544569254 RotUnl: 0.00030531486845575273 

T real Ep: 5500 lr0.007198652781227704 	 Loss Class: 0.007802 RotLab: 0.0005300839547999203 Ent: 0.007880832068622112 RotUnl: 0.0005300839547999203 

\Target: Average loss: 3.2562, Accuracy: 21096/70224 F1 (30%)

\Rotation: Average loss: 1.1840, Accuracy: 45426/70224 F1 (64%)

best acc class 30.041012
record record/multi/net_resnet34_real
saving model
T real Ep: 5600 lr0.007164016067791809 	 Loss Class: 0.007194 RotLab: 0.00047963857650756836 Ent: 0.007320802193135023 RotUnl: 0.00047963857650756836 

T real Ep: 5700 lr0.0071297657409083726 	 Loss Class: 0.008600 RotLab: 0.0008240143652074039 Ent: 0.008601563051342964 RotUnl: 0.0008240143652074039 

T real Ep: 5800 lr0.0070958950701490225 	 Loss Class: 0.007410 RotLab: 0.0037707488518208265 Ent: 0.00749580655246973 RotUnl: 0.0037707488518208265 

T real Ep: 5900 lr0.007062397483947426 	 Loss Class: 0.008918 RotLab: 0.003637154819443822 Ent: 0.00889285746961832 RotUnl: 0.003637154819443822 

T real Ep: 6000 lr0.007029266564879363 	 Loss Class: 0.008261 RotLab: 0.0024974544066935778 Ent: 0.008304540999233723 RotUnl: 0.0024974544066935778 

\Target: Average loss: 3.2545, Accuracy: 21195/70224 F1 (30%)

\Rotation: Average loss: 1.2271, Accuracy: 44702/70224 F1 (63%)

best acc class 30.181989
record record/multi/net_resnet34_real
saving model
T real Ep: 6100 lr0.006996496045111504 	 Loss Class: 0.008662 RotLab: 0.0060809156857430935 Ent: 0.008644144050776958 RotUnl: 0.0060809156857430935 

T real Ep: 6200 lr0.00696407980201184 	 Loss Class: 0.008951 RotLab: 0.0004671414790209383 Ent: 0.0089039895683527 RotUnl: 0.0004671414790209383 

T real Ep: 6300 lr0.006932011853915101 	 Loss Class: 0.008519 RotLab: 0.0007205605506896973 Ent: 0.008521017618477345 RotUnl: 0.0007205605506896973 

T real Ep: 6400 lr0.006900286356036734 	 Loss Class: 0.007587 RotLab: 0.0005593697424046695 Ent: 0.007701973896473646 RotUnl: 0.0005593697424046695 

T real Ep: 6500 lr0.006868897596529406 	 Loss Class: 0.008025 RotLab: 0.0017308989772573113 Ent: 0.008113428950309753 RotUnl: 0.0017308989772573113 

\Target: Average loss: 3.2578, Accuracy: 21089/70224 F1 (30%)

\Rotation: Average loss: 1.1897, Accuracy: 45554/70224 F1 (64%)

best acc class 30.181989
record record/multi/net_resnet34_real
saving model
T real Ep: 6600 lr0.006837839992676177 	 Loss Class: 0.008942 RotLab: 0.0004586974682752043 Ent: 0.008937502279877663 RotUnl: 0.0004586974682752043 

T real Ep: 6700 lr0.006807108087214876 	 Loss Class: 0.007531 RotLab: 0.0006510416860692203 Ent: 0.007670860271900892 RotUnl: 0.0006510416860692203 

T real Ep: 6800 lr0.006776696544788352 	 Loss Class: 0.009462 RotLab: 0.0011647144565358758 Ent: 0.0094199413433671 RotUnl: 0.0011647144565358758 

T real Ep: 6900 lr0.006746600148515609 	 Loss Class: 0.008151 RotLab: 0.005391359329223633 Ent: 0.008240706287324429 RotUnl: 0.005391359329223633 

T real Ep: 7000 lr0.006716813796678979 	 Loss Class: 0.010122 RotLab: 0.0018967092037200928 Ent: 0.009940211661159992 RotUnl: 0.0018967092037200928 

\Target: Average loss: 3.2519, Accuracy: 21100/70224 F1 (30%)

\Rotation: Average loss: 1.2078, Accuracy: 45075/70224 F1 (64%)

best acc class 30.181989
record record/multi/net_resnet34_real
saving model
T real Ep: 7100 lr0.006687332499522798 	 Loss Class: 0.008210 RotLab: 0.0007305145263671875 Ent: 0.008256218396127224 RotUnl: 0.0007305145263671875 

T real Ep: 7200 lr0.006658151376159165 	 Loss Class: 0.009080 RotLab: 0.000745236873626709 Ent: 0.009040722623467445 RotUnl: 0.000745236873626709 

T real Ep: 7300 lr0.00662926565157663 	 Loss Class: 0.009508 RotLab: 0.00048770508146844804 Ent: 0.009466699324548244 RotUnl: 0.00048770508146844804 

T real Ep: 7400 lr0.006600670653747793 	 Loss Class: 0.009245 RotLab: 0.0010734796524047852 Ent: 0.009225340560078621 RotUnl: 0.0010734796524047852 

T real Ep: 7500 lr0.0065723618108320175 	 Loss Class: 0.008748 RotLab: 0.0004943013191223145 Ent: 0.008807986043393612 RotUnl: 0.0004943013191223145 

\Target: Average loss: 3.2665, Accuracy: 21102/70224 F1 (30%)

\Rotation: Average loss: 1.2196, Accuracy: 45393/70224 F1 (64%)

best acc class 30.181989
record record/multi/net_resnet34_real
saving model
T real Ep: 7600 lr0.006544334648469591 	 Loss Class: 0.008462 RotLab: 0.0033576886635273695 Ent: 0.008518404327332973 RotUnl: 0.0033576886635273695 

T real Ep: 7700 lr0.006516584787163857 	 Loss Class: 0.008612 RotLab: 0.002535442588850856 Ent: 0.008663216605782509 RotUnl: 0.002535442588850856 

T real Ep: 7800 lr0.006489107939747966 	 Loss Class: 0.009870 RotLab: 0.0018569231033325195 Ent: 0.0098225437104702 RotUnl: 0.0018569231033325195 

T real Ep: 7900 lr0.0064618999089330565 	 Loss Class: 0.009231 RotLab: 0.0006261865491978824 Ent: 0.00924177747219801 RotUnl: 0.0006261865491978824 

T real Ep: 8000 lr0.006434956584934828 	 Loss Class: 0.009373 RotLab: 0.0010459223994985223 Ent: 0.009349464438855648 RotUnl: 0.0010459223994985223 

\Target: Average loss: 3.2602, Accuracy: 21124/70224 F1 (30%)

\Rotation: Average loss: 1.2019, Accuracy: 45555/70224 F1 (64%)

best acc class 30.181989
record record/multi/net_resnet34_real
saving model
T real Ep: 8100 lr0.006408273943175546 	 Loss Class: 0.008988 RotLab: 0.001016855239868164 Ent: 0.009039545431733131 RotUnl: 0.001016855239868164 

T real Ep: 8200 lr0.006381848042058713 	 Loss Class: 0.009849 RotLab: 0.004551639314740896 Ent: 0.009791748598217964 RotUnl: 0.004551639314740896 

T real Ep: 8300 lr0.0063556750208137005 	 Loss Class: 0.008783 RotLab: 0.0005306999082677066 Ent: 0.008848815225064754 RotUnl: 0.0005306999082677066 

T real Ep: 8400 lr0.006329751097407787 	 Loss Class: 0.010347 RotLab: 0.0008772413129918277 Ent: 0.01025032065808773 RotUnl: 0.0008772413129918277 

T real Ep: 8500 lr0.0063040725665231365 	 Loss Class: 0.009707 RotLab: 0.00041337808943353593 Ent: 0.009692754596471786 RotUnl: 0.00041337808943353593 

\Target: Average loss: 3.2601, Accuracy: 21110/70224 F1 (30%)

\Rotation: Average loss: 1.2127, Accuracy: 45358/70224 F1 (64%)

best acc class 30.181989
record record/multi/net_resnet34_real
saving model
T real Ep: 8600 lr0.006278635797596355 	 Loss Class: 0.010055 RotLab: 0.0014862219104543328 Ent: 0.01000630110502243 RotUnl: 0.0014862219104543328 

T real Ep: 8700 lr0.006253437232918371 	 Loss Class: 0.008851 RotLab: 0.002349088666960597 Ent: 0.008920424617826939 RotUnl: 0.002349088666960597 

T real Ep: 8800 lr0.0062284733857924735 	 Loss Class: 0.010037 RotLab: 0.00046090284013189375 Ent: 0.009973714128136635 RotUnl: 0.00046090284013189375 

T real Ep: 8900 lr0.006203740838748417 	 Loss Class: 0.010722 RotLab: 0.0003648003039415926 Ent: 0.01058903243392706 RotUnl: 0.0003648003039415926 

T real Ep: 9000 lr0.006179236241810624 	 Loss Class: 0.010738 RotLab: 0.0005003809928894043 Ent: 0.010597148910164833 RotUnl: 0.0005003809928894043 

\Target: Average loss: 3.2658, Accuracy: 21070/70224 F1 (30%)

\Rotation: Average loss: 1.2177, Accuracy: 45328/70224 F1 (64%)

