Dataset multi Source real Target sketch Labeled num perclass 3 Network resnet34
126 classes in this dataset
496
S real T sketch Train Ep: 0 lr0.01 	 Loss Classification: 4.945585 Loss T 0.472441 Method MME

S real T sketch Train Ep: 100 lr0.009925650290240803 	 Loss Classification: 0.758995 Loss T 0.296896 Method MME

S real T sketch Train Ep: 200 lr0.009852577760521605 	 Loss Classification: 0.260854 Loss T 0.257919 Method MME

S real T sketch Train Ep: 300 lr0.009780748269686728 	 Loss Classification: 0.559332 Loss T 0.216318 Method MME

S real T sketch Train Ep: 400 lr0.009710128909124701 	 Loss Classification: 0.343358 Loss T 0.189032 Method MME

S real T sketch Train Ep: 500 lr0.00964068794694323 	 Loss Classification: 0.505365 Loss T 0.177464 Method MME


Test set: Average loss: 2.0990, Accuracy: 12639/23808 F1 (53%)


Test set: Average loss: 1.7501, Accuracy: 205/360 F1 (57%)

best acc test 53.087198 best acc val 56.944444
record record/multi/MME/MME_net_resnet34_real_to_sketch_num_3
saving model...
S real T sketch Train Ep: 600 lr0.00957239477517603 	 Loss Classification: 0.596504 Loss T 0.167699 Method MME

S real T sketch Train Ep: 700 lr0.009505219859830012 	 Loss Classification: 0.326565 Loss T 0.182929 Method MME

S real T sketch Train Ep: 800 lr0.009439134693595126 	 Loss Classification: 0.585791 Loss T 0.184835 Method MME

S real T sketch Train Ep: 900 lr0.009374111751051751 	 Loss Classification: 0.345186 Loss T 0.133764 Method MME

S real T sketch Train Ep: 1000 lr0.009310124446222227 	 Loss Classification: 0.240849 Loss T 0.156900 Method MME


Test set: Average loss: 1.9342, Accuracy: 13883/23808 F1 (58%)


Test set: Average loss: 1.7342, Accuracy: 215/360 F1 (60%)

best acc test 58.312332 best acc val 59.722222
record record/multi/MME/MME_net_resnet34_real_to_sketch_num_3
saving model...
S real T sketch Train Ep: 1100 lr0.00924714709232377 	 Loss Classification: 0.349095 Loss T 0.157371 Method MME

S real T sketch Train Ep: 1200 lr0.009185154863590003 	 Loss Classification: 0.477945 Loss T 0.148668 Method MME

S real T sketch Train Ep: 1300 lr0.00912412375903735 	 Loss Classification: 0.429992 Loss T 0.147395 Method MME

S real T sketch Train Ep: 1400 lr0.009064030568061049 	 Loss Classification: 0.495591 Loss T 0.147314 Method MME

S real T sketch Train Ep: 1500 lr0.009004852837753237 	 Loss Classification: 0.187493 Loss T 0.151856 Method MME


Test set: Average loss: 1.8893, Accuracy: 14300/23808 F1 (60%)


Test set: Average loss: 1.6483, Accuracy: 216/360 F1 (60%)

best acc test 60.063844 best acc val 60.000000
record record/multi/MME/MME_net_resnet34_real_to_sketch_num_3
saving model...
S real T sketch Train Ep: 1600 lr0.008946568841842816 	 Loss Classification: 0.461919 Loss T 0.121531 Method MME

S real T sketch Train Ep: 1700 lr0.008889157551163433 	 Loss Classification: 0.301625 Loss T 0.114939 Method MME

S real T sketch Train Ep: 1800 lr0.008832598605562044 	 Loss Classification: 0.474959 Loss T 0.120553 Method MME

S real T sketch Train Ep: 1900 lr0.008776872287166303 	 Loss Classification: 0.215771 Loss T 0.123173 Method MME

S real T sketch Train Ep: 2000 lr0.008721959494934213 	 Loss Classification: 0.634085 Loss T 0.137701 Method MME


Test set: Average loss: 1.8497, Accuracy: 14712/23808 F1 (62%)


Test set: Average loss: 1.6423, Accuracy: 225/360 F1 (62%)

best acc test 61.794355 best acc val 62.500000
record record/multi/MME/MME_net_resnet34_real_to_sketch_num_3
saving model...
S real T sketch Train Ep: 2100 lr0.008667841720414475 	 Loss Classification: 0.447776 Loss T 0.107461 Method MME

S real T sketch Train Ep: 2200 lr0.008614501024650454 	 Loss Classification: 0.671896 Loss T 0.079413 Method MME

S real T sketch Train Ep: 2300 lr0.008561920016164943 	 Loss Classification: 0.316188 Loss T 0.153973 Method MME

S real T sketch Train Ep: 2400 lr0.008510081829966844 	 Loss Classification: 0.450796 Loss T 0.114125 Method MME

S real T sketch Train Ep: 2500 lr0.008458970107524513 	 Loss Classification: 0.473685 Loss T 0.104363 Method MME


Test set: Average loss: 1.7828, Accuracy: 15118/23808 F1 (63%)


Test set: Average loss: 1.5071, Accuracy: 241/360 F1 (67%)

best acc test 63.499664 best acc val 66.944444
record record/multi/MME/MME_net_resnet34_real_to_sketch_num_3
saving model...
S real T sketch Train Ep: 2600 lr0.008408568977653933 	 Loss Classification: 0.515407 Loss T 0.104869 Method MME

S real T sketch Train Ep: 2700 lr0.00835886303827305 	 Loss Classification: 0.332075 Loss T 0.123676 Method MME

S real T sketch Train Ep: 2800 lr0.008309837338976545 	 Loss Classification: 0.191853 Loss T 0.097425 Method MME

S real T sketch Train Ep: 2900 lr0.008261477364388068 	 Loss Classification: 0.207934 Loss T 0.113114 Method MME

S real T sketch Train Ep: 3000 lr0.008213769018249545 	 Loss Classification: 0.247685 Loss T 0.127594 Method MME


Test set: Average loss: 1.7741, Accuracy: 15276/23808 F1 (64%)


Test set: Average loss: 1.4424, Accuracy: 239/360 F1 (66%)

best acc test 63.499664 best acc val 66.388889
record record/multi/MME/MME_net_resnet34_real_to_sketch_num_3
saving model...
S real T sketch Train Ep: 3100 lr0.008166698608209509 	 Loss Classification: 0.102604 Loss T 0.082364 Method MME

S real T sketch Train Ep: 3200 lr0.008120252831274708 	 Loss Classification: 0.041902 Loss T 0.114145 Method MME

S real T sketch Train Ep: 3300 lr0.008074418759891278 	 Loss Classification: 0.161337 Loss T 0.104036 Method MME

S real T sketch Train Ep: 3400 lr0.008029183828623731 	 Loss Classification: 0.211522 Loss T 0.089364 Method MME

S real T sketch Train Ep: 3500 lr0.007984535821401871 	 Loss Classification: 0.265035 Loss T 0.055328 Method MME


Test set: Average loss: 1.8186, Accuracy: 15256/23808 F1 (64%)


Test set: Average loss: 1.4854, Accuracy: 243/360 F1 (68%)

best acc test 64.079301 best acc val 67.500000
record record/multi/MME/MME_net_resnet34_real_to_sketch_num_3
saving model...
S real T sketch Train Ep: 3600 lr0.007940462859307384 	 Loss Classification: 0.291809 Loss T 0.102067 Method MME

S real T sketch Train Ep: 3700 lr0.007896953388873518 	 Loss Classification: 0.416148 Loss T 0.089432 Method MME

S real T sketch Train Ep: 3800 lr0.007853996170872714 	 Loss Classification: 0.222165 Loss T 0.084955 Method MME

S real T sketch Train Ep: 3900 lr0.00781158026956848 	 Loss Classification: 0.539676 Loss T 0.081202 Method MME

S real T sketch Train Ep: 4000 lr0.007769695042409123 	 Loss Classification: 0.146099 Loss T 0.082728 Method MME


Test set: Average loss: 1.7791, Accuracy: 15604/23808 F1 (66%)


Test set: Average loss: 1.4957, Accuracy: 239/360 F1 (66%)

best acc test 64.079301 best acc val 66.388889
record record/multi/MME/MME_net_resnet34_real_to_sketch_num_3
saving model...
S real T sketch Train Ep: 4100 lr0.007728330130142108 	 Loss Classification: 0.525567 Loss T 0.093272 Method MME

S real T sketch Train Ep: 4200 lr0.007687475447329114 	 Loss Classification: 0.490995 Loss T 0.089926 Method MME

S real T sketch Train Ep: 4300 lr0.0076471211732427845 	 Loss Classification: 0.193152 Loss T 0.088340 Method MME

S real T sketch Train Ep: 4400 lr0.007607257743127307 	 Loss Classification: 0.579744 Loss T 0.074792 Method MME

S real T sketch Train Ep: 4500 lr0.007567875839805858 	 Loss Classification: 0.305247 Loss T 0.085179 Method MME


Test set: Average loss: 1.7600, Accuracy: 15790/23808 F1 (66%)


Test set: Average loss: 1.5212, Accuracy: 243/360 F1 (68%)

best acc test 66.322245 best acc val 67.500000
record record/multi/MME/MME_net_resnet34_real_to_sketch_num_3
saving model...
S real T sketch Train Ep: 4600 lr0.007528966385618854 	 Loss Classification: 0.347228 Loss T 0.063775 Method MME

S real T sketch Train Ep: 4700 lr0.007490520534677821 	 Loss Classification: 0.289002 Loss T 0.069271 Method MME

S real T sketch Train Ep: 4800 lr0.007452529665420465 	 Loss Classification: 0.223190 Loss T 0.101579 Method MME

S real T sketch Train Ep: 4900 lr0.007414985373453289 	 Loss Classification: 0.171876 Loss T 0.073594 Method MME

S real T sketch Train Ep: 5000 lr0.007377879464668811 	 Loss Classification: 0.304783 Loss T 0.100873 Method MME


Test set: Average loss: 1.7414, Accuracy: 15969/23808 F1 (67%)


Test set: Average loss: 1.5132, Accuracy: 243/360 F1 (68%)

best acc test 67.074093 best acc val 67.500000
record record/multi/MME/MME_net_resnet34_real_to_sketch_num_3
saving model...
S real T sketch Train Ep: 5100 lr0.007341203948625087 	 Loss Classification: 0.240839 Loss T 0.068398 Method MME

S real T sketch Train Ep: 5200 lr0.007304951032175895 	 Loss Classification: 0.327401 Loss T 0.060831 Method MME

S real T sketch Train Ep: 5300 lr0.007269113113340497 	 Loss Classification: 0.273417 Loss T 0.067607 Method MME

S real T sketch Train Ep: 5400 lr0.007233682775402483 	 Loss Classification: 0.115225 Loss T 0.057650 Method MME

S real T sketch Train Ep: 5500 lr0.007198652781227704 	 Loss Classification: 0.201824 Loss T 0.071079 Method MME


Test set: Average loss: 1.7531, Accuracy: 15857/23808 F1 (67%)


Test set: Average loss: 1.5053, Accuracy: 245/360 F1 (68%)

best acc test 66.603663 best acc val 68.055556
record record/multi/MME/MME_net_resnet34_real_to_sketch_num_3
saving model...
S real T sketch Train Ep: 5600 lr0.007164016067791809 	 Loss Classification: 0.576701 Loss T 0.071044 Method MME

S real T sketch Train Ep: 5700 lr0.0071297657409083726 	 Loss Classification: 0.365794 Loss T 0.052815 Method MME

S real T sketch Train Ep: 5800 lr0.0070958950701490225 	 Loss Classification: 0.100081 Loss T 0.047801 Method MME

S real T sketch Train Ep: 5900 lr0.007062397483947426 	 Loss Classification: 0.284279 Loss T 0.059562 Method MME

S real T sketch Train Ep: 6000 lr0.007029266564879363 	 Loss Classification: 0.145839 Loss T 0.068489 Method MME


Test set: Average loss: 1.7940, Accuracy: 15987/23808 F1 (67%)


Test set: Average loss: 1.5468, Accuracy: 242/360 F1 (67%)

best acc test 66.603663 best acc val 67.222222
record record/multi/MME/MME_net_resnet34_real_to_sketch_num_3
saving model...
S real T sketch Train Ep: 6100 lr0.006996496045111504 	 Loss Classification: 0.148257 Loss T 0.086144 Method MME

S real T sketch Train Ep: 6200 lr0.00696407980201184 	 Loss Classification: 0.411628 Loss T 0.077485 Method MME

S real T sketch Train Ep: 6300 lr0.006932011853915101 	 Loss Classification: 0.395229 Loss T 0.087590 Method MME

S real T sketch Train Ep: 6400 lr0.006900286356036734 	 Loss Classification: 0.216311 Loss T 0.096742 Method MME

S real T sketch Train Ep: 6500 lr0.006868897596529406 	 Loss Classification: 0.204519 Loss T 0.067796 Method MME


Test set: Average loss: 1.8290, Accuracy: 15956/23808 F1 (67%)


Test set: Average loss: 1.5545, Accuracy: 236/360 F1 (66%)

best acc test 66.603663 best acc val 65.555556
record record/multi/MME/MME_net_resnet34_real_to_sketch_num_3
saving model...
S real T sketch Train Ep: 6600 lr0.006837839992676177 	 Loss Classification: 0.195550 Loss T 0.096110 Method MME

S real T sketch Train Ep: 6700 lr0.006807108087214876 	 Loss Classification: 0.111111 Loss T 0.056513 Method MME

S real T sketch Train Ep: 6800 lr0.006776696544788352 	 Loss Classification: 0.248589 Loss T 0.077279 Method MME

S real T sketch Train Ep: 6900 lr0.006746600148515609 	 Loss Classification: 0.420185 Loss T 0.079199 Method MME

S real T sketch Train Ep: 7000 lr0.006716813796678979 	 Loss Classification: 0.347483 Loss T 0.088475 Method MME


Test set: Average loss: 1.7766, Accuracy: 16114/23808 F1 (68%)


Test set: Average loss: 1.5023, Accuracy: 238/360 F1 (66%)

best acc test 66.603663 best acc val 66.111111
record record/multi/MME/MME_net_resnet34_real_to_sketch_num_3
saving model...
S real T sketch Train Ep: 7100 lr0.006687332499522798 	 Loss Classification: 0.106813 Loss T 0.095346 Method MME

S real T sketch Train Ep: 7200 lr0.006658151376159165 	 Loss Classification: 0.249335 Loss T 0.051574 Method MME

S real T sketch Train Ep: 7300 lr0.00662926565157663 	 Loss Classification: 0.174412 Loss T 0.058662 Method MME

S real T sketch Train Ep: 7400 lr0.006600670653747793 	 Loss Classification: 0.264083 Loss T 0.063763 Method MME

S real T sketch Train Ep: 7500 lr0.0065723618108320175 	 Loss Classification: 0.158668 Loss T 0.050610 Method MME


Test set: Average loss: 1.8140, Accuracy: 16109/23808 F1 (68%)


Test set: Average loss: 1.4992, Accuracy: 237/360 F1 (66%)

best acc test 66.603663 best acc val 65.833333
record record/multi/MME/MME_net_resnet34_real_to_sketch_num_3
saving model...
S real T sketch Train Ep: 7600 lr0.006544334648469591 	 Loss Classification: 0.210257 Loss T 0.082935 Method MME

S real T sketch Train Ep: 7700 lr0.006516584787163857 	 Loss Classification: 0.370126 Loss T 0.061508 Method MME

S real T sketch Train Ep: 7800 lr0.006489107939747966 	 Loss Classification: 0.189409 Loss T 0.068500 Method MME

S real T sketch Train Ep: 7900 lr0.0064618999089330565 	 Loss Classification: 0.397316 Loss T 0.100224 Method MME

S real T sketch Train Ep: 8000 lr0.006434956584934828 	 Loss Classification: 0.044372 Loss T 0.051036 Method MME


Test set: Average loss: 1.7774, Accuracy: 16249/23808 F1 (68%)


Test set: Average loss: 1.4296, Accuracy: 252/360 F1 (70%)

best acc test 68.250168 best acc val 70.000000
record record/multi/MME/MME_net_resnet34_real_to_sketch_num_3
saving model...
S real T sketch Train Ep: 8100 lr0.006408273943175546 	 Loss Classification: 0.041318 Loss T 0.059194 Method MME

S real T sketch Train Ep: 8200 lr0.006381848042058713 	 Loss Classification: 0.387167 Loss T 0.065754 Method MME

S real T sketch Train Ep: 8300 lr0.0063556750208137005 	 Loss Classification: 0.124719 Loss T 0.057933 Method MME

S real T sketch Train Ep: 8400 lr0.006329751097407787 	 Loss Classification: 0.274589 Loss T 0.057124 Method MME

S real T sketch Train Ep: 8500 lr0.0063040725665231365 	 Loss Classification: 0.261543 Loss T 0.074816 Method MME


Test set: Average loss: 1.8313, Accuracy: 16154/23808 F1 (68%)


Test set: Average loss: 1.4119, Accuracy: 250/360 F1 (69%)

best acc test 68.250168 best acc val 69.444444
record record/multi/MME/MME_net_resnet34_real_to_sketch_num_3
saving model...
S real T sketch Train Ep: 8600 lr0.006278635797596355 	 Loss Classification: 0.133876 Loss T 0.042897 Method MME

S real T sketch Train Ep: 8700 lr0.006253437232918371 	 Loss Classification: 0.187618 Loss T 0.056442 Method MME

S real T sketch Train Ep: 8800 lr0.0062284733857924735 	 Loss Classification: 0.088641 Loss T 0.051816 Method MME

S real T sketch Train Ep: 8900 lr0.006203740838748417 	 Loss Classification: 0.126418 Loss T 0.060448 Method MME

S real T sketch Train Ep: 9000 lr0.006179236241810624 	 Loss Classification: 0.150815 Loss T 0.080265 Method MME


Test set: Average loss: 1.8662, Accuracy: 16237/23808 F1 (68%)


Test set: Average loss: 1.5008, Accuracy: 250/360 F1 (69%)

best acc test 68.250168 best acc val 69.444444
record record/multi/MME/MME_net_resnet34_real_to_sketch_num_3
saving model...
S real T sketch Train Ep: 9100 lr0.006154956310818535 	 Loss Classification: 0.096610 Loss T 0.061194 Method MME

S real T sketch Train Ep: 9200 lr0.0061308978257973165 	 Loss Classification: 0.188879 Loss T 0.059237 Method MME

S real T sketch Train Ep: 9300 lr0.0061070576293771285 	 Loss Classification: 0.124320 Loss T 0.050679 Method MME

S real T sketch Train Ep: 9400 lr0.006083432625259276 	 Loss Classification: 0.126357 Loss T 0.058978 Method MME

S real T sketch Train Ep: 9500 lr0.006060019776727621 	 Loss Classification: 0.243438 Loss T 0.064466 Method MME


Test set: Average loss: 1.8904, Accuracy: 16273/23808 F1 (68%)


Test set: Average loss: 1.6029, Accuracy: 246/360 F1 (68%)

best acc test 68.250168 best acc val 68.333333
record record/multi/MME/MME_net_resnet34_real_to_sketch_num_3
saving model...
S real T sketch Train Ep: 9600 lr0.00603681610520369 	 Loss Classification: 0.267705 Loss T 0.056774 Method MME

S real T sketch Train Ep: 9700 lr0.0060138186888439825 	 Loss Classification: 0.236573 Loss T 0.045054 Method MME

S real T sketch Train Ep: 9800 lr0.005991024661178045 	 Loss Classification: 0.064926 Loss T 0.059076 Method MME

S real T sketch Train Ep: 9900 lr0.0059684312097859115 	 Loss Classification: 0.251461 Loss T 0.045069 Method MME

S real T sketch Train Ep: 10000 lr0.005946035575013605 	 Loss Classification: 0.122753 Loss T 0.028625 Method MME


Test set: Average loss: 1.9066, Accuracy: 16228/23808 F1 (68%)


Test set: Average loss: 1.7637, Accuracy: 240/360 F1 (67%)

best acc test 68.250168 best acc val 66.666667
record record/multi/MME/MME_net_resnet34_real_to_sketch_num_3
saving model...
S real T sketch Train Ep: 10100 lr0.005923835048725393 	 Loss Classification: 0.120615 Loss T 0.070235 Method MME

S real T sketch Train Ep: 10200 lr0.005901826973091593 	 Loss Classification: 0.052791 Loss T 0.066775 Method MME

S real T sketch Train Ep: 10300 lr0.005880008739410735 	 Loss Classification: 0.281688 Loss T 0.035147 Method MME

S real T sketch Train Ep: 10400 lr0.005858377786964935 	 Loss Classification: 0.112767 Loss T 0.064806 Method MME

S real T sketch Train Ep: 10500 lr0.005836931601907399 	 Loss Classification: 0.167735 Loss T 0.068243 Method MME


Test set: Average loss: 1.8764, Accuracy: 16298/23808 F1 (68%)


Test set: Average loss: 1.6368, Accuracy: 242/360 F1 (67%)

best acc test 68.250168 best acc val 67.222222
record record/multi/MME/MME_net_resnet34_real_to_sketch_num_3
saving model...
S real T sketch Train Ep: 10600 lr0.005815667716181004 	 Loss Classification: 0.251592 Loss T 0.066506 Method MME

S real T sketch Train Ep: 10700 lr0.005794583706466925 	 Loss Classification: 0.281878 Loss T 0.043613 Method MME

S real T sketch Train Ep: 10800 lr0.005773677193162352 	 Loss Classification: 0.287078 Loss T 0.055916 Method MME

S real T sketch Train Ep: 10900 lr0.005752945839386346 	 Loss Classification: 0.107946 Loss T 0.061701 Method MME

S real T sketch Train Ep: 11000 lr0.005732387350012933 	 Loss Classification: 0.119168 Loss T 0.069520 Method MME


Test set: Average loss: 1.8732, Accuracy: 16410/23808 F1 (69%)


Test set: Average loss: 1.5608, Accuracy: 249/360 F1 (69%)

