Dataset multi Source painting Target real Labeled num perclass 3 Network resnet34
126 classes in this dataset
1457
S painting T real Train Ep: 0 lr0.01 	 Loss Classification: 4.894042 Loss T 0.470293 Method MME

S painting T real Train Ep: 100 lr0.009925650290240803 	 Loss Classification: 0.854983 Loss T 0.215526 Method MME

S painting T real Train Ep: 200 lr0.009852577760521605 	 Loss Classification: 0.782069 Loss T 0.138469 Method MME

S painting T real Train Ep: 300 lr0.009780748269686728 	 Loss Classification: 0.751342 Loss T 0.152589 Method MME

S painting T real Train Ep: 400 lr0.009710128909124701 	 Loss Classification: 0.488035 Loss T 0.137970 Method MME

S painting T real Train Ep: 500 lr0.00964068794694323 	 Loss Classification: 0.788489 Loss T 0.126903 Method MME


Test set: Average loss: 1.0612, Accuracy: 51627/69936 F1 (74%)


Test set: Average loss: 1.1436, Accuracy: 259/360 F1 (72%)

best acc test 73.820350 best acc val 71.944444
record record/multi/MME/MME_net_resnet34_painting_to_real_num_3
saving model...
S painting T real Train Ep: 600 lr0.00957239477517603 	 Loss Classification: 0.840880 Loss T 0.121126 Method MME

S painting T real Train Ep: 700 lr0.009505219859830012 	 Loss Classification: 0.337048 Loss T 0.106475 Method MME

S painting T real Train Ep: 800 lr0.009439134693595126 	 Loss Classification: 0.404137 Loss T 0.113490 Method MME

S painting T real Train Ep: 900 lr0.009374111751051751 	 Loss Classification: 0.793152 Loss T 0.090390 Method MME

S painting T real Train Ep: 1000 lr0.009310124446222227 	 Loss Classification: 0.642624 Loss T 0.094529 Method MME


Test set: Average loss: 0.9693, Accuracy: 53329/69936 F1 (76%)


Test set: Average loss: 1.1503, Accuracy: 258/360 F1 (72%)

best acc test 73.820350 best acc val 71.666667
record record/multi/MME/MME_net_resnet34_painting_to_real_num_3
saving model...
S painting T real Train Ep: 1100 lr0.00924714709232377 	 Loss Classification: 0.463473 Loss T 0.093470 Method MME

S painting T real Train Ep: 1200 lr0.009185154863590003 	 Loss Classification: 0.378947 Loss T 0.102613 Method MME

S painting T real Train Ep: 1300 lr0.00912412375903735 	 Loss Classification: 0.587299 Loss T 0.078930 Method MME

S painting T real Train Ep: 1400 lr0.009064030568061049 	 Loss Classification: 0.300465 Loss T 0.056529 Method MME

S painting T real Train Ep: 1500 lr0.009004852837753237 	 Loss Classification: 0.514514 Loss T 0.063325 Method MME


Test set: Average loss: 0.9391, Accuracy: 54189/69936 F1 (77%)


Test set: Average loss: 1.0945, Accuracy: 264/360 F1 (73%)

best acc test 77.483699 best acc val 73.333333
record record/multi/MME/MME_net_resnet34_painting_to_real_num_3
saving model...
S painting T real Train Ep: 1600 lr0.008946568841842816 	 Loss Classification: 0.357239 Loss T 0.093306 Method MME

S painting T real Train Ep: 1700 lr0.008889157551163433 	 Loss Classification: 0.358440 Loss T 0.084377 Method MME

S painting T real Train Ep: 1800 lr0.008832598605562044 	 Loss Classification: 0.681595 Loss T 0.070781 Method MME

S painting T real Train Ep: 1900 lr0.008776872287166303 	 Loss Classification: 0.313350 Loss T 0.064778 Method MME

S painting T real Train Ep: 2000 lr0.008721959494934213 	 Loss Classification: 0.319572 Loss T 0.069446 Method MME


Test set: Average loss: 0.9284, Accuracy: 55021/69936 F1 (79%)


Test set: Average loss: 1.0613, Accuracy: 274/360 F1 (76%)

best acc test 78.673358 best acc val 76.111111
record record/multi/MME/MME_net_resnet34_painting_to_real_num_3
saving model...
S painting T real Train Ep: 2100 lr0.008667841720414475 	 Loss Classification: 0.086389 Loss T 0.055612 Method MME

S painting T real Train Ep: 2200 lr0.008614501024650454 	 Loss Classification: 0.401015 Loss T 0.069929 Method MME

S painting T real Train Ep: 2300 lr0.008561920016164943 	 Loss Classification: 0.567543 Loss T 0.069771 Method MME

S painting T real Train Ep: 2400 lr0.008510081829966844 	 Loss Classification: 0.468850 Loss T 0.070015 Method MME

S painting T real Train Ep: 2500 lr0.008458970107524513 	 Loss Classification: 0.355740 Loss T 0.062314 Method MME


Test set: Average loss: 0.9485, Accuracy: 54988/69936 F1 (79%)


Test set: Average loss: 1.0978, Accuracy: 275/360 F1 (76%)

best acc test 78.626173 best acc val 76.388889
record record/multi/MME/MME_net_resnet34_painting_to_real_num_3
saving model...
S painting T real Train Ep: 2600 lr0.008408568977653933 	 Loss Classification: 0.288508 Loss T 0.053333 Method MME

S painting T real Train Ep: 2700 lr0.00835886303827305 	 Loss Classification: 0.161903 Loss T 0.076073 Method MME

S painting T real Train Ep: 2800 lr0.008309837338976545 	 Loss Classification: 0.192809 Loss T 0.054492 Method MME

S painting T real Train Ep: 2900 lr0.008261477364388068 	 Loss Classification: 0.340187 Loss T 0.052985 Method MME

S painting T real Train Ep: 3000 lr0.008213769018249545 	 Loss Classification: 0.318198 Loss T 0.053176 Method MME


Test set: Average loss: 0.9768, Accuracy: 54997/69936 F1 (79%)


Test set: Average loss: 1.0084, Accuracy: 280/360 F1 (78%)

best acc test 78.639041 best acc val 77.777778
record record/multi/MME/MME_net_resnet34_painting_to_real_num_3
saving model...
S painting T real Train Ep: 3100 lr0.008166698608209509 	 Loss Classification: 0.232088 Loss T 0.063434 Method MME

S painting T real Train Ep: 3200 lr0.008120252831274708 	 Loss Classification: 0.530267 Loss T 0.049477 Method MME

S painting T real Train Ep: 3300 lr0.008074418759891278 	 Loss Classification: 0.299026 Loss T 0.074961 Method MME

S painting T real Train Ep: 3400 lr0.008029183828623731 	 Loss Classification: 0.200370 Loss T 0.070213 Method MME

S painting T real Train Ep: 3500 lr0.007984535821401871 	 Loss Classification: 0.359491 Loss T 0.046114 Method MME


Test set: Average loss: 0.9363, Accuracy: 55556/69936 F1 (79%)


Test set: Average loss: 1.0332, Accuracy: 278/360 F1 (77%)

best acc test 78.639041 best acc val 77.222222
record record/multi/MME/MME_net_resnet34_painting_to_real_num_3
saving model...
S painting T real Train Ep: 3600 lr0.007940462859307384 	 Loss Classification: 0.487581 Loss T 0.068545 Method MME

S painting T real Train Ep: 3700 lr0.007896953388873518 	 Loss Classification: 0.260469 Loss T 0.054020 Method MME

S painting T real Train Ep: 3800 lr0.007853996170872714 	 Loss Classification: 0.170141 Loss T 0.066276 Method MME

S painting T real Train Ep: 3900 lr0.00781158026956848 	 Loss Classification: 0.472985 Loss T 0.046069 Method MME

S painting T real Train Ep: 4000 lr0.007769695042409123 	 Loss Classification: 0.282588 Loss T 0.047802 Method MME


Test set: Average loss: 0.9525, Accuracy: 55729/69936 F1 (80%)


Test set: Average loss: 1.0505, Accuracy: 278/360 F1 (77%)

best acc test 78.639041 best acc val 77.222222
record record/multi/MME/MME_net_resnet34_painting_to_real_num_3
saving model...
S painting T real Train Ep: 4100 lr0.007728330130142108 	 Loss Classification: 0.212447 Loss T 0.050314 Method MME

S painting T real Train Ep: 4200 lr0.007687475447329114 	 Loss Classification: 0.055396 Loss T 0.051575 Method MME

S painting T real Train Ep: 4300 lr0.0076471211732427845 	 Loss Classification: 0.284739 Loss T 0.043981 Method MME

S painting T real Train Ep: 4400 lr0.007607257743127307 	 Loss Classification: 0.231029 Loss T 0.056369 Method MME

S painting T real Train Ep: 4500 lr0.007567875839805858 	 Loss Classification: 0.233082 Loss T 0.046946 Method MME


Test set: Average loss: 0.9938, Accuracy: 55615/69936 F1 (80%)


Test set: Average loss: 1.1482, Accuracy: 281/360 F1 (78%)

best acc test 79.522706 best acc val 78.055556
record record/multi/MME/MME_net_resnet34_painting_to_real_num_3
saving model...
S painting T real Train Ep: 4600 lr0.007528966385618854 	 Loss Classification: 0.216040 Loss T 0.064918 Method MME

S painting T real Train Ep: 4700 lr0.007490520534677821 	 Loss Classification: 0.243765 Loss T 0.057096 Method MME

S painting T real Train Ep: 4800 lr0.007452529665420465 	 Loss Classification: 0.138134 Loss T 0.029975 Method MME

S painting T real Train Ep: 4900 lr0.007414985373453289 	 Loss Classification: 0.357937 Loss T 0.049362 Method MME

S painting T real Train Ep: 5000 lr0.007377879464668811 	 Loss Classification: 0.327641 Loss T 0.042186 Method MME


Test set: Average loss: 0.9612, Accuracy: 55982/69936 F1 (80%)


Test set: Average loss: 1.0951, Accuracy: 279/360 F1 (78%)

best acc test 79.522706 best acc val 77.500000
record record/multi/MME/MME_net_resnet34_painting_to_real_num_3
saving model...
S painting T real Train Ep: 5100 lr0.007341203948625087 	 Loss Classification: 0.235274 Loss T 0.048701 Method MME

S painting T real Train Ep: 5200 lr0.007304951032175895 	 Loss Classification: 0.129420 Loss T 0.051666 Method MME

S painting T real Train Ep: 5300 lr0.007269113113340497 	 Loss Classification: 0.274182 Loss T 0.050045 Method MME

S painting T real Train Ep: 5400 lr0.007233682775402483 	 Loss Classification: 0.314295 Loss T 0.038428 Method MME

S painting T real Train Ep: 5500 lr0.007198652781227704 	 Loss Classification: 0.305464 Loss T 0.045339 Method MME


Test set: Average loss: 0.9924, Accuracy: 56160/69936 F1 (80%)


Test set: Average loss: 1.0980, Accuracy: 286/360 F1 (79%)

best acc test 80.301990 best acc val 79.444444
record record/multi/MME/MME_net_resnet34_painting_to_real_num_3
saving model...
S painting T real Train Ep: 5600 lr0.007164016067791809 	 Loss Classification: 0.154608 Loss T 0.051204 Method MME

S painting T real Train Ep: 5700 lr0.0071297657409083726 	 Loss Classification: 0.160855 Loss T 0.033212 Method MME

S painting T real Train Ep: 5800 lr0.0070958950701490225 	 Loss Classification: 0.105769 Loss T 0.057946 Method MME

S painting T real Train Ep: 5900 lr0.007062397483947426 	 Loss Classification: 0.312812 Loss T 0.047222 Method MME

S painting T real Train Ep: 6000 lr0.007029266564879363 	 Loss Classification: 0.258621 Loss T 0.056691 Method MME


Test set: Average loss: 0.9883, Accuracy: 56097/69936 F1 (80%)


Test set: Average loss: 1.1163, Accuracy: 280/360 F1 (78%)

best acc test 80.301990 best acc val 77.777778
record record/multi/MME/MME_net_resnet34_painting_to_real_num_3
saving model...
S painting T real Train Ep: 6100 lr0.006996496045111504 	 Loss Classification: 0.382872 Loss T 0.046187 Method MME

S painting T real Train Ep: 6200 lr0.00696407980201184 	 Loss Classification: 0.436124 Loss T 0.044201 Method MME

S painting T real Train Ep: 6300 lr0.006932011853915101 	 Loss Classification: 0.413897 Loss T 0.042176 Method MME

S painting T real Train Ep: 6400 lr0.006900286356036734 	 Loss Classification: 0.361501 Loss T 0.045686 Method MME

S painting T real Train Ep: 6500 lr0.006868897596529406 	 Loss Classification: 0.520436 Loss T 0.040145 Method MME


Test set: Average loss: 0.9854, Accuracy: 56173/69936 F1 (80%)


Test set: Average loss: 1.1592, Accuracy: 279/360 F1 (78%)

best acc test 80.301990 best acc val 77.500000
record record/multi/MME/MME_net_resnet34_painting_to_real_num_3
saving model...
S painting T real Train Ep: 6600 lr0.006837839992676177 	 Loss Classification: 0.097648 Loss T 0.043465 Method MME

S painting T real Train Ep: 6700 lr0.006807108087214876 	 Loss Classification: 0.079539 Loss T 0.046197 Method MME

S painting T real Train Ep: 6800 lr0.006776696544788352 	 Loss Classification: 0.214132 Loss T 0.047724 Method MME

S painting T real Train Ep: 6900 lr0.006746600148515609 	 Loss Classification: 0.160785 Loss T 0.036518 Method MME

S painting T real Train Ep: 7000 lr0.006716813796678979 	 Loss Classification: 0.109426 Loss T 0.034434 Method MME


Test set: Average loss: 0.9932, Accuracy: 56274/69936 F1 (80%)


Test set: Average loss: 1.2220, Accuracy: 273/360 F1 (76%)

best acc test 80.301990 best acc val 75.833333
record record/multi/MME/MME_net_resnet34_painting_to_real_num_3
saving model...
S painting T real Train Ep: 7100 lr0.006687332499522798 	 Loss Classification: 0.224506 Loss T 0.034224 Method MME

S painting T real Train Ep: 7200 lr0.006658151376159165 	 Loss Classification: 0.268977 Loss T 0.052094 Method MME

S painting T real Train Ep: 7300 lr0.00662926565157663 	 Loss Classification: 0.129691 Loss T 0.045627 Method MME

S painting T real Train Ep: 7400 lr0.006600670653747793 	 Loss Classification: 0.164387 Loss T 0.049164 Method MME

S painting T real Train Ep: 7500 lr0.0065723618108320175 	 Loss Classification: 0.083288 Loss T 0.038894 Method MME


Test set: Average loss: 1.0298, Accuracy: 56100/69936 F1 (80%)


Test set: Average loss: 1.2318, Accuracy: 274/360 F1 (76%)

best acc test 80.301990 best acc val 76.111111
record record/multi/MME/MME_net_resnet34_painting_to_real_num_3
saving model...
S painting T real Train Ep: 7600 lr0.006544334648469591 	 Loss Classification: 0.162981 Loss T 0.050689 Method MME

S painting T real Train Ep: 7700 lr0.006516584787163857 	 Loss Classification: 0.241041 Loss T 0.043682 Method MME

S painting T real Train Ep: 7800 lr0.006489107939747966 	 Loss Classification: 0.091590 Loss T 0.044183 Method MME

S painting T real Train Ep: 7900 lr0.0064618999089330565 	 Loss Classification: 0.124483 Loss T 0.043767 Method MME

S painting T real Train Ep: 8000 lr0.006434956584934828 	 Loss Classification: 0.213138 Loss T 0.053012 Method MME


Test set: Average loss: 1.0407, Accuracy: 56012/69936 F1 (80%)


Test set: Average loss: 1.1213, Accuracy: 282/360 F1 (78%)

best acc test 80.301990 best acc val 78.333333
record record/multi/MME/MME_net_resnet34_painting_to_real_num_3
saving model...
S painting T real Train Ep: 8100 lr0.006408273943175546 	 Loss Classification: 0.063655 Loss T 0.028403 Method MME

S painting T real Train Ep: 8200 lr0.006381848042058713 	 Loss Classification: 0.055383 Loss T 0.038855 Method MME

S painting T real Train Ep: 8300 lr0.0063556750208137005 	 Loss Classification: 0.218614 Loss T 0.044119 Method MME

S painting T real Train Ep: 8400 lr0.006329751097407787 	 Loss Classification: 0.031387 Loss T 0.033286 Method MME

S painting T real Train Ep: 8500 lr0.0063040725665231365 	 Loss Classification: 0.108718 Loss T 0.030486 Method MME


Test set: Average loss: 0.9962, Accuracy: 56539/69936 F1 (81%)


Test set: Average loss: 1.1814, Accuracy: 287/360 F1 (80%)

best acc test 80.843914 best acc val 79.722222
record record/multi/MME/MME_net_resnet34_painting_to_real_num_3
saving model...
S painting T real Train Ep: 8600 lr0.006278635797596355 	 Loss Classification: 0.159154 Loss T 0.019074 Method MME

S painting T real Train Ep: 8700 lr0.006253437232918371 	 Loss Classification: 0.189310 Loss T 0.041541 Method MME

S painting T real Train Ep: 8800 lr0.0062284733857924735 	 Loss Classification: 0.169060 Loss T 0.035613 Method MME

S painting T real Train Ep: 8900 lr0.006203740838748417 	 Loss Classification: 0.278961 Loss T 0.045731 Method MME

S painting T real Train Ep: 9000 lr0.006179236241810624 	 Loss Classification: 0.084437 Loss T 0.054219 Method MME


Test set: Average loss: 0.9962, Accuracy: 56632/69936 F1 (81%)


Test set: Average loss: 1.1017, Accuracy: 282/360 F1 (78%)

best acc test 80.843914 best acc val 78.333333
record record/multi/MME/MME_net_resnet34_painting_to_real_num_3
saving model...
S painting T real Train Ep: 9100 lr0.006154956310818535 	 Loss Classification: 0.132951 Loss T 0.034052 Method MME

S painting T real Train Ep: 9200 lr0.0061308978257973165 	 Loss Classification: 0.079267 Loss T 0.020203 Method MME

S painting T real Train Ep: 9300 lr0.0061070576293771285 	 Loss Classification: 0.232410 Loss T 0.036824 Method MME

S painting T real Train Ep: 9400 lr0.006083432625259276 	 Loss Classification: 0.163124 Loss T 0.040123 Method MME

S painting T real Train Ep: 9500 lr0.006060019776727621 	 Loss Classification: 0.142593 Loss T 0.031662 Method MME


Test set: Average loss: 1.0083, Accuracy: 56579/69936 F1 (81%)


Test set: Average loss: 1.1671, Accuracy: 285/360 F1 (79%)

best acc test 80.843914 best acc val 79.166667
record record/multi/MME/MME_net_resnet34_painting_to_real_num_3
saving model...
S painting T real Train Ep: 9600 lr0.00603681610520369 	 Loss Classification: 0.109579 Loss T 0.037264 Method MME

S painting T real Train Ep: 9700 lr0.0060138186888439825 	 Loss Classification: 0.164075 Loss T 0.037817 Method MME

S painting T real Train Ep: 9800 lr0.005991024661178045 	 Loss Classification: 0.088699 Loss T 0.034993 Method MME

S painting T real Train Ep: 9900 lr0.0059684312097859115 	 Loss Classification: 0.054431 Loss T 0.028568 Method MME

S painting T real Train Ep: 10000 lr0.005946035575013605 	 Loss Classification: 0.226318 Loss T 0.039549 Method MME


Test set: Average loss: 1.0350, Accuracy: 56595/69936 F1 (81%)


Test set: Average loss: 1.2778, Accuracy: 278/360 F1 (77%)

best acc test 80.843914 best acc val 77.222222
record record/multi/MME/MME_net_resnet34_painting_to_real_num_3
saving model...
S painting T real Train Ep: 10100 lr0.005923835048725393 	 Loss Classification: 0.280993 Loss T 0.041964 Method MME

S painting T real Train Ep: 10200 lr0.005901826973091593 	 Loss Classification: 0.027785 Loss T 0.024769 Method MME

S painting T real Train Ep: 10300 lr0.005880008739410735 	 Loss Classification: 0.181998 Loss T 0.044656 Method MME

S painting T real Train Ep: 10400 lr0.005858377786964935 	 Loss Classification: 0.102742 Loss T 0.045074 Method MME

S painting T real Train Ep: 10500 lr0.005836931601907399 	 Loss Classification: 0.083340 Loss T 0.024741 Method MME


Test set: Average loss: 1.0146, Accuracy: 56681/69936 F1 (81%)


Test set: Average loss: 1.1571, Accuracy: 278/360 F1 (77%)

best acc test 80.843914 best acc val 77.222222
record record/multi/MME/MME_net_resnet34_painting_to_real_num_3
saving model...
S painting T real Train Ep: 10600 lr0.005815667716181004 	 Loss Classification: 0.106003 Loss T 0.024618 Method MME

S painting T real Train Ep: 10700 lr0.005794583706466925 	 Loss Classification: 0.074574 Loss T 0.045764 Method MME

S painting T real Train Ep: 10800 lr0.005773677193162352 	 Loss Classification: 0.092424 Loss T 0.023115 Method MME

S painting T real Train Ep: 10900 lr0.005752945839386346 	 Loss Classification: 0.244223 Loss T 0.044736 Method MME

S painting T real Train Ep: 11000 lr0.005732387350012933 	 Loss Classification: 0.031925 Loss T 0.032232 Method MME


Test set: Average loss: 1.0700, Accuracy: 56540/69936 F1 (81%)


Test set: Average loss: 1.3553, Accuracy: 271/360 F1 (75%)

best acc test 80.843914 best acc val 75.277778
record record/multi/MME/MME_net_resnet34_painting_to_real_num_3
saving model...
S painting T real Train Ep: 11100 lr0.005711999470730565 	 Loss Classification: 0.147408 Loss T 0.033888 Method MME

S painting T real Train Ep: 11200 lr0.005691779987127103 	 Loss Classification: 0.043760 Loss T 0.029243 Method MME

S painting T real Train Ep: 11300 lr0.005671726723799515 	 Loss Classification: 0.188502 Loss T 0.035737 Method MME

S painting T real Train Ep: 11400 lr0.005651837543487509 	 Loss Classification: 0.136310 Loss T 0.040562 Method MME

S painting T real Train Ep: 11500 lr0.005632110346230358 	 Loss Classification: 0.257282 Loss T 0.020908 Method MME


Test set: Average loss: 1.0443, Accuracy: 56817/69936 F1 (81%)


Test set: Average loss: 1.1800, Accuracy: 283/360 F1 (79%)

