Dataset multi Target painting Network resnet34 Num per class 3
126 classes in this dataset
THCudaCheck FAIL file=/opt/conda/conda-bld/pytorch_1535493744281/work/aten/src/THC/THCGeneral.cpp line=663 error=11 : invalid argument
T painting Ep: 0 lr0.01 	 Loss Class: 4.812267 RotLab: 1.4167271852493286 Ent: 0.4711553752422333 RotUnl: 1.3508273363113403 

T painting Ep: 100 lr0.009925650290240803 	 Loss Class: 0.463774 RotLab: 0.6948883533477783 Ent: 0.351904958486557 RotUnl: 0.8751489520072937 

T painting Ep: 200 lr0.009852577760521605 	 Loss Class: 0.123272 RotLab: 0.6424608826637268 Ent: 0.2877599895000458 RotUnl: 0.7320689558982849 

T painting Ep: 300 lr0.009780748269686728 	 Loss Class: 0.057582 RotLab: 0.203909233212471 Ent: 0.2560594975948334 RotUnl: 0.8065910339355469 

T painting Ep: 400 lr0.009710128909124701 	 Loss Class: 0.080126 RotLab: 0.17617519199848175 Ent: 0.2843947112560272 RotUnl: 1.0813583135604858 

T painting Ep: 500 lr0.00964068794694323 	 Loss Class: 0.092422 RotLab: 0.02632063627243042 Ent: 0.26334312558174133 RotUnl: 0.6353869438171387 

\Target: Average loss: 3.4636, Accuracy: 8561/31104 F1 (27%)

\Rotation: Average loss: 0.6193, Accuracy: 23713/31104 F1 (76%)

best acc class 27.523791
record record/multi/net_resnet34_painting
saving model
T painting Ep: 600 lr0.00957239477517603 	 Loss Class: 0.063296 RotLab: 0.07354751974344254 Ent: 0.258037269115448 RotUnl: 0.6818122863769531 

T painting Ep: 700 lr0.009505219859830012 	 Loss Class: 0.053322 RotLab: 0.02797197364270687 Ent: 0.26127806305885315 RotUnl: 0.498916357755661 

T painting Ep: 800 lr0.009439134693595126 	 Loss Class: 0.034486 RotLab: 0.08073177188634872 Ent: 0.27165326476097107 RotUnl: 0.9753187298774719 

T painting Ep: 900 lr0.009374111751051751 	 Loss Class: 0.087254 RotLab: 0.04289676621556282 Ent: 0.2545822560787201 RotUnl: 0.437459260225296 

T painting Ep: 1000 lr0.009310124446222227 	 Loss Class: 0.041027 RotLab: 0.053279418498277664 Ent: 0.2810157239437103 RotUnl: 0.7402608394622803 

\Target: Average loss: 3.5444, Accuracy: 8780/31104 F1 (28%)

\Rotation: Average loss: 0.4876, Accuracy: 25221/31104 F1 (81%)

best acc class 28.227881
record record/multi/net_resnet34_painting
saving model
T painting Ep: 1100 lr0.00924714709232377 	 Loss Class: 0.041486 RotLab: 0.04501499608159065 Ent: 0.2776634395122528 RotUnl: 0.5110760927200317 

T painting Ep: 1200 lr0.009185154863590003 	 Loss Class: 0.029675 RotLab: 0.0488663911819458 Ent: 0.2937735617160797 RotUnl: 0.40706226229667664 

T painting Ep: 1300 lr0.00912412375903735 	 Loss Class: 0.048582 RotLab: 0.04528595879673958 Ent: 0.2805976867675781 RotUnl: 0.662624180316925 

T painting Ep: 1400 lr0.009064030568061049 	 Loss Class: 0.040170 RotLab: 0.03779010847210884 Ent: 0.28275904059410095 RotUnl: 0.5636268258094788 

T painting Ep: 1500 lr0.009004852837753237 	 Loss Class: 0.033884 RotLab: 0.01476752758026123 Ent: 0.26140591502189636 RotUnl: 0.5230952501296997 

\Target: Average loss: 3.6343, Accuracy: 8752/31104 F1 (28%)

\Rotation: Average loss: 0.4528, Accuracy: 25764/31104 F1 (82%)

best acc class 28.227881
record record/multi/net_resnet34_painting
saving model
T painting Ep: 1600 lr0.008946568841842816 	 Loss Class: 0.087319 RotLab: 0.05138764902949333 Ent: 0.31395965814590454 RotUnl: 0.47022339701652527 

T painting Ep: 1700 lr0.008889157551163433 	 Loss Class: 0.030686 RotLab: 0.013957311399281025 Ent: 0.30143067240715027 RotUnl: 0.5724027156829834 

T painting Ep: 1800 lr0.008832598605562044 	 Loss Class: 0.039880 RotLab: 0.011291463859379292 Ent: 0.3054906725883484 RotUnl: 0.3531125783920288 

T painting Ep: 1900 lr0.008776872287166303 	 Loss Class: 0.046319 RotLab: 0.039494723081588745 Ent: 0.318785160779953 RotUnl: 0.39319291710853577 

T painting Ep: 2000 lr0.008721959494934213 	 Loss Class: 0.041395 RotLab: 0.010324140079319477 Ent: 0.2921089828014374 RotUnl: 0.51589435338974 

\Target: Average loss: 3.7478, Accuracy: 8563/31104 F1 (27%)

\Rotation: Average loss: 0.3948, Accuracy: 26376/31104 F1 (84%)

best acc class 28.227881
record record/multi/net_resnet34_painting
saving model
T painting Ep: 2100 lr0.008667841720414475 	 Loss Class: 0.042641 RotLab: 0.05521486699581146 Ent: 0.2909928858280182 RotUnl: 0.3674528896808624 

T painting Ep: 2200 lr0.008614501024650454 	 Loss Class: 0.043979 RotLab: 0.01565241813659668 Ent: 0.2925647795200348 RotUnl: 0.6945808529853821 

T painting Ep: 2300 lr0.008561920016164943 	 Loss Class: 0.045796 RotLab: 0.12527364492416382 Ent: 0.3006717562675476 RotUnl: 0.4039957523345947 

T painting Ep: 2400 lr0.008510081829966844 	 Loss Class: 0.036877 RotLab: 0.015882641077041626 Ent: 0.30739161372184753 RotUnl: 0.5799670219421387 

T painting Ep: 2500 lr0.008458970107524513 	 Loss Class: 0.061209 RotLab: 0.026550879701972008 Ent: 0.31785106658935547 RotUnl: 0.42080438137054443 

\Target: Average loss: 3.7490, Accuracy: 8739/31104 F1 (28%)

\Rotation: Average loss: 0.3518, Accuracy: 26818/31104 F1 (86%)

best acc class 28.227881
record record/multi/net_resnet34_painting
saving model
T painting Ep: 2600 lr0.008408568977653933 	 Loss Class: 0.040837 RotLab: 0.016866495832800865 Ent: 0.3262847065925598 RotUnl: 0.5347545146942139 

T painting Ep: 2700 lr0.00835886303827305 	 Loss Class: 0.053221 RotLab: 0.01792740821838379 Ent: 0.3308049142360687 RotUnl: 0.4327295124530792 

T painting Ep: 2800 lr0.008309837338976545 	 Loss Class: 0.033574 RotLab: 0.02401197887957096 Ent: 0.32856231927871704 RotUnl: 0.3956007957458496 

T painting Ep: 2900 lr0.008261477364388068 	 Loss Class: 0.047648 RotLab: 0.01284352969378233 Ent: 0.32051047682762146 RotUnl: 0.3294825255870819 

T painting Ep: 3000 lr0.008213769018249545 	 Loss Class: 0.034466 RotLab: 0.024557748809456825 Ent: 0.3170483708381653 RotUnl: 0.5640813708305359 

\Target: Average loss: 3.7916, Accuracy: 8909/31104 F1 (28%)

\Rotation: Average loss: 0.3218, Accuracy: 27172/31104 F1 (87%)

best acc class 28.642618
record record/multi/net_resnet34_painting
saving model
T painting Ep: 3100 lr0.008166698608209509 	 Loss Class: 0.046653 RotLab: 0.01053371001034975 Ent: 0.3281227946281433 RotUnl: 0.6297382712364197 

T painting Ep: 3200 lr0.008120252831274708 	 Loss Class: 0.049063 RotLab: 0.00643398379907012 Ent: 0.2912805378437042 RotUnl: 0.28388991951942444 

T painting Ep: 3300 lr0.008074418759891278 	 Loss Class: 0.033504 RotLab: 0.012559373863041401 Ent: 0.30588647723197937 RotUnl: 0.5202091932296753 

T painting Ep: 3400 lr0.008029183828623731 	 Loss Class: 0.044469 RotLab: 0.0051772394217550755 Ent: 0.3274455964565277 RotUnl: 0.4567723274230957 

T painting Ep: 3500 lr0.007984535821401871 	 Loss Class: 0.055981 RotLab: 0.016169339418411255 Ent: 0.29813385009765625 RotUnl: 0.541312575340271 

\Target: Average loss: 3.7918, Accuracy: 9091/31104 F1 (29%)

\Rotation: Average loss: 0.3282, Accuracy: 27216/31104 F1 (87%)

best acc class 29.227752
record record/multi/net_resnet34_painting
saving model
T painting Ep: 3600 lr0.007940462859307384 	 Loss Class: 0.029050 RotLab: 0.010794143192470074 Ent: 0.32496729493141174 RotUnl: 0.4708603620529175 

T painting Ep: 3700 lr0.007896953388873518 	 Loss Class: 0.054157 RotLab: 0.0063483319245278835 Ent: 0.3140028417110443 RotUnl: 0.13754738867282867 

T painting Ep: 3800 lr0.007853996170872714 	 Loss Class: 0.037929 RotLab: 0.010338525287806988 Ent: 0.3098488748073578 RotUnl: 0.16735239326953888 

T painting Ep: 3900 lr0.00781158026956848 	 Loss Class: 0.064187 RotLab: 0.02366217039525509 Ent: 0.31669187545776367 RotUnl: 0.21486879885196686 

T painting Ep: 4000 lr0.007769695042409123 	 Loss Class: 0.034008 RotLab: 0.00394025444984436 Ent: 0.3309270441532135 RotUnl: 0.20181351900100708 

\Target: Average loss: 3.8478, Accuracy: 9089/31104 F1 (29%)

\Rotation: Average loss: 0.3245, Accuracy: 27280/31104 F1 (87%)

best acc class 29.227752
record record/multi/net_resnet34_painting
saving model
T painting Ep: 4100 lr0.007728330130142108 	 Loss Class: 0.047205 RotLab: 0.006762246135622263 Ent: 0.30623453855514526 RotUnl: 0.2822420299053192 

T painting Ep: 4200 lr0.007687475447329114 	 Loss Class: 0.044350 RotLab: 0.011431694030761719 Ent: 0.31145697832107544 RotUnl: 0.24023838341236115 

T painting Ep: 4300 lr0.0076471211732427845 	 Loss Class: 0.049137 RotLab: 0.008260210044682026 Ent: 0.3258499205112457 RotUnl: 0.24844546616077423 

T painting Ep: 4400 lr0.007607257743127307 	 Loss Class: 0.048350 RotLab: 0.06322016566991806 Ent: 0.3151971399784088 RotUnl: 0.30204758048057556 

T painting Ep: 4500 lr0.007567875839805858 	 Loss Class: 0.023379 RotLab: 0.01789524219930172 Ent: 0.30301976203918457 RotUnl: 0.28007251024246216 

\Target: Average loss: 3.8675, Accuracy: 9187/31104 F1 (29%)

\Rotation: Average loss: 0.2763, Accuracy: 27767/31104 F1 (89%)

best acc class 29.536394
record record/multi/net_resnet34_painting
saving model
T painting Ep: 4600 lr0.007528966385618854 	 Loss Class: 0.045210 RotLab: 0.010968168266117573 Ent: 0.3109528422355652 RotUnl: 0.22408318519592285 

T painting Ep: 4700 lr0.007490520534677821 	 Loss Class: 0.053030 RotLab: 0.004673779010772705 Ent: 0.31546255946159363 RotUnl: 0.46958422660827637 

T painting Ep: 4800 lr0.007452529665420465 	 Loss Class: 0.053000 RotLab: 0.0033930938225239515 Ent: 0.3017822206020355 RotUnl: 0.18379373848438263 

T painting Ep: 4900 lr0.007414985373453289 	 Loss Class: 0.037502 RotLab: 0.043902259320020676 Ent: 0.30109700560569763 RotUnl: 0.3223521113395691 

T painting Ep: 5000 lr0.007377879464668811 	 Loss Class: 0.044883 RotLab: 0.005713413003832102 Ent: 0.29052525758743286 RotUnl: 0.2080126851797104 

\Target: Average loss: 3.8219, Accuracy: 9509/31104 F1 (30%)

\Rotation: Average loss: 0.2611, Accuracy: 27949/31104 F1 (89%)

best acc class 30.571631
record record/multi/net_resnet34_painting
saving model
T painting Ep: 5100 lr0.007341203948625087 	 Loss Class: 0.038437 RotLab: 0.019402334466576576 Ent: 0.3121165931224823 RotUnl: 0.3522394895553589 

T painting Ep: 5200 lr0.007304951032175895 	 Loss Class: 0.041247 RotLab: 0.004363676067441702 Ent: 0.3165925443172455 RotUnl: 0.2889285981655121 

T painting Ep: 5300 lr0.007269113113340497 	 Loss Class: 0.047283 RotLab: 0.0628146156668663 Ent: 0.2823871374130249 RotUnl: 0.2226891666650772 

T painting Ep: 5400 lr0.007233682775402483 	 Loss Class: 0.055833 RotLab: 0.003387828590348363 Ent: 0.29110240936279297 RotUnl: 0.3756456673145294 

T painting Ep: 5500 lr0.007198652781227704 	 Loss Class: 0.027492 RotLab: 0.003329833270981908 Ent: 0.2914005219936371 RotUnl: 0.0808427706360817 

\Target: Average loss: 3.8220, Accuracy: 9574/31104 F1 (30%)

\Rotation: Average loss: 0.2558, Accuracy: 28073/31104 F1 (90%)

best acc class 30.780607
record record/multi/net_resnet34_painting
saving model
T painting Ep: 5600 lr0.007164016067791809 	 Loss Class: 0.054698 RotLab: 0.024180123582482338 Ent: 0.34720322489738464 RotUnl: 0.1879597157239914 

T painting Ep: 5700 lr0.0071297657409083726 	 Loss Class: 0.054141 RotLab: 0.0021996896248310804 Ent: 0.2895343005657196 RotUnl: 0.26620277762413025 

T painting Ep: 5800 lr0.0070958950701490225 	 Loss Class: 0.029620 RotLab: 0.020806580781936646 Ent: 0.3221120536327362 RotUnl: 0.26111283898353577 

T painting Ep: 5900 lr0.007062397483947426 	 Loss Class: 0.042909 RotLab: 0.0038990378379821777 Ent: 0.3147224187850952 RotUnl: 0.2110278606414795 

T painting Ep: 6000 lr0.007029266564879363 	 Loss Class: 0.036459 RotLab: 0.0018088420620188117 Ent: 0.30553603172302246 RotUnl: 0.2963237464427948 

\Target: Average loss: 3.8452, Accuracy: 9619/31104 F1 (30%)

\Rotation: Average loss: 0.2322, Accuracy: 28271/31104 F1 (90%)

best acc class 30.925283
record record/multi/net_resnet34_painting
saving model
T painting Ep: 6100 lr0.006996496045111504 	 Loss Class: 0.060163 RotLab: 0.005817075725644827 Ent: 0.2966825067996979 RotUnl: 0.18739067018032074 

T painting Ep: 6200 lr0.00696407980201184 	 Loss Class: 0.043701 RotLab: 0.0008888840675354004 Ent: 0.2864736318588257 RotUnl: 0.31707414984703064 

T painting Ep: 6300 lr0.006932011853915101 	 Loss Class: 0.039421 RotLab: 0.008829752914607525 Ent: 0.291543185710907 RotUnl: 0.25123903155326843 

T painting Ep: 6400 lr0.006900286356036734 	 Loss Class: 0.042089 RotLab: 0.0021580855827778578 Ent: 0.30739936232566833 RotUnl: 0.23853914439678192 

T painting Ep: 6500 lr0.006868897596529406 	 Loss Class: 0.054210 RotLab: 0.0033480722922831774 Ent: 0.30296435952186584 RotUnl: 0.3811403512954712 

\Target: Average loss: 3.8300, Accuracy: 9746/31104 F1 (31%)

\Rotation: Average loss: 0.2291, Accuracy: 28333/31104 F1 (91%)

best acc class 31.333591
record record/multi/net_resnet34_painting
saving model
T painting Ep: 6600 lr0.006837839992676177 	 Loss Class: 0.058020 RotLab: 0.0018500486621633172 Ent: 0.29995307326316833 RotUnl: 0.27794021368026733 

T painting Ep: 6700 lr0.006807108087214876 	 Loss Class: 0.043592 RotLab: 0.0008731285925023258 Ent: 0.27919691801071167 RotUnl: 0.49622392654418945 

T painting Ep: 6800 lr0.006776696544788352 	 Loss Class: 0.043805 RotLab: 0.014520108699798584 Ent: 0.2894858419895172 RotUnl: 0.2502059042453766 

T painting Ep: 6900 lr0.006746600148515609 	 Loss Class: 0.050541 RotLab: 0.0009556412696838379 Ent: 0.32213446497917175 RotUnl: 0.266514390707016 

T painting Ep: 7000 lr0.006716813796678979 	 Loss Class: 0.062153 RotLab: 0.031129440292716026 Ent: 0.3086097538471222 RotUnl: 0.092084139585495 

\Target: Average loss: 3.8505, Accuracy: 9855/31104 F1 (31%)

\Rotation: Average loss: 0.2254, Accuracy: 28454/31104 F1 (91%)

best acc class 31.684028
record record/multi/net_resnet34_painting
saving model
T painting Ep: 7100 lr0.006687332499522798 	 Loss Class: 0.058181 RotLab: 0.0020248692017048597 Ent: 0.32880479097366333 RotUnl: 0.46549248695373535 

T painting Ep: 7200 lr0.006658151376159165 	 Loss Class: 0.051808 RotLab: 0.05092750862240791 Ent: 0.32654330134391785 RotUnl: 0.10608634352684021 

T painting Ep: 7300 lr0.00662926565157663 	 Loss Class: 0.052373 RotLab: 0.007803311105817556 Ent: 0.33524855971336365 RotUnl: 0.11720103770494461 

T painting Ep: 7400 lr0.006600670653747793 	 Loss Class: 0.055298 RotLab: 0.00433484697714448 Ent: 0.2752991318702698 RotUnl: 0.15577539801597595 

T painting Ep: 7500 lr0.0065723618108320175 	 Loss Class: 0.052887 RotLab: 0.009539504535496235 Ent: 0.27401503920555115 RotUnl: 0.4250718057155609 

\Target: Average loss: 3.8112, Accuracy: 10100/31104 F1 (32%)

\Rotation: Average loss: 0.2079, Accuracy: 28640/31104 F1 (92%)

best acc class 32.471708
record record/multi/net_resnet34_painting
saving model
T painting Ep: 7600 lr0.006544334648469591 	 Loss Class: 0.044675 RotLab: 0.004165947437286377 Ent: 0.31505751609802246 RotUnl: 0.2999527156352997 

T painting Ep: 7700 lr0.006516584787163857 	 Loss Class: 0.050301 RotLab: 0.005878339055925608 Ent: 0.2968295216560364 RotUnl: 0.3696163594722748 

T painting Ep: 7800 lr0.006489107939747966 	 Loss Class: 0.043675 RotLab: 0.015779420733451843 Ent: 0.3021332919597626 RotUnl: 0.40131279826164246 

T painting Ep: 7900 lr0.0064618999089330565 	 Loss Class: 0.058159 RotLab: 0.007206837181001902 Ent: 0.2935667634010315 RotUnl: 0.1710480898618698 

T painting Ep: 8000 lr0.006434956584934828 	 Loss Class: 0.072027 RotLab: 0.00324026751331985 Ent: 0.28593966364860535 RotUnl: 0.1872205138206482 

\Target: Average loss: 3.8195, Accuracy: 10143/31104 F1 (32%)

\Rotation: Average loss: 0.1929, Accuracy: 28785/31104 F1 (92%)

best acc class 32.609954
record record/multi/net_resnet34_painting
saving model
T painting Ep: 8100 lr0.006408273943175546 	 Loss Class: 0.037347 RotLab: 0.004839301109313965 Ent: 0.30009725689888 RotUnl: 0.22544877231121063 

T painting Ep: 8200 lr0.006381848042058713 	 Loss Class: 0.041771 RotLab: 0.0017330050468444824 Ent: 0.32659563422203064 RotUnl: 0.3919207751750946 

T painting Ep: 8300 lr0.0063556750208137005 	 Loss Class: 0.063222 RotLab: 0.0028348464984446764 Ent: 0.2882522642612457 RotUnl: 0.10805726796388626 

T painting Ep: 8400 lr0.006329751097407787 	 Loss Class: 0.058001 RotLab: 0.0009992321720346808 Ent: 0.2981065809726715 RotUnl: 0.08730507642030716 

T painting Ep: 8500 lr0.0063040725665231365 	 Loss Class: 0.046497 RotLab: 0.0031685035210102797 Ent: 0.2844540476799011 RotUnl: 0.20345087349414825 

\Target: Average loss: 3.8408, Accuracy: 10143/31104 F1 (32%)

\Rotation: Average loss: 0.1876, Accuracy: 28874/31104 F1 (92%)

best acc class 32.609954
record record/multi/net_resnet34_painting
saving model
T painting Ep: 8600 lr0.006278635797596355 	 Loss Class: 0.042361 RotLab: 0.004492481704801321 Ent: 0.28530174493789673 RotUnl: 0.2580077052116394 

T painting Ep: 8700 lr0.006253437232918371 	 Loss Class: 0.064451 RotLab: 0.0019509991398081183 Ent: 0.2725065052509308 RotUnl: 0.13099557161331177 

T painting Ep: 8800 lr0.0062284733857924735 	 Loss Class: 0.061633 RotLab: 0.003169019939377904 Ent: 0.294604629278183 RotUnl: 0.14887265861034393 

T painting Ep: 8900 lr0.006203740838748417 	 Loss Class: 0.045340 RotLab: 0.0014367103576660156 Ent: 0.2975907027721405 RotUnl: 0.22989995777606964 

T painting Ep: 9000 lr0.006179236241810624 	 Loss Class: 0.057270 RotLab: 0.003042976139113307 Ent: 0.2810281217098236 RotUnl: 0.13952170312404633 

\Target: Average loss: 3.8295, Accuracy: 10266/31104 F1 (33%)

\Rotation: Average loss: 0.1666, Accuracy: 29154/31104 F1 (93%)

best acc class 33.005401
record record/multi/net_resnet34_painting
saving model
T painting Ep: 9100 lr0.006154956310818535 	 Loss Class: 0.037294 RotLab: 0.0021163225173950195 Ent: 0.30439671874046326 RotUnl: 0.2761135399341583 

T painting Ep: 9200 lr0.0061308978257973165 	 Loss Class: 0.046558 RotLab: 0.00297691416926682 Ent: 0.2676164507865906 RotUnl: 0.14116467535495758 

T painting Ep: 9300 lr0.0061070576293771285 	 Loss Class: 0.052416 RotLab: 0.016072183847427368 Ent: 0.30894774198532104 RotUnl: 0.19354753196239471 

T painting Ep: 9400 lr0.006083432625259276 	 Loss Class: 0.045395 RotLab: 0.002648651599884033 Ent: 0.286760538816452 RotUnl: 0.10112728923559189 

T painting Ep: 9500 lr0.006060019776727621 	 Loss Class: 0.052532 RotLab: 0.003353635547682643 Ent: 0.27512064576148987 RotUnl: 0.11737964302301407 

\Target: Average loss: 3.8406, Accuracy: 10312/31104 F1 (33%)

\Rotation: Average loss: 0.1756, Accuracy: 29040/31104 F1 (93%)

best acc class 33.153292
record record/multi/net_resnet34_painting
saving model
T painting Ep: 9600 lr0.00603681610520369 	 Loss Class: 0.053601 RotLab: 0.005804290529340506 Ent: 0.27862727642059326 RotUnl: 0.14812041819095612 

T painting Ep: 9700 lr0.0060138186888439825 	 Loss Class: 0.055821 RotLab: 0.00479656457901001 Ent: 0.30323314666748047 RotUnl: 0.2320670336484909 

T painting Ep: 9800 lr0.005991024661178045 	 Loss Class: 0.060274 RotLab: 0.009326119907200336 Ent: 0.2862156331539154 RotUnl: 0.2843763530254364 

T painting Ep: 9900 lr0.0059684312097859115 	 Loss Class: 0.041138 RotLab: 0.0014194846153259277 Ent: 0.2665384113788605 RotUnl: 0.2929568886756897 

T painting Ep: 10000 lr0.005946035575013605 	 Loss Class: 0.058913 RotLab: 0.0023512046318501234 Ent: 0.32607513666152954 RotUnl: 0.22133220732212067 

\Target: Average loss: 3.8551, Accuracy: 10419/31104 F1 (33%)

\Rotation: Average loss: 0.1584, Accuracy: 29260/31104 F1 (94%)

best acc class 33.497299
record record/multi/net_resnet34_painting
saving model
T painting Ep: 10100 lr0.005923835048725393 	 Loss Class: 0.040929 RotLab: 0.0075757503509521484 Ent: 0.3113173246383667 RotUnl: 0.1844480037689209 

T painting Ep: 10200 lr0.005901826973091593 	 Loss Class: 0.061461 RotLab: 0.0006137092714197934 Ent: 0.2670809328556061 RotUnl: 0.3696976900100708 

T painting Ep: 10300 lr0.005880008739410735 	 Loss Class: 0.064859 RotLab: 0.0033831000328063965 Ent: 0.30819347500801086 RotUnl: 0.05464344844222069 

T painting Ep: 10400 lr0.005858377786964935 	 Loss Class: 0.049495 RotLab: 0.0063532195053994656 Ent: 0.27293911576271057 RotUnl: 0.1286092847585678 

T painting Ep: 10500 lr0.005836931601907399 	 Loss Class: 0.062067 RotLab: 0.0006024439935572445 Ent: 0.29636457562446594 RotUnl: 0.17725081741809845 

\Target: Average loss: 3.8753, Accuracy: 10423/31104 F1 (33%)

\Rotation: Average loss: 0.1616, Accuracy: 29227/31104 F1 (93%)

best acc class 33.510159
record record/multi/net_resnet34_painting
saving model
T painting Ep: 10600 lr0.005815667716181004 	 Loss Class: 0.038499 RotLab: 0.00941323209553957 Ent: 0.27230796217918396 RotUnl: 0.1850397139787674 

T painting Ep: 10700 lr0.005794583706466925 	 Loss Class: 0.064560 RotLab: 0.001047929166816175 Ent: 0.29478907585144043 RotUnl: 0.25341856479644775 

T painting Ep: 10800 lr0.005773677193162352 	 Loss Class: 0.060208 RotLab: 0.001705507398582995 Ent: 0.25450828671455383 RotUnl: 0.10651544481515884 

T painting Ep: 10900 lr0.005752945839386346 	 Loss Class: 0.059875 RotLab: 0.0043944320641458035 Ent: 0.28546127676963806 RotUnl: 0.18733389675617218 

T painting Ep: 11000 lr0.005732387350012933 	 Loss Class: 0.053799 RotLab: 0.0005488197202794254 Ent: 0.29665979743003845 RotUnl: 0.18116511404514313 

\Target: Average loss: 3.8650, Accuracy: 10432/31104 F1 (33%)

\Rotation: Average loss: 0.1668, Accuracy: 29107/31104 F1 (93%)

best acc class 33.539095
record record/multi/net_resnet34_painting
saving model
T painting Ep: 11100 lr0.005711999470730565 	 Loss Class: 0.058303 RotLab: 0.0007638136739842594 Ent: 0.27978578209877014 RotUnl: 0.07129966467618942 

T painting Ep: 11200 lr0.005691779987127103 	 Loss Class: 0.056163 RotLab: 0.003344197990372777 Ent: 0.2535088360309601 RotUnl: 0.18162621557712555 

T painting Ep: 11300 lr0.005671726723799515 	 Loss Class: 0.054527 RotLab: 0.0012443065643310547 Ent: 0.27228114008903503 RotUnl: 0.10390642285346985 

T painting Ep: 11400 lr0.005651837543487509 	 Loss Class: 0.067914 RotLab: 0.0015015403041616082 Ent: 0.29241353273391724 RotUnl: 0.1759616583585739 

T painting Ep: 11500 lr0.005632110346230358 	 Loss Class: 0.053465 RotLab: 0.0013592044124379754 Ent: 0.265272855758667 RotUnl: 0.13664162158966064 

\Target: Average loss: 3.8782, Accuracy: 10530/31104 F1 (33%)

\Rotation: Average loss: 0.1438, Accuracy: 29424/31104 F1 (94%)

best acc class 33.854167
record record/multi/net_resnet34_painting
saving model
T painting Ep: 11600 lr0.005612543068546177 	 Loss Class: 0.055415 RotLab: 0.005943894386291504 Ent: 0.2822645902633667 RotUnl: 0.13045072555541992 

T painting Ep: 11700 lr0.005593133682632953 	 Loss Class: 0.052170 RotLab: 0.011007726192474365 Ent: 0.2965210974216461 RotUnl: 0.28315043449401855 

T painting Ep: 11800 lr0.005573880195590681 	 Loss Class: 0.052780 RotLab: 0.0005062420968897641 Ent: 0.2627728581428528 RotUnl: 0.22558510303497314 

T painting Ep: 11900 lr0.0055547806486639095 	 Loss Class: 0.043382 RotLab: 0.0009295145864598453 Ent: 0.25117945671081543 RotUnl: 0.12871825695037842 

T painting Ep: 12000 lr0.005535833116504121 	 Loss Class: 0.047400 RotLab: 0.001207113265991211 Ent: 0.30350223183631897 RotUnl: 0.21810950338840485 

\Target: Average loss: 3.8610, Accuracy: 10663/31104 F1 (34%)

\Rotation: Average loss: 0.1328, Accuracy: 29561/31104 F1 (95%)

best acc class 34.281764
record record/multi/net_resnet34_painting
saving model
T painting Ep: 12100 lr0.00551703570645129 	 Loss Class: 0.051576 RotLab: 0.0014909108867868781 Ent: 0.2960902154445648 RotUnl: 0.3042498230934143 

T painting Ep: 12200 lr0.005498386557834078 	 Loss Class: 0.059960 RotLab: 0.004803558345884085 Ent: 0.2924287021160126 RotUnl: 0.21212877333164215 

T painting Ep: 12300 lr0.00547988384128807 	 Loss Class: 0.075586 RotLab: 0.008638937957584858 Ent: 0.26813647150993347 RotUnl: 0.11644233018159866 

T painting Ep: 12400 lr0.005461525758091539 	 Loss Class: 0.048139 RotLab: 0.00021153688430786133 Ent: 0.2849762439727783 RotUnl: 0.09956494718790054 

T painting Ep: 12500 lr0.005443310539518174 	 Loss Class: 0.042847 RotLab: 0.0021920998115092516 Ent: 0.2731844484806061 RotUnl: 0.1498849093914032 

\Target: Average loss: 3.8860, Accuracy: 10613/31104 F1 (34%)

\Rotation: Average loss: 0.1306, Accuracy: 29568/31104 F1 (95%)

best acc class 34.281764
record record/multi/net_resnet34_painting
saving model
T painting Ep: 12600 lr0.005425236446206295 	 Loss Class: 0.037760 RotLab: 0.0007839798927307129 Ent: 0.23024578392505646 RotUnl: 0.10831565409898758 

T painting Ep: 12700 lr0.005407301767544059 	 Loss Class: 0.105010 RotLab: 0.003055830718949437 Ent: 0.288301944732666 RotUnl: 0.1852358728647232 

T painting Ep: 12800 lr0.005389504821070177 	 Loss Class: 0.052684 RotLab: 0.0008248885278590024 Ent: 0.30022355914115906 RotUnl: 0.1493668258190155 

T painting Ep: 12900 lr0.005371843951889677 	 Loss Class: 0.061605 RotLab: 0.00102919340133667 Ent: 0.28771334886550903 RotUnl: 0.1183658018708229 

T painting Ep: 13000 lr0.0053543175321042955 	 Loss Class: 0.052894 RotLab: 0.001543919206596911 Ent: 0.2671225965023041 RotUnl: 0.17965342104434967 

\Target: Average loss: 3.8791, Accuracy: 10706/31104 F1 (34%)

\Rotation: Average loss: 0.1487, Accuracy: 29345/31104 F1 (94%)

best acc class 34.420010
record record/multi/net_resnet34_painting
saving model
T painting Ep: 13100 lr0.005336923960257046 	 Loss Class: 0.066158 RotLab: 0.004669745918363333 Ent: 0.26764217019081116 RotUnl: 0.23001550137996674 

T painting Ep: 13200 lr0.0053196616607905645 	 Loss Class: 0.047572 RotLab: 0.0006534258718602359 Ent: 0.26050159335136414 RotUnl: 0.04991564527153969 

T painting Ep: 13300 lr0.0053025290835188275 	 Loss Class: 0.056120 RotLab: 0.00031197071075439453 Ent: 0.2664637863636017 RotUnl: 0.10701057314872742 

T painting Ep: 13400 lr0.005285524703111859 	 Loss Class: 0.035712 RotLab: 0.0014194250106811523 Ent: 0.26772648096084595 RotUnl: 0.17922604084014893 

T painting Ep: 13500 lr0.005268647018593052 	 Loss Class: 0.050393 RotLab: 0.011939187534153461 Ent: 0.27224451303482056 RotUnl: 0.2974598705768585 

\Target: Average loss: 3.8856, Accuracy: 10741/31104 F1 (34%)

\Rotation: Average loss: 0.1228, Accuracy: 29661/31104 F1 (95%)

best acc class 34.532536
record record/multi/net_resnet34_painting
saving model
T painting Ep: 13600 lr0.005251894552848747 	 Loss Class: 0.058923 RotLab: 0.014023075811564922 Ent: 0.27117830514907837 RotUnl: 0.2836512625217438 

T painting Ep: 13700 lr0.005235265852149712 	 Loss Class: 0.081952 RotLab: 0.0010905861854553223 Ent: 0.26952192187309265 RotUnl: 0.07933498919010162 

T painting Ep: 13800 lr0.005218759485684187 	 Loss Class: 0.053754 RotLab: 0.0009038646821863949 Ent: 0.3061721920967102 RotUnl: 0.23817633092403412 

T painting Ep: 13900 lr0.005202374045102174 	 Loss Class: 0.047903 RotLab: 0.0025614898186177015 Ent: 0.26681867241859436 RotUnl: 0.15136514604091644 

T painting Ep: 14000 lr0.005186108144070652 	 Loss Class: 0.041290 RotLab: 0.000955045223236084 Ent: 0.2591091990470886 RotUnl: 0.1017787978053093 

\Target: Average loss: 3.9314, Accuracy: 10663/31104 F1 (34%)

\Rotation: Average loss: 0.1123, Accuracy: 29798/31104 F1 (95%)

best acc class 34.532536
record record/multi/net_resnet34_painting
saving model
T painting Ep: 14100 lr0.005169960417839403 	 Loss Class: 0.056936 RotLab: 0.00094548863125965 Ent: 0.2863334119319916 RotUnl: 0.07219203561544418 

T painting Ep: 14200 lr0.005153929522817161 	 Loss Class: 0.049695 RotLab: 0.001401325105689466 Ent: 0.27564769983291626 RotUnl: 0.21859563887119293 

T painting Ep: 14300 lr0.005138014136157799 	 Loss Class: 0.053175 RotLab: 0.0017787417164072394 Ent: 0.28706634044647217 RotUnl: 0.24165432155132294 

T painting Ep: 14400 lr0.005122212955356274 	 Loss Class: 0.055920 RotLab: 0.0013165673008188605 Ent: 0.28247183561325073 RotUnl: 0.1298121064901352 

T painting Ep: 14500 lr0.005106524697854057 	 Loss Class: 0.068258 RotLab: 0.0004071990551892668 Ent: 0.27078571915626526 RotUnl: 0.05400420352816582 

\Target: Average loss: 3.9154, Accuracy: 10737/31104 F1 (34%)

\Rotation: Average loss: 0.1204, Accuracy: 29717/31104 F1 (95%)

best acc class 34.532536
record record/multi/net_resnet34_painting
saving model
T painting Ep: 14600 lr0.005090948100653781 	 Loss Class: 0.048910 RotLab: 0.0013739863643422723 Ent: 0.27428075671195984 RotUnl: 0.2475392073392868 

T painting Ep: 14700 lr0.0050754819199428855 	 Loss Class: 0.045736 RotLab: 0.0006752411718480289 Ent: 0.2683265805244446 RotUnl: 0.048882853239774704 

T painting Ep: 14800 lr0.005060124930725974 	 Loss Class: 0.080897 RotLab: 0.0027642250061035156 Ent: 0.21101884543895721 RotUnl: 0.09938365966081619 

T painting Ep: 14900 lr0.00504487592646567 	 Loss Class: 0.055734 RotLab: 0.0005718072061426938 Ent: 0.2648540437221527 RotUnl: 0.2917765974998474 

T painting Ep: 15000 lr0.005029733718731741 	 Loss Class: 0.051821 RotLab: 0.00044365724897943437 Ent: 0.27780863642692566 RotUnl: 0.05213630199432373 

\Target: Average loss: 3.9363, Accuracy: 10818/31104 F1 (34%)

\Rotation: Average loss: 0.1045, Accuracy: 29926/31104 F1 (96%)

best acc class 34.780093
record record/multi/net_resnet34_painting
saving model
T painting Ep: 15100 lr0.005014697136858264 	 Loss Class: 0.050574 RotLab: 0.00086919468594715 Ent: 0.26861342787742615 RotUnl: 0.041735563427209854 

T painting Ep: 15200 lr0.004999765027608607 	 Loss Class: 0.078655 RotLab: 0.00039893388748168945 Ent: 0.2211758941411972 RotUnl: 0.07095708698034286 

T painting Ep: 15300 lr0.004984936254848047 	 Loss Class: 0.062696 RotLab: 0.0019522706279531121 Ent: 0.2895919382572174 RotUnl: 0.18615436553955078 

T painting Ep: 15400 lr0.004970209699223787 	 Loss Class: 0.064940 RotLab: 0.003156224964186549 Ent: 0.28132590651512146 RotUnl: 0.12788145244121552 

T painting Ep: 15500 lr0.0049555842578521995 	 Loss Class: 0.071706 RotLab: 0.03638601303100586 Ent: 0.25475797057151794 RotUnl: 0.13982151448726654 

\Target: Average loss: 3.8910, Accuracy: 10915/31104 F1 (35%)

\Rotation: Average loss: 0.1111, Accuracy: 29822/31104 F1 (95%)

best acc class 35.091950
record record/multi/net_resnet34_painting
saving model
T painting Ep: 15600 lr0.004941058844013093 	 Loss Class: 0.043556 RotLab: 0.004275461193174124 Ent: 0.25655409693717957 RotUnl: 0.06840554624795914 

T painting Ep: 15700 lr0.004926632386850831 	 Loss Class: 0.065683 RotLab: 0.014923115260899067 Ent: 0.27128931879997253 RotUnl: 0.11555704474449158 

T painting Ep: 15800 lr0.004912303831082109 	 Loss Class: 0.051481 RotLab: 0.0006811221246607602 Ent: 0.26258379220962524 RotUnl: 0.1342124491930008 

T painting Ep: 15900 lr0.004898072136710217 	 Loss Class: 0.062039 RotLab: 0.0004168351588305086 Ent: 0.242943674325943 RotUnl: 0.11719901114702225 

T painting Ep: 16000 lr0.004883936278745637 	 Loss Class: 0.083452 RotLab: 0.004387915134429932 Ent: 0.2562858760356903 RotUnl: 0.10673049837350845 

\Target: Average loss: 3.9323, Accuracy: 10906/31104 F1 (35%)

\Rotation: Average loss: 0.1043, Accuracy: 29918/31104 F1 (96%)

best acc class 35.091950
record record/multi/net_resnet34_painting
saving model
T painting Ep: 16100 lr0.004869895246932789 	 Loss Class: 0.061424 RotLab: 0.0005130767822265625 Ent: 0.27044036984443665 RotUnl: 0.19133774936199188 

T painting Ep: 16200 lr0.004855948045482784 	 Loss Class: 0.053623 RotLab: 0.0009875893592834473 Ent: 0.2622615396976471 RotUnl: 0.2308446168899536 

T painting Ep: 16300 lr0.004842093692812012 	 Loss Class: 0.060362 RotLab: 0.0005874435300938785 Ent: 0.2543281018733978 RotUnl: 0.019308408722281456 

T painting Ep: 16400 lr0.004828331221286437 	 Loss Class: 0.059322 RotLab: 0.0006186167593114078 Ent: 0.2663259208202362 RotUnl: 0.16214121878147125 

T painting Ep: 16500 lr0.004814659676971443 	 Loss Class: 0.057101 RotLab: 0.001013378263451159 Ent: 0.2415897101163864 RotUnl: 0.18432003259658813 

\Target: Average loss: 3.9365, Accuracy: 10870/31104 F1 (34%)

\Rotation: Average loss: 0.1100, Accuracy: 29870/31104 F1 (96%)

best acc class 35.091950
record record/multi/net_resnet34_painting
saving model
T painting Ep: 16600 lr0.004801078119387078 	 Loss Class: 0.064816 RotLab: 0.0004913409356959164 Ent: 0.24496428668498993 RotUnl: 0.07770887762308121 

T painting Ep: 16700 lr0.004787585621268585 	 Loss Class: 0.072343 RotLab: 0.0012390812626108527 Ent: 0.2462605983018875 RotUnl: 0.20081619918346405 

T painting Ep: 16800 lr0.0047741812683320655 	 Loss Class: 0.036748 RotLab: 0.0033068060874938965 Ent: 0.2693021297454834 RotUnl: 0.07174725830554962 

T painting Ep: 16900 lr0.004760864159045157 	 Loss Class: 0.073936 RotLab: 0.002872864482924342 Ent: 0.25725483894348145 RotUnl: 0.028252899646759033 

T painting Ep: 17000 lr0.0047476334044026 	 Loss Class: 0.063763 RotLab: 0.0034014880657196045 Ent: 0.28076133131980896 RotUnl: 0.06968921422958374 

\Target: Average loss: 3.9392, Accuracy: 10885/31104 F1 (34%)

\Rotation: Average loss: 0.0946, Accuracy: 30027/31104 F1 (96%)

best acc class 35.091950
record record/multi/net_resnet34_painting
saving model
T painting Ep: 17100 lr0.004734488127706559 	 Loss Class: 0.041439 RotLab: 0.00030128160142339766 Ent: 0.29212328791618347 RotUnl: 0.12517355382442474 

T painting Ep: 17200 lr0.004721427464351597 	 Loss Class: 0.055362 RotLab: 0.002229372737929225 Ent: 0.2413228303194046 RotUnl: 0.1936618536710739 

T painting Ep: 17300 lr0.004708450561614184 	 Loss Class: 0.070913 RotLab: 0.00047608217573724687 Ent: 0.2724204659461975 RotUnl: 0.05054076388478279 

T painting Ep: 17400 lr0.004695556578446619 	 Loss Class: 0.054690 RotLab: 0.0012609759578481317 Ent: 0.2737577557563782 RotUnl: 0.18908441066741943 

T painting Ep: 17500 lr0.004682744685275263 	 Loss Class: 0.069504 RotLab: 0.005324502941220999 Ent: 0.24442867934703827 RotUnl: 0.06451563537120819 

\Target: Average loss: 3.9771, Accuracy: 10928/31104 F1 (35%)

\Rotation: Average loss: 0.0870, Accuracy: 30112/31104 F1 (96%)

best acc class 35.133745
record record/multi/net_resnet34_painting
saving model
T painting Ep: 17600 lr0.004670014063802979 	 Loss Class: 0.060496 RotLab: 0.0038544137496501207 Ent: 0.25223827362060547 RotUnl: 0.11817605048418045 

T painting Ep: 17700 lr0.004657363906815676 	 Loss Class: 0.077981 RotLab: 0.0007791121606715024 Ent: 0.2438180297613144 RotUnl: 0.05342203378677368 

T painting Ep: 17800 lr0.004644793417992855 	 Loss Class: 0.051602 RotLab: 0.0002554257807787508 Ent: 0.26118192076683044 RotUnl: 0.10435018688440323 

T painting Ep: 17900 lr0.004632301811722062 	 Loss Class: 0.058631 RotLab: 0.00021676222968380898 Ent: 0.23757894337177277 RotUnl: 0.0795849934220314 

T painting Ep: 18000 lr0.004619888312917149 	 Loss Class: 0.060278 RotLab: 0.0008352994918823242 Ent: 0.2399919331073761 RotUnl: 0.06056800112128258 

\Target: Average loss: 3.9651, Accuracy: 10955/31104 F1 (35%)

\Rotation: Average loss: 0.0872, Accuracy: 30115/31104 F1 (96%)

best acc class 35.220550
record record/multi/net_resnet34_painting
saving model
T painting Ep: 18100 lr0.00460755215684026 	 Loss Class: 0.069247 RotLab: 0.001625319360755384 Ent: 0.26397019624710083 RotUnl: 0.16454872488975525 

T painting Ep: 18200 lr0.00459529258892745 	 Loss Class: 0.038334 RotLab: 0.0003606875834520906 Ent: 0.24098272621631622 RotUnl: 0.029093937948346138 

T painting Ep: 18300 lr0.004583108864617844 	 Loss Class: 0.049440 RotLab: 0.0006936192512512207 Ent: 0.2574087083339691 RotUnl: 0.06298418343067169 

T painting Ep: 18400 lr0.0045710002491862545 	 Loss Class: 0.056780 RotLab: 0.0002903541026171297 Ent: 0.2400200366973877 RotUnl: 0.03800756856799126 

T painting Ep: 18500 lr0.0045589660175791875 	 Loss Class: 0.060107 RotLab: 0.006519874092191458 Ent: 0.27300938963890076 RotUnl: 0.05081416666507721 

\Target: Average loss: 3.9723, Accuracy: 10963/31104 F1 (35%)

\Rotation: Average loss: 0.0923, Accuracy: 30054/31104 F1 (96%)

best acc class 35.246271
record record/multi/net_resnet34_painting
saving model
T painting Ep: 18600 lr0.004547005454254138 	 Loss Class: 0.040962 RotLab: 0.00023178260016720742 Ent: 0.2904529571533203 RotUnl: 0.04310697317123413 

T painting Ep: 18700 lr0.004535117853022106 	 Loss Class: 0.063861 RotLab: 0.0029118459206074476 Ent: 0.23987770080566406 RotUnl: 0.23404037952423096 

T painting Ep: 18800 lr0.004523302516893268 	 Loss Class: 0.089163 RotLab: 0.0016277035465463996 Ent: 0.26025769114494324 RotUnl: 0.03903762623667717 

T painting Ep: 18900 lr0.004511558757925708 	 Loss Class: 0.052961 RotLab: 0.0002365906984778121 Ent: 0.2610667645931244 RotUnl: 0.14482663571834564 

T painting Ep: 19000 lr0.004499885897077159 	 Loss Class: 0.054549 RotLab: 0.0008432467584498227 Ent: 0.22987528145313263 RotUnl: 0.05234252288937569 

\Target: Average loss: 3.9864, Accuracy: 10943/31104 F1 (35%)

\Rotation: Average loss: 0.0814, Accuracy: 30209/31104 F1 (97%)

best acc class 35.246271
record record/multi/net_resnet34_painting
saving model
T painting Ep: 19100 lr0.004488283264059669 	 Loss Class: 0.063932 RotLab: 0.00041075548506341875 Ent: 0.24747823178768158 RotUnl: 0.0703619197010994 

T painting Ep: 19200 lr0.004476750197197131 	 Loss Class: 0.044172 RotLab: 0.00041327872895635664 Ent: 0.23756878077983856 RotUnl: 0.03946547582745552 

T painting Ep: 19300 lr0.004465286043285614 	 Loss Class: 0.073636 RotLab: 0.0012820959091186523 Ent: 0.25360536575317383 RotUnl: 0.024268290027976036 

T painting Ep: 19400 lr0.004453890157456425 	 Loss Class: 0.050702 RotLab: 0.00018209218978881836 Ent: 0.2328166961669922 RotUnl: 0.047822754830121994 

T painting Ep: 19500 lr0.004442561903041838 	 Loss Class: 0.048899 RotLab: 0.0020999114494770765 Ent: 0.2480613738298416 RotUnl: 0.03931441158056259 

\Target: Average loss: 4.0085, Accuracy: 11006/31104 F1 (35%)

\Rotation: Average loss: 0.0790, Accuracy: 30248/31104 F1 (97%)

best acc class 35.384516
record record/multi/net_resnet34_painting
saving model
T painting Ep: 19600 lr0.004431300651443432 	 Loss Class: 0.074887 RotLab: 0.0009142954950220883 Ent: 0.2319624423980713 RotUnl: 0.026564842090010643 

T painting Ep: 19700 lr0.004420105782002992 	 Loss Class: 0.059820 RotLab: 0.0011020898818969727 Ent: 0.226533442735672 RotUnl: 0.28468993306159973 

T painting Ep: 19800 lr0.004408976681875879 	 Loss Class: 0.077683 RotLab: 0.0018162528285756707 Ent: 0.22966742515563965 RotUnl: 0.035746049135923386 

T painting Ep: 19900 lr0.004397912745906863 	 Loss Class: 0.029423 RotLab: 0.007140696048736572 Ent: 0.26827114820480347 RotUnl: 0.03508742153644562 

T painting Ep: 20000 lr0.004386913376508308 	 Loss Class: 0.041823 RotLab: 0.0017527142772451043 Ent: 0.2356100082397461 RotUnl: 0.17537714540958405 

\Target: Average loss: 3.9942, Accuracy: 11127/31104 F1 (35%)

\Rotation: Average loss: 0.0732, Accuracy: 30298/31104 F1 (97%)

best acc class 35.773534
record record/multi/net_resnet34_painting
saving model
T painting Ep: 20100 lr0.004375977983540715 	 Loss Class: 0.060692 RotLab: 0.0006915529374964535 Ent: 0.20643572509288788 RotUnl: 0.20856334269046783 

T painting Ep: 20200 lr0.004365105984195512 	 Loss Class: 0.037876 RotLab: 0.00013925631355959922 Ent: 0.2166457623243332 RotUnl: 0.09999055415391922 

T painting Ep: 20300 lr0.004354296802880095 	 Loss Class: 0.050565 RotLab: 0.01238886546343565 Ent: 0.23973985016345978 RotUnl: 0.0768260732293129 

T painting Ep: 20400 lr0.004343549871105023 	 Loss Class: 0.068209 RotLab: 0.0018221735954284668 Ent: 0.26256951689720154 RotUnl: 0.12807880342006683 

T painting Ep: 20500 lr0.0043328646273733526 	 Loss Class: 0.065331 RotLab: 0.0032799839973449707 Ent: 0.23090258240699768 RotUnl: 0.13885433971881866 

\Target: Average loss: 4.0186, Accuracy: 11070/31104 F1 (35%)

\Rotation: Average loss: 0.0747, Accuracy: 30282/31104 F1 (97%)

best acc class 35.773534
record record/multi/net_resnet34_painting
saving model
T painting Ep: 20600 lr0.00432224051707205 	 Loss Class: 0.058090 RotLab: 0.0007034540176391602 Ent: 0.25876346230506897 RotUnl: 0.038866445422172546 

T painting Ep: 20700 lr0.0043116769923654385 	 Loss Class: 0.061427 RotLab: 0.0002723733487073332 Ent: 0.28565099835395813 RotUnl: 0.005494078155606985 

T painting Ep: 20800 lr0.004301173512090631 	 Loss Class: 0.077556 RotLab: 0.0004069805145263672 Ent: 0.24815285205841064 RotUnl: 0.04007801041007042 

T painting Ep: 20900 lr0.004290729541654919 	 Loss Class: 0.064387 RotLab: 0.0008469223976135254 Ent: 0.22340384125709534 RotUnl: 0.13148827850818634 

T painting Ep: 21000 lr0.0042803445529350555 	 Loss Class: 0.048462 RotLab: 0.003920773509889841 Ent: 0.2292252629995346 RotUnl: 0.08405151963233948 

\Target: Average loss: 4.0432, Accuracy: 10958/31104 F1 (35%)

\Rotation: Average loss: 0.0659, Accuracy: 30405/31104 F1 (97%)

best acc class 35.773534
record record/multi/net_resnet34_painting
saving model
T painting Ep: 21100 lr0.0042700180241784045 	 Loss Class: 0.056468 RotLab: 0.0018704930553212762 Ent: 0.22323112189769745 RotUnl: 0.11099956184625626 

T painting Ep: 21200 lr0.004259749439905917 	 Loss Class: 0.051261 RotLab: 0.0009256998891942203 Ent: 0.21955223381519318 RotUnl: 0.2224343866109848 

T painting Ep: 21300 lr0.004249538290816886 	 Loss Class: 0.046872 RotLab: 0.0007195472717285156 Ent: 0.23202235996723175 RotUnl: 0.18922577798366547 

T painting Ep: 21400 lr0.004239384073695442 	 Loss Class: 0.076670 RotLab: 0.0007537801866419613 Ent: 0.2313777059316635 RotUnl: 0.15925921499729156 

T painting Ep: 21500 lr0.004229286291318768 	 Loss Class: 0.036011 RotLab: 0.0003181497158948332 Ent: 0.2246772050857544 RotUnl: 0.01873181015253067 

\Target: Average loss: 4.0200, Accuracy: 11023/31104 F1 (35%)

\Rotation: Average loss: 0.0629, Accuracy: 30400/31104 F1 (97%)

best acc class 35.773534
record record/multi/net_resnet34_painting
saving model
T painting Ep: 21600 lr0.004219244452366975 	 Loss Class: 0.078304 RotLab: 0.0007398724555969238 Ent: 0.2336478978395462 RotUnl: 0.012819111347198486 

T painting Ep: 21700 lr0.004209258071334615 	 Loss Class: 0.056053 RotLab: 0.0002712210116442293 Ent: 0.23964853584766388 RotUnl: 0.07890213280916214 

T painting Ep: 21800 lr0.004199326668443797 	 Loss Class: 0.088760 RotLab: 0.00034256777144037187 Ent: 0.24096821248531342 RotUnl: 0.0502518005669117 

T painting Ep: 21900 lr0.004189449769558871 	 Loss Class: 0.077181 RotLab: 0.0019395550480112433 Ent: 0.25718066096305847 RotUnl: 0.07088905572891235 

T painting Ep: 22000 lr0.004179626906102638 	 Loss Class: 0.078500 RotLab: 0.00012546777725219727 Ent: 0.22507686913013458 RotUnl: 0.1539357751607895 

\Target: Average loss: 4.0468, Accuracy: 11076/31104 F1 (35%)

\Rotation: Average loss: 0.0645, Accuracy: 30394/31104 F1 (97%)

best acc class 35.773534
record record/multi/net_resnet34_painting
saving model
T painting Ep: 22100 lr0.004169857614974071 	 Loss Class: 0.056703 RotLab: 0.00017511844635009766 Ent: 0.2510896921157837 RotUnl: 0.018527016043663025 

T painting Ep: 22200 lr0.004160141438467499 	 Loss Class: 0.050870 RotLab: 0.0014339685440063477 Ent: 0.20291443169116974 RotUnl: 0.10059001296758652 

T painting Ep: 22300 lr0.004150477924193236 	 Loss Class: 0.056613 RotLab: 0.00018588702369015664 Ent: 0.26116880774497986 RotUnl: 0.11330339312553406 

T painting Ep: 22400 lr0.00414086662499961 	 Loss Class: 0.048342 RotLab: 0.0002744992671068758 Ent: 0.25751611590385437 RotUnl: 0.0385785810649395 

T painting Ep: 22500 lr0.004131307098896385 	 Loss Class: 0.053735 RotLab: 0.00038345655775628984 Ent: 0.24535708129405975 RotUnl: 0.13006940484046936 

\Target: Average loss: 4.0608, Accuracy: 11074/31104 F1 (35%)

\Rotation: Average loss: 0.0673, Accuracy: 30369/31104 F1 (97%)

best acc class 35.773534
record record/multi/net_resnet34_painting
saving model
T painting Ep: 22600 lr0.0041217989089795196 	 Loss Class: 0.097193 RotLab: 0.00029772520065307617 Ent: 0.24040603637695312 RotUnl: 0.086658775806427 

T painting Ep: 22700 lr0.004112341623357265 	 Loss Class: 0.053722 RotLab: 0.0042584738694131374 Ent: 0.21536612510681152 RotUnl: 0.11853065341711044 

T painting Ep: 22800 lr0.004102934815077543 	 Loss Class: 0.076511 RotLab: 0.005290985107421875 Ent: 0.22357873618602753 RotUnl: 0.10446181893348694 

T painting Ep: 22900 lr0.004093578062056604 	 Loss Class: 0.041642 RotLab: 0.0002862612309399992 Ent: 0.2633497416973114 RotUnl: 0.19479022920131683 

T painting Ep: 23000 lr0.00408427094700893 	 Loss Class: 0.068641 RotLab: 0.003179311752319336 Ent: 0.20154905319213867 RotUnl: 0.055363740772008896 

\Target: Average loss: 4.0606, Accuracy: 11091/31104 F1 (35%)

Exception ignored in: <function _DataLoaderIter.__del__ at 0x7f3de716e290>
Traceback (most recent call last):
  File "/home/megh/anaconda3/envs/ssal/lib/python3.7/site-packages/torch/utils/data/dataloader.py", line 399, in __del__
    self._shutdown_workers()
  File "/home/megh/anaconda3/envs/ssal/lib/python3.7/site-packages/torch/utils/data/dataloader.py", line 378, in _shutdown_workers
    self.worker_result_queue.get()
  File "/home/megh/anaconda3/envs/ssal/lib/python3.7/multiprocessing/queues.py", line 354, in get
    return _ForkingPickler.loads(res)
  File "/home/megh/anaconda3/envs/ssal/lib/python3.7/site-packages/torch/multiprocessing/reductions.py", line 151, in rebuild_storage_fd
    fd = df.detach()
  File "/home/megh/anaconda3/envs/ssal/lib/python3.7/multiprocessing/resource_sharer.py", line 58, in detach
    return reduction.recv_handle(conn)
  File "/home/megh/anaconda3/envs/ssal/lib/python3.7/multiprocessing/reduction.py", line 185, in recv_handle
    return recvfds(s, 1)[0]
  File "/home/megh/anaconda3/envs/ssal/lib/python3.7/multiprocessing/reduction.py", line 153, in recvfds
    msg, ancdata, flags, addr = sock.recvmsg(1, socket.CMSG_SPACE(bytes_size))
ConnectionResetError: [Errno 104] Connection reset by peer
\Rotation: Average loss: 0.0624, Accuracy: 30422/31104 F1 (97%)

