Dataset multi Target painting Network resnet34 Num per class 3
126 classes in this dataset
THCudaCheck FAIL file=/opt/conda/conda-bld/pytorch_1535493744281/work/aten/src/THC/THCGeneral.cpp line=663 error=11 : invalid argument
T painting Ep: 0 lr0.01 	 Loss Class: 4.927826 RotLab: 1.780021071434021 Ent: 0.47145017981529236 RotUnl: 1.780021071434021 

T painting Ep: 100 lr0.009925650290240803 	 Loss Class: 0.366134 RotLab: 0.6044383645057678 Ent: 0.14210818707942963 RotUnl: 0.6044383645057678 

T painting Ep: 200 lr0.009852577760521605 	 Loss Class: 0.109800 RotLab: 0.5277988314628601 Ent: 0.05975819751620293 RotUnl: 0.5277988314628601 

T painting Ep: 300 lr0.009780748269686728 	 Loss Class: 0.061756 RotLab: 0.28780344128608704 Ent: 0.040382977575063705 RotUnl: 0.28780344128608704 

T painting Ep: 400 lr0.009710128909124701 	 Loss Class: 0.050769 RotLab: 0.11254257708787918 Ent: 0.03552413731813431 RotUnl: 0.11254257708787918 

T painting Ep: 500 lr0.00964068794694323 	 Loss Class: 0.026004 RotLab: 0.05308796092867851 Ent: 0.02016347087919712 RotUnl: 0.05308796092867851 

\Target: Average loss: 3.5194, Accuracy: 8164/31104 F1 (26%)

\Rotation: Average loss: 0.9036, Accuracy: 20296/31104 F1 (65%)

best acc class 26.247428
record record/multi/net_resnet34_painting
saving model
T painting Ep: 600 lr0.00957239477517603 	 Loss Class: 0.042293 RotLab: 0.07737985998392105 Ent: 0.02951149083673954 RotUnl: 0.07737985998392105 

T painting Ep: 700 lr0.009505219859830012 	 Loss Class: 0.060326 RotLab: 0.026129186153411865 Ent: 0.037306107580661774 RotUnl: 0.026129186153411865 

T painting Ep: 800 lr0.009439134693595126 	 Loss Class: 0.022137 RotLab: 0.04514677822589874 Ent: 0.016074374318122864 RotUnl: 0.04514677822589874 

T painting Ep: 900 lr0.009374111751051751 	 Loss Class: 0.019644 RotLab: 0.01851763390004635 Ent: 0.015616227872669697 RotUnl: 0.01851763390004635 

T painting Ep: 1000 lr0.009310124446222227 	 Loss Class: 0.017891 RotLab: 0.012826849706470966 Ent: 0.014554562047123909 RotUnl: 0.012826849706470966 

\Target: Average loss: 3.5444, Accuracy: 8243/31104 F1 (26%)

\Rotation: Average loss: 0.9822, Accuracy: 20696/31104 F1 (66%)

best acc class 26.501415
record record/multi/net_resnet34_painting
saving model
T painting Ep: 1100 lr0.00924714709232377 	 Loss Class: 0.014497 RotLab: 0.012989361770451069 Ent: 0.011888276785612106 RotUnl: 0.012989361770451069 

T painting Ep: 1200 lr0.009185154863590003 	 Loss Class: 0.013276 RotLab: 0.0867023691534996 Ent: 0.01136349979788065 RotUnl: 0.0867023691534996 

T painting Ep: 1300 lr0.00912412375903735 	 Loss Class: 0.018010 RotLab: 0.005203952547162771 Ent: 0.01440895814448595 RotUnl: 0.005203952547162771 

T painting Ep: 1400 lr0.009064030568061049 	 Loss Class: 0.013611 RotLab: 0.003215610980987549 Ent: 0.011369876563549042 RotUnl: 0.003215610980987549 

T painting Ep: 1500 lr0.009004852837753237 	 Loss Class: 0.014826 RotLab: 0.007220874074846506 Ent: 0.011977880261838436 RotUnl: 0.007220874074846506 

\Target: Average loss: 3.5293, Accuracy: 8444/31104 F1 (27%)

\Rotation: Average loss: 1.0225, Accuracy: 20976/31104 F1 (67%)

best acc class 27.147634
record record/multi/net_resnet34_painting
saving model
T painting Ep: 1600 lr0.008946568841842816 	 Loss Class: 0.011658 RotLab: 0.0046520233154296875 Ent: 0.009939409792423248 RotUnl: 0.0046520233154296875 

T painting Ep: 1700 lr0.008889157551163433 	 Loss Class: 0.013750 RotLab: 0.009773045778274536 Ent: 0.011284958571195602 RotUnl: 0.009773045778274536 

T painting Ep: 1800 lr0.008832598605562044 	 Loss Class: 0.011648 RotLab: 0.01983826421201229 Ent: 0.009912190027534962 RotUnl: 0.01983826421201229 

T painting Ep: 1900 lr0.008776872287166303 	 Loss Class: 0.012647 RotLab: 0.0041802325285971165 Ent: 0.010755295865237713 RotUnl: 0.0041802325285971165 

T painting Ep: 2000 lr0.008721959494934213 	 Loss Class: 0.013200 RotLab: 0.020001420751214027 Ent: 0.011369106359779835 RotUnl: 0.020001420751214027 

\Target: Average loss: 3.5594, Accuracy: 8436/31104 F1 (27%)

\Rotation: Average loss: 1.1053, Accuracy: 20711/31104 F1 (66%)

best acc class 27.147634
record record/multi/net_resnet34_painting
saving model
T painting Ep: 2100 lr0.008667841720414475 	 Loss Class: 0.012066 RotLab: 0.004813641309738159 Ent: 0.009948506020009518 RotUnl: 0.004813641309738159 

T painting Ep: 2200 lr0.008614501024650454 	 Loss Class: 0.010373 RotLab: 0.0033727686386555433 Ent: 0.009226302616298199 RotUnl: 0.0033727686386555433 

T painting Ep: 2300 lr0.008561920016164943 	 Loss Class: 0.010186 RotLab: 0.03612310811877251 Ent: 0.008874168619513512 RotUnl: 0.03612310811877251 

T painting Ep: 2400 lr0.008510081829966844 	 Loss Class: 0.008069 RotLab: 0.001021265983581543 Ent: 0.007383598480373621 RotUnl: 0.001021265983581543 

T painting Ep: 2500 lr0.008458970107524513 	 Loss Class: 0.018801 RotLab: 0.013102133758366108 Ent: 0.013066167011857033 RotUnl: 0.013102133758366108 

\Target: Average loss: 3.5161, Accuracy: 8543/31104 F1 (27%)

\Rotation: Average loss: 1.1466, Accuracy: 20719/31104 F1 (66%)

best acc class 27.465921
record record/multi/net_resnet34_painting
saving model
T painting Ep: 2600 lr0.008408568977653933 	 Loss Class: 0.008697 RotLab: 0.06505683064460754 Ent: 0.007896739058196545 RotUnl: 0.06505683064460754 

T painting Ep: 2700 lr0.00835886303827305 	 Loss Class: 0.008909 RotLab: 0.007137387990951538 Ent: 0.008122047409415245 RotUnl: 0.007137387990951538 

T painting Ep: 2800 lr0.008309837338976545 	 Loss Class: 0.011566 RotLab: 0.0014661550521850586 Ent: 0.009990225546061993 RotUnl: 0.0014661550521850586 

T painting Ep: 2900 lr0.008261477364388068 	 Loss Class: 0.011399 RotLab: 0.019481748342514038 Ent: 0.009675726294517517 RotUnl: 0.019481748342514038 

T painting Ep: 3000 lr0.008213769018249545 	 Loss Class: 0.008998 RotLab: 0.003210644004866481 Ent: 0.008128571324050426 RotUnl: 0.003210644004866481 

\Target: Average loss: 3.5178, Accuracy: 8521/31104 F1 (27%)

\Rotation: Average loss: 1.1016, Accuracy: 20895/31104 F1 (67%)

best acc class 27.465921
record record/multi/net_resnet34_painting
saving model
T painting Ep: 3100 lr0.008166698608209509 	 Loss Class: 0.009348 RotLab: 0.0014091730117797852 Ent: 0.00833086296916008 RotUnl: 0.0014091730117797852 

T painting Ep: 3200 lr0.008120252831274708 	 Loss Class: 0.009885 RotLab: 0.0013811588287353516 Ent: 0.008820398710668087 RotUnl: 0.0013811588287353516 

T painting Ep: 3300 lr0.008074418759891278 	 Loss Class: 0.009410 RotLab: 0.0010486245155334473 Ent: 0.008159873075783253 RotUnl: 0.0010486245155334473 

T painting Ep: 3400 lr0.008029183828623731 	 Loss Class: 0.008382 RotLab: 0.002853472949936986 Ent: 0.007584147155284882 RotUnl: 0.002853472949936986 

T painting Ep: 3500 lr0.007984535821401871 	 Loss Class: 0.009198 RotLab: 0.0007660786504857242 Ent: 0.008171615190804005 RotUnl: 0.0007660786504857242 

\Target: Average loss: 3.5119, Accuracy: 8518/31104 F1 (27%)

\Rotation: Average loss: 1.0866, Accuracy: 21014/31104 F1 (67%)

best acc class 27.465921
record record/multi/net_resnet34_painting
saving model
T painting Ep: 3600 lr0.007940462859307384 	 Loss Class: 0.007273 RotLab: 0.001471102237701416 Ent: 0.006788587663322687 RotUnl: 0.001471102237701416 

T painting Ep: 3700 lr0.007896953388873518 	 Loss Class: 0.012991 RotLab: 0.007499168161302805 Ent: 0.011143523268401623 RotUnl: 0.007499168161302805 

T painting Ep: 3800 lr0.007853996170872714 	 Loss Class: 0.006288 RotLab: 0.0010311404475942254 Ent: 0.006068182177841663 RotUnl: 0.0010311404475942254 

T painting Ep: 3900 lr0.00781158026956848 	 Loss Class: 0.007761 RotLab: 0.002567033050581813 Ent: 0.007138777524232864 RotUnl: 0.002567033050581813 

T painting Ep: 4000 lr0.007769695042409123 	 Loss Class: 0.008167 RotLab: 0.007666925434023142 Ent: 0.007608732674270868 RotUnl: 0.007666925434023142 

\Target: Average loss: 3.4993, Accuracy: 8618/31104 F1 (27%)

\Rotation: Average loss: 1.1379, Accuracy: 20813/31104 F1 (66%)

best acc class 27.707047
record record/multi/net_resnet34_painting
saving model
T painting Ep: 4100 lr0.007728330130142108 	 Loss Class: 0.006592 RotLab: 0.0021203358191996813 Ent: 0.006207164376974106 RotUnl: 0.0021203358191996813 

T painting Ep: 4200 lr0.007687475447329114 	 Loss Class: 0.009738 RotLab: 0.005481074098497629 Ent: 0.008557415567338467 RotUnl: 0.005481074098497629 

T painting Ep: 4300 lr0.0076471211732427845 	 Loss Class: 0.008776 RotLab: 0.011004318483173847 Ent: 0.008068856783211231 RotUnl: 0.011004318483173847 

T painting Ep: 4400 lr0.007607257743127307 	 Loss Class: 0.011151 RotLab: 0.009639243595302105 Ent: 0.009722799062728882 RotUnl: 0.009639243595302105 

T painting Ep: 4500 lr0.007567875839805858 	 Loss Class: 0.014395 RotLab: 0.009052534587681293 Ent: 0.012049882672727108 RotUnl: 0.009052534587681293 

\Target: Average loss: 3.4805, Accuracy: 8710/31104 F1 (28%)

\Rotation: Average loss: 1.1313, Accuracy: 20797/31104 F1 (66%)

best acc class 28.002829
record record/multi/net_resnet34_painting
saving model
T painting Ep: 4600 lr0.007528966385618854 	 Loss Class: 0.007186 RotLab: 0.0016196072101593018 Ent: 0.006749190390110016 RotUnl: 0.0016196072101593018 

T painting Ep: 4700 lr0.007490520534677821 	 Loss Class: 0.007120 RotLab: 0.0017490783939138055 Ent: 0.006732593756169081 RotUnl: 0.0017490783939138055 

T painting Ep: 4800 lr0.007452529665420465 	 Loss Class: 0.007269 RotLab: 0.0015687346458435059 Ent: 0.006831252481788397 RotUnl: 0.0015687346458435059 

T painting Ep: 4900 lr0.007414985373453289 	 Loss Class: 0.007715 RotLab: 0.0009582440252415836 Ent: 0.007221734616905451 RotUnl: 0.0009582440252415836 

T painting Ep: 5000 lr0.007377879464668811 	 Loss Class: 0.006155 RotLab: 0.00122104084584862 Ent: 0.005891476757824421 RotUnl: 0.00122104084584862 

\Target: Average loss: 3.4747, Accuracy: 8726/31104 F1 (28%)

\Rotation: Average loss: 1.1166, Accuracy: 20953/31104 F1 (67%)

best acc class 28.054270
record record/multi/net_resnet34_painting
saving model
T painting Ep: 5100 lr0.007341203948625087 	 Loss Class: 0.008401 RotLab: 0.0006210803985595703 Ent: 0.007767237722873688 RotUnl: 0.0006210803985595703 

T painting Ep: 5200 lr0.007304951032175895 	 Loss Class: 0.008306 RotLab: 0.0009653170709498227 Ent: 0.007622892502695322 RotUnl: 0.0009653170709498227 

T painting Ep: 5300 lr0.007269113113340497 	 Loss Class: 0.009962 RotLab: 0.0019412437686696649 Ent: 0.00903121754527092 RotUnl: 0.0019412437686696649 

T painting Ep: 5400 lr0.007233682775402483 	 Loss Class: 0.008607 RotLab: 0.0014892021426931024 Ent: 0.008082672022283077 RotUnl: 0.0014892021426931024 

T painting Ep: 5500 lr0.007198652781227704 	 Loss Class: 0.007848 RotLab: 0.00229789805598557 Ent: 0.0074135917238891125 RotUnl: 0.00229789805598557 

\Target: Average loss: 3.4470, Accuracy: 8787/31104 F1 (28%)

\Rotation: Average loss: 1.1084, Accuracy: 20965/31104 F1 (67%)

best acc class 28.250386
record record/multi/net_resnet34_painting
saving model
T painting Ep: 5600 lr0.007164016067791809 	 Loss Class: 0.006499 RotLab: 0.0012695392360910773 Ent: 0.0061736940406262875 RotUnl: 0.0012695392360910773 

T painting Ep: 5700 lr0.0071297657409083726 	 Loss Class: 0.008603 RotLab: 0.0006006558542139828 Ent: 0.008030693046748638 RotUnl: 0.0006006558542139828 

T painting Ep: 5800 lr0.0070958950701490225 	 Loss Class: 0.007626 RotLab: 0.0005480448598973453 Ent: 0.0072599067352712154 RotUnl: 0.0005480448598973453 

T painting Ep: 5900 lr0.007062397483947426 	 Loss Class: 0.007058 RotLab: 0.0010741949081420898 Ent: 0.0066549391485750675 RotUnl: 0.0010741949081420898 

T painting Ep: 6000 lr0.007029266564879363 	 Loss Class: 0.013783 RotLab: 0.0005104939336888492 Ent: 0.012010574340820312 RotUnl: 0.0005104939336888492 

\Target: Average loss: 3.4541, Accuracy: 8734/31104 F1 (28%)

\Rotation: Average loss: 1.1532, Accuracy: 20982/31104 F1 (67%)

best acc class 28.250386
record record/multi/net_resnet34_painting
saving model
T painting Ep: 6100 lr0.006996496045111504 	 Loss Class: 0.009962 RotLab: 0.0005309184198267758 Ent: 0.0090304184705019 RotUnl: 0.0005309184198267758 

T painting Ep: 6200 lr0.00696407980201184 	 Loss Class: 0.007564 RotLab: 0.0037518441677093506 Ent: 0.007185382302850485 RotUnl: 0.0037518441677093506 

T painting Ep: 6300 lr0.006932011853915101 	 Loss Class: 0.007287 RotLab: 0.000760495662689209 Ent: 0.0070162611082196236 RotUnl: 0.000760495662689209 

T painting Ep: 6400 lr0.006900286356036734 	 Loss Class: 0.008682 RotLab: 0.0022122561931610107 Ent: 0.008136573247611523 RotUnl: 0.0022122561931610107 

T painting Ep: 6500 lr0.006868897596529406 	 Loss Class: 0.008788 RotLab: 0.00737328315153718 Ent: 0.00817766971886158 RotUnl: 0.00737328315153718 

\Target: Average loss: 3.4529, Accuracy: 8726/31104 F1 (28%)

\Rotation: Average loss: 1.1537, Accuracy: 20961/31104 F1 (67%)

best acc class 28.250386
record record/multi/net_resnet34_painting
saving model
T painting Ep: 6600 lr0.006837839992676177 	 Loss Class: 0.008408 RotLab: 0.00048410892486572266 Ent: 0.00790476705878973 RotUnl: 0.00048410892486572266 

T painting Ep: 6700 lr0.006807108087214876 	 Loss Class: 0.008785 RotLab: 0.015279054641723633 Ent: 0.008162030950188637 RotUnl: 0.015279054641723633 

T painting Ep: 6800 lr0.006776696544788352 	 Loss Class: 0.012444 RotLab: 0.0009451110963709652 Ent: 0.010951673611998558 RotUnl: 0.0009451110963709652 

T painting Ep: 6900 lr0.006746600148515609 	 Loss Class: 0.006852 RotLab: 0.0013107657432556152 Ent: 0.006583355367183685 RotUnl: 0.0013107657432556152 

T painting Ep: 7000 lr0.006716813796678979 	 Loss Class: 0.006933 RotLab: 0.0014425715198740363 Ent: 0.006653453689068556 RotUnl: 0.0014425715198740363 

\Target: Average loss: 3.4173, Accuracy: 8862/31104 F1 (28%)

\Rotation: Average loss: 1.1557, Accuracy: 21084/31104 F1 (67%)

best acc class 28.491512
record record/multi/net_resnet34_painting
saving model
T painting Ep: 7100 lr0.006687332499522798 	 Loss Class: 0.008111 RotLab: 0.002090533496811986 Ent: 0.007719196379184723 RotUnl: 0.002090533496811986 

T painting Ep: 7200 lr0.006658151376159165 	 Loss Class: 0.010263 RotLab: 0.002722610952332616 Ent: 0.009482421912252903 RotUnl: 0.002722610952332616 

T painting Ep: 7300 lr0.00662926565157663 	 Loss Class: 0.009770 RotLab: 0.006704658269882202 Ent: 0.008882694877684116 RotUnl: 0.006704658269882202 

T painting Ep: 7400 lr0.006600670653747793 	 Loss Class: 0.007771 RotLab: 0.0026184518355876207 Ent: 0.007355509791523218 RotUnl: 0.0026184518355876207 

T painting Ep: 7500 lr0.0065723618108320175 	 Loss Class: 0.007579 RotLab: 0.001474579214118421 Ent: 0.007287719752639532 RotUnl: 0.001474579214118421 

\Target: Average loss: 3.4147, Accuracy: 8857/31104 F1 (28%)

\Rotation: Average loss: 1.1319, Accuracy: 21034/31104 F1 (67%)

best acc class 28.491512
record record/multi/net_resnet34_painting
saving model
T painting Ep: 7600 lr0.006544334648469591 	 Loss Class: 0.007566 RotLab: 0.0008238752488978207 Ent: 0.007315794471651316 RotUnl: 0.0008238752488978207 

T painting Ep: 7700 lr0.006516584787163857 	 Loss Class: 0.007361 RotLab: 0.0009308854932896793 Ent: 0.007070291321724653 RotUnl: 0.0009308854932896793 

T painting Ep: 7800 lr0.006489107939747966 	 Loss Class: 0.007338 RotLab: 0.0009224216337315738 Ent: 0.007080423180013895 RotUnl: 0.0009224216337315738 

T painting Ep: 7900 lr0.0064618999089330565 	 Loss Class: 0.006907 RotLab: 0.0007581710815429688 Ent: 0.006665836554020643 RotUnl: 0.0007581710815429688 

T painting Ep: 8000 lr0.006434956584934828 	 Loss Class: 0.008176 RotLab: 0.002170562744140625 Ent: 0.007819556631147861 RotUnl: 0.002170562744140625 

\Target: Average loss: 3.4372, Accuracy: 8778/31104 F1 (28%)

\Rotation: Average loss: 1.1572, Accuracy: 21002/31104 F1 (67%)

best acc class 28.491512
record record/multi/net_resnet34_painting
saving model
T painting Ep: 8100 lr0.006408273943175546 	 Loss Class: 0.009329 RotLab: 0.0004713336529675871 Ent: 0.008786292746663094 RotUnl: 0.0004713336529675871 

T painting Ep: 8200 lr0.006381848042058713 	 Loss Class: 0.010755 RotLab: 0.001404881477355957 Ent: 0.009896509349346161 RotUnl: 0.001404881477355957 

T painting Ep: 8300 lr0.0063556750208137005 	 Loss Class: 0.009144 RotLab: 0.0005564093589782715 Ent: 0.008554543368518353 RotUnl: 0.0005564093589782715 

T painting Ep: 8400 lr0.006329751097407787 	 Loss Class: 0.006869 RotLab: 0.0003016789851244539 Ent: 0.0066760228946805 RotUnl: 0.0003016789851244539 

T painting Ep: 8500 lr0.0063040725665231365 	 Loss Class: 0.008553 RotLab: 0.0008720159530639648 Ent: 0.008072301745414734 RotUnl: 0.0008720159530639648 

\Target: Average loss: 3.4190, Accuracy: 8898/31104 F1 (28%)

\Rotation: Average loss: 1.1429, Accuracy: 20928/31104 F1 (67%)

best acc class 28.607253
record record/multi/net_resnet34_painting
saving model
T painting Ep: 8600 lr0.006278635797596355 	 Loss Class: 0.010240 RotLab: 0.0003101229667663574 Ent: 0.009470827877521515 RotUnl: 0.0003101229667663574 

T painting Ep: 8700 lr0.006253437232918371 	 Loss Class: 0.007971 RotLab: 0.003705352544784546 Ent: 0.0076691643334925175 RotUnl: 0.003705352544784546 

T painting Ep: 8800 lr0.0062284733857924735 	 Loss Class: 0.008960 RotLab: 0.002697775838896632 Ent: 0.008479996584355831 RotUnl: 0.002697775838896632 

T painting Ep: 8900 lr0.006203740838748417 	 Loss Class: 0.008569 RotLab: 0.0007677872781641781 Ent: 0.008055759593844414 RotUnl: 0.0007677872781641781 

T painting Ep: 9000 lr0.006179236241810624 	 Loss Class: 0.009263 RotLab: 0.0012368360767140985 Ent: 0.00880772341042757 RotUnl: 0.0012368360767140985 

\Target: Average loss: 3.4008, Accuracy: 8874/31104 F1 (28%)

\Rotation: Average loss: 1.1993, Accuracy: 20708/31104 F1 (66%)

best acc class 28.607253
record record/multi/net_resnet34_painting
saving model
T painting Ep: 9100 lr0.006154956310818535 	 Loss Class: 0.008877 RotLab: 0.0008714199066162109 Ent: 0.008389419876039028 RotUnl: 0.0008714199066162109 

T painting Ep: 9200 lr0.0061308978257973165 	 Loss Class: 0.008787 RotLab: 0.003560185432434082 Ent: 0.008340149186551571 RotUnl: 0.003560185432434082 

T painting Ep: 9300 lr0.0061070576293771285 	 Loss Class: 0.008793 RotLab: 0.0013413826236501336 Ent: 0.008198796771466732 RotUnl: 0.0013413826236501336 

T painting Ep: 9400 lr0.006083432625259276 	 Loss Class: 0.008173 RotLab: 0.0010784268379211426 Ent: 0.007827439345419407 RotUnl: 0.0010784268379211426 

T painting Ep: 9500 lr0.006060019776727621 	 Loss Class: 0.008908 RotLab: 0.0008732874994166195 Ent: 0.008492414839565754 RotUnl: 0.0008732874994166195 

\Target: Average loss: 3.3953, Accuracy: 8942/31104 F1 (28%)

\Rotation: Average loss: 1.1365, Accuracy: 20947/31104 F1 (67%)

best acc class 28.748714
record record/multi/net_resnet34_painting
saving model
T painting Ep: 9600 lr0.00603681610520369 	 Loss Class: 0.008717 RotLab: 0.00036454200744628906 Ent: 0.008315997198224068 RotUnl: 0.00036454200744628906 

T painting Ep: 9700 lr0.0060138186888439825 	 Loss Class: 0.010569 RotLab: 0.0024925272446125746 Ent: 0.009834636934101582 RotUnl: 0.0024925272446125746 

T painting Ep: 9800 lr0.005991024661178045 	 Loss Class: 0.008444 RotLab: 0.00046791633940301836 Ent: 0.008094124495983124 RotUnl: 0.00046791633940301836 

T painting Ep: 9900 lr0.0059684312097859115 	 Loss Class: 0.009598 RotLab: 0.0018600026378408074 Ent: 0.009109164588153362 RotUnl: 0.0018600026378408074 

T painting Ep: 10000 lr0.005946035575013605 	 Loss Class: 0.009273 RotLab: 0.0006846587057225406 Ent: 0.008773371577262878 RotUnl: 0.0006846587057225406 

\Target: Average loss: 3.4007, Accuracy: 8944/31104 F1 (28%)

\Rotation: Average loss: 1.2039, Accuracy: 20877/31104 F1 (67%)

best acc class 28.755144
record record/multi/net_resnet34_painting
saving model
T painting Ep: 10100 lr0.005923835048725393 	 Loss Class: 0.008734 RotLab: 0.0011355081805959344 Ent: 0.008310046046972275 RotUnl: 0.0011355081805959344 

T painting Ep: 10200 lr0.005901826973091593 	 Loss Class: 0.008479 RotLab: 0.0005014737253077328 Ent: 0.008179058320820332 RotUnl: 0.0005014737253077328 

T painting Ep: 10300 lr0.005880008739410735 	 Loss Class: 0.009325 RotLab: 0.0022255778312683105 Ent: 0.008835709653794765 RotUnl: 0.0022255778312683105 

T painting Ep: 10400 lr0.005858377786964935 	 Loss Class: 0.011513 RotLab: 0.0011428594589233398 Ent: 0.0105802146717906 RotUnl: 0.0011428594589233398 

T painting Ep: 10500 lr0.005836931601907399 	 Loss Class: 0.009201 RotLab: 0.0006991426344029605 Ent: 0.00868820771574974 RotUnl: 0.0006991426344029605 

\Target: Average loss: 3.4169, Accuracy: 8812/31104 F1 (28%)

\Rotation: Average loss: 1.1793, Accuracy: 20820/31104 F1 (66%)

best acc class 28.755144
record record/multi/net_resnet34_painting
saving model
T painting Ep: 10600 lr0.005815667716181004 	 Loss Class: 0.008197 RotLab: 0.0015370448818430305 Ent: 0.007880090735852718 RotUnl: 0.0015370448818430305 

T painting Ep: 10700 lr0.005794583706466925 	 Loss Class: 0.010178 RotLab: 0.002490222454071045 Ent: 0.009588825516402721 RotUnl: 0.002490222454071045 

T painting Ep: 10800 lr0.005773677193162352 	 Loss Class: 0.011033 RotLab: 0.02774292230606079 Ent: 0.01020212471485138 RotUnl: 0.02774292230606079 

T painting Ep: 10900 lr0.005752945839386346 	 Loss Class: 0.008714 RotLab: 0.0004922946100123227 Ent: 0.008334052748978138 RotUnl: 0.0004922946100123227 

T painting Ep: 11000 lr0.005732387350012933 	 Loss Class: 0.008501 RotLab: 0.0004545450210571289 Ent: 0.008191513828933239 RotUnl: 0.0004545450210571289 

\Target: Average loss: 3.3987, Accuracy: 8897/31104 F1 (28%)

\Rotation: Average loss: 1.1874, Accuracy: 20811/31104 F1 (66%)

best acc class 28.755144
record record/multi/net_resnet34_painting
saving model
T painting Ep: 11100 lr0.005711999470730565 	 Loss Class: 0.008219 RotLab: 0.00037876763963140547 Ent: 0.008011476136744022 RotUnl: 0.00037876763963140547 

T painting Ep: 11200 lr0.005691779987127103 	 Loss Class: 0.009498 RotLab: 0.0023741621989756823 Ent: 0.009005849249660969 RotUnl: 0.0023741621989756823 

T painting Ep: 11300 lr0.005671726723799515 	 Loss Class: 0.011160 RotLab: 0.0007295210962183774 Ent: 0.010454261675477028 RotUnl: 0.0007295210962183774 

T painting Ep: 11400 lr0.005651837543487509 	 Loss Class: 0.011692 RotLab: 0.0006920496816746891 Ent: 0.010847530327737331 RotUnl: 0.0006920496816746891 

T painting Ep: 11500 lr0.005632110346230358 	 Loss Class: 0.008866 RotLab: 0.0009765227441675961 Ent: 0.008469360880553722 RotUnl: 0.0009765227441675961 

\Target: Average loss: 3.3990, Accuracy: 8920/31104 F1 (28%)

\Rotation: Average loss: 1.1554, Accuracy: 20884/31104 F1 (67%)

best acc class 28.755144
record record/multi/net_resnet34_painting
saving model
T painting Ep: 11600 lr0.005612543068546177 	 Loss Class: 0.010621 RotLab: 0.00032961368560791016 Ent: 0.009702110663056374 RotUnl: 0.00032961368560791016 

T painting Ep: 11700 lr0.005593133682632953 	 Loss Class: 0.011088 RotLab: 0.0018230279674753547 Ent: 0.010370227508246899 RotUnl: 0.0018230279674753547 

T painting Ep: 11800 lr0.005573880195590681 	 Loss Class: 0.007956 RotLab: 0.00019747018814086914 Ent: 0.007768397219479084 RotUnl: 0.00019747018814086914 

T painting Ep: 11900 lr0.0055547806486639095 	 Loss Class: 0.010611 RotLab: 0.0030482907313853502 Ent: 0.010045447386801243 RotUnl: 0.0030482907313853502 

T painting Ep: 12000 lr0.005535833116504121 	 Loss Class: 0.009815 RotLab: 0.0017082691192626953 Ent: 0.009339398704469204 RotUnl: 0.0017082691192626953 

\Target: Average loss: 3.4038, Accuracy: 8925/31104 F1 (28%)

\Rotation: Average loss: 1.1544, Accuracy: 20854/31104 F1 (67%)

best acc class 28.755144
record record/multi/net_resnet34_painting
saving model
T painting Ep: 12100 lr0.00551703570645129 	 Loss Class: 0.011350 RotLab: 0.0003647804260253906 Ent: 0.010565796867012978 RotUnl: 0.0003647804260253906 

T painting Ep: 12200 lr0.005498386557834078 	 Loss Class: 0.010587 RotLab: 0.0004897117614746094 Ent: 0.010013740509748459 RotUnl: 0.0004897117614746094 

T painting Ep: 12300 lr0.00547988384128807 	 Loss Class: 0.009129 RotLab: 0.00032824277877807617 Ent: 0.008758237585425377 RotUnl: 0.00032824277877807617 

T painting Ep: 12400 lr0.005461525758091539 	 Loss Class: 0.009404 RotLab: 0.0007191101904027164 Ent: 0.008903560228645802 RotUnl: 0.0007191101904027164 

T painting Ep: 12500 lr0.005443310539518174 	 Loss Class: 0.009406 RotLab: 0.02433600090444088 Ent: 0.009000136516988277 RotUnl: 0.02433600090444088 

\Target: Average loss: 3.4081, Accuracy: 8970/31104 F1 (28%)

\Rotation: Average loss: 1.2872, Accuracy: 20669/31104 F1 (66%)

best acc class 28.838735
record record/multi/net_resnet34_painting
saving model
T painting Ep: 12600 lr0.005425236446206295 	 Loss Class: 0.011697 RotLab: 0.0013166466960683465 Ent: 0.01081142108887434 RotUnl: 0.0013166466960683465 

T painting Ep: 12700 lr0.005407301767544059 	 Loss Class: 0.009336 RotLab: 0.00043386220932006836 Ent: 0.008960986509919167 RotUnl: 0.00043386220932006836 

T painting Ep: 12800 lr0.005389504821070177 	 Loss Class: 0.007739 RotLab: 0.00035295882844366133 Ent: 0.007616170682013035 RotUnl: 0.00035295882844366133 

T painting Ep: 12900 lr0.005371843951889677 	 Loss Class: 0.010812 RotLab: 0.00043970346450805664 Ent: 0.0101443100720644 RotUnl: 0.00043970346450805664 

T painting Ep: 13000 lr0.0053543175321042955 	 Loss Class: 0.008316 RotLab: 0.0006682078237645328 Ent: 0.008102799765765667 RotUnl: 0.0006682078237645328 

\Target: Average loss: 3.3776, Accuracy: 8982/31104 F1 (28%)

\Rotation: Average loss: 1.2068, Accuracy: 20784/31104 F1 (66%)

best acc class 28.877315
record record/multi/net_resnet34_painting
saving model
T painting Ep: 13100 lr0.005336923960257046 	 Loss Class: 0.008854 RotLab: 0.001891016960144043 Ent: 0.008546269498765469 RotUnl: 0.001891016960144043 

T painting Ep: 13200 lr0.0053196616607905645 	 Loss Class: 0.009658 RotLab: 0.0008936524391174316 Ent: 0.009315439499914646 RotUnl: 0.0008936524391174316 

T painting Ep: 13300 lr0.0053025290835188275 	 Loss Class: 0.010189 RotLab: 0.0007328192587010562 Ent: 0.009696963243186474 RotUnl: 0.0007328192587010562 

T painting Ep: 13400 lr0.005285524703111859 	 Loss Class: 0.010840 RotLab: 0.0021044414024800062 Ent: 0.010325814597308636 RotUnl: 0.0021044414024800062 

T painting Ep: 13500 lr0.005268647018593052 	 Loss Class: 0.010473 RotLab: 0.0010584195842966437 Ent: 0.009754105471074581 RotUnl: 0.0010584195842966437 

