Dataset multi Source real Target clipart Labeled num perclass 3 Network resnet34
126 classes in this dataset
THCudaCheck FAIL file=/opt/conda/conda-bld/pytorch_1535493744281/work/aten/src/THC/THCGeneral.cpp line=663 error=11 : invalid argument
S real T clipart Train Ep: 0 lr0.01 	 Loss Classification: 2.473993 Loss T 0.205824 Method MME

S real T clipart Train Ep: 100 lr0.009925650290240803 	 Loss Classification: 1.197341 Loss T 0.248850 Method MME

S real T clipart Train Ep: 200 lr0.009852577760521605 	 Loss Classification: 0.564649 Loss T 0.197536 Method MME

S real T clipart Train Ep: 300 lr0.009780748269686728 	 Loss Classification: 0.641528 Loss T 0.185754 Method MME

S real T clipart Train Ep: 400 lr0.009710128909124701 	 Loss Classification: 0.803049 Loss T 0.167833 Method MME

S real T clipart Train Ep: 500 lr0.00964068794694323 	 Loss Classification: 0.636529 Loss T 0.162714 Method MME


Test set: Average loss: 2.0839, Accuracy: 10314/18288 F1 (56%)


Test set: Average loss: 2.0272, Accuracy: 218/360 F1 (60%)

best acc test 56.397638 best acc val 60.555556
record record/multi/MME/MME_net_resnet34_real_to_clipart_num_3
saving model
S real T clipart Train Ep: 600 lr0.00957239477517603 	 Loss Classification: 0.708212 Loss T 0.185391 Method MME

S real T clipart Train Ep: 700 lr0.009505219859830012 	 Loss Classification: 0.506993 Loss T 0.180997 Method MME

S real T clipart Train Ep: 800 lr0.009439134693595126 	 Loss Classification: 0.550894 Loss T 0.177254 Method MME

S real T clipart Train Ep: 900 lr0.009374111751051751 	 Loss Classification: 0.697392 Loss T 0.147037 Method MME

S real T clipart Train Ep: 1000 lr0.009310124446222227 	 Loss Classification: 0.446427 Loss T 0.159977 Method MME


Test set: Average loss: 1.9516, Accuracy: 10849/18288 F1 (59%)


Test set: Average loss: 1.7879, Accuracy: 227/360 F1 (63%)

best acc test 59.323053 best acc val 63.055556
record record/multi/MME/MME_net_resnet34_real_to_clipart_num_3
saving model
S real T clipart Train Ep: 1100 lr0.00924714709232377 	 Loss Classification: 0.526286 Loss T 0.180192 Method MME

S real T clipart Train Ep: 1200 lr0.009185154863590003 	 Loss Classification: 0.330453 Loss T 0.165041 Method MME

S real T clipart Train Ep: 1300 lr0.00912412375903735 	 Loss Classification: 0.568975 Loss T 0.153869 Method MME

S real T clipart Train Ep: 1400 lr0.009064030568061049 	 Loss Classification: 0.539489 Loss T 0.179129 Method MME

S real T clipart Train Ep: 1500 lr0.009004852837753237 	 Loss Classification: 0.320442 Loss T 0.147636 Method MME


Test set: Average loss: 1.8127, Accuracy: 11281/18288 F1 (61%)


Test set: Average loss: 1.7704, Accuracy: 230/360 F1 (63%)

best acc test 61.685258 best acc val 63.888889
record record/multi/MME/MME_net_resnet34_real_to_clipart_num_3
saving model
S real T clipart Train Ep: 1600 lr0.008946568841842816 	 Loss Classification: 0.402447 Loss T 0.137199 Method MME

S real T clipart Train Ep: 1700 lr0.008889157551163433 	 Loss Classification: 0.269661 Loss T 0.156770 Method MME

S real T clipart Train Ep: 1800 lr0.008832598605562044 	 Loss Classification: 0.496039 Loss T 0.154923 Method MME

S real T clipart Train Ep: 1900 lr0.008776872287166303 	 Loss Classification: 0.544288 Loss T 0.164728 Method MME

S real T clipart Train Ep: 2000 lr0.008721959494934213 	 Loss Classification: 0.353781 Loss T 0.155306 Method MME


Test set: Average loss: 1.7807, Accuracy: 11542/18288 F1 (63%)


Test set: Average loss: 1.6021, Accuracy: 244/360 F1 (67%)

best acc test 63.112423 best acc val 67.777778
record record/multi/MME/MME_net_resnet34_real_to_clipart_num_3
saving model
S real T clipart Train Ep: 2100 lr0.008667841720414475 	 Loss Classification: 0.530015 Loss T 0.162586 Method MME

S real T clipart Train Ep: 2200 lr0.008614501024650454 	 Loss Classification: 0.548441 Loss T 0.141103 Method MME

S real T clipart Train Ep: 2300 lr0.008561920016164943 	 Loss Classification: 0.497562 Loss T 0.160337 Method MME

S real T clipart Train Ep: 2400 lr0.008510081829966844 	 Loss Classification: 0.224568 Loss T 0.166746 Method MME

S real T clipart Train Ep: 2500 lr0.008458970107524513 	 Loss Classification: 0.341140 Loss T 0.130006 Method MME


Test set: Average loss: 1.7656, Accuracy: 11659/18288 F1 (63%)


Test set: Average loss: 1.6925, Accuracy: 243/360 F1 (67%)

best acc test 63.112423 best acc val 67.500000
record record/multi/MME/MME_net_resnet34_real_to_clipart_num_3
saving model
S real T clipart Train Ep: 2600 lr0.008408568977653933 	 Loss Classification: 0.525867 Loss T 0.139513 Method MME

S real T clipart Train Ep: 2700 lr0.00835886303827305 	 Loss Classification: 0.471975 Loss T 0.162409 Method MME

S real T clipart Train Ep: 2800 lr0.008309837338976545 	 Loss Classification: 0.386624 Loss T 0.131432 Method MME

S real T clipart Train Ep: 2900 lr0.008261477364388068 	 Loss Classification: 0.329818 Loss T 0.144220 Method MME

S real T clipart Train Ep: 3000 lr0.008213769018249545 	 Loss Classification: 0.293218 Loss T 0.141844 Method MME


Test set: Average loss: 1.7369, Accuracy: 11877/18288 F1 (64%)


Test set: Average loss: 1.6423, Accuracy: 246/360 F1 (68%)

best acc test 64.944226 best acc val 68.333333
record record/multi/MME/MME_net_resnet34_real_to_clipart_num_3
saving model
S real T clipart Train Ep: 3100 lr0.008166698608209509 	 Loss Classification: 0.250870 Loss T 0.114437 Method MME

S real T clipart Train Ep: 3200 lr0.008120252831274708 	 Loss Classification: 0.319715 Loss T 0.142561 Method MME

S real T clipart Train Ep: 3300 lr0.008074418759891278 	 Loss Classification: 0.332117 Loss T 0.160122 Method MME

S real T clipart Train Ep: 3400 lr0.008029183828623731 	 Loss Classification: 0.217944 Loss T 0.165272 Method MME

S real T clipart Train Ep: 3500 lr0.007984535821401871 	 Loss Classification: 0.363853 Loss T 0.131153 Method MME


Test set: Average loss: 1.7407, Accuracy: 11997/18288 F1 (65%)


Test set: Average loss: 1.5610, Accuracy: 247/360 F1 (68%)

best acc test 65.600394 best acc val 68.611111
record record/multi/MME/MME_net_resnet34_real_to_clipart_num_3
saving model
S real T clipart Train Ep: 3600 lr0.007940462859307384 	 Loss Classification: 0.342643 Loss T 0.124895 Method MME

S real T clipart Train Ep: 3700 lr0.007896953388873518 	 Loss Classification: 0.413624 Loss T 0.152094 Method MME

S real T clipart Train Ep: 3800 lr0.007853996170872714 	 Loss Classification: 0.371009 Loss T 0.119246 Method MME

S real T clipart Train Ep: 3900 lr0.00781158026956848 	 Loss Classification: 0.508851 Loss T 0.187905 Method MME

S real T clipart Train Ep: 4000 lr0.007769695042409123 	 Loss Classification: 0.370496 Loss T 0.139147 Method MME


Test set: Average loss: 1.7532, Accuracy: 12062/18288 F1 (65%)


Test set: Average loss: 1.6346, Accuracy: 250/360 F1 (69%)

best acc test 65.955818 best acc val 69.444444
record record/multi/MME/MME_net_resnet34_real_to_clipart_num_3
saving model
S real T clipart Train Ep: 4100 lr0.007728330130142108 	 Loss Classification: 0.116655 Loss T 0.137740 Method MME

S real T clipart Train Ep: 4200 lr0.007687475447329114 	 Loss Classification: 0.271835 Loss T 0.149092 Method MME

S real T clipart Train Ep: 4300 lr0.0076471211732427845 	 Loss Classification: 0.592721 Loss T 0.127832 Method MME

S real T clipart Train Ep: 4400 lr0.007607257743127307 	 Loss Classification: 0.348062 Loss T 0.115415 Method MME

S real T clipart Train Ep: 4500 lr0.007567875839805858 	 Loss Classification: 0.402780 Loss T 0.129946 Method MME


Test set: Average loss: 1.7656, Accuracy: 12131/18288 F1 (66%)


Test set: Average loss: 1.6724, Accuracy: 246/360 F1 (68%)

best acc test 65.955818 best acc val 68.333333
record record/multi/MME/MME_net_resnet34_real_to_clipart_num_3
saving model
S real T clipart Train Ep: 4600 lr0.007528966385618854 	 Loss Classification: 0.349676 Loss T 0.127182 Method MME

S real T clipart Train Ep: 4700 lr0.007490520534677821 	 Loss Classification: 0.405540 Loss T 0.130833 Method MME

S real T clipart Train Ep: 4800 lr0.007452529665420465 	 Loss Classification: 0.287619 Loss T 0.140089 Method MME

S real T clipart Train Ep: 4900 lr0.007414985373453289 	 Loss Classification: 0.255389 Loss T 0.138439 Method MME

S real T clipart Train Ep: 5000 lr0.007377879464668811 	 Loss Classification: 0.262437 Loss T 0.135130 Method MME


Test set: Average loss: 1.7040, Accuracy: 12329/18288 F1 (67%)


Test set: Average loss: 1.6152, Accuracy: 246/360 F1 (68%)

best acc test 65.955818 best acc val 68.333333
record record/multi/MME/MME_net_resnet34_real_to_clipart_num_3
saving model
S real T clipart Train Ep: 5100 lr0.007341203948625087 	 Loss Classification: 0.186380 Loss T 0.122302 Method MME

S real T clipart Train Ep: 5200 lr0.007304951032175895 	 Loss Classification: 0.421068 Loss T 0.113461 Method MME

S real T clipart Train Ep: 5300 lr0.007269113113340497 	 Loss Classification: 0.385444 Loss T 0.114916 Method MME

S real T clipart Train Ep: 5400 lr0.007233682775402483 	 Loss Classification: 0.463616 Loss T 0.128701 Method MME

S real T clipart Train Ep: 5500 lr0.007198652781227704 	 Loss Classification: 0.187935 Loss T 0.132831 Method MME


Test set: Average loss: 1.6953, Accuracy: 12398/18288 F1 (67%)


Test set: Average loss: 1.6304, Accuracy: 250/360 F1 (69%)

best acc test 67.793088 best acc val 69.444444
record record/multi/MME/MME_net_resnet34_real_to_clipart_num_3
saving model
S real T clipart Train Ep: 5600 lr0.007164016067791809 	 Loss Classification: 0.272697 Loss T 0.116354 Method MME

S real T clipart Train Ep: 5700 lr0.0071297657409083726 	 Loss Classification: 0.426830 Loss T 0.107428 Method MME

S real T clipart Train Ep: 5800 lr0.0070958950701490225 	 Loss Classification: 0.159195 Loss T 0.155202 Method MME

S real T clipart Train Ep: 5900 lr0.007062397483947426 	 Loss Classification: 0.268497 Loss T 0.148880 Method MME

S real T clipart Train Ep: 6000 lr0.007029266564879363 	 Loss Classification: 0.367115 Loss T 0.098202 Method MME


Test set: Average loss: 1.7035, Accuracy: 12497/18288 F1 (68%)


Test set: Average loss: 1.5149, Accuracy: 260/360 F1 (72%)

best acc test 68.334427 best acc val 72.222222
record record/multi/MME/MME_net_resnet34_real_to_clipart_num_3
saving model
S real T clipart Train Ep: 6100 lr0.006996496045111504 	 Loss Classification: 0.256507 Loss T 0.122751 Method MME

S real T clipart Train Ep: 6200 lr0.00696407980201184 	 Loss Classification: 0.195665 Loss T 0.090254 Method MME

S real T clipart Train Ep: 6300 lr0.006932011853915101 	 Loss Classification: 0.254194 Loss T 0.102619 Method MME

S real T clipart Train Ep: 6400 lr0.006900286356036734 	 Loss Classification: 0.313279 Loss T 0.117954 Method MME

S real T clipart Train Ep: 6500 lr0.006868897596529406 	 Loss Classification: 0.458153 Loss T 0.139307 Method MME


Test set: Average loss: 1.7452, Accuracy: 12433/18288 F1 (67%)


Test set: Average loss: 1.6795, Accuracy: 254/360 F1 (70%)

best acc test 68.334427 best acc val 70.555556
record record/multi/MME/MME_net_resnet34_real_to_clipart_num_3
saving model
S real T clipart Train Ep: 6600 lr0.006837839992676177 	 Loss Classification: 0.225228 Loss T 0.124372 Method MME

S real T clipart Train Ep: 6700 lr0.006807108087214876 	 Loss Classification: 0.254060 Loss T 0.123631 Method MME

S real T clipart Train Ep: 6800 lr0.006776696544788352 	 Loss Classification: 0.187023 Loss T 0.129377 Method MME

S real T clipart Train Ep: 6900 lr0.006746600148515609 	 Loss Classification: 0.420448 Loss T 0.141409 Method MME

S real T clipart Train Ep: 7000 lr0.006716813796678979 	 Loss Classification: 0.315113 Loss T 0.098122 Method MME


Test set: Average loss: 1.7452, Accuracy: 12491/18288 F1 (68%)


Test set: Average loss: 1.5944, Accuracy: 260/360 F1 (72%)

best acc test 68.301619 best acc val 72.222222
record record/multi/MME/MME_net_resnet34_real_to_clipart_num_3
saving model
S real T clipart Train Ep: 7100 lr0.006687332499522798 	 Loss Classification: 0.185044 Loss T 0.105960 Method MME

S real T clipart Train Ep: 7200 lr0.006658151376159165 	 Loss Classification: 0.234442 Loss T 0.093243 Method MME

S real T clipart Train Ep: 7300 lr0.00662926565157663 	 Loss Classification: 0.093522 Loss T 0.127935 Method MME

S real T clipart Train Ep: 7400 lr0.006600670653747793 	 Loss Classification: 0.173078 Loss T 0.130218 Method MME

S real T clipart Train Ep: 7500 lr0.0065723618108320175 	 Loss Classification: 0.412117 Loss T 0.138849 Method MME


Test set: Average loss: 1.7566, Accuracy: 12543/18288 F1 (68%)


Test set: Average loss: 1.5841, Accuracy: 261/360 F1 (72%)

best acc test 68.585958 best acc val 72.500000
record record/multi/MME/MME_net_resnet34_real_to_clipart_num_3
saving model
S real T clipart Train Ep: 7600 lr0.006544334648469591 	 Loss Classification: 0.435961 Loss T 0.110902 Method MME

S real T clipart Train Ep: 7700 lr0.006516584787163857 	 Loss Classification: 0.510315 Loss T 0.130337 Method MME

S real T clipart Train Ep: 7800 lr0.006489107939747966 	 Loss Classification: 0.190693 Loss T 0.127909 Method MME

S real T clipart Train Ep: 7900 lr0.0064618999089330565 	 Loss Classification: 0.274077 Loss T 0.115170 Method MME

S real T clipart Train Ep: 8000 lr0.006434956584934828 	 Loss Classification: 0.295388 Loss T 0.123385 Method MME


Test set: Average loss: 1.7489, Accuracy: 12581/18288 F1 (68%)


Test set: Average loss: 1.6170, Accuracy: 256/360 F1 (71%)

best acc test 68.585958 best acc val 71.111111
record record/multi/MME/MME_net_resnet34_real_to_clipart_num_3
saving model
S real T clipart Train Ep: 8100 lr0.006408273943175546 	 Loss Classification: 0.292628 Loss T 0.117357 Method MME

S real T clipart Train Ep: 8200 lr0.006381848042058713 	 Loss Classification: 0.159853 Loss T 0.108989 Method MME

S real T clipart Train Ep: 8300 lr0.0063556750208137005 	 Loss Classification: 0.654528 Loss T 0.101736 Method MME

S real T clipart Train Ep: 8400 lr0.006329751097407787 	 Loss Classification: 0.246054 Loss T 0.101035 Method MME

S real T clipart Train Ep: 8500 lr0.0063040725665231365 	 Loss Classification: 0.398467 Loss T 0.112027 Method MME


Test set: Average loss: 1.7835, Accuracy: 12523/18288 F1 (68%)


Test set: Average loss: 1.6925, Accuracy: 254/360 F1 (70%)

best acc test 68.585958 best acc val 70.555556
record record/multi/MME/MME_net_resnet34_real_to_clipart_num_3
saving model
S real T clipart Train Ep: 8600 lr0.006278635797596355 	 Loss Classification: 0.319938 Loss T 0.113526 Method MME

S real T clipart Train Ep: 8700 lr0.006253437232918371 	 Loss Classification: 0.091085 Loss T 0.096142 Method MME

S real T clipart Train Ep: 8800 lr0.0062284733857924735 	 Loss Classification: 0.161023 Loss T 0.097703 Method MME

S real T clipart Train Ep: 8900 lr0.006203740838748417 	 Loss Classification: 0.626405 Loss T 0.086363 Method MME

S real T clipart Train Ep: 9000 lr0.006179236241810624 	 Loss Classification: 0.284233 Loss T 0.103197 Method MME


Test set: Average loss: 1.7530, Accuracy: 12622/18288 F1 (69%)


Test set: Average loss: 1.7263, Accuracy: 253/360 F1 (70%)

best acc test 68.585958 best acc val 70.277778
record record/multi/MME/MME_net_resnet34_real_to_clipart_num_3
saving model
S real T clipart Train Ep: 9100 lr0.006154956310818535 	 Loss Classification: 0.261754 Loss T 0.115161 Method MME

S real T clipart Train Ep: 9200 lr0.0061308978257973165 	 Loss Classification: 0.152378 Loss T 0.104307 Method MME

S real T clipart Train Ep: 9300 lr0.0061070576293771285 	 Loss Classification: 0.272532 Loss T 0.115176 Method MME

S real T clipart Train Ep: 9400 lr0.006083432625259276 	 Loss Classification: 0.316313 Loss T 0.076916 Method MME

S real T clipart Train Ep: 9500 lr0.006060019776727621 	 Loss Classification: 0.232987 Loss T 0.102045 Method MME


Test set: Average loss: 1.8064, Accuracy: 12601/18288 F1 (68%)


Test set: Average loss: 1.6611, Accuracy: 258/360 F1 (71%)

best acc test 68.585958 best acc val 71.666667
record record/multi/MME/MME_net_resnet34_real_to_clipart_num_3
saving model
S real T clipart Train Ep: 9600 lr0.00603681610520369 	 Loss Classification: 0.321131 Loss T 0.095744 Method MME

S real T clipart Train Ep: 9700 lr0.0060138186888439825 	 Loss Classification: 0.168411 Loss T 0.087778 Method MME

S real T clipart Train Ep: 9800 lr0.005991024661178045 	 Loss Classification: 0.195241 Loss T 0.097652 Method MME

S real T clipart Train Ep: 9900 lr0.0059684312097859115 	 Loss Classification: 0.140685 Loss T 0.066450 Method MME

S real T clipart Train Ep: 10000 lr0.005946035575013605 	 Loss Classification: 0.265634 Loss T 0.068368 Method MME


Test set: Average loss: 1.8630, Accuracy: 12563/18288 F1 (68%)


Test set: Average loss: 1.7106, Accuracy: 256/360 F1 (71%)

best acc test 68.585958 best acc val 71.111111
record record/multi/MME/MME_net_resnet34_real_to_clipart_num_3
saving model
S real T clipart Train Ep: 10100 lr0.005923835048725393 	 Loss Classification: 0.201675 Loss T 0.075822 Method MME

S real T clipart Train Ep: 10200 lr0.005901826973091593 	 Loss Classification: 0.170176 Loss T 0.102228 Method MME

S real T clipart Train Ep: 10300 lr0.005880008739410735 	 Loss Classification: 0.162053 Loss T 0.087873 Method MME

S real T clipart Train Ep: 10400 lr0.005858377786964935 	 Loss Classification: 0.527464 Loss T 0.093187 Method MME

S real T clipart Train Ep: 10500 lr0.005836931601907399 	 Loss Classification: 0.341297 Loss T 0.079577 Method MME


Test set: Average loss: 1.8434, Accuracy: 12579/18288 F1 (68%)


Test set: Average loss: 1.7534, Accuracy: 256/360 F1 (71%)

