Dataset multi Source real Target sketch Labeled num perclass 3 Network resnet34
126 classes in this dataset
496
S real T sketch Train Ep: 0 lr0.01 	 Loss Classification: 4.947540 Loss T 0.471482 Method MME

S real T sketch Train Ep: 100 lr0.009925650290240803 	 Loss Classification: 0.863837 Loss T 0.283531 Method MME

S real T sketch Train Ep: 200 lr0.009852577760521605 	 Loss Classification: 0.322361 Loss T 0.224063 Method MME

S real T sketch Train Ep: 300 lr0.009780748269686728 	 Loss Classification: 0.357544 Loss T 0.186529 Method MME

S real T sketch Train Ep: 400 lr0.009710128909124701 	 Loss Classification: 0.342723 Loss T 0.165747 Method MME

S real T sketch Train Ep: 500 lr0.00964068794694323 	 Loss Classification: 0.783175 Loss T 0.181757 Method MME


Test set: Average loss: 2.0651, Accuracy: 12754/23808 F1 (54%)


Test set: Average loss: 1.9591, Accuracy: 189/360 F1 (52%)

best acc test 53.570228 best acc val 52.500000
record record/multi/MME/MME_net_resnet34_real_to_sketch_num_3
saving model...
S real T sketch Train Ep: 600 lr0.00957239477517603 	 Loss Classification: 0.286487 Loss T 0.185779 Method MME

S real T sketch Train Ep: 700 lr0.009505219859830012 	 Loss Classification: 0.234984 Loss T 0.178081 Method MME

S real T sketch Train Ep: 800 lr0.009439134693595126 	 Loss Classification: 0.272643 Loss T 0.181417 Method MME

S real T sketch Train Ep: 900 lr0.009374111751051751 	 Loss Classification: 0.305979 Loss T 0.142220 Method MME

S real T sketch Train Ep: 1000 lr0.009310124446222227 	 Loss Classification: 0.507446 Loss T 0.149116 Method MME


Test set: Average loss: 1.8971, Accuracy: 13944/23808 F1 (59%)


Test set: Average loss: 1.7856, Accuracy: 214/360 F1 (59%)

best acc test 58.568548 best acc val 59.444444
record record/multi/MME/MME_net_resnet34_real_to_sketch_num_3
saving model...
S real T sketch Train Ep: 1100 lr0.00924714709232377 	 Loss Classification: 0.226928 Loss T 0.120516 Method MME

S real T sketch Train Ep: 1200 lr0.009185154863590003 	 Loss Classification: 0.358744 Loss T 0.139729 Method MME

S real T sketch Train Ep: 1300 lr0.00912412375903735 	 Loss Classification: 0.392129 Loss T 0.134443 Method MME

S real T sketch Train Ep: 1400 lr0.009064030568061049 	 Loss Classification: 0.350152 Loss T 0.142525 Method MME

S real T sketch Train Ep: 1500 lr0.009004852837753237 	 Loss Classification: 0.563978 Loss T 0.112937 Method MME


Test set: Average loss: 1.7366, Accuracy: 14866/23808 F1 (62%)


Test set: Average loss: 1.6187, Accuracy: 219/360 F1 (61%)

best acc test 62.441196 best acc val 60.833333
record record/multi/MME/MME_net_resnet34_real_to_sketch_num_3
saving model...
S real T sketch Train Ep: 1600 lr0.008946568841842816 	 Loss Classification: 0.388180 Loss T 0.118097 Method MME

S real T sketch Train Ep: 1700 lr0.008889157551163433 	 Loss Classification: 0.087700 Loss T 0.131297 Method MME

S real T sketch Train Ep: 1800 lr0.008832598605562044 	 Loss Classification: 0.228121 Loss T 0.139961 Method MME

S real T sketch Train Ep: 1900 lr0.008776872287166303 	 Loss Classification: 0.347844 Loss T 0.129590 Method MME

S real T sketch Train Ep: 2000 lr0.008721959494934213 	 Loss Classification: 0.409681 Loss T 0.118077 Method MME


Test set: Average loss: 1.6625, Accuracy: 15385/23808 F1 (65%)


Test set: Average loss: 1.4860, Accuracy: 236/360 F1 (66%)

best acc test 64.621136 best acc val 65.555556
record record/multi/MME/MME_net_resnet34_real_to_sketch_num_3
saving model...
S real T sketch Train Ep: 2100 lr0.008667841720414475 	 Loss Classification: 0.305541 Loss T 0.119600 Method MME

S real T sketch Train Ep: 2200 lr0.008614501024650454 	 Loss Classification: 0.535061 Loss T 0.123352 Method MME

S real T sketch Train Ep: 2300 lr0.008561920016164943 	 Loss Classification: 0.412450 Loss T 0.132714 Method MME

S real T sketch Train Ep: 2400 lr0.008510081829966844 	 Loss Classification: 0.223795 Loss T 0.087800 Method MME

S real T sketch Train Ep: 2500 lr0.008458970107524513 	 Loss Classification: 0.219169 Loss T 0.114954 Method MME


Test set: Average loss: 1.6333, Accuracy: 15652/23808 F1 (66%)


Test set: Average loss: 1.4996, Accuracy: 240/360 F1 (67%)

best acc test 65.742608 best acc val 66.666667
record record/multi/MME/MME_net_resnet34_real_to_sketch_num_3
saving model...
S real T sketch Train Ep: 2600 lr0.008408568977653933 	 Loss Classification: 0.381820 Loss T 0.102935 Method MME

S real T sketch Train Ep: 2700 lr0.00835886303827305 	 Loss Classification: 0.248554 Loss T 0.132547 Method MME

S real T sketch Train Ep: 2800 lr0.008309837338976545 	 Loss Classification: 0.493336 Loss T 0.101698 Method MME

S real T sketch Train Ep: 2900 lr0.008261477364388068 	 Loss Classification: 0.228856 Loss T 0.094780 Method MME

S real T sketch Train Ep: 3000 lr0.008213769018249545 	 Loss Classification: 0.139464 Loss T 0.101570 Method MME


Test set: Average loss: 1.6312, Accuracy: 15782/23808 F1 (66%)


Test set: Average loss: 1.5193, Accuracy: 243/360 F1 (68%)

best acc test 66.288642 best acc val 67.500000
record record/multi/MME/MME_net_resnet34_real_to_sketch_num_3
saving model...
S real T sketch Train Ep: 3100 lr0.008166698608209509 	 Loss Classification: 0.457238 Loss T 0.107099 Method MME

S real T sketch Train Ep: 3200 lr0.008120252831274708 	 Loss Classification: 0.204442 Loss T 0.103883 Method MME

S real T sketch Train Ep: 3300 lr0.008074418759891278 	 Loss Classification: 0.163220 Loss T 0.136374 Method MME

S real T sketch Train Ep: 3400 lr0.008029183828623731 	 Loss Classification: 0.044941 Loss T 0.095736 Method MME

S real T sketch Train Ep: 3500 lr0.007984535821401871 	 Loss Classification: 0.230545 Loss T 0.083479 Method MME


Test set: Average loss: 1.5598, Accuracy: 16243/23808 F1 (68%)


Test set: Average loss: 1.4046, Accuracy: 250/360 F1 (69%)

best acc test 68.224966 best acc val 69.444444
record record/multi/MME/MME_net_resnet34_real_to_sketch_num_3
saving model...
S real T sketch Train Ep: 3600 lr0.007940462859307384 	 Loss Classification: 0.198524 Loss T 0.095820 Method MME

S real T sketch Train Ep: 3700 lr0.007896953388873518 	 Loss Classification: 0.208948 Loss T 0.099043 Method MME

S real T sketch Train Ep: 3800 lr0.007853996170872714 	 Loss Classification: 0.277467 Loss T 0.110916 Method MME

S real T sketch Train Ep: 3900 lr0.00781158026956848 	 Loss Classification: 0.323157 Loss T 0.099101 Method MME

S real T sketch Train Ep: 4000 lr0.007769695042409123 	 Loss Classification: 0.170624 Loss T 0.090719 Method MME


Test set: Average loss: 1.5395, Accuracy: 16370/23808 F1 (69%)


Test set: Average loss: 1.5061, Accuracy: 244/360 F1 (68%)

best acc test 68.224966 best acc val 67.777778
record record/multi/MME/MME_net_resnet34_real_to_sketch_num_3
saving model...
S real T sketch Train Ep: 4100 lr0.007728330130142108 	 Loss Classification: 0.156868 Loss T 0.097455 Method MME

S real T sketch Train Ep: 4200 lr0.007687475447329114 	 Loss Classification: 0.159094 Loss T 0.070050 Method MME

S real T sketch Train Ep: 4300 lr0.0076471211732427845 	 Loss Classification: 0.109501 Loss T 0.090595 Method MME

S real T sketch Train Ep: 4400 lr0.007607257743127307 	 Loss Classification: 0.228676 Loss T 0.109694 Method MME

S real T sketch Train Ep: 4500 lr0.007567875839805858 	 Loss Classification: 0.172532 Loss T 0.092017 Method MME


Test set: Average loss: 1.5157, Accuracy: 16552/23808 F1 (70%)


Test set: Average loss: 1.4182, Accuracy: 250/360 F1 (69%)

best acc test 69.522849 best acc val 69.444444
record record/multi/MME/MME_net_resnet34_real_to_sketch_num_3
saving model...
S real T sketch Train Ep: 4600 lr0.007528966385618854 	 Loss Classification: 0.278479 Loss T 0.079186 Method MME

S real T sketch Train Ep: 4700 lr0.007490520534677821 	 Loss Classification: 0.529457 Loss T 0.085390 Method MME

S real T sketch Train Ep: 4800 lr0.007452529665420465 	 Loss Classification: 0.539584 Loss T 0.083192 Method MME

S real T sketch Train Ep: 4900 lr0.007414985373453289 	 Loss Classification: 0.391964 Loss T 0.097724 Method MME

S real T sketch Train Ep: 5000 lr0.007377879464668811 	 Loss Classification: 0.267051 Loss T 0.089503 Method MME


Test set: Average loss: 1.4992, Accuracy: 16733/23808 F1 (70%)


Test set: Average loss: 1.3344, Accuracy: 258/360 F1 (72%)

best acc test 70.283098 best acc val 71.666667
record record/multi/MME/MME_net_resnet34_real_to_sketch_num_3
saving model...
S real T sketch Train Ep: 5100 lr0.007341203948625087 	 Loss Classification: 0.357083 Loss T 0.090443 Method MME

S real T sketch Train Ep: 5200 lr0.007304951032175895 	 Loss Classification: 0.261583 Loss T 0.088578 Method MME

S real T sketch Train Ep: 5300 lr0.007269113113340497 	 Loss Classification: 0.270332 Loss T 0.073648 Method MME

S real T sketch Train Ep: 5400 lr0.007233682775402483 	 Loss Classification: 0.283781 Loss T 0.059658 Method MME

S real T sketch Train Ep: 5500 lr0.007198652781227704 	 Loss Classification: 0.268128 Loss T 0.082964 Method MME


Test set: Average loss: 1.5035, Accuracy: 16796/23808 F1 (71%)


Test set: Average loss: 1.4186, Accuracy: 250/360 F1 (69%)

best acc test 70.283098 best acc val 69.444444
record record/multi/MME/MME_net_resnet34_real_to_sketch_num_3
saving model...
S real T sketch Train Ep: 5600 lr0.007164016067791809 	 Loss Classification: 0.285060 Loss T 0.067775 Method MME

Terminated
