Dataset multi Target real Network resnet34 Num per class 3
126 classes in this dataset
THCudaCheck FAIL file=/opt/conda/conda-bld/pytorch_1535493744281/work/aten/src/THC/THCGeneral.cpp line=663 error=11 : invalid argument
T real Ep: 0 lr0.01 	 Loss Class: 5.043770 RotLab: 1.3718348741531372 Ent: 0.4705241322517395 RotUnl: 1.3718348741531372 

T real Ep: 100 lr0.009925650290240803 	 Loss Class: 0.363855 RotLab: 0.8300002217292786 Ent: 0.14143089950084686 RotUnl: 0.8300002217292786 

T real Ep: 200 lr0.009852577760521605 	 Loss Class: 0.083744 RotLab: 0.40197038650512695 Ent: 0.051339711993932724 RotUnl: 0.40197038650512695 

T real Ep: 300 lr0.009780748269686728 	 Loss Class: 0.046231 RotLab: 0.4677320420742035 Ent: 0.03159034624695778 RotUnl: 0.4677320420742035 

T real Ep: 400 lr0.009710128909124701 	 Loss Class: 0.043258 RotLab: 0.469270795583725 Ent: 0.030905961990356445 RotUnl: 0.469270795583725 

T real Ep: 500 lr0.00964068794694323 	 Loss Class: 0.041037 RotLab: 0.22480171918869019 Ent: 0.02784135937690735 RotUnl: 0.22480171918869019 

\Target: Average loss: 2.3643, Accuracy: 31034/69936 F1 (44%)

\Rotation: Average loss: 0.8356, Accuracy: 42946/69936 F1 (61%)

best acc class 44.374857
record record/multi/net_resnet34_real
saving model
T real Ep: 600 lr0.00957239477517603 	 Loss Class: 0.027414 RotLab: 0.5440824031829834 Ent: 0.020519495010375977 RotUnl: 0.5440824031829834 

T real Ep: 700 lr0.009505219859830012 	 Loss Class: 0.026862 RotLab: 0.140169158577919 Ent: 0.019608890637755394 RotUnl: 0.140169158577919 

T real Ep: 800 lr0.009439134693595126 	 Loss Class: 0.028081 RotLab: 0.12679409980773926 Ent: 0.018767008557915688 RotUnl: 0.12679409980773926 

T real Ep: 900 lr0.009374111751051751 	 Loss Class: 0.019430 RotLab: 0.10077781230211258 Ent: 0.015445741824805737 RotUnl: 0.10077781230211258 

T real Ep: 1000 lr0.009310124446222227 	 Loss Class: 0.034578 RotLab: 0.09940745681524277 Ent: 0.024022173136472702 RotUnl: 0.09940745681524277 

\Target: Average loss: 2.4393, Accuracy: 30684/69936 F1 (43%)

\Rotation: Average loss: 1.0256, Accuracy: 42978/69936 F1 (61%)

best acc class 44.374857
record record/multi/net_resnet34_real
saving model
T real Ep: 1100 lr0.00924714709232377 	 Loss Class: 0.024803 RotLab: 0.042575132101774216 Ent: 0.018480530008673668 RotUnl: 0.042575132101774216 

T real Ep: 1200 lr0.009185154863590003 	 Loss Class: 0.023916 RotLab: 0.03230734169483185 Ent: 0.016807684674859047 RotUnl: 0.03230734169483185 

