Dataset multi Target sketch Network resnet34 Num per class 3
126 classes in this dataset
THCudaCheck FAIL file=/opt/conda/conda-bld/pytorch_1535493744281/work/aten/src/THC/THCGeneral.cpp line=663 error=11 : invalid argument
T sketch Ep: 0 lr0.01 	 Loss Class: 4.952753 RotLab: 1.8462234735488892 Ent: 0.4697858989238739 RotUnl: 1.8462234735488892 

T sketch Ep: 100 lr0.009925650290240803 	 Loss Class: 0.538828 RotLab: 0.9363046288490295 Ent: 0.17304418981075287 RotUnl: 0.9363046288490295 

T sketch Ep: 200 lr0.009852577760521605 	 Loss Class: 0.116763 RotLab: 0.815422534942627 Ent: 0.06251181662082672 RotUnl: 0.815422534942627 

T sketch Ep: 300 lr0.009780748269686728 	 Loss Class: 0.100669 RotLab: 0.6378743648529053 Ent: 0.050756681710481644 RotUnl: 0.6378743648529053 

T sketch Ep: 400 lr0.009710128909124701 	 Loss Class: 0.063206 RotLab: 0.4790821969509125 Ent: 0.04100579023361206 RotUnl: 0.4790821969509125 

T sketch Ep: 500 lr0.00964068794694323 	 Loss Class: 0.029879 RotLab: 0.6074668765068054 Ent: 0.02194536104798317 RotUnl: 0.6074668765068054 

\Target: Average loss: 4.0627, Accuracy: 4817/23808 F1 (20%)

\Rotation: Average loss: 0.9979, Accuracy: 13152/23808 F1 (55%)

best acc class 20.232695
record record/multi/net_resnet34_sketch
saving model
T sketch Ep: 600 lr0.00957239477517603 	 Loss Class: 0.063574 RotLab: 0.19447354972362518 Ent: 0.037195440381765366 RotUnl: 0.19447354972362518 

T sketch Ep: 700 lr0.009505219859830012 	 Loss Class: 0.061326 RotLab: 0.40481865406036377 Ent: 0.035777438431978226 RotUnl: 0.40481865406036377 

T sketch Ep: 800 lr0.009439134693595126 	 Loss Class: 0.044778 RotLab: 0.13114237785339355 Ent: 0.02754516713321209 RotUnl: 0.13114237785339355 

T sketch Ep: 900 lr0.009374111751051751 	 Loss Class: 0.022154 RotLab: 0.04864059016108513 Ent: 0.017479756847023964 RotUnl: 0.04864059016108513 

T sketch Ep: 1000 lr0.009310124446222227 	 Loss Class: 0.045580 RotLab: 0.1075119599699974 Ent: 0.030510058626532555 RotUnl: 0.1075119599699974 

\Target: Average loss: 4.1783, Accuracy: 4664/23808 F1 (19%)

\Rotation: Average loss: 1.1856, Accuracy: 13190/23808 F1 (55%)

best acc class 20.232695
record record/multi/net_resnet34_sketch
saving model
T sketch Ep: 1100 lr0.00924714709232377 	 Loss Class: 0.016717 RotLab: 0.054940059781074524 Ent: 0.012951693497598171 RotUnl: 0.054940059781074524 

T sketch Ep: 1200 lr0.009185154863590003 	 Loss Class: 0.025683 RotLab: 0.03681771829724312 Ent: 0.01861303113400936 RotUnl: 0.03681771829724312 

T sketch Ep: 1300 lr0.00912412375903735 	 Loss Class: 0.017104 RotLab: 0.13247181475162506 Ent: 0.013080673292279243 RotUnl: 0.13247181475162506 

T sketch Ep: 1400 lr0.009064030568061049 	 Loss Class: 0.016290 RotLab: 0.044773977249860764 Ent: 0.012788340449333191 RotUnl: 0.044773977249860764 

T sketch Ep: 1500 lr0.009004852837753237 	 Loss Class: 0.016630 RotLab: 0.02230718731880188 Ent: 0.012976075522601604 RotUnl: 0.02230718731880188 

\Target: Average loss: 4.1699, Accuracy: 4866/23808 F1 (20%)

\Rotation: Average loss: 1.2969, Accuracy: 13342/23808 F1 (56%)

best acc class 20.438508
record record/multi/net_resnet34_sketch
saving model
T sketch Ep: 1600 lr0.008946568841842816 	 Loss Class: 0.019688 RotLab: 0.10826625674962997 Ent: 0.014292532578110695 RotUnl: 0.10826625674962997 

T sketch Ep: 1700 lr0.008889157551163433 	 Loss Class: 0.014127 RotLab: 0.16888940334320068 Ent: 0.01113926712423563 RotUnl: 0.16888940334320068 

T sketch Ep: 1800 lr0.008832598605562044 	 Loss Class: 0.012181 RotLab: 0.0036181609611958265 Ent: 0.010376647114753723 RotUnl: 0.0036181609611958265 

T sketch Ep: 1900 lr0.008776872287166303 	 Loss Class: 0.019523 RotLab: 0.10841058939695358 Ent: 0.014965185895562172 RotUnl: 0.10841058939695358 

T sketch Ep: 2000 lr0.008721959494934213 	 Loss Class: 0.016445 RotLab: 0.037155210971832275 Ent: 0.012914061546325684 RotUnl: 0.037155210971832275 

\Target: Average loss: 4.1928, Accuracy: 4821/23808 F1 (20%)

\Rotation: Average loss: 1.3623, Accuracy: 13560/23808 F1 (56%)

best acc class 20.438508
record record/multi/net_resnet34_sketch
saving model
