Dataset multi Source real Target sketch Labeled num perclass 3 Network resnet34
126 classes in this dataset
Unlabelled Target Dataset Size:  23826
Labelled Target Dataset Size:  378
Bank keys - Target:  dict_keys(['feat_vec', 'labels', 'names', 'domain_identifier']) Source:  dict_keys(['feat_vec', 'labels', 'names', 'domain_identifier'])
Num  - Target:  23826 Source:  70358
S real T sketch Train Ep: 0 lr0.01 	 Loss Classification: 4.973530 Loss T 0.468252 Method MME


Labeled Target set: Average loss: 4.9164, Accuracy: 9/1080 F1 (0.8333%)


Test set: Average loss: 4.9281, Accuracy: 258/23808 F1 (1.0837%)


Val set: Average loss: 4.9486, Accuracy: 2/360 F1 (0.5556%)

best acc test 1.083669  acc val 0.555556 acc labeled target 0.833333
saving model...
S real T sketch Train Ep: 100 lr0.009925650290240803 	 Loss Classification: 1.459836 Loss T 0.304246 Method MME

S real T sketch Train Ep: 200 lr0.009852577760521605 	 Loss Classification: 1.367644 Loss T 0.224035 Method MME

S real T sketch Train Ep: 300 lr0.009780748269686728 	 Loss Classification: 1.034534 Loss T 0.189927 Method MME

S real T sketch Train Ep: 400 lr0.009710128909124701 	 Loss Classification: 1.895564 Loss T 0.189840 Method MME

S real T sketch Train Ep: 500 lr0.00964068794694323 	 Loss Classification: 0.738440 Loss T 0.147589 Method MME


Labeled Target set: Average loss: 2.5576, Accuracy: 459/1080 F1 (42.5000%)


Test set: Average loss: 2.5330, Accuracy: 10979/23808 F1 (46.1147%)


Val set: Average loss: 2.4558, Accuracy: 177/360 F1 (49.1667%)

best acc test 46.114751  acc val 49.166667 acc labeled target 42.500000
saving model...
S real T sketch Train Ep: 600 lr0.00957239477517603 	 Loss Classification: 1.109851 Loss T 0.182551 Method MME

S real T sketch Train Ep: 700 lr0.009505219859830012 	 Loss Classification: 1.335661 Loss T 0.122242 Method MME

S real T sketch Train Ep: 800 lr0.009439134693595126 	 Loss Classification: 0.766854 Loss T 0.145725 Method MME

S real T sketch Train Ep: 900 lr0.009374111751051751 	 Loss Classification: 0.521246 Loss T 0.186077 Method MME

S real T sketch Train Ep: 1000 lr0.009310124446222227 	 Loss Classification: 1.485267 Loss T 0.139928 Method MME


Labeled Target set: Average loss: 2.5819, Accuracy: 487/1080 F1 (45.0926%)


Test set: Average loss: 2.4655, Accuracy: 11902/23808 F1 (49.9916%)


Val set: Average loss: 2.2681, Accuracy: 190/360 F1 (52.7778%)

best acc test 49.991599  acc val 52.777778 acc labeled target 45.092593
saving model...
S real T sketch Train Ep: 1100 lr0.00924714709232377 	 Loss Classification: 0.996974 Loss T 0.146338 Method MME

S real T sketch Train Ep: 1200 lr0.009185154863590003 	 Loss Classification: 0.950172 Loss T 0.151773 Method MME

S real T sketch Train Ep: 1300 lr0.00912412375903735 	 Loss Classification: 0.571898 Loss T 0.125887 Method MME

S real T sketch Train Ep: 1400 lr0.009064030568061049 	 Loss Classification: 1.328927 Loss T 0.137521 Method MME

S real T sketch Train Ep: 1500 lr0.009004852837753237 	 Loss Classification: 0.380515 Loss T 0.094480 Method MME


Labeled Target set: Average loss: 2.2040, Accuracy: 561/1080 F1 (51.9444%)


Test set: Average loss: 2.2483, Accuracy: 13007/23808 F1 (54.6329%)


Val set: Average loss: 2.0530, Accuracy: 203/360 F1 (56.3889%)

best acc test 54.632897  acc val 56.388889 acc labeled target 51.944444
saving model...
S real T sketch Train Ep: 1600 lr0.008946568841842816 	 Loss Classification: 0.311748 Loss T 0.133900 Method MME

S real T sketch Train Ep: 1700 lr0.008889157551163433 	 Loss Classification: 0.309140 Loss T 0.116984 Method MME

S real T sketch Train Ep: 1800 lr0.008832598605562044 	 Loss Classification: 1.013525 Loss T 0.112936 Method MME

S real T sketch Train Ep: 1900 lr0.008776872287166303 	 Loss Classification: 0.632278 Loss T 0.099017 Method MME

S real T sketch Train Ep: 2000 lr0.008721959494934213 	 Loss Classification: 0.665201 Loss T 0.118801 Method MME


Labeled Target set: Average loss: 2.2457, Accuracy: 588/1080 F1 (54.4444%)


Test set: Average loss: 2.2429, Accuracy: 13404/23808 F1 (56.3004%)


Val set: Average loss: 2.0698, Accuracy: 199/360 F1 (55.2778%)

best acc test 54.632897  acc val 55.277778 acc labeled target 54.444444
saving model...
S real T sketch Train Ep: 2100 lr0.008667841720414475 	 Loss Classification: 0.858171 Loss T 0.110392 Method MME

S real T sketch Train Ep: 2200 lr0.008614501024650454 	 Loss Classification: 0.572391 Loss T 0.114568 Method MME

S real T sketch Train Ep: 2300 lr0.008561920016164943 	 Loss Classification: 0.445976 Loss T 0.107748 Method MME

S real T sketch Train Ep: 2400 lr0.008510081829966844 	 Loss Classification: 0.382600 Loss T 0.130860 Method MME

S real T sketch Train Ep: 2500 lr0.008458970107524513 	 Loss Classification: 1.034302 Loss T 0.095000 Method MME


Labeled Target set: Average loss: 2.0622, Accuracy: 591/1080 F1 (54.7222%)


Test set: Average loss: 2.1156, Accuracy: 13948/23808 F1 (58.5854%)


Val set: Average loss: 1.9311, Accuracy: 202/360 F1 (56.1111%)

best acc test 54.632897  acc val 56.111111 acc labeled target 54.722222
saving model...
S real T sketch Train Ep: 2600 lr0.008408568977653933 	 Loss Classification: 0.483863 Loss T 0.109398 Method MME

S real T sketch Train Ep: 2700 lr0.00835886303827305 	 Loss Classification: 0.932503 Loss T 0.113704 Method MME

S real T sketch Train Ep: 2800 lr0.008309837338976545 	 Loss Classification: 0.400571 Loss T 0.096370 Method MME

S real T sketch Train Ep: 2900 lr0.008261477364388068 	 Loss Classification: 1.225624 Loss T 0.115710 Method MME

S real T sketch Train Ep: 3000 lr0.008213769018249545 	 Loss Classification: 0.929450 Loss T 0.111837 Method MME


Labeled Target set: Average loss: 2.0518, Accuracy: 604/1080 F1 (55.9259%)


Test set: Average loss: 2.1191, Accuracy: 14196/23808 F1 (59.6270%)


Val set: Average loss: 1.9093, Accuracy: 215/360 F1 (59.7222%)

best acc test 59.627016  acc val 59.722222 acc labeled target 55.925926
saving model...
S real T sketch Train Ep: 3100 lr0.008166698608209509 	 Loss Classification: 0.390063 Loss T 0.103908 Method MME

S real T sketch Train Ep: 3200 lr0.008120252831274708 	 Loss Classification: 0.332285 Loss T 0.101115 Method MME

S real T sketch Train Ep: 3300 lr0.008074418759891278 	 Loss Classification: 0.787853 Loss T 0.105064 Method MME

S real T sketch Train Ep: 3400 lr0.008029183828623731 	 Loss Classification: 0.292041 Loss T 0.095680 Method MME

S real T sketch Train Ep: 3500 lr0.007984535821401871 	 Loss Classification: 0.784281 Loss T 0.089542 Method MME


Labeled Target set: Average loss: 2.0879, Accuracy: 607/1080 F1 (56.2037%)


Test set: Average loss: 2.1777, Accuracy: 14158/23808 F1 (59.4674%)


Val set: Average loss: 1.9560, Accuracy: 212/360 F1 (58.8889%)

best acc test 59.627016  acc val 58.888889 acc labeled target 56.203704
saving model...
S real T sketch Train Ep: 3600 lr0.007940462859307384 	 Loss Classification: 0.412935 Loss T 0.127122 Method MME

S real T sketch Train Ep: 3700 lr0.007896953388873518 	 Loss Classification: 1.216076 Loss T 0.095303 Method MME

S real T sketch Train Ep: 3800 lr0.007853996170872714 	 Loss Classification: 0.989824 Loss T 0.092103 Method MME

S real T sketch Train Ep: 3900 lr0.00781158026956848 	 Loss Classification: 0.380262 Loss T 0.093398 Method MME

S real T sketch Train Ep: 4000 lr0.007769695042409123 	 Loss Classification: 0.898187 Loss T 0.092094 Method MME


Labeled Target set: Average loss: 0.0938, Accuracy: 1064/1080 F1 (98.5185%)


Test set: Average loss: 2.0407, Accuracy: 14639/23808 F1 (61.4877%)


Val set: Average loss: 1.7379, Accuracy: 227/360 F1 (63.0556%)

best acc test 61.487735  acc val 63.055556 acc labeled target 98.518519
saving model...
S real T sketch Train Ep: 4100 lr0.007728330130142108 	 Loss Classification: 0.574845 Loss T 0.088372 Method MME

S real T sketch Train Ep: 4200 lr0.007687475447329114 	 Loss Classification: 0.915922 Loss T 0.083777 Method MME

S real T sketch Train Ep: 4300 lr0.0076471211732427845 	 Loss Classification: 0.565543 Loss T 0.081384 Method MME

S real T sketch Train Ep: 4400 lr0.007607257743127307 	 Loss Classification: 0.400501 Loss T 0.107729 Method MME

S real T sketch Train Ep: 4500 lr0.007567875839805858 	 Loss Classification: 0.473315 Loss T 0.096946 Method MME


Labeled Target set: Average loss: 0.0603, Accuracy: 1064/1080 F1 (98.5185%)


Test set: Average loss: 1.9514, Accuracy: 15045/23808 F1 (63.1930%)


Val set: Average loss: 1.5722, Accuracy: 249/360 F1 (69.1667%)

best acc test 63.193044  acc val 69.166667 acc labeled target 98.518519
saving model...
S real T sketch Train Ep: 4600 lr0.007528966385618854 	 Loss Classification: 0.479092 Loss T 0.083540 Method MME

S real T sketch Train Ep: 4700 lr0.007490520534677821 	 Loss Classification: 0.636912 Loss T 0.066721 Method MME

S real T sketch Train Ep: 4800 lr0.007452529665420465 	 Loss Classification: 0.757191 Loss T 0.086958 Method MME

S real T sketch Train Ep: 4900 lr0.007414985373453289 	 Loss Classification: 0.414793 Loss T 0.069673 Method MME

S real T sketch Train Ep: 5000 lr0.007377879464668811 	 Loss Classification: 0.873512 Loss T 0.059041 Method MME


Labeled Target set: Average loss: 0.0735, Accuracy: 1064/1080 F1 (98.5185%)


Test set: Average loss: 1.9412, Accuracy: 15339/23808 F1 (64.4279%)


Val set: Average loss: 1.6247, Accuracy: 232/360 F1 (64.4444%)

best acc test 63.193044  acc val 64.444444 acc labeled target 98.518519
saving model...
S real T sketch Train Ep: 5100 lr0.007341203948625087 	 Loss Classification: 0.902199 Loss T 0.089806 Method MME

S real T sketch Train Ep: 5200 lr0.007304951032175895 	 Loss Classification: 0.691331 Loss T 0.056724 Method MME

S real T sketch Train Ep: 5300 lr0.007269113113340497 	 Loss Classification: 0.392748 Loss T 0.083872 Method MME

S real T sketch Train Ep: 5400 lr0.007233682775402483 	 Loss Classification: 0.352901 Loss T 0.059631 Method MME

S real T sketch Train Ep: 5500 lr0.007198652781227704 	 Loss Classification: 0.434863 Loss T 0.073766 Method MME


Labeled Target set: Average loss: 0.0649, Accuracy: 1066/1080 F1 (98.7037%)


Test set: Average loss: 1.9247, Accuracy: 15446/23808 F1 (64.8773%)


Val set: Average loss: 1.6194, Accuracy: 234/360 F1 (65.0000%)

best acc test 63.193044  acc val 65.000000 acc labeled target 98.703704
saving model...
S real T sketch Train Ep: 5600 lr0.007164016067791809 	 Loss Classification: 0.220863 Loss T 0.079163 Method MME

S real T sketch Train Ep: 5700 lr0.0071297657409083726 	 Loss Classification: 0.635739 Loss T 0.078962 Method MME

S real T sketch Train Ep: 5800 lr0.0070958950701490225 	 Loss Classification: 0.315392 Loss T 0.063071 Method MME

S real T sketch Train Ep: 5900 lr0.007062397483947426 	 Loss Classification: 0.111346 Loss T 0.088885 Method MME

S real T sketch Train Ep: 6000 lr0.007029266564879363 	 Loss Classification: 0.853028 Loss T 0.079085 Method MME


Labeled Target set: Average loss: 0.0462, Accuracy: 1069/1080 F1 (98.9815%)


Test set: Average loss: 1.9052, Accuracy: 15679/23808 F1 (65.8560%)


Val set: Average loss: 1.5965, Accuracy: 247/360 F1 (68.6111%)

best acc test 63.193044  acc val 68.611111 acc labeled target 98.981481
saving model...
S real T sketch Train Ep: 6100 lr0.006996496045111504 	 Loss Classification: 0.754011 Loss T 0.059828 Method MME

S real T sketch Train Ep: 6200 lr0.00696407980201184 	 Loss Classification: 0.457552 Loss T 0.051816 Method MME

S real T sketch Train Ep: 6300 lr0.006932011853915101 	 Loss Classification: 0.530590 Loss T 0.073979 Method MME

S real T sketch Train Ep: 6400 lr0.006900286356036734 	 Loss Classification: 0.303974 Loss T 0.086003 Method MME

S real T sketch Train Ep: 6500 lr0.006868897596529406 	 Loss Classification: 0.738296 Loss T 0.071471 Method MME


Labeled Target set: Average loss: 0.0500, Accuracy: 1068/1080 F1 (98.8889%)


Test set: Average loss: 1.8973, Accuracy: 15837/23808 F1 (66.5197%)


Val set: Average loss: 1.5774, Accuracy: 241/360 F1 (66.9444%)

best acc test 63.193044  acc val 66.944444 acc labeled target 98.888889
saving model...
S real T sketch Train Ep: 6600 lr0.006837839992676177 	 Loss Classification: 0.464681 Loss T 0.078256 Method MME

S real T sketch Train Ep: 6700 lr0.006807108087214876 	 Loss Classification: 0.603804 Loss T 0.073818 Method MME

S real T sketch Train Ep: 6800 lr0.006776696544788352 	 Loss Classification: 0.286075 Loss T 0.061723 Method MME

S real T sketch Train Ep: 6900 lr0.006746600148515609 	 Loss Classification: 0.606468 Loss T 0.068261 Method MME

S real T sketch Train Ep: 7000 lr0.006716813796678979 	 Loss Classification: 0.850454 Loss T 0.075823 Method MME


Labeled Target set: Average loss: 0.0470, Accuracy: 1069/1080 F1 (98.9815%)


Test set: Average loss: 1.8876, Accuracy: 15985/23808 F1 (67.1413%)


Val set: Average loss: 1.6243, Accuracy: 237/360 F1 (65.8333%)

best acc test 63.193044  acc val 65.833333 acc labeled target 98.981481
saving model...
S real T sketch Train Ep: 7100 lr0.006687332499522798 	 Loss Classification: 0.635023 Loss T 0.069100 Method MME

S real T sketch Train Ep: 7200 lr0.006658151376159165 	 Loss Classification: 0.494177 Loss T 0.069534 Method MME

S real T sketch Train Ep: 7300 lr0.00662926565157663 	 Loss Classification: 0.750552 Loss T 0.063181 Method MME

S real T sketch Train Ep: 7400 lr0.006600670653747793 	 Loss Classification: 0.677910 Loss T 0.065128 Method MME

S real T sketch Train Ep: 7500 lr0.0065723618108320175 	 Loss Classification: 0.375635 Loss T 0.091844 Method MME


Labeled Target set: Average loss: 0.0364, Accuracy: 1070/1080 F1 (99.0741%)


Test set: Average loss: 1.9160, Accuracy: 15921/23808 F1 (66.8725%)


Val set: Average loss: 1.6031, Accuracy: 241/360 F1 (66.9444%)

