Dataset multi Source real Target sketch Labeled num perclass 3 Network resnet34
126 classes in this dataset
S real T sketch Train Ep: 0 lr0.01 	 Loss Classification: 4.931916 Loss T 0.471079 Method MME

S real T sketch Train Ep: 100 lr0.009925650290240803 	 Loss Classification: 0.723684 Loss T 0.277571 Method MME

S real T sketch Train Ep: 200 lr0.009852577760521605 	 Loss Classification: 1.065591 Loss T 0.231233 Method MME

S real T sketch Train Ep: 300 lr0.009780748269686728 	 Loss Classification: 0.544601 Loss T 0.208750 Method MME

S real T sketch Train Ep: 400 lr0.009710128909124701 	 Loss Classification: 0.461216 Loss T 0.159027 Method MME

S real T sketch Train Ep: 500 lr0.00964068794694323 	 Loss Classification: 0.487841 Loss T 0.160968 Method MME


Test set: Average loss: 3.2820, Accuracy: 7185/23808 F1 (30%)


Test set: Average loss: 3.0933, Accuracy: 113/360 F1 (31%)

best acc test 30.178931 best acc val 31.388889
record record/multi/MME/MME_net_resnet34_real_to_sketch_num_3
saving model...
S real T sketch Train Ep: 600 lr0.00957239477517603 	 Loss Classification: 0.301159 Loss T 0.166501 Method MME

S real T sketch Train Ep: 700 lr0.009505219859830012 	 Loss Classification: 0.626313 Loss T 0.146717 Method MME

S real T sketch Train Ep: 800 lr0.009439134693595126 	 Loss Classification: 0.514096 Loss T 0.137304 Method MME

S real T sketch Train Ep: 900 lr0.009374111751051751 	 Loss Classification: 0.307233 Loss T 0.182574 Method MME

S real T sketch Train Ep: 1000 lr0.009310124446222227 	 Loss Classification: 0.492866 Loss T 0.151712 Method MME


Test set: Average loss: 3.3842, Accuracy: 6666/23808 F1 (28%)


Test set: Average loss: 3.1149, Accuracy: 107/360 F1 (30%)

best acc test 30.178931 best acc val 29.722222
record record/multi/MME/MME_net_resnet34_real_to_sketch_num_3
saving model...
S real T sketch Train Ep: 1100 lr0.00924714709232377 	 Loss Classification: 0.504199 Loss T 0.134160 Method MME

S real T sketch Train Ep: 1200 lr0.009185154863590003 	 Loss Classification: 0.097784 Loss T 0.117282 Method MME

S real T sketch Train Ep: 1300 lr0.00912412375903735 	 Loss Classification: 0.187996 Loss T 0.150187 Method MME

S real T sketch Train Ep: 1400 lr0.009064030568061049 	 Loss Classification: 0.340553 Loss T 0.166917 Method MME

S real T sketch Train Ep: 1500 lr0.009004852837753237 	 Loss Classification: 0.330603 Loss T 0.130922 Method MME


Test set: Average loss: 3.1910, Accuracy: 7770/23808 F1 (33%)


Test set: Average loss: 2.9340, Accuracy: 131/360 F1 (36%)

best acc test 32.636089 best acc val 36.388889
record record/multi/MME/MME_net_resnet34_real_to_sketch_num_3
saving model...
S real T sketch Train Ep: 1600 lr0.008946568841842816 	 Loss Classification: 0.160675 Loss T 0.163943 Method MME

S real T sketch Train Ep: 1700 lr0.008889157551163433 	 Loss Classification: 0.375303 Loss T 0.170557 Method MME

S real T sketch Train Ep: 1800 lr0.008832598605562044 	 Loss Classification: 0.515728 Loss T 0.131467 Method MME

S real T sketch Train Ep: 1900 lr0.008776872287166303 	 Loss Classification: 0.348693 Loss T 0.169498 Method MME

S real T sketch Train Ep: 2000 lr0.008721959494934213 	 Loss Classification: 0.251965 Loss T 0.167673 Method MME


Test set: Average loss: 3.2345, Accuracy: 7664/23808 F1 (32%)


Test set: Average loss: 3.0144, Accuracy: 125/360 F1 (35%)

best acc test 32.636089 best acc val 34.722222
record record/multi/MME/MME_net_resnet34_real_to_sketch_num_3
saving model...
S real T sketch Train Ep: 2100 lr0.008667841720414475 	 Loss Classification: 0.149896 Loss T 0.147280 Method MME

S real T sketch Train Ep: 2200 lr0.008614501024650454 	 Loss Classification: 0.263307 Loss T 0.155998 Method MME

S real T sketch Train Ep: 2300 lr0.008561920016164943 	 Loss Classification: 0.362350 Loss T 0.138621 Method MME

S real T sketch Train Ep: 2400 lr0.008510081829966844 	 Loss Classification: 0.259813 Loss T 0.176269 Method MME

S real T sketch Train Ep: 2500 lr0.008458970107524513 	 Loss Classification: 0.648082 Loss T 0.166677 Method MME


Test set: Average loss: 3.0711, Accuracy: 8251/23808 F1 (35%)


Test set: Average loss: 2.8580, Accuracy: 138/360 F1 (38%)

best acc test 34.656418 best acc val 38.333333
record record/multi/MME/MME_net_resnet34_real_to_sketch_num_3
saving model...
S real T sketch Train Ep: 2600 lr0.008408568977653933 	 Loss Classification: 0.223927 Loss T 0.160014 Method MME

S real T sketch Train Ep: 2700 lr0.00835886303827305 	 Loss Classification: 0.278857 Loss T 0.175561 Method MME

S real T sketch Train Ep: 2800 lr0.008309837338976545 	 Loss Classification: 0.366610 Loss T 0.196960 Method MME

S real T sketch Train Ep: 2900 lr0.008261477364388068 	 Loss Classification: 0.246584 Loss T 0.179221 Method MME

S real T sketch Train Ep: 3000 lr0.008213769018249545 	 Loss Classification: 0.240362 Loss T 0.154541 Method MME


Test set: Average loss: 3.3357, Accuracy: 7783/23808 F1 (33%)


Test set: Average loss: 3.0435, Accuracy: 131/360 F1 (36%)

best acc test 34.656418 best acc val 36.388889
record record/multi/MME/MME_net_resnet34_real_to_sketch_num_3
saving model...
S real T sketch Train Ep: 3100 lr0.008166698608209509 	 Loss Classification: 0.146011 Loss T 0.156336 Method MME

S real T sketch Train Ep: 3200 lr0.008120252831274708 	 Loss Classification: 0.308037 Loss T 0.161269 Method MME

S real T sketch Train Ep: 3300 lr0.008074418759891278 	 Loss Classification: 0.136754 Loss T 0.155311 Method MME

S real T sketch Train Ep: 3400 lr0.008029183828623731 	 Loss Classification: 0.282366 Loss T 0.140140 Method MME

S real T sketch Train Ep: 3500 lr0.007984535821401871 	 Loss Classification: 0.284932 Loss T 0.129404 Method MME


Test set: Average loss: 3.3554, Accuracy: 8078/23808 F1 (34%)


Test set: Average loss: 3.1097, Accuracy: 125/360 F1 (35%)

best acc test 34.656418 best acc val 34.722222
record record/multi/MME/MME_net_resnet34_real_to_sketch_num_3
saving model...
S real T sketch Train Ep: 3600 lr0.007940462859307384 	 Loss Classification: 0.214807 Loss T 0.145242 Method MME

S real T sketch Train Ep: 3700 lr0.007896953388873518 	 Loss Classification: 0.208092 Loss T 0.128456 Method MME

S real T sketch Train Ep: 3800 lr0.007853996170872714 	 Loss Classification: 0.478634 Loss T 0.154025 Method MME

S real T sketch Train Ep: 3900 lr0.00781158026956848 	 Loss Classification: 0.274157 Loss T 0.120995 Method MME

S real T sketch Train Ep: 4000 lr0.007769695042409123 	 Loss Classification: 0.134291 Loss T 0.123043 Method MME


Test set: Average loss: 3.9755, Accuracy: 6962/23808 F1 (29%)


Test set: Average loss: 3.7069, Accuracy: 114/360 F1 (32%)

best acc test 34.656418 best acc val 31.666667
record record/multi/MME/MME_net_resnet34_real_to_sketch_num_3
saving model...
S real T sketch Train Ep: 4100 lr0.007728330130142108 	 Loss Classification: 0.250454 Loss T 0.160461 Method MME

S real T sketch Train Ep: 4200 lr0.007687475447329114 	 Loss Classification: 0.168889 Loss T 0.117312 Method MME

S real T sketch Train Ep: 4300 lr0.0076471211732427845 	 Loss Classification: 0.297049 Loss T 0.154681 Method MME

S real T sketch Train Ep: 4400 lr0.007607257743127307 	 Loss Classification: 0.097503 Loss T 0.122246 Method MME

S real T sketch Train Ep: 4500 lr0.007567875839805858 	 Loss Classification: 0.328812 Loss T 0.139633 Method MME


Test set: Average loss: 5.0167, Accuracy: 4321/23808 F1 (18%)


Test set: Average loss: 4.7524, Accuracy: 68/360 F1 (19%)

best acc test 34.656418 best acc val 18.888889
record record/multi/MME/MME_net_resnet34_real_to_sketch_num_3
saving model...
S real T sketch Train Ep: 4600 lr0.007528966385618854 	 Loss Classification: 0.296641 Loss T 0.132623 Method MME

S real T sketch Train Ep: 4700 lr0.007490520534677821 	 Loss Classification: 0.239545 Loss T 0.084497 Method MME

S real T sketch Train Ep: 4800 lr0.007452529665420465 	 Loss Classification: 0.108559 Loss T 0.105149 Method MME

S real T sketch Train Ep: 4900 lr0.007414985373453289 	 Loss Classification: 0.193195 Loss T 0.107716 Method MME

S real T sketch Train Ep: 5000 lr0.007377879464668811 	 Loss Classification: 0.140204 Loss T 0.123805 Method MME


Test set: Average loss: 5.6077, Accuracy: 3021/23808 F1 (13%)


Test set: Average loss: 5.4688, Accuracy: 42/360 F1 (12%)

best acc test 34.656418 best acc val 11.666667
record record/multi/MME/MME_net_resnet34_real_to_sketch_num_3
saving model...
S real T sketch Train Ep: 5100 lr0.007341203948625087 	 Loss Classification: 0.345084 Loss T 0.097388 Method MME

S real T sketch Train Ep: 5200 lr0.007304951032175895 	 Loss Classification: 0.235844 Loss T 0.077640 Method MME

S real T sketch Train Ep: 5300 lr0.007269113113340497 	 Loss Classification: 0.178861 Loss T 0.082232 Method MME

S real T sketch Train Ep: 5400 lr0.007233682775402483 	 Loss Classification: 0.145282 Loss T 0.078789 Method MME

S real T sketch Train Ep: 5500 lr0.007198652781227704 	 Loss Classification: 0.209126 Loss T 0.128174 Method MME


Test set: Average loss: 6.3291, Accuracy: 2565/23808 F1 (11%)


Test set: Average loss: 6.1183, Accuracy: 37/360 F1 (10%)

