Dataset multi Source real Target sketch Labeled num perclass 3 Network resnet34
126 classes in this dataset
23826
dict_keys(['feat_vec', 'labels', 'names'])
23826
S real T sketch Train Ep: 0 lr0.01 	 Loss Classification: 4.937640 Loss T 0.469398 Method MME

S real T sketch Train Ep: 100 lr0.009925650290240803 	 Loss Classification: 0.627149 Loss T 0.311140 Method MME

S real T sketch Train Ep: 200 lr0.009852577760521605 	 Loss Classification: 0.613188 Loss T 0.244195 Method MME

S real T sketch Train Ep: 300 lr0.009780748269686728 	 Loss Classification: 0.239673 Loss T 0.228689 Method MME

S real T sketch Train Ep: 400 lr0.009710128909124701 	 Loss Classification: 0.510446 Loss T 0.184508 Method MME

S real T sketch Train Ep: 500 lr0.00964068794694323 	 Loss Classification: 0.282271 Loss T 0.207567 Method MME


Test set: Average loss: 2.0815, Accuracy: 12817/23808 F1 (54%)


Test set: Average loss: 1.9025, Accuracy: 201/360 F1 (56%)

best acc test 53.834845 best acc val 55.833333
tensor([[0.7312, 0.7045, 0.7339,  ..., 0.6868, 0.7628, 0.7054],
        [0.7291, 0.7088, 0.7212,  ..., 0.6866, 0.7600, 0.7186],
        [0.7279, 0.7013, 0.7321,  ..., 0.7030, 0.7516, 0.7071],
        ...,
        [0.7543, 0.6897, 0.7671,  ..., 0.6955, 0.7247, 0.7418],
        [0.7336, 0.7055, 0.7347,  ..., 0.6830, 0.7561, 0.7005],
        [0.7311, 0.6881, 0.7689,  ..., 0.7067, 0.7462, 0.7120]],
       device='cuda:0', grad_fn=<MmBackward>)
saving model...
S real T sketch Train Ep: 600 lr0.00957239477517603 	 Loss Classification: 0.487204 Loss T 0.160128 Method MME

S real T sketch Train Ep: 700 lr0.009505219859830012 	 Loss Classification: 0.386753 Loss T 0.132660 Method MME

S real T sketch Train Ep: 800 lr0.009439134693595126 	 Loss Classification: 0.245334 Loss T 0.161921 Method MME

S real T sketch Train Ep: 900 lr0.009374111751051751 	 Loss Classification: 0.358717 Loss T 0.184107 Method MME

S real T sketch Train Ep: 1000 lr0.009310124446222227 	 Loss Classification: 0.354238 Loss T 0.133943 Method MME


Test set: Average loss: 1.9404, Accuracy: 13740/23808 F1 (58%)


Test set: Average loss: 1.6868, Accuracy: 223/360 F1 (62%)

best acc test 57.711694 best acc val 61.944444
tensor([[0.7361, 0.7146, 0.7075,  ..., 0.7702, 0.6954, 0.7447],
        [0.6750, 0.6956, 0.6761,  ..., 0.6905, 0.6685, 0.7317],
        [0.7086, 0.7078, 0.7092,  ..., 0.7073, 0.6906, 0.7778],
        ...,
        [0.7115, 0.7099, 0.7158,  ..., 0.7108, 0.7065, 0.7423],
        [0.7207, 0.7226, 0.7595,  ..., 0.7646, 0.6795, 0.7276],
        [0.7262, 0.6917, 0.7006,  ..., 0.7061, 0.7103, 0.7484]],
       device='cuda:0', grad_fn=<MmBackward>)
saving model...
S real T sketch Train Ep: 1100 lr0.00924714709232377 	 Loss Classification: 0.368740 Loss T 0.151393 Method MME

S real T sketch Train Ep: 1200 lr0.009185154863590003 	 Loss Classification: 0.387530 Loss T 0.162149 Method MME

S real T sketch Train Ep: 1300 lr0.00912412375903735 	 Loss Classification: 0.321926 Loss T 0.148688 Method MME

S real T sketch Train Ep: 1400 lr0.009064030568061049 	 Loss Classification: 0.422459 Loss T 0.131064 Method MME

S real T sketch Train Ep: 1500 lr0.009004852837753237 	 Loss Classification: 0.246300 Loss T 0.139322 Method MME


Test set: Average loss: 1.8499, Accuracy: 14437/23808 F1 (61%)


Test set: Average loss: 1.6215, Accuracy: 222/360 F1 (62%)

best acc test 57.711694 best acc val 61.666667
tensor([[0.6890, 0.7480, 0.7399,  ..., 0.6519, 0.6807, 0.7282],
        [0.6982, 0.6917, 0.7065,  ..., 0.6208, 0.6531, 0.7223],
        [0.7110, 0.7053, 0.7109,  ..., 0.6687, 0.6429, 0.6933],
        ...,
        [0.7088, 0.7168, 0.6361,  ..., 0.6589, 0.6555, 0.7092],
        [0.7093, 0.7479, 0.6533,  ..., 0.6598, 0.6610, 0.7181],
        [0.7113, 0.6902, 0.6781,  ..., 0.6251, 0.6521, 0.7032]],
       device='cuda:0', grad_fn=<MmBackward>)
saving model...
S real T sketch Train Ep: 1600 lr0.008946568841842816 	 Loss Classification: 0.477182 Loss T 0.102786 Method MME

S real T sketch Train Ep: 1700 lr0.008889157551163433 	 Loss Classification: 0.250609 Loss T 0.151562 Method MME

S real T sketch Train Ep: 1800 lr0.008832598605562044 	 Loss Classification: 0.367780 Loss T 0.118761 Method MME

S real T sketch Train Ep: 1900 lr0.008776872287166303 	 Loss Classification: 0.247668 Loss T 0.136049 Method MME

S real T sketch Train Ep: 2000 lr0.008721959494934213 	 Loss Classification: 0.445803 Loss T 0.095143 Method MME


Test set: Average loss: 1.8123, Accuracy: 14772/23808 F1 (62%)


Test set: Average loss: 1.5240, Accuracy: 231/360 F1 (64%)

best acc test 62.046371 best acc val 64.166667
tensor([[0.5359, 0.6433, 0.6197,  ..., 0.6847, 0.6905, 0.6407],
        [0.5260, 0.6559, 0.6521,  ..., 0.6838, 0.7130, 0.6032],
        [0.5581, 0.6454, 0.6331,  ..., 0.6877, 0.6463, 0.5966],
        ...,
        [0.5425, 0.6612, 0.6694,  ..., 0.6585, 0.6996, 0.5983],
        [0.5564, 0.7122, 0.6487,  ..., 0.7063, 0.7041, 0.6598],
        [0.5559, 0.6777, 0.6572,  ..., 0.6738, 0.7508, 0.6504]],
       device='cuda:0', grad_fn=<MmBackward>)
saving model...
S real T sketch Train Ep: 2100 lr0.008667841720414475 	 Loss Classification: 0.165943 Loss T 0.126812 Method MME

S real T sketch Train Ep: 2200 lr0.008614501024650454 	 Loss Classification: 0.452322 Loss T 0.118558 Method MME

S real T sketch Train Ep: 2300 lr0.008561920016164943 	 Loss Classification: 0.304253 Loss T 0.096581 Method MME

S real T sketch Train Ep: 2400 lr0.008510081829966844 	 Loss Classification: 0.222074 Loss T 0.107570 Method MME

S real T sketch Train Ep: 2500 lr0.008458970107524513 	 Loss Classification: 0.401751 Loss T 0.092226 Method MME


Test set: Average loss: 1.8341, Accuracy: 15020/23808 F1 (63%)


Test set: Average loss: 1.5890, Accuracy: 232/360 F1 (64%)

best acc test 63.088038 best acc val 64.444444
tensor([[0.6055, 0.5965, 0.6444,  ..., 0.6623, 0.6056, 0.5721],
        [0.6691, 0.6212, 0.6660,  ..., 0.7032, 0.6057, 0.5707],
        [0.6240, 0.6230, 0.6847,  ..., 0.6846, 0.5678, 0.5725],
        ...,
        [0.6389, 0.6056, 0.6552,  ..., 0.6105, 0.6300, 0.6824],
        [0.6652, 0.7005, 0.6978,  ..., 0.6944, 0.6925, 0.6211],
        [0.6644, 0.6422, 0.7269,  ..., 0.6927, 0.6722, 0.6447]],
       device='cuda:0', grad_fn=<MmBackward>)
saving model...
S real T sketch Train Ep: 2600 lr0.008408568977653933 	 Loss Classification: 0.281863 Loss T 0.117544 Method MME

S real T sketch Train Ep: 2700 lr0.00835886303827305 	 Loss Classification: 0.383736 Loss T 0.085027 Method MME

S real T sketch Train Ep: 2800 lr0.008309837338976545 	 Loss Classification: 0.544699 Loss T 0.099855 Method MME

S real T sketch Train Ep: 2900 lr0.008261477364388068 	 Loss Classification: 0.362340 Loss T 0.142172 Method MME

S real T sketch Train Ep: 3000 lr0.008213769018249545 	 Loss Classification: 0.194734 Loss T 0.119994 Method MME


Test set: Average loss: 1.7695, Accuracy: 15239/23808 F1 (64%)


Test set: Average loss: 1.4899, Accuracy: 238/360 F1 (66%)

best acc test 64.007897 best acc val 66.111111
tensor([[0.6267, 0.5927, 0.6054,  ..., 0.6253, 0.6269, 0.6419],
        [0.6515, 0.6101, 0.6153,  ..., 0.6174, 0.6305, 0.6866],
        [0.6204, 0.5704, 0.6115,  ..., 0.6165, 0.6119, 0.6854],
        ...,
        [0.6362, 0.6741, 0.6067,  ..., 0.6979, 0.6918, 0.6495],
        [0.6633, 0.6920, 0.6372,  ..., 0.7557, 0.7157, 0.6708],
        [0.6437, 0.6764, 0.6541,  ..., 0.7302, 0.6757, 0.6695]],
       device='cuda:0', grad_fn=<MmBackward>)
saving model...
S real T sketch Train Ep: 3100 lr0.008166698608209509 	 Loss Classification: 0.124286 Loss T 0.105443 Method MME

S real T sketch Train Ep: 3200 lr0.008120252831274708 	 Loss Classification: 0.201961 Loss T 0.088248 Method MME

S real T sketch Train Ep: 3300 lr0.008074418759891278 	 Loss Classification: 0.404403 Loss T 0.098422 Method MME

S real T sketch Train Ep: 3400 lr0.008029183828623731 	 Loss Classification: 0.252517 Loss T 0.102237 Method MME

S real T sketch Train Ep: 3500 lr0.007984535821401871 	 Loss Classification: 0.504623 Loss T 0.092711 Method MME


Test set: Average loss: 1.8011, Accuracy: 15389/23808 F1 (65%)


Test set: Average loss: 1.5525, Accuracy: 236/360 F1 (66%)

best acc test 64.007897 best acc val 65.555556
tensor([[0.6048, 0.5543, 0.6207,  ..., 0.5897, 0.5984, 0.6462],
        [0.6014, 0.5813, 0.6342,  ..., 0.6209, 0.5976, 0.6266],
        [0.6130, 0.5912, 0.6453,  ..., 0.6041, 0.5494, 0.6073],
        ...,
        [0.5669, 0.6241, 0.5636,  ..., 0.5413, 0.6514, 0.5683],
        [0.6481, 0.6466, 0.6236,  ..., 0.6127, 0.7422, 0.6173],
        [0.6264, 0.6330, 0.6015,  ..., 0.5854, 0.6705, 0.6098]],
       device='cuda:0', grad_fn=<MmBackward>)
saving model...
S real T sketch Train Ep: 3600 lr0.007940462859307384 	 Loss Classification: 0.294104 Loss T 0.101945 Method MME

S real T sketch Train Ep: 3700 lr0.007896953388873518 	 Loss Classification: 0.354908 Loss T 0.079238 Method MME

S real T sketch Train Ep: 3800 lr0.007853996170872714 	 Loss Classification: 0.240108 Loss T 0.092860 Method MME

S real T sketch Train Ep: 3900 lr0.00781158026956848 	 Loss Classification: 0.180676 Loss T 0.089334 Method MME

S real T sketch Train Ep: 4000 lr0.007769695042409123 	 Loss Classification: 1.056668 Loss T 0.086535 Method MME


Test set: Average loss: 1.7745, Accuracy: 15604/23808 F1 (66%)


Test set: Average loss: 1.6119, Accuracy: 234/360 F1 (65%)

best acc test 64.007897 best acc val 65.000000
tensor([[0.6361, 0.5989, 0.5473,  ..., 0.5577, 0.5463, 0.5829],
        [0.6477, 0.6020, 0.5603,  ..., 0.5757, 0.5954, 0.6033],
        [0.6299, 0.5614, 0.5544,  ..., 0.5832, 0.6217, 0.5386],
        ...,
        [0.6299, 0.6514, 0.8096,  ..., 0.5188, 0.5755, 0.5601],
        [0.6859, 0.6734, 0.6728,  ..., 0.6050, 0.6468, 0.6588],
        [0.7028, 0.6184, 0.6525,  ..., 0.5758, 0.5926, 0.5906]],
       device='cuda:0', grad_fn=<MmBackward>)
saving model...
S real T sketch Train Ep: 4100 lr0.007728330130142108 	 Loss Classification: 0.178836 Loss T 0.069018 Method MME

S real T sketch Train Ep: 4200 lr0.007687475447329114 	 Loss Classification: 0.405479 Loss T 0.082688 Method MME

S real T sketch Train Ep: 4300 lr0.0076471211732427845 	 Loss Classification: 0.187911 Loss T 0.097054 Method MME

S real T sketch Train Ep: 4400 lr0.007607257743127307 	 Loss Classification: 0.132287 Loss T 0.100757 Method MME

S real T sketch Train Ep: 4500 lr0.007567875839805858 	 Loss Classification: 0.583974 Loss T 0.067580 Method MME


Test set: Average loss: 1.8466, Accuracy: 15668/23808 F1 (66%)


Test set: Average loss: 1.5620, Accuracy: 234/360 F1 (65%)

best acc test 64.007897 best acc val 65.000000
tensor([[0.7615, 0.5541, 0.5869,  ..., 0.5245, 0.5694, 0.5476],
        [0.7323, 0.5813, 0.6025,  ..., 0.5407, 0.5721, 0.5864],
        [0.7548, 0.5519, 0.5557,  ..., 0.5411, 0.5500, 0.6204],
        ...,
        [0.5838, 0.6139, 0.7034,  ..., 0.5498, 0.6675, 0.5743],
        [0.5992, 0.6323, 0.6835,  ..., 0.5827, 0.6184, 0.5774],
        [0.5829, 0.6260, 0.7071,  ..., 0.5432, 0.6318, 0.6075]],
       device='cuda:0', grad_fn=<MmBackward>)
saving model...
S real T sketch Train Ep: 4600 lr0.007528966385618854 	 Loss Classification: 0.428811 Loss T 0.082380 Method MME

S real T sketch Train Ep: 4700 lr0.007490520534677821 	 Loss Classification: 0.209890 Loss T 0.091208 Method MME

S real T sketch Train Ep: 4800 lr0.007452529665420465 	 Loss Classification: 0.094046 Loss T 0.094318 Method MME

S real T sketch Train Ep: 4900 lr0.007414985373453289 	 Loss Classification: 0.164403 Loss T 0.093377 Method MME

S real T sketch Train Ep: 5000 lr0.007377879464668811 	 Loss Classification: 0.273031 Loss T 0.062524 Method MME


Test set: Average loss: 1.6972, Accuracy: 16024/23808 F1 (67%)


Test set: Average loss: 1.4969, Accuracy: 246/360 F1 (68%)

best acc test 67.305108 best acc val 68.333333
tensor([[0.9255, 0.5168, 0.5903,  ..., 0.5946, 0.7119, 0.5653],
        [0.8023, 0.5567, 0.5976,  ..., 0.6082, 0.6227, 0.6217],
        [0.8591, 0.4928, 0.5764,  ..., 0.5883, 0.7041, 0.5746],
        ...,
        [0.5813, 0.6612, 0.7578,  ..., 0.6485, 0.5654, 0.5988],
        [0.6050, 0.6589, 0.7321,  ..., 0.6166, 0.6154, 0.6556],
        [0.6469, 0.6237, 0.6992,  ..., 0.6488, 0.5881, 0.6020]],
       device='cuda:0', grad_fn=<MmBackward>)
saving model...
S real T sketch Train Ep: 5100 lr0.007341203948625087 	 Loss Classification: 0.206961 Loss T 0.057406 Method MME

S real T sketch Train Ep: 5200 lr0.007304951032175895 	 Loss Classification: 0.077030 Loss T 0.062484 Method MME

S real T sketch Train Ep: 5300 lr0.007269113113340497 	 Loss Classification: 0.324190 Loss T 0.095161 Method MME

S real T sketch Train Ep: 5400 lr0.007233682775402483 	 Loss Classification: 0.092628 Loss T 0.066002 Method MME

S real T sketch Train Ep: 5500 lr0.007198652781227704 	 Loss Classification: 0.579358 Loss T 0.071562 Method MME


Test set: Average loss: 1.7928, Accuracy: 15908/23808 F1 (67%)


Test set: Average loss: 1.4284, Accuracy: 247/360 F1 (69%)

best acc test 66.817876 best acc val 68.611111
tensor([[0.6069, 0.5340, 0.5456,  ..., 0.5786, 0.6080, 0.5800],
        [0.5778, 0.5624, 0.5580,  ..., 0.6132, 0.6993, 0.6897],
        [0.5974, 0.5284, 0.5235,  ..., 0.5760, 0.5899, 0.6130],
        ...,
        [0.5773, 0.5356, 0.5576,  ..., 0.6142, 0.6457, 0.5187],
        [0.6315, 0.5639, 0.5826,  ..., 0.6570, 0.6886, 0.5573],
        [0.5999, 0.5689, 0.5873,  ..., 0.6275, 0.6808, 0.7050]],
       device='cuda:0', grad_fn=<MmBackward>)
saving model...
S real T sketch Train Ep: 5600 lr0.007164016067791809 	 Loss Classification: 0.330162 Loss T 0.104829 Method MME

S real T sketch Train Ep: 5700 lr0.0071297657409083726 	 Loss Classification: 0.312916 Loss T 0.085400 Method MME

S real T sketch Train Ep: 5800 lr0.0070958950701490225 	 Loss Classification: 0.112666 Loss T 0.077469 Method MME

S real T sketch Train Ep: 5900 lr0.007062397483947426 	 Loss Classification: 0.288464 Loss T 0.061100 Method MME

S real T sketch Train Ep: 6000 lr0.007029266564879363 	 Loss Classification: 0.249433 Loss T 0.084094 Method MME


Test set: Average loss: 1.7781, Accuracy: 16017/23808 F1 (67%)


Test set: Average loss: 1.4767, Accuracy: 242/360 F1 (67%)

best acc test 66.817876 best acc val 67.222222
tensor([[0.5629, 0.5333, 0.5580,  ..., 0.6590, 0.6208, 0.6122],
        [0.5527, 0.5494, 0.5855,  ..., 0.6417, 0.5713, 0.6609],
        [0.5357, 0.5372, 0.5394,  ..., 0.6075, 0.5711, 0.6248],
        ...,
        [0.5496, 0.4914, 0.5218,  ..., 0.5804, 0.5523, 0.5308],
        [0.5615, 0.5889, 0.6187,  ..., 0.6057, 0.5992, 0.5879],
        [0.6074, 0.5596, 0.5479,  ..., 0.6750, 0.5676, 0.6049]],
       device='cuda:0', grad_fn=<MmBackward>)
saving model...
S real T sketch Train Ep: 6100 lr0.006996496045111504 	 Loss Classification: 0.153940 Loss T 0.089451 Method MME

S real T sketch Train Ep: 6200 lr0.00696407980201184 	 Loss Classification: 0.148909 Loss T 0.048965 Method MME

S real T sketch Train Ep: 6300 lr0.006932011853915101 	 Loss Classification: 0.237415 Loss T 0.088239 Method MME

S real T sketch Train Ep: 6400 lr0.006900286356036734 	 Loss Classification: 0.154174 Loss T 0.082044 Method MME

S real T sketch Train Ep: 6500 lr0.006868897596529406 	 Loss Classification: 0.393841 Loss T 0.067647 Method MME


Test set: Average loss: 1.8345, Accuracy: 15989/23808 F1 (67%)


Test set: Average loss: 1.5877, Accuracy: 246/360 F1 (68%)

best acc test 66.817876 best acc val 68.333333
tensor([[0.7014, 0.5767, 0.5892,  ..., 0.5405, 0.5827, 0.7194],
        [0.7619, 0.5877, 0.6262,  ..., 0.6171, 0.6730, 0.6950],
        [0.7104, 0.5474, 0.5623,  ..., 0.5945, 0.5704, 0.6676],
        ...,
        [0.5360, 0.5192, 0.5551,  ..., 0.6431, 0.5923, 0.4978],
        [0.5988, 0.6236, 0.6238,  ..., 0.6614, 0.5897, 0.5481],
        [0.6285, 0.5877, 0.5688,  ..., 0.6431, 0.5572, 0.5429]],
       device='cuda:0', grad_fn=<MmBackward>)
saving model...
S real T sketch Train Ep: 6600 lr0.006837839992676177 	 Loss Classification: 0.217535 Loss T 0.080642 Method MME

S real T sketch Train Ep: 6700 lr0.006807108087214876 	 Loss Classification: 0.346425 Loss T 0.069324 Method MME

S real T sketch Train Ep: 6800 lr0.006776696544788352 	 Loss Classification: 0.421194 Loss T 0.071265 Method MME

S real T sketch Train Ep: 6900 lr0.006746600148515609 	 Loss Classification: 0.192411 Loss T 0.055538 Method MME

S real T sketch Train Ep: 7000 lr0.006716813796678979 	 Loss Classification: 0.177889 Loss T 0.087013 Method MME


Test set: Average loss: 1.8618, Accuracy: 15993/23808 F1 (67%)


Test set: Average loss: 1.5977, Accuracy: 242/360 F1 (67%)

best acc test 66.817876 best acc val 67.222222
tensor([[0.5711, 0.6258, 0.5563,  ..., 0.5707, 0.4877, 0.7635],
        [0.6009, 0.6775, 0.5900,  ..., 0.5539, 0.5102, 0.7378],
        [0.5542, 0.6086, 0.5273,  ..., 0.5604, 0.5004, 0.7154],
        ...,
        [0.8630, 0.5556, 0.6005,  ..., 0.5680, 0.5787, 0.5838],
        [0.7542, 0.6151, 0.6950,  ..., 0.5706, 0.5651, 0.6352],
        [0.7499, 0.5805, 0.6095,  ..., 0.5932, 0.6521, 0.6363]],
       device='cuda:0', grad_fn=<MmBackward>)
saving model...
S real T sketch Train Ep: 7100 lr0.006687332499522798 	 Loss Classification: 0.407610 Loss T 0.071503 Method MME

S real T sketch Train Ep: 7200 lr0.006658151376159165 	 Loss Classification: 0.095924 Loss T 0.076164 Method MME

S real T sketch Train Ep: 7300 lr0.00662926565157663 	 Loss Classification: 0.238480 Loss T 0.064568 Method MME

S real T sketch Train Ep: 7400 lr0.006600670653747793 	 Loss Classification: 0.540068 Loss T 0.085414 Method MME

S real T sketch Train Ep: 7500 lr0.0065723618108320175 	 Loss Classification: 0.150746 Loss T 0.066078 Method MME


Test set: Average loss: 1.8619, Accuracy: 16057/23808 F1 (67%)


Test set: Average loss: 1.6532, Accuracy: 235/360 F1 (65%)

best acc test 66.817876 best acc val 65.277778
tensor([[0.5808, 0.6331, 0.5459,  ..., 0.5524, 0.4632, 0.6406],
        [0.5800, 0.5920, 0.5836,  ..., 0.5562, 0.5223, 0.6964],
        [0.5833, 0.5905, 0.5307,  ..., 0.5121, 0.4972, 0.6605],
        ...,
        [0.5714, 0.5420, 0.5367,  ..., 0.5517, 0.5546, 0.5874],
        [0.6112, 0.5948, 0.5915,  ..., 0.7067, 0.5852, 0.5821],
        [0.5744, 0.5619, 0.5798,  ..., 0.5826, 0.5573, 0.6352]],
       device='cuda:0', grad_fn=<MmBackward>)
saving model...
S real T sketch Train Ep: 7600 lr0.006544334648469591 	 Loss Classification: 0.369135 Loss T 0.057062 Method MME

S real T sketch Train Ep: 7700 lr0.006516584787163857 	 Loss Classification: 0.202975 Loss T 0.070183 Method MME

S real T sketch Train Ep: 7800 lr0.006489107939747966 	 Loss Classification: 0.417567 Loss T 0.060396 Method MME

S real T sketch Train Ep: 7900 lr0.0064618999089330565 	 Loss Classification: 0.213624 Loss T 0.065817 Method MME

S real T sketch Train Ep: 8000 lr0.006434956584934828 	 Loss Classification: 0.214543 Loss T 0.053152 Method MME


Test set: Average loss: 1.9429, Accuracy: 15931/23808 F1 (67%)


Test set: Average loss: 1.7075, Accuracy: 236/360 F1 (66%)

best acc test 66.817876 best acc val 65.555556
tensor([[0.5492, 0.6217, 0.6489,  ..., 0.6732, 0.5123, 0.6126],
        [0.5614, 0.6445, 0.6696,  ..., 0.6733, 0.5321, 0.6438],
        [0.5447, 0.6502, 0.6077,  ..., 0.6081, 0.5179, 0.5807],
        ...,
        [0.5027, 0.6563, 0.6237,  ..., 0.5671, 0.4778, 0.5450],
        [0.5314, 0.6731, 0.6498,  ..., 0.6212, 0.5468, 0.6392],
        [0.5240, 0.6702, 0.7358,  ..., 0.5991, 0.5231, 0.6847]],
       device='cuda:0', grad_fn=<MmBackward>)
saving model...
S real T sketch Train Ep: 8100 lr0.006408273943175546 	 Loss Classification: 0.194775 Loss T 0.068771 Method MME

S real T sketch Train Ep: 8200 lr0.006381848042058713 	 Loss Classification: 0.217370 Loss T 0.076786 Method MME

S real T sketch Train Ep: 8300 lr0.0063556750208137005 	 Loss Classification: 0.200648 Loss T 0.054083 Method MME

S real T sketch Train Ep: 8400 lr0.006329751097407787 	 Loss Classification: 0.216068 Loss T 0.054280 Method MME

S real T sketch Train Ep: 8500 lr0.0063040725665231365 	 Loss Classification: 0.364147 Loss T 0.053007 Method MME


Test set: Average loss: 1.8287, Accuracy: 16174/23808 F1 (68%)


Test set: Average loss: 1.6320, Accuracy: 243/360 F1 (68%)

