Dataset multi Source clipart Target sketch Labeled num perclass 3 Network resnet34
126 classes in this dataset
496
S clipart T sketch Train Ep: 0 lr0.01 	 Loss Classification: 5.012040 Loss T 0.472350 Method MME

S clipart T sketch Train Ep: 100 lr0.009925650290240803 	 Loss Classification: 1.596892 Loss T 0.312361 Method MME

S clipart T sketch Train Ep: 200 lr0.009852577760521605 	 Loss Classification: 0.907684 Loss T 0.235990 Method MME

S clipart T sketch Train Ep: 300 lr0.009780748269686728 	 Loss Classification: 0.805391 Loss T 0.207975 Method MME

S clipart T sketch Train Ep: 400 lr0.009710128909124701 	 Loss Classification: 0.507618 Loss T 0.174412 Method MME

S clipart T sketch Train Ep: 500 lr0.00964068794694323 	 Loss Classification: 0.501235 Loss T 0.144995 Method MME


Test set: Average loss: 2.0268, Accuracy: 12751/23808 F1 (54%)


Test set: Average loss: 1.8347, Accuracy: 203/360 F1 (56%)

best acc test 53.557628 best acc val 56.388889
record record/multi/MME/MME_net_resnet34_clipart_to_sketch_num_3
saving model...
S clipart T sketch Train Ep: 600 lr0.00957239477517603 	 Loss Classification: 0.524821 Loss T 0.155299 Method MME

S clipart T sketch Train Ep: 700 lr0.009505219859830012 	 Loss Classification: 0.636093 Loss T 0.177524 Method MME

S clipart T sketch Train Ep: 800 lr0.009439134693595126 	 Loss Classification: 0.285036 Loss T 0.159464 Method MME

S clipart T sketch Train Ep: 900 lr0.009374111751051751 	 Loss Classification: 0.402986 Loss T 0.122516 Method MME

S clipart T sketch Train Ep: 1000 lr0.009310124446222227 	 Loss Classification: 0.340193 Loss T 0.133496 Method MME


Test set: Average loss: 1.8169, Accuracy: 14118/23808 F1 (59%)


Test set: Average loss: 1.7438, Accuracy: 210/360 F1 (58%)

best acc test 59.299395 best acc val 58.333333
record record/multi/MME/MME_net_resnet34_clipart_to_sketch_num_3
saving model...
S clipart T sketch Train Ep: 1100 lr0.00924714709232377 	 Loss Classification: 0.143608 Loss T 0.150330 Method MME

S clipart T sketch Train Ep: 1200 lr0.009185154863590003 	 Loss Classification: 0.770013 Loss T 0.108989 Method MME

S clipart T sketch Train Ep: 1300 lr0.00912412375903735 	 Loss Classification: 0.292537 Loss T 0.104285 Method MME

S clipart T sketch Train Ep: 1400 lr0.009064030568061049 	 Loss Classification: 0.411746 Loss T 0.111612 Method MME

S clipart T sketch Train Ep: 1500 lr0.009004852837753237 	 Loss Classification: 0.270343 Loss T 0.160283 Method MME


Test set: Average loss: 1.8444, Accuracy: 14405/23808 F1 (61%)


Test set: Average loss: 1.6882, Accuracy: 215/360 F1 (60%)

best acc test 60.504872 best acc val 59.722222
record record/multi/MME/MME_net_resnet34_clipart_to_sketch_num_3
saving model...
S clipart T sketch Train Ep: 1600 lr0.008946568841842816 	 Loss Classification: 0.465483 Loss T 0.140337 Method MME

S clipart T sketch Train Ep: 1700 lr0.008889157551163433 	 Loss Classification: 0.293675 Loss T 0.088320 Method MME

S clipart T sketch Train Ep: 1800 lr0.008832598605562044 	 Loss Classification: 0.352955 Loss T 0.105541 Method MME

S clipart T sketch Train Ep: 1900 lr0.008776872287166303 	 Loss Classification: 0.568659 Loss T 0.131973 Method MME

S clipart T sketch Train Ep: 2000 lr0.008721959494934213 	 Loss Classification: 0.335492 Loss T 0.089298 Method MME


Test set: Average loss: 1.8014, Accuracy: 14901/23808 F1 (63%)


Test set: Average loss: 1.6518, Accuracy: 221/360 F1 (61%)

best acc test 62.588206 best acc val 61.388889
record record/multi/MME/MME_net_resnet34_clipart_to_sketch_num_3
saving model...
S clipart T sketch Train Ep: 2100 lr0.008667841720414475 	 Loss Classification: 0.257292 Loss T 0.115663 Method MME

S clipart T sketch Train Ep: 2200 lr0.008614501024650454 	 Loss Classification: 0.314247 Loss T 0.097283 Method MME

S clipart T sketch Train Ep: 2300 lr0.008561920016164943 	 Loss Classification: 0.498285 Loss T 0.084127 Method MME

S clipart T sketch Train Ep: 2400 lr0.008510081829966844 	 Loss Classification: 0.318516 Loss T 0.088893 Method MME

S clipart T sketch Train Ep: 2500 lr0.008458970107524513 	 Loss Classification: 0.267840 Loss T 0.088067 Method MME


Test set: Average loss: 1.8571, Accuracy: 14811/23808 F1 (62%)


Test set: Average loss: 1.7147, Accuracy: 220/360 F1 (61%)

best acc test 62.588206 best acc val 61.111111
record record/multi/MME/MME_net_resnet34_clipart_to_sketch_num_3
saving model...
S clipart T sketch Train Ep: 2600 lr0.008408568977653933 	 Loss Classification: 0.192000 Loss T 0.087039 Method MME

S clipart T sketch Train Ep: 2700 lr0.00835886303827305 	 Loss Classification: 0.296639 Loss T 0.081794 Method MME

S clipart T sketch Train Ep: 2800 lr0.008309837338976545 	 Loss Classification: 0.285259 Loss T 0.065615 Method MME

S clipart T sketch Train Ep: 2900 lr0.008261477364388068 	 Loss Classification: 0.402647 Loss T 0.095973 Method MME

S clipart T sketch Train Ep: 3000 lr0.008213769018249545 	 Loss Classification: 0.290624 Loss T 0.097241 Method MME


Test set: Average loss: 1.7782, Accuracy: 15169/23808 F1 (64%)


Test set: Average loss: 1.6268, Accuracy: 227/360 F1 (63%)

best acc test 63.713878 best acc val 63.055556
record record/multi/MME/MME_net_resnet34_clipart_to_sketch_num_3
saving model...
S clipart T sketch Train Ep: 3100 lr0.008166698608209509 	 Loss Classification: 0.072263 Loss T 0.087785 Method MME

S clipart T sketch Train Ep: 3200 lr0.008120252831274708 	 Loss Classification: 0.143199 Loss T 0.091825 Method MME

S clipart T sketch Train Ep: 3300 lr0.008074418759891278 	 Loss Classification: 0.293984 Loss T 0.101526 Method MME

S clipart T sketch Train Ep: 3400 lr0.008029183828623731 	 Loss Classification: 0.319130 Loss T 0.083910 Method MME

S clipart T sketch Train Ep: 3500 lr0.007984535821401871 	 Loss Classification: 0.062374 Loss T 0.091125 Method MME


Test set: Average loss: 1.7938, Accuracy: 15451/23808 F1 (65%)


Test set: Average loss: 1.5733, Accuracy: 243/360 F1 (68%)

best acc test 64.898353 best acc val 67.500000
record record/multi/MME/MME_net_resnet34_clipart_to_sketch_num_3
saving model...
S clipart T sketch Train Ep: 3600 lr0.007940462859307384 	 Loss Classification: 0.092118 Loss T 0.072008 Method MME

S clipart T sketch Train Ep: 3700 lr0.007896953388873518 	 Loss Classification: 0.331850 Loss T 0.089763 Method MME

S clipart T sketch Train Ep: 3800 lr0.007853996170872714 	 Loss Classification: 0.066607 Loss T 0.086774 Method MME

S clipart T sketch Train Ep: 3900 lr0.00781158026956848 	 Loss Classification: 0.277447 Loss T 0.080013 Method MME

S clipart T sketch Train Ep: 4000 lr0.007769695042409123 	 Loss Classification: 0.185520 Loss T 0.054036 Method MME


Test set: Average loss: 1.7911, Accuracy: 15497/23808 F1 (65%)


Test set: Average loss: 1.5101, Accuracy: 238/360 F1 (66%)

best acc test 64.898353 best acc val 66.111111
record record/multi/MME/MME_net_resnet34_clipart_to_sketch_num_3
saving model...
S clipart T sketch Train Ep: 4100 lr0.007728330130142108 	 Loss Classification: 0.142189 Loss T 0.099696 Method MME

S clipart T sketch Train Ep: 4200 lr0.007687475447329114 	 Loss Classification: 0.158389 Loss T 0.103957 Method MME

S clipart T sketch Train Ep: 4300 lr0.0076471211732427845 	 Loss Classification: 0.114806 Loss T 0.081411 Method MME

S clipart T sketch Train Ep: 4400 lr0.007607257743127307 	 Loss Classification: 0.278669 Loss T 0.092338 Method MME

S clipart T sketch Train Ep: 4500 lr0.007567875839805858 	 Loss Classification: 0.286486 Loss T 0.062509 Method MME


Test set: Average loss: 1.8010, Accuracy: 15646/23808 F1 (66%)


Test set: Average loss: 1.5399, Accuracy: 238/360 F1 (66%)

best acc test 64.898353 best acc val 66.111111
record record/multi/MME/MME_net_resnet34_clipart_to_sketch_num_3
saving model...
S clipart T sketch Train Ep: 4600 lr0.007528966385618854 	 Loss Classification: 0.261869 Loss T 0.100333 Method MME

S clipart T sketch Train Ep: 4700 lr0.007490520534677821 	 Loss Classification: 0.055068 Loss T 0.065526 Method MME

S clipart T sketch Train Ep: 4800 lr0.007452529665420465 	 Loss Classification: 0.174848 Loss T 0.073706 Method MME

S clipart T sketch Train Ep: 4900 lr0.007414985373453289 	 Loss Classification: 0.061373 Loss T 0.082793 Method MME

S clipart T sketch Train Ep: 5000 lr0.007377879464668811 	 Loss Classification: 0.144069 Loss T 0.063138 Method MME


Test set: Average loss: 1.8817, Accuracy: 15580/23808 F1 (65%)


Test set: Average loss: 1.6184, Accuracy: 238/360 F1 (66%)

best acc test 64.898353 best acc val 66.111111
record record/multi/MME/MME_net_resnet34_clipart_to_sketch_num_3
saving model...
S clipart T sketch Train Ep: 5100 lr0.007341203948625087 	 Loss Classification: 0.280537 Loss T 0.073049 Method MME

S clipart T sketch Train Ep: 5200 lr0.007304951032175895 	 Loss Classification: 0.097635 Loss T 0.068501 Method MME

S clipart T sketch Train Ep: 5300 lr0.007269113113340497 	 Loss Classification: 0.195544 Loss T 0.071625 Method MME

S clipart T sketch Train Ep: 5400 lr0.007233682775402483 	 Loss Classification: 0.237281 Loss T 0.074169 Method MME

S clipart T sketch Train Ep: 5500 lr0.007198652781227704 	 Loss Classification: 0.058335 Loss T 0.095680 Method MME


Test set: Average loss: 1.8964, Accuracy: 15630/23808 F1 (66%)


Test set: Average loss: 1.7604, Accuracy: 229/360 F1 (64%)

best acc test 64.898353 best acc val 63.611111
record record/multi/MME/MME_net_resnet34_clipart_to_sketch_num_3
saving model...
S clipart T sketch Train Ep: 5600 lr0.007164016067791809 	 Loss Classification: 0.106029 Loss T 0.058292 Method MME

S clipart T sketch Train Ep: 5700 lr0.0071297657409083726 	 Loss Classification: 0.114100 Loss T 0.067779 Method MME

S clipart T sketch Train Ep: 5800 lr0.0070958950701490225 	 Loss Classification: 0.220784 Loss T 0.047369 Method MME

S clipart T sketch Train Ep: 5900 lr0.007062397483947426 	 Loss Classification: 0.084818 Loss T 0.051924 Method MME

S clipart T sketch Train Ep: 6000 lr0.007029266564879363 	 Loss Classification: 0.122447 Loss T 0.081638 Method MME


Test set: Average loss: 1.8878, Accuracy: 15835/23808 F1 (67%)


Test set: Average loss: 1.6737, Accuracy: 232/360 F1 (64%)

best acc test 64.898353 best acc val 64.444444
record record/multi/MME/MME_net_resnet34_clipart_to_sketch_num_3
saving model...
S clipart T sketch Train Ep: 6100 lr0.006996496045111504 	 Loss Classification: 0.108834 Loss T 0.060674 Method MME

S clipart T sketch Train Ep: 6200 lr0.00696407980201184 	 Loss Classification: 0.240462 Loss T 0.063046 Method MME

S clipart T sketch Train Ep: 6300 lr0.006932011853915101 	 Loss Classification: 0.044173 Loss T 0.041897 Method MME

S clipart T sketch Train Ep: 6400 lr0.006900286356036734 	 Loss Classification: 0.250190 Loss T 0.052179 Method MME

S clipart T sketch Train Ep: 6500 lr0.006868897596529406 	 Loss Classification: 0.317201 Loss T 0.056820 Method MME


Test set: Average loss: 1.8430, Accuracy: 15893/23808 F1 (67%)


Test set: Average loss: 1.7031, Accuracy: 236/360 F1 (66%)

