Dataset multi Target clipart Network resnet34 Num per class 3
126 classes in this dataset
THCudaCheck FAIL file=/opt/conda/conda-bld/pytorch_1535493744281/work/aten/src/THC/THCGeneral.cpp line=663 error=11 : invalid argument
T clipart Ep: 0 lr0.01 	 Loss Class: 4.903221 RotLab: 1.6325408220291138 Ent: 0.4709743559360504 RotUnl: 1.6325408220291138 

T clipart Ep: 100 lr0.009925650290240803 	 Loss Class: 0.532982 RotLab: 0.8914181590080261 Ent: 0.16432777047157288 RotUnl: 0.8914181590080261 

T clipart Ep: 200 lr0.009852577760521605 	 Loss Class: 0.188125 RotLab: 0.5802459120750427 Ent: 0.06989507377147675 RotUnl: 0.5802459120750427 

T clipart Ep: 300 lr0.009780748269686728 	 Loss Class: 0.045318 RotLab: 0.46915531158447266 Ent: 0.03188569098711014 RotUnl: 0.46915531158447266 

T clipart Ep: 400 lr0.009710128909124701 	 Loss Class: 0.072010 RotLab: 0.5963618159294128 Ent: 0.0423707477748394 RotUnl: 0.5963618159294128 

T clipart Ep: 500 lr0.00964068794694323 	 Loss Class: 0.042645 RotLab: 0.32774269580841064 Ent: 0.02890343964099884 RotUnl: 0.32774269580841064 

\Target: Average loss: 3.3709, Accuracy: 5132/18288 F1 (28%)

\Rotation: Average loss: 1.0032, Accuracy: 10059/18288 F1 (55%)

best acc class 28.062117
record record/multi/net_resnet34_clipart
saving model
T clipart Ep: 600 lr0.00957239477517603 	 Loss Class: 0.026140 RotLab: 0.3168430030345917 Ent: 0.02000606432557106 RotUnl: 0.3168430030345917 

T clipart Ep: 700 lr0.009505219859830012 	 Loss Class: 0.031991 RotLab: 0.22297386825084686 Ent: 0.02282058261334896 RotUnl: 0.22297386825084686 

T clipart Ep: 800 lr0.009439134693595126 	 Loss Class: 0.033659 RotLab: 0.2645408809185028 Ent: 0.02366608940064907 RotUnl: 0.2645408809185028 

T clipart Ep: 900 lr0.009374111751051751 	 Loss Class: 0.021677 RotLab: 0.3360118567943573 Ent: 0.01720140501856804 RotUnl: 0.3360118567943573 

T clipart Ep: 1000 lr0.009310124446222227 	 Loss Class: 0.022566 RotLab: 0.23886895179748535 Ent: 0.016677362844347954 RotUnl: 0.23886895179748535 

\Target: Average loss: 3.3976, Accuracy: 5208/18288 F1 (28%)

\Rotation: Average loss: 1.1800, Accuracy: 10104/18288 F1 (55%)

best acc class 28.477690
record record/multi/net_resnet34_clipart
saving model
T clipart Ep: 1100 lr0.00924714709232377 	 Loss Class: 0.025253 RotLab: 0.15183036029338837 Ent: 0.018047437071800232 RotUnl: 0.15183036029338837 

T clipart Ep: 1200 lr0.009185154863590003 	 Loss Class: 0.024232 RotLab: 0.10829637199640274 Ent: 0.01859721913933754 RotUnl: 0.10829637199640274 

T clipart Ep: 1300 lr0.00912412375903735 	 Loss Class: 0.034012 RotLab: 0.2110208123922348 Ent: 0.022668002173304558 RotUnl: 0.2110208123922348 

T clipart Ep: 1400 lr0.009064030568061049 	 Loss Class: 0.015793 RotLab: 0.24132531881332397 Ent: 0.012507903389632702 RotUnl: 0.24132531881332397 

T clipart Ep: 1500 lr0.009004852837753237 	 Loss Class: 0.014673 RotLab: 0.10823120921850204 Ent: 0.012289078906178474 RotUnl: 0.10823120921850204 

\Target: Average loss: 3.4422, Accuracy: 5273/18288 F1 (28%)

\Rotation: Average loss: 1.2675, Accuracy: 10261/18288 F1 (56%)

best acc class 28.833115
record record/multi/net_resnet34_clipart
saving model
T clipart Ep: 1600 lr0.008946568841842816 	 Loss Class: 0.016949 RotLab: 0.04050319269299507 Ent: 0.01359852310270071 RotUnl: 0.04050319269299507 

T clipart Ep: 1700 lr0.008889157551163433 	 Loss Class: 0.017562 RotLab: 0.0492066890001297 Ent: 0.014025981537997723 RotUnl: 0.0492066890001297 

T clipart Ep: 1800 lr0.008832598605562044 	 Loss Class: 0.083563 RotLab: 0.13121019303798676 Ent: 0.017385797575116158 RotUnl: 0.13121019303798676 

T clipart Ep: 1900 lr0.008776872287166303 	 Loss Class: 0.011285 RotLab: 0.24501968920230865 Ent: 0.00975694041699171 RotUnl: 0.24501968920230865 

T clipart Ep: 2000 lr0.008721959494934213 	 Loss Class: 0.018697 RotLab: 0.041127901524305344 Ent: 0.014492004178464413 RotUnl: 0.041127901524305344 

\Target: Average loss: 3.4303, Accuracy: 5194/18288 F1 (28%)

\Rotation: Average loss: 1.2987, Accuracy: 10236/18288 F1 (55%)

best acc class 28.833115
record record/multi/net_resnet34_clipart
saving model
