Dataset multi Target clipart Network resnet34 Num per class 3
126 classes in this dataset
THCudaCheck FAIL file=/opt/conda/conda-bld/pytorch_1535493744281/work/aten/src/THC/THCGeneral.cpp line=663 error=11 : invalid argument
T clipart Ep: 0 lr0.01 	 Loss Class: 4.833079 RotLab: 1.6218026876449585 Ent: 0.4714645445346832 RotUnl: 1.6218026876449585 

T clipart Ep: 100 lr0.009925650290240803 	 Loss Class: 0.263910 RotLab: 0.7115591168403625 Ent: 0.13111011683940887 RotUnl: 0.7115591168403625 

T clipart Ep: 200 lr0.009852577760521605 	 Loss Class: 0.144231 RotLab: 0.5263516902923584 Ent: 0.07065766304731369 RotUnl: 0.5263516902923584 

T clipart Ep: 300 lr0.009780748269686728 	 Loss Class: 0.084496 RotLab: 0.23095738887786865 Ent: 0.042371828109025955 RotUnl: 0.23095738887786865 

T clipart Ep: 400 lr0.009710128909124701 	 Loss Class: 0.064260 RotLab: 0.20312662422657013 Ent: 0.04093505069613457 RotUnl: 0.20312662422657013 

T clipart Ep: 500 lr0.00964068794694323 	 Loss Class: 0.066194 RotLab: 0.16092686355113983 Ent: 0.036350835114717484 RotUnl: 0.16092686355113983 

\Target: Average loss: 3.3642, Accuracy: 5135/18288 F1 (28%)

\Rotation: Average loss: 0.9810, Accuracy: 11214/18288 F1 (61%)

best acc class 28.078521
record record/multi/net_resnet34_clipart
saving model
T clipart Ep: 600 lr0.00957239477517603 	 Loss Class: 0.139346 RotLab: 0.36432084441185 Ent: 0.03663460537791252 RotUnl: 0.36432084441185 

T clipart Ep: 700 lr0.009505219859830012 	 Loss Class: 0.071389 RotLab: 0.09077667444944382 Ent: 0.021782903000712395 RotUnl: 0.09077667444944382 

T clipart Ep: 800 lr0.009439134693595126 	 Loss Class: 0.027962 RotLab: 0.024879664182662964 Ent: 0.018806975334882736 RotUnl: 0.024879664182662964 

T clipart Ep: 900 lr0.009374111751051751 	 Loss Class: 0.018762 RotLab: 0.11522859334945679 Ent: 0.015148842707276344 RotUnl: 0.11522859334945679 

T clipart Ep: 1000 lr0.009310124446222227 	 Loss Class: 0.019006 RotLab: 0.020481297746300697 Ent: 0.01500769704580307 RotUnl: 0.020481297746300697 

\Target: Average loss: 3.3839, Accuracy: 5360/18288 F1 (29%)

\Rotation: Average loss: 1.0999, Accuracy: 11295/18288 F1 (61%)

best acc class 29.308836
record record/multi/net_resnet34_clipart
saving model
T clipart Ep: 1100 lr0.00924714709232377 	 Loss Class: 0.020723 RotLab: 0.00902286171913147 Ent: 0.015552525408565998 RotUnl: 0.00902286171913147 

T clipart Ep: 1200 lr0.009185154863590003 	 Loss Class: 0.014008 RotLab: 0.014664391987025738 Ent: 0.011847180314362049 RotUnl: 0.014664391987025738 

T clipart Ep: 1300 lr0.00912412375903735 	 Loss Class: 0.017689 RotLab: 0.00390710448846221 Ent: 0.014321818016469479 RotUnl: 0.00390710448846221 

T clipart Ep: 1400 lr0.009064030568061049 	 Loss Class: 0.096503 RotLab: 0.13181829452514648 Ent: 0.019276538863778114 RotUnl: 0.13181829452514648 

T clipart Ep: 1500 lr0.009004852837753237 	 Loss Class: 0.009992 RotLab: 0.012900303117930889 Ent: 0.008886625058948994 RotUnl: 0.012900303117930889 

\Target: Average loss: 3.3800, Accuracy: 5435/18288 F1 (29%)

\Rotation: Average loss: 1.1521, Accuracy: 11339/18288 F1 (62%)

best acc class 29.718941
record record/multi/net_resnet34_clipart
saving model
T clipart Ep: 1600 lr0.008946568841842816 	 Loss Class: 0.009786 RotLab: 0.004038473125547171 Ent: 0.008617597632110119 RotUnl: 0.004038473125547171 

T clipart Ep: 1700 lr0.008889157551163433 	 Loss Class: 0.012831 RotLab: 0.03973894193768501 Ent: 0.010850426740944386 RotUnl: 0.03973894193768501 

T clipart Ep: 1800 lr0.008832598605562044 	 Loss Class: 0.012701 RotLab: 0.010888447053730488 Ent: 0.010563025251030922 RotUnl: 0.010888447053730488 

T clipart Ep: 1900 lr0.008776872287166303 	 Loss Class: 0.012899 RotLab: 0.022542109712958336 Ent: 0.010839231312274933 RotUnl: 0.022542109712958336 

T clipart Ep: 2000 lr0.008721959494934213 	 Loss Class: 0.010537 RotLab: 0.01371493935585022 Ent: 0.009145732037723064 RotUnl: 0.01371493935585022 

\Target: Average loss: 3.3863, Accuracy: 5337/18288 F1 (29%)

\Rotation: Average loss: 1.2238, Accuracy: 11328/18288 F1 (61%)

best acc class 29.718941
record record/multi/net_resnet34_clipart
saving model
T clipart Ep: 2100 lr0.008667841720414475 	 Loss Class: 0.011648 RotLab: 0.005090802907943726 Ent: 0.010026193223893642 RotUnl: 0.005090802907943726 

T clipart Ep: 2200 lr0.008614501024650454 	 Loss Class: 0.009387 RotLab: 0.0022920568007975817 Ent: 0.008312186226248741 RotUnl: 0.0022920568007975817 

T clipart Ep: 2300 lr0.008561920016164943 	 Loss Class: 0.010485 RotLab: 0.006862044334411621 Ent: 0.00907140038907528 RotUnl: 0.006862044334411621 

T clipart Ep: 2400 lr0.008510081829966844 	 Loss Class: 0.008181 RotLab: 0.010292251594364643 Ent: 0.007490036077797413 RotUnl: 0.010292251594364643 

T clipart Ep: 2500 lr0.008458970107524513 	 Loss Class: 0.010791 RotLab: 0.017399976029992104 Ent: 0.009443751536309719 RotUnl: 0.017399976029992104 

\Target: Average loss: 3.3863, Accuracy: 5410/18288 F1 (29%)

\Rotation: Average loss: 1.2903, Accuracy: 11238/18288 F1 (61%)

best acc class 29.718941
record record/multi/net_resnet34_clipart
saving model
T clipart Ep: 2600 lr0.008408568977653933 	 Loss Class: 0.010174 RotLab: 0.0014851093292236328 Ent: 0.008869096636772156 RotUnl: 0.0014851093292236328 

T clipart Ep: 2700 lr0.00835886303827305 	 Loss Class: 0.009164 RotLab: 0.016789883375167847 Ent: 0.008024944923818111 RotUnl: 0.016789883375167847 

T clipart Ep: 2800 lr0.008309837338976545 	 Loss Class: 0.011865 RotLab: 0.003124753711745143 Ent: 0.01034451462328434 RotUnl: 0.003124753711745143 

T clipart Ep: 2900 lr0.008261477364388068 	 Loss Class: 0.155776 RotLab: 0.11808595061302185 Ent: 0.019296837970614433 RotUnl: 0.11808595061302185 

T clipart Ep: 3000 lr0.008213769018249545 	 Loss Class: 0.080357 RotLab: 0.1214383915066719 Ent: 0.013939435593783855 RotUnl: 0.1214383915066719 

\Target: Average loss: 3.3727, Accuracy: 5408/18288 F1 (29%)

\Rotation: Average loss: 1.2555, Accuracy: 11440/18288 F1 (62%)

best acc class 29.718941
record record/multi/net_resnet34_clipart
saving model
T clipart Ep: 3100 lr0.008166698608209509 	 Loss Class: 0.012564 RotLab: 0.009347538463771343 Ent: 0.010164211504161358 RotUnl: 0.009347538463771343 

T clipart Ep: 3200 lr0.008120252831274708 	 Loss Class: 0.009080 RotLab: 0.010660231113433838 Ent: 0.008043895475566387 RotUnl: 0.010660231113433838 

T clipart Ep: 3300 lr0.008074418759891278 	 Loss Class: 0.013786 RotLab: 0.06881337612867355 Ent: 0.011258798651397228 RotUnl: 0.06881337612867355 

T clipart Ep: 3400 lr0.008029183828623731 	 Loss Class: 0.012954 RotLab: 0.10991809517145157 Ent: 0.010768936946988106 RotUnl: 0.10991809517145157 

T clipart Ep: 3500 lr0.007984535821401871 	 Loss Class: 0.010502 RotLab: 0.013897985219955444 Ent: 0.009307371452450752 RotUnl: 0.013897985219955444 

\Target: Average loss: 3.3729, Accuracy: 5527/18288 F1 (30%)

\Rotation: Average loss: 1.2663, Accuracy: 11347/18288 F1 (62%)

best acc class 30.222003
record record/multi/net_resnet34_clipart
saving model
T clipart Ep: 3600 lr0.007940462859307384 	 Loss Class: 0.007390 RotLab: 0.0015717148780822754 Ent: 0.0069031426683068275 RotUnl: 0.0015717148780822754 

T clipart Ep: 3700 lr0.007896953388873518 	 Loss Class: 0.010472 RotLab: 0.0474795401096344 Ent: 0.009079383686184883 RotUnl: 0.0474795401096344 

T clipart Ep: 3800 lr0.007853996170872714 	 Loss Class: 0.011815 RotLab: 0.005607535596936941 Ent: 0.010124923661351204 RotUnl: 0.005607535596936941 

T clipart Ep: 3900 lr0.00781158026956848 	 Loss Class: 0.130175 RotLab: 0.13285952806472778 Ent: 0.021152088418602943 RotUnl: 0.13285952806472778 

T clipart Ep: 4000 lr0.007769695042409123 	 Loss Class: 0.009174 RotLab: 0.0033644239883869886 Ent: 0.008296762593090534 RotUnl: 0.0033644239883869886 

\Target: Average loss: 3.3673, Accuracy: 5487/18288 F1 (30%)

\Rotation: Average loss: 1.2353, Accuracy: 11478/18288 F1 (62%)

best acc class 30.222003
record record/multi/net_resnet34_clipart
saving model
T clipart Ep: 4100 lr0.007728330130142108 	 Loss Class: 0.009156 RotLab: 0.0018884539604187012 Ent: 0.008078182116150856 RotUnl: 0.0018884539604187012 

T clipart Ep: 4200 lr0.007687475447329114 	 Loss Class: 0.007549 RotLab: 0.015252888202667236 Ent: 0.007067848928272724 RotUnl: 0.015252888202667236 

T clipart Ep: 4300 lr0.0076471211732427845 	 Loss Class: 0.089420 RotLab: 0.0693579763174057 Ent: 0.013798005878925323 RotUnl: 0.0693579763174057 

T clipart Ep: 4400 lr0.007607257743127307 	 Loss Class: 0.008064 RotLab: 0.0017016330966725945 Ent: 0.007533188443630934 RotUnl: 0.0017016330966725945 

T clipart Ep: 4500 lr0.007567875839805858 	 Loss Class: 0.007952 RotLab: 0.0009522438049316406 Ent: 0.007205879781395197 RotUnl: 0.0009522438049316406 

\Target: Average loss: 3.3221, Accuracy: 5541/18288 F1 (30%)

\Rotation: Average loss: 1.2486, Accuracy: 11481/18288 F1 (62%)

best acc class 30.298556
record record/multi/net_resnet34_clipart
saving model
T clipart Ep: 4600 lr0.007528966385618854 	 Loss Class: 0.007908 RotLab: 0.0011303225765004754 Ent: 0.007317935582250357 RotUnl: 0.0011303225765004754 

T clipart Ep: 4700 lr0.007490520534677821 	 Loss Class: 0.011747 RotLab: 0.007921318523585796 Ent: 0.01003622729331255 RotUnl: 0.007921318523585796 

T clipart Ep: 4800 lr0.007452529665420465 	 Loss Class: 0.008310 RotLab: 0.0018982688197866082 Ent: 0.007573904003947973 RotUnl: 0.0018982688197866082 

T clipart Ep: 4900 lr0.007414985373453289 	 Loss Class: 0.007726 RotLab: 0.0024596850853413343 Ent: 0.007194051053375006 RotUnl: 0.0024596850853413343 

T clipart Ep: 5000 lr0.007377879464668811 	 Loss Class: 0.007971 RotLab: 0.002215484855696559 Ent: 0.007465861737728119 RotUnl: 0.002215484855696559 

\Target: Average loss: 3.3522, Accuracy: 5483/18288 F1 (29%)

\Rotation: Average loss: 1.2561, Accuracy: 11361/18288 F1 (62%)

best acc class 30.298556
record record/multi/net_resnet34_clipart
saving model
T clipart Ep: 5100 lr0.007341203948625087 	 Loss Class: 0.008759 RotLab: 0.0009765426511876285 Ent: 0.007928227074444294 RotUnl: 0.0009765426511876285 

T clipart Ep: 5200 lr0.007304951032175895 	 Loss Class: 0.007413 RotLab: 0.0028528571128845215 Ent: 0.00701783737167716 RotUnl: 0.0028528571128845215 

T clipart Ep: 5300 lr0.007269113113340497 	 Loss Class: 0.008847 RotLab: 0.0016071200370788574 Ent: 0.008145124651491642 RotUnl: 0.0016071200370788574 

T clipart Ep: 5400 lr0.007233682775402483 	 Loss Class: 0.007883 RotLab: 0.00535343075171113 Ent: 0.007397033274173737 RotUnl: 0.00535343075171113 

T clipart Ep: 5500 lr0.007198652781227704 	 Loss Class: 0.007594 RotLab: 0.008602838031947613 Ent: 0.00706294784322381 RotUnl: 0.008602838031947613 

\Target: Average loss: 3.3481, Accuracy: 5510/18288 F1 (30%)

\Rotation: Average loss: 1.2926, Accuracy: 11397/18288 F1 (62%)

best acc class 30.298556
record record/multi/net_resnet34_clipart
saving model
T clipart Ep: 5600 lr0.007164016067791809 	 Loss Class: 0.006517 RotLab: 0.001344482065178454 Ent: 0.006164973601698875 RotUnl: 0.001344482065178454 

T clipart Ep: 5700 lr0.0071297657409083726 	 Loss Class: 0.009225 RotLab: 0.0023125309962779284 Ent: 0.008429951965808868 RotUnl: 0.0023125309962779284 

T clipart Ep: 5800 lr0.0070958950701490225 	 Loss Class: 0.129940 RotLab: 0.10215909034013748 Ent: 0.019603976979851723 RotUnl: 0.10215909034013748 

T clipart Ep: 5900 lr0.007062397483947426 	 Loss Class: 0.009905 RotLab: 0.050741344690322876 Ent: 0.008952627889811993 RotUnl: 0.050741344690322876 

T clipart Ep: 6000 lr0.007029266564879363 	 Loss Class: 0.007281 RotLab: 0.0018049677601084113 Ent: 0.006881528999656439 RotUnl: 0.0018049677601084113 

\Target: Average loss: 3.3087, Accuracy: 5523/18288 F1 (30%)

\Rotation: Average loss: 1.2590, Accuracy: 11461/18288 F1 (62%)

best acc class 30.298556
record record/multi/net_resnet34_clipart
saving model
T clipart Ep: 6100 lr0.006996496045111504 	 Loss Class: 0.008334 RotLab: 0.0008117556571960449 Ent: 0.007763498928397894 RotUnl: 0.0008117556571960449 

T clipart Ep: 6200 lr0.00696407980201184 	 Loss Class: 0.010902 RotLab: 0.01238443423062563 Ent: 0.009720380418002605 RotUnl: 0.01238443423062563 

T clipart Ep: 6300 lr0.006932011853915101 	 Loss Class: 0.006865 RotLab: 0.002449254272505641 Ent: 0.006610331125557423 RotUnl: 0.002449254272505641 

T clipart Ep: 6400 lr0.006900286356036734 	 Loss Class: 0.006009 RotLab: 0.001199960708618164 Ent: 0.005857621785253286 RotUnl: 0.001199960708618164 

T clipart Ep: 6500 lr0.006868897596529406 	 Loss Class: 0.009143 RotLab: 0.0049585201777517796 Ent: 0.008406766690313816 RotUnl: 0.0049585201777517796 

\Target: Average loss: 3.3063, Accuracy: 5553/18288 F1 (30%)

\Rotation: Average loss: 1.3059, Accuracy: 11389/18288 F1 (62%)

best acc class 30.364173
record record/multi/net_resnet34_clipart
saving model
T clipart Ep: 6600 lr0.006837839992676177 	 Loss Class: 0.008749 RotLab: 0.0004426240921020508 Ent: 0.00813495647162199 RotUnl: 0.0004426240921020508 

T clipart Ep: 6700 lr0.006807108087214876 	 Loss Class: 0.008483 RotLab: 0.017283568158745766 Ent: 0.007933252491056919 RotUnl: 0.017283568158745766 

T clipart Ep: 6800 lr0.006776696544788352 	 Loss Class: 0.008814 RotLab: 0.002970238449051976 Ent: 0.008237875066697598 RotUnl: 0.002970238449051976 

T clipart Ep: 6900 lr0.006746600148515609 	 Loss Class: 0.010025 RotLab: 0.0011956492671743035 Ent: 0.009049800224602222 RotUnl: 0.0011956492671743035 

T clipart Ep: 7000 lr0.006716813796678979 	 Loss Class: 0.008621 RotLab: 0.0006155570154078305 Ent: 0.008065076544880867 RotUnl: 0.0006155570154078305 

\Target: Average loss: 3.3096, Accuracy: 5591/18288 F1 (30%)

\Rotation: Average loss: 1.2854, Accuracy: 11468/18288 F1 (62%)

best acc class 30.571960
record record/multi/net_resnet34_clipart
saving model
T clipart Ep: 7100 lr0.006687332499522798 	 Loss Class: 0.060994 RotLab: 0.06336616724729538 Ent: 0.013450877740979195 RotUnl: 0.06336616724729538 

T clipart Ep: 7200 lr0.006658151376159165 	 Loss Class: 0.052868 RotLab: 0.05273762345314026 Ent: 0.012279286049306393 RotUnl: 0.05273762345314026 

T clipart Ep: 7300 lr0.00662926565157663 	 Loss Class: 0.008595 RotLab: 0.0013364156475290656 Ent: 0.008127107284963131 RotUnl: 0.0013364156475290656 

T clipart Ep: 7400 lr0.006600670653747793 	 Loss Class: 0.089592 RotLab: 0.060796935111284256 Ent: 0.014147437177598476 RotUnl: 0.060796935111284256 

T clipart Ep: 7500 lr0.0065723618108320175 	 Loss Class: 0.065550 RotLab: 0.06208784505724907 Ent: 0.013613230548799038 RotUnl: 0.06208784505724907 

\Target: Average loss: 3.3053, Accuracy: 5566/18288 F1 (30%)

\Rotation: Average loss: 1.3236, Accuracy: 11395/18288 F1 (62%)

best acc class 30.571960
record record/multi/net_resnet34_clipart
saving model
T clipart Ep: 7600 lr0.006544334648469591 	 Loss Class: 0.099922 RotLab: 0.12019691616296768 Ent: 0.013600951991975307 RotUnl: 0.12019691616296768 

T clipart Ep: 7700 lr0.006516584787163857 	 Loss Class: 0.077393 RotLab: 0.06013965234160423 Ent: 0.015048690140247345 RotUnl: 0.06013965234160423 

T clipart Ep: 7800 lr0.006489107939747966 	 Loss Class: 0.009075 RotLab: 0.001783092855475843 Ent: 0.00831542070955038 RotUnl: 0.001783092855475843 

T clipart Ep: 7900 lr0.0064618999089330565 	 Loss Class: 0.008363 RotLab: 0.0141912205144763 Ent: 0.007900512777268887 RotUnl: 0.0141912205144763 

T clipart Ep: 8000 lr0.006434956584934828 	 Loss Class: 0.063154 RotLab: 0.055533912032842636 Ent: 0.013806754723191261 RotUnl: 0.055533912032842636 

\Target: Average loss: 3.2805, Accuracy: 5590/18288 F1 (30%)

\Rotation: Average loss: 1.3377, Accuracy: 11349/18288 F1 (62%)

best acc class 30.571960
record record/multi/net_resnet34_clipart
saving model
T clipart Ep: 8100 lr0.006408273943175546 	 Loss Class: 0.011052 RotLab: 0.07055463641881943 Ent: 0.010108900256454945 RotUnl: 0.07055463641881943 

T clipart Ep: 8200 lr0.006381848042058713 	 Loss Class: 0.077369 RotLab: 0.05848018825054169 Ent: 0.01399682741612196 RotUnl: 0.05848018825054169 

T clipart Ep: 8300 lr0.0063556750208137005 	 Loss Class: 0.011398 RotLab: 0.0007519920472986996 Ent: 0.010296236723661423 RotUnl: 0.0007519920472986996 

T clipart Ep: 8400 lr0.006329751097407787 	 Loss Class: 0.009359 RotLab: 0.0003929734230041504 Ent: 0.00873915757983923 RotUnl: 0.0003929734230041504 

T clipart Ep: 8500 lr0.0063040725665231365 	 Loss Class: 0.008509 RotLab: 0.0013829668750986457 Ent: 0.008091817609965801 RotUnl: 0.0013829668750986457 

\Target: Average loss: 3.3111, Accuracy: 5560/18288 F1 (30%)

\Rotation: Average loss: 1.3092, Accuracy: 11447/18288 F1 (62%)

best acc class 30.571960
record record/multi/net_resnet34_clipart
saving model
T clipart Ep: 8600 lr0.006278635797596355 	 Loss Class: 0.008884 RotLab: 0.0018076896667480469 Ent: 0.008412604220211506 RotUnl: 0.0018076896667480469 

T clipart Ep: 8700 lr0.006253437232918371 	 Loss Class: 0.012692 RotLab: 0.007216791156679392 Ent: 0.011269771493971348 RotUnl: 0.007216791156679392 

T clipart Ep: 8800 lr0.0062284733857924735 	 Loss Class: 0.007771 RotLab: 0.0016389290103688836 Ent: 0.007495560683310032 RotUnl: 0.0016389290103688836 

T clipart Ep: 8900 lr0.006203740838748417 	 Loss Class: 0.060274 RotLab: 0.0582602359354496 Ent: 0.013650476932525635 RotUnl: 0.0582602359354496 

T clipart Ep: 9000 lr0.006179236241810624 	 Loss Class: 0.008283 RotLab: 0.0041280388832092285 Ent: 0.007783561944961548 RotUnl: 0.0041280388832092285 

\Target: Average loss: 3.2905, Accuracy: 5505/18288 F1 (30%)

\Rotation: Average loss: 1.3839, Accuracy: 11351/18288 F1 (62%)

best acc class 30.571960
record record/multi/net_resnet34_clipart
saving model
T clipart Ep: 9100 lr0.006154956310818535 	 Loss Class: 0.009096 RotLab: 0.00045718750334344804 Ent: 0.008478579111397266 RotUnl: 0.00045718750334344804 

T clipart Ep: 9200 lr0.0061308978257973165 	 Loss Class: 0.010978 RotLab: 0.0013287266483530402 Ent: 0.010214030742645264 RotUnl: 0.0013287266483530402 

T clipart Ep: 9300 lr0.0061070576293771285 	 Loss Class: 0.010174 RotLab: 0.0006048480863682926 Ent: 0.009390422143042088 RotUnl: 0.0006048480863682926 

T clipart Ep: 9400 lr0.006083432625259276 	 Loss Class: 0.009827 RotLab: 0.00372961163520813 Ent: 0.009127702564001083 RotUnl: 0.00372961163520813 

T clipart Ep: 9500 lr0.006060019776727621 	 Loss Class: 0.008965 RotLab: 0.0009151697158813477 Ent: 0.008476322516798973 RotUnl: 0.0009151697158813477 

\Target: Average loss: 3.3026, Accuracy: 5557/18288 F1 (30%)

\Rotation: Average loss: 1.2625, Accuracy: 11507/18288 F1 (62%)

best acc class 30.571960
record record/multi/net_resnet34_clipart
saving model
T clipart Ep: 9600 lr0.00603681610520369 	 Loss Class: 0.063272 RotLab: 0.09938257932662964 Ent: 0.015336567535996437 RotUnl: 0.09938257932662964 

T clipart Ep: 9700 lr0.0060138186888439825 	 Loss Class: 0.012601 RotLab: 0.0010005036601796746 Ent: 0.011212648823857307 RotUnl: 0.0010005036601796746 

T clipart Ep: 9800 lr0.005991024661178045 	 Loss Class: 0.008877 RotLab: 0.0006560087203979492 Ent: 0.008254637010395527 RotUnl: 0.0006560087203979492 

T clipart Ep: 9900 lr0.0059684312097859115 	 Loss Class: 0.007943 RotLab: 0.0004760225710924715 Ent: 0.0076297977939248085 RotUnl: 0.0004760225710924715 

T clipart Ep: 10000 lr0.005946035575013605 	 Loss Class: 0.008526 RotLab: 0.0005625684862025082 Ent: 0.008078228682279587 RotUnl: 0.0005625684862025082 

\Target: Average loss: 3.2855, Accuracy: 5584/18288 F1 (30%)

\Rotation: Average loss: 1.3051, Accuracy: 11450/18288 F1 (62%)

