Dataset multi Target real Network resnet34 Num per class 1
126 classes in this dataset
THCudaCheck FAIL file=/opt/conda/conda-bld/pytorch_1535493744281/work/aten/src/THC/THCGeneral.cpp line=663 error=11 : invalid argument
T real Ep: 0 lr0.01 	 Loss Class: 5.185850 RotLab: 1.7192479372024536 Ent: 0.4704620838165283 RotUnl: 1.7192479372024536 

T real Ep: 100 lr0.009925650290240803 	 Loss Class: 0.092783 RotLab: 0.3955364227294922 Ent: 0.05965782329440117 RotUnl: 0.3955364227294922 

T real Ep: 200 lr0.009852577760521605 	 Loss Class: 0.125597 RotLab: 0.013181626796722412 Ent: 0.07413194328546524 RotUnl: 0.013181626796722412 

T real Ep: 300 lr0.009780748269686728 	 Loss Class: 0.058859 RotLab: 0.4593226909637451 Ent: 0.03941601514816284 RotUnl: 0.4593226909637451 

T real Ep: 400 lr0.009710128909124701 	 Loss Class: 0.037930 RotLab: 0.12566332519054413 Ent: 0.02862624265253544 RotUnl: 0.12566332519054413 

T real Ep: 500 lr0.00964068794694323 	 Loss Class: 0.041547 RotLab: 0.2442389279603958 Ent: 0.030934542417526245 RotUnl: 0.2442389279603958 

\Target: Average loss: 3.7337, Accuracy: 15006/70224 F1 (21%)

\Rotation: Average loss: 2.5478, Accuracy: 44229/70224 F1 (62%)

best acc class 21.368763
record record/multi/net_resnet34_real
saving model
T real Ep: 600 lr0.00957239477517603 	 Loss Class: 0.021835 RotLab: 0.020193258300423622 Ent: 0.017996493726968765 RotUnl: 0.020193258300423622 

T real Ep: 700 lr0.009505219859830012 	 Loss Class: 0.019210 RotLab: 0.03176772594451904 Ent: 0.016151702031493187 RotUnl: 0.03176772594451904 

T real Ep: 800 lr0.009439134693595126 	 Loss Class: 0.016624 RotLab: 0.0007796089048497379 Ent: 0.014220574870705605 RotUnl: 0.0007796089048497379 

T real Ep: 900 lr0.009374111751051751 	 Loss Class: 0.013365 RotLab: 0.004063407424837351 Ent: 0.011728229932487011 RotUnl: 0.004063407424837351 

T real Ep: 1000 lr0.009310124446222227 	 Loss Class: 0.012801 RotLab: 0.0011912385234609246 Ent: 0.011481772176921368 RotUnl: 0.0011912385234609246 

\Target: Average loss: 3.6889, Accuracy: 16018/70224 F1 (22%)

\Rotation: Average loss: 2.6481, Accuracy: 45616/70224 F1 (64%)

best acc class 22.809866
record record/multi/net_resnet34_real
saving model
T real Ep: 1100 lr0.00924714709232377 	 Loss Class: 0.012771 RotLab: 0.00011142095172544941 Ent: 0.011260904371738434 RotUnl: 0.00011142095172544941 

T real Ep: 1200 lr0.009185154863590003 	 Loss Class: 0.010866 RotLab: 4.132588856009534e-06 Ent: 0.009775807149708271 RotUnl: 4.132588856009534e-06 

T real Ep: 1300 lr0.00912412375903735 	 Loss Class: 0.007597 RotLab: 0.0023318130988627672 Ent: 0.007189242634922266 RotUnl: 0.0023318130988627672 

T real Ep: 1400 lr0.009064030568061049 	 Loss Class: 0.008955 RotLab: 0.001017113565467298 Ent: 0.008223812095820904 RotUnl: 0.001017113565467298 

T real Ep: 1500 lr0.009004852837753237 	 Loss Class: 0.009414 RotLab: 0.003963430877774954 Ent: 0.008784378878772259 RotUnl: 0.003963430877774954 

\Target: Average loss: 3.6894, Accuracy: 16203/70224 F1 (23%)

\Rotation: Average loss: 2.2336, Accuracy: 47774/70224 F1 (68%)

best acc class 23.073308
record record/multi/net_resnet34_real
saving model
T real Ep: 1600 lr0.008946568841842816 	 Loss Class: 0.007882 RotLab: 0.025284966453909874 Ent: 0.00748072424903512 RotUnl: 0.025284966453909874 

T real Ep: 1700 lr0.008889157551163433 	 Loss Class: 0.007921 RotLab: 0.0013683835277333856 Ent: 0.007519997656345367 RotUnl: 0.0013683835277333856 

T real Ep: 1800 lr0.008832598605562044 	 Loss Class: 0.007625 RotLab: 0.0001571973116369918 Ent: 0.00724140414968133 RotUnl: 0.0001571973116369918 

T real Ep: 1900 lr0.008776872287166303 	 Loss Class: 0.007075 RotLab: 4.172325134277344e-06 Ent: 0.006794978864490986 RotUnl: 4.172325134277344e-06 

T real Ep: 2000 lr0.008721959494934213 	 Loss Class: 0.006053 RotLab: 0.03151285648345947 Ent: 0.005951563827693462 RotUnl: 0.03151285648345947 

\Target: Average loss: 3.6589, Accuracy: 16418/70224 F1 (23%)

\Rotation: Average loss: 2.2184, Accuracy: 46830/70224 F1 (66%)

best acc class 23.379471
record record/multi/net_resnet34_real
saving model
T real Ep: 2100 lr0.008667841720414475 	 Loss Class: 0.007595 RotLab: 5.9604644775390625e-06 Ent: 0.007298042066395283 RotUnl: 5.9604644775390625e-06 

T real Ep: 2200 lr0.008614501024650454 	 Loss Class: 0.007215 RotLab: 0.000543872534763068 Ent: 0.006951877381652594 RotUnl: 0.000543872534763068 

T real Ep: 2300 lr0.008561920016164943 	 Loss Class: 0.006968 RotLab: 2.680222132767085e-05 Ent: 0.006712885107845068 RotUnl: 2.680222132767085e-05 

T real Ep: 2400 lr0.008510081829966844 	 Loss Class: 0.006723 RotLab: 4.057089608977549e-05 Ent: 0.006415169220417738 RotUnl: 4.057089608977549e-05 

T real Ep: 2500 lr0.008458970107524513 	 Loss Class: 0.006713 RotLab: 0.013989885337650776 Ent: 0.006489593535661697 RotUnl: 0.013989885337650776 

\Target: Average loss: 3.6498, Accuracy: 16482/70224 F1 (23%)

\Rotation: Average loss: 2.2237, Accuracy: 47059/70224 F1 (67%)

best acc class 23.470608
record record/multi/net_resnet34_real
saving model
T real Ep: 2600 lr0.008408568977653933 	 Loss Class: 0.005116 RotLab: 2.185503717555548e-06 Ent: 0.005108994897454977 RotUnl: 2.185503717555548e-06 

T real Ep: 2700 lr0.00835886303827305 	 Loss Class: 0.007919 RotLab: 1.5616416931152344e-05 Ent: 0.007408525329083204 RotUnl: 1.5616416931152344e-05 

T real Ep: 2800 lr0.008309837338976545 	 Loss Class: 0.006198 RotLab: 0.0004141727986279875 Ent: 0.006103649735450745 RotUnl: 0.0004141727986279875 

T real Ep: 2900 lr0.008261477364388068 	 Loss Class: 0.005103 RotLab: 0.00031270584440790117 Ent: 0.0051391469314694405 RotUnl: 0.00031270584440790117 

T real Ep: 3000 lr0.008213769018249545 	 Loss Class: 0.005862 RotLab: 6.57637938275002e-05 Ent: 0.005733218509703875 RotUnl: 6.57637938275002e-05 

\Target: Average loss: 3.6392, Accuracy: 16590/70224 F1 (23%)

\Rotation: Average loss: 2.4163, Accuracy: 46493/70224 F1 (66%)

best acc class 23.624402
record record/multi/net_resnet34_real
saving model
T real Ep: 3100 lr0.008166698608209509 	 Loss Class: 0.005090 RotLab: 6.44524916424416e-05 Ent: 0.00515745347365737 RotUnl: 6.44524916424416e-05 

T real Ep: 3200 lr0.008120252831274708 	 Loss Class: 0.006280 RotLab: 9.419520938536152e-05 Ent: 0.0061580403707921505 RotUnl: 9.419520938536152e-05 

T real Ep: 3300 lr0.008074418759891278 	 Loss Class: 0.006755 RotLab: 3.103415292571299e-05 Ent: 0.006636083126068115 RotUnl: 3.103415292571299e-05 

T real Ep: 3400 lr0.008029183828623731 	 Loss Class: 0.006018 RotLab: 2.3444492853741394e-06 Ent: 0.005984876304864883 RotUnl: 2.3444492853741394e-06 

T real Ep: 3500 lr0.007984535821401871 	 Loss Class: 0.005059 RotLab: 7.549921519967029e-06 Ent: 0.005129411816596985 RotUnl: 7.549921519967029e-06 

\Target: Average loss: 3.6221, Accuracy: 16796/70224 F1 (23%)

\Rotation: Average loss: 2.3562, Accuracy: 47155/70224 F1 (67%)

best acc class 23.917749
record record/multi/net_resnet34_real
saving model
T real Ep: 3600 lr0.007940462859307384 	 Loss Class: 0.004944 RotLab: 0.00032711029052734375 Ent: 0.005014572758227587 RotUnl: 0.00032711029052734375 

T real Ep: 3700 lr0.007896953388873518 	 Loss Class: 0.005821 RotLab: 1.7642974853515625e-05 Ent: 0.005816498305648565 RotUnl: 1.7642974853515625e-05 

T real Ep: 3800 lr0.007853996170872714 	 Loss Class: 0.005273 RotLab: 0.0001647671015234664 Ent: 0.00529407849535346 RotUnl: 0.0001647671015234664 

T real Ep: 3900 lr0.00781158026956848 	 Loss Class: 0.004659 RotLab: 8.400281512876973e-05 Ent: 0.004773062188178301 RotUnl: 8.400281512876973e-05 

T real Ep: 4000 lr0.007769695042409123 	 Loss Class: 0.005131 RotLab: 0.00018835067749023438 Ent: 0.005205321125686169 RotUnl: 0.00018835067749023438 

\Target: Average loss: 3.5913, Accuracy: 17238/70224 F1 (24%)

\Rotation: Average loss: 1.9785, Accuracy: 47772/70224 F1 (68%)

best acc class 24.547163
record record/multi/net_resnet34_real
saving model
T real Ep: 4100 lr0.007728330130142108 	 Loss Class: 0.005304 RotLab: 8.775790774961933e-05 Ent: 0.005374118220061064 RotUnl: 8.775790774961933e-05 

T real Ep: 4200 lr0.007687475447329114 	 Loss Class: 0.005727 RotLab: 0.000872751057613641 Ent: 0.005776299629360437 RotUnl: 0.000872751057613641 

T real Ep: 4300 lr0.0076471211732427845 	 Loss Class: 0.005533 RotLab: 1.911322215164546e-05 Ent: 0.00559686403721571 RotUnl: 1.911322215164546e-05 

T real Ep: 4400 lr0.007607257743127307 	 Loss Class: 0.005300 RotLab: 1.6689300537109375e-06 Ent: 0.005364402662962675 RotUnl: 1.6689300537109375e-06 

T real Ep: 4500 lr0.007567875839805858 	 Loss Class: 0.005830 RotLab: 0.000353395938873291 Ent: 0.0058724358677864075 RotUnl: 0.000353395938873291 

\Target: Average loss: 3.5748, Accuracy: 17186/70224 F1 (24%)

\Rotation: Average loss: 1.9751, Accuracy: 47395/70224 F1 (67%)

best acc class 24.547163
record record/multi/net_resnet34_real
saving model
T real Ep: 4600 lr0.007528966385618854 	 Loss Class: 0.006831 RotLab: 1.1920928955078125e-05 Ent: 0.006779260467737913 RotUnl: 1.1920928955078125e-05 

T real Ep: 4700 lr0.007490520534677821 	 Loss Class: 0.005536 RotLab: 2.7378400773159228e-05 Ent: 0.005617132876068354 RotUnl: 2.7378400773159228e-05 

T real Ep: 4800 lr0.007452529665420465 	 Loss Class: 0.004762 RotLab: 1.271565793103946e-06 Ent: 0.004900806583464146 RotUnl: 1.271565793103946e-06 

T real Ep: 4900 lr0.007414985373453289 	 Loss Class: 0.005758 RotLab: 0.0003799994883593172 Ent: 0.005808601621538401 RotUnl: 0.0003799994883593172 

T real Ep: 5000 lr0.007377879464668811 	 Loss Class: 0.005839 RotLab: 7.645288860658184e-05 Ent: 0.005886996630579233 RotUnl: 7.645288860658184e-05 

\Target: Average loss: 3.5516, Accuracy: 17462/70224 F1 (24%)

\Rotation: Average loss: 1.8796, Accuracy: 47951/70224 F1 (68%)

best acc class 24.866143
record record/multi/net_resnet34_real
saving model
T real Ep: 5100 lr0.007341203948625087 	 Loss Class: 0.005010 RotLab: 1.619259455765132e-05 Ent: 0.0051435003988444805 RotUnl: 1.619259455765132e-05 

T real Ep: 5200 lr0.007304951032175895 	 Loss Class: 0.006508 RotLab: 6.461143493652344e-05 Ent: 0.006472748704254627 RotUnl: 6.461143493652344e-05 

T real Ep: 5300 lr0.007269113113340497 	 Loss Class: 0.006002 RotLab: 2.2451082259067334e-05 Ent: 0.00606296444311738 RotUnl: 2.2451082259067334e-05 

T real Ep: 5400 lr0.007233682775402483 	 Loss Class: 0.005893 RotLab: 0.00020674864936154336 Ent: 0.005983423907309771 RotUnl: 0.00020674864936154336 

T real Ep: 5500 lr0.007198652781227704 	 Loss Class: 0.005098 RotLab: 0.0008441607351414859 Ent: 0.0052444604225456715 RotUnl: 0.0008441607351414859 

\Target: Average loss: 3.5493, Accuracy: 17447/70224 F1 (24%)

\Rotation: Average loss: 1.8193, Accuracy: 47763/70224 F1 (68%)

best acc class 24.866143
record record/multi/net_resnet34_real
saving model
T real Ep: 5600 lr0.007164016067791809 	 Loss Class: 0.006368 RotLab: 1.619259455765132e-05 Ent: 0.00643675634637475 RotUnl: 1.619259455765132e-05 

T real Ep: 5700 lr0.0071297657409083726 	 Loss Class: 0.005718 RotLab: 5.76178217670531e-06 Ent: 0.005795623641461134 RotUnl: 5.76178217670531e-06 

T real Ep: 5800 lr0.0070958950701490225 	 Loss Class: 0.006322 RotLab: 1.8477439880371094e-05 Ent: 0.00635012099519372 RotUnl: 1.8477439880371094e-05 

T real Ep: 5900 lr0.007062397483947426 	 Loss Class: 0.006438 RotLab: 1.3192494407121558e-05 Ent: 0.006481332238763571 RotUnl: 1.3192494407121558e-05 

T real Ep: 6000 lr0.007029266564879363 	 Loss Class: 0.005981 RotLab: 6.80685043334961e-05 Ent: 0.006078511010855436 RotUnl: 6.80685043334961e-05 

\Target: Average loss: 3.5489, Accuracy: 17224/70224 F1 (24%)

\Rotation: Average loss: 1.9298, Accuracy: 47521/70224 F1 (67%)

best acc class 24.866143
record record/multi/net_resnet34_real
saving model
T real Ep: 6100 lr0.006996496045111504 	 Loss Class: 0.006022 RotLab: 1.621246337890625e-05 Ent: 0.006100924219936132 RotUnl: 1.621246337890625e-05 

T real Ep: 6200 lr0.00696407980201184 	 Loss Class: 0.006017 RotLab: 6.159146778372815e-06 Ent: 0.00612596096470952 RotUnl: 6.159146778372815e-06 

T real Ep: 6300 lr0.006932011853915101 	 Loss Class: 0.006128 RotLab: 3.429253774811514e-05 Ent: 0.006209706887602806 RotUnl: 3.429253774811514e-05 

T real Ep: 6400 lr0.006900286356036734 	 Loss Class: 0.007173 RotLab: 0.0002798835339490324 Ent: 0.007162764668464661 RotUnl: 0.0002798835339490324 

T real Ep: 6500 lr0.006868897596529406 	 Loss Class: 0.006755 RotLab: 7.232030384329846e-06 Ent: 0.006745913531631231 RotUnl: 7.232030384329846e-06 

\Target: Average loss: 3.5381, Accuracy: 17418/70224 F1 (24%)

\Rotation: Average loss: 1.8705, Accuracy: 47099/70224 F1 (67%)

best acc class 24.866143
record record/multi/net_resnet34_real
saving model
T real Ep: 6600 lr0.006837839992676177 	 Loss Class: 0.006697 RotLab: 0.00027664503431878984 Ent: 0.006750269327312708 RotUnl: 0.00027664503431878984 

T real Ep: 6700 lr0.006807108087214876 	 Loss Class: 0.006666 RotLab: 5.797545236418955e-05 Ent: 0.006693155504763126 RotUnl: 5.797545236418955e-05 

T real Ep: 6800 lr0.006776696544788352 	 Loss Class: 0.008280 RotLab: 8.447965228697285e-05 Ent: 0.008116856217384338 RotUnl: 8.447965228697285e-05 

T real Ep: 6900 lr0.006746600148515609 	 Loss Class: 0.006845 RotLab: 2.582867864475702e-06 Ent: 0.006919975858181715 RotUnl: 2.582867864475702e-06 

T real Ep: 7000 lr0.006716813796678979 	 Loss Class: 0.007016 RotLab: 4.0471553802490234e-05 Ent: 0.007081820163875818 RotUnl: 4.0471553802490234e-05 

\Target: Average loss: 3.5404, Accuracy: 17431/70224 F1 (24%)

\Rotation: Average loss: 1.9240, Accuracy: 47225/70224 F1 (67%)

best acc class 24.866143
record record/multi/net_resnet34_real
saving model
T real Ep: 7100 lr0.006687332499522798 	 Loss Class: 0.006838 RotLab: 0.0003089308738708496 Ent: 0.006929874420166016 RotUnl: 0.0003089308738708496 

T real Ep: 7200 lr0.006658151376159165 	 Loss Class: 0.007246 RotLab: 0.00045897564268670976 Ent: 0.007271419744938612 RotUnl: 0.00045897564268670976 

T real Ep: 7300 lr0.00662926565157663 	 Loss Class: 0.007065 RotLab: 5.523363597603748e-06 Ent: 0.007113292347639799 RotUnl: 5.523363597603748e-06 

T real Ep: 7400 lr0.006600670653747793 	 Loss Class: 0.007386 RotLab: 5.2094459533691406e-05 Ent: 0.007405661046504974 RotUnl: 5.2094459533691406e-05 

T real Ep: 7500 lr0.0065723618108320175 	 Loss Class: 0.007064 RotLab: 3.5762786865234375e-06 Ent: 0.007124871946871281 RotUnl: 3.5762786865234375e-06 

\Target: Average loss: 3.5224, Accuracy: 17669/70224 F1 (25%)

\Rotation: Average loss: 1.8015, Accuracy: 47684/70224 F1 (67%)

best acc class 25.160914
record record/multi/net_resnet34_real
saving model
T real Ep: 7600 lr0.006544334648469591 	 Loss Class: 0.007237 RotLab: 7.669131264265161e-06 Ent: 0.007269834168255329 RotUnl: 7.669131264265161e-06 

T real Ep: 7700 lr0.006516584787163857 	 Loss Class: 0.006557 RotLab: 4.331270702095935e-06 Ent: 0.006671511568129063 RotUnl: 4.331270702095935e-06 

T real Ep: 7800 lr0.006489107939747966 	 Loss Class: 0.006589 RotLab: 2.582867864475702e-06 Ent: 0.006681594531983137 RotUnl: 2.582867864475702e-06 

T real Ep: 7900 lr0.0064618999089330565 	 Loss Class: 0.006980 RotLab: 9.44534913287498e-05 Ent: 0.007067556958645582 RotUnl: 9.44534913287498e-05 

T real Ep: 8000 lr0.006434956584934828 	 Loss Class: 0.006503 RotLab: 0.00021195411682128906 Ent: 0.00662226090207696 RotUnl: 0.00021195411682128906 

\Target: Average loss: 3.5164, Accuracy: 17574/70224 F1 (25%)

\Rotation: Average loss: 1.9105, Accuracy: 46963/70224 F1 (66%)

best acc class 25.160914
record record/multi/net_resnet34_real
saving model
T real Ep: 8100 lr0.006408273943175546 	 Loss Class: 0.008753 RotLab: 8.006890857359394e-05 Ent: 0.008611487224698067 RotUnl: 8.006890857359394e-05 

T real Ep: 8200 lr0.006381848042058713 	 Loss Class: 0.007069 RotLab: 7.311502940865466e-06 Ent: 0.007147961296141148 RotUnl: 7.311502940865466e-06 

T real Ep: 8300 lr0.0063556750208137005 	 Loss Class: 0.007378 RotLab: 0.0002889235911425203 Ent: 0.007450321223586798 RotUnl: 0.0002889235911425203 

T real Ep: 8400 lr0.006329751097407787 	 Loss Class: 0.007367 RotLab: 2.4358430891879834e-05 Ent: 0.007429163437336683 RotUnl: 2.4358430891879834e-05 

T real Ep: 8500 lr0.0063040725665231365 	 Loss Class: 0.007483 RotLab: 0.0007367730140686035 Ent: 0.007533048279583454 RotUnl: 0.0007367730140686035 

\Target: Average loss: 3.5073, Accuracy: 17611/70224 F1 (25%)

\Rotation: Average loss: 1.7720, Accuracy: 47230/70224 F1 (67%)

best acc class 25.160914
record record/multi/net_resnet34_real
saving model
T real Ep: 8600 lr0.006278635797596355 	 Loss Class: 0.007523 RotLab: 0.001543581485748291 Ent: 0.00759324012324214 RotUnl: 0.001543581485748291 

T real Ep: 8700 lr0.006253437232918371 	 Loss Class: 0.007489 RotLab: 7.90556296124123e-05 Ent: 0.007538538426160812 RotUnl: 7.90556296124123e-05 

T real Ep: 8800 lr0.0062284733857924735 	 Loss Class: 0.007498 RotLab: 9.5367431640625e-06 Ent: 0.007561638485640287 RotUnl: 9.5367431640625e-06 

T real Ep: 8900 lr0.006203740838748417 	 Loss Class: 0.007949 RotLab: 8.145968422468286e-06 Ent: 0.007966543547809124 RotUnl: 8.145968422468286e-06 

T real Ep: 9000 lr0.006179236241810624 	 Loss Class: 0.008853 RotLab: 7.70886708778562e-06 Ent: 0.008731373585760593 RotUnl: 7.70886708778562e-06 

\Target: Average loss: 3.5110, Accuracy: 17685/70224 F1 (25%)

\Rotation: Average loss: 1.6926, Accuracy: 47799/70224 F1 (68%)

best acc class 25.183698
record record/multi/net_resnet34_real
saving model
T real Ep: 9100 lr0.006154956310818535 	 Loss Class: 0.007809 RotLab: 6.278356067923596e-06 Ent: 0.007844454608857632 RotUnl: 6.278356067923596e-06 

T real Ep: 9200 lr0.0061308978257973165 	 Loss Class: 0.008572 RotLab: 6.556510925292969e-06 Ent: 0.008549659512937069 RotUnl: 6.556510925292969e-06 

T real Ep: 9300 lr0.0061070576293771285 	 Loss Class: 0.008161 RotLab: 6.298223888734356e-05 Ent: 0.008167169988155365 RotUnl: 6.298223888734356e-05 

T real Ep: 9400 lr0.006083432625259276 	 Loss Class: 0.007864 RotLab: 9.272495663026348e-05 Ent: 0.007898173294961452 RotUnl: 9.272495663026348e-05 

T real Ep: 9500 lr0.006060019776727621 	 Loss Class: 0.007308 RotLab: 1.9709268599399365e-05 Ent: 0.007417274173349142 RotUnl: 1.9709268599399365e-05 

\Target: Average loss: 3.5058, Accuracy: 17726/70224 F1 (25%)

\Rotation: Average loss: 1.6727, Accuracy: 47153/70224 F1 (67%)

best acc class 25.242082
record record/multi/net_resnet34_real
saving model
T real Ep: 9600 lr0.00603681610520369 	 Loss Class: 0.008451 RotLab: 0.00020374853920657188 Ent: 0.008472341112792492 RotUnl: 0.00020374853920657188 

T real Ep: 9700 lr0.0060138186888439825 	 Loss Class: 0.008320 RotLab: 5.3048133850097656e-05 Ent: 0.008345928974449635 RotUnl: 5.3048133850097656e-05 

T real Ep: 9800 lr0.005991024661178045 	 Loss Class: 0.010760 RotLab: 0.0011940598487854004 Ent: 0.010467849671840668 RotUnl: 0.0011940598487854004 

T real Ep: 9900 lr0.0059684312097859115 	 Loss Class: 0.008379 RotLab: 0.00018835067749023438 Ent: 0.008395650424063206 RotUnl: 0.00018835067749023438 

T real Ep: 10000 lr0.005946035575013605 	 Loss Class: 0.008273 RotLab: 0.00040831169462762773 Ent: 0.008312310092151165 RotUnl: 0.00040831169462762773 

\Target: Average loss: 3.5125, Accuracy: 17505/70224 F1 (24%)

\Rotation: Average loss: 1.7046, Accuracy: 47606/70224 F1 (67%)

best acc class 25.242082
record record/multi/net_resnet34_real
saving model
T real Ep: 10100 lr0.005923835048725393 	 Loss Class: 0.008393 RotLab: 0.00015985965728759766 Ent: 0.008420069701969624 RotUnl: 0.00015985965728759766 

T real Ep: 10200 lr0.005901826973091593 	 Loss Class: 0.008717 RotLab: 6.324052810668945e-05 Ent: 0.008713718503713608 RotUnl: 6.324052810668945e-05 

T real Ep: 10300 lr0.005880008739410735 	 Loss Class: 0.009466 RotLab: 0.00047338008880615234 Ent: 0.009385095909237862 RotUnl: 0.00047338008880615234 

T real Ep: 10400 lr0.005858377786964935 	 Loss Class: 0.008626 RotLab: 3.333886343170889e-05 Ent: 0.008648624643683434 RotUnl: 3.333886343170889e-05 

T real Ep: 10500 lr0.005836931601907399 	 Loss Class: 0.008637 RotLab: 0.00028745332383550704 Ent: 0.008655761368572712 RotUnl: 0.00028745332383550704 

\Target: Average loss: 3.5078, Accuracy: 17626/70224 F1 (25%)

\Rotation: Average loss: 1.6192, Accuracy: 47634/70224 F1 (67%)

best acc class 25.242082
record record/multi/net_resnet34_real
saving model
T real Ep: 10600 lr0.005815667716181004 	 Loss Class: 0.008684 RotLab: 0.00037288665771484375 Ent: 0.00868904497474432 RotUnl: 0.00037288665771484375 

T real Ep: 10700 lr0.005794583706466925 	 Loss Class: 0.008549 RotLab: 0.00012630224227905273 Ent: 0.008583610877394676 RotUnl: 0.00012630224227905273 

T real Ep: 10800 lr0.005773677193162352 	 Loss Class: 0.008140 RotLab: 3.292163091828115e-05 Ent: 0.008221683092415333 RotUnl: 3.292163091828115e-05 

T real Ep: 10900 lr0.005752945839386346 	 Loss Class: 0.008744 RotLab: 0.00012650091957766563 Ent: 0.0087358383461833 RotUnl: 0.00012650091957766563 

T real Ep: 11000 lr0.005732387350012933 	 Loss Class: 0.008337 RotLab: 0.00020051002502441406 Ent: 0.008396991528570652 RotUnl: 0.00020051002502441406 

\Target: Average loss: 3.5009, Accuracy: 17732/70224 F1 (25%)

\Rotation: Average loss: 1.5724, Accuracy: 47739/70224 F1 (67%)

best acc class 25.250627
record record/multi/net_resnet34_real
saving model
T real Ep: 11100 lr0.005711999470730565 	 Loss Class: 0.009670 RotLab: 1.1861324310302734e-05 Ent: 0.00958520732820034 RotUnl: 1.1861324310302734e-05 

T real Ep: 11200 lr0.005691779987127103 	 Loss Class: 0.009519 RotLab: 0.0006548364763148129 Ent: 0.009438148699700832 RotUnl: 0.0006548364763148129 

T real Ep: 11300 lr0.005671726723799515 	 Loss Class: 0.009910 RotLab: 4.092852395842783e-05 Ent: 0.009809172712266445 RotUnl: 4.092852395842783e-05 

T real Ep: 11400 lr0.005651837543487509 	 Loss Class: 0.009972 RotLab: 3.9378803194267675e-05 Ent: 0.009845919907093048 RotUnl: 3.9378803194267675e-05 

T real Ep: 11500 lr0.005632110346230358 	 Loss Class: 0.009996 RotLab: 7.03136101947166e-05 Ent: 0.009903397411108017 RotUnl: 7.03136101947166e-05 

\Target: Average loss: 3.4981, Accuracy: 17732/70224 F1 (25%)

\Rotation: Average loss: 1.5670, Accuracy: 47445/70224 F1 (67%)

best acc class 25.250627
record record/multi/net_resnet34_real
saving model
T real Ep: 11600 lr0.005612543068546177 	 Loss Class: 0.010406 RotLab: 5.561113357543945e-05 Ent: 0.010256938636302948 RotUnl: 5.561113357543945e-05 

T real Ep: 11700 lr0.005593133682632953 	 Loss Class: 0.009062 RotLab: 9.916225826600567e-05 Ent: 0.009060123935341835 RotUnl: 9.916225826600567e-05 

T real Ep: 11800 lr0.005573880195590681 	 Loss Class: 0.009990 RotLab: 0.00018753607582766563 Ent: 0.00987956952303648 RotUnl: 0.00018753607582766563 

T real Ep: 11900 lr0.0055547806486639095 	 Loss Class: 0.010885 RotLab: 0.0006116430158726871 Ent: 0.010683043859899044 RotUnl: 0.0006116430158726871 

T real Ep: 12000 lr0.005535833116504121 	 Loss Class: 0.009473 RotLab: 0.00010303656017640606 Ent: 0.009447812102735043 RotUnl: 0.00010303656017640606 

\Target: Average loss: 3.4962, Accuracy: 17630/70224 F1 (25%)

\Rotation: Average loss: 1.5383, Accuracy: 47572/70224 F1 (67%)

best acc class 25.250627
record record/multi/net_resnet34_real
saving model
T real Ep: 12100 lr0.00551703570645129 	 Loss Class: 0.009239 RotLab: 9.218852028425317e-06 Ent: 0.009272738359868526 RotUnl: 9.218852028425317e-06 

T real Ep: 12200 lr0.005498386557834078 	 Loss Class: 0.009601 RotLab: 3.2901763916015625e-05 Ent: 0.009563653729856014 RotUnl: 3.2901763916015625e-05 

T real Ep: 12300 lr0.00547988384128807 	 Loss Class: 0.009166 RotLab: 5.9604644775390625e-06 Ent: 0.00916245300322771 RotUnl: 5.9604644775390625e-06 

T real Ep: 12400 lr0.005461525758091539 	 Loss Class: 0.009922 RotLab: 0.0002773404121398926 Ent: 0.009867098182439804 RotUnl: 0.0002773404121398926 

T real Ep: 12500 lr0.005443310539518174 	 Loss Class: 0.010943 RotLab: 8.974472439149395e-05 Ent: 0.010765036568045616 RotUnl: 8.974472439149395e-05 

\Target: Average loss: 3.4940, Accuracy: 17851/70224 F1 (25%)

\Rotation: Average loss: 1.5191, Accuracy: 47730/70224 F1 (67%)

best acc class 25.420084
record record/multi/net_resnet34_real
saving model
T real Ep: 12600 lr0.005425236446206295 	 Loss Class: 0.010120 RotLab: 9.461244189878926e-05 Ent: 0.010044115595519543 RotUnl: 9.461244189878926e-05 

T real Ep: 12700 lr0.005407301767544059 	 Loss Class: 0.009424 RotLab: 7.480382919311523e-05 Ent: 0.009415744803845882 RotUnl: 7.480382919311523e-05 

T real Ep: 12800 lr0.005389504821070177 	 Loss Class: 0.009455 RotLab: 0.00011978546535829082 Ent: 0.009442159906029701 RotUnl: 0.00011978546535829082 

T real Ep: 12900 lr0.005371843951889677 	 Loss Class: 0.010298 RotLab: 0.0003813107905443758 Ent: 0.010198636911809444 RotUnl: 0.0003813107905443758 

T real Ep: 13000 lr0.0053543175321042955 	 Loss Class: 0.010264 RotLab: 4.1107337892754003e-05 Ent: 0.010162651538848877 RotUnl: 4.1107337892754003e-05 

\Target: Average loss: 3.4869, Accuracy: 17841/70224 F1 (25%)

\Rotation: Average loss: 1.5039, Accuracy: 47241/70224 F1 (67%)

best acc class 25.420084
record record/multi/net_resnet34_real
saving model
T real Ep: 13100 lr0.005336923960257046 	 Loss Class: 0.010049 RotLab: 3.574291986296885e-05 Ent: 0.009990459308028221 RotUnl: 3.574291986296885e-05 

T real Ep: 13200 lr0.0053196616607905645 	 Loss Class: 0.011364 RotLab: 0.0010777910938486457 Ent: 0.011152778752148151 RotUnl: 0.0010777910938486457 

T real Ep: 13300 lr0.0053025290835188275 	 Loss Class: 0.010707 RotLab: 0.00022820632148068398 Ent: 0.01055926363915205 RotUnl: 0.00022820632148068398 

T real Ep: 13400 lr0.005285524703111859 	 Loss Class: 0.010179 RotLab: 0.0001787741930456832 Ent: 0.010103537701070309 RotUnl: 0.0001787741930456832 

T real Ep: 13500 lr0.005268647018593052 	 Loss Class: 0.010550 RotLab: 4.092852395842783e-05 Ent: 0.010444538667798042 RotUnl: 4.092852395842783e-05 

\Target: Average loss: 3.4909, Accuracy: 17907/70224 F1 (25%)

\Rotation: Average loss: 1.6086, Accuracy: 46847/70224 F1 (66%)

best acc class 25.499829
record record/multi/net_resnet34_real
saving model
T real Ep: 13600 lr0.005251894552848747 	 Loss Class: 0.010408 RotLab: 0.00015014410018920898 Ent: 0.010327407158911228 RotUnl: 0.00015014410018920898 

T real Ep: 13700 lr0.005235265852149712 	 Loss Class: 0.011659 RotLab: 0.0001403490750817582 Ent: 0.011403818614780903 RotUnl: 0.0001403490750817582 

T real Ep: 13800 lr0.005218759485684187 	 Loss Class: 0.010021 RotLab: 2.1378198653110303e-05 Ent: 0.009969874285161495 RotUnl: 2.1378198653110303e-05 

T real Ep: 13900 lr0.005202374045102174 	 Loss Class: 0.010179 RotLab: 2.4418035536655225e-05 Ent: 0.010133080184459686 RotUnl: 2.4418035536655225e-05 

T real Ep: 14000 lr0.005186108144070652 	 Loss Class: 0.010553 RotLab: 6.973743438720703e-05 Ent: 0.010436167940497398 RotUnl: 6.973743438720703e-05 

\Target: Average loss: 3.4891, Accuracy: 17785/70224 F1 (25%)

\Rotation: Average loss: 1.5100, Accuracy: 47423/70224 F1 (67%)

best acc class 25.499829
record record/multi/net_resnet34_real
saving model
Terminated
