Dataset multi Target sketch Network resnet34 Num per class 1
126 classes in this dataset
THCudaCheck FAIL file=/opt/conda/conda-bld/pytorch_1535493744281/work/aten/src/THC/THCGeneral.cpp line=663 error=11 : invalid argument
T sketch Ep: 0 lr0.01 	 Loss Class: 5.106997 RotLab: 1.4864106178283691 Ent: 0.47122135758399963 RotUnl: 1.4864106178283691 

T sketch Ep: 100 lr0.009925650290240803 	 Loss Class: 0.069639 RotLab: 0.5748103857040405 Ent: 0.04939904808998108 RotUnl: 0.5748103857040405 

T sketch Ep: 200 lr0.009852577760521605 	 Loss Class: 0.039821 RotLab: 0.1007554903626442 Ent: 0.0314372293651104 RotUnl: 0.1007554903626442 

T sketch Ep: 300 lr0.009780748269686728 	 Loss Class: 0.031894 RotLab: 0.05715341493487358 Ent: 0.02593814767897129 RotUnl: 0.05715341493487358 

T sketch Ep: 400 lr0.009710128909124701 	 Loss Class: 0.021868 RotLab: 0.04459017887711525 Ent: 0.018446970731019974 RotUnl: 0.04459017887711525 

T sketch Ep: 500 lr0.00964068794694323 	 Loss Class: 0.015406 RotLab: 0.010677725076675415 Ent: 0.013814362697303295 RotUnl: 0.010677725076675415 

\Target: Average loss: 4.6615, Accuracy: 2603/24312 F1 (10%)

\Rotation: Average loss: 1.2808, Accuracy: 12608/24312 F1 (51%)

best acc class 10.706647
record record/multi/net_resnet34_sketch
saving model
T sketch Ep: 600 lr0.00957239477517603 	 Loss Class: 0.013144 RotLab: 0.00921266246587038 Ent: 0.011912183836102486 RotUnl: 0.00921266246587038 

T sketch Ep: 700 lr0.009505219859830012 	 Loss Class: 0.016018 RotLab: 0.01022625993937254 Ent: 0.014231461100280285 RotUnl: 0.01022625993937254 

T sketch Ep: 800 lr0.009439134693595126 	 Loss Class: 0.017048 RotLab: 0.007338047027587891 Ent: 0.01489283423870802 RotUnl: 0.007338047027587891 

T sketch Ep: 900 lr0.009374111751051751 	 Loss Class: 0.016651 RotLab: 0.023709604516625404 Ent: 0.014387247152626514 RotUnl: 0.023709604516625404 

T sketch Ep: 1000 lr0.009310124446222227 	 Loss Class: 0.013221 RotLab: 0.010034491308033466 Ent: 0.012015116401016712 RotUnl: 0.010034491308033466 

\Target: Average loss: 4.6693, Accuracy: 2603/24312 F1 (10%)

\Rotation: Average loss: 1.4151, Accuracy: 12638/24312 F1 (51%)

best acc class 10.706647
record record/multi/net_resnet34_sketch
saving model
T sketch Ep: 1100 lr0.00924714709232377 	 Loss Class: 0.009843 RotLab: 0.00669117784127593 Ent: 0.009355385787785053 RotUnl: 0.00669117784127593 

T sketch Ep: 1200 lr0.009185154863590003 	 Loss Class: 0.010142 RotLab: 0.00428481912240386 Ent: 0.009547064080834389 RotUnl: 0.00428481912240386 

T sketch Ep: 1300 lr0.00912412375903735 	 Loss Class: 0.010452 RotLab: 0.0028078060131520033 Ent: 0.009925004094839096 RotUnl: 0.0028078060131520033 

T sketch Ep: 1400 lr0.009064030568061049 	 Loss Class: 0.009798 RotLab: 0.005037923809140921 Ent: 0.009344798512756824 RotUnl: 0.005037923809140921 

T sketch Ep: 1500 lr0.009004852837753237 	 Loss Class: 0.009201 RotLab: 0.00514647364616394 Ent: 0.008752994239330292 RotUnl: 0.00514647364616394 

\Target: Average loss: 4.6803, Accuracy: 2648/24312 F1 (10%)

\Rotation: Average loss: 1.4885, Accuracy: 12668/24312 F1 (52%)

best acc class 10.891741
record record/multi/net_resnet34_sketch
saving model
T sketch Ep: 1600 lr0.008946568841842816 	 Loss Class: 0.008029 RotLab: 0.036415379494428635 Ent: 0.007801090367138386 RotUnl: 0.036415379494428635 

T sketch Ep: 1700 lr0.008889157551163433 	 Loss Class: 0.008743 RotLab: 0.018243739381432533 Ent: 0.008361148647964 RotUnl: 0.018243739381432533 

T sketch Ep: 1800 lr0.008832598605562044 	 Loss Class: 0.008808 RotLab: 0.004162639379501343 Ent: 0.008500169962644577 RotUnl: 0.004162639379501343 

T sketch Ep: 1900 lr0.008776872287166303 	 Loss Class: 0.009516 RotLab: 0.001424511312507093 Ent: 0.009078454226255417 RotUnl: 0.001424511312507093 

T sketch Ep: 2000 lr0.008721959494934213 	 Loss Class: 0.008490 RotLab: 0.00205838680267334 Ent: 0.00825552735477686 RotUnl: 0.00205838680267334 

\Target: Average loss: 4.6613, Accuracy: 2669/24312 F1 (10%)

\Rotation: Average loss: 1.5500, Accuracy: 12729/24312 F1 (52%)

best acc class 10.978118
record record/multi/net_resnet34_sketch
saving model
T sketch Ep: 2100 lr0.008667841720414475 	 Loss Class: 0.009057 RotLab: 0.0024362008552998304 Ent: 0.008693954907357693 RotUnl: 0.0024362008552998304 

T sketch Ep: 2200 lr0.008614501024650454 	 Loss Class: 0.009913 RotLab: 0.0036673545837402344 Ent: 0.00942898727953434 RotUnl: 0.0036673545837402344 

T sketch Ep: 2300 lr0.008561920016164943 	 Loss Class: 0.005915 RotLab: 0.001166482805274427 Ent: 0.006004130933433771 RotUnl: 0.001166482805274427 

T sketch Ep: 2400 lr0.008510081829966844 	 Loss Class: 0.007305 RotLab: 0.001031895517371595 Ent: 0.00725121796131134 RotUnl: 0.001031895517371595 

T sketch Ep: 2500 lr0.008458970107524513 	 Loss Class: 0.006994 RotLab: 0.0015135804424062371 Ent: 0.006953416857868433 RotUnl: 0.0015135804424062371 

\Target: Average loss: 4.6373, Accuracy: 2721/24312 F1 (11%)

\Rotation: Average loss: 1.5522, Accuracy: 12624/24312 F1 (51%)

best acc class 11.192004
record record/multi/net_resnet34_sketch
saving model
T sketch Ep: 2600 lr0.008408568977653933 	 Loss Class: 0.007323 RotLab: 0.005354186054319143 Ent: 0.007231995463371277 RotUnl: 0.005354186054319143 

T sketch Ep: 2700 lr0.00835886303827305 	 Loss Class: 0.007391 RotLab: 0.014364887960255146 Ent: 0.007236286997795105 RotUnl: 0.014364887960255146 

T sketch Ep: 2800 lr0.008309837338976545 	 Loss Class: 0.006491 RotLab: 0.0011349717387929559 Ent: 0.0065331594087183475 RotUnl: 0.0011349717387929559 

T sketch Ep: 2900 lr0.008261477364388068 	 Loss Class: 0.006806 RotLab: 0.0020284156780689955 Ent: 0.00674426881596446 RotUnl: 0.0020284156780689955 

T sketch Ep: 3000 lr0.008213769018249545 	 Loss Class: 0.006810 RotLab: 0.0009702841634862125 Ent: 0.00680088996887207 RotUnl: 0.0009702841634862125 

\Target: Average loss: 4.6570, Accuracy: 2624/24312 F1 (10%)

\Rotation: Average loss: 1.5865, Accuracy: 12639/24312 F1 (51%)

best acc class 11.192004
record record/multi/net_resnet34_sketch
saving model
T sketch Ep: 3100 lr0.008166698608209509 	 Loss Class: 0.008088 RotLab: 0.003500123741105199 Ent: 0.00796264037489891 RotUnl: 0.003500123741105199 

T sketch Ep: 3200 lr0.008120252831274708 	 Loss Class: 0.007732 RotLab: 0.0032260019797831774 Ent: 0.007642722222954035 RotUnl: 0.0032260019797831774 

T sketch Ep: 3300 lr0.008074418759891278 	 Loss Class: 0.008057 RotLab: 0.0015884041786193848 Ent: 0.007980044931173325 RotUnl: 0.0015884041786193848 

T sketch Ep: 3400 lr0.008029183828623731 	 Loss Class: 0.007813 RotLab: 0.006301442626863718 Ent: 0.007729583885520697 RotUnl: 0.006301442626863718 

T sketch Ep: 3500 lr0.007984535821401871 	 Loss Class: 0.006627 RotLab: 0.0007415016298182309 Ent: 0.006697387434542179 RotUnl: 0.0007415016298182309 

\Target: Average loss: 4.6510, Accuracy: 2657/24312 F1 (10%)

\Rotation: Average loss: 1.5982, Accuracy: 12758/24312 F1 (52%)

best acc class 11.192004
record record/multi/net_resnet34_sketch
saving model
T sketch Ep: 3600 lr0.007940462859307384 	 Loss Class: 0.007781 RotLab: 0.0033846895676106215 Ent: 0.007689624559134245 RotUnl: 0.0033846895676106215 

T sketch Ep: 3700 lr0.007896953388873518 	 Loss Class: 0.008417 RotLab: 0.002314358949661255 Ent: 0.008253337815403938 RotUnl: 0.002314358949661255 

T sketch Ep: 3800 lr0.007853996170872714 	 Loss Class: 0.007439 RotLab: 0.0013335943222045898 Ent: 0.007410225458443165 RotUnl: 0.0013335943222045898 

T sketch Ep: 3900 lr0.00781158026956848 	 Loss Class: 0.006167 RotLab: 0.00248640775680542 Ent: 0.00628092885017395 RotUnl: 0.00248640775680542 

T sketch Ep: 4000 lr0.007769695042409123 	 Loss Class: 0.007013 RotLab: 0.001026193262077868 Ent: 0.007038676179945469 RotUnl: 0.001026193262077868 

\Target: Average loss: 4.6189, Accuracy: 2638/24312 F1 (10%)

\Rotation: Average loss: 1.6183, Accuracy: 12598/24312 F1 (51%)

best acc class 11.192004
record record/multi/net_resnet34_sketch
saving model
T sketch Ep: 4100 lr0.007728330130142108 	 Loss Class: 0.009152 RotLab: 0.002053032396361232 Ent: 0.008912872523069382 RotUnl: 0.002053032396361232 

T sketch Ep: 4200 lr0.007687475447329114 	 Loss Class: 0.006822 RotLab: 0.002663254737854004 Ent: 0.006871360819786787 RotUnl: 0.002663254737854004 

T sketch Ep: 4300 lr0.0076471211732427845 	 Loss Class: 0.007877 RotLab: 0.0037304561119526625 Ent: 0.00783268641680479 RotUnl: 0.0037304561119526625 

T sketch Ep: 4400 lr0.007607257743127307 	 Loss Class: 0.007848 RotLab: 0.0019955832976847887 Ent: 0.007791396230459213 RotUnl: 0.0019955832976847887 

T sketch Ep: 4500 lr0.007567875839805858 	 Loss Class: 0.007646 RotLab: 0.001385470270179212 Ent: 0.007662653457373381 RotUnl: 0.001385470270179212 

\Target: Average loss: 4.6087, Accuracy: 2712/24312 F1 (11%)

\Rotation: Average loss: 1.6893, Accuracy: 12404/24312 F1 (51%)

best acc class 11.192004
record record/multi/net_resnet34_sketch
saving model
T sketch Ep: 4600 lr0.007528966385618854 	 Loss Class: 0.006955 RotLab: 0.0007131099700927734 Ent: 0.00701127341017127 RotUnl: 0.0007131099700927734 

T sketch Ep: 4700 lr0.007490520534677821 	 Loss Class: 0.007165 RotLab: 0.0005369782447814941 Ent: 0.007201829459518194 RotUnl: 0.0005369782447814941 

T sketch Ep: 4800 lr0.007452529665420465 	 Loss Class: 0.006967 RotLab: 0.0006848971243016422 Ent: 0.007059774827212095 RotUnl: 0.0006848971243016422 

T sketch Ep: 4900 lr0.007414985373453289 	 Loss Class: 0.008007 RotLab: 0.002590179443359375 Ent: 0.007932238280773163 RotUnl: 0.002590179443359375 

T sketch Ep: 5000 lr0.007377879464668811 	 Loss Class: 0.007775 RotLab: 0.001434365869499743 Ent: 0.007753823883831501 RotUnl: 0.001434365869499743 

