Dataset multi Source real Target clipart Labeled num perclass 3 Network resnet34
126 classes in this dataset
381
S real T clipart Train Ep: 0 lr0.01 	 Loss Classification: 4.960616 Loss T 0.471566 Method MME

S real T clipart Train Ep: 100 lr0.009925650290240803 	 Loss Classification: 0.803610 Loss T 0.269831 Method MME

S real T clipart Train Ep: 200 lr0.009852577760521605 	 Loss Classification: 0.893075 Loss T 0.186245 Method MME

S real T clipart Train Ep: 300 lr0.009780748269686728 	 Loss Classification: 0.591534 Loss T 0.151107 Method MME

S real T clipart Train Ep: 400 lr0.009710128909124701 	 Loss Classification: 0.326923 Loss T 0.135054 Method MME

S real T clipart Train Ep: 500 lr0.00964068794694323 	 Loss Classification: 0.284621 Loss T 0.126303 Method MME


Test set: Average loss: 1.5607, Accuracy: 11532/18288 F1 (63%)


Test set: Average loss: 1.6222, Accuracy: 221/360 F1 (61%)

best acc test 63.057743 best acc val 61.388889
record record/multi/MME/MME_net_resnet34_real_to_clipart_num_3
saving model...
S real T clipart Train Ep: 600 lr0.00957239477517603 	 Loss Classification: 0.476802 Loss T 0.094032 Method MME

S real T clipart Train Ep: 700 lr0.009505219859830012 	 Loss Classification: 0.342847 Loss T 0.112089 Method MME

S real T clipart Train Ep: 800 lr0.009439134693595126 	 Loss Classification: 0.609779 Loss T 0.073999 Method MME

S real T clipart Train Ep: 900 lr0.009374111751051751 	 Loss Classification: 0.518312 Loss T 0.085772 Method MME

S real T clipart Train Ep: 1000 lr0.009310124446222227 	 Loss Classification: 0.422378 Loss T 0.086449 Method MME


Test set: Average loss: 1.4989, Accuracy: 12142/18288 F1 (66%)


Test set: Average loss: 1.5902, Accuracy: 233/360 F1 (65%)

best acc test 66.393263 best acc val 64.722222
record record/multi/MME/MME_net_resnet34_real_to_clipart_num_3
saving model...
S real T clipart Train Ep: 1100 lr0.00924714709232377 	 Loss Classification: 0.208124 Loss T 0.100248 Method MME

S real T clipart Train Ep: 1200 lr0.009185154863590003 	 Loss Classification: 0.501005 Loss T 0.094812 Method MME

S real T clipart Train Ep: 1300 lr0.00912412375903735 	 Loss Classification: 0.206126 Loss T 0.079906 Method MME

S real T clipart Train Ep: 1400 lr0.009064030568061049 	 Loss Classification: 0.137708 Loss T 0.082680 Method MME

S real T clipart Train Ep: 1500 lr0.009004852837753237 	 Loss Classification: 0.510392 Loss T 0.089825 Method MME


Test set: Average loss: 1.4321, Accuracy: 12661/18288 F1 (69%)


Test set: Average loss: 1.5926, Accuracy: 247/360 F1 (69%)

best acc test 69.231190 best acc val 68.611111
record record/multi/MME/MME_net_resnet34_real_to_clipart_num_3
saving model...
S real T clipart Train Ep: 1600 lr0.008946568841842816 	 Loss Classification: 0.381499 Loss T 0.082211 Method MME

S real T clipart Train Ep: 1700 lr0.008889157551163433 	 Loss Classification: 0.105198 Loss T 0.070311 Method MME

S real T clipart Train Ep: 1800 lr0.008832598605562044 	 Loss Classification: 0.308259 Loss T 0.065888 Method MME

S real T clipart Train Ep: 1900 lr0.008776872287166303 	 Loss Classification: 0.224217 Loss T 0.088477 Method MME

S real T clipart Train Ep: 2000 lr0.008721959494934213 	 Loss Classification: 0.661275 Loss T 0.074852 Method MME


Test set: Average loss: 1.4378, Accuracy: 12883/18288 F1 (70%)


Test set: Average loss: 1.5874, Accuracy: 239/360 F1 (66%)

best acc test 69.231190 best acc val 66.388889
record record/multi/MME/MME_net_resnet34_real_to_clipart_num_3
saving model...
S real T clipart Train Ep: 2100 lr0.008667841720414475 	 Loss Classification: 0.361115 Loss T 0.055511 Method MME

S real T clipart Train Ep: 2200 lr0.008614501024650454 	 Loss Classification: 0.564455 Loss T 0.057691 Method MME

S real T clipart Train Ep: 2300 lr0.008561920016164943 	 Loss Classification: 0.366483 Loss T 0.064898 Method MME

S real T clipart Train Ep: 2400 lr0.008510081829966844 	 Loss Classification: 0.481721 Loss T 0.074526 Method MME

S real T clipart Train Ep: 2500 lr0.008458970107524513 	 Loss Classification: 0.264079 Loss T 0.059582 Method MME


Test set: Average loss: 1.3725, Accuracy: 13142/18288 F1 (72%)


Test set: Average loss: 1.5694, Accuracy: 251/360 F1 (70%)

best acc test 71.861330 best acc val 69.722222
record record/multi/MME/MME_net_resnet34_real_to_clipart_num_3
saving model...
S real T clipart Train Ep: 2600 lr0.008408568977653933 	 Loss Classification: 0.233595 Loss T 0.064091 Method MME

S real T clipart Train Ep: 2700 lr0.00835886303827305 	 Loss Classification: 0.168649 Loss T 0.078051 Method MME

S real T clipart Train Ep: 2800 lr0.008309837338976545 	 Loss Classification: 0.250489 Loss T 0.063516 Method MME

S real T clipart Train Ep: 2900 lr0.008261477364388068 	 Loss Classification: 0.181194 Loss T 0.058774 Method MME

S real T clipart Train Ep: 3000 lr0.008213769018249545 	 Loss Classification: 0.397052 Loss T 0.049113 Method MME


Test set: Average loss: 1.3608, Accuracy: 13316/18288 F1 (73%)


Test set: Average loss: 1.5188, Accuracy: 252/360 F1 (70%)

best acc test 72.812773 best acc val 70.000000
record record/multi/MME/MME_net_resnet34_real_to_clipart_num_3
saving model...
S real T clipart Train Ep: 3100 lr0.008166698608209509 	 Loss Classification: 0.249320 Loss T 0.058331 Method MME

S real T clipart Train Ep: 3200 lr0.008120252831274708 	 Loss Classification: 0.336743 Loss T 0.078053 Method MME

S real T clipart Train Ep: 3300 lr0.008074418759891278 	 Loss Classification: 0.229134 Loss T 0.066596 Method MME

S real T clipart Train Ep: 3400 lr0.008029183828623731 	 Loss Classification: 0.189668 Loss T 0.045346 Method MME

S real T clipart Train Ep: 3500 lr0.007984535821401871 	 Loss Classification: 0.330205 Loss T 0.056702 Method MME


Test set: Average loss: 1.3395, Accuracy: 13472/18288 F1 (74%)


Test set: Average loss: 1.5030, Accuracy: 255/360 F1 (71%)

best acc test 73.665792 best acc val 70.833333
record record/multi/MME/MME_net_resnet34_real_to_clipart_num_3
saving model...
S real T clipart Train Ep: 3600 lr0.007940462859307384 	 Loss Classification: 0.160907 Loss T 0.039624 Method MME

S real T clipart Train Ep: 3700 lr0.007896953388873518 	 Loss Classification: 0.301586 Loss T 0.058489 Method MME

S real T clipart Train Ep: 3800 lr0.007853996170872714 	 Loss Classification: 0.216264 Loss T 0.067051 Method MME

S real T clipart Train Ep: 3900 lr0.00781158026956848 	 Loss Classification: 0.220065 Loss T 0.051887 Method MME

S real T clipart Train Ep: 4000 lr0.007769695042409123 	 Loss Classification: 0.118384 Loss T 0.040696 Method MME


Test set: Average loss: 1.3564, Accuracy: 13572/18288 F1 (74%)


Test set: Average loss: 1.5200, Accuracy: 254/360 F1 (71%)

best acc test 73.665792 best acc val 70.555556
record record/multi/MME/MME_net_resnet34_real_to_clipart_num_3
saving model...
S real T clipart Train Ep: 4100 lr0.007728330130142108 	 Loss Classification: 0.283705 Loss T 0.068136 Method MME

S real T clipart Train Ep: 4200 lr0.007687475447329114 	 Loss Classification: 0.224301 Loss T 0.060052 Method MME

S real T clipart Train Ep: 4300 lr0.0076471211732427845 	 Loss Classification: 0.183541 Loss T 0.030650 Method MME

S real T clipart Train Ep: 4400 lr0.007607257743127307 	 Loss Classification: 0.772161 Loss T 0.040852 Method MME

S real T clipart Train Ep: 4500 lr0.007567875839805858 	 Loss Classification: 0.158197 Loss T 0.052669 Method MME


Test set: Average loss: 1.4308, Accuracy: 13486/18288 F1 (74%)


Test set: Average loss: 1.6265, Accuracy: 254/360 F1 (71%)

best acc test 73.665792 best acc val 70.555556
record record/multi/MME/MME_net_resnet34_real_to_clipart_num_3
saving model...
S real T clipart Train Ep: 4600 lr0.007528966385618854 	 Loss Classification: 0.298089 Loss T 0.056551 Method MME

S real T clipart Train Ep: 4700 lr0.007490520534677821 	 Loss Classification: 0.314827 Loss T 0.057003 Method MME

S real T clipart Train Ep: 4800 lr0.007452529665420465 	 Loss Classification: 0.180734 Loss T 0.041529 Method MME

S real T clipart Train Ep: 4900 lr0.007414985373453289 	 Loss Classification: 0.114429 Loss T 0.054026 Method MME

S real T clipart Train Ep: 5000 lr0.007377879464668811 	 Loss Classification: 0.433433 Loss T 0.036939 Method MME


Test set: Average loss: 1.4506, Accuracy: 13525/18288 F1 (74%)


Test set: Average loss: 1.5993, Accuracy: 256/360 F1 (71%)

best acc test 73.955599 best acc val 71.111111
record record/multi/MME/MME_net_resnet34_real_to_clipart_num_3
saving model...
S real T clipart Train Ep: 5100 lr0.007341203948625087 	 Loss Classification: 0.439410 Loss T 0.061397 Method MME

S real T clipart Train Ep: 5200 lr0.007304951032175895 	 Loss Classification: 0.440402 Loss T 0.054628 Method MME

S real T clipart Train Ep: 5300 lr0.007269113113340497 	 Loss Classification: 0.264950 Loss T 0.039558 Method MME

S real T clipart Train Ep: 5400 lr0.007233682775402483 	 Loss Classification: 0.223777 Loss T 0.045512 Method MME

S real T clipart Train Ep: 5500 lr0.007198652781227704 	 Loss Classification: 0.114517 Loss T 0.050315 Method MME


Test set: Average loss: 1.3953, Accuracy: 13696/18288 F1 (75%)


Test set: Average loss: 1.6215, Accuracy: 259/360 F1 (72%)

best acc test 74.890639 best acc val 71.944444
record record/multi/MME/MME_net_resnet34_real_to_clipart_num_3
saving model...
S real T clipart Train Ep: 5600 lr0.007164016067791809 	 Loss Classification: 0.316981 Loss T 0.059849 Method MME

S real T clipart Train Ep: 5700 lr0.0071297657409083726 	 Loss Classification: 0.185448 Loss T 0.039173 Method MME

S real T clipart Train Ep: 5800 lr0.0070958950701490225 	 Loss Classification: 0.323394 Loss T 0.055973 Method MME

S real T clipart Train Ep: 5900 lr0.007062397483947426 	 Loss Classification: 0.115748 Loss T 0.053096 Method MME

S real T clipart Train Ep: 6000 lr0.007029266564879363 	 Loss Classification: 0.440379 Loss T 0.031433 Method MME


Test set: Average loss: 1.4314, Accuracy: 13677/18288 F1 (75%)


Test set: Average loss: 1.6746, Accuracy: 256/360 F1 (71%)

best acc test 74.890639 best acc val 71.111111
record record/multi/MME/MME_net_resnet34_real_to_clipart_num_3
saving model...
S real T clipart Train Ep: 6100 lr0.006996496045111504 	 Loss Classification: 0.205111 Loss T 0.053276 Method MME

S real T clipart Train Ep: 6200 lr0.00696407980201184 	 Loss Classification: 0.261338 Loss T 0.033763 Method MME

S real T clipart Train Ep: 6300 lr0.006932011853915101 	 Loss Classification: 0.221508 Loss T 0.042524 Method MME

S real T clipart Train Ep: 6400 lr0.006900286356036734 	 Loss Classification: 0.081000 Loss T 0.040610 Method MME

S real T clipart Train Ep: 6500 lr0.006868897596529406 	 Loss Classification: 0.120227 Loss T 0.037144 Method MME


Test set: Average loss: 1.5139, Accuracy: 13653/18288 F1 (75%)


Test set: Average loss: 1.8050, Accuracy: 253/360 F1 (70%)

best acc test 74.890639 best acc val 70.277778
record record/multi/MME/MME_net_resnet34_real_to_clipart_num_3
saving model...
S real T clipart Train Ep: 6600 lr0.006837839992676177 	 Loss Classification: 0.257345 Loss T 0.037885 Method MME

S real T clipart Train Ep: 6700 lr0.006807108087214876 	 Loss Classification: 0.251161 Loss T 0.026788 Method MME

S real T clipart Train Ep: 6800 lr0.006776696544788352 	 Loss Classification: 0.440084 Loss T 0.044340 Method MME

S real T clipart Train Ep: 6900 lr0.006746600148515609 	 Loss Classification: 0.237995 Loss T 0.023116 Method MME

S real T clipart Train Ep: 7000 lr0.006716813796678979 	 Loss Classification: 0.207874 Loss T 0.045726 Method MME


Test set: Average loss: 1.4753, Accuracy: 13719/18288 F1 (75%)


Test set: Average loss: 1.6808, Accuracy: 254/360 F1 (71%)

best acc test 74.890639 best acc val 70.555556
record record/multi/MME/MME_net_resnet34_real_to_clipart_num_3
saving model...
S real T clipart Train Ep: 7100 lr0.006687332499522798 	 Loss Classification: 0.264401 Loss T 0.016763 Method MME

S real T clipart Train Ep: 7200 lr0.006658151376159165 	 Loss Classification: 0.126449 Loss T 0.027955 Method MME

S real T clipart Train Ep: 7300 lr0.00662926565157663 	 Loss Classification: 0.172387 Loss T 0.043436 Method MME

S real T clipart Train Ep: 7400 lr0.006600670653747793 	 Loss Classification: 0.325006 Loss T 0.038762 Method MME

S real T clipart Train Ep: 7500 lr0.0065723618108320175 	 Loss Classification: 0.466028 Loss T 0.043721 Method MME


Test set: Average loss: 1.5124, Accuracy: 13710/18288 F1 (75%)


Test set: Average loss: 1.7449, Accuracy: 253/360 F1 (70%)

best acc test 74.890639 best acc val 70.277778
record record/multi/MME/MME_net_resnet34_real_to_clipart_num_3
saving model...
S real T clipart Train Ep: 7600 lr0.006544334648469591 	 Loss Classification: 0.266348 Loss T 0.031941 Method MME

S real T clipart Train Ep: 7700 lr0.006516584787163857 	 Loss Classification: 0.445495 Loss T 0.025574 Method MME

S real T clipart Train Ep: 7800 lr0.006489107939747966 	 Loss Classification: 0.263007 Loss T 0.037410 Method MME

S real T clipart Train Ep: 7900 lr0.0064618999089330565 	 Loss Classification: 0.079451 Loss T 0.029228 Method MME

S real T clipart Train Ep: 8000 lr0.006434956584934828 	 Loss Classification: 0.267678 Loss T 0.033381 Method MME


Test set: Average loss: 1.5736, Accuracy: 13693/18288 F1 (75%)


Test set: Average loss: 1.7389, Accuracy: 262/360 F1 (73%)

best acc test 74.874234 best acc val 72.777778
record record/multi/MME/MME_net_resnet34_real_to_clipart_num_3
saving model...
S real T clipart Train Ep: 8100 lr0.006408273943175546 	 Loss Classification: 0.197237 Loss T 0.035590 Method MME

S real T clipart Train Ep: 8200 lr0.006381848042058713 	 Loss Classification: 0.486944 Loss T 0.016899 Method MME

S real T clipart Train Ep: 8300 lr0.0063556750208137005 	 Loss Classification: 0.418834 Loss T 0.023912 Method MME

S real T clipart Train Ep: 8400 lr0.006329751097407787 	 Loss Classification: 0.031034 Loss T 0.020420 Method MME

S real T clipart Train Ep: 8500 lr0.0063040725665231365 	 Loss Classification: 0.222213 Loss T 0.021522 Method MME


Test set: Average loss: 1.5245, Accuracy: 13762/18288 F1 (75%)


Test set: Average loss: 1.8029, Accuracy: 258/360 F1 (72%)

best acc test 74.874234 best acc val 71.666667
record record/multi/MME/MME_net_resnet34_real_to_clipart_num_3
saving model...
S real T clipart Train Ep: 8600 lr0.006278635797596355 	 Loss Classification: 0.233440 Loss T 0.022208 Method MME

S real T clipart Train Ep: 8700 lr0.006253437232918371 	 Loss Classification: 0.169232 Loss T 0.020494 Method MME

S real T clipart Train Ep: 8800 lr0.0062284733857924735 	 Loss Classification: 0.280029 Loss T 0.013890 Method MME

S real T clipart Train Ep: 8900 lr0.006203740838748417 	 Loss Classification: 0.251400 Loss T 0.028074 Method MME

S real T clipart Train Ep: 9000 lr0.006179236241810624 	 Loss Classification: 0.226566 Loss T 0.027331 Method MME


Test set: Average loss: 1.5861, Accuracy: 13790/18288 F1 (75%)


Test set: Average loss: 1.7917, Accuracy: 262/360 F1 (73%)

best acc test 75.404637 best acc val 72.777778
record record/multi/MME/MME_net_resnet34_real_to_clipart_num_3
saving model...
S real T clipart Train Ep: 9100 lr0.006154956310818535 	 Loss Classification: 0.159513 Loss T 0.031276 Method MME

S real T clipart Train Ep: 9200 lr0.0061308978257973165 	 Loss Classification: 0.267492 Loss T 0.017603 Method MME

S real T clipart Train Ep: 9300 lr0.0061070576293771285 	 Loss Classification: 0.126025 Loss T 0.030596 Method MME

S real T clipart Train Ep: 9400 lr0.006083432625259276 	 Loss Classification: 0.064877 Loss T 0.029555 Method MME

S real T clipart Train Ep: 9500 lr0.006060019776727621 	 Loss Classification: 0.241319 Loss T 0.031399 Method MME


Test set: Average loss: 1.5620, Accuracy: 13829/18288 F1 (76%)


Test set: Average loss: 1.7798, Accuracy: 256/360 F1 (71%)

best acc test 75.404637 best acc val 71.111111
record record/multi/MME/MME_net_resnet34_real_to_clipart_num_3
saving model...
S real T clipart Train Ep: 9600 lr0.00603681610520369 	 Loss Classification: 0.178885 Loss T 0.029075 Method MME

S real T clipart Train Ep: 9700 lr0.0060138186888439825 	 Loss Classification: 0.042370 Loss T 0.016835 Method MME

S real T clipart Train Ep: 9800 lr0.005991024661178045 	 Loss Classification: 0.269486 Loss T 0.022599 Method MME

S real T clipart Train Ep: 9900 lr0.0059684312097859115 	 Loss Classification: 0.196782 Loss T 0.011079 Method MME

S real T clipart Train Ep: 10000 lr0.005946035575013605 	 Loss Classification: 0.141647 Loss T 0.031355 Method MME


Test set: Average loss: 1.6137, Accuracy: 13820/18288 F1 (76%)


Test set: Average loss: 1.9645, Accuracy: 251/360 F1 (70%)

best acc test 75.404637 best acc val 69.722222
record record/multi/MME/MME_net_resnet34_real_to_clipart_num_3
saving model...
S real T clipart Train Ep: 10100 lr0.005923835048725393 	 Loss Classification: 0.313078 Loss T 0.041456 Method MME

S real T clipart Train Ep: 10200 lr0.005901826973091593 	 Loss Classification: 0.144135 Loss T 0.024549 Method MME

S real T clipart Train Ep: 10300 lr0.005880008739410735 	 Loss Classification: 0.146447 Loss T 0.009748 Method MME

S real T clipart Train Ep: 10400 lr0.005858377786964935 	 Loss Classification: 0.163747 Loss T 0.020883 Method MME

S real T clipart Train Ep: 10500 lr0.005836931601907399 	 Loss Classification: 0.257759 Loss T 0.024936 Method MME


Test set: Average loss: 1.6381, Accuracy: 13783/18288 F1 (75%)


Test set: Average loss: 1.9984, Accuracy: 251/360 F1 (70%)

best acc test 75.404637 best acc val 69.722222
record record/multi/MME/MME_net_resnet34_real_to_clipart_num_3
saving model...
S real T clipart Train Ep: 10600 lr0.005815667716181004 	 Loss Classification: 0.231537 Loss T 0.035543 Method MME

S real T clipart Train Ep: 10700 lr0.005794583706466925 	 Loss Classification: 0.120322 Loss T 0.022019 Method MME

S real T clipart Train Ep: 10800 lr0.005773677193162352 	 Loss Classification: 0.020436 Loss T 0.018369 Method MME

S real T clipart Train Ep: 10900 lr0.005752945839386346 	 Loss Classification: 0.372124 Loss T 0.022328 Method MME

S real T clipart Train Ep: 11000 lr0.005732387350012933 	 Loss Classification: 0.195852 Loss T 0.020261 Method MME


Test set: Average loss: 1.6633, Accuracy: 13808/18288 F1 (76%)


Test set: Average loss: 2.0437, Accuracy: 253/360 F1 (70%)

best acc test 75.404637 best acc val 70.277778
record record/multi/MME/MME_net_resnet34_real_to_clipart_num_3
saving model...
S real T clipart Train Ep: 11100 lr0.005711999470730565 	 Loss Classification: 0.083632 Loss T 0.027752 Method MME

S real T clipart Train Ep: 11200 lr0.005691779987127103 	 Loss Classification: 0.224937 Loss T 0.014075 Method MME

S real T clipart Train Ep: 11300 lr0.005671726723799515 	 Loss Classification: 0.281325 Loss T 0.023191 Method MME

S real T clipart Train Ep: 11400 lr0.005651837543487509 	 Loss Classification: 0.120502 Loss T 0.033974 Method MME

S real T clipart Train Ep: 11500 lr0.005632110346230358 	 Loss Classification: 0.235953 Loss T 0.014566 Method MME


Test set: Average loss: 1.6264, Accuracy: 13825/18288 F1 (76%)


Test set: Average loss: 2.0031, Accuracy: 255/360 F1 (71%)

best acc test 75.404637 best acc val 70.833333
record record/multi/MME/MME_net_resnet34_real_to_clipart_num_3
saving model...
S real T clipart Train Ep: 11600 lr0.005612543068546177 	 Loss Classification: 0.090935 Loss T 0.018713 Method MME

S real T clipart Train Ep: 11700 lr0.005593133682632953 	 Loss Classification: 0.221851 Loss T 0.024036 Method MME

S real T clipart Train Ep: 11800 lr0.005573880195590681 	 Loss Classification: 0.174770 Loss T 0.027057 Method MME

S real T clipart Train Ep: 11900 lr0.0055547806486639095 	 Loss Classification: 0.103327 Loss T 0.014360 Method MME

S real T clipart Train Ep: 12000 lr0.005535833116504121 	 Loss Classification: 0.118890 Loss T 0.014702 Method MME


Test set: Average loss: 1.6799, Accuracy: 13849/18288 F1 (76%)


Test set: Average loss: 2.0070, Accuracy: 256/360 F1 (71%)

