Dataset multi Source painting Target real Labeled num perclass 3 Network resnet34
126 classes in this dataset
1457
S painting T real Train Ep: 0 lr0.01 	 Loss Classification: 5.070126 Loss T 0.470960 Method MME

S painting T real Train Ep: 100 lr0.009925650290240803 	 Loss Classification: 1.346576 Loss T 0.225901 Method MME

S painting T real Train Ep: 200 lr0.009852577760521605 	 Loss Classification: 1.256198 Loss T 0.151480 Method MME

S painting T real Train Ep: 300 lr0.009780748269686728 	 Loss Classification: 0.781056 Loss T 0.140595 Method MME

S painting T real Train Ep: 400 lr0.009710128909124701 	 Loss Classification: 0.592305 Loss T 0.130542 Method MME

S painting T real Train Ep: 500 lr0.00964068794694323 	 Loss Classification: 0.692024 Loss T 0.137360 Method MME


Test set: Average loss: 1.0411, Accuracy: 52102/69936 F1 (74%)


Test set: Average loss: 1.1579, Accuracy: 253/360 F1 (70%)

best acc test 74.499542 best acc val 70.277778
record record/multi/MME/MME_net_resnet34_painting_to_real_num_3
saving model...
S painting T real Train Ep: 600 lr0.00957239477517603 	 Loss Classification: 0.698686 Loss T 0.107613 Method MME

S painting T real Train Ep: 700 lr0.009505219859830012 	 Loss Classification: 1.261982 Loss T 0.093284 Method MME

S painting T real Train Ep: 800 lr0.009439134693595126 	 Loss Classification: 0.549789 Loss T 0.112276 Method MME

S painting T real Train Ep: 900 lr0.009374111751051751 	 Loss Classification: 0.460243 Loss T 0.098257 Method MME

S painting T real Train Ep: 1000 lr0.009310124446222227 	 Loss Classification: 0.599725 Loss T 0.108913 Method MME


Test set: Average loss: 0.9771, Accuracy: 53232/69936 F1 (76%)


Test set: Average loss: 1.0589, Accuracy: 269/360 F1 (75%)

best acc test 76.115305 best acc val 74.722222
record record/multi/MME/MME_net_resnet34_painting_to_real_num_3
saving model...
S painting T real Train Ep: 1100 lr0.00924714709232377 	 Loss Classification: 0.946921 Loss T 0.099886 Method MME

S painting T real Train Ep: 1200 lr0.009185154863590003 	 Loss Classification: 0.357887 Loss T 0.090907 Method MME

S painting T real Train Ep: 1300 lr0.00912412375903735 	 Loss Classification: 0.640652 Loss T 0.116712 Method MME

S painting T real Train Ep: 1400 lr0.009064030568061049 	 Loss Classification: 0.586694 Loss T 0.093321 Method MME

S painting T real Train Ep: 1500 lr0.009004852837753237 	 Loss Classification: 0.536052 Loss T 0.085119 Method MME


Test set: Average loss: 0.9322, Accuracy: 54475/69936 F1 (78%)


Test set: Average loss: 1.0787, Accuracy: 266/360 F1 (74%)

best acc test 76.115305 best acc val 73.888889
record record/multi/MME/MME_net_resnet34_painting_to_real_num_3
saving model...
S painting T real Train Ep: 1600 lr0.008946568841842816 	 Loss Classification: 0.307887 Loss T 0.091721 Method MME

S painting T real Train Ep: 1700 lr0.008889157551163433 	 Loss Classification: 0.567269 Loss T 0.075465 Method MME

S painting T real Train Ep: 1800 lr0.008832598605562044 	 Loss Classification: 0.534989 Loss T 0.083569 Method MME

S painting T real Train Ep: 1900 lr0.008776872287166303 	 Loss Classification: 0.476997 Loss T 0.100266 Method MME

S painting T real Train Ep: 2000 lr0.008721959494934213 	 Loss Classification: 0.552286 Loss T 0.082600 Method MME


Test set: Average loss: 0.9612, Accuracy: 54280/69936 F1 (78%)


Test set: Average loss: 1.1701, Accuracy: 261/360 F1 (72%)

best acc test 76.115305 best acc val 72.500000
record record/multi/MME/MME_net_resnet34_painting_to_real_num_3
saving model...
S painting T real Train Ep: 2100 lr0.008667841720414475 	 Loss Classification: 0.388791 Loss T 0.078677 Method MME

S painting T real Train Ep: 2200 lr0.008614501024650454 	 Loss Classification: 0.184952 Loss T 0.088728 Method MME

S painting T real Train Ep: 2300 lr0.008561920016164943 	 Loss Classification: 0.503087 Loss T 0.073168 Method MME

S painting T real Train Ep: 2400 lr0.008510081829966844 	 Loss Classification: 0.403202 Loss T 0.081657 Method MME

S painting T real Train Ep: 2500 lr0.008458970107524513 	 Loss Classification: 0.390832 Loss T 0.079481 Method MME


Test set: Average loss: 0.9194, Accuracy: 55050/69936 F1 (79%)


Test set: Average loss: 1.0105, Accuracy: 277/360 F1 (77%)

best acc test 78.714825 best acc val 76.944444
record record/multi/MME/MME_net_resnet34_painting_to_real_num_3
saving model...
S painting T real Train Ep: 2600 lr0.008408568977653933 	 Loss Classification: 0.249466 Loss T 0.076897 Method MME

S painting T real Train Ep: 2700 lr0.00835886303827305 	 Loss Classification: 0.544878 Loss T 0.071849 Method MME

S painting T real Train Ep: 2800 lr0.008309837338976545 	 Loss Classification: 0.334387 Loss T 0.084410 Method MME

S painting T real Train Ep: 2900 lr0.008261477364388068 	 Loss Classification: 0.261539 Loss T 0.074169 Method MME

S painting T real Train Ep: 3000 lr0.008213769018249545 	 Loss Classification: 0.379187 Loss T 0.072739 Method MME


Test set: Average loss: 0.8927, Accuracy: 55687/69936 F1 (80%)


Test set: Average loss: 1.0103, Accuracy: 281/360 F1 (78%)

best acc test 79.625658 best acc val 78.055556
record record/multi/MME/MME_net_resnet34_painting_to_real_num_3
saving model...
S painting T real Train Ep: 3100 lr0.008166698608209509 	 Loss Classification: 0.195565 Loss T 0.061770 Method MME

S painting T real Train Ep: 3200 lr0.008120252831274708 	 Loss Classification: 0.404527 Loss T 0.054858 Method MME

S painting T real Train Ep: 3300 lr0.008074418759891278 	 Loss Classification: 0.493879 Loss T 0.066136 Method MME

S painting T real Train Ep: 3400 lr0.008029183828623731 	 Loss Classification: 0.552646 Loss T 0.085690 Method MME

S painting T real Train Ep: 3500 lr0.007984535821401871 	 Loss Classification: 0.231392 Loss T 0.072022 Method MME


Test set: Average loss: 0.9222, Accuracy: 55706/69936 F1 (80%)


Test set: Average loss: 1.0616, Accuracy: 274/360 F1 (76%)

best acc test 79.625658 best acc val 76.111111
record record/multi/MME/MME_net_resnet34_painting_to_real_num_3
saving model...
S painting T real Train Ep: 3600 lr0.007940462859307384 	 Loss Classification: 0.152110 Loss T 0.072519 Method MME

S painting T real Train Ep: 3700 lr0.007896953388873518 	 Loss Classification: 0.408181 Loss T 0.065623 Method MME

S painting T real Train Ep: 3800 lr0.007853996170872714 	 Loss Classification: 0.206636 Loss T 0.078893 Method MME

S painting T real Train Ep: 3900 lr0.00781158026956848 	 Loss Classification: 0.695633 Loss T 0.087109 Method MME

S painting T real Train Ep: 4000 lr0.007769695042409123 	 Loss Classification: 0.340550 Loss T 0.061455 Method MME


Test set: Average loss: 0.9143, Accuracy: 55995/69936 F1 (80%)


Test set: Average loss: 1.0581, Accuracy: 274/360 F1 (76%)

best acc test 79.625658 best acc val 76.111111
record record/multi/MME/MME_net_resnet34_painting_to_real_num_3
saving model...
S painting T real Train Ep: 4100 lr0.007728330130142108 	 Loss Classification: 0.420030 Loss T 0.047043 Method MME

S painting T real Train Ep: 4200 lr0.007687475447329114 	 Loss Classification: 0.221603 Loss T 0.051345 Method MME

S painting T real Train Ep: 4300 lr0.0076471211732427845 	 Loss Classification: 0.243696 Loss T 0.057663 Method MME

S painting T real Train Ep: 4400 lr0.007607257743127307 	 Loss Classification: 0.309347 Loss T 0.069345 Method MME

S painting T real Train Ep: 4500 lr0.007567875839805858 	 Loss Classification: 0.090793 Loss T 0.072830 Method MME


Test set: Average loss: 0.9300, Accuracy: 56073/69936 F1 (80%)


Test set: Average loss: 1.1663, Accuracy: 275/360 F1 (76%)

best acc test 79.625658 best acc val 76.388889
record record/multi/MME/MME_net_resnet34_painting_to_real_num_3
saving model...
S painting T real Train Ep: 4600 lr0.007528966385618854 	 Loss Classification: 0.469228 Loss T 0.051602 Method MME

S painting T real Train Ep: 4700 lr0.007490520534677821 	 Loss Classification: 0.180356 Loss T 0.042464 Method MME

S painting T real Train Ep: 4800 lr0.007452529665420465 	 Loss Classification: 0.215165 Loss T 0.038504 Method MME

S painting T real Train Ep: 4900 lr0.007414985373453289 	 Loss Classification: 0.165221 Loss T 0.042371 Method MME

S painting T real Train Ep: 5000 lr0.007377879464668811 	 Loss Classification: 0.597371 Loss T 0.052939 Method MME


Test set: Average loss: 0.9209, Accuracy: 56313/69936 F1 (81%)


Test set: Average loss: 1.0912, Accuracy: 278/360 F1 (77%)

best acc test 79.625658 best acc val 77.222222
record record/multi/MME/MME_net_resnet34_painting_to_real_num_3
saving model...
S painting T real Train Ep: 5100 lr0.007341203948625087 	 Loss Classification: 0.189981 Loss T 0.088893 Method MME

S painting T real Train Ep: 5200 lr0.007304951032175895 	 Loss Classification: 0.270610 Loss T 0.069511 Method MME

S painting T real Train Ep: 5300 lr0.007269113113340497 	 Loss Classification: 0.132829 Loss T 0.070134 Method MME

S painting T real Train Ep: 5400 lr0.007233682775402483 	 Loss Classification: 0.247626 Loss T 0.054805 Method MME

S painting T real Train Ep: 5500 lr0.007198652781227704 	 Loss Classification: 0.219155 Loss T 0.052252 Method MME


Test set: Average loss: 0.9018, Accuracy: 56719/69936 F1 (81%)


Test set: Average loss: 1.0637, Accuracy: 280/360 F1 (78%)

best acc test 79.625658 best acc val 77.777778
record record/multi/MME/MME_net_resnet34_painting_to_real_num_3
saving model...
S painting T real Train Ep: 5600 lr0.007164016067791809 	 Loss Classification: 0.143277 Loss T 0.049001 Method MME

S painting T real Train Ep: 5700 lr0.0071297657409083726 	 Loss Classification: 0.307464 Loss T 0.043428 Method MME

S painting T real Train Ep: 5800 lr0.0070958950701490225 	 Loss Classification: 0.296442 Loss T 0.063842 Method MME

S painting T real Train Ep: 5900 lr0.007062397483947426 	 Loss Classification: 0.152355 Loss T 0.034556 Method MME

S painting T real Train Ep: 6000 lr0.007029266564879363 	 Loss Classification: 0.243834 Loss T 0.045067 Method MME


Test set: Average loss: 0.9086, Accuracy: 56836/69936 F1 (81%)


Test set: Average loss: 1.0218, Accuracy: 284/360 F1 (79%)

best acc test 81.268588 best acc val 78.888889
record record/multi/MME/MME_net_resnet34_painting_to_real_num_3
saving model...
S painting T real Train Ep: 6100 lr0.006996496045111504 	 Loss Classification: 0.465547 Loss T 0.064011 Method MME

S painting T real Train Ep: 6200 lr0.00696407980201184 	 Loss Classification: 0.244250 Loss T 0.031758 Method MME

S painting T real Train Ep: 6300 lr0.006932011853915101 	 Loss Classification: 0.223332 Loss T 0.053936 Method MME

S painting T real Train Ep: 6400 lr0.006900286356036734 	 Loss Classification: 0.341805 Loss T 0.048223 Method MME

S painting T real Train Ep: 6500 lr0.006868897596529406 	 Loss Classification: 0.086110 Loss T 0.067458 Method MME


Test set: Average loss: 0.9135, Accuracy: 56967/69936 F1 (81%)


Test set: Average loss: 1.0764, Accuracy: 279/360 F1 (78%)

best acc test 81.268588 best acc val 77.500000
record record/multi/MME/MME_net_resnet34_painting_to_real_num_3
saving model...
S painting T real Train Ep: 6600 lr0.006837839992676177 	 Loss Classification: 0.176481 Loss T 0.055951 Method MME

S painting T real Train Ep: 6700 lr0.006807108087214876 	 Loss Classification: 0.269803 Loss T 0.053303 Method MME

S painting T real Train Ep: 6800 lr0.006776696544788352 	 Loss Classification: 0.131023 Loss T 0.045457 Method MME

S painting T real Train Ep: 6900 lr0.006746600148515609 	 Loss Classification: 0.150594 Loss T 0.051452 Method MME

S painting T real Train Ep: 7000 lr0.006716813796678979 	 Loss Classification: 0.306278 Loss T 0.059058 Method MME


Test set: Average loss: 0.9226, Accuracy: 57085/69936 F1 (82%)


Test set: Average loss: 1.1443, Accuracy: 281/360 F1 (78%)

best acc test 81.268588 best acc val 78.055556
record record/multi/MME/MME_net_resnet34_painting_to_real_num_3
saving model...
S painting T real Train Ep: 7100 lr0.006687332499522798 	 Loss Classification: 0.359663 Loss T 0.057473 Method MME

S painting T real Train Ep: 7200 lr0.006658151376159165 	 Loss Classification: 0.489189 Loss T 0.041278 Method MME

S painting T real Train Ep: 7300 lr0.00662926565157663 	 Loss Classification: 0.303062 Loss T 0.057124 Method MME

S painting T real Train Ep: 7400 lr0.006600670653747793 	 Loss Classification: 0.235094 Loss T 0.043631 Method MME

S painting T real Train Ep: 7500 lr0.0065723618108320175 	 Loss Classification: 0.177464 Loss T 0.053735 Method MME


Test set: Average loss: 0.8943, Accuracy: 57251/69936 F1 (82%)


Test set: Average loss: 1.1309, Accuracy: 287/360 F1 (80%)

best acc test 81.861988 best acc val 79.722222
record record/multi/MME/MME_net_resnet34_painting_to_real_num_3
saving model...
S painting T real Train Ep: 7600 lr0.006544334648469591 	 Loss Classification: 0.230585 Loss T 0.065595 Method MME

S painting T real Train Ep: 7700 lr0.006516584787163857 	 Loss Classification: 0.145132 Loss T 0.068390 Method MME

S painting T real Train Ep: 7800 lr0.006489107939747966 	 Loss Classification: 0.362227 Loss T 0.040452 Method MME

S painting T real Train Ep: 7900 lr0.0064618999089330565 	 Loss Classification: 0.043259 Loss T 0.043614 Method MME

S painting T real Train Ep: 8000 lr0.006434956584934828 	 Loss Classification: 0.098346 Loss T 0.059072 Method MME


Test set: Average loss: 0.8946, Accuracy: 57642/69936 F1 (82%)


Test set: Average loss: 1.1088, Accuracy: 286/360 F1 (79%)

best acc test 81.861988 best acc val 79.444444
record record/multi/MME/MME_net_resnet34_painting_to_real_num_3
saving model...
S painting T real Train Ep: 8100 lr0.006408273943175546 	 Loss Classification: 0.107617 Loss T 0.031429 Method MME

S painting T real Train Ep: 8200 lr0.006381848042058713 	 Loss Classification: 0.257591 Loss T 0.073773 Method MME

S painting T real Train Ep: 8300 lr0.0063556750208137005 	 Loss Classification: 0.056577 Loss T 0.041365 Method MME

S painting T real Train Ep: 8400 lr0.006329751097407787 	 Loss Classification: 0.274193 Loss T 0.054383 Method MME

S painting T real Train Ep: 8500 lr0.0063040725665231365 	 Loss Classification: 0.300249 Loss T 0.061673 Method MME


Test set: Average loss: 0.9231, Accuracy: 57382/69936 F1 (82%)


Test set: Average loss: 0.9812, Accuracy: 287/360 F1 (80%)

best acc test 82.049302 best acc val 79.722222
record record/multi/MME/MME_net_resnet34_painting_to_real_num_3
saving model...
S painting T real Train Ep: 8600 lr0.006278635797596355 	 Loss Classification: 0.047937 Loss T 0.048406 Method MME

S painting T real Train Ep: 8700 lr0.006253437232918371 	 Loss Classification: 0.117305 Loss T 0.031675 Method MME

S painting T real Train Ep: 8800 lr0.0062284733857924735 	 Loss Classification: 0.148022 Loss T 0.058567 Method MME

S painting T real Train Ep: 8900 lr0.006203740838748417 	 Loss Classification: 0.136483 Loss T 0.070514 Method MME

S painting T real Train Ep: 9000 lr0.006179236241810624 	 Loss Classification: 0.049067 Loss T 0.031141 Method MME


Test set: Average loss: 0.8946, Accuracy: 57632/69936 F1 (82%)


Test set: Average loss: 1.0519, Accuracy: 283/360 F1 (79%)

best acc test 82.049302 best acc val 78.611111
record record/multi/MME/MME_net_resnet34_painting_to_real_num_3
saving model...
S painting T real Train Ep: 9100 lr0.006154956310818535 	 Loss Classification: 0.086229 Loss T 0.035728 Method MME

S painting T real Train Ep: 9200 lr0.0061308978257973165 	 Loss Classification: 0.204399 Loss T 0.040690 Method MME

S painting T real Train Ep: 9300 lr0.0061070576293771285 	 Loss Classification: 0.037841 Loss T 0.037939 Method MME

S painting T real Train Ep: 9400 lr0.006083432625259276 	 Loss Classification: 0.239124 Loss T 0.048541 Method MME

S painting T real Train Ep: 9500 lr0.006060019776727621 	 Loss Classification: 0.148360 Loss T 0.038476 Method MME


Test set: Average loss: 0.9036, Accuracy: 57671/69936 F1 (82%)


Test set: Average loss: 1.1222, Accuracy: 278/360 F1 (77%)

best acc test 82.049302 best acc val 77.222222
record record/multi/MME/MME_net_resnet34_painting_to_real_num_3
saving model...
S painting T real Train Ep: 9600 lr0.00603681610520369 	 Loss Classification: 0.174661 Loss T 0.040436 Method MME

S painting T real Train Ep: 9700 lr0.0060138186888439825 	 Loss Classification: 0.308302 Loss T 0.047743 Method MME

S painting T real Train Ep: 9800 lr0.005991024661178045 	 Loss Classification: 0.160173 Loss T 0.019088 Method MME

S painting T real Train Ep: 9900 lr0.0059684312097859115 	 Loss Classification: 0.335873 Loss T 0.053940 Method MME

S painting T real Train Ep: 10000 lr0.005946035575013605 	 Loss Classification: 0.188202 Loss T 0.023224 Method MME


Test set: Average loss: 0.8962, Accuracy: 57892/69936 F1 (83%)


Test set: Average loss: 1.0586, Accuracy: 286/360 F1 (79%)

best acc test 82.049302 best acc val 79.444444
record record/multi/MME/MME_net_resnet34_painting_to_real_num_3
saving model...
S painting T real Train Ep: 10100 lr0.005923835048725393 	 Loss Classification: 0.228736 Loss T 0.052774 Method MME

S painting T real Train Ep: 10200 lr0.005901826973091593 	 Loss Classification: 0.051948 Loss T 0.039224 Method MME

S painting T real Train Ep: 10300 lr0.005880008739410735 	 Loss Classification: 0.037839 Loss T 0.052685 Method MME

S painting T real Train Ep: 10400 lr0.005858377786964935 	 Loss Classification: 0.121090 Loss T 0.042455 Method MME

S painting T real Train Ep: 10500 lr0.005836931601907399 	 Loss Classification: 0.071674 Loss T 0.041526 Method MME


Test set: Average loss: 0.8763, Accuracy: 58046/69936 F1 (83%)


Test set: Average loss: 0.9711, Accuracy: 293/360 F1 (81%)

best acc test 82.998742 best acc val 81.388889
record record/multi/MME/MME_net_resnet34_painting_to_real_num_3
saving model...
S painting T real Train Ep: 10600 lr0.005815667716181004 	 Loss Classification: 0.169529 Loss T 0.064478 Method MME

S painting T real Train Ep: 10700 lr0.005794583706466925 	 Loss Classification: 0.090872 Loss T 0.043557 Method MME

S painting T real Train Ep: 10800 lr0.005773677193162352 	 Loss Classification: 0.165010 Loss T 0.039937 Method MME

S painting T real Train Ep: 10900 lr0.005752945839386346 	 Loss Classification: 0.158425 Loss T 0.038325 Method MME

S painting T real Train Ep: 11000 lr0.005732387350012933 	 Loss Classification: 0.086851 Loss T 0.050252 Method MME


Test set: Average loss: 0.8880, Accuracy: 58185/69936 F1 (83%)


Test set: Average loss: 1.0891, Accuracy: 282/360 F1 (78%)

best acc test 82.998742 best acc val 78.333333
record record/multi/MME/MME_net_resnet34_painting_to_real_num_3
saving model...
S painting T real Train Ep: 11100 lr0.005711999470730565 	 Loss Classification: 0.121934 Loss T 0.044631 Method MME

S painting T real Train Ep: 11200 lr0.005691779987127103 	 Loss Classification: 0.128283 Loss T 0.041570 Method MME

S painting T real Train Ep: 11300 lr0.005671726723799515 	 Loss Classification: 0.116396 Loss T 0.051388 Method MME

S painting T real Train Ep: 11400 lr0.005651837543487509 	 Loss Classification: 0.037308 Loss T 0.034414 Method MME

S painting T real Train Ep: 11500 lr0.005632110346230358 	 Loss Classification: 0.216733 Loss T 0.023352 Method MME


Test set: Average loss: 0.9085, Accuracy: 57951/69936 F1 (83%)


Test set: Average loss: 1.0896, Accuracy: 288/360 F1 (80%)

best acc test 82.998742 best acc val 80.000000
record record/multi/MME/MME_net_resnet34_painting_to_real_num_3
saving model...
S painting T real Train Ep: 11600 lr0.005612543068546177 	 Loss Classification: 0.103096 Loss T 0.026292 Method MME

S painting T real Train Ep: 11700 lr0.005593133682632953 	 Loss Classification: 0.244688 Loss T 0.036814 Method MME

S painting T real Train Ep: 11800 lr0.005573880195590681 	 Loss Classification: 0.193507 Loss T 0.051158 Method MME

S painting T real Train Ep: 11900 lr0.0055547806486639095 	 Loss Classification: 0.045567 Loss T 0.039669 Method MME

S painting T real Train Ep: 12000 lr0.005535833116504121 	 Loss Classification: 0.187263 Loss T 0.026964 Method MME


Test set: Average loss: 0.9055, Accuracy: 58105/69936 F1 (83%)


Test set: Average loss: 1.1359, Accuracy: 289/360 F1 (80%)

best acc test 82.998742 best acc val 80.277778
record record/multi/MME/MME_net_resnet34_painting_to_real_num_3
saving model...
S painting T real Train Ep: 12100 lr0.00551703570645129 	 Loss Classification: 0.114477 Loss T 0.060114 Method MME

S painting T real Train Ep: 12200 lr0.005498386557834078 	 Loss Classification: 0.190998 Loss T 0.026013 Method MME

S painting T real Train Ep: 12300 lr0.00547988384128807 	 Loss Classification: 0.059525 Loss T 0.033009 Method MME

S painting T real Train Ep: 12400 lr0.005461525758091539 	 Loss Classification: 0.035565 Loss T 0.023650 Method MME

S painting T real Train Ep: 12500 lr0.005443310539518174 	 Loss Classification: 0.071645 Loss T 0.042239 Method MME


Test set: Average loss: 0.8607, Accuracy: 58641/69936 F1 (84%)


Test set: Average loss: 1.0473, Accuracy: 288/360 F1 (80%)

best acc test 82.998742 best acc val 80.000000
record record/multi/MME/MME_net_resnet34_painting_to_real_num_3
saving model...
S painting T real Train Ep: 12600 lr0.005425236446206295 	 Loss Classification: 0.062089 Loss T 0.049115 Method MME

S painting T real Train Ep: 12700 lr0.005407301767544059 	 Loss Classification: 0.238155 Loss T 0.034580 Method MME

S painting T real Train Ep: 12800 lr0.005389504821070177 	 Loss Classification: 0.143582 Loss T 0.031267 Method MME

S painting T real Train Ep: 12900 lr0.005371843951889677 	 Loss Classification: 0.066548 Loss T 0.029393 Method MME

S painting T real Train Ep: 13000 lr0.0053543175321042955 	 Loss Classification: 0.078300 Loss T 0.038386 Method MME


Test set: Average loss: 0.9027, Accuracy: 58338/69936 F1 (83%)


Test set: Average loss: 1.1423, Accuracy: 284/360 F1 (79%)

best acc test 82.998742 best acc val 78.888889
record record/multi/MME/MME_net_resnet34_painting_to_real_num_3
saving model...
S painting T real Train Ep: 13100 lr0.005336923960257046 	 Loss Classification: 0.169280 Loss T 0.027285 Method MME

S painting T real Train Ep: 13200 lr0.0053196616607905645 	 Loss Classification: 0.119567 Loss T 0.030637 Method MME

S painting T real Train Ep: 13300 lr0.0053025290835188275 	 Loss Classification: 0.052841 Loss T 0.029903 Method MME

S painting T real Train Ep: 13400 lr0.005285524703111859 	 Loss Classification: 0.052229 Loss T 0.037389 Method MME

S painting T real Train Ep: 13500 lr0.005268647018593052 	 Loss Classification: 0.093720 Loss T 0.046389 Method MME


Test set: Average loss: 0.8819, Accuracy: 58770/69936 F1 (84%)


Test set: Average loss: 1.0069, Accuracy: 293/360 F1 (81%)

best acc test 84.033974 best acc val 81.388889
record record/multi/MME/MME_net_resnet34_painting_to_real_num_3
saving model...
S painting T real Train Ep: 13600 lr0.005251894552848747 	 Loss Classification: 0.041527 Loss T 0.042594 Method MME

S painting T real Train Ep: 13700 lr0.005235265852149712 	 Loss Classification: 0.055269 Loss T 0.042777 Method MME

S painting T real Train Ep: 13800 lr0.005218759485684187 	 Loss Classification: 0.144249 Loss T 0.033668 Method MME

S painting T real Train Ep: 13900 lr0.005202374045102174 	 Loss Classification: 0.030023 Loss T 0.034736 Method MME

S painting T real Train Ep: 14000 lr0.005186108144070652 	 Loss Classification: 0.044380 Loss T 0.024387 Method MME


Test set: Average loss: 0.8645, Accuracy: 58814/69936 F1 (84%)


Test set: Average loss: 1.0333, Accuracy: 288/360 F1 (80%)

best acc test 84.033974 best acc val 80.000000
record record/multi/MME/MME_net_resnet34_painting_to_real_num_3
saving model...
S painting T real Train Ep: 14100 lr0.005169960417839403 	 Loss Classification: 0.047040 Loss T 0.050052 Method MME

S painting T real Train Ep: 14200 lr0.005153929522817161 	 Loss Classification: 0.065197 Loss T 0.050277 Method MME

S painting T real Train Ep: 14300 lr0.005138014136157799 	 Loss Classification: 0.071197 Loss T 0.047454 Method MME

S painting T real Train Ep: 14400 lr0.005122212955356274 	 Loss Classification: 0.188157 Loss T 0.033665 Method MME

S painting T real Train Ep: 14500 lr0.005106524697854057 	 Loss Classification: 0.087984 Loss T 0.037385 Method MME


Test set: Average loss: 0.8545, Accuracy: 58753/69936 F1 (84%)


Test set: Average loss: 0.9576, Accuracy: 297/360 F1 (82%)

best acc test 84.009666 best acc val 82.500000
record record/multi/MME/MME_net_resnet34_painting_to_real_num_3
saving model...
S painting T real Train Ep: 14600 lr0.005090948100653781 	 Loss Classification: 0.130209 Loss T 0.034188 Method MME

S painting T real Train Ep: 14700 lr0.0050754819199428855 	 Loss Classification: 0.228481 Loss T 0.058832 Method MME

S painting T real Train Ep: 14800 lr0.005060124930725974 	 Loss Classification: 0.082929 Loss T 0.035686 Method MME

S painting T real Train Ep: 14900 lr0.00504487592646567 	 Loss Classification: 0.184912 Loss T 0.035773 Method MME

S painting T real Train Ep: 15000 lr0.005029733718731741 	 Loss Classification: 0.110071 Loss T 0.055730 Method MME


Test set: Average loss: 0.8674, Accuracy: 58856/69936 F1 (84%)


Test set: Average loss: 0.9876, Accuracy: 292/360 F1 (81%)

best acc test 84.009666 best acc val 81.111111
record record/multi/MME/MME_net_resnet34_painting_to_real_num_3
saving model...
S painting T real Train Ep: 15100 lr0.005014697136858264 	 Loss Classification: 0.078955 Loss T 0.046625 Method MME

S painting T real Train Ep: 15200 lr0.004999765027608607 	 Loss Classification: 0.042140 Loss T 0.032929 Method MME

S painting T real Train Ep: 15300 lr0.004984936254848047 	 Loss Classification: 0.038277 Loss T 0.045467 Method MME

S painting T real Train Ep: 15400 lr0.004970209699223787 	 Loss Classification: 0.230598 Loss T 0.029062 Method MME

S painting T real Train Ep: 15500 lr0.0049555842578521995 	 Loss Classification: 0.018844 Loss T 0.032406 Method MME


Test set: Average loss: 0.8770, Accuracy: 58860/69936 F1 (84%)


Test set: Average loss: 1.0538, Accuracy: 294/360 F1 (82%)

best acc test 84.009666 best acc val 81.666667
record record/multi/MME/MME_net_resnet34_painting_to_real_num_3
saving model...
S painting T real Train Ep: 15600 lr0.004941058844013093 	 Loss Classification: 0.283447 Loss T 0.035775 Method MME

S painting T real Train Ep: 15700 lr0.004926632386850831 	 Loss Classification: 0.183082 Loss T 0.035663 Method MME

S painting T real Train Ep: 15800 lr0.004912303831082109 	 Loss Classification: 0.123134 Loss T 0.033824 Method MME

S painting T real Train Ep: 15900 lr0.004898072136710217 	 Loss Classification: 0.090558 Loss T 0.033402 Method MME

S painting T real Train Ep: 16000 lr0.004883936278745637 	 Loss Classification: 0.070223 Loss T 0.045441 Method MME


Test set: Average loss: 0.8747, Accuracy: 58807/69936 F1 (84%)


Test set: Average loss: 1.0972, Accuracy: 286/360 F1 (79%)

best acc test 84.009666 best acc val 79.444444
record record/multi/MME/MME_net_resnet34_painting_to_real_num_3
saving model...
S painting T real Train Ep: 16100 lr0.004869895246932789 	 Loss Classification: 0.095466 Loss T 0.022575 Method MME

S painting T real Train Ep: 16200 lr0.004855948045482784 	 Loss Classification: 0.028043 Loss T 0.030696 Method MME

S painting T real Train Ep: 16300 lr0.004842093692812012 	 Loss Classification: 0.071908 Loss T 0.028065 Method MME

S painting T real Train Ep: 16400 lr0.004828331221286437 	 Loss Classification: 0.242403 Loss T 0.058200 Method MME

S painting T real Train Ep: 16500 lr0.004814659676971443 	 Loss Classification: 0.023921 Loss T 0.036014 Method MME


Test set: Average loss: 0.8725, Accuracy: 59099/69936 F1 (85%)


Test set: Average loss: 0.9886, Accuracy: 295/360 F1 (82%)

best acc test 84.009666 best acc val 81.944444
record record/multi/MME/MME_net_resnet34_painting_to_real_num_3
saving model...
S painting T real Train Ep: 16600 lr0.004801078119387078 	 Loss Classification: 0.187727 Loss T 0.019046 Method MME

S painting T real Train Ep: 16700 lr0.004787585621268585 	 Loss Classification: 0.120986 Loss T 0.034041 Method MME

S painting T real Train Ep: 16800 lr0.0047741812683320655 	 Loss Classification: 0.153606 Loss T 0.030344 Method MME

S painting T real Train Ep: 16900 lr0.004760864159045157 	 Loss Classification: 0.139554 Loss T 0.034009 Method MME

S painting T real Train Ep: 17000 lr0.0047476334044026 	 Loss Classification: 0.010670 Loss T 0.056300 Method MME


Test set: Average loss: 0.8922, Accuracy: 58927/69936 F1 (84%)


Test set: Average loss: 0.9979, Accuracy: 299/360 F1 (83%)

best acc test 84.258465 best acc val 83.055556
record record/multi/MME/MME_net_resnet34_painting_to_real_num_3
saving model...
S painting T real Train Ep: 17100 lr0.004734488127706559 	 Loss Classification: 0.018021 Loss T 0.030854 Method MME

S painting T real Train Ep: 17200 lr0.004721427464351597 	 Loss Classification: 0.039632 Loss T 0.050882 Method MME

S painting T real Train Ep: 17300 lr0.004708450561614184 	 Loss Classification: 0.026663 Loss T 0.045681 Method MME

S painting T real Train Ep: 17400 lr0.004695556578446619 	 Loss Classification: 0.179845 Loss T 0.028494 Method MME

S painting T real Train Ep: 17500 lr0.004682744685275263 	 Loss Classification: 0.206727 Loss T 0.052005 Method MME


Test set: Average loss: 0.8677, Accuracy: 59096/69936 F1 (85%)


Test set: Average loss: 1.0206, Accuracy: 297/360 F1 (82%)

best acc test 84.258465 best acc val 82.500000
record record/multi/MME/MME_net_resnet34_painting_to_real_num_3
saving model...
S painting T real Train Ep: 17600 lr0.004670014063802979 	 Loss Classification: 0.060327 Loss T 0.029296 Method MME

S painting T real Train Ep: 17700 lr0.004657363906815676 	 Loss Classification: 0.192936 Loss T 0.033648 Method MME

S painting T real Train Ep: 17800 lr0.004644793417992855 	 Loss Classification: 0.007667 Loss T 0.026362 Method MME

S painting T real Train Ep: 17900 lr0.004632301811722062 	 Loss Classification: 0.210661 Loss T 0.057596 Method MME

S painting T real Train Ep: 18000 lr0.004619888312917149 	 Loss Classification: 0.111747 Loss T 0.035755 Method MME


Test set: Average loss: 0.8488, Accuracy: 59165/69936 F1 (85%)


Test set: Average loss: 0.9882, Accuracy: 298/360 F1 (83%)

best acc test 84.258465 best acc val 82.777778
record record/multi/MME/MME_net_resnet34_painting_to_real_num_3
saving model...
S painting T real Train Ep: 18100 lr0.00460755215684026 	 Loss Classification: 0.031034 Loss T 0.024688 Method MME

S painting T real Train Ep: 18200 lr0.00459529258892745 	 Loss Classification: 0.209589 Loss T 0.028580 Method MME

S painting T real Train Ep: 18300 lr0.004583108864617844 	 Loss Classification: 0.079064 Loss T 0.021167 Method MME

S painting T real Train Ep: 18400 lr0.0045710002491862545 	 Loss Classification: 0.017744 Loss T 0.024850 Method MME

S painting T real Train Ep: 18500 lr0.0045589660175791875 	 Loss Classification: 0.034822 Loss T 0.037167 Method MME


Test set: Average loss: 0.8467, Accuracy: 59352/69936 F1 (85%)


Test set: Average loss: 1.0914, Accuracy: 291/360 F1 (81%)

best acc test 84.258465 best acc val 80.833333
record record/multi/MME/MME_net_resnet34_painting_to_real_num_3
saving model...
S painting T real Train Ep: 18600 lr0.004547005454254138 	 Loss Classification: 0.123388 Loss T 0.037312 Method MME

S painting T real Train Ep: 18700 lr0.004535117853022106 	 Loss Classification: 0.019166 Loss T 0.045994 Method MME

S painting T real Train Ep: 18800 lr0.004523302516893268 	 Loss Classification: 0.054160 Loss T 0.021109 Method MME

S painting T real Train Ep: 18900 lr0.004511558757925708 	 Loss Classification: 0.034133 Loss T 0.018515 Method MME

S painting T real Train Ep: 19000 lr0.004499885897077159 	 Loss Classification: 0.017162 Loss T 0.034336 Method MME


Test set: Average loss: 0.8689, Accuracy: 59282/69936 F1 (85%)


Test set: Average loss: 0.9734, Accuracy: 295/360 F1 (82%)

best acc test 84.258465 best acc val 81.944444
record record/multi/MME/MME_net_resnet34_painting_to_real_num_3
saving model...
S painting T real Train Ep: 19100 lr0.004488283264059669 	 Loss Classification: 0.037844 Loss T 0.025039 Method MME

S painting T real Train Ep: 19200 lr0.004476750197197131 	 Loss Classification: 0.011562 Loss T 0.035256 Method MME

S painting T real Train Ep: 19300 lr0.004465286043285614 	 Loss Classification: 0.084674 Loss T 0.025267 Method MME

S painting T real Train Ep: 19400 lr0.004453890157456425 	 Loss Classification: 0.125495 Loss T 0.027959 Method MME

S painting T real Train Ep: 19500 lr0.004442561903041838 	 Loss Classification: 0.128751 Loss T 0.043357 Method MME


Test set: Average loss: 0.8696, Accuracy: 59358/69936 F1 (85%)


Test set: Average loss: 1.0580, Accuracy: 289/360 F1 (80%)

best acc test 84.258465 best acc val 80.277778
record record/multi/MME/MME_net_resnet34_painting_to_real_num_3
saving model...
S painting T real Train Ep: 19600 lr0.004431300651443432 	 Loss Classification: 0.042333 Loss T 0.022845 Method MME

S painting T real Train Ep: 19700 lr0.004420105782002992 	 Loss Classification: 0.161968 Loss T 0.018171 Method MME

S painting T real Train Ep: 19800 lr0.004408976681875879 	 Loss Classification: 0.080479 Loss T 0.033255 Method MME

S painting T real Train Ep: 19900 lr0.004397912745906863 	 Loss Classification: 0.095488 Loss T 0.031617 Method MME

S painting T real Train Ep: 20000 lr0.004386913376508308 	 Loss Classification: 0.071332 Loss T 0.037319 Method MME


Test set: Average loss: 0.8352, Accuracy: 59474/69936 F1 (85%)


Test set: Average loss: 1.0329, Accuracy: 299/360 F1 (83%)

best acc test 85.040609 best acc val 83.055556
record record/multi/MME/MME_net_resnet34_painting_to_real_num_3
saving model...
S painting T real Train Ep: 20100 lr0.004375977983540715 	 Loss Classification: 0.012585 Loss T 0.023566 Method MME

S painting T real Train Ep: 20200 lr0.004365105984195512 	 Loss Classification: 0.015559 Loss T 0.026720 Method MME

S painting T real Train Ep: 20300 lr0.004354296802880095 	 Loss Classification: 0.086107 Loss T 0.027818 Method MME

S painting T real Train Ep: 20400 lr0.004343549871105023 	 Loss Classification: 0.115647 Loss T 0.036336 Method MME

S painting T real Train Ep: 20500 lr0.0043328646273733526 	 Loss Classification: 0.140579 Loss T 0.033667 Method MME


Test set: Average loss: 0.8572, Accuracy: 59423/69936 F1 (85%)


Test set: Average loss: 0.9839, Accuracy: 298/360 F1 (83%)

best acc test 85.040609 best acc val 82.777778
record record/multi/MME/MME_net_resnet34_painting_to_real_num_3
saving model...
S painting T real Train Ep: 20600 lr0.00432224051707205 	 Loss Classification: 0.043088 Loss T 0.023887 Method MME

S painting T real Train Ep: 20700 lr0.0043116769923654385 	 Loss Classification: 0.057790 Loss T 0.031992 Method MME

S painting T real Train Ep: 20800 lr0.004301173512090631 	 Loss Classification: 0.048647 Loss T 0.031217 Method MME

S painting T real Train Ep: 20900 lr0.004290729541654919 	 Loss Classification: 0.033958 Loss T 0.035701 Method MME

S painting T real Train Ep: 21000 lr0.0042803445529350555 	 Loss Classification: 0.016932 Loss T 0.031216 Method MME


Test set: Average loss: 0.8569, Accuracy: 59462/69936 F1 (85%)


Test set: Average loss: 0.9916, Accuracy: 300/360 F1 (83%)

best acc test 85.023450 best acc val 83.333333
record record/multi/MME/MME_net_resnet34_painting_to_real_num_3
saving model...
S painting T real Train Ep: 21100 lr0.0042700180241784045 	 Loss Classification: 0.051663 Loss T 0.021524 Method MME

S painting T real Train Ep: 21200 lr0.004259749439905917 	 Loss Classification: 0.009050 Loss T 0.033317 Method MME

S painting T real Train Ep: 21300 lr0.004249538290816886 	 Loss Classification: 0.058392 Loss T 0.048897 Method MME

S painting T real Train Ep: 21400 lr0.004239384073695442 	 Loss Classification: 0.032505 Loss T 0.028941 Method MME

S painting T real Train Ep: 21500 lr0.004229286291318768 	 Loss Classification: 0.150795 Loss T 0.018865 Method MME


Test set: Average loss: 0.8445, Accuracy: 59571/69936 F1 (85%)


Test set: Average loss: 1.0470, Accuracy: 293/360 F1 (81%)

best acc test 85.023450 best acc val 81.388889
record record/multi/MME/MME_net_resnet34_painting_to_real_num_3
saving model...
S painting T real Train Ep: 21600 lr0.004219244452366975 	 Loss Classification: 0.113890 Loss T 0.032566 Method MME

S painting T real Train Ep: 21700 lr0.004209258071334615 	 Loss Classification: 0.151334 Loss T 0.020611 Method MME

S painting T real Train Ep: 21800 lr0.004199326668443797 	 Loss Classification: 0.064339 Loss T 0.023104 Method MME

S painting T real Train Ep: 21900 lr0.004189449769558871 	 Loss Classification: 0.071921 Loss T 0.028523 Method MME

S painting T real Train Ep: 22000 lr0.004179626906102638 	 Loss Classification: 0.082464 Loss T 0.039893 Method MME


Test set: Average loss: 0.8415, Accuracy: 59719/69936 F1 (85%)


Test set: Average loss: 0.9980, Accuracy: 300/360 F1 (83%)

best acc test 85.390929 best acc val 83.333333
record record/multi/MME/MME_net_resnet34_painting_to_real_num_3
saving model...
S painting T real Train Ep: 22100 lr0.004169857614974071 	 Loss Classification: 0.029550 Loss T 0.019955 Method MME

S painting T real Train Ep: 22200 lr0.004160141438467499 	 Loss Classification: 0.021835 Loss T 0.031590 Method MME

S painting T real Train Ep: 22300 lr0.004150477924193236 	 Loss Classification: 0.026677 Loss T 0.027426 Method MME

S painting T real Train Ep: 22400 lr0.00414086662499961 	 Loss Classification: 0.111297 Loss T 0.027432 Method MME

S painting T real Train Ep: 22500 lr0.004131307098896385 	 Loss Classification: 0.031583 Loss T 0.006129 Method MME


Test set: Average loss: 0.8680, Accuracy: 59629/69936 F1 (85%)


Test set: Average loss: 1.0993, Accuracy: 294/360 F1 (82%)

best acc test 85.390929 best acc val 81.666667
record record/multi/MME/MME_net_resnet34_painting_to_real_num_3
saving model...
S painting T real Train Ep: 22600 lr0.0041217989089795196 	 Loss Classification: 0.038923 Loss T 0.028916 Method MME

S painting T real Train Ep: 22700 lr0.004112341623357265 	 Loss Classification: 0.016669 Loss T 0.019081 Method MME

S painting T real Train Ep: 22800 lr0.004102934815077543 	 Loss Classification: 0.019925 Loss T 0.035971 Method MME

S painting T real Train Ep: 22900 lr0.004093578062056604 	 Loss Classification: 0.074912 Loss T 0.028494 Method MME

S painting T real Train Ep: 23000 lr0.00408427094700893 	 Loss Classification: 0.025867 Loss T 0.031964 Method MME


Test set: Average loss: 0.8276, Accuracy: 59921/69936 F1 (86%)


Test set: Average loss: 1.0065, Accuracy: 297/360 F1 (82%)

best acc test 85.390929 best acc val 82.500000
record record/multi/MME/MME_net_resnet34_painting_to_real_num_3
saving model...
S painting T real Train Ep: 23100 lr0.004075013057378346 	 Loss Classification: 0.108062 Loss T 0.042928 Method MME

S painting T real Train Ep: 23200 lr0.004065803985270331 	 Loss Classification: 0.011310 Loss T 0.032897 Method MME

S painting T real Train Ep: 23300 lr0.004056643327385506 	 Loss Classification: 0.008727 Loss T 0.017332 Method MME

S painting T real Train Ep: 23400 lr0.004047530684954247 	 Loss Classification: 0.189250 Loss T 0.023834 Method MME

S painting T real Train Ep: 23500 lr0.0040384656636724406 	 Loss Classification: 0.037717 Loss T 0.028186 Method MME


Test set: Average loss: 0.8234, Accuracy: 59946/69936 F1 (86%)


Test set: Average loss: 1.0181, Accuracy: 298/360 F1 (83%)

best acc test 85.390929 best acc val 82.777778
record record/multi/MME/MME_net_resnet34_painting_to_real_num_3
saving model...
S painting T real Train Ep: 23600 lr0.004029447873638333 	 Loss Classification: 0.025314 Loss T 0.024813 Method MME

S painting T real Train Ep: 23700 lr0.00402047692929045 	 Loss Classification: 0.028709 Loss T 0.025089 Method MME

S painting T real Train Ep: 23800 lr0.004011552449346588 	 Loss Classification: 0.114984 Loss T 0.022927 Method MME

S painting T real Train Ep: 23900 lr0.004002674056743821 	 Loss Classification: 0.042598 Loss T 0.021973 Method MME

S painting T real Train Ep: 24000 lr0.0039938413785795416 	 Loss Classification: 0.022816 Loss T 0.026173 Method MME


Test set: Average loss: 0.8327, Accuracy: 59940/69936 F1 (86%)


Test set: Average loss: 0.9358, Accuracy: 303/360 F1 (84%)

best acc test 85.706932 best acc val 84.166667
record record/multi/MME/MME_net_resnet34_painting_to_real_num_3
saving model...
S painting T real Train Ep: 24100 lr0.003985054046053481 	 Loss Classification: 0.094627 Loss T 0.039315 Method MME

S painting T real Train Ep: 24200 lr0.003976311694410721 	 Loss Classification: 0.031735 Loss T 0.029565 Method MME

S painting T real Train Ep: 24300 lr0.00396761396288564 	 Loss Classification: 0.105890 Loss T 0.039053 Method MME

S painting T real Train Ep: 24400 lr0.003958960494646819 	 Loss Classification: 0.014395 Loss T 0.018065 Method MME

S painting T real Train Ep: 24500 lr0.0039503509367428465 	 Loss Classification: 0.089239 Loss T 0.031109 Method MME


Test set: Average loss: 0.8385, Accuracy: 59976/69936 F1 (86%)


Test set: Average loss: 1.0115, Accuracy: 301/360 F1 (84%)

best acc test 85.706932 best acc val 83.611111
record record/multi/MME/MME_net_resnet34_painting_to_real_num_3
saving model...
S painting T real Train Ep: 24600 lr0.00394178494004904 	 Loss Classification: 0.025919 Loss T 0.028848 Method MME

S painting T real Train Ep: 24700 lr0.003933262159215038 	 Loss Classification: 0.050150 Loss T 0.034653 Method MME

S painting T real Train Ep: 24800 lr0.00392478225261327 	 Loss Classification: 0.032109 Loss T 0.014661 Method MME

S painting T real Train Ep: 24900 lr0.003916344882288264 	 Loss Classification: 0.031712 Loss T 0.041368 Method MME

S painting T real Train Ep: 25000 lr0.003907949713906802 	 Loss Classification: 0.012295 Loss T 0.044143 Method MME


Test set: Average loss: 0.8296, Accuracy: 60026/69936 F1 (86%)


Test set: Average loss: 0.9403, Accuracy: 298/360 F1 (83%)

best acc test 85.706932 best acc val 82.777778
record record/multi/MME/MME_net_resnet34_painting_to_real_num_3
saving model...
S painting T real Train Ep: 25100 lr0.003899596416708869 	 Loss Classification: 0.073622 Loss T 0.032644 Method MME

S painting T real Train Ep: 25200 lr0.0038912846634594346 	 Loss Classification: 0.015648 Loss T 0.026927 Method MME

S painting T real Train Ep: 25300 lr0.0038830141304009892 	 Loss Classification: 0.068793 Loss T 0.027097 Method MME

S painting T real Train Ep: 25400 lr0.003874784497206876 	 Loss Classification: 0.012991 Loss T 0.021435 Method MME

S painting T real Train Ep: 25500 lr0.003866595446935362 	 Loss Classification: 0.013183 Loss T 0.022927 Method MME


Test set: Average loss: 0.8179, Accuracy: 60061/69936 F1 (86%)


Test set: Average loss: 0.9198, Accuracy: 296/360 F1 (82%)

best acc test 85.706932 best acc val 82.222222
record record/multi/MME/MME_net_resnet34_painting_to_real_num_3
saving model...
S painting T real Train Ep: 25600 lr0.003858446665984465 	 Loss Classification: 0.156812 Loss T 0.019970 Method MME

S painting T real Train Ep: 25700 lr0.0038503378440474917 	 Loss Classification: 0.037039 Loss T 0.032316 Method MME

S painting T real Train Ep: 25800 lr0.003842268674069313 	 Loss Classification: 0.033563 Loss T 0.023565 Method MME

S painting T real Train Ep: 25900 lr0.0038342388522033147 	 Loss Classification: 0.088118 Loss T 0.043107 Method MME

S painting T real Train Ep: 26000 lr0.0038262480777690546 	 Loss Classification: 0.020068 Loss T 0.029064 Method MME


Test set: Average loss: 0.8216, Accuracy: 60122/69936 F1 (86%)


Test set: Average loss: 1.0355, Accuracy: 300/360 F1 (83%)

best acc test 85.706932 best acc val 83.333333
record record/multi/MME/MME_net_resnet34_painting_to_real_num_3
saving model...
S painting T real Train Ep: 26100 lr0.0038182960532105875 	 Loss Classification: 0.056386 Loss T 0.028609 Method MME

S painting T real Train Ep: 26200 lr0.0038103824840554513 	 Loss Classification: 0.035859 Loss T 0.024336 Method MME

S painting T real Train Ep: 26300 lr0.0038025070788743048 	 Loss Classification: 0.015502 Loss T 0.033063 Method MME

S painting T real Train Ep: 26400 lr0.003794669549241204 	 Loss Classification: 0.053022 Loss T 0.027006 Method MME

S painting T real Train Ep: 26500 lr0.0037868696096944997 	 Loss Classification: 0.069514 Loss T 0.030289 Method MME


Test set: Average loss: 0.8174, Accuracy: 60229/69936 F1 (86%)


Test set: Average loss: 1.0023, Accuracy: 296/360 F1 (82%)

best acc test 85.706932 best acc val 82.222222
record record/multi/MME/MME_net_resnet34_painting_to_real_num_3
saving model...
S painting T real Train Ep: 26600 lr0.00377910697769836 	 Loss Classification: 0.033140 Loss T 0.027964 Method MME

S painting T real Train Ep: 26700 lr0.0037713813736048834 	 Loss Classification: 0.036729 Loss T 0.041903 Method MME

S painting T real Train Ep: 26800 lr0.0037636925206168117 	 Loss Classification: 0.049236 Loss T 0.022926 Method MME

S painting T real Train Ep: 26900 lr0.0037560401447508216 	 Loss Classification: 0.043561 Loss T 0.030866 Method MME

S painting T real Train Ep: 27000 lr0.003748423974801389 	 Loss Classification: 0.038107 Loss T 0.020310 Method MME


Test set: Average loss: 0.7913, Accuracy: 60390/69936 F1 (86%)


Test set: Average loss: 0.9709, Accuracy: 299/360 F1 (83%)

