Dataset multi Source real Target clipart Labeled num perclass 3 Network resnet34
126 classes in this dataset
381
S real T clipart Train Ep: 0 lr0.01 	 Loss Classification: 4.911310 Loss T 0.469042 Method MME

S real T clipart Train Ep: 100 lr0.009925650290240803 	 Loss Classification: 0.874391 Loss T 0.271061 Method MME

S real T clipart Train Ep: 200 lr0.009852577760521605 	 Loss Classification: 0.264441 Loss T 0.214029 Method MME

S real T clipart Train Ep: 300 lr0.009780748269686728 	 Loss Classification: 0.245081 Loss T 0.175630 Method MME

S real T clipart Train Ep: 400 lr0.009710128909124701 	 Loss Classification: 0.339524 Loss T 0.167617 Method MME

S real T clipart Train Ep: 500 lr0.00964068794694323 	 Loss Classification: 0.351879 Loss T 0.137097 Method MME


Test set: Average loss: 1.6558, Accuracy: 11081/18288 F1 (61%)


Test set: Average loss: 1.5825, Accuracy: 226/360 F1 (63%)

best acc test 60.591645 best acc val 62.777778
record record/multi/MME/MME_net_resnet34_real_to_clipart_num_3
saving model...
S real T clipart Train Ep: 600 lr0.00957239477517603 	 Loss Classification: 0.248069 Loss T 0.116045 Method MME

S real T clipart Train Ep: 700 lr0.009505219859830012 	 Loss Classification: 0.545684 Loss T 0.111854 Method MME

S real T clipart Train Ep: 800 lr0.009439134693595126 	 Loss Classification: 0.371968 Loss T 0.125499 Method MME

S real T clipart Train Ep: 900 lr0.009374111751051751 	 Loss Classification: 0.582954 Loss T 0.139015 Method MME

S real T clipart Train Ep: 1000 lr0.009310124446222227 	 Loss Classification: 0.236179 Loss T 0.142779 Method MME


Test set: Average loss: 1.5428, Accuracy: 11830/18288 F1 (65%)


Test set: Average loss: 1.5593, Accuracy: 227/360 F1 (63%)

best acc test 64.687227 best acc val 63.055556
record record/multi/MME/MME_net_resnet34_real_to_clipart_num_3
saving model...
S real T clipart Train Ep: 1100 lr0.00924714709232377 	 Loss Classification: 0.325885 Loss T 0.111909 Method MME

S real T clipart Train Ep: 1200 lr0.009185154863590003 	 Loss Classification: 0.190812 Loss T 0.096805 Method MME

S real T clipart Train Ep: 1300 lr0.00912412375903735 	 Loss Classification: 0.714898 Loss T 0.080998 Method MME

S real T clipart Train Ep: 1400 lr0.009064030568061049 	 Loss Classification: 0.246719 Loss T 0.133822 Method MME

S real T clipart Train Ep: 1500 lr0.009004852837753237 	 Loss Classification: 0.094312 Loss T 0.103491 Method MME


Test set: Average loss: 1.3586, Accuracy: 12616/18288 F1 (69%)


Test set: Average loss: 1.3320, Accuracy: 259/360 F1 (72%)

best acc test 68.985127 best acc val 71.944444
record record/multi/MME/MME_net_resnet34_real_to_clipart_num_3
saving model...
S real T clipart Train Ep: 1600 lr0.008946568841842816 	 Loss Classification: 0.575836 Loss T 0.093098 Method MME

S real T clipart Train Ep: 1700 lr0.008889157551163433 	 Loss Classification: 0.281467 Loss T 0.083519 Method MME

S real T clipart Train Ep: 1800 lr0.008832598605562044 	 Loss Classification: 0.835038 Loss T 0.104845 Method MME

S real T clipart Train Ep: 1900 lr0.008776872287166303 	 Loss Classification: 0.495126 Loss T 0.083590 Method MME

S real T clipart Train Ep: 2000 lr0.008721959494934213 	 Loss Classification: 0.384643 Loss T 0.090288 Method MME


Test set: Average loss: 1.3967, Accuracy: 12743/18288 F1 (70%)


Test set: Average loss: 1.4106, Accuracy: 253/360 F1 (70%)

best acc test 68.985127 best acc val 70.277778
record record/multi/MME/MME_net_resnet34_real_to_clipart_num_3
saving model...
S real T clipart Train Ep: 2100 lr0.008667841720414475 	 Loss Classification: 0.329653 Loss T 0.089708 Method MME

S real T clipart Train Ep: 2200 lr0.008614501024650454 	 Loss Classification: 0.415678 Loss T 0.087338 Method MME

S real T clipart Train Ep: 2300 lr0.008561920016164943 	 Loss Classification: 0.811633 Loss T 0.106502 Method MME

S real T clipart Train Ep: 2400 lr0.008510081829966844 	 Loss Classification: 0.458938 Loss T 0.077522 Method MME

S real T clipart Train Ep: 2500 lr0.008458970107524513 	 Loss Classification: 0.447381 Loss T 0.070679 Method MME


Test set: Average loss: 1.3171, Accuracy: 13162/18288 F1 (72%)


Test set: Average loss: 1.3351, Accuracy: 249/360 F1 (69%)

best acc test 68.985127 best acc val 69.166667
record record/multi/MME/MME_net_resnet34_real_to_clipart_num_3
saving model...
S real T clipart Train Ep: 2600 lr0.008408568977653933 	 Loss Classification: 0.344456 Loss T 0.066706 Method MME

S real T clipart Train Ep: 2700 lr0.00835886303827305 	 Loss Classification: 0.454813 Loss T 0.079001 Method MME

S real T clipart Train Ep: 2800 lr0.008309837338976545 	 Loss Classification: 0.491261 Loss T 0.055747 Method MME

S real T clipart Train Ep: 2900 lr0.008261477364388068 	 Loss Classification: 0.335127 Loss T 0.048924 Method MME

S real T clipart Train Ep: 3000 lr0.008213769018249545 	 Loss Classification: 0.226828 Loss T 0.058519 Method MME


Test set: Average loss: 1.3295, Accuracy: 13256/18288 F1 (72%)


Test set: Average loss: 1.4316, Accuracy: 252/360 F1 (70%)

best acc test 68.985127 best acc val 70.000000
record record/multi/MME/MME_net_resnet34_real_to_clipart_num_3
saving model...
S real T clipart Train Ep: 3100 lr0.008166698608209509 	 Loss Classification: 0.211478 Loss T 0.072845 Method MME

S real T clipart Train Ep: 3200 lr0.008120252831274708 	 Loss Classification: 0.244075 Loss T 0.049076 Method MME

S real T clipart Train Ep: 3300 lr0.008074418759891278 	 Loss Classification: 0.261679 Loss T 0.058132 Method MME

S real T clipart Train Ep: 3400 lr0.008029183828623731 	 Loss Classification: 0.259627 Loss T 0.064798 Method MME

S real T clipart Train Ep: 3500 lr0.007984535821401871 	 Loss Classification: 0.034655 Loss T 0.084579 Method MME


Test set: Average loss: 1.2903, Accuracy: 13510/18288 F1 (74%)


Test set: Average loss: 1.3586, Accuracy: 259/360 F1 (72%)

best acc test 73.873578 best acc val 71.944444
record record/multi/MME/MME_net_resnet34_real_to_clipart_num_3
saving model...
S real T clipart Train Ep: 3600 lr0.007940462859307384 	 Loss Classification: 0.156850 Loss T 0.038839 Method MME

S real T clipart Train Ep: 3700 lr0.007896953388873518 	 Loss Classification: 0.191797 Loss T 0.077444 Method MME

S real T clipart Train Ep: 3800 lr0.007853996170872714 	 Loss Classification: 0.194405 Loss T 0.073533 Method MME

S real T clipart Train Ep: 3900 lr0.00781158026956848 	 Loss Classification: 0.522452 Loss T 0.053913 Method MME

S real T clipart Train Ep: 4000 lr0.007769695042409123 	 Loss Classification: 0.218619 Loss T 0.056191 Method MME


Test set: Average loss: 1.2986, Accuracy: 13534/18288 F1 (74%)


Test set: Average loss: 1.2421, Accuracy: 263/360 F1 (73%)

best acc test 74.004812 best acc val 73.055556
record record/multi/MME/MME_net_resnet34_real_to_clipart_num_3
saving model...
S real T clipart Train Ep: 4100 lr0.007728330130142108 	 Loss Classification: 0.346838 Loss T 0.051885 Method MME

S real T clipart Train Ep: 4200 lr0.007687475447329114 	 Loss Classification: 0.247352 Loss T 0.059846 Method MME

S real T clipart Train Ep: 4300 lr0.0076471211732427845 	 Loss Classification: 0.231967 Loss T 0.046532 Method MME

S real T clipart Train Ep: 4400 lr0.007607257743127307 	 Loss Classification: 0.360959 Loss T 0.057516 Method MME

S real T clipart Train Ep: 4500 lr0.007567875839805858 	 Loss Classification: 0.429430 Loss T 0.062528 Method MME


Test set: Average loss: 1.3319, Accuracy: 13557/18288 F1 (74%)


Test set: Average loss: 1.3170, Accuracy: 264/360 F1 (73%)

best acc test 74.130577 best acc val 73.333333
record record/multi/MME/MME_net_resnet34_real_to_clipart_num_3
saving model...
S real T clipart Train Ep: 4600 lr0.007528966385618854 	 Loss Classification: 0.233139 Loss T 0.062558 Method MME

S real T clipart Train Ep: 4700 lr0.007490520534677821 	 Loss Classification: 0.284304 Loss T 0.032408 Method MME

S real T clipart Train Ep: 4800 lr0.007452529665420465 	 Loss Classification: 0.124125 Loss T 0.056363 Method MME

S real T clipart Train Ep: 4900 lr0.007414985373453289 	 Loss Classification: 0.179792 Loss T 0.060312 Method MME

S real T clipart Train Ep: 5000 lr0.007377879464668811 	 Loss Classification: 0.151837 Loss T 0.046067 Method MME


Test set: Average loss: 1.3217, Accuracy: 13684/18288 F1 (75%)


Test set: Average loss: 1.3403, Accuracy: 267/360 F1 (74%)

best acc test 74.825022 best acc val 74.166667
record record/multi/MME/MME_net_resnet34_real_to_clipart_num_3
saving model...
S real T clipart Train Ep: 5100 lr0.007341203948625087 	 Loss Classification: 0.293752 Loss T 0.078100 Method MME

S real T clipart Train Ep: 5200 lr0.007304951032175895 	 Loss Classification: 0.413719 Loss T 0.040528 Method MME

S real T clipart Train Ep: 5300 lr0.007269113113340497 	 Loss Classification: 0.239141 Loss T 0.036544 Method MME

S real T clipart Train Ep: 5400 lr0.007233682775402483 	 Loss Classification: 0.188886 Loss T 0.049130 Method MME

S real T clipart Train Ep: 5500 lr0.007198652781227704 	 Loss Classification: 0.322174 Loss T 0.062194 Method MME


Test set: Average loss: 1.3711, Accuracy: 13671/18288 F1 (75%)


Test set: Average loss: 1.4851, Accuracy: 262/360 F1 (73%)

best acc test 74.825022 best acc val 72.777778
record record/multi/MME/MME_net_resnet34_real_to_clipart_num_3
saving model...
S real T clipart Train Ep: 5600 lr0.007164016067791809 	 Loss Classification: 0.313813 Loss T 0.044132 Method MME

S real T clipart Train Ep: 5700 lr0.0071297657409083726 	 Loss Classification: 0.209624 Loss T 0.036328 Method MME

S real T clipart Train Ep: 5800 lr0.0070958950701490225 	 Loss Classification: 0.409215 Loss T 0.045926 Method MME

S real T clipart Train Ep: 5900 lr0.007062397483947426 	 Loss Classification: 0.236125 Loss T 0.051056 Method MME

S real T clipart Train Ep: 6000 lr0.007029266564879363 	 Loss Classification: 0.158393 Loss T 0.051276 Method MME


Test set: Average loss: 1.3827, Accuracy: 13716/18288 F1 (75%)


Test set: Average loss: 1.4560, Accuracy: 259/360 F1 (72%)

best acc test 74.825022 best acc val 71.944444
record record/multi/MME/MME_net_resnet34_real_to_clipart_num_3
saving model...
S real T clipart Train Ep: 6100 lr0.006996496045111504 	 Loss Classification: 0.167643 Loss T 0.048107 Method MME

S real T clipart Train Ep: 6200 lr0.00696407980201184 	 Loss Classification: 0.367439 Loss T 0.035017 Method MME

S real T clipart Train Ep: 6300 lr0.006932011853915101 	 Loss Classification: 0.237736 Loss T 0.041412 Method MME

S real T clipart Train Ep: 6400 lr0.006900286356036734 	 Loss Classification: 0.206888 Loss T 0.045615 Method MME

S real T clipart Train Ep: 6500 lr0.006868897596529406 	 Loss Classification: 0.172777 Loss T 0.050300 Method MME


Test set: Average loss: 1.4055, Accuracy: 13793/18288 F1 (75%)


Test set: Average loss: 1.5064, Accuracy: 266/360 F1 (74%)

best acc test 74.825022 best acc val 73.888889
record record/multi/MME/MME_net_resnet34_real_to_clipart_num_3
saving model...
S real T clipart Train Ep: 6600 lr0.006837839992676177 	 Loss Classification: 0.320535 Loss T 0.041803 Method MME

S real T clipart Train Ep: 6700 lr0.006807108087214876 	 Loss Classification: 0.127012 Loss T 0.035316 Method MME

S real T clipart Train Ep: 6800 lr0.006776696544788352 	 Loss Classification: 0.240541 Loss T 0.032935 Method MME

S real T clipart Train Ep: 6900 lr0.006746600148515609 	 Loss Classification: 0.193548 Loss T 0.026125 Method MME

S real T clipart Train Ep: 7000 lr0.006716813796678979 	 Loss Classification: 0.172025 Loss T 0.057000 Method MME


Test set: Average loss: 1.4062, Accuracy: 13825/18288 F1 (76%)


Test set: Average loss: 1.4720, Accuracy: 265/360 F1 (74%)

best acc test 74.825022 best acc val 73.611111
record record/multi/MME/MME_net_resnet34_real_to_clipart_num_3
saving model...
S real T clipart Train Ep: 7100 lr0.006687332499522798 	 Loss Classification: 0.101670 Loss T 0.037752 Method MME

S real T clipart Train Ep: 7200 lr0.006658151376159165 	 Loss Classification: 0.416271 Loss T 0.037099 Method MME

S real T clipart Train Ep: 7300 lr0.00662926565157663 	 Loss Classification: 0.196032 Loss T 0.051283 Method MME

S real T clipart Train Ep: 7400 lr0.006600670653747793 	 Loss Classification: 0.180450 Loss T 0.032630 Method MME

S real T clipart Train Ep: 7500 lr0.0065723618108320175 	 Loss Classification: 0.231715 Loss T 0.042571 Method MME


Test set: Average loss: 1.4561, Accuracy: 13813/18288 F1 (76%)


Test set: Average loss: 1.4636, Accuracy: 270/360 F1 (75%)

best acc test 75.530402 best acc val 75.000000
record record/multi/MME/MME_net_resnet34_real_to_clipart_num_3
saving model...
S real T clipart Train Ep: 7600 lr0.006544334648469591 	 Loss Classification: 0.262652 Loss T 0.032082 Method MME

S real T clipart Train Ep: 7700 lr0.006516584787163857 	 Loss Classification: 0.307377 Loss T 0.050409 Method MME

S real T clipart Train Ep: 7800 lr0.006489107939747966 	 Loss Classification: 0.117393 Loss T 0.034844 Method MME

S real T clipart Train Ep: 7900 lr0.0064618999089330565 	 Loss Classification: 0.194516 Loss T 0.041682 Method MME

S real T clipart Train Ep: 8000 lr0.006434956584934828 	 Loss Classification: 0.172841 Loss T 0.053866 Method MME


Test set: Average loss: 1.4531, Accuracy: 13866/18288 F1 (76%)


Test set: Average loss: 1.4922, Accuracy: 268/360 F1 (74%)

best acc test 75.530402 best acc val 74.444444
record record/multi/MME/MME_net_resnet34_real_to_clipart_num_3
saving model...
S real T clipart Train Ep: 8100 lr0.006408273943175546 	 Loss Classification: 0.204177 Loss T 0.031432 Method MME

S real T clipart Train Ep: 8200 lr0.006381848042058713 	 Loss Classification: 0.227856 Loss T 0.046536 Method MME

S real T clipart Train Ep: 8300 lr0.0063556750208137005 	 Loss Classification: 0.262973 Loss T 0.033553 Method MME

S real T clipart Train Ep: 8400 lr0.006329751097407787 	 Loss Classification: 0.386401 Loss T 0.044211 Method MME

S real T clipart Train Ep: 8500 lr0.0063040725665231365 	 Loss Classification: 0.021069 Loss T 0.022238 Method MME


Test set: Average loss: 1.4565, Accuracy: 13829/18288 F1 (76%)


Test set: Average loss: 1.6091, Accuracy: 262/360 F1 (73%)

best acc test 75.530402 best acc val 72.777778
record record/multi/MME/MME_net_resnet34_real_to_clipart_num_3
saving model...
S real T clipart Train Ep: 8600 lr0.006278635797596355 	 Loss Classification: 0.069113 Loss T 0.040275 Method MME

S real T clipart Train Ep: 8700 lr0.006253437232918371 	 Loss Classification: 0.235123 Loss T 0.053050 Method MME

S real T clipart Train Ep: 8800 lr0.0062284733857924735 	 Loss Classification: 0.200861 Loss T 0.015431 Method MME

S real T clipart Train Ep: 8900 lr0.006203740838748417 	 Loss Classification: 0.164607 Loss T 0.018572 Method MME

S real T clipart Train Ep: 9000 lr0.006179236241810624 	 Loss Classification: 0.066574 Loss T 0.026490 Method MME


Test set: Average loss: 1.4433, Accuracy: 13957/18288 F1 (76%)


Test set: Average loss: 1.6456, Accuracy: 260/360 F1 (72%)

best acc test 75.530402 best acc val 72.222222
record record/multi/MME/MME_net_resnet34_real_to_clipart_num_3
saving model...
S real T clipart Train Ep: 9100 lr0.006154956310818535 	 Loss Classification: 0.132416 Loss T 0.013512 Method MME

S real T clipart Train Ep: 9200 lr0.0061308978257973165 	 Loss Classification: 0.066485 Loss T 0.027068 Method MME

S real T clipart Train Ep: 9300 lr0.0061070576293771285 	 Loss Classification: 0.101815 Loss T 0.034098 Method MME

S real T clipart Train Ep: 9400 lr0.006083432625259276 	 Loss Classification: 0.055883 Loss T 0.025028 Method MME

S real T clipart Train Ep: 9500 lr0.006060019776727621 	 Loss Classification: 0.179409 Loss T 0.041342 Method MME


Test set: Average loss: 1.4572, Accuracy: 13937/18288 F1 (76%)


Test set: Average loss: 1.5577, Accuracy: 267/360 F1 (74%)

best acc test 75.530402 best acc val 74.166667
record record/multi/MME/MME_net_resnet34_real_to_clipart_num_3
saving model...
S real T clipart Train Ep: 9600 lr0.00603681610520369 	 Loss Classification: 0.072597 Loss T 0.033417 Method MME

S real T clipart Train Ep: 9700 lr0.0060138186888439825 	 Loss Classification: 0.116269 Loss T 0.024716 Method MME

S real T clipart Train Ep: 9800 lr0.005991024661178045 	 Loss Classification: 0.228983 Loss T 0.019347 Method MME

S real T clipart Train Ep: 9900 lr0.0059684312097859115 	 Loss Classification: 0.235545 Loss T 0.019223 Method MME

S real T clipart Train Ep: 10000 lr0.005946035575013605 	 Loss Classification: 0.059615 Loss T 0.024011 Method MME


Test set: Average loss: 1.5487, Accuracy: 13970/18288 F1 (76%)


Test set: Average loss: 1.6097, Accuracy: 271/360 F1 (75%)

best acc test 76.388889 best acc val 75.277778
record record/multi/MME/MME_net_resnet34_real_to_clipart_num_3
saving model...
S real T clipart Train Ep: 10100 lr0.005923835048725393 	 Loss Classification: 0.332518 Loss T 0.018159 Method MME

S real T clipart Train Ep: 10200 lr0.005901826973091593 	 Loss Classification: 0.316638 Loss T 0.035566 Method MME

S real T clipart Train Ep: 10300 lr0.005880008739410735 	 Loss Classification: 0.061954 Loss T 0.022646 Method MME

S real T clipart Train Ep: 10400 lr0.005858377786964935 	 Loss Classification: 0.126479 Loss T 0.025385 Method MME

S real T clipart Train Ep: 10500 lr0.005836931601907399 	 Loss Classification: 0.139175 Loss T 0.019670 Method MME


Test set: Average loss: 1.5582, Accuracy: 13967/18288 F1 (76%)


Test set: Average loss: 1.6961, Accuracy: 266/360 F1 (74%)

best acc test 76.388889 best acc val 73.888889
record record/multi/MME/MME_net_resnet34_real_to_clipart_num_3
saving model...
S real T clipart Train Ep: 10600 lr0.005815667716181004 	 Loss Classification: 0.114636 Loss T 0.016588 Method MME

S real T clipart Train Ep: 10700 lr0.005794583706466925 	 Loss Classification: 0.317002 Loss T 0.023585 Method MME

S real T clipart Train Ep: 10800 lr0.005773677193162352 	 Loss Classification: 0.089964 Loss T 0.019605 Method MME

S real T clipart Train Ep: 10900 lr0.005752945839386346 	 Loss Classification: 0.221611 Loss T 0.024233 Method MME

S real T clipart Train Ep: 11000 lr0.005732387350012933 	 Loss Classification: 0.375857 Loss T 0.022171 Method MME


Test set: Average loss: 1.5514, Accuracy: 13955/18288 F1 (76%)


Test set: Average loss: 1.6433, Accuracy: 263/360 F1 (73%)

best acc test 76.388889 best acc val 73.055556
record record/multi/MME/MME_net_resnet34_real_to_clipart_num_3
saving model...
S real T clipart Train Ep: 11100 lr0.005711999470730565 	 Loss Classification: 0.027027 Loss T 0.040162 Method MME

S real T clipart Train Ep: 11200 lr0.005691779987127103 	 Loss Classification: 0.209522 Loss T 0.018782 Method MME

S real T clipart Train Ep: 11300 lr0.005671726723799515 	 Loss Classification: 0.260857 Loss T 0.022574 Method MME

S real T clipart Train Ep: 11400 lr0.005651837543487509 	 Loss Classification: 0.088420 Loss T 0.023822 Method MME

S real T clipart Train Ep: 11500 lr0.005632110346230358 	 Loss Classification: 0.229834 Loss T 0.016901 Method MME


Test set: Average loss: 1.5880, Accuracy: 13933/18288 F1 (76%)


Test set: Average loss: 1.6916, Accuracy: 267/360 F1 (74%)

best acc test 76.388889 best acc val 74.166667
record record/multi/MME/MME_net_resnet34_real_to_clipart_num_3
saving model...
S real T clipart Train Ep: 11600 lr0.005612543068546177 	 Loss Classification: 0.102411 Loss T 0.022562 Method MME

S real T clipart Train Ep: 11700 lr0.005593133682632953 	 Loss Classification: 0.360526 Loss T 0.016321 Method MME

S real T clipart Train Ep: 11800 lr0.005573880195590681 	 Loss Classification: 0.110707 Loss T 0.023344 Method MME

S real T clipart Train Ep: 11900 lr0.0055547806486639095 	 Loss Classification: 0.130462 Loss T 0.018752 Method MME

S real T clipart Train Ep: 12000 lr0.005535833116504121 	 Loss Classification: 0.217875 Loss T 0.020919 Method MME


Test set: Average loss: 1.6196, Accuracy: 13923/18288 F1 (76%)


Test set: Average loss: 1.7429, Accuracy: 264/360 F1 (73%)

best acc test 76.388889 best acc val 73.333333
record record/multi/MME/MME_net_resnet34_real_to_clipart_num_3
saving model...
S real T clipart Train Ep: 12100 lr0.00551703570645129 	 Loss Classification: 0.057371 Loss T 0.018332 Method MME

S real T clipart Train Ep: 12200 lr0.005498386557834078 	 Loss Classification: 0.018821 Loss T 0.018779 Method MME

S real T clipart Train Ep: 12300 lr0.00547988384128807 	 Loss Classification: 0.122613 Loss T 0.015118 Method MME

S real T clipart Train Ep: 12400 lr0.005461525758091539 	 Loss Classification: 0.329156 Loss T 0.029628 Method MME

S real T clipart Train Ep: 12500 lr0.005443310539518174 	 Loss Classification: 0.070217 Loss T 0.016288 Method MME


Test set: Average loss: 1.6098, Accuracy: 13997/18288 F1 (77%)


Test set: Average loss: 1.7824, Accuracy: 267/360 F1 (74%)

best acc test 76.388889 best acc val 74.166667
record record/multi/MME/MME_net_resnet34_real_to_clipart_num_3
saving model...
S real T clipart Train Ep: 12600 lr0.005425236446206295 	 Loss Classification: 0.223538 Loss T 0.023515 Method MME

S real T clipart Train Ep: 12700 lr0.005407301767544059 	 Loss Classification: 0.183736 Loss T 0.021298 Method MME

S real T clipart Train Ep: 12800 lr0.005389504821070177 	 Loss Classification: 0.208484 Loss T 0.017065 Method MME

S real T clipart Train Ep: 12900 lr0.005371843951889677 	 Loss Classification: 0.173601 Loss T 0.018096 Method MME

S real T clipart Train Ep: 13000 lr0.0053543175321042955 	 Loss Classification: 0.073481 Loss T 0.019199 Method MME


Test set: Average loss: 1.6299, Accuracy: 13988/18288 F1 (76%)


Test set: Average loss: 1.7160, Accuracy: 266/360 F1 (74%)

