Dataset multi Source real Target sketch Labeled num perclass 3 Network resnet34
126 classes in this dataset
496
S real T sketch Train Ep: 0 lr0.01 	 Loss Classification: 4.973530 Loss T 0.471795 Method MME

S real T sketch Train Ep: 100 lr0.009925650290240803 	 Loss Classification: 0.933317 Loss T 0.294648 Method MME

S real T sketch Train Ep: 200 lr0.009852577760521605 	 Loss Classification: 0.599480 Loss T 0.229308 Method MME

S real T sketch Train Ep: 300 lr0.009780748269686728 	 Loss Classification: 0.517407 Loss T 0.213133 Method MME

S real T sketch Train Ep: 400 lr0.009710128909124701 	 Loss Classification: 0.341251 Loss T 0.207403 Method MME

S real T sketch Train Ep: 500 lr0.00964068794694323 	 Loss Classification: 0.521574 Loss T 0.194645 Method MME


Test set: Average loss: 2.1054, Accuracy: 12493/23808 F1 (52%)


Test set: Average loss: 1.8697, Accuracy: 200/360 F1 (56%)

best acc test 52.473958 best acc val 55.555556
record record/multi/MME/MME_net_resnet34_real_to_sketch_num_3
saving model...
S real T sketch Train Ep: 600 lr0.00957239477517603 	 Loss Classification: 0.479492 Loss T 0.185467 Method MME

S real T sketch Train Ep: 700 lr0.009505219859830012 	 Loss Classification: 0.220663 Loss T 0.170448 Method MME

S real T sketch Train Ep: 800 lr0.009439134693595126 	 Loss Classification: 0.376012 Loss T 0.161784 Method MME

S real T sketch Train Ep: 900 lr0.009374111751051751 	 Loss Classification: 0.298240 Loss T 0.157777 Method MME

S real T sketch Train Ep: 1000 lr0.009310124446222227 	 Loss Classification: 0.300938 Loss T 0.117567 Method MME


Test set: Average loss: 1.9195, Accuracy: 13764/23808 F1 (58%)


Test set: Average loss: 1.6428, Accuracy: 220/360 F1 (61%)

best acc test 57.812500 best acc val 61.111111
record record/multi/MME/MME_net_resnet34_real_to_sketch_num_3
saving model...
S real T sketch Train Ep: 1100 lr0.00924714709232377 	 Loss Classification: 0.194804 Loss T 0.152182 Method MME

S real T sketch Train Ep: 1200 lr0.009185154863590003 	 Loss Classification: 0.182250 Loss T 0.149989 Method MME

S real T sketch Train Ep: 1300 lr0.00912412375903735 	 Loss Classification: 0.124160 Loss T 0.164305 Method MME

S real T sketch Train Ep: 1400 lr0.009064030568061049 	 Loss Classification: 0.423504 Loss T 0.162124 Method MME

S real T sketch Train Ep: 1500 lr0.009004852837753237 	 Loss Classification: 0.337703 Loss T 0.167968 Method MME


Test set: Average loss: 1.8717, Accuracy: 14299/23808 F1 (60%)


Test set: Average loss: 1.6047, Accuracy: 230/360 F1 (64%)

best acc test 60.059644 best acc val 63.888889
record record/multi/MME/MME_net_resnet34_real_to_sketch_num_3
saving model...
S real T sketch Train Ep: 1600 lr0.008946568841842816 	 Loss Classification: 0.347640 Loss T 0.116568 Method MME

S real T sketch Train Ep: 1700 lr0.008889157551163433 	 Loss Classification: 0.199670 Loss T 0.132408 Method MME

S real T sketch Train Ep: 1800 lr0.008832598605562044 	 Loss Classification: 0.643671 Loss T 0.093008 Method MME

S real T sketch Train Ep: 1900 lr0.008776872287166303 	 Loss Classification: 0.542041 Loss T 0.120859 Method MME

S real T sketch Train Ep: 2000 lr0.008721959494934213 	 Loss Classification: 0.591939 Loss T 0.149185 Method MME


Test set: Average loss: 1.7769, Accuracy: 14663/23808 F1 (62%)


Test set: Average loss: 1.4979, Accuracy: 231/360 F1 (64%)

best acc test 61.588542 best acc val 64.166667
record record/multi/MME/MME_net_resnet34_real_to_sketch_num_3
saving model...
S real T sketch Train Ep: 2100 lr0.008667841720414475 	 Loss Classification: 0.227659 Loss T 0.124919 Method MME

S real T sketch Train Ep: 2200 lr0.008614501024650454 	 Loss Classification: 0.135043 Loss T 0.119880 Method MME

S real T sketch Train Ep: 2300 lr0.008561920016164943 	 Loss Classification: 0.396146 Loss T 0.142359 Method MME

S real T sketch Train Ep: 2400 lr0.008510081829966844 	 Loss Classification: 0.278299 Loss T 0.119444 Method MME

S real T sketch Train Ep: 2500 lr0.008458970107524513 	 Loss Classification: 0.276386 Loss T 0.134287 Method MME


Test set: Average loss: 1.7843, Accuracy: 14961/23808 F1 (63%)


Test set: Average loss: 1.5306, Accuracy: 232/360 F1 (64%)

best acc test 62.840222 best acc val 64.444444
record record/multi/MME/MME_net_resnet34_real_to_sketch_num_3
saving model...
S real T sketch Train Ep: 2600 lr0.008408568977653933 	 Loss Classification: 0.237631 Loss T 0.133416 Method MME

S real T sketch Train Ep: 2700 lr0.00835886303827305 	 Loss Classification: 0.326179 Loss T 0.116181 Method MME

S real T sketch Train Ep: 2800 lr0.008309837338976545 	 Loss Classification: 0.173983 Loss T 0.114313 Method MME

S real T sketch Train Ep: 2900 lr0.008261477364388068 	 Loss Classification: 0.419255 Loss T 0.116850 Method MME

S real T sketch Train Ep: 3000 lr0.008213769018249545 	 Loss Classification: 0.092830 Loss T 0.104180 Method MME


Test set: Average loss: 1.7179, Accuracy: 15266/23808 F1 (64%)


Test set: Average loss: 1.5285, Accuracy: 234/360 F1 (65%)

best acc test 64.121304 best acc val 65.000000
record record/multi/MME/MME_net_resnet34_real_to_sketch_num_3
saving model...
S real T sketch Train Ep: 3100 lr0.008166698608209509 	 Loss Classification: 0.222658 Loss T 0.109114 Method MME

S real T sketch Train Ep: 3200 lr0.008120252831274708 	 Loss Classification: 0.399247 Loss T 0.095455 Method MME

S real T sketch Train Ep: 3300 lr0.008074418759891278 	 Loss Classification: 0.176240 Loss T 0.099308 Method MME

S real T sketch Train Ep: 3400 lr0.008029183828623731 	 Loss Classification: 0.218367 Loss T 0.113311 Method MME

S real T sketch Train Ep: 3500 lr0.007984535821401871 	 Loss Classification: 0.553737 Loss T 0.116917 Method MME


Test set: Average loss: 1.7279, Accuracy: 15510/23808 F1 (65%)


Test set: Average loss: 1.5399, Accuracy: 240/360 F1 (67%)

best acc test 65.146169 best acc val 66.666667
record record/multi/MME/MME_net_resnet34_real_to_sketch_num_3
saving model...
S real T sketch Train Ep: 3600 lr0.007940462859307384 	 Loss Classification: 0.111590 Loss T 0.086487 Method MME

S real T sketch Train Ep: 3700 lr0.007896953388873518 	 Loss Classification: 0.324851 Loss T 0.122462 Method MME

S real T sketch Train Ep: 3800 lr0.007853996170872714 	 Loss Classification: 0.173213 Loss T 0.097049 Method MME

S real T sketch Train Ep: 3900 lr0.00781158026956848 	 Loss Classification: 0.261641 Loss T 0.108655 Method MME

S real T sketch Train Ep: 4000 lr0.007769695042409123 	 Loss Classification: 0.036489 Loss T 0.088611 Method MME


Test set: Average loss: 1.7583, Accuracy: 15431/23808 F1 (65%)


Test set: Average loss: 1.4898, Accuracy: 251/360 F1 (70%)

best acc test 64.814348 best acc val 69.722222
record record/multi/MME/MME_net_resnet34_real_to_sketch_num_3
saving model...
S real T sketch Train Ep: 4100 lr0.007728330130142108 	 Loss Classification: 0.250152 Loss T 0.117672 Method MME

S real T sketch Train Ep: 4200 lr0.007687475447329114 	 Loss Classification: 0.216829 Loss T 0.112763 Method MME

S real T sketch Train Ep: 4300 lr0.0076471211732427845 	 Loss Classification: 0.359679 Loss T 0.089802 Method MME

S real T sketch Train Ep: 4400 lr0.007607257743127307 	 Loss Classification: 0.317567 Loss T 0.075936 Method MME

S real T sketch Train Ep: 4500 lr0.007567875839805858 	 Loss Classification: 0.267756 Loss T 0.092831 Method MME


Test set: Average loss: 1.7578, Accuracy: 15585/23808 F1 (65%)


Test set: Average loss: 1.5552, Accuracy: 231/360 F1 (64%)

best acc test 64.814348 best acc val 64.166667
record record/multi/MME/MME_net_resnet34_real_to_sketch_num_3
saving model...
S real T sketch Train Ep: 4600 lr0.007528966385618854 	 Loss Classification: 0.372394 Loss T 0.086655 Method MME

S real T sketch Train Ep: 4700 lr0.007490520534677821 	 Loss Classification: 0.257264 Loss T 0.082468 Method MME

S real T sketch Train Ep: 4800 lr0.007452529665420465 	 Loss Classification: 0.214529 Loss T 0.071843 Method MME

S real T sketch Train Ep: 4900 lr0.007414985373453289 	 Loss Classification: 0.352167 Loss T 0.099310 Method MME

S real T sketch Train Ep: 5000 lr0.007377879464668811 	 Loss Classification: 0.428507 Loss T 0.097330 Method MME


Test set: Average loss: 1.7298, Accuracy: 15733/23808 F1 (66%)


Test set: Average loss: 1.5122, Accuracy: 238/360 F1 (66%)

best acc test 64.814348 best acc val 66.111111
record record/multi/MME/MME_net_resnet34_real_to_sketch_num_3
saving model...
S real T sketch Train Ep: 5100 lr0.007341203948625087 	 Loss Classification: 0.170196 Loss T 0.096774 Method MME

S real T sketch Train Ep: 5200 lr0.007304951032175895 	 Loss Classification: 0.207345 Loss T 0.082652 Method MME

S real T sketch Train Ep: 5300 lr0.007269113113340497 	 Loss Classification: 0.228545 Loss T 0.085075 Method MME

S real T sketch Train Ep: 5400 lr0.007233682775402483 	 Loss Classification: 0.194783 Loss T 0.085137 Method MME

S real T sketch Train Ep: 5500 lr0.007198652781227704 	 Loss Classification: 0.305953 Loss T 0.062940 Method MME


Test set: Average loss: 1.7461, Accuracy: 15794/23808 F1 (66%)


Test set: Average loss: 1.4810, Accuracy: 239/360 F1 (66%)

best acc test 64.814348 best acc val 66.388889
record record/multi/MME/MME_net_resnet34_real_to_sketch_num_3
saving model...
S real T sketch Train Ep: 5600 lr0.007164016067791809 	 Loss Classification: 0.165447 Loss T 0.078698 Method MME

S real T sketch Train Ep: 5700 lr0.0071297657409083726 	 Loss Classification: 0.383505 Loss T 0.126343 Method MME

S real T sketch Train Ep: 5800 lr0.0070958950701490225 	 Loss Classification: 0.109492 Loss T 0.088284 Method MME

S real T sketch Train Ep: 5900 lr0.007062397483947426 	 Loss Classification: 0.068745 Loss T 0.081625 Method MME

S real T sketch Train Ep: 6000 lr0.007029266564879363 	 Loss Classification: 0.273635 Loss T 0.086651 Method MME


Test set: Average loss: 1.7296, Accuracy: 15975/23808 F1 (67%)


Test set: Average loss: 1.3701, Accuracy: 255/360 F1 (71%)

best acc test 67.099294 best acc val 70.833333
record record/multi/MME/MME_net_resnet34_real_to_sketch_num_3
saving model...
S real T sketch Train Ep: 6100 lr0.006996496045111504 	 Loss Classification: 0.391970 Loss T 0.067490 Method MME

S real T sketch Train Ep: 6200 lr0.00696407980201184 	 Loss Classification: 0.054230 Loss T 0.077568 Method MME

S real T sketch Train Ep: 6300 lr0.006932011853915101 	 Loss Classification: 0.272648 Loss T 0.097229 Method MME

S real T sketch Train Ep: 6400 lr0.006900286356036734 	 Loss Classification: 0.346858 Loss T 0.105045 Method MME

S real T sketch Train Ep: 6500 lr0.006868897596529406 	 Loss Classification: 0.329079 Loss T 0.064440 Method MME


Test set: Average loss: 1.7922, Accuracy: 15975/23808 F1 (67%)


Test set: Average loss: 1.4828, Accuracy: 250/360 F1 (69%)

best acc test 67.099294 best acc val 69.444444
record record/multi/MME/MME_net_resnet34_real_to_sketch_num_3
saving model...
S real T sketch Train Ep: 6600 lr0.006837839992676177 	 Loss Classification: 0.206985 Loss T 0.046927 Method MME

S real T sketch Train Ep: 6700 lr0.006807108087214876 	 Loss Classification: 0.228689 Loss T 0.052597 Method MME

S real T sketch Train Ep: 6800 lr0.006776696544788352 	 Loss Classification: 0.089821 Loss T 0.052712 Method MME

S real T sketch Train Ep: 6900 lr0.006746600148515609 	 Loss Classification: 0.327409 Loss T 0.073117 Method MME

S real T sketch Train Ep: 7000 lr0.006716813796678979 	 Loss Classification: 0.267577 Loss T 0.072461 Method MME


Test set: Average loss: 1.8441, Accuracy: 15917/23808 F1 (67%)


Test set: Average loss: 1.6324, Accuracy: 244/360 F1 (68%)

best acc test 67.099294 best acc val 67.777778
record record/multi/MME/MME_net_resnet34_real_to_sketch_num_3
saving model...
S real T sketch Train Ep: 7100 lr0.006687332499522798 	 Loss Classification: 0.053111 Loss T 0.062161 Method MME

S real T sketch Train Ep: 7200 lr0.006658151376159165 	 Loss Classification: 0.138167 Loss T 0.079648 Method MME

S real T sketch Train Ep: 7300 lr0.00662926565157663 	 Loss Classification: 0.261104 Loss T 0.066761 Method MME

S real T sketch Train Ep: 7400 lr0.006600670653747793 	 Loss Classification: 0.207165 Loss T 0.057900 Method MME

S real T sketch Train Ep: 7500 lr0.0065723618108320175 	 Loss Classification: 0.386884 Loss T 0.061993 Method MME


Test set: Average loss: 1.7732, Accuracy: 16118/23808 F1 (68%)


Test set: Average loss: 1.5314, Accuracy: 243/360 F1 (68%)

best acc test 67.099294 best acc val 67.500000
record record/multi/MME/MME_net_resnet34_real_to_sketch_num_3
saving model...
S real T sketch Train Ep: 7600 lr0.006544334648469591 	 Loss Classification: 0.213912 Loss T 0.080937 Method MME

S real T sketch Train Ep: 7700 lr0.006516584787163857 	 Loss Classification: 0.130095 Loss T 0.064535 Method MME

S real T sketch Train Ep: 7800 lr0.006489107939747966 	 Loss Classification: 0.157485 Loss T 0.061324 Method MME

S real T sketch Train Ep: 7900 lr0.0064618999089330565 	 Loss Classification: 0.098972 Loss T 0.059004 Method MME

S real T sketch Train Ep: 8000 lr0.006434956584934828 	 Loss Classification: 0.273194 Loss T 0.080835 Method MME


Test set: Average loss: 1.8415, Accuracy: 16017/23808 F1 (67%)


Test set: Average loss: 1.6054, Accuracy: 248/360 F1 (69%)

best acc test 67.099294 best acc val 68.888889
record record/multi/MME/MME_net_resnet34_real_to_sketch_num_3
saving model...
S real T sketch Train Ep: 8100 lr0.006408273943175546 	 Loss Classification: 0.182902 Loss T 0.063286 Method MME

S real T sketch Train Ep: 8200 lr0.006381848042058713 	 Loss Classification: 0.125721 Loss T 0.065963 Method MME

S real T sketch Train Ep: 8300 lr0.0063556750208137005 	 Loss Classification: 0.068375 Loss T 0.055399 Method MME

S real T sketch Train Ep: 8400 lr0.006329751097407787 	 Loss Classification: 0.424548 Loss T 0.054368 Method MME

S real T sketch Train Ep: 8500 lr0.0063040725665231365 	 Loss Classification: 0.035223 Loss T 0.046318 Method MME


Test set: Average loss: 1.8325, Accuracy: 16115/23808 F1 (68%)


Test set: Average loss: 1.6092, Accuracy: 242/360 F1 (67%)

best acc test 67.099294 best acc val 67.222222
record record/multi/MME/MME_net_resnet34_real_to_sketch_num_3
saving model...
S real T sketch Train Ep: 8600 lr0.006278635797596355 	 Loss Classification: 0.212635 Loss T 0.085410 Method MME

S real T sketch Train Ep: 8700 lr0.006253437232918371 	 Loss Classification: 0.150384 Loss T 0.072375 Method MME

S real T sketch Train Ep: 8800 lr0.0062284733857924735 	 Loss Classification: 0.211666 Loss T 0.078401 Method MME

S real T sketch Train Ep: 8900 lr0.006203740838748417 	 Loss Classification: 0.122947 Loss T 0.040184 Method MME

S real T sketch Train Ep: 9000 lr0.006179236241810624 	 Loss Classification: 0.061640 Loss T 0.064839 Method MME


Test set: Average loss: 1.8264, Accuracy: 16172/23808 F1 (68%)


Test set: Average loss: 1.5073, Accuracy: 250/360 F1 (69%)

