Dataset multi Source real Target sketch Labeled num perclass 3 Network resnet34
126 classes in this dataset
496
S real T sketch Train Ep: 0 lr0.01 	 Loss Classification: 4.902647 Loss T 0.471056 Method MME

S real T sketch Train Ep: 100 lr0.009925650290240803 	 Loss Classification: 0.759566 Loss T 0.281432 Method MME

S real T sketch Train Ep: 200 lr0.009852577760521605 	 Loss Classification: 0.516321 Loss T 0.237733 Method MME

S real T sketch Train Ep: 300 lr0.009780748269686728 	 Loss Classification: 0.416652 Loss T 0.189624 Method MME

S real T sketch Train Ep: 400 lr0.009710128909124701 	 Loss Classification: 0.348458 Loss T 0.188437 Method MME

S real T sketch Train Ep: 500 lr0.00964068794694323 	 Loss Classification: 0.620363 Loss T 0.153565 Method MME


Test set: Average loss: 1.9522, Accuracy: 13246/23808 F1 (56%)


Test set: Average loss: 1.7457, Accuracy: 209/360 F1 (58%)

best acc test 55.636761 best acc val 58.055556
record record/multi/MME/MME_net_resnet34_real_to_sketch_num_3
saving model...
S real T sketch Train Ep: 600 lr0.00957239477517603 	 Loss Classification: 0.512200 Loss T 0.157950 Method MME

S real T sketch Train Ep: 700 lr0.009505219859830012 	 Loss Classification: 0.182110 Loss T 0.149996 Method MME

S real T sketch Train Ep: 800 lr0.009439134693595126 	 Loss Classification: 0.445466 Loss T 0.129403 Method MME

S real T sketch Train Ep: 900 lr0.009374111751051751 	 Loss Classification: 0.489183 Loss T 0.132689 Method MME

S real T sketch Train Ep: 1000 lr0.009310124446222227 	 Loss Classification: 0.518128 Loss T 0.129416 Method MME


Test set: Average loss: 1.9131, Accuracy: 13868/23808 F1 (58%)


Test set: Average loss: 1.6978, Accuracy: 221/360 F1 (61%)

best acc test 58.249328 best acc val 61.388889
record record/multi/MME/MME_net_resnet34_real_to_sketch_num_3
saving model...
S real T sketch Train Ep: 1100 lr0.00924714709232377 	 Loss Classification: 0.484842 Loss T 0.148044 Method MME

S real T sketch Train Ep: 1200 lr0.009185154863590003 	 Loss Classification: 0.835993 Loss T 0.141441 Method MME

S real T sketch Train Ep: 1300 lr0.00912412375903735 	 Loss Classification: 0.373017 Loss T 0.129530 Method MME

S real T sketch Train Ep: 1400 lr0.009064030568061049 	 Loss Classification: 0.256094 Loss T 0.146621 Method MME

S real T sketch Train Ep: 1500 lr0.009004852837753237 	 Loss Classification: 0.390755 Loss T 0.121770 Method MME


Test set: Average loss: 1.8169, Accuracy: 14638/23808 F1 (61%)


Test set: Average loss: 1.6566, Accuracy: 228/360 F1 (63%)

best acc test 61.483535 best acc val 63.333333
record record/multi/MME/MME_net_resnet34_real_to_sketch_num_3
saving model...
S real T sketch Train Ep: 1600 lr0.008946568841842816 	 Loss Classification: 0.433579 Loss T 0.104548 Method MME

S real T sketch Train Ep: 1700 lr0.008889157551163433 	 Loss Classification: 0.316399 Loss T 0.121956 Method MME

S real T sketch Train Ep: 1800 lr0.008832598605562044 	 Loss Classification: 0.512451 Loss T 0.126638 Method MME

S real T sketch Train Ep: 1900 lr0.008776872287166303 	 Loss Classification: 0.267626 Loss T 0.118138 Method MME

S real T sketch Train Ep: 2000 lr0.008721959494934213 	 Loss Classification: 0.594072 Loss T 0.128794 Method MME


Test set: Average loss: 1.8224, Accuracy: 14838/23808 F1 (62%)


Test set: Average loss: 1.6726, Accuracy: 220/360 F1 (61%)

best acc test 61.483535 best acc val 61.111111
record record/multi/MME/MME_net_resnet34_real_to_sketch_num_3
saving model...
S real T sketch Train Ep: 2100 lr0.008667841720414475 	 Loss Classification: 0.432382 Loss T 0.129721 Method MME

S real T sketch Train Ep: 2200 lr0.008614501024650454 	 Loss Classification: 0.150894 Loss T 0.089615 Method MME

S real T sketch Train Ep: 2300 lr0.008561920016164943 	 Loss Classification: 0.262135 Loss T 0.103407 Method MME

S real T sketch Train Ep: 2400 lr0.008510081829966844 	 Loss Classification: 0.569979 Loss T 0.107864 Method MME

S real T sketch Train Ep: 2500 lr0.008458970107524513 	 Loss Classification: 0.358996 Loss T 0.120087 Method MME


Test set: Average loss: 1.7932, Accuracy: 15032/23808 F1 (63%)


Test set: Average loss: 1.6031, Accuracy: 224/360 F1 (62%)

best acc test 61.483535 best acc val 62.222222
record record/multi/MME/MME_net_resnet34_real_to_sketch_num_3
saving model...
S real T sketch Train Ep: 2600 lr0.008408568977653933 	 Loss Classification: 0.358941 Loss T 0.120431 Method MME

S real T sketch Train Ep: 2700 lr0.00835886303827305 	 Loss Classification: 0.424682 Loss T 0.104339 Method MME

S real T sketch Train Ep: 2800 lr0.008309837338976545 	 Loss Classification: 0.547730 Loss T 0.139144 Method MME

S real T sketch Train Ep: 2900 lr0.008261477364388068 	 Loss Classification: 0.319156 Loss T 0.092115 Method MME

S real T sketch Train Ep: 3000 lr0.008213769018249545 	 Loss Classification: 0.117522 Loss T 0.112518 Method MME


Test set: Average loss: 1.7352, Accuracy: 15373/23808 F1 (65%)


Test set: Average loss: 1.4885, Accuracy: 236/360 F1 (66%)

best acc test 64.570733 best acc val 65.555556
record record/multi/MME/MME_net_resnet34_real_to_sketch_num_3
saving model...
S real T sketch Train Ep: 3100 lr0.008166698608209509 	 Loss Classification: 0.328619 Loss T 0.091626 Method MME

S real T sketch Train Ep: 3200 lr0.008120252831274708 	 Loss Classification: 0.354834 Loss T 0.107721 Method MME

S real T sketch Train Ep: 3300 lr0.008074418759891278 	 Loss Classification: 0.089062 Loss T 0.103643 Method MME

S real T sketch Train Ep: 3400 lr0.008029183828623731 	 Loss Classification: 0.364739 Loss T 0.096246 Method MME

S real T sketch Train Ep: 3500 lr0.007984535821401871 	 Loss Classification: 0.094524 Loss T 0.101850 Method MME


Test set: Average loss: 1.7716, Accuracy: 15486/23808 F1 (65%)


Test set: Average loss: 1.4605, Accuracy: 238/360 F1 (66%)

best acc test 65.045363 best acc val 66.111111
record record/multi/MME/MME_net_resnet34_real_to_sketch_num_3
saving model...
S real T sketch Train Ep: 3600 lr0.007940462859307384 	 Loss Classification: 0.171889 Loss T 0.086268 Method MME

S real T sketch Train Ep: 3700 lr0.007896953388873518 	 Loss Classification: 0.167883 Loss T 0.086325 Method MME

S real T sketch Train Ep: 3800 lr0.007853996170872714 	 Loss Classification: 0.343909 Loss T 0.064444 Method MME

S real T sketch Train Ep: 3900 lr0.00781158026956848 	 Loss Classification: 0.137739 Loss T 0.057302 Method MME

S real T sketch Train Ep: 4000 lr0.007769695042409123 	 Loss Classification: 0.181542 Loss T 0.083770 Method MME


Test set: Average loss: 1.7919, Accuracy: 15612/23808 F1 (66%)


Test set: Average loss: 1.6059, Accuracy: 233/360 F1 (65%)

best acc test 65.045363 best acc val 64.722222
record record/multi/MME/MME_net_resnet34_real_to_sketch_num_3
saving model...
S real T sketch Train Ep: 4100 lr0.007728330130142108 	 Loss Classification: 0.097842 Loss T 0.101807 Method MME

S real T sketch Train Ep: 4200 lr0.007687475447329114 	 Loss Classification: 0.258246 Loss T 0.113913 Method MME

S real T sketch Train Ep: 4300 lr0.0076471211732427845 	 Loss Classification: 0.381301 Loss T 0.079304 Method MME

S real T sketch Train Ep: 4400 lr0.007607257743127307 	 Loss Classification: 0.365539 Loss T 0.083003 Method MME

S real T sketch Train Ep: 4500 lr0.007567875839805858 	 Loss Classification: 0.239848 Loss T 0.070748 Method MME


Test set: Average loss: 1.7838, Accuracy: 15739/23808 F1 (66%)


Test set: Average loss: 1.5400, Accuracy: 240/360 F1 (67%)

best acc test 66.108031 best acc val 66.666667
record record/multi/MME/MME_net_resnet34_real_to_sketch_num_3
saving model...
S real T sketch Train Ep: 4600 lr0.007528966385618854 	 Loss Classification: 0.316056 Loss T 0.083436 Method MME

S real T sketch Train Ep: 4700 lr0.007490520534677821 	 Loss Classification: 0.208612 Loss T 0.086408 Method MME

S real T sketch Train Ep: 4800 lr0.007452529665420465 	 Loss Classification: 0.265482 Loss T 0.082263 Method MME

S real T sketch Train Ep: 4900 lr0.007414985373453289 	 Loss Classification: 0.236467 Loss T 0.095194 Method MME

S real T sketch Train Ep: 5000 lr0.007377879464668811 	 Loss Classification: 0.235733 Loss T 0.073628 Method MME


Test set: Average loss: 1.7065, Accuracy: 15966/23808 F1 (67%)


Test set: Average loss: 1.5857, Accuracy: 236/360 F1 (66%)

best acc test 66.108031 best acc val 65.555556
record record/multi/MME/MME_net_resnet34_real_to_sketch_num_3
saving model...
S real T sketch Train Ep: 5100 lr0.007341203948625087 	 Loss Classification: 0.213230 Loss T 0.090116 Method MME

S real T sketch Train Ep: 5200 lr0.007304951032175895 	 Loss Classification: 0.262918 Loss T 0.110445 Method MME

S real T sketch Train Ep: 5300 lr0.007269113113340497 	 Loss Classification: 0.297358 Loss T 0.088328 Method MME

S real T sketch Train Ep: 5400 lr0.007233682775402483 	 Loss Classification: 0.095187 Loss T 0.102404 Method MME

S real T sketch Train Ep: 5500 lr0.007198652781227704 	 Loss Classification: 0.354833 Loss T 0.073515 Method MME


Test set: Average loss: 1.7386, Accuracy: 16010/23808 F1 (67%)


Test set: Average loss: 1.5308, Accuracy: 242/360 F1 (67%)

best acc test 67.246304 best acc val 67.222222
record record/multi/MME/MME_net_resnet34_real_to_sketch_num_3
saving model...
S real T sketch Train Ep: 5600 lr0.007164016067791809 	 Loss Classification: 0.368566 Loss T 0.063422 Method MME

S real T sketch Train Ep: 5700 lr0.0071297657409083726 	 Loss Classification: 0.275553 Loss T 0.075613 Method MME

S real T sketch Train Ep: 5800 lr0.0070958950701490225 	 Loss Classification: 0.246080 Loss T 0.070375 Method MME

S real T sketch Train Ep: 5900 lr0.007062397483947426 	 Loss Classification: 0.158004 Loss T 0.106843 Method MME

S real T sketch Train Ep: 6000 lr0.007029266564879363 	 Loss Classification: 0.291424 Loss T 0.090757 Method MME


Test set: Average loss: 1.7816, Accuracy: 15924/23808 F1 (67%)


Test set: Average loss: 1.4754, Accuracy: 244/360 F1 (68%)

best acc test 66.885081 best acc val 67.777778
record record/multi/MME/MME_net_resnet34_real_to_sketch_num_3
saving model...
S real T sketch Train Ep: 6100 lr0.006996496045111504 	 Loss Classification: 0.380179 Loss T 0.078177 Method MME

S real T sketch Train Ep: 6200 lr0.00696407980201184 	 Loss Classification: 0.126147 Loss T 0.054609 Method MME

S real T sketch Train Ep: 6300 lr0.006932011853915101 	 Loss Classification: 0.109573 Loss T 0.082739 Method MME

S real T sketch Train Ep: 6400 lr0.006900286356036734 	 Loss Classification: 0.246631 Loss T 0.058775 Method MME

S real T sketch Train Ep: 6500 lr0.006868897596529406 	 Loss Classification: 0.078896 Loss T 0.068078 Method MME


Test set: Average loss: 1.8239, Accuracy: 16039/23808 F1 (67%)


Test set: Average loss: 1.5975, Accuracy: 235/360 F1 (65%)

best acc test 66.885081 best acc val 65.277778
record record/multi/MME/MME_net_resnet34_real_to_sketch_num_3
saving model...
S real T sketch Train Ep: 6600 lr0.006837839992676177 	 Loss Classification: 0.087866 Loss T 0.060567 Method MME

S real T sketch Train Ep: 6700 lr0.006807108087214876 	 Loss Classification: 0.205687 Loss T 0.069401 Method MME

S real T sketch Train Ep: 6800 lr0.006776696544788352 	 Loss Classification: 0.219315 Loss T 0.073336 Method MME

S real T sketch Train Ep: 6900 lr0.006746600148515609 	 Loss Classification: 0.156348 Loss T 0.066874 Method MME

S real T sketch Train Ep: 7000 lr0.006716813796678979 	 Loss Classification: 0.143586 Loss T 0.049936 Method MME


Test set: Average loss: 1.8279, Accuracy: 16068/23808 F1 (67%)


Test set: Average loss: 1.4988, Accuracy: 247/360 F1 (69%)

best acc test 67.489919 best acc val 68.611111
record record/multi/MME/MME_net_resnet34_real_to_sketch_num_3
saving model...
S real T sketch Train Ep: 7100 lr0.006687332499522798 	 Loss Classification: 0.155252 Loss T 0.090906 Method MME

S real T sketch Train Ep: 7200 lr0.006658151376159165 	 Loss Classification: 0.323929 Loss T 0.080801 Method MME

S real T sketch Train Ep: 7300 lr0.00662926565157663 	 Loss Classification: 0.155654 Loss T 0.066102 Method MME

S real T sketch Train Ep: 7400 lr0.006600670653747793 	 Loss Classification: 0.062024 Loss T 0.072616 Method MME

S real T sketch Train Ep: 7500 lr0.0065723618108320175 	 Loss Classification: 0.180220 Loss T 0.069442 Method MME


Test set: Average loss: 1.8316, Accuracy: 16102/23808 F1 (68%)


Test set: Average loss: 1.5643, Accuracy: 239/360 F1 (66%)

best acc test 67.489919 best acc val 66.388889
record record/multi/MME/MME_net_resnet34_real_to_sketch_num_3
saving model...
S real T sketch Train Ep: 7600 lr0.006544334648469591 	 Loss Classification: 0.310842 Loss T 0.058829 Method MME

S real T sketch Train Ep: 7700 lr0.006516584787163857 	 Loss Classification: 0.146424 Loss T 0.067314 Method MME

S real T sketch Train Ep: 7800 lr0.006489107939747966 	 Loss Classification: 0.100150 Loss T 0.066998 Method MME

S real T sketch Train Ep: 7900 lr0.0064618999089330565 	 Loss Classification: 0.203659 Loss T 0.057978 Method MME

S real T sketch Train Ep: 8000 lr0.006434956584934828 	 Loss Classification: 0.356295 Loss T 0.067106 Method MME


Test set: Average loss: 1.8063, Accuracy: 16236/23808 F1 (68%)


Test set: Average loss: 1.5778, Accuracy: 243/360 F1 (68%)

best acc test 67.489919 best acc val 67.500000
record record/multi/MME/MME_net_resnet34_real_to_sketch_num_3
saving model...
S real T sketch Train Ep: 8100 lr0.006408273943175546 	 Loss Classification: 0.124210 Loss T 0.072640 Method MME

S real T sketch Train Ep: 8200 lr0.006381848042058713 	 Loss Classification: 0.097291 Loss T 0.047459 Method MME

S real T sketch Train Ep: 8300 lr0.0063556750208137005 	 Loss Classification: 0.118624 Loss T 0.066099 Method MME

S real T sketch Train Ep: 8400 lr0.006329751097407787 	 Loss Classification: 0.237306 Loss T 0.043649 Method MME

S real T sketch Train Ep: 8500 lr0.0063040725665231365 	 Loss Classification: 0.309780 Loss T 0.042219 Method MME


Test set: Average loss: 1.8127, Accuracy: 16336/23808 F1 (69%)


Test set: Average loss: 1.4714, Accuracy: 249/360 F1 (69%)

best acc test 68.615591 best acc val 69.166667
record record/multi/MME/MME_net_resnet34_real_to_sketch_num_3
saving model...
S real T sketch Train Ep: 8600 lr0.006278635797596355 	 Loss Classification: 0.138730 Loss T 0.058409 Method MME

S real T sketch Train Ep: 8700 lr0.006253437232918371 	 Loss Classification: 0.149836 Loss T 0.032378 Method MME

S real T sketch Train Ep: 8800 lr0.0062284733857924735 	 Loss Classification: 0.188011 Loss T 0.087295 Method MME

S real T sketch Train Ep: 8900 lr0.006203740838748417 	 Loss Classification: 0.344890 Loss T 0.043411 Method MME

S real T sketch Train Ep: 9000 lr0.006179236241810624 	 Loss Classification: 0.136000 Loss T 0.077428 Method MME


Test set: Average loss: 1.8473, Accuracy: 16265/23808 F1 (68%)


Test set: Average loss: 1.6479, Accuracy: 245/360 F1 (68%)

best acc test 68.615591 best acc val 68.055556
record record/multi/MME/MME_net_resnet34_real_to_sketch_num_3
saving model...
S real T sketch Train Ep: 9100 lr0.006154956310818535 	 Loss Classification: 0.166390 Loss T 0.062506 Method MME

S real T sketch Train Ep: 9200 lr0.0061308978257973165 	 Loss Classification: 0.250183 Loss T 0.039839 Method MME

S real T sketch Train Ep: 9300 lr0.0061070576293771285 	 Loss Classification: 0.092435 Loss T 0.040159 Method MME

S real T sketch Train Ep: 9400 lr0.006083432625259276 	 Loss Classification: 0.119486 Loss T 0.050660 Method MME

S real T sketch Train Ep: 9500 lr0.006060019776727621 	 Loss Classification: 0.162303 Loss T 0.065829 Method MME


Test set: Average loss: 1.8452, Accuracy: 16304/23808 F1 (68%)


Test set: Average loss: 1.4739, Accuracy: 252/360 F1 (70%)

best acc test 68.481183 best acc val 70.000000
record record/multi/MME/MME_net_resnet34_real_to_sketch_num_3
saving model...
S real T sketch Train Ep: 9600 lr0.00603681610520369 	 Loss Classification: 0.345843 Loss T 0.032563 Method MME

S real T sketch Train Ep: 9700 lr0.0060138186888439825 	 Loss Classification: 0.177831 Loss T 0.059201 Method MME

S real T sketch Train Ep: 9800 lr0.005991024661178045 	 Loss Classification: 0.078423 Loss T 0.060585 Method MME

S real T sketch Train Ep: 9900 lr0.0059684312097859115 	 Loss Classification: 0.232146 Loss T 0.048621 Method MME

S real T sketch Train Ep: 10000 lr0.005946035575013605 	 Loss Classification: 0.122503 Loss T 0.041274 Method MME


Test set: Average loss: 1.8437, Accuracy: 16365/23808 F1 (69%)


Test set: Average loss: 1.6003, Accuracy: 239/360 F1 (66%)

best acc test 68.481183 best acc val 66.388889
record record/multi/MME/MME_net_resnet34_real_to_sketch_num_3
saving model...
S real T sketch Train Ep: 10100 lr0.005923835048725393 	 Loss Classification: 0.102863 Loss T 0.052425 Method MME

S real T sketch Train Ep: 10200 lr0.005901826973091593 	 Loss Classification: 0.126117 Loss T 0.042725 Method MME

S real T sketch Train Ep: 10300 lr0.005880008739410735 	 Loss Classification: 0.102957 Loss T 0.038587 Method MME

S real T sketch Train Ep: 10400 lr0.005858377786964935 	 Loss Classification: 0.073440 Loss T 0.064096 Method MME

S real T sketch Train Ep: 10500 lr0.005836931601907399 	 Loss Classification: 0.163482 Loss T 0.053788 Method MME


Test set: Average loss: 1.8683, Accuracy: 16346/23808 F1 (69%)


Test set: Average loss: 1.5039, Accuracy: 250/360 F1 (69%)

best acc test 68.481183 best acc val 69.444444
record record/multi/MME/MME_net_resnet34_real_to_sketch_num_3
saving model...
S real T sketch Train Ep: 10600 lr0.005815667716181004 	 Loss Classification: 0.153490 Loss T 0.042420 Method MME

S real T sketch Train Ep: 10700 lr0.005794583706466925 	 Loss Classification: 0.160595 Loss T 0.048991 Method MME

S real T sketch Train Ep: 10800 lr0.005773677193162352 	 Loss Classification: 0.320126 Loss T 0.047442 Method MME

S real T sketch Train Ep: 10900 lr0.005752945839386346 	 Loss Classification: 0.197952 Loss T 0.036675 Method MME

S real T sketch Train Ep: 11000 lr0.005732387350012933 	 Loss Classification: 0.123988 Loss T 0.032674 Method MME


Test set: Average loss: 1.9122, Accuracy: 16318/23808 F1 (69%)


Test set: Average loss: 1.6001, Accuracy: 245/360 F1 (68%)

best acc test 68.481183 best acc val 68.055556
record record/multi/MME/MME_net_resnet34_real_to_sketch_num_3
saving model...
S real T sketch Train Ep: 11100 lr0.005711999470730565 	 Loss Classification: 0.301852 Loss T 0.050083 Method MME

S real T sketch Train Ep: 11200 lr0.005691779987127103 	 Loss Classification: 0.134164 Loss T 0.033612 Method MME

S real T sketch Train Ep: 11300 lr0.005671726723799515 	 Loss Classification: 0.121827 Loss T 0.057311 Method MME

S real T sketch Train Ep: 11400 lr0.005651837543487509 	 Loss Classification: 0.129549 Loss T 0.047329 Method MME

S real T sketch Train Ep: 11500 lr0.005632110346230358 	 Loss Classification: 0.188446 Loss T 0.046787 Method MME


Test set: Average loss: 1.8853, Accuracy: 16414/23808 F1 (69%)


Test set: Average loss: 1.5170, Accuracy: 242/360 F1 (67%)

best acc test 68.481183 best acc val 67.222222
record record/multi/MME/MME_net_resnet34_real_to_sketch_num_3
saving model...
S real T sketch Train Ep: 11600 lr0.005612543068546177 	 Loss Classification: 0.102586 Loss T 0.046479 Method MME

S real T sketch Train Ep: 11700 lr0.005593133682632953 	 Loss Classification: 0.274425 Loss T 0.035865 Method MME

S real T sketch Train Ep: 11800 lr0.005573880195590681 	 Loss Classification: 0.046056 Loss T 0.040285 Method MME

S real T sketch Train Ep: 11900 lr0.0055547806486639095 	 Loss Classification: 0.306991 Loss T 0.030877 Method MME

S real T sketch Train Ep: 12000 lr0.005535833116504121 	 Loss Classification: 0.187597 Loss T 0.053080 Method MME


Test set: Average loss: 1.9326, Accuracy: 16374/23808 F1 (69%)


Test set: Average loss: 1.5288, Accuracy: 252/360 F1 (70%)

best acc test 68.775202 best acc val 70.000000
record record/multi/MME/MME_net_resnet34_real_to_sketch_num_3
saving model...
S real T sketch Train Ep: 12100 lr0.00551703570645129 	 Loss Classification: 0.054573 Loss T 0.031908 Method MME

S real T sketch Train Ep: 12200 lr0.005498386557834078 	 Loss Classification: 0.321190 Loss T 0.043234 Method MME

S real T sketch Train Ep: 12300 lr0.00547988384128807 	 Loss Classification: 0.107122 Loss T 0.034137 Method MME

S real T sketch Train Ep: 12400 lr0.005461525758091539 	 Loss Classification: 0.036756 Loss T 0.037033 Method MME

S real T sketch Train Ep: 12500 lr0.005443310539518174 	 Loss Classification: 0.105713 Loss T 0.049420 Method MME


Test set: Average loss: 1.9192, Accuracy: 16448/23808 F1 (69%)


Test set: Average loss: 1.6469, Accuracy: 241/360 F1 (67%)

best acc test 68.775202 best acc val 66.944444
record record/multi/MME/MME_net_resnet34_real_to_sketch_num_3
saving model...
S real T sketch Train Ep: 12600 lr0.005425236446206295 	 Loss Classification: 0.118927 Loss T 0.050253 Method MME

S real T sketch Train Ep: 12700 lr0.005407301767544059 	 Loss Classification: 0.191931 Loss T 0.040325 Method MME

S real T sketch Train Ep: 12800 lr0.005389504821070177 	 Loss Classification: 0.300864 Loss T 0.052639 Method MME

S real T sketch Train Ep: 12900 lr0.005371843951889677 	 Loss Classification: 0.026800 Loss T 0.043425 Method MME

S real T sketch Train Ep: 13000 lr0.0053543175321042955 	 Loss Classification: 0.078023 Loss T 0.036612 Method MME


Test set: Average loss: 1.9643, Accuracy: 16396/23808 F1 (69%)


Test set: Average loss: 1.6413, Accuracy: 238/360 F1 (66%)

best acc test 68.775202 best acc val 66.111111
record record/multi/MME/MME_net_resnet34_real_to_sketch_num_3
saving model...
S real T sketch Train Ep: 13100 lr0.005336923960257046 	 Loss Classification: 0.102326 Loss T 0.036312 Method MME

S real T sketch Train Ep: 13200 lr0.0053196616607905645 	 Loss Classification: 0.175139 Loss T 0.031041 Method MME

S real T sketch Train Ep: 13300 lr0.0053025290835188275 	 Loss Classification: 0.219662 Loss T 0.046062 Method MME

S real T sketch Train Ep: 13400 lr0.005285524703111859 	 Loss Classification: 0.087966 Loss T 0.018546 Method MME

S real T sketch Train Ep: 13500 lr0.005268647018593052 	 Loss Classification: 0.098458 Loss T 0.032501 Method MME


Test set: Average loss: 1.9797, Accuracy: 16412/23808 F1 (69%)


Test set: Average loss: 1.6978, Accuracy: 236/360 F1 (66%)

best acc test 68.775202 best acc val 65.555556
record record/multi/MME/MME_net_resnet34_real_to_sketch_num_3
saving model...
S real T sketch Train Ep: 13600 lr0.005251894552848747 	 Loss Classification: 0.106833 Loss T 0.036898 Method MME

S real T sketch Train Ep: 13700 lr0.005235265852149712 	 Loss Classification: 0.026839 Loss T 0.031469 Method MME

S real T sketch Train Ep: 13800 lr0.005218759485684187 	 Loss Classification: 0.237670 Loss T 0.055821 Method MME

S real T sketch Train Ep: 13900 lr0.005202374045102174 	 Loss Classification: 0.190500 Loss T 0.038326 Method MME

S real T sketch Train Ep: 14000 lr0.005186108144070652 	 Loss Classification: 0.211793 Loss T 0.030418 Method MME


Test set: Average loss: 2.0124, Accuracy: 16365/23808 F1 (69%)


Test set: Average loss: 1.7564, Accuracy: 242/360 F1 (67%)

best acc test 68.775202 best acc val 67.222222
record record/multi/MME/MME_net_resnet34_real_to_sketch_num_3
saving model...
S real T sketch Train Ep: 14100 lr0.005169960417839403 	 Loss Classification: 0.249154 Loss T 0.057947 Method MME

S real T sketch Train Ep: 14200 lr0.005153929522817161 	 Loss Classification: 0.031848 Loss T 0.039729 Method MME

S real T sketch Train Ep: 14300 lr0.005138014136157799 	 Loss Classification: 0.029365 Loss T 0.067071 Method MME

S real T sketch Train Ep: 14400 lr0.005122212955356274 	 Loss Classification: 0.071937 Loss T 0.047952 Method MME

S real T sketch Train Ep: 14500 lr0.005106524697854057 	 Loss Classification: 0.280050 Loss T 0.046960 Method MME


Test set: Average loss: 1.9372, Accuracy: 16478/23808 F1 (69%)


Test set: Average loss: 1.6105, Accuracy: 243/360 F1 (68%)

best acc test 68.775202 best acc val 67.500000
record record/multi/MME/MME_net_resnet34_real_to_sketch_num_3
saving model...
S real T sketch Train Ep: 14600 lr0.005090948100653781 	 Loss Classification: 0.176650 Loss T 0.044515 Method MME

S real T sketch Train Ep: 14700 lr0.0050754819199428855 	 Loss Classification: 0.104404 Loss T 0.033999 Method MME

S real T sketch Train Ep: 14800 lr0.005060124930725974 	 Loss Classification: 0.154145 Loss T 0.034046 Method MME

S real T sketch Train Ep: 14900 lr0.00504487592646567 	 Loss Classification: 0.145374 Loss T 0.043614 Method MME

S real T sketch Train Ep: 15000 lr0.005029733718731741 	 Loss Classification: 0.026307 Loss T 0.031548 Method MME


Test set: Average loss: 2.0425, Accuracy: 16405/23808 F1 (69%)


Test set: Average loss: 1.6749, Accuracy: 240/360 F1 (67%)

