Dataset multi Source real Target sketch Labeled num perclass 3 Network resnet34
126 classes in this dataset
THCudaCheck FAIL file=/opt/conda/conda-bld/pytorch_1535493744281/work/aten/src/THC/THCGeneral.cpp line=663 error=11 : invalid argument
S real T sketch Train Ep: 0 lr0.01 	 Loss Classification: 2.451494 Loss T 0.245401 Method MME

S real T sketch Train Ep: 100 lr0.009925650290240803 	 Loss Classification: 1.191541 Loss T 0.244577 Method MME

S real T sketch Train Ep: 200 lr0.009852577760521605 	 Loss Classification: 0.505627 Loss T 0.218971 Method MME

S real T sketch Train Ep: 300 lr0.009780748269686728 	 Loss Classification: 0.773346 Loss T 0.215128 Method MME

S real T sketch Train Ep: 400 lr0.009710128909124701 	 Loss Classification: 0.647799 Loss T 0.193553 Method MME

S real T sketch Train Ep: 500 lr0.00964068794694323 	 Loss Classification: 0.405893 Loss T 0.190984 Method MME


Test set: Average loss: 2.4312, Accuracy: 11959/23808 F1 (50%)


Test set: Average loss: 2.1982, Accuracy: 188/360 F1 (52%)

best acc test 50.231015 best acc val 52.222222
record record/multi/MME/MME_net_resnet34_real_to_sketch_num_3
saving model
S real T sketch Train Ep: 600 lr0.00957239477517603 	 Loss Classification: 0.522607 Loss T 0.169457 Method MME

S real T sketch Train Ep: 700 lr0.009505219859830012 	 Loss Classification: 0.406800 Loss T 0.190255 Method MME

S real T sketch Train Ep: 800 lr0.009439134693595126 	 Loss Classification: 0.756321 Loss T 0.161597 Method MME

S real T sketch Train Ep: 900 lr0.009374111751051751 	 Loss Classification: 0.345398 Loss T 0.156949 Method MME

S real T sketch Train Ep: 1000 lr0.009310124446222227 	 Loss Classification: 0.520693 Loss T 0.189181 Method MME


Test set: Average loss: 2.1858, Accuracy: 12839/23808 F1 (53%)


Test set: Average loss: 2.0861, Accuracy: 194/360 F1 (53%)

best acc test 53.927251 best acc val 53.888889
record record/multi/MME/MME_net_resnet34_real_to_sketch_num_3
saving model
S real T sketch Train Ep: 1100 lr0.00924714709232377 	 Loss Classification: 0.698261 Loss T 0.158372 Method MME

S real T sketch Train Ep: 1200 lr0.009185154863590003 	 Loss Classification: 0.493547 Loss T 0.154100 Method MME

S real T sketch Train Ep: 1300 lr0.00912412375903735 	 Loss Classification: 0.285629 Loss T 0.182690 Method MME

S real T sketch Train Ep: 1400 lr0.009064030568061049 	 Loss Classification: 0.360214 Loss T 0.163897 Method MME

S real T sketch Train Ep: 1500 lr0.009004852837753237 	 Loss Classification: 0.437526 Loss T 0.147995 Method MME


Test set: Average loss: 2.1840, Accuracy: 13016/23808 F1 (54%)


Test set: Average loss: 2.1158, Accuracy: 197/360 F1 (54%)

best acc test 54.670699 best acc val 54.722222
record record/multi/MME/MME_net_resnet34_real_to_sketch_num_3
saving model
S real T sketch Train Ep: 1600 lr0.008946568841842816 	 Loss Classification: 0.586336 Loss T 0.179083 Method MME

S real T sketch Train Ep: 1700 lr0.008889157551163433 	 Loss Classification: 0.402404 Loss T 0.152307 Method MME

S real T sketch Train Ep: 1800 lr0.008832598605562044 	 Loss Classification: 0.276113 Loss T 0.164115 Method MME

S real T sketch Train Ep: 1900 lr0.008776872287166303 	 Loss Classification: 0.308584 Loss T 0.137452 Method MME

S real T sketch Train Ep: 2000 lr0.008721959494934213 	 Loss Classification: 0.313890 Loss T 0.183176 Method MME


Test set: Average loss: 2.1147, Accuracy: 13499/23808 F1 (56%)


Test set: Average loss: 1.9815, Accuracy: 207/360 F1 (57%)

best acc test 56.699429 best acc val 57.500000
record record/multi/MME/MME_net_resnet34_real_to_sketch_num_3
saving model
S real T sketch Train Ep: 2100 lr0.008667841720414475 	 Loss Classification: 0.387873 Loss T 0.172518 Method MME

S real T sketch Train Ep: 2200 lr0.008614501024650454 	 Loss Classification: 0.301749 Loss T 0.165074 Method MME

S real T sketch Train Ep: 2300 lr0.008561920016164943 	 Loss Classification: 0.240920 Loss T 0.164004 Method MME

S real T sketch Train Ep: 2400 lr0.008510081829966844 	 Loss Classification: 0.483575 Loss T 0.155682 Method MME

S real T sketch Train Ep: 2500 lr0.008458970107524513 	 Loss Classification: 0.736874 Loss T 0.168806 Method MME


Test set: Average loss: 2.0843, Accuracy: 13716/23808 F1 (57%)


Test set: Average loss: 1.8303, Accuracy: 219/360 F1 (60%)

best acc test 57.610887 best acc val 60.833333
record record/multi/MME/MME_net_resnet34_real_to_sketch_num_3
saving model
S real T sketch Train Ep: 2600 lr0.008408568977653933 	 Loss Classification: 0.110014 Loss T 0.150391 Method MME

S real T sketch Train Ep: 2700 lr0.00835886303827305 	 Loss Classification: 0.596432 Loss T 0.176059 Method MME

S real T sketch Train Ep: 2800 lr0.008309837338976545 	 Loss Classification: 0.376685 Loss T 0.134287 Method MME

S real T sketch Train Ep: 2900 lr0.008261477364388068 	 Loss Classification: 0.127414 Loss T 0.168336 Method MME

S real T sketch Train Ep: 3000 lr0.008213769018249545 	 Loss Classification: 0.542277 Loss T 0.125255 Method MME


Test set: Average loss: 2.0893, Accuracy: 13891/23808 F1 (58%)


Test set: Average loss: 1.8647, Accuracy: 213/360 F1 (59%)

best acc test 57.610887 best acc val 59.166667
record record/multi/MME/MME_net_resnet34_real_to_sketch_num_3
saving model
S real T sketch Train Ep: 3100 lr0.008166698608209509 	 Loss Classification: 0.347931 Loss T 0.156111 Method MME

S real T sketch Train Ep: 3200 lr0.008120252831274708 	 Loss Classification: 0.374768 Loss T 0.138562 Method MME

S real T sketch Train Ep: 3300 lr0.008074418759891278 	 Loss Classification: 0.440967 Loss T 0.138532 Method MME

S real T sketch Train Ep: 3400 lr0.008029183828623731 	 Loss Classification: 0.291338 Loss T 0.151860 Method MME

S real T sketch Train Ep: 3500 lr0.007984535821401871 	 Loss Classification: 0.344047 Loss T 0.178874 Method MME


Test set: Average loss: 2.1518, Accuracy: 13924/23808 F1 (58%)


Test set: Average loss: 1.9314, Accuracy: 218/360 F1 (60%)

best acc test 57.610887 best acc val 60.555556
record record/multi/MME/MME_net_resnet34_real_to_sketch_num_3
saving model
S real T sketch Train Ep: 3600 lr0.007940462859307384 	 Loss Classification: 0.363451 Loss T 0.151244 Method MME

S real T sketch Train Ep: 3700 lr0.007896953388873518 	 Loss Classification: 0.346073 Loss T 0.135459 Method MME

S real T sketch Train Ep: 3800 lr0.007853996170872714 	 Loss Classification: 0.143184 Loss T 0.143437 Method MME

S real T sketch Train Ep: 3900 lr0.00781158026956848 	 Loss Classification: 0.135924 Loss T 0.152063 Method MME

S real T sketch Train Ep: 4000 lr0.007769695042409123 	 Loss Classification: 0.475433 Loss T 0.145192 Method MME


Test set: Average loss: 2.1264, Accuracy: 14024/23808 F1 (58%)


Test set: Average loss: 1.8734, Accuracy: 219/360 F1 (60%)

best acc test 58.904570 best acc val 60.833333
record record/multi/MME/MME_net_resnet34_real_to_sketch_num_3
saving model
S real T sketch Train Ep: 4100 lr0.007728330130142108 	 Loss Classification: 0.167061 Loss T 0.185244 Method MME

S real T sketch Train Ep: 4200 lr0.007687475447329114 	 Loss Classification: 0.396335 Loss T 0.101051 Method MME

S real T sketch Train Ep: 4300 lr0.0076471211732427845 	 Loss Classification: 0.207488 Loss T 0.139947 Method MME

S real T sketch Train Ep: 4400 lr0.007607257743127307 	 Loss Classification: 0.388956 Loss T 0.123171 Method MME

S real T sketch Train Ep: 4500 lr0.007567875839805858 	 Loss Classification: 0.365889 Loss T 0.126430 Method MME


Test set: Average loss: 2.1403, Accuracy: 14079/23808 F1 (59%)


Test set: Average loss: 1.9607, Accuracy: 216/360 F1 (60%)

best acc test 58.904570 best acc val 60.000000
record record/multi/MME/MME_net_resnet34_real_to_sketch_num_3
saving model
S real T sketch Train Ep: 4600 lr0.007528966385618854 	 Loss Classification: 0.425140 Loss T 0.125854 Method MME

S real T sketch Train Ep: 4700 lr0.007490520534677821 	 Loss Classification: 0.282510 Loss T 0.116745 Method MME

S real T sketch Train Ep: 4800 lr0.007452529665420465 	 Loss Classification: 0.324791 Loss T 0.144079 Method MME

S real T sketch Train Ep: 4900 lr0.007414985373453289 	 Loss Classification: 0.313071 Loss T 0.149187 Method MME

S real T sketch Train Ep: 5000 lr0.007377879464668811 	 Loss Classification: 0.191751 Loss T 0.154584 Method MME


Test set: Average loss: 2.0775, Accuracy: 14239/23808 F1 (59%)


Test set: Average loss: 1.8469, Accuracy: 218/360 F1 (60%)

best acc test 58.904570 best acc val 60.555556
record record/multi/MME/MME_net_resnet34_real_to_sketch_num_3
saving model
S real T sketch Train Ep: 5100 lr0.007341203948625087 	 Loss Classification: 0.466627 Loss T 0.115571 Method MME

S real T sketch Train Ep: 5200 lr0.007304951032175895 	 Loss Classification: 0.576850 Loss T 0.128898 Method MME

S real T sketch Train Ep: 5300 lr0.007269113113340497 	 Loss Classification: 0.498893 Loss T 0.129566 Method MME

S real T sketch Train Ep: 5400 lr0.007233682775402483 	 Loss Classification: 0.414998 Loss T 0.155778 Method MME

S real T sketch Train Ep: 5500 lr0.007198652781227704 	 Loss Classification: 0.303338 Loss T 0.127325 Method MME


Test set: Average loss: 2.1190, Accuracy: 14280/23808 F1 (59%)


Test set: Average loss: 1.8005, Accuracy: 226/360 F1 (62%)

best acc test 59.979839 best acc val 62.777778
record record/multi/MME/MME_net_resnet34_real_to_sketch_num_3
saving model
S real T sketch Train Ep: 5600 lr0.007164016067791809 	 Loss Classification: 0.380940 Loss T 0.126352 Method MME

S real T sketch Train Ep: 5700 lr0.0071297657409083726 	 Loss Classification: 0.328693 Loss T 0.155340 Method MME

S real T sketch Train Ep: 5800 lr0.0070958950701490225 	 Loss Classification: 0.181926 Loss T 0.139159 Method MME

S real T sketch Train Ep: 5900 lr0.007062397483947426 	 Loss Classification: 0.252072 Loss T 0.125719 Method MME

S real T sketch Train Ep: 6000 lr0.007029266564879363 	 Loss Classification: 0.380594 Loss T 0.150223 Method MME


Test set: Average loss: 2.1018, Accuracy: 14417/23808 F1 (60%)


Test set: Average loss: 1.8412, Accuracy: 224/360 F1 (62%)

best acc test 59.979839 best acc val 62.222222
record record/multi/MME/MME_net_resnet34_real_to_sketch_num_3
saving model
S real T sketch Train Ep: 6100 lr0.006996496045111504 	 Loss Classification: 0.396993 Loss T 0.097082 Method MME

S real T sketch Train Ep: 6200 lr0.00696407980201184 	 Loss Classification: 0.144391 Loss T 0.123441 Method MME

S real T sketch Train Ep: 6300 lr0.006932011853915101 	 Loss Classification: 0.303948 Loss T 0.145590 Method MME

S real T sketch Train Ep: 6400 lr0.006900286356036734 	 Loss Classification: 0.263331 Loss T 0.130753 Method MME

S real T sketch Train Ep: 6500 lr0.006868897596529406 	 Loss Classification: 0.281298 Loss T 0.097607 Method MME


Test set: Average loss: 2.1330, Accuracy: 14504/23808 F1 (60%)


Test set: Average loss: 1.8469, Accuracy: 225/360 F1 (62%)

best acc test 59.979839 best acc val 62.500000
record record/multi/MME/MME_net_resnet34_real_to_sketch_num_3
saving model
S real T sketch Train Ep: 6600 lr0.006837839992676177 	 Loss Classification: 0.198246 Loss T 0.093373 Method MME

S real T sketch Train Ep: 6700 lr0.006807108087214876 	 Loss Classification: 0.260869 Loss T 0.116747 Method MME

S real T sketch Train Ep: 6800 lr0.006776696544788352 	 Loss Classification: 0.114225 Loss T 0.140086 Method MME

S real T sketch Train Ep: 6900 lr0.006746600148515609 	 Loss Classification: 0.357235 Loss T 0.114619 Method MME

S real T sketch Train Ep: 7000 lr0.006716813796678979 	 Loss Classification: 0.175066 Loss T 0.141953 Method MME


Test set: Average loss: 2.1665, Accuracy: 14426/23808 F1 (60%)


Test set: Average loss: 1.8171, Accuracy: 231/360 F1 (64%)

best acc test 60.593078 best acc val 64.166667
record record/multi/MME/MME_net_resnet34_real_to_sketch_num_3
saving model
S real T sketch Train Ep: 7100 lr0.006687332499522798 	 Loss Classification: 0.349029 Loss T 0.095122 Method MME

S real T sketch Train Ep: 7200 lr0.006658151376159165 	 Loss Classification: 0.310810 Loss T 0.142669 Method MME

S real T sketch Train Ep: 7300 lr0.00662926565157663 	 Loss Classification: 0.235673 Loss T 0.118056 Method MME

S real T sketch Train Ep: 7400 lr0.006600670653747793 	 Loss Classification: 0.204339 Loss T 0.113335 Method MME

S real T sketch Train Ep: 7500 lr0.0065723618108320175 	 Loss Classification: 0.284291 Loss T 0.106577 Method MME


Test set: Average loss: 2.1943, Accuracy: 14467/23808 F1 (60%)


Test set: Average loss: 1.8633, Accuracy: 234/360 F1 (65%)

best acc test 60.765289 best acc val 65.000000
record record/multi/MME/MME_net_resnet34_real_to_sketch_num_3
saving model
S real T sketch Train Ep: 7600 lr0.006544334648469591 	 Loss Classification: 0.297693 Loss T 0.132659 Method MME

S real T sketch Train Ep: 7700 lr0.006516584787163857 	 Loss Classification: 0.271734 Loss T 0.102657 Method MME

S real T sketch Train Ep: 7800 lr0.006489107939747966 	 Loss Classification: 0.524903 Loss T 0.121952 Method MME

S real T sketch Train Ep: 7900 lr0.0064618999089330565 	 Loss Classification: 0.424059 Loss T 0.109670 Method MME

S real T sketch Train Ep: 8000 lr0.006434956584934828 	 Loss Classification: 0.150340 Loss T 0.130107 Method MME


Test set: Average loss: 2.1412, Accuracy: 14460/23808 F1 (60%)


Test set: Average loss: 1.8691, Accuracy: 227/360 F1 (63%)

best acc test 60.765289 best acc val 63.055556
record record/multi/MME/MME_net_resnet34_real_to_sketch_num_3
saving model
S real T sketch Train Ep: 8100 lr0.006408273943175546 	 Loss Classification: 0.327833 Loss T 0.104332 Method MME

S real T sketch Train Ep: 8200 lr0.006381848042058713 	 Loss Classification: 0.300461 Loss T 0.126660 Method MME

S real T sketch Train Ep: 8300 lr0.0063556750208137005 	 Loss Classification: 0.230850 Loss T 0.135723 Method MME

S real T sketch Train Ep: 8400 lr0.006329751097407787 	 Loss Classification: 0.274210 Loss T 0.116339 Method MME

S real T sketch Train Ep: 8500 lr0.0063040725665231365 	 Loss Classification: 0.180917 Loss T 0.108611 Method MME


Test set: Average loss: 2.1408, Accuracy: 14617/23808 F1 (61%)


Test set: Average loss: 1.9350, Accuracy: 229/360 F1 (63%)

best acc test 60.765289 best acc val 63.611111
record record/multi/MME/MME_net_resnet34_real_to_sketch_num_3
saving model
S real T sketch Train Ep: 8600 lr0.006278635797596355 	 Loss Classification: 0.232795 Loss T 0.116882 Method MME

S real T sketch Train Ep: 8700 lr0.006253437232918371 	 Loss Classification: 0.179916 Loss T 0.091749 Method MME

S real T sketch Train Ep: 8800 lr0.0062284733857924735 	 Loss Classification: 0.133126 Loss T 0.122890 Method MME

S real T sketch Train Ep: 8900 lr0.006203740838748417 	 Loss Classification: 0.093575 Loss T 0.109355 Method MME

S real T sketch Train Ep: 9000 lr0.006179236241810624 	 Loss Classification: 0.255735 Loss T 0.110219 Method MME


Test set: Average loss: 2.2232, Accuracy: 14587/23808 F1 (61%)


Test set: Average loss: 1.8808, Accuracy: 235/360 F1 (65%)

best acc test 61.269321 best acc val 65.277778
record record/multi/MME/MME_net_resnet34_real_to_sketch_num_3
saving model
S real T sketch Train Ep: 9100 lr0.006154956310818535 	 Loss Classification: 0.195968 Loss T 0.081142 Method MME

S real T sketch Train Ep: 9200 lr0.0061308978257973165 	 Loss Classification: 0.068917 Loss T 0.117911 Method MME

S real T sketch Train Ep: 9300 lr0.0061070576293771285 	 Loss Classification: 0.144295 Loss T 0.105454 Method MME

S real T sketch Train Ep: 9400 lr0.006083432625259276 	 Loss Classification: 0.178805 Loss T 0.094549 Method MME

S real T sketch Train Ep: 9500 lr0.006060019776727621 	 Loss Classification: 0.180949 Loss T 0.113891 Method MME


Test set: Average loss: 2.1730, Accuracy: 14649/23808 F1 (61%)


Test set: Average loss: 1.9731, Accuracy: 229/360 F1 (63%)

best acc test 61.269321 best acc val 63.611111
record record/multi/MME/MME_net_resnet34_real_to_sketch_num_3
saving model
S real T sketch Train Ep: 9600 lr0.00603681610520369 	 Loss Classification: 0.236304 Loss T 0.113352 Method MME

S real T sketch Train Ep: 9700 lr0.0060138186888439825 	 Loss Classification: 0.249661 Loss T 0.113853 Method MME

S real T sketch Train Ep: 9800 lr0.005991024661178045 	 Loss Classification: 0.178270 Loss T 0.109718 Method MME

S real T sketch Train Ep: 9900 lr0.0059684312097859115 	 Loss Classification: 0.326347 Loss T 0.111801 Method MME

S real T sketch Train Ep: 10000 lr0.005946035575013605 	 Loss Classification: 0.275302 Loss T 0.095946 Method MME


Test set: Average loss: 2.2159, Accuracy: 14561/23808 F1 (61%)


Test set: Average loss: 2.0576, Accuracy: 228/360 F1 (63%)

best acc test 61.269321 best acc val 63.333333
record record/multi/MME/MME_net_resnet34_real_to_sketch_num_3
saving model
S real T sketch Train Ep: 10100 lr0.005923835048725393 	 Loss Classification: 0.282837 Loss T 0.086376 Method MME

S real T sketch Train Ep: 10200 lr0.005901826973091593 	 Loss Classification: 0.220335 Loss T 0.101997 Method MME

S real T sketch Train Ep: 10300 lr0.005880008739410735 	 Loss Classification: 0.150204 Loss T 0.107921 Method MME

S real T sketch Train Ep: 10400 lr0.005858377786964935 	 Loss Classification: 0.271945 Loss T 0.102794 Method MME

S real T sketch Train Ep: 10500 lr0.005836931601907399 	 Loss Classification: 0.398460 Loss T 0.075934 Method MME


Test set: Average loss: 2.2112, Accuracy: 14565/23808 F1 (61%)


Test set: Average loss: 2.0575, Accuracy: 221/360 F1 (61%)

best acc test 61.269321 best acc val 61.388889
record record/multi/MME/MME_net_resnet34_real_to_sketch_num_3
saving model
S real T sketch Train Ep: 10600 lr0.005815667716181004 	 Loss Classification: 0.108670 Loss T 0.087229 Method MME

S real T sketch Train Ep: 10700 lr0.005794583706466925 	 Loss Classification: 0.303783 Loss T 0.103866 Method MME

S real T sketch Train Ep: 10800 lr0.005773677193162352 	 Loss Classification: 0.335179 Loss T 0.133409 Method MME

S real T sketch Train Ep: 10900 lr0.005752945839386346 	 Loss Classification: 0.195496 Loss T 0.106157 Method MME

S real T sketch Train Ep: 11000 lr0.005732387350012933 	 Loss Classification: 0.335196 Loss T 0.091591 Method MME


Test set: Average loss: 2.2443, Accuracy: 14590/23808 F1 (61%)


Test set: Average loss: 2.0488, Accuracy: 227/360 F1 (63%)

best acc test 61.269321 best acc val 63.055556
record record/multi/MME/MME_net_resnet34_real_to_sketch_num_3
saving model
S real T sketch Train Ep: 11100 lr0.005711999470730565 	 Loss Classification: 0.400422 Loss T 0.111749 Method MME

S real T sketch Train Ep: 11200 lr0.005691779987127103 	 Loss Classification: 0.415546 Loss T 0.100118 Method MME

S real T sketch Train Ep: 11300 lr0.005671726723799515 	 Loss Classification: 0.142609 Loss T 0.075420 Method MME

S real T sketch Train Ep: 11400 lr0.005651837543487509 	 Loss Classification: 0.351155 Loss T 0.076635 Method MME

S real T sketch Train Ep: 11500 lr0.005632110346230358 	 Loss Classification: 0.054466 Loss T 0.094701 Method MME


Test set: Average loss: 2.2399, Accuracy: 14739/23808 F1 (61%)


Test set: Average loss: 2.1564, Accuracy: 214/360 F1 (59%)

best acc test 61.269321 best acc val 59.444444
record record/multi/MME/MME_net_resnet34_real_to_sketch_num_3
saving model
S real T sketch Train Ep: 11600 lr0.005612543068546177 	 Loss Classification: 0.099287 Loss T 0.122441 Method MME

S real T sketch Train Ep: 11700 lr0.005593133682632953 	 Loss Classification: 0.069009 Loss T 0.093566 Method MME

S real T sketch Train Ep: 11800 lr0.005573880195590681 	 Loss Classification: 0.170223 Loss T 0.087034 Method MME

S real T sketch Train Ep: 11900 lr0.0055547806486639095 	 Loss Classification: 0.238993 Loss T 0.100703 Method MME

S real T sketch Train Ep: 12000 lr0.005535833116504121 	 Loss Classification: 0.220005 Loss T 0.088304 Method MME


Test set: Average loss: 2.2085, Accuracy: 14714/23808 F1 (61%)


Test set: Average loss: 1.9388, Accuracy: 225/360 F1 (62%)

