Dataset multi Source real Target sketch Labeled num perclass 3 Network resnet34
126 classes in this dataset
23826
dict_keys(['feat_vec', 'labels', 'names'])
23826
S real T sketch Train Ep: 0 lr0.01 	 Loss Classification: 4.958836 Loss T 0.471383 Method MME

S real T sketch Train Ep: 100 lr0.009925650290240803 	 Loss Classification: 1.082629 Loss T 0.307937 Method MME

S real T sketch Train Ep: 200 lr0.009852577760521605 	 Loss Classification: 0.644801 Loss T 0.252269 Method MME

S real T sketch Train Ep: 300 lr0.009780748269686728 	 Loss Classification: 0.686582 Loss T 0.219681 Method MME

S real T sketch Train Ep: 400 lr0.009710128909124701 	 Loss Classification: 0.548466 Loss T 0.183774 Method MME

S real T sketch Train Ep: 500 lr0.00964068794694323 	 Loss Classification: 0.363900 Loss T 0.175949 Method MME


Test set: Average loss: 2.1252, Accuracy: 12620/23808 F1 (53%)


Test set: Average loss: 1.9056, Accuracy: 209/360 F1 (58%)

best acc test 53.007392 best acc val 58.055556
tensor([[0.7562, 0.7233, 0.7971,  ..., 0.7631, 0.7033, 0.7364],
        [0.7631, 0.7048, 0.8051,  ..., 0.7510, 0.6938, 0.7363],
        [0.7502, 0.7182, 0.8170,  ..., 0.7641, 0.7118, 0.7303],
        ...,
        [0.7697, 0.7301, 0.7530,  ..., 0.7574, 0.7190, 0.7311],
        [0.7637, 0.7493, 0.7609,  ..., 0.7569, 0.6979, 0.7249],
        [0.7971, 0.7429, 0.7645,  ..., 0.7636, 0.7152, 0.7523]],
       device='cuda:0', grad_fn=<MmBackward>)
saving model...
S real T sketch Train Ep: 600 lr0.00957239477517603 	 Loss Classification: 0.255104 Loss T 0.201336 Method MME

S real T sketch Train Ep: 700 lr0.009505219859830012 	 Loss Classification: 0.224741 Loss T 0.169228 Method MME

S real T sketch Train Ep: 800 lr0.009439134693595126 	 Loss Classification: 0.496284 Loss T 0.156060 Method MME

S real T sketch Train Ep: 900 lr0.009374111751051751 	 Loss Classification: 0.511584 Loss T 0.165507 Method MME

S real T sketch Train Ep: 1000 lr0.009310124446222227 	 Loss Classification: 0.426852 Loss T 0.153055 Method MME


Test set: Average loss: 1.9484, Accuracy: 13743/23808 F1 (58%)


Test set: Average loss: 1.7456, Accuracy: 217/360 F1 (60%)

best acc test 57.724294 best acc val 60.277778
tensor([[0.6908, 0.7751, 0.6603,  ..., 0.7653, 0.7126, 0.7025],
        [0.6914, 0.7828, 0.6501,  ..., 0.7645, 0.7482, 0.6919],
        [0.6710, 0.7655, 0.6680,  ..., 0.7779, 0.7164, 0.7101],
        ...,
        [0.7130, 0.7769, 0.6878,  ..., 0.6689, 0.6805, 0.7342],
        [0.7077, 0.7933, 0.7045,  ..., 0.6827, 0.6939, 0.7124],
        [0.7215, 0.7746, 0.7220,  ..., 0.6886, 0.7117, 0.7250]],
       device='cuda:0', grad_fn=<MmBackward>)
saving model...
S real T sketch Train Ep: 1100 lr0.00924714709232377 	 Loss Classification: 0.284798 Loss T 0.146335 Method MME

S real T sketch Train Ep: 1200 lr0.009185154863590003 	 Loss Classification: 0.338569 Loss T 0.126323 Method MME

S real T sketch Train Ep: 1300 lr0.00912412375903735 	 Loss Classification: 0.410241 Loss T 0.185351 Method MME

S real T sketch Train Ep: 1400 lr0.009064030568061049 	 Loss Classification: 0.288424 Loss T 0.150350 Method MME

S real T sketch Train Ep: 1500 lr0.009004852837753237 	 Loss Classification: 0.251915 Loss T 0.091614 Method MME


Test set: Average loss: 1.8602, Accuracy: 14359/23808 F1 (60%)


Test set: Average loss: 1.5872, Accuracy: 231/360 F1 (64%)

best acc test 60.311660 best acc val 64.166667
tensor([[0.7106, 0.6853, 0.5946,  ..., 0.7165, 0.6484, 0.7424],
        [0.6694, 0.6804, 0.5936,  ..., 0.6947, 0.6596, 0.7440],
        [0.6805, 0.6889, 0.5995,  ..., 0.6843, 0.6501, 0.7179],
        ...,
        [0.6700, 0.6926, 0.6409,  ..., 0.7082, 0.6755, 0.6858],
        [0.7102, 0.6877, 0.6081,  ..., 0.7506, 0.6878, 0.7052],
        [0.6998, 0.6938, 0.6236,  ..., 0.7109, 0.6915, 0.6744]],
       device='cuda:0', grad_fn=<MmBackward>)
saving model...
S real T sketch Train Ep: 1600 lr0.008946568841842816 	 Loss Classification: 0.372007 Loss T 0.141831 Method MME

S real T sketch Train Ep: 1700 lr0.008889157551163433 	 Loss Classification: 0.323984 Loss T 0.124610 Method MME

S real T sketch Train Ep: 1800 lr0.008832598605562044 	 Loss Classification: 0.397147 Loss T 0.118671 Method MME

S real T sketch Train Ep: 1900 lr0.008776872287166303 	 Loss Classification: 0.332245 Loss T 0.124850 Method MME

S real T sketch Train Ep: 2000 lr0.008721959494934213 	 Loss Classification: 0.581142 Loss T 0.109907 Method MME


Test set: Average loss: 1.8053, Accuracy: 14775/23808 F1 (62%)


Test set: Average loss: 1.6053, Accuracy: 227/360 F1 (63%)

best acc test 60.311660 best acc val 63.055556
tensor([[0.6593, 0.6175, 0.6380,  ..., 0.6672, 0.7777, 0.5813],
        [0.6509, 0.6396, 0.6473,  ..., 0.6610, 0.7707, 0.6198],
        [0.6400, 0.6181, 0.6351,  ..., 0.6729, 0.7215, 0.5956],
        ...,
        [0.6469, 0.7116, 0.6492,  ..., 0.6806, 0.6455, 0.7037],
        [0.7024, 0.6742, 0.6760,  ..., 0.7041, 0.7017, 0.6669],
        [0.7127, 0.7579, 0.6734,  ..., 0.7141, 0.6563, 0.7293]],
       device='cuda:0', grad_fn=<MmBackward>)
saving model...
S real T sketch Train Ep: 2100 lr0.008667841720414475 	 Loss Classification: 0.457104 Loss T 0.127300 Method MME

S real T sketch Train Ep: 2200 lr0.008614501024650454 	 Loss Classification: 0.377919 Loss T 0.151235 Method MME

S real T sketch Train Ep: 2300 lr0.008561920016164943 	 Loss Classification: 0.597066 Loss T 0.121350 Method MME

S real T sketch Train Ep: 2400 lr0.008510081829966844 	 Loss Classification: 0.267201 Loss T 0.121209 Method MME

S real T sketch Train Ep: 2500 lr0.008458970107524513 	 Loss Classification: 0.266872 Loss T 0.109447 Method MME


Test set: Average loss: 1.7586, Accuracy: 15073/23808 F1 (63%)


Test set: Average loss: 1.4281, Accuracy: 239/360 F1 (66%)

best acc test 63.310652 best acc val 66.388889
tensor([[0.6532, 0.7094, 0.6451,  ..., 0.6920, 0.6015, 0.6462],
        [0.7102, 0.7059, 0.6050,  ..., 0.6683, 0.5990, 0.7025],
        [0.6267, 0.7177, 0.5854,  ..., 0.6555, 0.5771, 0.7000],
        ...,
        [0.6705, 0.6603, 0.6232,  ..., 0.6581, 0.7268, 0.6504],
        [0.6884, 0.6670, 0.6561,  ..., 0.6610, 0.6787, 0.7060],
        [0.6579, 0.6665, 0.6108,  ..., 0.6009, 0.6206, 0.6819]],
       device='cuda:0', grad_fn=<MmBackward>)
saving model...
S real T sketch Train Ep: 2600 lr0.008408568977653933 	 Loss Classification: 0.386287 Loss T 0.109237 Method MME

S real T sketch Train Ep: 2700 lr0.00835886303827305 	 Loss Classification: 0.316704 Loss T 0.116794 Method MME

S real T sketch Train Ep: 2800 lr0.008309837338976545 	 Loss Classification: 0.245964 Loss T 0.097212 Method MME

S real T sketch Train Ep: 2900 lr0.008261477364388068 	 Loss Classification: 0.122926 Loss T 0.096661 Method MME

S real T sketch Train Ep: 3000 lr0.008213769018249545 	 Loss Classification: 0.174799 Loss T 0.084094 Method MME


Test set: Average loss: 1.7679, Accuracy: 15330/23808 F1 (64%)


Test set: Average loss: 1.4483, Accuracy: 239/360 F1 (66%)

best acc test 64.390121 best acc val 66.388889
tensor([[0.5831, 0.6033, 0.6020,  ..., 0.6258, 0.6249, 0.5720],
        [0.5944, 0.5956, 0.6706,  ..., 0.6441, 0.6019, 0.6094],
        [0.6021, 0.5590, 0.6300,  ..., 0.5917, 0.5736, 0.5689],
        ...,
        [0.5961, 0.6507, 0.5668,  ..., 0.5935, 0.7207, 0.5869],
        [0.6441, 0.7222, 0.5941,  ..., 0.6274, 0.7059, 0.6594],
        [0.6176, 0.6965, 0.5965,  ..., 0.6270, 0.6237, 0.6687]],
       device='cuda:0', grad_fn=<MmBackward>)
saving model...
S real T sketch Train Ep: 3100 lr0.008166698608209509 	 Loss Classification: 0.405594 Loss T 0.077836 Method MME

S real T sketch Train Ep: 3200 lr0.008120252831274708 	 Loss Classification: 0.130228 Loss T 0.113796 Method MME

S real T sketch Train Ep: 3300 lr0.008074418759891278 	 Loss Classification: 0.252823 Loss T 0.078139 Method MME

S real T sketch Train Ep: 3400 lr0.008029183828623731 	 Loss Classification: 0.429716 Loss T 0.091720 Method MME

S real T sketch Train Ep: 3500 lr0.007984535821401871 	 Loss Classification: 0.210534 Loss T 0.112388 Method MME


Test set: Average loss: 1.7578, Accuracy: 15505/23808 F1 (65%)


Test set: Average loss: 1.6592, Accuracy: 230/360 F1 (64%)

best acc test 64.390121 best acc val 63.888889
tensor([[0.5788, 0.5953, 0.5940,  ..., 0.6489, 0.6561, 0.6205],
        [0.5588, 0.6346, 0.6158,  ..., 0.6131, 0.6170, 0.6364],
        [0.5836, 0.6565, 0.5683,  ..., 0.5838, 0.6200, 0.6378],
        ...,
        [0.6053, 0.6275, 0.6789,  ..., 0.6601, 0.6314, 0.6371],
        [0.6235, 0.6584, 0.7233,  ..., 0.7204, 0.6641, 0.6390],
        [0.6223, 0.6952, 0.6275,  ..., 0.6430, 0.6770, 0.6283]],
       device='cuda:0', grad_fn=<MmBackward>)
saving model...
S real T sketch Train Ep: 3600 lr0.007940462859307384 	 Loss Classification: 0.184718 Loss T 0.053666 Method MME

S real T sketch Train Ep: 3700 lr0.007896953388873518 	 Loss Classification: 0.386177 Loss T 0.102045 Method MME

S real T sketch Train Ep: 3800 lr0.007853996170872714 	 Loss Classification: 0.429152 Loss T 0.116405 Method MME

S real T sketch Train Ep: 3900 lr0.00781158026956848 	 Loss Classification: 0.351870 Loss T 0.098672 Method MME

S real T sketch Train Ep: 4000 lr0.007769695042409123 	 Loss Classification: 0.183550 Loss T 0.088197 Method MME


Test set: Average loss: 1.8092, Accuracy: 15486/23808 F1 (65%)


Test set: Average loss: 1.6311, Accuracy: 231/360 F1 (64%)

best acc test 64.390121 best acc val 64.166667
tensor([[0.6197, 0.4797, 0.5948,  ..., 0.5501, 0.6206, 0.5560],
        [0.7138, 0.4760, 0.6596,  ..., 0.5525, 0.6296, 0.5587],
        [0.5832, 0.4789, 0.5712,  ..., 0.5593, 0.5882, 0.5712],
        ...,
        [0.6125, 0.5661, 0.6543,  ..., 0.5709, 0.6210, 0.5725],
        [0.6108, 0.5128, 0.6741,  ..., 0.5890, 0.6413, 0.6246],
        [0.5928, 0.5692, 0.7776,  ..., 0.5662, 0.6558, 0.5819]],
       device='cuda:0', grad_fn=<MmBackward>)
saving model...
S real T sketch Train Ep: 4100 lr0.007728330130142108 	 Loss Classification: 0.239036 Loss T 0.094572 Method MME

S real T sketch Train Ep: 4200 lr0.007687475447329114 	 Loss Classification: 0.228554 Loss T 0.132245 Method MME

S real T sketch Train Ep: 4300 lr0.0076471211732427845 	 Loss Classification: 0.303937 Loss T 0.076263 Method MME

S real T sketch Train Ep: 4400 lr0.007607257743127307 	 Loss Classification: 0.438648 Loss T 0.072074 Method MME

S real T sketch Train Ep: 4500 lr0.007567875839805858 	 Loss Classification: 0.492589 Loss T 0.090326 Method MME


Test set: Average loss: 1.8029, Accuracy: 15668/23808 F1 (66%)


Test set: Average loss: 1.5756, Accuracy: 238/360 F1 (66%)

best acc test 64.390121 best acc val 66.111111
tensor([[0.6060, 0.6050, 0.6229,  ..., 0.6486, 0.5646, 0.5988],
        [0.6868, 0.6042, 0.6776,  ..., 0.6837, 0.5351, 0.5899],
        [0.5919, 0.5587, 0.5901,  ..., 0.6045, 0.5745, 0.5955],
        ...,
        [0.5859, 0.6344, 0.5789,  ..., 0.6373, 0.5352, 0.6266],
        [0.6337, 0.6332, 0.6267,  ..., 0.6666, 0.5393, 0.6151],
        [0.6282, 0.6310, 0.5941,  ..., 0.6212, 0.5740, 0.6565]],
       device='cuda:0', grad_fn=<MmBackward>)
saving model...
S real T sketch Train Ep: 4600 lr0.007528966385618854 	 Loss Classification: 0.224162 Loss T 0.078501 Method MME

S real T sketch Train Ep: 4700 lr0.007490520534677821 	 Loss Classification: 0.249698 Loss T 0.104945 Method MME

S real T sketch Train Ep: 4800 lr0.007452529665420465 	 Loss Classification: 0.419078 Loss T 0.105148 Method MME

S real T sketch Train Ep: 4900 lr0.007414985373453289 	 Loss Classification: 0.124706 Loss T 0.069234 Method MME

S real T sketch Train Ep: 5000 lr0.007377879464668811 	 Loss Classification: 0.109620 Loss T 0.063608 Method MME


Test set: Average loss: 1.8053, Accuracy: 15758/23808 F1 (66%)


Test set: Average loss: 1.5115, Accuracy: 247/360 F1 (69%)

best acc test 66.187836 best acc val 68.611111
tensor([[0.7146, 0.5099, 0.6035,  ..., 0.5781, 0.5562, 0.6338],
        [0.8031, 0.5160, 0.6094,  ..., 0.5851, 0.5679, 0.6057],
        [0.7275, 0.5199, 0.5680,  ..., 0.5346, 0.5848, 0.5528],
        ...,
        [0.6182, 0.5927, 0.5420,  ..., 0.5761, 0.5688, 0.6784],
        [0.6534, 0.5693, 0.6082,  ..., 0.6563, 0.5892, 0.6825],
        [0.6594, 0.6083, 0.6053,  ..., 0.5971, 0.6090, 0.6635]],
       device='cuda:0', grad_fn=<MmBackward>)
saving model...
S real T sketch Train Ep: 5100 lr0.007341203948625087 	 Loss Classification: 0.158606 Loss T 0.068726 Method MME

S real T sketch Train Ep: 5200 lr0.007304951032175895 	 Loss Classification: 0.362382 Loss T 0.082256 Method MME

S real T sketch Train Ep: 5300 lr0.007269113113340497 	 Loss Classification: 0.342834 Loss T 0.075105 Method MME

S real T sketch Train Ep: 5400 lr0.007233682775402483 	 Loss Classification: 0.229856 Loss T 0.073226 Method MME

S real T sketch Train Ep: 5500 lr0.007198652781227704 	 Loss Classification: 0.117464 Loss T 0.090097 Method MME


Test set: Average loss: 1.7886, Accuracy: 15916/23808 F1 (67%)


Test set: Average loss: 1.5647, Accuracy: 239/360 F1 (66%)

best acc test 66.187836 best acc val 66.388889
tensor([[0.6615, 0.5567, 0.6389,  ..., 0.5218, 0.6514, 0.5415],
        [0.6218, 0.5334, 0.7015,  ..., 0.5441, 0.6619, 0.5491],
        [0.6219, 0.5339, 0.6389,  ..., 0.5198, 0.6256, 0.4984],
        ...,
        [0.5640, 0.5378, 0.6139,  ..., 0.5484, 0.5386, 0.5281],
        [0.6659, 0.5806, 0.6221,  ..., 0.6149, 0.6496, 0.5839],
        [0.6121, 0.5516, 0.6447,  ..., 0.6323, 0.5661, 0.5684]],
       device='cuda:0', grad_fn=<MmBackward>)
saving model...
S real T sketch Train Ep: 5600 lr0.007164016067791809 	 Loss Classification: 0.401750 Loss T 0.061411 Method MME

S real T sketch Train Ep: 5700 lr0.0071297657409083726 	 Loss Classification: 0.319039 Loss T 0.081734 Method MME

S real T sketch Train Ep: 5800 lr0.0070958950701490225 	 Loss Classification: 0.216896 Loss T 0.065683 Method MME

S real T sketch Train Ep: 5900 lr0.007062397483947426 	 Loss Classification: 0.128632 Loss T 0.065720 Method MME

S real T sketch Train Ep: 6000 lr0.007029266564879363 	 Loss Classification: 0.261185 Loss T 0.107671 Method MME


Test set: Average loss: 1.8209, Accuracy: 15922/23808 F1 (67%)


Test set: Average loss: 1.5153, Accuracy: 250/360 F1 (69%)

best acc test 66.876680 best acc val 69.444444
tensor([[0.4117, 0.6106, 0.5138,  ..., 0.6409, 0.5202, 0.6234],
        [0.3658, 0.6097, 0.5418,  ..., 0.7149, 0.5194, 0.6361],
        [0.3839, 0.6045, 0.5081,  ..., 0.6290, 0.4909, 0.5768],
        ...,
        [0.3940, 0.5582, 0.5684,  ..., 0.5217, 0.7188, 0.6529],
        [0.3746, 0.6292, 0.6799,  ..., 0.5792, 0.5925, 0.6708],
        [0.3778, 0.5750, 0.5862,  ..., 0.5591, 0.6512, 0.6228]],
       device='cuda:0', grad_fn=<MmBackward>)
saving model...
S real T sketch Train Ep: 6100 lr0.006996496045111504 	 Loss Classification: 0.230694 Loss T 0.071112 Method MME

S real T sketch Train Ep: 6200 lr0.00696407980201184 	 Loss Classification: 0.064312 Loss T 0.070317 Method MME

S real T sketch Train Ep: 6300 lr0.006932011853915101 	 Loss Classification: 0.177768 Loss T 0.090148 Method MME

S real T sketch Train Ep: 6400 lr0.006900286356036734 	 Loss Classification: 0.347270 Loss T 0.082845 Method MME

S real T sketch Train Ep: 6500 lr0.006868897596529406 	 Loss Classification: 0.215927 Loss T 0.090208 Method MME


Test set: Average loss: 1.8515, Accuracy: 15965/23808 F1 (67%)


Test set: Average loss: 1.6200, Accuracy: 244/360 F1 (68%)

best acc test 66.876680 best acc val 67.777778
tensor([[0.5107, 0.6426, 0.5432,  ..., 0.6100, 0.5468, 0.5769],
        [0.5180, 0.6599, 0.5460,  ..., 0.6119, 0.5947, 0.6083],
        [0.4880, 0.6498, 0.4868,  ..., 0.5623, 0.5603, 0.5404],
        ...,
        [0.5277, 0.5861, 0.6026,  ..., 0.5277, 0.5803, 0.5485],
        [0.5660, 0.6554, 0.6634,  ..., 0.6322, 0.5870, 0.6022],
        [0.5498, 0.6150, 0.6093,  ..., 0.5952, 0.6866, 0.6712]],
       device='cuda:0', grad_fn=<MmBackward>)
saving model...
S real T sketch Train Ep: 6600 lr0.006837839992676177 	 Loss Classification: 0.251158 Loss T 0.090839 Method MME

S real T sketch Train Ep: 6700 lr0.006807108087214876 	 Loss Classification: 0.117984 Loss T 0.089961 Method MME

S real T sketch Train Ep: 6800 lr0.006776696544788352 	 Loss Classification: 0.210604 Loss T 0.064355 Method MME

S real T sketch Train Ep: 6900 lr0.006746600148515609 	 Loss Classification: 0.220366 Loss T 0.094369 Method MME

S real T sketch Train Ep: 7000 lr0.006716813796678979 	 Loss Classification: 0.335700 Loss T 0.051702 Method MME


Test set: Average loss: 1.8051, Accuracy: 16240/23808 F1 (68%)


Test set: Average loss: 1.5729, Accuracy: 250/360 F1 (69%)

best acc test 68.212366 best acc val 69.444444
tensor([[0.6011, 0.5152, 0.5566,  ..., 0.6823, 0.5939, 0.5414],
        [0.6798, 0.5300, 0.5561,  ..., 0.6843, 0.5683, 0.5402],
        [0.6233, 0.5017, 0.5922,  ..., 0.6566, 0.6068, 0.5136],
        ...,
        [0.5170, 0.5577, 0.5682,  ..., 0.5456, 0.5445, 0.5566],
        [0.5955, 0.6089, 0.6221,  ..., 0.6206, 0.6029, 0.6290],
        [0.7138, 0.5802, 0.5291,  ..., 0.5804, 0.5565, 0.5906]],
       device='cuda:0', grad_fn=<MmBackward>)
saving model...
S real T sketch Train Ep: 7100 lr0.006687332499522798 	 Loss Classification: 0.159512 Loss T 0.079235 Method MME

S real T sketch Train Ep: 7200 lr0.006658151376159165 	 Loss Classification: 0.142751 Loss T 0.058223 Method MME

S real T sketch Train Ep: 7300 lr0.00662926565157663 	 Loss Classification: 0.325540 Loss T 0.061355 Method MME

S real T sketch Train Ep: 7400 lr0.006600670653747793 	 Loss Classification: 0.191605 Loss T 0.059289 Method MME

S real T sketch Train Ep: 7500 lr0.0065723618108320175 	 Loss Classification: 0.155239 Loss T 0.054451 Method MME


Test set: Average loss: 1.8815, Accuracy: 16135/23808 F1 (68%)


Test set: Average loss: 1.5799, Accuracy: 245/360 F1 (68%)

best acc test 68.212366 best acc val 68.055556
tensor([[0.5911, 0.5383, 0.6188,  ..., 0.5935, 0.6037, 0.5728],
        [0.5605, 0.5369, 0.6660,  ..., 0.5993, 0.7055, 0.5710],
        [0.5647, 0.5258, 0.6025,  ..., 0.5891, 0.5766, 0.6127],
        ...,
        [0.5303, 0.5811, 0.5800,  ..., 0.5551, 0.5831, 0.5229],
        [0.6206, 0.5508, 0.6106,  ..., 0.5856, 0.6392, 0.5877],
        [0.5975, 0.6181, 0.6610,  ..., 0.5574, 0.6005, 0.5553]],
       device='cuda:0', grad_fn=<MmBackward>)
saving model...
S real T sketch Train Ep: 7600 lr0.006544334648469591 	 Loss Classification: 0.125904 Loss T 0.064739 Method MME

S real T sketch Train Ep: 7700 lr0.006516584787163857 	 Loss Classification: 0.231080 Loss T 0.061428 Method MME

S real T sketch Train Ep: 7800 lr0.006489107939747966 	 Loss Classification: 0.358413 Loss T 0.057494 Method MME

S real T sketch Train Ep: 7900 lr0.0064618999089330565 	 Loss Classification: 0.296923 Loss T 0.057423 Method MME

S real T sketch Train Ep: 8000 lr0.006434956584934828 	 Loss Classification: 0.337809 Loss T 0.057435 Method MME


Test set: Average loss: 1.8384, Accuracy: 16196/23808 F1 (68%)


Test set: Average loss: 1.6348, Accuracy: 246/360 F1 (68%)

best acc test 68.212366 best acc val 68.333333
tensor([[0.5960, 0.5585, 0.5452,  ..., 0.6666, 0.5890, 0.5619],
        [0.5942, 0.6251, 0.5281,  ..., 0.6702, 0.5693, 0.5571],
        [0.5985, 0.5370, 0.5506,  ..., 0.6237, 0.6027, 0.5673],
        ...,
        [0.5674, 0.5706, 0.5176,  ..., 0.5364, 0.5629, 0.5360],
        [0.6445, 0.6545, 0.5830,  ..., 0.5701, 0.6170, 0.5920],
        [0.6361, 0.5806, 0.5755,  ..., 0.5627, 0.5812, 0.5513]],
       device='cuda:0', grad_fn=<MmBackward>)
saving model...
S real T sketch Train Ep: 8100 lr0.006408273943175546 	 Loss Classification: 0.149053 Loss T 0.089739 Method MME

S real T sketch Train Ep: 8200 lr0.006381848042058713 	 Loss Classification: 0.193555 Loss T 0.056802 Method MME

S real T sketch Train Ep: 8300 lr0.0063556750208137005 	 Loss Classification: 0.274799 Loss T 0.056525 Method MME

S real T sketch Train Ep: 8400 lr0.006329751097407787 	 Loss Classification: 0.207138 Loss T 0.072519 Method MME

S real T sketch Train Ep: 8500 lr0.0063040725665231365 	 Loss Classification: 0.178833 Loss T 0.073660 Method MME


Test set: Average loss: 1.8222, Accuracy: 16269/23808 F1 (68%)


Test set: Average loss: 1.5926, Accuracy: 240/360 F1 (67%)

best acc test 68.212366 best acc val 66.666667
tensor([[0.5274, 0.6868, 0.5681,  ..., 0.6043, 0.5737, 0.5962],
        [0.5939, 0.7547, 0.5459,  ..., 0.6150, 0.6038, 0.6158],
        [0.5056, 0.6827, 0.4922,  ..., 0.5906, 0.5555, 0.5603],
        ...,
        [0.5937, 0.6109, 0.5513,  ..., 0.6261, 0.5394, 0.6410],
        [0.6371, 0.6134, 0.6538,  ..., 0.6111, 0.6401, 0.6899],
        [0.5718, 0.5747, 0.5791,  ..., 0.6328, 0.5920, 0.6049]],
       device='cuda:0', grad_fn=<MmBackward>)
saving model...
S real T sketch Train Ep: 8600 lr0.006278635797596355 	 Loss Classification: 0.129837 Loss T 0.092719 Method MME

S real T sketch Train Ep: 8700 lr0.006253437232918371 	 Loss Classification: 0.232889 Loss T 0.062765 Method MME

S real T sketch Train Ep: 8800 lr0.0062284733857924735 	 Loss Classification: 0.133945 Loss T 0.065401 Method MME

S real T sketch Train Ep: 8900 lr0.006203740838748417 	 Loss Classification: 0.038158 Loss T 0.063816 Method MME

S real T sketch Train Ep: 9000 lr0.006179236241810624 	 Loss Classification: 0.035278 Loss T 0.055591 Method MME


Test set: Average loss: 1.8625, Accuracy: 16276/23808 F1 (68%)


Test set: Average loss: 1.6585, Accuracy: 244/360 F1 (68%)

best acc test 68.212366 best acc val 67.777778
tensor([[0.5420, 0.5691, 0.4851,  ..., 0.5085, 0.6144, 0.5827],
        [0.6215, 0.5678, 0.5064,  ..., 0.4934, 0.6478, 0.6264],
        [0.5655, 0.5389, 0.5202,  ..., 0.5167, 0.6007, 0.5739],
        ...,
        [0.5900, 0.5772, 0.5363,  ..., 0.5560, 0.5644, 0.8777],
        [0.5599, 0.6789, 0.5314,  ..., 0.5514, 0.6851, 0.6728],
        [0.5396, 0.5603, 0.5528,  ..., 0.5792, 0.6686, 0.6977]],
       device='cuda:0', grad_fn=<MmBackward>)
saving model...
S real T sketch Train Ep: 9100 lr0.006154956310818535 	 Loss Classification: 0.195493 Loss T 0.050742 Method MME

S real T sketch Train Ep: 9200 lr0.0061308978257973165 	 Loss Classification: 0.116771 Loss T 0.055130 Method MME

S real T sketch Train Ep: 9300 lr0.0061070576293771285 	 Loss Classification: 0.098178 Loss T 0.053806 Method MME

S real T sketch Train Ep: 9400 lr0.006083432625259276 	 Loss Classification: 0.150306 Loss T 0.067904 Method MME

S real T sketch Train Ep: 9500 lr0.006060019776727621 	 Loss Classification: 0.342928 Loss T 0.045366 Method MME


Test set: Average loss: 1.9010, Accuracy: 16316/23808 F1 (69%)


Test set: Average loss: 1.7212, Accuracy: 242/360 F1 (67%)

best acc test 68.212366 best acc val 67.222222
tensor([[0.6503, 0.6073, 0.5384,  ..., 0.5964, 0.5894, 0.6340],
        [0.6638, 0.6273, 0.5940,  ..., 0.6027, 0.6379, 0.6276],
        [0.7293, 0.5690, 0.5281,  ..., 0.5558, 0.6185, 0.5753],
        ...,
        [0.5706, 0.6253, 0.5700,  ..., 0.5160, 0.5312, 0.6280],
        [0.6304, 0.6521, 0.6541,  ..., 0.6069, 0.5773, 0.6738],
        [0.6515, 0.6055, 0.6256,  ..., 0.5731, 0.5860, 0.6426]],
       device='cuda:0', grad_fn=<MmBackward>)
saving model...
S real T sketch Train Ep: 9600 lr0.00603681610520369 	 Loss Classification: 0.277411 Loss T 0.080216 Method MME

S real T sketch Train Ep: 9700 lr0.0060138186888439825 	 Loss Classification: 0.049371 Loss T 0.059389 Method MME

S real T sketch Train Ep: 9800 lr0.005991024661178045 	 Loss Classification: 0.314694 Loss T 0.063422 Method MME

S real T sketch Train Ep: 9900 lr0.0059684312097859115 	 Loss Classification: 0.300201 Loss T 0.053721 Method MME

S real T sketch Train Ep: 10000 lr0.005946035575013605 	 Loss Classification: 0.128492 Loss T 0.040324 Method MME


Test set: Average loss: 1.8672, Accuracy: 16433/23808 F1 (69%)


Test set: Average loss: 1.5462, Accuracy: 249/360 F1 (69%)

