Dataset multi Source real Target sketch Labeled num perclass 3 Network resnet34
126 classes in this dataset
S real T sketch Train Ep: 0 lr0.01 	 Loss Classification: 5.099965 Loss T 0.471027 Method MME

S real T sketch Train Ep: 100 lr0.009925650290240803 	 Loss Classification: 0.872049 Loss T 0.270505 Method MME

S real T sketch Train Ep: 200 lr0.009852577760521605 	 Loss Classification: 0.381217 Loss T 0.218280 Method MME

S real T sketch Train Ep: 300 lr0.009780748269686728 	 Loss Classification: 0.474953 Loss T 0.173339 Method MME

S real T sketch Train Ep: 400 lr0.009710128909124701 	 Loss Classification: 0.428899 Loss T 0.179452 Method MME

S real T sketch Train Ep: 500 lr0.00964068794694323 	 Loss Classification: 0.694062 Loss T 0.141286 Method MME


Test set: Average loss: 1.9652, Accuracy: 13531/23808 F1 (57%)


Test set: Average loss: 1.7531, Accuracy: 216/360 F1 (60%)

best acc test 56.833837 best acc val 60.000000
record record/multi/MME/MME_net_resnet34_real_to_sketch_num_3
saving model...
S real T sketch Train Ep: 600 lr0.00957239477517603 	 Loss Classification: 0.242338 Loss T 0.127238 Method MME

S real T sketch Train Ep: 700 lr0.009505219859830012 	 Loss Classification: 0.306310 Loss T 0.131808 Method MME

S real T sketch Train Ep: 800 lr0.009439134693595126 	 Loss Classification: 0.244283 Loss T 0.127558 Method MME

S real T sketch Train Ep: 900 lr0.009374111751051751 	 Loss Classification: 0.789033 Loss T 0.138830 Method MME

S real T sketch Train Ep: 1000 lr0.009310124446222227 	 Loss Classification: 0.651326 Loss T 0.117757 Method MME


Test set: Average loss: 1.8940, Accuracy: 14430/23808 F1 (61%)


Test set: Average loss: 1.7048, Accuracy: 221/360 F1 (61%)

best acc test 60.609879 best acc val 61.388889
record record/multi/MME/MME_net_resnet34_real_to_sketch_num_3
saving model...
S real T sketch Train Ep: 1100 lr0.00924714709232377 	 Loss Classification: 0.365484 Loss T 0.128651 Method MME

S real T sketch Train Ep: 1200 lr0.009185154863590003 	 Loss Classification: 0.690749 Loss T 0.077566 Method MME

S real T sketch Train Ep: 1300 lr0.00912412375903735 	 Loss Classification: 0.361646 Loss T 0.098241 Method MME

S real T sketch Train Ep: 1400 lr0.009064030568061049 	 Loss Classification: 0.452672 Loss T 0.084844 Method MME

S real T sketch Train Ep: 1500 lr0.009004852837753237 	 Loss Classification: 0.471469 Loss T 0.101537 Method MME


Test set: Average loss: 1.9509, Accuracy: 14721/23808 F1 (62%)


Test set: Average loss: 1.7021, Accuracy: 227/360 F1 (63%)

best acc test 61.832157 best acc val 63.055556
record record/multi/MME/MME_net_resnet34_real_to_sketch_num_3
saving model...
S real T sketch Train Ep: 1600 lr0.008946568841842816 	 Loss Classification: 0.246496 Loss T 0.079303 Method MME

S real T sketch Train Ep: 1700 lr0.008889157551163433 	 Loss Classification: 0.248486 Loss T 0.099285 Method MME

S real T sketch Train Ep: 1800 lr0.008832598605562044 	 Loss Classification: 0.233709 Loss T 0.076242 Method MME

S real T sketch Train Ep: 1900 lr0.008776872287166303 	 Loss Classification: 0.217568 Loss T 0.079011 Method MME

S real T sketch Train Ep: 2000 lr0.008721959494934213 	 Loss Classification: 0.450418 Loss T 0.081935 Method MME


Test set: Average loss: 1.7940, Accuracy: 15262/23808 F1 (64%)


Test set: Average loss: 1.6309, Accuracy: 225/360 F1 (62%)

best acc test 61.832157 best acc val 62.500000
record record/multi/MME/MME_net_resnet34_real_to_sketch_num_3
saving model...
S real T sketch Train Ep: 2100 lr0.008667841720414475 	 Loss Classification: 0.417682 Loss T 0.088127 Method MME

S real T sketch Train Ep: 2200 lr0.008614501024650454 	 Loss Classification: 0.609657 Loss T 0.081411 Method MME

S real T sketch Train Ep: 2300 lr0.008561920016164943 	 Loss Classification: 0.247334 Loss T 0.087808 Method MME

S real T sketch Train Ep: 2400 lr0.008510081829966844 	 Loss Classification: 0.163054 Loss T 0.088518 Method MME

S real T sketch Train Ep: 2500 lr0.008458970107524513 	 Loss Classification: 0.234565 Loss T 0.085858 Method MME


Test set: Average loss: 1.8097, Accuracy: 15551/23808 F1 (65%)


Test set: Average loss: 1.5528, Accuracy: 243/360 F1 (68%)

best acc test 65.318380 best acc val 67.500000
record record/multi/MME/MME_net_resnet34_real_to_sketch_num_3
saving model...
S real T sketch Train Ep: 2600 lr0.008408568977653933 	 Loss Classification: 0.387154 Loss T 0.080975 Method MME

S real T sketch Train Ep: 2700 lr0.00835886303827305 	 Loss Classification: 0.326060 Loss T 0.080444 Method MME

S real T sketch Train Ep: 2800 lr0.008309837338976545 	 Loss Classification: 0.134209 Loss T 0.085598 Method MME

S real T sketch Train Ep: 2900 lr0.008261477364388068 	 Loss Classification: 0.415347 Loss T 0.088494 Method MME

S real T sketch Train Ep: 3000 lr0.008213769018249545 	 Loss Classification: 0.181538 Loss T 0.095597 Method MME


Test set: Average loss: 1.8017, Accuracy: 15620/23808 F1 (66%)


Test set: Average loss: 1.6596, Accuracy: 236/360 F1 (66%)

best acc test 65.318380 best acc val 65.555556
record record/multi/MME/MME_net_resnet34_real_to_sketch_num_3
saving model...
S real T sketch Train Ep: 3100 lr0.008166698608209509 	 Loss Classification: 0.274458 Loss T 0.088048 Method MME

S real T sketch Train Ep: 3200 lr0.008120252831274708 	 Loss Classification: 0.212938 Loss T 0.072199 Method MME

S real T sketch Train Ep: 3300 lr0.008074418759891278 	 Loss Classification: 0.190911 Loss T 0.072228 Method MME

S real T sketch Train Ep: 3400 lr0.008029183828623731 	 Loss Classification: 0.345574 Loss T 0.101959 Method MME

S real T sketch Train Ep: 3500 lr0.007984535821401871 	 Loss Classification: 0.225252 Loss T 0.055486 Method MME


Test set: Average loss: 1.8003, Accuracy: 15875/23808 F1 (67%)


Test set: Average loss: 1.5853, Accuracy: 240/360 F1 (67%)

best acc test 65.318380 best acc val 66.666667
record record/multi/MME/MME_net_resnet34_real_to_sketch_num_3
saving model...
S real T sketch Train Ep: 3600 lr0.007940462859307384 	 Loss Classification: 0.284569 Loss T 0.067137 Method MME

S real T sketch Train Ep: 3700 lr0.007896953388873518 	 Loss Classification: 0.523774 Loss T 0.057607 Method MME

S real T sketch Train Ep: 3800 lr0.007853996170872714 	 Loss Classification: 0.141001 Loss T 0.064449 Method MME

S real T sketch Train Ep: 3900 lr0.00781158026956848 	 Loss Classification: 0.128256 Loss T 0.079852 Method MME

S real T sketch Train Ep: 4000 lr0.007769695042409123 	 Loss Classification: 0.455249 Loss T 0.068150 Method MME


Test set: Average loss: 1.8589, Accuracy: 15751/23808 F1 (66%)


Test set: Average loss: 1.5467, Accuracy: 241/360 F1 (67%)

best acc test 65.318380 best acc val 66.944444
record record/multi/MME/MME_net_resnet34_real_to_sketch_num_3
saving model...
S real T sketch Train Ep: 4100 lr0.007728330130142108 	 Loss Classification: 0.229129 Loss T 0.074166 Method MME

S real T sketch Train Ep: 4200 lr0.007687475447329114 	 Loss Classification: 0.142090 Loss T 0.066846 Method MME

S real T sketch Train Ep: 4300 lr0.0076471211732427845 	 Loss Classification: 0.219780 Loss T 0.051476 Method MME

S real T sketch Train Ep: 4400 lr0.007607257743127307 	 Loss Classification: 0.444844 Loss T 0.051453 Method MME

S real T sketch Train Ep: 4500 lr0.007567875839805858 	 Loss Classification: 0.162691 Loss T 0.035959 Method MME


Test set: Average loss: 1.8280, Accuracy: 15920/23808 F1 (67%)


Test set: Average loss: 1.6001, Accuracy: 231/360 F1 (64%)

best acc test 65.318380 best acc val 64.166667
record record/multi/MME/MME_net_resnet34_real_to_sketch_num_3
saving model...
S real T sketch Train Ep: 4600 lr0.007528966385618854 	 Loss Classification: 0.138667 Loss T 0.077925 Method MME

S real T sketch Train Ep: 4700 lr0.007490520534677821 	 Loss Classification: 0.191870 Loss T 0.078018 Method MME

S real T sketch Train Ep: 4800 lr0.007452529665420465 	 Loss Classification: 0.453816 Loss T 0.061959 Method MME

S real T sketch Train Ep: 4900 lr0.007414985373453289 	 Loss Classification: 0.209381 Loss T 0.043213 Method MME

S real T sketch Train Ep: 5000 lr0.007377879464668811 	 Loss Classification: 0.349381 Loss T 0.052677 Method MME


Test set: Average loss: 1.8637, Accuracy: 15913/23808 F1 (67%)


Test set: Average loss: 1.5936, Accuracy: 233/360 F1 (65%)

best acc test 65.318380 best acc val 64.722222
record record/multi/MME/MME_net_resnet34_real_to_sketch_num_3
saving model...
S real T sketch Train Ep: 5100 lr0.007341203948625087 	 Loss Classification: 0.477641 Loss T 0.047214 Method MME

S real T sketch Train Ep: 5200 lr0.007304951032175895 	 Loss Classification: 0.218778 Loss T 0.055289 Method MME

S real T sketch Train Ep: 5300 lr0.007269113113340497 	 Loss Classification: 0.169511 Loss T 0.061624 Method MME

S real T sketch Train Ep: 5400 lr0.007233682775402483 	 Loss Classification: 0.173540 Loss T 0.046012 Method MME

S real T sketch Train Ep: 5500 lr0.007198652781227704 	 Loss Classification: 0.298953 Loss T 0.065115 Method MME


Test set: Average loss: 1.8866, Accuracy: 16003/23808 F1 (67%)


Test set: Average loss: 1.6264, Accuracy: 230/360 F1 (64%)

