Dataset multi Target sketch Network resnet34 Num per class 3
126 classes in this dataset
THCudaCheck FAIL file=/opt/conda/conda-bld/pytorch_1535493744281/work/aten/src/THC/THCGeneral.cpp line=663 error=11 : invalid argument
T sketch Ep: 0 lr0.01 	 Loss Class: 4.939159 RotLab: 1.5571441650390625 Ent: 0.4709080755710602 RotUnl: 1.5571441650390625 

T sketch Ep: 100 lr0.009925650290240803 	 Loss Class: 0.738234 RotLab: 0.8400214314460754 Ent: 0.19298289716243744 RotUnl: 0.8400214314460754 

T sketch Ep: 200 lr0.009852577760521605 	 Loss Class: 0.120914 RotLab: 0.8026161789894104 Ent: 0.062181033194065094 RotUnl: 0.8026161789894104 

T sketch Ep: 300 lr0.009780748269686728 	 Loss Class: 0.074600 RotLab: 0.43880143761634827 Ent: 0.04289022460579872 RotUnl: 0.43880143761634827 

T sketch Ep: 400 lr0.009710128909124701 	 Loss Class: 0.064837 RotLab: 0.19886218011379242 Ent: 0.04118473455309868 RotUnl: 0.19886218011379242 

T sketch Ep: 500 lr0.00964068794694323 	 Loss Class: 0.058121 RotLab: 0.17501400411128998 Ent: 0.03731326013803482 RotUnl: 0.17501400411128998 

\Target: Average loss: 4.0816, Accuracy: 4721/23808 F1 (19%)

\Rotation: Average loss: 1.0167, Accuracy: 14096/23808 F1 (59%)

best acc class 19.829469
record record/multi/net_resnet34_sketch
saving model
T sketch Ep: 600 lr0.00957239477517603 	 Loss Class: 0.074649 RotLab: 0.12991298735141754 Ent: 0.03023250214755535 RotUnl: 0.12991298735141754 

T sketch Ep: 700 lr0.009505219859830012 	 Loss Class: 0.047339 RotLab: 0.03577321767807007 Ent: 0.030992884188890457 RotUnl: 0.03577321767807007 

T sketch Ep: 800 lr0.009439134693595126 	 Loss Class: 0.024247 RotLab: 0.05748622491955757 Ent: 0.01897641085088253 RotUnl: 0.05748622491955757 

T sketch Ep: 900 lr0.009374111751051751 	 Loss Class: 0.013689 RotLab: 0.09990108013153076 Ent: 0.0114113949239254 RotUnl: 0.09990108013153076 

T sketch Ep: 1000 lr0.009310124446222227 	 Loss Class: 0.014098 RotLab: 0.013525526039302349 Ent: 0.011913030408322811 RotUnl: 0.013525526039302349 

\Target: Average loss: 4.1134, Accuracy: 4871/23808 F1 (20%)

\Rotation: Average loss: 1.1490, Accuracy: 14395/23808 F1 (60%)

best acc class 20.459509
record record/multi/net_resnet34_sketch
saving model
T sketch Ep: 1100 lr0.00924714709232377 	 Loss Class: 0.020547 RotLab: 0.015457679517567158 Ent: 0.014881687238812447 RotUnl: 0.015457679517567158 

T sketch Ep: 1200 lr0.009185154863590003 	 Loss Class: 0.013611 RotLab: 0.017598023638129234 Ent: 0.011236906051635742 RotUnl: 0.017598023638129234 

T sketch Ep: 1300 lr0.00912412375903735 	 Loss Class: 0.013364 RotLab: 0.028849909082055092 Ent: 0.011171765625476837 RotUnl: 0.028849909082055092 

T sketch Ep: 1400 lr0.009064030568061049 	 Loss Class: 0.018021 RotLab: 0.012467612512409687 Ent: 0.0142458351328969 RotUnl: 0.012467612512409687 

T sketch Ep: 1500 lr0.009004852837753237 	 Loss Class: 0.016848 RotLab: 0.022562474012374878 Ent: 0.012066172435879707 RotUnl: 0.022562474012374878 

\Target: Average loss: 4.1254, Accuracy: 4856/23808 F1 (20%)

\Rotation: Average loss: 1.1917, Accuracy: 14466/23808 F1 (60%)

best acc class 20.459509
record record/multi/net_resnet34_sketch
saving model
T sketch Ep: 1600 lr0.008946568841842816 	 Loss Class: 0.012785 RotLab: 0.01380661129951477 Ent: 0.010219969786703587 RotUnl: 0.01380661129951477 

T sketch Ep: 1700 lr0.008889157551163433 	 Loss Class: 0.018875 RotLab: 0.022359708324074745 Ent: 0.014593749307096004 RotUnl: 0.022359708324074745 

T sketch Ep: 1800 lr0.008832598605562044 	 Loss Class: 0.013050 RotLab: 0.004823754075914621 Ent: 0.010705570690333843 RotUnl: 0.004823754075914621 

T sketch Ep: 1900 lr0.008776872287166303 	 Loss Class: 0.010633 RotLab: 0.0084342360496521 Ent: 0.00925473216921091 RotUnl: 0.0084342360496521 

T sketch Ep: 2000 lr0.008721959494934213 	 Loss Class: 0.013935 RotLab: 0.007038980722427368 Ent: 0.011018412187695503 RotUnl: 0.007038980722427368 

\Target: Average loss: 4.1254, Accuracy: 4901/23808 F1 (20%)

\Rotation: Average loss: 1.2223, Accuracy: 14567/23808 F1 (61%)

best acc class 20.585517
record record/multi/net_resnet34_sketch
saving model
T sketch Ep: 2100 lr0.008667841720414475 	 Loss Class: 0.014169 RotLab: 0.004164616111665964 Ent: 0.011504404246807098 RotUnl: 0.004164616111665964 

T sketch Ep: 2200 lr0.008614501024650454 	 Loss Class: 0.006876 RotLab: 0.004761189222335815 Ent: 0.00630206847563386 RotUnl: 0.004761189222335815 

T sketch Ep: 2300 lr0.008561920016164943 	 Loss Class: 0.010836 RotLab: 0.002609769580885768 Ent: 0.009292728267610073 RotUnl: 0.002609769580885768 

T sketch Ep: 2400 lr0.008510081829966844 	 Loss Class: 0.008545 RotLab: 0.005597511772066355 Ent: 0.007349000312387943 RotUnl: 0.005597511772066355 

T sketch Ep: 2500 lr0.008458970107524513 	 Loss Class: 0.011684 RotLab: 0.011582006700336933 Ent: 0.009740798734128475 RotUnl: 0.011582006700336933 

\Target: Average loss: 4.1163, Accuracy: 4983/23808 F1 (20%)

\Rotation: Average loss: 1.2511, Accuracy: 14624/23808 F1 (61%)

best acc class 20.929940
record record/multi/net_resnet34_sketch
saving model
T sketch Ep: 2600 lr0.008408568977653933 	 Loss Class: 0.011230 RotLab: 0.005968759302049875 Ent: 0.009581121616065502 RotUnl: 0.005968759302049875 

T sketch Ep: 2700 lr0.00835886303827305 	 Loss Class: 0.015637 RotLab: 0.002934952499344945 Ent: 0.012374392710626125 RotUnl: 0.002934952499344945 

T sketch Ep: 2800 lr0.008309837338976545 	 Loss Class: 0.011907 RotLab: 0.006048897746950388 Ent: 0.010121270082890987 RotUnl: 0.006048897746950388 

T sketch Ep: 2900 lr0.008261477364388068 	 Loss Class: 0.007096 RotLab: 0.00251229596324265 Ent: 0.006460506469011307 RotUnl: 0.00251229596324265 

T sketch Ep: 3000 lr0.008213769018249545 	 Loss Class: 0.011344 RotLab: 0.0037741262931376696 Ent: 0.009579481557011604 RotUnl: 0.0037741262931376696 

\Target: Average loss: 4.0922, Accuracy: 5077/23808 F1 (21%)

\Rotation: Average loss: 1.2622, Accuracy: 14681/23808 F1 (61%)

best acc class 21.324765
record record/multi/net_resnet34_sketch
saving model
T sketch Ep: 3100 lr0.008166698608209509 	 Loss Class: 0.009282 RotLab: 0.0009376605157740414 Ent: 0.008224820718169212 RotUnl: 0.0009376605157740414 

T sketch Ep: 3200 lr0.008120252831274708 	 Loss Class: 0.011953 RotLab: 0.015006035566329956 Ent: 0.009933405555784702 RotUnl: 0.015006035566329956 

T sketch Ep: 3300 lr0.008074418759891278 	 Loss Class: 0.008983 RotLab: 0.0021886229515075684 Ent: 0.007995921187102795 RotUnl: 0.0021886229515075684 

T sketch Ep: 3400 lr0.008029183828623731 	 Loss Class: 0.009757 RotLab: 0.001295328140258789 Ent: 0.008580618537962437 RotUnl: 0.001295328140258789 

T sketch Ep: 3500 lr0.007984535821401871 	 Loss Class: 0.007744 RotLab: 0.0012479225406423211 Ent: 0.007055212743580341 RotUnl: 0.0012479225406423211 

\Target: Average loss: 4.0974, Accuracy: 4969/23808 F1 (20%)

\Rotation: Average loss: 1.2503, Accuracy: 14681/23808 F1 (61%)

best acc class 21.324765
record record/multi/net_resnet34_sketch
saving model
T sketch Ep: 3600 lr0.007940462859307384 	 Loss Class: 0.010297 RotLab: 0.007391571998596191 Ent: 0.008876466192305088 RotUnl: 0.007391571998596191 

T sketch Ep: 3700 lr0.007896953388873518 	 Loss Class: 0.009414 RotLab: 0.004510541912168264 Ent: 0.008342339657247066 RotUnl: 0.004510541912168264 

T sketch Ep: 3800 lr0.007853996170872714 	 Loss Class: 0.006751 RotLab: 0.0022883217316120863 Ent: 0.006308840122073889 RotUnl: 0.0022883217316120863 

T sketch Ep: 3900 lr0.00781158026956848 	 Loss Class: 0.008603 RotLab: 0.031107285991311073 Ent: 0.007841947488486767 RotUnl: 0.031107285991311073 

T sketch Ep: 4000 lr0.007769695042409123 	 Loss Class: 0.008046 RotLab: 0.016068121418356895 Ent: 0.007218887563794851 RotUnl: 0.016068121418356895 

\Target: Average loss: 4.0516, Accuracy: 5080/23808 F1 (21%)

\Rotation: Average loss: 1.2915, Accuracy: 14635/23808 F1 (61%)

best acc class 21.337366
record record/multi/net_resnet34_sketch
saving model
T sketch Ep: 4100 lr0.007728330130142108 	 Loss Class: 0.006786 RotLab: 0.0013170441379770637 Ent: 0.006299704313278198 RotUnl: 0.0013170441379770637 

T sketch Ep: 4200 lr0.007687475447329114 	 Loss Class: 0.009435 RotLab: 0.001171151758171618 Ent: 0.008297637104988098 RotUnl: 0.001171151758171618 

T sketch Ep: 4300 lr0.0076471211732427845 	 Loss Class: 0.009020 RotLab: 0.0019297003746032715 Ent: 0.008178925141692162 RotUnl: 0.0019297003746032715 

T sketch Ep: 4400 lr0.007607257743127307 	 Loss Class: 0.007027 RotLab: 0.006352871656417847 Ent: 0.006542621646076441 RotUnl: 0.006352871656417847 

T sketch Ep: 4500 lr0.007567875839805858 	 Loss Class: 0.008557 RotLab: 0.001494288444519043 Ent: 0.007811281364411116 RotUnl: 0.001494288444519043 

\Target: Average loss: 4.0223, Accuracy: 5163/23808 F1 (21%)

\Rotation: Average loss: 1.3044, Accuracy: 14617/23808 F1 (61%)

best acc class 21.685988
record record/multi/net_resnet34_sketch
saving model
T sketch Ep: 4600 lr0.007528966385618854 	 Loss Class: 0.006815 RotLab: 0.0007954041357152164 Ent: 0.006355220917612314 RotUnl: 0.0007954041357152164 

T sketch Ep: 4700 lr0.007490520534677821 	 Loss Class: 0.049784 RotLab: 0.4079655706882477 Ent: 0.017441807314753532 RotUnl: 0.4079655706882477 

T sketch Ep: 4800 lr0.007452529665420465 	 Loss Class: 0.009584 RotLab: 0.0026079814415425062 Ent: 0.008533230982720852 RotUnl: 0.0026079814415425062 

T sketch Ep: 4900 lr0.007414985373453289 	 Loss Class: 0.011684 RotLab: 0.0025565922260284424 Ent: 0.010193312540650368 RotUnl: 0.0025565922260284424 

T sketch Ep: 5000 lr0.007377879464668811 	 Loss Class: 0.007427 RotLab: 0.002687205793336034 Ent: 0.006981448736041784 RotUnl: 0.002687205793336034 

\Target: Average loss: 4.0552, Accuracy: 5086/23808 F1 (21%)

\Rotation: Average loss: 1.2886, Accuracy: 14686/23808 F1 (61%)

best acc class 21.685988
record record/multi/net_resnet34_sketch
saving model
T sketch Ep: 5100 lr0.007341203948625087 	 Loss Class: 0.009312 RotLab: 0.003870844841003418 Ent: 0.008272312581539154 RotUnl: 0.003870844841003418 

T sketch Ep: 5200 lr0.007304951032175895 	 Loss Class: 0.006494 RotLab: 0.0012890497455373406 Ent: 0.006241882685571909 RotUnl: 0.0012890497455373406 

T sketch Ep: 5300 lr0.007269113113340497 	 Loss Class: 0.010019 RotLab: 0.007092843297868967 Ent: 0.008743153885006905 RotUnl: 0.007092843297868967 

T sketch Ep: 5400 lr0.007233682775402483 	 Loss Class: 0.007823 RotLab: 0.002638002159073949 Ent: 0.007278746459633112 RotUnl: 0.002638002159073949 

T sketch Ep: 5500 lr0.007198652781227704 	 Loss Class: 0.011855 RotLab: 0.0009647011756896973 Ent: 0.010304815135896206 RotUnl: 0.0009647011756896973 

\Target: Average loss: 4.0372, Accuracy: 4997/23808 F1 (20%)

\Rotation: Average loss: 1.2801, Accuracy: 14592/23808 F1 (61%)

best acc class 21.685988
record record/multi/net_resnet34_sketch
saving model
T sketch Ep: 5600 lr0.007164016067791809 	 Loss Class: 0.008728 RotLab: 0.0007990400190465152 Ent: 0.007901320233941078 RotUnl: 0.0007990400190465152 

T sketch Ep: 5700 lr0.0071297657409083726 	 Loss Class: 0.006715 RotLab: 0.0010400613537058234 Ent: 0.006315786391496658 RotUnl: 0.0010400613537058234 

T sketch Ep: 5800 lr0.0070958950701490225 	 Loss Class: 0.009883 RotLab: 0.020845303311944008 Ent: 0.008402260020375252 RotUnl: 0.020845303311944008 

T sketch Ep: 5900 lr0.007062397483947426 	 Loss Class: 0.007345 RotLab: 0.0005607406492345035 Ent: 0.006873835809528828 RotUnl: 0.0005607406492345035 

T sketch Ep: 6000 lr0.007029266564879363 	 Loss Class: 0.007041 RotLab: 0.0014473000774160028 Ent: 0.006633733864873648 RotUnl: 0.0014473000774160028 

\Target: Average loss: 4.0112, Accuracy: 5056/23808 F1 (21%)

\Rotation: Average loss: 1.3291, Accuracy: 14602/23808 F1 (61%)

best acc class 21.685988
record record/multi/net_resnet34_sketch
saving model
T sketch Ep: 6100 lr0.006996496045111504 	 Loss Class: 0.011712 RotLab: 0.008459329605102539 Ent: 0.009972404688596725 RotUnl: 0.008459329605102539 

T sketch Ep: 6200 lr0.00696407980201184 	 Loss Class: 0.006692 RotLab: 0.0004901488428004086 Ent: 0.006257179658859968 RotUnl: 0.0004901488428004086 

T sketch Ep: 6300 lr0.006932011853915101 	 Loss Class: 0.006649 RotLab: 0.0026239752769470215 Ent: 0.006363686174154282 RotUnl: 0.0026239752769470215 

T sketch Ep: 6400 lr0.006900286356036734 	 Loss Class: 0.009321 RotLab: 0.0009132425184361637 Ent: 0.008448709733784199 RotUnl: 0.0009132425184361637 

T sketch Ep: 6500 lr0.006868897596529406 	 Loss Class: 0.009532 RotLab: 0.0015935500850901008 Ent: 0.008653536438941956 RotUnl: 0.0015935500850901008 

\Target: Average loss: 4.0137, Accuracy: 5038/23808 F1 (21%)

\Rotation: Average loss: 1.2918, Accuracy: 14656/23808 F1 (61%)

best acc class 21.685988
record record/multi/net_resnet34_sketch
saving model
T sketch Ep: 6600 lr0.006837839992676177 	 Loss Class: 0.007410 RotLab: 0.0008948842878453434 Ent: 0.006946265231817961 RotUnl: 0.0008948842878453434 

T sketch Ep: 6700 lr0.006807108087214876 	 Loss Class: 0.007534 RotLab: 0.0020554859656840563 Ent: 0.00709557393565774 RotUnl: 0.0020554859656840563 

T sketch Ep: 6800 lr0.006776696544788352 	 Loss Class: 0.008228 RotLab: 0.01671660877764225 Ent: 0.007694836240261793 RotUnl: 0.01671660877764225 

T sketch Ep: 6900 lr0.006746600148515609 	 Loss Class: 0.007672 RotLab: 0.0029710333328694105 Ent: 0.007246881723403931 RotUnl: 0.0029710333328694105 

T sketch Ep: 7000 lr0.006716813796678979 	 Loss Class: 0.010309 RotLab: 0.0011801322689279914 Ent: 0.009309347718954086 RotUnl: 0.0011801322689279914 

\Target: Average loss: 3.9883, Accuracy: 5124/23808 F1 (21%)

\Rotation: Average loss: 1.3059, Accuracy: 14680/23808 F1 (61%)

best acc class 21.685988
record record/multi/net_resnet34_sketch
saving model
T sketch Ep: 7100 lr0.006687332499522798 	 Loss Class: 0.006734 RotLab: 0.004929780960083008 Ent: 0.006395439151674509 RotUnl: 0.004929780960083008 

T sketch Ep: 7200 lr0.006658151376159165 	 Loss Class: 0.007523 RotLab: 0.0005661050672642887 Ent: 0.007046213839203119 RotUnl: 0.0005661050672642887 

T sketch Ep: 7300 lr0.00662926565157663 	 Loss Class: 0.008088 RotLab: 0.0022360682487487793 Ent: 0.007574401795864105 RotUnl: 0.0022360682487487793 

T sketch Ep: 7400 lr0.006600670653747793 	 Loss Class: 0.007576 RotLab: 0.0005208452348597348 Ent: 0.007179611828178167 RotUnl: 0.0005208452348597348 

T sketch Ep: 7500 lr0.0065723618108320175 	 Loss Class: 0.006582 RotLab: 0.0011313756695017219 Ent: 0.006234064232558012 RotUnl: 0.0011313756695017219 

\Target: Average loss: 3.9894, Accuracy: 5089/23808 F1 (21%)

\Rotation: Average loss: 1.3139, Accuracy: 14728/23808 F1 (61%)

