Dataset multi Source real Target sketch Labeled num perclass 3 Network resnet34
126 classes in this dataset
23826
Bank keys - Target:  dict_keys(['feat_vec', 'labels', 'names', 'domain_identifier']) Source:  dict_keys(['feat_vec', 'labels', 'names', 'domain_identifier'])
Num  - Target:  23826 Source:  70358
S real T sketch Train Ep: 0 lr0.01 	 Loss Classification: 4.862587 Loss T 0.471346 Method MME

S real T sketch Train Ep: 100 lr0.009925650290240803 	 Loss Classification: 0.993995 Loss T 0.299121 Method MME

S real T sketch Train Ep: 200 lr0.009852577760521605 	 Loss Classification: 0.500633 Loss T 0.243791 Method MME

S real T sketch Train Ep: 300 lr0.009780748269686728 	 Loss Classification: 0.305397 Loss T 0.234106 Method MME

S real T sketch Train Ep: 400 lr0.009710128909124701 	 Loss Classification: 0.477299 Loss T 0.236211 Method MME

S real T sketch Train Ep: 500 lr0.00964068794694323 	 Loss Classification: 0.603908 Loss T 0.227468 Method MME


Test set: Average loss: 2.3600, Accuracy: 11173/23808 F1 (47%)


Test set: Average loss: 2.0625, Accuracy: 185/360 F1 (51%)

best acc test 46.929603 best acc val 51.388889
saving model...
S real T sketch Train Ep: 600 lr0.00957239477517603 	 Loss Classification: 0.262173 Loss T 0.226476 Method MME

S real T sketch Train Ep: 700 lr0.009505219859830012 	 Loss Classification: 0.493753 Loss T 0.235882 Method MME

S real T sketch Train Ep: 800 lr0.009439134693595126 	 Loss Classification: 0.635135 Loss T 0.217853 Method MME

S real T sketch Train Ep: 900 lr0.009374111751051751 	 Loss Classification: 0.311894 Loss T 0.224114 Method MME

S real T sketch Train Ep: 1000 lr0.009310124446222227 	 Loss Classification: 0.636773 Loss T 0.222740 Method MME


Test set: Average loss: 2.2498, Accuracy: 11898/23808 F1 (50%)


Test set: Average loss: 2.0094, Accuracy: 194/360 F1 (54%)

best acc test 49.974798 best acc val 53.888889
saving model...
S real T sketch Train Ep: 1100 lr0.00924714709232377 	 Loss Classification: 0.614260 Loss T 0.214699 Method MME

S real T sketch Train Ep: 1200 lr0.009185154863590003 	 Loss Classification: 0.498780 Loss T 0.197145 Method MME

S real T sketch Train Ep: 1300 lr0.00912412375903735 	 Loss Classification: 0.528005 Loss T 0.209418 Method MME

S real T sketch Train Ep: 1400 lr0.009064030568061049 	 Loss Classification: 0.622506 Loss T 0.204511 Method MME

S real T sketch Train Ep: 1500 lr0.009004852837753237 	 Loss Classification: 0.297628 Loss T 0.178735 Method MME


Test set: Average loss: 2.8702, Accuracy: 9507/23808 F1 (40%)


Test set: Average loss: 2.6571, Accuracy: 156/360 F1 (43%)

best acc test 49.974798 best acc val 43.333333
saving model...
S real T sketch Train Ep: 1600 lr0.008946568841842816 	 Loss Classification: 0.315725 Loss T 0.209610 Method MME

S real T sketch Train Ep: 1700 lr0.008889157551163433 	 Loss Classification: 0.342469 Loss T 0.157565 Method MME

S real T sketch Train Ep: 1800 lr0.008832598605562044 	 Loss Classification: 0.360691 Loss T 0.136712 Method MME

S real T sketch Train Ep: 1900 lr0.008776872287166303 	 Loss Classification: 0.292136 Loss T 0.178621 Method MME

S real T sketch Train Ep: 2000 lr0.008721959494934213 	 Loss Classification: 0.506945 Loss T 0.188664 Method MME

0
1
2
3
4
5
6
7
8
9
10
11
12
13
14
15
16
17
18
19
20
21
22
23
24
25
26
27
28
29
30
31
32
33
34
35
36
37
38
39
40
41
42
43
44
45
46
47
48
49
50
51
52
53
54
55
56
57
58
59
60
61
62
63
64
65
66
67
68
69
70
71
72
73
74
75
76
77
78
79
80
81
82
83
84
85
86
87
88
89
90
91
92
93
94
95
96
97
98
99
100
101
102
103
104
105
106
107
108
109
110
111
112
113
114
115
116
117
118
119
120
121
122
123
124
125
126
127
128
129
130
131
132
133
134
135
136
137
138
139
140
141
142
143
144
145
146
147
148
149
150
151
152
153
154
155
156
157
158
159
160
161
162
163
164
165
166
167
168
169
170
171
172
173
174
175
176
177
178
179
180
181
182
183
184
185
186
187
188
189
190
191
192
193
194
195
196
197
198
199
200
201
202
203
204
205
206
207
208
209
210
211
212
213
214
215
216
217
218
219
220
221
222
223
224
225
226
227
228
229
230
231
232
233
234
235
236
237
238
239
240
241
242
243
244
245
246
247
248
249
250
251
252
253
254
255
256
257
258
259
260
261
262
263
264
265
266
267
268
269
270
271
272
273
274
275
276
277
278
279
280
281
282
283
284
285
286
287
288
289
290
291
292
293
294
295
296
297
298
299
300
301
302
303
304
305
306
307
308
309
310
311
312
313
314
315
316
317
318
319
320
321
322
323
324
325
326
327
328
329
330
331
332
333
334
335
336
337
338
339
340
341
342
343
344
345
346
347
348
349
350
351
352
353
354
355
356
357
358
359
360
361
362
363
364
365
366
367
368
369
370
371
372
373
374
375
376
377
378
379
380
381
382
383
384
385
386
387
388
389
390
391
392
393
394
395
396
397
398
399
400
401
402
403
404
405
406
407
408
409
410
411
412
413
414
415
416
417
418
419
420
421
422
423
424
425
426
427
428
429
430
431
432
433
434
435
436
437
438
439
440
441
442
443
444
445
446
447
448
449
450
451
452
453
454
455
456
457
458
459
460
461
462
463
464
465
466
467
468
469
470
471
472
473
474
475
476
477
478
479
480
481
482
483
484
485
486
487
488
489
490
491
492
493
494
495

Test set: Average loss: 2.3110, Accuracy: 11768/23808 F1 (49%)


Test set: Average loss: 1.9238, Accuracy: 197/360 F1 (55%)

best acc test 49.428763 best acc val 54.722222
saving model...
S real T sketch Train Ep: 2100 lr0.008667841720414475 	 Loss Classification: 0.366168 Loss T 0.180168 Method MME

S real T sketch Train Ep: 2200 lr0.008614501024650454 	 Loss Classification: 0.341108 Loss T 0.134687 Method MME

S real T sketch Train Ep: 2300 lr0.008561920016164943 	 Loss Classification: 0.471933 Loss T 0.148272 Method MME

S real T sketch Train Ep: 2400 lr0.008510081829966844 	 Loss Classification: 0.358173 Loss T 0.144238 Method MME

S real T sketch Train Ep: 2500 lr0.008458970107524513 	 Loss Classification: 0.299606 Loss T 0.117581 Method MME


Test set: Average loss: 1.9069, Accuracy: 14263/23808 F1 (60%)


Test set: Average loss: 1.7142, Accuracy: 219/360 F1 (61%)

best acc test 59.908434 best acc val 60.833333
saving model...
S real T sketch Train Ep: 2600 lr0.008408568977653933 	 Loss Classification: 0.248557 Loss T 0.115652 Method MME

S real T sketch Train Ep: 2700 lr0.00835886303827305 	 Loss Classification: 0.423545 Loss T 0.140306 Method MME

S real T sketch Train Ep: 2800 lr0.008309837338976545 	 Loss Classification: 0.467977 Loss T 0.111674 Method MME

S real T sketch Train Ep: 2900 lr0.008261477364388068 	 Loss Classification: 0.284517 Loss T 0.104077 Method MME

S real T sketch Train Ep: 3000 lr0.008213769018249545 	 Loss Classification: 0.208108 Loss T 0.109972 Method MME


Test set: Average loss: 1.7965, Accuracy: 14885/23808 F1 (63%)


Test set: Average loss: 1.6327, Accuracy: 230/360 F1 (64%)

best acc test 62.521001 best acc val 63.888889
saving model...
S real T sketch Train Ep: 3100 lr0.008166698608209509 	 Loss Classification: 0.375864 Loss T 0.117887 Method MME

S real T sketch Train Ep: 3200 lr0.008120252831274708 	 Loss Classification: 0.438773 Loss T 0.115977 Method MME

S real T sketch Train Ep: 3300 lr0.008074418759891278 	 Loss Classification: 0.553722 Loss T 0.130908 Method MME

S real T sketch Train Ep: 3400 lr0.008029183828623731 	 Loss Classification: 0.386494 Loss T 0.107353 Method MME

S real T sketch Train Ep: 3500 lr0.007984535821401871 	 Loss Classification: 0.414479 Loss T 0.090145 Method MME


Test set: Average loss: 1.7965, Accuracy: 15114/23808 F1 (63%)


Test set: Average loss: 1.6291, Accuracy: 231/360 F1 (64%)

best acc test 63.482863 best acc val 64.166667
saving model...
S real T sketch Train Ep: 3600 lr0.007940462859307384 	 Loss Classification: 0.333170 Loss T 0.098449 Method MME

S real T sketch Train Ep: 3700 lr0.007896953388873518 	 Loss Classification: 0.246998 Loss T 0.095116 Method MME

S real T sketch Train Ep: 3800 lr0.007853996170872714 	 Loss Classification: 0.098887 Loss T 0.085391 Method MME

S real T sketch Train Ep: 3900 lr0.00781158026956848 	 Loss Classification: 0.250493 Loss T 0.100959 Method MME

S real T sketch Train Ep: 4000 lr0.007769695042409123 	 Loss Classification: 0.199283 Loss T 0.060161 Method MME

0
1
2
3
4
5
6
7
8
9
10
11
12
13
14
15
16
17
18
19
20
21
22
23
24
25
26
27
28
29
30
31
32
33
34
35
36
37
38
39
40
41
42
43
44
45
46
47
48
49
50
51
52
53
54
55
56
57
58
59
60
61
62
63
64
65
66
67
68
69
70
71
72
73
74
75
76
77
78
79
80
81
82
83
84
85
86
87
88
89
90
91
92
93
94
95
96
97
98
99
100
101
102
103
104
105
106
107
108
109
110
111
112
113
114
115
116
117
118
119
120
121
122
123
124
125
126
127
128
129
130
131
132
133
134
135
136
137
138
139
140
141
142
143
144
145
146
147
148
149
150
151
152
153
154
155
156
157
158
159
160
161
162
163
164
165
166
167
168
169
170
171
172
173
174
175
176
177
178
179
180
181
182
183
184
185
186
187
188
189
190
191
192
193
194
195
196
197
198
199
200
201
202
203
204
205
206
207
208
209
210
211
212
213
214
215
216
217
218
219
220
221
222
223
224
225
226
227
228
229
230
231
232
233
234
235
236
237
238
239
240
241
242
243
244
245
246
247
248
249
250
251
252
253
254
255
256
257
258
259
260
261
262
263
264
265
266
267
268
269
270
271
272
273
274
275
276
277
278
279
280
281
282
283
284
285
286
287
288
289
290
291
292
293
294
295
296
297
298
299
300
301
302
303
304
305
306
307
308
309
310
311
312
313
314
315
316
317
318
319
320
321
322
323
324
325
326
327
328
329
330
331
332
333
334
335
336
337
338
339
340
341
342
343
344
345
346
347
348
349
350
351
352
353
354
355
356
357
358
359
360
361
362
363
364
365
366
367
368
369
370
371
372
373
374
375
376
377
378
379
380
381
382
383
384
385
386
387
388
389
390
391
392
393
394
395
396
397
398
399
400
401
402
403
404
405
406
407
408
409
410
411
412
413
414
415
416
417
418
419
420
421
422
423
424
425
426
427
428
429
430
431
432
433
434
435
436
437
438
439
440
441
442
443
444
445
446
447
448
449
450
451
452
453
454
455
456
457
458
459
460
461
462
463
464
465
466
467
468
469
470
471
472
473
474
475
476
477
478
479
480
481
482
483
484
485
486
487
488
489
490
491
492
493
494
495

Test set: Average loss: 1.7876, Accuracy: 15357/23808 F1 (65%)


Test set: Average loss: 1.5447, Accuracy: 233/360 F1 (65%)

best acc test 64.503528 best acc val 64.722222
saving model...
S real T sketch Train Ep: 4100 lr0.007728330130142108 	 Loss Classification: 0.130345 Loss T 0.118680 Method MME

S real T sketch Train Ep: 4200 lr0.007687475447329114 	 Loss Classification: 0.169211 Loss T 0.111732 Method MME

S real T sketch Train Ep: 4300 lr0.0076471211732427845 	 Loss Classification: 0.288549 Loss T 0.062866 Method MME

S real T sketch Train Ep: 4400 lr0.007607257743127307 	 Loss Classification: 0.318050 Loss T 0.100378 Method MME

S real T sketch Train Ep: 4500 lr0.007567875839805858 	 Loss Classification: 0.144039 Loss T 0.067792 Method MME


Test set: Average loss: 1.7889, Accuracy: 15411/23808 F1 (65%)


Test set: Average loss: 1.6051, Accuracy: 231/360 F1 (64%)

best acc test 64.503528 best acc val 64.166667
saving model...
S real T sketch Train Ep: 4600 lr0.007528966385618854 	 Loss Classification: 0.318336 Loss T 0.064572 Method MME

S real T sketch Train Ep: 4700 lr0.007490520534677821 	 Loss Classification: 0.390105 Loss T 0.090470 Method MME

S real T sketch Train Ep: 4800 lr0.007452529665420465 	 Loss Classification: 0.193252 Loss T 0.110593 Method MME

S real T sketch Train Ep: 4900 lr0.007414985373453289 	 Loss Classification: 0.308380 Loss T 0.102742 Method MME

S real T sketch Train Ep: 5000 lr0.007377879464668811 	 Loss Classification: 0.337467 Loss T 0.088509 Method MME


Test set: Average loss: 1.7171, Accuracy: 15782/23808 F1 (66%)


Test set: Average loss: 1.4735, Accuracy: 243/360 F1 (68%)

best acc test 66.288642 best acc val 67.500000
saving model...
S real T sketch Train Ep: 5100 lr0.007341203948625087 	 Loss Classification: 0.236556 Loss T 0.088257 Method MME

S real T sketch Train Ep: 5200 lr0.007304951032175895 	 Loss Classification: 0.576304 Loss T 0.084950 Method MME

S real T sketch Train Ep: 5300 lr0.007269113113340497 	 Loss Classification: 0.473383 Loss T 0.096136 Method MME

S real T sketch Train Ep: 5400 lr0.007233682775402483 	 Loss Classification: 0.440380 Loss T 0.075821 Method MME

S real T sketch Train Ep: 5500 lr0.007198652781227704 	 Loss Classification: 0.148531 Loss T 0.081299 Method MME


Test set: Average loss: 1.7455, Accuracy: 15834/23808 F1 (67%)


Test set: Average loss: 1.4781, Accuracy: 238/360 F1 (66%)

best acc test 66.288642 best acc val 66.111111
saving model...
S real T sketch Train Ep: 5600 lr0.007164016067791809 	 Loss Classification: 0.168207 Loss T 0.067956 Method MME

S real T sketch Train Ep: 5700 lr0.0071297657409083726 	 Loss Classification: 0.271088 Loss T 0.120941 Method MME

S real T sketch Train Ep: 5800 lr0.0070958950701490225 	 Loss Classification: 0.242082 Loss T 0.074476 Method MME

S real T sketch Train Ep: 5900 lr0.007062397483947426 	 Loss Classification: 0.166629 Loss T 0.058063 Method MME

S real T sketch Train Ep: 6000 lr0.007029266564879363 	 Loss Classification: 0.165300 Loss T 0.079013 Method MME

0
1
2
3
4
5
6
7
8
9
10
11
12
13
14
15
16
17
18
19
20
21
22
23
24
25
26
27
28
29
30
31
32
33
34
35
36
37
38
39
40
41
42
43
44
45
46
47
48
49
50
51
52
53
54
55
56
57
58
59
60
61
62
63
64
65
66
67
68
69
70
71
72
73
74
75
76
77
78
79
80
81
82
83
84
85
86
87
88
89
90
91
92
93
94
95
96
97
98
99
100
101
102
103
104
105
106
107
108
109
110
111
112
113
114
115
116
117
118
119
120
121
122
123
124
125
126
127
128
129
130
131
132
133
134
135
136
137
138
139
140
141
142
143
144
145
146
147
148
149
150
151
152
153
154
155
156
157
158
159
160
161
162
163
164
165
166
167
168
169
170
171
172
173
174
175
176
177
178
179
180
181
182
183
184
185
186
187
188
189
190
191
192
193
194
195
196
197
198
199
200
201
202
203
204
205
206
207
208
209
210
211
212
213
214
215
216
217
218
219
220
221
222
223
224
225
226
227
228
229
230
231
232
233
234
235
236
237
238
239
240
241
242
243
244
245
246
247
248
249
250
251
252
253
254
255
256
257
258
259
260
261
262
263
264
265
266
267
268
269
270
271
272
273
274
275
276
277
278
279
280
281
282
283
284
285
286
287
288
289
290
291
292
293
294
295
296
297
298
299
300
301
302
303
304
305
306
307
308
309
310
311
312
313
314
315
316
317
318
319
320
321
322
323
324
325
326
327
328
329
330
331
332
333
334
335
336
337
338
339
340
341
342
343
344
345
346
347
348
349
350
351
352
353
354
355
356
357
358
359
360
361
362
363
364
365
366
367
368
369
370
371
372
373
374
375
376
377
378
379
380
381
382
383
384
385
386
387
388
389
390
391
392
393
394
395
396
397
398
399
400
401
402
403
404
405
406
407
408
409
410
411
412
413
414
415
416
417
418
419
420
421
422
423
424
425
426
427
428
429
430
431
432
433
434
435
436
437
438
439
440
441
442
443
444
445
446
447
448
449
450
451
452
453
454
455
456
457
458
459
460
461
462
463
464
465
466
467
468
469
470
471
472
473
474
475
476
477
478
479
480
481
482
483
484
485
486
487
488
489
490
491
492
493
494
495

Test set: Average loss: 1.7659, Accuracy: 16050/23808 F1 (67%)


Test set: Average loss: 1.5790, Accuracy: 234/360 F1 (65%)

best acc test 66.288642 best acc val 65.000000
saving model...
S real T sketch Train Ep: 6100 lr0.006996496045111504 	 Loss Classification: 0.185668 Loss T 0.069701 Method MME

S real T sketch Train Ep: 6200 lr0.00696407980201184 	 Loss Classification: 0.214909 Loss T 0.077270 Method MME

S real T sketch Train Ep: 6300 lr0.006932011853915101 	 Loss Classification: 0.168942 Loss T 0.123260 Method MME

S real T sketch Train Ep: 6400 lr0.006900286356036734 	 Loss Classification: 0.381423 Loss T 0.061296 Method MME

S real T sketch Train Ep: 6500 lr0.006868897596529406 	 Loss Classification: 0.191520 Loss T 0.099340 Method MME


Test set: Average loss: 1.7609, Accuracy: 15983/23808 F1 (67%)


Test set: Average loss: 1.5243, Accuracy: 242/360 F1 (67%)

best acc test 66.288642 best acc val 67.222222
saving model...
S real T sketch Train Ep: 6600 lr0.006837839992676177 	 Loss Classification: 0.160815 Loss T 0.089068 Method MME

S real T sketch Train Ep: 6700 lr0.006807108087214876 	 Loss Classification: 0.360934 Loss T 0.083007 Method MME

S real T sketch Train Ep: 6800 lr0.006776696544788352 	 Loss Classification: 0.279841 Loss T 0.080535 Method MME

S real T sketch Train Ep: 6900 lr0.006746600148515609 	 Loss Classification: 0.072311 Loss T 0.080749 Method MME

S real T sketch Train Ep: 7000 lr0.006716813796678979 	 Loss Classification: 0.241670 Loss T 0.061004 Method MME


Test set: Average loss: 1.7510, Accuracy: 16100/23808 F1 (68%)


Test set: Average loss: 1.5684, Accuracy: 231/360 F1 (64%)

best acc test 66.288642 best acc val 64.166667
saving model...
S real T sketch Train Ep: 7100 lr0.006687332499522798 	 Loss Classification: 0.300705 Loss T 0.088932 Method MME

S real T sketch Train Ep: 7200 lr0.006658151376159165 	 Loss Classification: 0.164482 Loss T 0.038422 Method MME

S real T sketch Train Ep: 7300 lr0.00662926565157663 	 Loss Classification: 0.114011 Loss T 0.093089 Method MME

S real T sketch Train Ep: 7400 lr0.006600670653747793 	 Loss Classification: 0.297990 Loss T 0.067110 Method MME

S real T sketch Train Ep: 7500 lr0.0065723618108320175 	 Loss Classification: 0.202033 Loss T 0.069868 Method MME


Test set: Average loss: 1.7551, Accuracy: 16099/23808 F1 (68%)


Test set: Average loss: 1.4655, Accuracy: 241/360 F1 (67%)

best acc test 66.288642 best acc val 66.944444
saving model...
S real T sketch Train Ep: 7600 lr0.006544334648469591 	 Loss Classification: 0.223247 Loss T 0.059052 Method MME

S real T sketch Train Ep: 7700 lr0.006516584787163857 	 Loss Classification: 0.135367 Loss T 0.072877 Method MME

S real T sketch Train Ep: 7800 lr0.006489107939747966 	 Loss Classification: 0.305554 Loss T 0.054496 Method MME

S real T sketch Train Ep: 7900 lr0.0064618999089330565 	 Loss Classification: 0.127375 Loss T 0.061043 Method MME

S real T sketch Train Ep: 8000 lr0.006434956584934828 	 Loss Classification: 0.557307 Loss T 0.062892 Method MME

0
1
2
3
4
5
6
7
8
9
10
11
12
13
14
15
16
17
18
19
20
21
22
23
24
25
26
27
28
29
30
31
32
33
34
35
36
37
38
39
40
41
42
43
44
45
46
47
48
49
50
51
52
53
54
55
56
57
58
59
60
61
62
63
64
65
66
67
68
69
70
71
72
73
74
75
76
77
78
79
80
81
82
83
84
85
86
87
88
89
90
91
92
93
94
95
96
97
98
99
100
101
102
103
104
105
106
107
108
109
110
111
112
113
114
115
116
117
118
119
120
121
122
123
124
125
126
127
128
129
130
131
132
133
134
135
136
137
138
139
140
141
142
143
144
145
146
147
148
149
150
151
152
153
154
155
156
157
158
159
160
161
162
163
164
165
166
167
168
169
170
171
172
173
174
175
176
177
178
179
180
181
182
183
184
185
186
187
188
189
190
191
192
193
194
195
196
197
198
199
200
201
202
203
204
205
206
207
208
209
210
211
212
213
214
215
216
217
218
219
220
221
222
223
224
225
226
227
228
229
230
231
232
233
234
235
236
237
238
239
240
241
242
243
244
245
246
247
248
249
250
251
252
253
254
255
256
257
258
259
260
261
262
263
264
265
266
267
268
269
270
271
272
273
274
275
276
277
278
279
280
281
282
283
284
285
286
287
288
289
290
291
292
293
294
295
296
297
298
299
300
301
302
303
304
305
306
307
308
309
310
311
312
313
314
315
316
317
318
319
320
321
322
323
324
325
326
327
328
329
330
331
332
333
334
335
336
337
338
339
340
341
342
343
344
345
346
347
348
349
350
351
352
353
354
355
356
357
358
359
360
361
362
363
364
365
366
367
368
369
370
371
372
373
374
375
376
377
378
379
380
381
382
383
384
385
386
387
388
389
390
391
392
393
394
395
396
397
398
399
400
401
402
403
404
405
406
407
408
409
410
411
412
413
414
415
416
417
418
419
420
421
422
423
424
425
426
427
428
429
430
431
432
433
434
435
436
437
438
439
440
441
442
443
444
445
446
447
448
449
450
451
452
453
454
455
456
457
458
459
460
461
462
463
464
465
466
467
468
469
470
471
472
473
474
475
476
477
478
479
480
481
482
483
484
485
486
487
488
489
490
491
492
493
494
495

Test set: Average loss: 1.8596, Accuracy: 16053/23808 F1 (67%)


Test set: Average loss: 1.6144, Accuracy: 245/360 F1 (68%)

best acc test 67.426915 best acc val 68.055556
saving model...
S real T sketch Train Ep: 8100 lr0.006408273943175546 	 Loss Classification: 0.289188 Loss T 0.067054 Method MME

S real T sketch Train Ep: 8200 lr0.006381848042058713 	 Loss Classification: 0.203591 Loss T 0.059479 Method MME

S real T sketch Train Ep: 8300 lr0.0063556750208137005 	 Loss Classification: 0.533627 Loss T 0.083470 Method MME

S real T sketch Train Ep: 8400 lr0.006329751097407787 	 Loss Classification: 0.281682 Loss T 0.069333 Method MME

S real T sketch Train Ep: 8500 lr0.0063040725665231365 	 Loss Classification: 0.229003 Loss T 0.055601 Method MME


Test set: Average loss: 1.7991, Accuracy: 16137/23808 F1 (68%)


Test set: Average loss: 1.5878, Accuracy: 243/360 F1 (68%)

best acc test 67.426915 best acc val 67.500000
saving model...
S real T sketch Train Ep: 8600 lr0.006278635797596355 	 Loss Classification: 0.138173 Loss T 0.069144 Method MME

S real T sketch Train Ep: 8700 lr0.006253437232918371 	 Loss Classification: 0.672592 Loss T 0.061144 Method MME

S real T sketch Train Ep: 8800 lr0.0062284733857924735 	 Loss Classification: 0.268510 Loss T 0.059084 Method MME

S real T sketch Train Ep: 8900 lr0.006203740838748417 	 Loss Classification: 0.122595 Loss T 0.058951 Method MME

S real T sketch Train Ep: 9000 lr0.006179236241810624 	 Loss Classification: 0.104395 Loss T 0.067137 Method MME


Test set: Average loss: 1.7335, Accuracy: 16408/23808 F1 (69%)


Test set: Average loss: 1.5029, Accuracy: 245/360 F1 (68%)

best acc test 68.918011 best acc val 68.055556
saving model...
S real T sketch Train Ep: 9100 lr0.006154956310818535 	 Loss Classification: 0.220966 Loss T 0.039252 Method MME

S real T sketch Train Ep: 9200 lr0.0061308978257973165 	 Loss Classification: 0.170931 Loss T 0.042546 Method MME

S real T sketch Train Ep: 9300 lr0.0061070576293771285 	 Loss Classification: 0.102796 Loss T 0.061469 Method MME

S real T sketch Train Ep: 9400 lr0.006083432625259276 	 Loss Classification: 0.337090 Loss T 0.063937 Method MME

S real T sketch Train Ep: 9500 lr0.006060019776727621 	 Loss Classification: 0.442556 Loss T 0.059412 Method MME


Test set: Average loss: 1.7727, Accuracy: 16341/23808 F1 (69%)


Test set: Average loss: 1.4825, Accuracy: 251/360 F1 (70%)

best acc test 68.636593 best acc val 69.722222
saving model...
S real T sketch Train Ep: 9600 lr0.00603681610520369 	 Loss Classification: 0.246677 Loss T 0.058530 Method MME

S real T sketch Train Ep: 9700 lr0.0060138186888439825 	 Loss Classification: 0.238864 Loss T 0.050589 Method MME

S real T sketch Train Ep: 9800 lr0.005991024661178045 	 Loss Classification: 0.265181 Loss T 0.067673 Method MME

S real T sketch Train Ep: 9900 lr0.0059684312097859115 	 Loss Classification: 0.346425 Loss T 0.072068 Method MME

S real T sketch Train Ep: 10000 lr0.005946035575013605 	 Loss Classification: 0.263848 Loss T 0.058785 Method MME

0
1
2
3
4
5
6
7
8
9
10
11
12
13
14
15
16
17
18
19
20
21
22
23
24
25
26
27
28
29
30
31
32
33
34
35
36
37
38
39
40
41
42
43
44
45
46
47
48
49
50
51
52
53
54
55
56
57
58
59
60
61
62
63
64
65
66
67
68
69
70
71
72
73
74
75
76
77
78
79
80
81
82
83
84
85
86
87
88
89
90
91
92
93
94
95
96
97
98
99
100
101
102
103
104
105
106
107
108
109
110
111
112
113
114
115
116
117
118
119
120
121
122
123
124
125
126
127
128
129
130
131
132
133
134
135
136
137
138
139
140
141
142
143
144
145
146
147
148
149
150
151
152
153
154
155
156
157
158
159
160
161
162
163
164
165
166
167
168
169
170
171
172
173
174
175
176
177
178
179
180
181
182
183
184
185
186
187
188
189
190
191
192
193
194
195
196
197
198
199
200
201
202
203
204
205
206
207
208
209
210
211
212
213
214
215
216
217
218
219
220
221
222
223
224
225
226
227
228
229
230
231
232
233
234
235
236
237
238
239
240
241
242
243
244
245
246
247
248
249
250
251
252
253
254
255
256
257
258
259
260
261
262
263
264
265
266
267
268
269
270
271
272
273
274
275
276
277
278
279
280
281
282
283
284
285
286
287
288
289
290
291
292
293
294
295
296
297
298
299
300
301
302
303
304
305
306
307
308
309
310
311
312
313
314
315
316
317
318
319
320
321
322
323
324
325
326
327
328
329
330
331
332
333
334
335
336
337
338
339
340
341
342
343
344
345
346
347
348
349
350
351
352
353
354
355
356
357
358
359
360
361
362
363
364
365
366
367
368
369
370
371
372
373
374
375
376
377
378
379
380
381
382
383
384
385
386
387
388
389
390
391
392
393
394
395
396
397
398
399
400
401
402
403
404
405
406
407
408
409
410
411
412
413
414
415
416
417
418
419
420
421
422
423
424
425
426
427
428
429
430
431
432
433
434
435
436
437
438
439
440
441
442
443
444
445
446
447
448
449
450
451
452
453
454
455
456
457
458
459
460
461
462
463
464
465
466
467
468
469
470
471
472
473
474
475
476
477
478
479
480
481
482
483
484
485
486
487
488
489
490
491
492
493
494
495

Test set: Average loss: 1.8806, Accuracy: 16301/23808 F1 (68%)


Test set: Average loss: 1.6098, Accuracy: 242/360 F1 (67%)

best acc test 68.636593 best acc val 67.222222
saving model...
S real T sketch Train Ep: 10100 lr0.005923835048725393 	 Loss Classification: 0.128123 Loss T 0.058187 Method MME

S real T sketch Train Ep: 10200 lr0.005901826973091593 	 Loss Classification: 0.309070 Loss T 0.057459 Method MME

S real T sketch Train Ep: 10300 lr0.005880008739410735 	 Loss Classification: 0.348767 Loss T 0.059005 Method MME

S real T sketch Train Ep: 10400 lr0.005858377786964935 	 Loss Classification: 0.243310 Loss T 0.060493 Method MME

S real T sketch Train Ep: 10500 lr0.005836931601907399 	 Loss Classification: 0.195116 Loss T 0.052500 Method MME


Test set: Average loss: 1.8194, Accuracy: 16358/23808 F1 (69%)


Test set: Average loss: 1.6032, Accuracy: 248/360 F1 (69%)

best acc test 68.636593 best acc val 68.888889
saving model...
S real T sketch Train Ep: 10600 lr0.005815667716181004 	 Loss Classification: 0.155901 Loss T 0.046267 Method MME

S real T sketch Train Ep: 10700 lr0.005794583706466925 	 Loss Classification: 0.269855 Loss T 0.058865 Method MME

S real T sketch Train Ep: 10800 lr0.005773677193162352 	 Loss Classification: 0.113725 Loss T 0.073342 Method MME

S real T sketch Train Ep: 10900 lr0.005752945839386346 	 Loss Classification: 0.324812 Loss T 0.042231 Method MME

S real T sketch Train Ep: 11000 lr0.005732387350012933 	 Loss Classification: 0.274397 Loss T 0.054429 Method MME


Test set: Average loss: 1.8240, Accuracy: 16427/23808 F1 (69%)


Test set: Average loss: 1.5894, Accuracy: 243/360 F1 (68%)

best acc test 68.636593 best acc val 67.500000
saving model...
S real T sketch Train Ep: 11100 lr0.005711999470730565 	 Loss Classification: 0.162421 Loss T 0.040002 Method MME

S real T sketch Train Ep: 11200 lr0.005691779987127103 	 Loss Classification: 0.287345 Loss T 0.051020 Method MME

S real T sketch Train Ep: 11300 lr0.005671726723799515 	 Loss Classification: 0.253521 Loss T 0.058374 Method MME

S real T sketch Train Ep: 11400 lr0.005651837543487509 	 Loss Classification: 0.121601 Loss T 0.057938 Method MME

S real T sketch Train Ep: 11500 lr0.005632110346230358 	 Loss Classification: 0.213991 Loss T 0.038763 Method MME


Test set: Average loss: 1.8017, Accuracy: 16483/23808 F1 (69%)


Test set: Average loss: 1.5332, Accuracy: 249/360 F1 (69%)

best acc test 68.636593 best acc val 69.166667
saving model...
S real T sketch Train Ep: 11600 lr0.005612543068546177 	 Loss Classification: 0.143801 Loss T 0.036463 Method MME

S real T sketch Train Ep: 11700 lr0.005593133682632953 	 Loss Classification: 0.288058 Loss T 0.033075 Method MME

S real T sketch Train Ep: 11800 lr0.005573880195590681 	 Loss Classification: 0.086293 Loss T 0.044434 Method MME

S real T sketch Train Ep: 11900 lr0.0055547806486639095 	 Loss Classification: 0.163424 Loss T 0.069684 Method MME

S real T sketch Train Ep: 12000 lr0.005535833116504121 	 Loss Classification: 0.275702 Loss T 0.057357 Method MME

0
1
2
3
4
5
6
7
8
9
10
11
12
13
14
15
16
17
18
19
20
21
22
23
24
25
26
27
28
29
30
31
32
33
34
35
36
37
38
39
40
41
42
43
44
45
46
47
48
49
50
51
52
53
54
55
56
57
58
59
60
61
62
63
64
65
66
67
68
69
70
71
72
73
74
75
76
77
78
79
80
81
82
83
84
85
86
87
88
89
90
91
92
93
94
95
96
97
98
99
100
101
102
103
104
105
106
107
108
109
110
111
112
113
114
115
116
117
118
119
120
121
122
123
124
125
126
127
128
129
130
131
132
133
134
135
136
137
138
139
140
141
142
143
144
145
146
147
148
149
150
151
152
153
154
155
156
157
158
159
160
161
162
163
164
165
166
167
168
169
170
171
172
173
174
175
176
177
178
179
180
181
182
183
184
185
186
187
188
189
190
191
192
193
194
195
196
197
198
199
200
201
202
203
204
205
206
207
208
209
210
211
212
213
214
215
216
217
218
219
220
221
222
223
224
225
226
227
228
229
230
231
232
233
234
235
236
237
238
239
240
241
242
243
244
245
246
247
248
249
250
251
252
253
254
255
256
257
258
259
260
261
262
263
264
265
266
267
268
269
270
271
272
273
274
275
276
277
278
279
280
281
282
283
284
285
286
287
288
289
290
291
292
293
294
295
296
297
298
299
300
301
302
303
304
305
306
307
308
309
310
311
312
313
314
315
316
317
318
319
320
321
322
323
324
325
326
327
328
329
330
331
332
333
334
335
336
337
338
339
340
341
342
343
344
345
346
347
348
349
350
351
352
353
354
355
356
357
358
359
360
361
362
363
364
365
366
367
368
369
370
371
372
373
374
375
376
377
378
379
380
381
382
383
384
385
386
387
388
389
390
391
392
393
394
395
396
397
398
399
400
401
402
403
404
405
406
407
408
409
410
411
412
413
414
415
416
417
418
419
420
421
422
423
424
425
426
427
428
429
430
431
432
433
434
435
436
437
438
439
440
441
442
443
444
445
446
447
448
449
450
451
452
453
454
455
456
457
458
459
460
461
462
463
464
465
466
467
468
469
470
471
472
473
474
475
476
477
478
479
480
481
482
483
484
485
486
487
488
489
490
491
492
493
494
495

Test set: Average loss: 1.9341, Accuracy: 16406/23808 F1 (69%)


Test set: Average loss: 1.7803, Accuracy: 239/360 F1 (66%)

best acc test 68.636593 best acc val 66.388889
saving model...
S real T sketch Train Ep: 12100 lr0.00551703570645129 	 Loss Classification: 0.113555 Loss T 0.041589 Method MME

S real T sketch Train Ep: 12200 lr0.005498386557834078 	 Loss Classification: 0.263092 Loss T 0.036129 Method MME

S real T sketch Train Ep: 12300 lr0.00547988384128807 	 Loss Classification: 0.077130 Loss T 0.045745 Method MME

S real T sketch Train Ep: 12400 lr0.005461525758091539 	 Loss Classification: 0.292290 Loss T 0.045981 Method MME

S real T sketch Train Ep: 12500 lr0.005443310539518174 	 Loss Classification: 0.254614 Loss T 0.062080 Method MME


Test set: Average loss: 1.8381, Accuracy: 16448/23808 F1 (69%)


Test set: Average loss: 1.6815, Accuracy: 238/360 F1 (66%)

