Dataset multi Source real Target sketch Labeled num perclass 3 Network resnet34
126 classes in this dataset
496
S real T sketch Train Ep: 0 lr0.01 	 Loss Classification: 5.024758 Loss T 0.472163 Method MME

S real T sketch Train Ep: 100 lr0.009925650290240803 	 Loss Classification: 1.323980 Loss T 0.273683 Method MME

S real T sketch Train Ep: 200 lr0.009852577760521605 	 Loss Classification: 0.686078 Loss T 0.240054 Method MME

S real T sketch Train Ep: 300 lr0.009780748269686728 	 Loss Classification: 0.433914 Loss T 0.194315 Method MME

S real T sketch Train Ep: 400 lr0.009710128909124701 	 Loss Classification: 0.578174 Loss T 0.172190 Method MME

S real T sketch Train Ep: 500 lr0.00964068794694323 	 Loss Classification: 0.876969 Loss T 0.155808 Method MME


Test set: Average loss: 2.0072, Accuracy: 13129/23808 F1 (55%)


Test set: Average loss: 1.8552, Accuracy: 209/360 F1 (58%)

best acc test 55.145329 best acc val 58.055556
record record/multi/MME/MME_net_resnet34_real_to_sketch_num_3
saving model...
S real T sketch Train Ep: 600 lr0.00957239477517603 	 Loss Classification: 0.871213 Loss T 0.174290 Method MME

S real T sketch Train Ep: 700 lr0.009505219859830012 	 Loss Classification: 0.677831 Loss T 0.180961 Method MME

S real T sketch Train Ep: 800 lr0.009439134693595126 	 Loss Classification: 0.515246 Loss T 0.131857 Method MME

S real T sketch Train Ep: 900 lr0.009374111751051751 	 Loss Classification: 0.603550 Loss T 0.130122 Method MME

S real T sketch Train Ep: 1000 lr0.009310124446222227 	 Loss Classification: 0.806227 Loss T 0.154017 Method MME


Test set: Average loss: 1.9032, Accuracy: 13970/23808 F1 (59%)


Test set: Average loss: 1.7045, Accuracy: 217/360 F1 (60%)

best acc test 58.677755 best acc val 60.277778
record record/multi/MME/MME_net_resnet34_real_to_sketch_num_3
saving model...
S real T sketch Train Ep: 1100 lr0.00924714709232377 	 Loss Classification: 0.575916 Loss T 0.129687 Method MME

S real T sketch Train Ep: 1200 lr0.009185154863590003 	 Loss Classification: 0.500554 Loss T 0.124424 Method MME

S real T sketch Train Ep: 1300 lr0.00912412375903735 	 Loss Classification: 0.554823 Loss T 0.133500 Method MME

S real T sketch Train Ep: 1400 lr0.009064030568061049 	 Loss Classification: 0.480451 Loss T 0.143731 Method MME

S real T sketch Train Ep: 1500 lr0.009004852837753237 	 Loss Classification: 0.638597 Loss T 0.130470 Method MME


Test set: Average loss: 1.8507, Accuracy: 14293/23808 F1 (60%)


Test set: Average loss: 1.5990, Accuracy: 232/360 F1 (64%)

best acc test 60.034442 best acc val 64.444444
record record/multi/MME/MME_net_resnet34_real_to_sketch_num_3
saving model...
S real T sketch Train Ep: 1600 lr0.008946568841842816 	 Loss Classification: 0.574076 Loss T 0.125661 Method MME

S real T sketch Train Ep: 1700 lr0.008889157551163433 	 Loss Classification: 0.896996 Loss T 0.131943 Method MME

S real T sketch Train Ep: 1800 lr0.008832598605562044 	 Loss Classification: 0.512874 Loss T 0.129983 Method MME

S real T sketch Train Ep: 1900 lr0.008776872287166303 	 Loss Classification: 0.621133 Loss T 0.132562 Method MME

S real T sketch Train Ep: 2000 lr0.008721959494934213 	 Loss Classification: 0.273420 Loss T 0.110735 Method MME


Test set: Average loss: 1.7702, Accuracy: 14960/23808 F1 (63%)


Test set: Average loss: 1.5615, Accuracy: 233/360 F1 (65%)

best acc test 62.836022 best acc val 64.722222
record record/multi/MME/MME_net_resnet34_real_to_sketch_num_3
saving model...
S real T sketch Train Ep: 2100 lr0.008667841720414475 	 Loss Classification: 0.587659 Loss T 0.123150 Method MME

S real T sketch Train Ep: 2200 lr0.008614501024650454 	 Loss Classification: 0.788923 Loss T 0.101013 Method MME

S real T sketch Train Ep: 2300 lr0.008561920016164943 	 Loss Classification: 0.434655 Loss T 0.134162 Method MME

S real T sketch Train Ep: 2400 lr0.008510081829966844 	 Loss Classification: 0.447835 Loss T 0.094923 Method MME

S real T sketch Train Ep: 2500 lr0.008458970107524513 	 Loss Classification: 0.366724 Loss T 0.098229 Method MME


Test set: Average loss: 1.7305, Accuracy: 15181/23808 F1 (64%)


Test set: Average loss: 1.4930, Accuracy: 235/360 F1 (65%)

best acc test 63.764281 best acc val 65.277778
record record/multi/MME/MME_net_resnet34_real_to_sketch_num_3
saving model...
S real T sketch Train Ep: 2600 lr0.008408568977653933 	 Loss Classification: 0.345594 Loss T 0.120926 Method MME

S real T sketch Train Ep: 2700 lr0.00835886303827305 	 Loss Classification: 0.673908 Loss T 0.113389 Method MME

S real T sketch Train Ep: 2800 lr0.008309837338976545 	 Loss Classification: 0.367461 Loss T 0.122534 Method MME

S real T sketch Train Ep: 2900 lr0.008261477364388068 	 Loss Classification: 0.267077 Loss T 0.104767 Method MME

S real T sketch Train Ep: 3000 lr0.008213769018249545 	 Loss Classification: 0.475223 Loss T 0.120952 Method MME


Test set: Average loss: 1.8184, Accuracy: 15074/23808 F1 (63%)


Test set: Average loss: 1.6032, Accuracy: 228/360 F1 (63%)

best acc test 63.764281 best acc val 63.333333
record record/multi/MME/MME_net_resnet34_real_to_sketch_num_3
saving model...
S real T sketch Train Ep: 3100 lr0.008166698608209509 	 Loss Classification: 0.277133 Loss T 0.095892 Method MME

S real T sketch Train Ep: 3200 lr0.008120252831274708 	 Loss Classification: 0.383754 Loss T 0.095939 Method MME

S real T sketch Train Ep: 3300 lr0.008074418759891278 	 Loss Classification: 0.314607 Loss T 0.103775 Method MME

S real T sketch Train Ep: 3400 lr0.008029183828623731 	 Loss Classification: 0.583646 Loss T 0.096275 Method MME

S real T sketch Train Ep: 3500 lr0.007984535821401871 	 Loss Classification: 0.474274 Loss T 0.087565 Method MME


Test set: Average loss: 1.7432, Accuracy: 15511/23808 F1 (65%)


Test set: Average loss: 1.4819, Accuracy: 237/360 F1 (66%)

best acc test 65.150370 best acc val 65.833333
record record/multi/MME/MME_net_resnet34_real_to_sketch_num_3
saving model...
S real T sketch Train Ep: 3600 lr0.007940462859307384 	 Loss Classification: 0.758775 Loss T 0.120744 Method MME

S real T sketch Train Ep: 3700 lr0.007896953388873518 	 Loss Classification: 0.319741 Loss T 0.119994 Method MME

S real T sketch Train Ep: 3800 lr0.007853996170872714 	 Loss Classification: 0.293123 Loss T 0.092583 Method MME

S real T sketch Train Ep: 3900 lr0.00781158026956848 	 Loss Classification: 0.227827 Loss T 0.083630 Method MME

S real T sketch Train Ep: 4000 lr0.007769695042409123 	 Loss Classification: 0.636804 Loss T 0.084026 Method MME


Test set: Average loss: 1.7880, Accuracy: 15346/23808 F1 (64%)


Test set: Average loss: 1.5386, Accuracy: 242/360 F1 (67%)

best acc test 64.457325 best acc val 67.222222
record record/multi/MME/MME_net_resnet34_real_to_sketch_num_3
saving model...
S real T sketch Train Ep: 4100 lr0.007728330130142108 	 Loss Classification: 0.366073 Loss T 0.078861 Method MME

S real T sketch Train Ep: 4200 lr0.007687475447329114 	 Loss Classification: 0.377500 Loss T 0.117454 Method MME

S real T sketch Train Ep: 4300 lr0.0076471211732427845 	 Loss Classification: 0.265218 Loss T 0.076298 Method MME

S real T sketch Train Ep: 4400 lr0.007607257743127307 	 Loss Classification: 0.427015 Loss T 0.096075 Method MME

S real T sketch Train Ep: 4500 lr0.007567875839805858 	 Loss Classification: 0.410929 Loss T 0.102854 Method MME


Test set: Average loss: 1.6990, Accuracy: 15731/23808 F1 (66%)


Test set: Average loss: 1.4644, Accuracy: 239/360 F1 (66%)

best acc test 64.457325 best acc val 66.388889
record record/multi/MME/MME_net_resnet34_real_to_sketch_num_3
saving model...
S real T sketch Train Ep: 4600 lr0.007528966385618854 	 Loss Classification: 0.296378 Loss T 0.087464 Method MME

S real T sketch Train Ep: 4700 lr0.007490520534677821 	 Loss Classification: 0.636027 Loss T 0.080139 Method MME

S real T sketch Train Ep: 4800 lr0.007452529665420465 	 Loss Classification: 0.554289 Loss T 0.086062 Method MME

S real T sketch Train Ep: 4900 lr0.007414985373453289 	 Loss Classification: 0.577533 Loss T 0.094182 Method MME

S real T sketch Train Ep: 5000 lr0.007377879464668811 	 Loss Classification: 0.202777 Loss T 0.050478 Method MME


Test set: Average loss: 1.6861, Accuracy: 15918/23808 F1 (67%)


Test set: Average loss: 1.4457, Accuracy: 238/360 F1 (66%)

best acc test 64.457325 best acc val 66.111111
record record/multi/MME/MME_net_resnet34_real_to_sketch_num_3
saving model...
S real T sketch Train Ep: 5100 lr0.007341203948625087 	 Loss Classification: 0.787802 Loss T 0.089346 Method MME

S real T sketch Train Ep: 5200 lr0.007304951032175895 	 Loss Classification: 0.516045 Loss T 0.090418 Method MME

S real T sketch Train Ep: 5300 lr0.007269113113340497 	 Loss Classification: 0.085125 Loss T 0.096751 Method MME

S real T sketch Train Ep: 5400 lr0.007233682775402483 	 Loss Classification: 0.466660 Loss T 0.082152 Method MME

S real T sketch Train Ep: 5500 lr0.007198652781227704 	 Loss Classification: 0.604478 Loss T 0.070231 Method MME


Test set: Average loss: 1.6997, Accuracy: 16036/23808 F1 (67%)


Test set: Average loss: 1.5113, Accuracy: 242/360 F1 (67%)

best acc test 67.355511 best acc val 67.222222
record record/multi/MME/MME_net_resnet34_real_to_sketch_num_3
saving model...
S real T sketch Train Ep: 5600 lr0.007164016067791809 	 Loss Classification: 0.469869 Loss T 0.064659 Method MME

S real T sketch Train Ep: 5700 lr0.0071297657409083726 	 Loss Classification: 0.869136 Loss T 0.094693 Method MME

S real T sketch Train Ep: 5800 lr0.0070958950701490225 	 Loss Classification: 0.742063 Loss T 0.106569 Method MME

S real T sketch Train Ep: 5900 lr0.007062397483947426 	 Loss Classification: 0.525192 Loss T 0.078345 Method MME

S real T sketch Train Ep: 6000 lr0.007029266564879363 	 Loss Classification: 0.317911 Loss T 0.089467 Method MME


Test set: Average loss: 1.7164, Accuracy: 15918/23808 F1 (67%)


Test set: Average loss: 1.3642, Accuracy: 254/360 F1 (71%)

best acc test 66.859879 best acc val 70.555556
record record/multi/MME/MME_net_resnet34_real_to_sketch_num_3
saving model...
S real T sketch Train Ep: 6100 lr0.006996496045111504 	 Loss Classification: 0.340403 Loss T 0.075129 Method MME

S real T sketch Train Ep: 6200 lr0.00696407980201184 	 Loss Classification: 0.546645 Loss T 0.069902 Method MME

S real T sketch Train Ep: 6300 lr0.006932011853915101 	 Loss Classification: 0.267758 Loss T 0.088705 Method MME

S real T sketch Train Ep: 6400 lr0.006900286356036734 	 Loss Classification: 0.790637 Loss T 0.068565 Method MME

S real T sketch Train Ep: 6500 lr0.006868897596529406 	 Loss Classification: 0.309693 Loss T 0.065407 Method MME


Test set: Average loss: 1.7336, Accuracy: 16122/23808 F1 (68%)


Test set: Average loss: 1.5247, Accuracy: 240/360 F1 (67%)

best acc test 66.859879 best acc val 66.666667
record record/multi/MME/MME_net_resnet34_real_to_sketch_num_3
saving model...
S real T sketch Train Ep: 6600 lr0.006837839992676177 	 Loss Classification: 0.299003 Loss T 0.109263 Method MME

S real T sketch Train Ep: 6700 lr0.006807108087214876 	 Loss Classification: 0.449342 Loss T 0.093099 Method MME

S real T sketch Train Ep: 6800 lr0.006776696544788352 	 Loss Classification: 0.405004 Loss T 0.057022 Method MME

S real T sketch Train Ep: 6900 lr0.006746600148515609 	 Loss Classification: 0.502319 Loss T 0.064979 Method MME

S real T sketch Train Ep: 7000 lr0.006716813796678979 	 Loss Classification: 0.389488 Loss T 0.069081 Method MME


Test set: Average loss: 1.6654, Accuracy: 16339/23808 F1 (69%)


Test set: Average loss: 1.4027, Accuracy: 250/360 F1 (69%)

best acc test 66.859879 best acc val 69.444444
record record/multi/MME/MME_net_resnet34_real_to_sketch_num_3
saving model...
S real T sketch Train Ep: 7100 lr0.006687332499522798 	 Loss Classification: 0.310283 Loss T 0.048456 Method MME

S real T sketch Train Ep: 7200 lr0.006658151376159165 	 Loss Classification: 0.325701 Loss T 0.078668 Method MME

S real T sketch Train Ep: 7300 lr0.00662926565157663 	 Loss Classification: 0.284259 Loss T 0.063229 Method MME

S real T sketch Train Ep: 7400 lr0.006600670653747793 	 Loss Classification: 0.294477 Loss T 0.085067 Method MME

S real T sketch Train Ep: 7500 lr0.0065723618108320175 	 Loss Classification: 0.470440 Loss T 0.048291 Method MME


Test set: Average loss: 1.7177, Accuracy: 16229/23808 F1 (68%)


Test set: Average loss: 1.5345, Accuracy: 243/360 F1 (68%)

best acc test 66.859879 best acc val 67.500000
record record/multi/MME/MME_net_resnet34_real_to_sketch_num_3
saving model...
S real T sketch Train Ep: 7600 lr0.006544334648469591 	 Loss Classification: 0.399671 Loss T 0.078668 Method MME

S real T sketch Train Ep: 7700 lr0.006516584787163857 	 Loss Classification: 0.218031 Loss T 0.066010 Method MME

S real T sketch Train Ep: 7800 lr0.006489107939747966 	 Loss Classification: 0.621013 Loss T 0.063704 Method MME

S real T sketch Train Ep: 7900 lr0.0064618999089330565 	 Loss Classification: 0.422248 Loss T 0.073300 Method MME

S real T sketch Train Ep: 8000 lr0.006434956584934828 	 Loss Classification: 0.490283 Loss T 0.084328 Method MME


Test set: Average loss: 1.7205, Accuracy: 16396/23808 F1 (69%)


Test set: Average loss: 1.4176, Accuracy: 248/360 F1 (69%)

best acc test 66.859879 best acc val 68.888889
record record/multi/MME/MME_net_resnet34_real_to_sketch_num_3
saving model...
S real T sketch Train Ep: 8100 lr0.006408273943175546 	 Loss Classification: 0.190646 Loss T 0.091196 Method MME

S real T sketch Train Ep: 8200 lr0.006381848042058713 	 Loss Classification: 0.170650 Loss T 0.073001 Method MME

Terminated
