Dataset multi Source real Target sketch Labeled num perclass 3 Network resnet34
126 classes in this dataset
23826
Bank keys - Target:  dict_keys(['feat_vec', 'labels', 'names', 'domain_identifier']) Source:  dict_keys(['feat_vec', 'labels', 'names', 'domain_identifier'])
Num  - Target:  23826 Source:  70358
S real T sketch Train Ep: 0 lr0.01 	 Loss Classification: 5.040266 Loss T 0.471779 Method MME

S real T sketch Train Ep: 100 lr0.009925650290240803 	 Loss Classification: 0.978268 Loss T 0.283817 Method MME

S real T sketch Train Ep: 200 lr0.009852577760521605 	 Loss Classification: 0.431951 Loss T 0.229394 Method MME

S real T sketch Train Ep: 300 lr0.009780748269686728 	 Loss Classification: 0.512780 Loss T 0.251495 Method MME

S real T sketch Train Ep: 400 lr0.009710128909124701 	 Loss Classification: 0.379795 Loss T 0.218570 Method MME

S real T sketch Train Ep: 500 lr0.00964068794694323 	 Loss Classification: 0.625935 Loss T 0.226984 Method MME


Test set: Average loss: 2.2591, Accuracy: 11615/23808 F1 (49%)


Test set: Average loss: 2.0480, Accuracy: 195/360 F1 (54%)

best acc test 48.786122 best acc val 54.166667
saving model...
S real T sketch Train Ep: 600 lr0.00957239477517603 	 Loss Classification: 0.544424 Loss T 0.212352 Method MME

S real T sketch Train Ep: 700 lr0.009505219859830012 	 Loss Classification: 0.690006 Loss T 0.229699 Method MME

S real T sketch Train Ep: 800 lr0.009439134693595126 	 Loss Classification: 0.646707 Loss T 0.219430 Method MME

S real T sketch Train Ep: 900 lr0.009374111751051751 	 Loss Classification: 0.312952 Loss T 0.227090 Method MME

S real T sketch Train Ep: 1000 lr0.009310124446222227 	 Loss Classification: 0.346175 Loss T 0.227054 Method MME


Test set: Average loss: 2.4089, Accuracy: 11165/23808 F1 (47%)


Test set: Average loss: 2.1649, Accuracy: 190/360 F1 (53%)

best acc test 48.786122 best acc val 52.777778
saving model...
S real T sketch Train Ep: 1100 lr0.00924714709232377 	 Loss Classification: 0.483543 Loss T 0.195110 Method MME

S real T sketch Train Ep: 1200 lr0.009185154863590003 	 Loss Classification: 0.350224 Loss T 0.209243 Method MME

S real T sketch Train Ep: 1300 lr0.00912412375903735 	 Loss Classification: 0.130748 Loss T 0.196962 Method MME

S real T sketch Train Ep: 1400 lr0.009064030568061049 	 Loss Classification: 0.237408 Loss T 0.188159 Method MME

S real T sketch Train Ep: 1500 lr0.009004852837753237 	 Loss Classification: 0.473997 Loss T 0.213705 Method MME


Test set: Average loss: 2.3529, Accuracy: 11011/23808 F1 (46%)


Test set: Average loss: 2.1061, Accuracy: 196/360 F1 (54%)

best acc test 46.249160 best acc val 54.444444
saving model...
S real T sketch Train Ep: 1600 lr0.008946568841842816 	 Loss Classification: 0.627745 Loss T 0.203882 Method MME

S real T sketch Train Ep: 1700 lr0.008889157551163433 	 Loss Classification: 0.201624 Loss T 0.210126 Method MME

S real T sketch Train Ep: 1800 lr0.008832598605562044 	 Loss Classification: 0.288507 Loss T 0.192690 Method MME

S real T sketch Train Ep: 1900 lr0.008776872287166303 	 Loss Classification: 0.248235 Loss T 0.177779 Method MME

S real T sketch Train Ep: 2000 lr0.008721959494934213 	 Loss Classification: 0.350910 Loss T 0.178528 Method MME


Test set: Average loss: 2.1779, Accuracy: 12574/23808 F1 (53%)


Test set: Average loss: 1.9407, Accuracy: 206/360 F1 (57%)

best acc test 52.814180 best acc val 57.222222
saving model...
S real T sketch Train Ep: 2100 lr0.008667841720414475 	 Loss Classification: 0.679478 Loss T 0.191309 Method MME

S real T sketch Train Ep: 2200 lr0.008614501024650454 	 Loss Classification: 0.420637 Loss T 0.161659 Method MME

S real T sketch Train Ep: 2300 lr0.008561920016164943 	 Loss Classification: 0.192642 Loss T 0.134728 Method MME

S real T sketch Train Ep: 2400 lr0.008510081829966844 	 Loss Classification: 0.283991 Loss T 0.154288 Method MME

S real T sketch Train Ep: 2500 lr0.008458970107524513 	 Loss Classification: 0.562587 Loss T 0.128935 Method MME


Test set: Average loss: 1.9463, Accuracy: 13886/23808 F1 (58%)


Test set: Average loss: 1.8751, Accuracy: 213/360 F1 (59%)

best acc test 58.324933 best acc val 59.166667
saving model...
S real T sketch Train Ep: 2600 lr0.008408568977653933 	 Loss Classification: 0.384707 Loss T 0.135661 Method MME

S real T sketch Train Ep: 2700 lr0.00835886303827305 	 Loss Classification: 0.625507 Loss T 0.126998 Method MME

S real T sketch Train Ep: 2800 lr0.008309837338976545 	 Loss Classification: 0.459318 Loss T 0.161979 Method MME

S real T sketch Train Ep: 2900 lr0.008261477364388068 	 Loss Classification: 0.287881 Loss T 0.166182 Method MME

S real T sketch Train Ep: 3000 lr0.008213769018249545 	 Loss Classification: 0.275525 Loss T 0.112521 Method MME


Test set: Average loss: 1.8611, Accuracy: 14573/23808 F1 (61%)


Test set: Average loss: 1.6694, Accuracy: 233/360 F1 (65%)

best acc test 61.210517 best acc val 64.722222
saving model...
S real T sketch Train Ep: 3100 lr0.008166698608209509 	 Loss Classification: 0.346535 Loss T 0.090673 Method MME

S real T sketch Train Ep: 3200 lr0.008120252831274708 	 Loss Classification: 0.317565 Loss T 0.114761 Method MME

S real T sketch Train Ep: 3300 lr0.008074418759891278 	 Loss Classification: 0.313161 Loss T 0.125030 Method MME

S real T sketch Train Ep: 3400 lr0.008029183828623731 	 Loss Classification: 0.113650 Loss T 0.143697 Method MME

S real T sketch Train Ep: 3500 lr0.007984535821401871 	 Loss Classification: 0.309940 Loss T 0.106716 Method MME


Test set: Average loss: 1.8642, Accuracy: 14734/23808 F1 (62%)


Test set: Average loss: 1.7254, Accuracy: 228/360 F1 (63%)

best acc test 61.210517 best acc val 63.333333
saving model...
S real T sketch Train Ep: 3600 lr0.007940462859307384 	 Loss Classification: 0.182496 Loss T 0.100552 Method MME

S real T sketch Train Ep: 3700 lr0.007896953388873518 	 Loss Classification: 0.463895 Loss T 0.093788 Method MME

S real T sketch Train Ep: 3800 lr0.007853996170872714 	 Loss Classification: 0.467588 Loss T 0.086847 Method MME

S real T sketch Train Ep: 3900 lr0.00781158026956848 	 Loss Classification: 0.374331 Loss T 0.085974 Method MME

S real T sketch Train Ep: 4000 lr0.007769695042409123 	 Loss Classification: 0.210032 Loss T 0.097184 Method MME


Test set: Average loss: 1.8511, Accuracy: 15167/23808 F1 (64%)


Test set: Average loss: 1.5375, Accuracy: 243/360 F1 (68%)

best acc test 63.705477 best acc val 67.500000
saving model...
S real T sketch Train Ep: 4100 lr0.007728330130142108 	 Loss Classification: 0.478976 Loss T 0.071602 Method MME

S real T sketch Train Ep: 4200 lr0.007687475447329114 	 Loss Classification: 0.151059 Loss T 0.153836 Method MME

S real T sketch Train Ep: 4300 lr0.0076471211732427845 	 Loss Classification: 0.304067 Loss T 0.076846 Method MME

S real T sketch Train Ep: 4400 lr0.007607257743127307 	 Loss Classification: 0.241665 Loss T 0.104110 Method MME

S real T sketch Train Ep: 4500 lr0.007567875839805858 	 Loss Classification: 0.188017 Loss T 0.085708 Method MME


Test set: Average loss: 1.8098, Accuracy: 15310/23808 F1 (64%)


Test set: Average loss: 1.5875, Accuracy: 232/360 F1 (64%)

best acc test 63.705477 best acc val 64.444444
saving model...
S real T sketch Train Ep: 4600 lr0.007528966385618854 	 Loss Classification: 0.381710 Loss T 0.085656 Method MME

S real T sketch Train Ep: 4700 lr0.007490520534677821 	 Loss Classification: 0.445762 Loss T 0.107987 Method MME

S real T sketch Train Ep: 4800 lr0.007452529665420465 	 Loss Classification: 0.144228 Loss T 0.087394 Method MME

S real T sketch Train Ep: 4900 lr0.007414985373453289 	 Loss Classification: 0.510789 Loss T 0.095168 Method MME

S real T sketch Train Ep: 5000 lr0.007377879464668811 	 Loss Classification: 0.212605 Loss T 0.081576 Method MME


Test set: Average loss: 1.7530, Accuracy: 15496/23808 F1 (65%)


Test set: Average loss: 1.4960, Accuracy: 245/360 F1 (68%)

best acc test 65.087366 best acc val 68.055556
saving model...
S real T sketch Train Ep: 5100 lr0.007341203948625087 	 Loss Classification: 0.148517 Loss T 0.077457 Method MME

S real T sketch Train Ep: 5200 lr0.007304951032175895 	 Loss Classification: 0.277316 Loss T 0.091913 Method MME

S real T sketch Train Ep: 5300 lr0.007269113113340497 	 Loss Classification: 0.583676 Loss T 0.062525 Method MME

S real T sketch Train Ep: 5400 lr0.007233682775402483 	 Loss Classification: 0.240942 Loss T 0.100266 Method MME

S real T sketch Train Ep: 5500 lr0.007198652781227704 	 Loss Classification: 0.564800 Loss T 0.107022 Method MME


Test set: Average loss: 1.7927, Accuracy: 15600/23808 F1 (66%)


Test set: Average loss: 1.6733, Accuracy: 235/360 F1 (65%)

best acc test 65.087366 best acc val 65.277778
saving model...
S real T sketch Train Ep: 5600 lr0.007164016067791809 	 Loss Classification: 0.141457 Loss T 0.121815 Method MME

S real T sketch Train Ep: 5700 lr0.0071297657409083726 	 Loss Classification: 0.109177 Loss T 0.100694 Method MME

S real T sketch Train Ep: 5800 lr0.0070958950701490225 	 Loss Classification: 0.245812 Loss T 0.098711 Method MME

S real T sketch Train Ep: 5900 lr0.007062397483947426 	 Loss Classification: 0.153052 Loss T 0.081905 Method MME

S real T sketch Train Ep: 6000 lr0.007029266564879363 	 Loss Classification: 0.332666 Loss T 0.053513 Method MME


Test set: Average loss: 1.8672, Accuracy: 15573/23808 F1 (65%)


Test set: Average loss: 1.6800, Accuracy: 233/360 F1 (65%)

best acc test 65.087366 best acc val 64.722222
saving model...
S real T sketch Train Ep: 6100 lr0.006996496045111504 	 Loss Classification: 0.335326 Loss T 0.063891 Method MME

S real T sketch Train Ep: 6200 lr0.00696407980201184 	 Loss Classification: 0.190334 Loss T 0.087759 Method MME

S real T sketch Train Ep: 6300 lr0.006932011853915101 	 Loss Classification: 0.158809 Loss T 0.068814 Method MME

S real T sketch Train Ep: 6400 lr0.006900286356036734 	 Loss Classification: 0.210320 Loss T 0.099200 Method MME

S real T sketch Train Ep: 6500 lr0.006868897596529406 	 Loss Classification: 0.264177 Loss T 0.088542 Method MME


Test set: Average loss: 1.7861, Accuracy: 15765/23808 F1 (66%)


Test set: Average loss: 1.6359, Accuracy: 231/360 F1 (64%)

best acc test 65.087366 best acc val 64.166667
saving model...
S real T sketch Train Ep: 6600 lr0.006837839992676177 	 Loss Classification: 0.234366 Loss T 0.069610 Method MME

S real T sketch Train Ep: 6700 lr0.006807108087214876 	 Loss Classification: 0.150880 Loss T 0.065840 Method MME

S real T sketch Train Ep: 6800 lr0.006776696544788352 	 Loss Classification: 0.147193 Loss T 0.080017 Method MME

S real T sketch Train Ep: 6900 lr0.006746600148515609 	 Loss Classification: 0.123759 Loss T 0.101089 Method MME

S real T sketch Train Ep: 7000 lr0.006716813796678979 	 Loss Classification: 0.119502 Loss T 0.077868 Method MME


Test set: Average loss: 1.8165, Accuracy: 15830/23808 F1 (66%)


Test set: Average loss: 1.6501, Accuracy: 236/360 F1 (66%)

best acc test 65.087366 best acc val 65.555556
saving model...
S real T sketch Train Ep: 7100 lr0.006687332499522798 	 Loss Classification: 0.225885 Loss T 0.075756 Method MME

S real T sketch Train Ep: 7200 lr0.006658151376159165 	 Loss Classification: 0.360801 Loss T 0.070635 Method MME

S real T sketch Train Ep: 7300 lr0.00662926565157663 	 Loss Classification: 0.391597 Loss T 0.084502 Method MME

S real T sketch Train Ep: 7400 lr0.006600670653747793 	 Loss Classification: 0.216234 Loss T 0.073950 Method MME

S real T sketch Train Ep: 7500 lr0.0065723618108320175 	 Loss Classification: 0.083215 Loss T 0.076781 Method MME


Test set: Average loss: 1.8370, Accuracy: 15864/23808 F1 (67%)


Test set: Average loss: 1.7320, Accuracy: 232/360 F1 (64%)

best acc test 65.087366 best acc val 64.444444
saving model...
S real T sketch Train Ep: 7600 lr0.006544334648469591 	 Loss Classification: 0.338698 Loss T 0.096654 Method MME

S real T sketch Train Ep: 7700 lr0.006516584787163857 	 Loss Classification: 0.179797 Loss T 0.080807 Method MME

S real T sketch Train Ep: 7800 lr0.006489107939747966 	 Loss Classification: 0.233113 Loss T 0.066157 Method MME

S real T sketch Train Ep: 7900 lr0.0064618999089330565 	 Loss Classification: 0.027208 Loss T 0.082259 Method MME

S real T sketch Train Ep: 8000 lr0.006434956584934828 	 Loss Classification: 0.201771 Loss T 0.050245 Method MME


Test set: Average loss: 1.8437, Accuracy: 15982/23808 F1 (67%)


Test set: Average loss: 1.6663, Accuracy: 241/360 F1 (67%)

